2022-02-18 00:21:15,155 - INFO - Start running, host: root@032c02c28a04, work_dir: /code/CenterPoint/work_dirs/waymo_centernet_dla34
2022-02-18 00:21:15,155 - INFO - workflow: [('train', 1)], max: 12 epochs
2022-02-18 00:21:35,569 - INFO - Epoch [1/12][5/216]	lr: 0.00030, eta: 2:56:01, time: 4.082, data_time: 3.164, transfer_time: 0.038, forward_time: 0.392, loss_parse_time: 0.000 memory: 7763, 
2022-02-18 00:21:35,570 - INFO - task : ['VEHICLE', 'PEDESTRIAN', 'CYCLIST'], loss: nan, hm_loss: 11.6685, dep_loss: nan, num_positive: 42.4000

2022-02-18 00:21:39,516 - INFO - Epoch [1/12][10/216]	lr: 0.00030, eta: 1:44:46, time: 0.787, data_time: 0.027, transfer_time: 0.021, forward_time: 0.272, loss_parse_time: 0.000 memory: 7763, 
2022-02-18 00:21:39,517 - INFO - task : ['VEHICLE', 'PEDESTRIAN', 'CYCLIST'], loss: 4.4908, hm_loss: 4.2202, dep_loss: 0.2706, num_positive: 51.2000

2022-02-18 00:21:43,427 - INFO - Epoch [1/12][15/216]	lr: 0.00030, eta: 1:20:54, time: 0.782, data_time: 0.033, transfer_time: 0.025, forward_time: 0.249, loss_parse_time: 0.000 memory: 7765, 
2022-02-18 00:21:43,427 - INFO - task : ['VEHICLE', 'PEDESTRIAN', 'CYCLIST'], loss: nan, hm_loss: 3.6257, dep_loss: nan, num_positive: 37.4000

2022-02-18 00:21:47,509 - INFO - Epoch [1/12][20/216]	lr: 0.00030, eta: 1:09:17, time: 0.814, data_time: 0.031, transfer_time: 0.025, forward_time: 0.273, loss_parse_time: 0.000 memory: 7765, 
2022-02-18 00:21:47,509 - INFO - task : ['VEHICLE', 'PEDESTRIAN', 'CYCLIST'], loss: 3.5489, hm_loss: 3.3563, dep_loss: 0.1925, num_positive: 55.2000

2022-02-18 00:21:51,503 - INFO - Epoch [1/12][25/216]	lr: 0.00030, eta: 1:02:11, time: 0.804, data_time: 0.035, transfer_time: 0.023, forward_time: 0.265, loss_parse_time: 0.000 memory: 7765, 
2022-02-18 00:21:51,503 - INFO - task : ['VEHICLE', 'PEDESTRIAN', 'CYCLIST'], loss: 3.8828, hm_loss: 3.6838, dep_loss: 0.1991, num_positive: 27.2000

2022-02-18 00:21:55,482 - INFO - Epoch [1/12][30/216]	lr: 0.00031, eta: 0:57:22, time: 0.793, data_time: 0.030, transfer_time: 0.024, forward_time: 0.255, loss_parse_time: 0.000 memory: 7765, 
2022-02-18 00:21:55,482 - INFO - task : ['VEHICLE', 'PEDESTRIAN', 'CYCLIST'], loss: 3.6663, hm_loss: 3.4584, dep_loss: 0.2079, num_positive: 42.0000

2022-02-18 00:21:59,588 - INFO - Epoch [1/12][35/216]	lr: 0.00031, eta: 0:54:05, time: 0.823, data_time: 0.031, transfer_time: 0.022, forward_time: 0.274, loss_parse_time: 0.000 memory: 7765, 
2022-02-18 00:21:59,588 - INFO - task : ['VEHICLE', 'PEDESTRIAN', 'CYCLIST'], loss: 3.4577, hm_loss: 3.2726, dep_loss: 0.1851, num_positive: 40.6000

2022-02-18 00:22:03,687 - INFO - Epoch [1/12][40/216]	lr: 0.00031, eta: 0:51:35, time: 0.819, data_time: 0.024, transfer_time: 0.020, forward_time: 0.284, loss_parse_time: 0.000 memory: 7766, 
2022-02-18 00:22:03,687 - INFO - task : ['VEHICLE', 'PEDESTRIAN', 'CYCLIST'], loss: nan, hm_loss: 3.3557, dep_loss: nan, num_positive: 41.8000

2022-02-18 00:22:07,785 - INFO - Epoch [1/12][45/216]	lr: 0.00031, eta: 0:49:37, time: 0.815, data_time: 0.031, transfer_time: 0.020, forward_time: 0.277, loss_parse_time: 0.000 memory: 7766, 
2022-02-18 00:22:07,785 - INFO - task : ['VEHICLE', 'PEDESTRIAN', 'CYCLIST'], loss: 3.4835, hm_loss: 3.2656, dep_loss: 0.2179, num_positive: 58.6000

2022-02-18 00:22:11,847 - INFO - Epoch [1/12][50/216]	lr: 0.00031, eta: 0:48:00, time: 0.812, data_time: 0.035, transfer_time: 0.022, forward_time: 0.272, loss_parse_time: 0.000 memory: 7766, 
2022-02-18 00:22:11,847 - INFO - task : ['VEHICLE', 'PEDESTRIAN', 'CYCLIST'], loss: 3.0260, hm_loss: 2.8243, dep_loss: 0.2017, num_positive: 47.0000

2022-02-18 00:22:15,967 - INFO - Epoch [1/12][55/216]	lr: 0.00032, eta: 0:46:44, time: 0.826, data_time: 0.035, transfer_time: 0.021, forward_time: 0.271, loss_parse_time: 0.000 memory: 7766, 
2022-02-18 00:22:15,967 - INFO - task : ['VEHICLE', 'PEDESTRIAN', 'CYCLIST'], loss: 3.4520, hm_loss: 3.2710, dep_loss: 0.1810, num_positive: 49.8000

2022-02-18 00:22:20,111 - INFO - Epoch [1/12][60/216]	lr: 0.00032, eta: 0:45:40, time: 0.833, data_time: 0.028, transfer_time: 0.020, forward_time: 0.289, loss_parse_time: 0.000 memory: 7766, 
2022-02-18 00:22:20,112 - INFO - task : ['VEHICLE', 'PEDESTRIAN', 'CYCLIST'], loss: 3.3905, hm_loss: 3.1999, dep_loss: 0.1906, num_positive: 46.4000

2022-02-18 00:22:24,182 - INFO - Epoch [1/12][65/216]	lr: 0.00033, eta: 0:44:42, time: 0.812, data_time: 0.033, transfer_time: 0.021, forward_time: 0.268, loss_parse_time: 0.000 memory: 7766, 
2022-02-18 00:22:24,182 - INFO - task : ['VEHICLE', 'PEDESTRIAN', 'CYCLIST'], loss: 3.7022, hm_loss: 3.5182, dep_loss: 0.1840, num_positive: 43.4000

2022-02-18 00:22:28,206 - INFO - Epoch [1/12][70/216]	lr: 0.00033, eta: 0:43:51, time: 0.805, data_time: 0.030, transfer_time: 0.022, forward_time: 0.274, loss_parse_time: 0.000 memory: 7766, 
2022-02-18 00:22:28,206 - INFO - task : ['VEHICLE', 'PEDESTRIAN', 'CYCLIST'], loss: 3.0998, hm_loss: 2.8992, dep_loss: 0.2006, num_positive: 45.8000

2022-02-18 00:22:32,325 - INFO - Epoch [1/12][75/216]	lr: 0.00033, eta: 0:43:09, time: 0.824, data_time: 0.030, transfer_time: 0.026, forward_time: 0.274, loss_parse_time: 0.000 memory: 7766, 
2022-02-18 00:22:32,326 - INFO - task : ['VEHICLE', 'PEDESTRIAN', 'CYCLIST'], loss: nan, hm_loss: 3.2670, dep_loss: nan, num_positive: 41.4000

2022-02-18 00:22:36,437 - INFO - Epoch [1/12][80/216]	lr: 0.00034, eta: 0:42:32, time: 0.825, data_time: 0.026, transfer_time: 0.023, forward_time: 0.291, loss_parse_time: 0.000 memory: 7766, 
2022-02-18 00:22:36,437 - INFO - task : ['VEHICLE', 'PEDESTRIAN', 'CYCLIST'], loss: 3.3415, hm_loss: 3.1426, dep_loss: 0.1989, num_positive: 30.4000

2022-02-18 00:22:40,568 - INFO - Epoch [1/12][85/216]	lr: 0.00034, eta: 0:41:58, time: 0.824, data_time: 0.029, transfer_time: 0.026, forward_time: 0.270, loss_parse_time: 0.000 memory: 7766, 
2022-02-18 00:22:40,568 - INFO - task : ['VEHICLE', 'PEDESTRIAN', 'CYCLIST'], loss: 3.5618, hm_loss: 3.3682, dep_loss: 0.1936, num_positive: 31.2000

2022-02-18 00:22:44,639 - INFO - Epoch [1/12][90/216]	lr: 0.00035, eta: 0:41:27, time: 0.816, data_time: 0.030, transfer_time: 0.019, forward_time: 0.281, loss_parse_time: 0.000 memory: 7766, 
2022-02-18 00:22:44,640 - INFO - task : ['VEHICLE', 'PEDESTRIAN', 'CYCLIST'], loss: 3.3772, hm_loss: 3.1844, dep_loss: 0.1928, num_positive: 48.6000

2022-02-18 00:22:48,733 - INFO - Epoch [1/12][95/216]	lr: 0.00035, eta: 0:40:58, time: 0.813, data_time: 0.029, transfer_time: 0.021, forward_time: 0.271, loss_parse_time: 0.000 memory: 7766, 
2022-02-18 00:22:48,733 - INFO - task : ['VEHICLE', 'PEDESTRIAN', 'CYCLIST'], loss: 2.8126, hm_loss: 2.6319, dep_loss: 0.1807, num_positive: 45.6000

2022-02-18 00:22:52,834 - INFO - Epoch [1/12][100/216]	lr: 0.00036, eta: 0:40:33, time: 0.821, data_time: 0.034, transfer_time: 0.020, forward_time: 0.277, loss_parse_time: 0.000 memory: 7766, 
2022-02-18 00:22:52,835 - INFO - task : ['VEHICLE', 'PEDESTRIAN', 'CYCLIST'], loss: 3.3937, hm_loss: 3.1995, dep_loss: 0.1942, num_positive: 31.6000

2022-02-18 00:22:56,975 - INFO - Epoch [1/12][105/216]	lr: 0.00037, eta: 0:40:10, time: 0.827, data_time: 0.037, transfer_time: 0.022, forward_time: 0.281, loss_parse_time: 0.000 memory: 7766, 
2022-02-18 00:22:56,975 - INFO - task : ['VEHICLE', 'PEDESTRIAN', 'CYCLIST'], loss: 3.0148, hm_loss: 2.8440, dep_loss: 0.1708, num_positive: 54.0000

2022-02-18 00:23:01,030 - INFO - Epoch [1/12][110/216]	lr: 0.00037, eta: 0:39:48, time: 0.813, data_time: 0.034, transfer_time: 0.022, forward_time: 0.268, loss_parse_time: 0.000 memory: 7766, 
2022-02-18 00:23:01,030 - INFO - task : ['VEHICLE', 'PEDESTRIAN', 'CYCLIST'], loss: 3.0448, hm_loss: 2.8587, dep_loss: 0.1861, num_positive: 29.8000

2022-02-18 00:23:05,127 - INFO - Epoch [1/12][115/216]	lr: 0.00038, eta: 0:39:28, time: 0.824, data_time: 0.035, transfer_time: 0.020, forward_time: 0.263, loss_parse_time: 0.000 memory: 7766, 
2022-02-18 00:23:05,128 - INFO - task : ['VEHICLE', 'PEDESTRIAN', 'CYCLIST'], loss: 2.9730, hm_loss: 2.7913, dep_loss: 0.1817, num_positive: 42.2000

2022-02-18 00:23:09,227 - INFO - Epoch [1/12][120/216]	lr: 0.00039, eta: 0:39:09, time: 0.814, data_time: 0.029, transfer_time: 0.021, forward_time: 0.277, loss_parse_time: 0.000 memory: 7766, 
2022-02-18 00:23:09,227 - INFO - task : ['VEHICLE', 'PEDESTRIAN', 'CYCLIST'], loss: nan, hm_loss: 2.9893, dep_loss: nan, num_positive: 48.4000

2022-02-18 00:23:13,322 - INFO - Epoch [1/12][125/216]	lr: 0.00039, eta: 0:38:51, time: 0.823, data_time: 0.033, transfer_time: 0.022, forward_time: 0.277, loss_parse_time: 0.000 memory: 7766, 
2022-02-18 00:23:13,322 - INFO - task : ['VEHICLE', 'PEDESTRIAN', 'CYCLIST'], loss: 3.5966, hm_loss: 3.3967, dep_loss: 0.1999, num_positive: 32.8000

