2022-02-18 04:21:28,623 - INFO - Start running, host: root@032c02c28a04, work_dir: /code/CenterPoint/work_dirs/waymo_centernet_dla34
2022-02-18 04:21:28,623 - INFO - workflow: [('train', 1)], max: 12 epochs
2022-02-18 04:22:23,349 - INFO - Epoch [1/12][5/432]	lr: 0.00030, eta: 15:43:30, time: 10.931, data_time: 9.400, transfer_time: 0.070, forward_time: 1.038, loss_parse_time: 0.000 memory: 4059, 
2022-02-18 04:22:23,375 - INFO - task : ['VEHICLE', 'PEDESTRIAN', 'CYCLIST'], loss: 11.7586, hm_loss: 11.4127, dep_loss: 0.3459, num_positive: 26.4000

2022-02-18 04:22:26,677 - INFO - Epoch [1/12][10/432]	lr: 0.00030, eta: 8:20:33, time: 0.679, data_time: 0.040, transfer_time: 0.012, forward_time: 0.192, loss_parse_time: 0.000 memory: 4059, 
2022-02-18 04:22:26,679 - INFO - task : ['VEHICLE', 'PEDESTRIAN', 'CYCLIST'], loss: 4.4332, hm_loss: 4.1340, dep_loss: 0.2992, num_positive: 24.0000

2022-02-18 04:22:30,794 - INFO - Epoch [1/12][15/432]	lr: 0.00030, eta: 5:56:06, time: 0.792, data_time: 0.049, transfer_time: 0.017, forward_time: 0.273, loss_parse_time: 0.000 memory: 4059, 
2022-02-18 04:22:30,797 - INFO - task : ['VEHICLE', 'PEDESTRIAN', 'CYCLIST'], loss: 3.9435, hm_loss: 3.7086, dep_loss: 0.2348, num_positive: 37.8000

2022-02-18 04:22:34,899 - INFO - Epoch [1/12][20/432]	lr: 0.00030, eta: 4:45:02, time: 0.847, data_time: 0.064, transfer_time: 0.012, forward_time: 0.344, loss_parse_time: 0.000 memory: 4059, 
2022-02-18 04:22:34,901 - INFO - task : ['VEHICLE', 'PEDESTRIAN', 'CYCLIST'], loss: 4.4755, hm_loss: 4.2031, dep_loss: 0.2724, num_positive: 18.4000

2022-02-18 04:22:42,804 - INFO - Epoch [1/12][25/432]	lr: 0.00030, eta: 4:14:58, time: 1.579, data_time: 0.883, transfer_time: 0.027, forward_time: 0.217, loss_parse_time: 0.000 memory: 4059, 
2022-02-18 04:22:42,806 - INFO - task : ['VEHICLE', 'PEDESTRIAN', 'CYCLIST'], loss: 4.0053, hm_loss: 3.7558, dep_loss: 0.2494, num_positive: 20.2000

2022-02-18 04:22:50,704 - INFO - Epoch [1/12][30/432]	lr: 0.00030, eta: 3:54:50, time: 1.577, data_time: 0.827, transfer_time: 0.043, forward_time: 0.222, loss_parse_time: 0.000 memory: 4059, 
2022-02-18 04:22:50,706 - INFO - task : ['VEHICLE', 'PEDESTRIAN', 'CYCLIST'], loss: 3.9674, hm_loss: 3.7117, dep_loss: 0.2557, num_positive: 16.8000

2022-02-18 04:22:56,993 - INFO - Epoch [1/12][35/432]	lr: 0.00030, eta: 3:36:39, time: 1.270, data_time: 0.543, transfer_time: 0.013, forward_time: 0.235, loss_parse_time: 0.003 memory: 4059, 
2022-02-18 04:22:56,996 - INFO - task : ['VEHICLE', 'PEDESTRIAN', 'CYCLIST'], loss: 4.0231, hm_loss: 3.7891, dep_loss: 0.2341, num_positive: 12.0000

2022-02-18 04:23:02,025 - INFO - Epoch [1/12][40/432]	lr: 0.00030, eta: 3:20:07, time: 1.001, data_time: 0.188, transfer_time: 0.020, forward_time: 0.290, loss_parse_time: 0.000 memory: 4059, 
2022-02-18 04:23:02,029 - INFO - task : ['VEHICLE', 'PEDESTRIAN', 'CYCLIST'], loss: 4.0381, hm_loss: 3.8006, dep_loss: 0.2375, num_positive: 12.2000

2022-02-18 04:23:07,708 - INFO - Epoch [1/12][45/432]	lr: 0.00030, eta: 3:08:35, time: 1.142, data_time: 0.469, transfer_time: 0.017, forward_time: 0.229, loss_parse_time: 0.000 memory: 4059, 
2022-02-18 04:23:07,722 - INFO - task : ['VEHICLE', 'PEDESTRIAN', 'CYCLIST'], loss: 3.9398, hm_loss: 3.7021, dep_loss: 0.2376, num_positive: 15.8000

2022-02-18 04:23:14,742 - INFO - Epoch [1/12][50/432]	lr: 0.00030, eta: 3:01:33, time: 1.402, data_time: 0.624, transfer_time: 0.030, forward_time: 0.251, loss_parse_time: 0.000 memory: 4059, 
2022-02-18 04:23:14,749 - INFO - task : ['VEHICLE', 'PEDESTRIAN', 'CYCLIST'], loss: 4.1479, hm_loss: 3.9178, dep_loss: 0.2301, num_positive: 17.2000

2022-02-18 04:23:18,705 - INFO - Epoch [1/12][55/432]	lr: 0.00030, eta: 2:51:05, time: 0.798, data_time: 0.081, transfer_time: 0.020, forward_time: 0.277, loss_parse_time: 0.000 memory: 4059, 
2022-02-18 04:23:18,707 - INFO - task : ['VEHICLE', 'PEDESTRIAN', 'CYCLIST'], loss: 3.5423, hm_loss: 3.3036, dep_loss: 0.2387, num_positive: 39.0000

2022-02-18 04:23:22,089 - INFO - Epoch [1/12][60/432]	lr: 0.00031, eta: 2:41:27, time: 0.673, data_time: 0.036, transfer_time: 0.012, forward_time: 0.227, loss_parse_time: 0.000 memory: 4059, 
2022-02-18 04:23:22,091 - INFO - task : ['VEHICLE', 'PEDESTRIAN', 'CYCLIST'], loss: 3.4993, hm_loss: 3.3236, dep_loss: 0.1757, num_positive: 15.4000

2022-02-18 04:23:25,225 - INFO - Epoch [1/12][65/432]	lr: 0.00031, eta: 2:33:02, time: 0.631, data_time: 0.037, transfer_time: 0.012, forward_time: 0.176, loss_parse_time: 0.000 memory: 4059, 
2022-02-18 04:23:25,227 - INFO - task : ['VEHICLE', 'PEDESTRIAN', 'CYCLIST'], loss: 3.4289, hm_loss: 3.1920, dep_loss: 0.2368, num_positive: 26.2000

2022-02-18 04:23:28,478 - INFO - Epoch [1/12][70/432]	lr: 0.00031, eta: 2:25:55, time: 0.649, data_time: 0.029, transfer_time: 0.012, forward_time: 0.210, loss_parse_time: 0.000 memory: 4059, 
2022-02-18 04:23:28,479 - INFO - task : ['VEHICLE', 'PEDESTRIAN', 'CYCLIST'], loss: 3.7225, hm_loss: 3.5134, dep_loss: 0.2091, num_positive: 34.6000

2022-02-18 04:23:31,892 - INFO - Epoch [1/12][75/432]	lr: 0.00031, eta: 2:19:56, time: 0.685, data_time: 0.034, transfer_time: 0.012, forward_time: 0.202, loss_parse_time: 0.000 memory: 4059, 
2022-02-18 04:23:31,894 - INFO - task : ['VEHICLE', 'PEDESTRIAN', 'CYCLIST'], loss: 3.7485, hm_loss: 3.5758, dep_loss: 0.1727, num_positive: 22.2000

2022-02-18 04:23:35,415 - INFO - Epoch [1/12][80/432]	lr: 0.00031, eta: 2:14:49, time: 0.705, data_time: 0.032, transfer_time: 0.013, forward_time: 0.195, loss_parse_time: 0.000 memory: 4059, 
2022-02-18 04:23:35,418 - INFO - task : ['VEHICLE', 'PEDESTRIAN', 'CYCLIST'], loss: 3.9451, hm_loss: 3.7888, dep_loss: 0.1562, num_positive: 23.2000

2022-02-18 04:23:38,645 - INFO - Epoch [1/12][85/432]	lr: 0.00031, eta: 2:09:59, time: 0.646, data_time: 0.030, transfer_time: 0.013, forward_time: 0.171, loss_parse_time: 0.000 memory: 4059, 
2022-02-18 04:23:38,649 - INFO - task : ['VEHICLE', 'PEDESTRIAN', 'CYCLIST'], loss: 3.5105, hm_loss: 3.2967, dep_loss: 0.2138, num_positive: 21.4000

2022-02-18 04:23:42,168 - INFO - Epoch [1/12][90/432]	lr: 0.00031, eta: 2:05:55, time: 0.696, data_time: 0.036, transfer_time: 0.014, forward_time: 0.199, loss_parse_time: 0.000 memory: 4059, 
2022-02-18 04:23:42,171 - INFO - task : ['VEHICLE', 'PEDESTRIAN', 'CYCLIST'], loss: 3.8383, hm_loss: 3.6109, dep_loss: 0.2275, num_positive: 24.2000

2022-02-18 04:23:45,481 - INFO - Epoch [1/12][95/432]	lr: 0.00031, eta: 2:02:09, time: 0.666, data_time: 0.040, transfer_time: 0.013, forward_time: 0.200, loss_parse_time: 0.000 memory: 4059, 
2022-02-18 04:23:45,483 - INFO - task : ['VEHICLE', 'PEDESTRIAN', 'CYCLIST'], loss: 3.8757, hm_loss: 3.6506, dep_loss: 0.2251, num_positive: 26.2000

2022-02-18 04:23:48,886 - INFO - Epoch [1/12][100/432]	lr: 0.00032, eta: 1:58:48, time: 0.678, data_time: 0.037, transfer_time: 0.012, forward_time: 0.214, loss_parse_time: 0.000 memory: 4059, 
2022-02-18 04:23:48,887 - INFO - task : ['VEHICLE', 'PEDESTRIAN', 'CYCLIST'], loss: 3.4260, hm_loss: 3.2025, dep_loss: 0.2235, num_positive: 36.8000

2022-02-18 04:23:51,928 - INFO - Epoch [1/12][105/432]	lr: 0.00032, eta: 1:55:31, time: 0.616, data_time: 0.036, transfer_time: 0.010, forward_time: 0.169, loss_parse_time: 0.000 memory: 4059, 
2022-02-18 04:23:51,931 - INFO - task : ['VEHICLE', 'PEDESTRIAN', 'CYCLIST'], loss: 3.7938, hm_loss: 3.5647, dep_loss: 0.2292, num_positive: 15.6000

2022-02-18 04:23:55,195 - INFO - Epoch [1/12][110/432]	lr: 0.00032, eta: 1:52:40, time: 0.654, data_time: 0.032, transfer_time: 0.012, forward_time: 0.191, loss_parse_time: 0.000 memory: 4059, 
2022-02-18 04:23:55,197 - INFO - task : ['VEHICLE', 'PEDESTRIAN', 'CYCLIST'], loss: 4.3250, hm_loss: 4.1197, dep_loss: 0.2053, num_positive: 35.2000

2022-02-18 04:23:58,315 - INFO - Epoch [1/12][115/432]	lr: 0.00032, eta: 1:49:57, time: 0.623, data_time: 0.026, transfer_time: 0.011, forward_time: 0.207, loss_parse_time: 0.000 memory: 4059, 
2022-02-18 04:23:58,317 - INFO - task : ['VEHICLE', 'PEDESTRIAN', 'CYCLIST'], loss: 3.4530, hm_loss: 3.2437, dep_loss: 0.2093, num_positive: 18.6000

2022-02-18 04:24:01,372 - INFO - Epoch [1/12][120/432]	lr: 0.00032, eta: 1:47:25, time: 0.610, data_time: 0.033, transfer_time: 0.013, forward_time: 0.176, loss_parse_time: 0.000 memory: 4059, 
2022-02-18 04:24:01,375 - INFO - task : ['VEHICLE', 'PEDESTRIAN', 'CYCLIST'], loss: 3.6088, hm_loss: 3.4126, dep_loss: 0.1963, num_positive: 22.2000

2022-02-18 04:24:04,475 - INFO - Epoch [1/12][125/432]	lr: 0.00032, eta: 1:45:06, time: 0.620, data_time: 0.032, transfer_time: 0.012, forward_time: 0.185, loss_parse_time: 0.001 memory: 4059, 
2022-02-18 04:24:04,478 - INFO - task : ['VEHICLE', 'PEDESTRIAN', 'CYCLIST'], loss: 3.8671, hm_loss: 3.6666, dep_loss: 0.2005, num_positive: 20.0000

2022-02-18 04:24:08,021 - INFO - Epoch [1/12][130/432]	lr: 0.00033, eta: 1:43:15, time: 0.706, data_time: 0.039, transfer_time: 0.015, forward_time: 0.205, loss_parse_time: 0.000 memory: 4059, 
2022-02-18 04:24:08,024 - INFO - task : ['VEHICLE', 'PEDESTRIAN', 'CYCLIST'], loss: 3.6946, hm_loss: 3.5084, dep_loss: 0.1862, num_positive: 16.4000

2022-02-18 04:24:11,986 - INFO - Epoch [1/12][135/432]	lr: 0.00033, eta: 1:41:46, time: 0.785, data_time: 0.055, transfer_time: 0.020, forward_time: 0.291, loss_parse_time: 0.000 memory: 4059, 
2022-02-18 04:24:11,989 - INFO - task : ['VEHICLE', 'PEDESTRIAN', 'CYCLIST'], loss: 3.2987, hm_loss: 3.0721, dep_loss: 0.2266, num_positive: 37.8000

2022-02-18 04:24:23,095 - INFO - Epoch [1/12][140/432]	lr: 0.00033, eta: 1:44:43, time: 2.225, data_time: 1.470, transfer_time: 0.030, forward_time: 0.251, loss_parse_time: 0.006 memory: 4059, 
2022-02-18 04:24:23,098 - INFO - task : ['VEHICLE', 'PEDESTRIAN', 'CYCLIST'], loss: 3.2306, hm_loss: 3.0236, dep_loss: 0.2070, num_positive: 28.2000

2022-02-18 04:24:28,251 - INFO - Epoch [1/12][145/432]	lr: 0.00033, eta: 1:44:01, time: 1.038, data_time: 0.063, transfer_time: 0.024, forward_time: 0.469, loss_parse_time: 0.003 memory: 4059, 
2022-02-18 04:24:28,270 - INFO - task : ['VEHICLE', 'PEDESTRIAN', 'CYCLIST'], loss: 3.1346, hm_loss: 2.9339, dep_loss: 0.2007, num_positive: 26.0000

2022-02-18 04:24:32,908 - INFO - Epoch [1/12][150/432]	lr: 0.00033, eta: 1:43:04, time: 0.934, data_time: 0.187, transfer_time: 0.013, forward_time: 0.292, loss_parse_time: 0.000 memory: 4059, 
2022-02-18 04:24:32,909 - INFO - task : ['VEHICLE', 'PEDESTRIAN', 'CYCLIST'], loss: 3.6208, hm_loss: 3.3795, dep_loss: 0.2414, num_positive: 29.2000

2022-02-18 04:24:35,830 - INFO - Epoch [1/12][155/432]	lr: 0.00034, eta: 1:41:13, time: 0.585, data_time: 0.022, transfer_time: 0.011, forward_time: 0.184, loss_parse_time: 0.000 memory: 4059, 
2022-02-18 04:24:35,830 - INFO - task : ['VEHICLE', 'PEDESTRIAN', 'CYCLIST'], loss: 3.3643, hm_loss: 3.1568, dep_loss: 0.2075, num_positive: 30.6000

2022-02-18 04:24:38,838 - INFO - Epoch [1/12][160/432]	lr: 0.00034, eta: 1:39:32, time: 0.600, data_time: 0.030, transfer_time: 0.013, forward_time: 0.176, loss_parse_time: 0.000 memory: 4059, 
2022-02-18 04:24:38,840 - INFO - task : ['VEHICLE', 'PEDESTRIAN', 'CYCLIST'], loss: 3.7181, hm_loss: 3.5055, dep_loss: 0.2126, num_positive: 39.8000

2022-02-18 04:24:41,831 - INFO - Epoch [1/12][165/432]	lr: 0.00034, eta: 1:37:56, time: 0.599, data_time: 0.030, transfer_time: 0.011, forward_time: 0.185, loss_parse_time: 0.000 memory: 4059, 
2022-02-18 04:24:41,831 - INFO - task : ['VEHICLE', 'PEDESTRIAN', 'CYCLIST'], loss: 2.9705, hm_loss: 2.7425, dep_loss: 0.2279, num_positive: 24.6000

2022-02-18 04:24:45,109 - INFO - Epoch [1/12][170/432]	lr: 0.00034, eta: 1:36:34, time: 0.656, data_time: 0.031, transfer_time: 0.012, forward_time: 0.178, loss_parse_time: 0.000 memory: 4059, 
2022-02-18 04:24:45,111 - INFO - task : ['VEHICLE', 'PEDESTRIAN', 'CYCLIST'], loss: 3.8806, hm_loss: 3.6749, dep_loss: 0.2057, num_positive: 27.8000

2022-02-18 04:24:48,203 - INFO - Epoch [1/12][175/432]	lr: 0.00035, eta: 1:35:12, time: 0.619, data_time: 0.028, transfer_time: 0.013, forward_time: 0.180, loss_parse_time: 0.000 memory: 4059, 
2022-02-18 04:24:48,205 - INFO - task : ['VEHICLE', 'PEDESTRIAN', 'CYCLIST'], loss: 3.6354, hm_loss: 3.3997, dep_loss: 0.2356, num_positive: 12.8000

2022-02-18 04:24:51,272 - INFO - Epoch [1/12][180/432]	lr: 0.00035, eta: 1:33:52, time: 0.611, data_time: 0.027, transfer_time: 0.010, forward_time: 0.183, loss_parse_time: 0.000 memory: 4059, 
2022-02-18 04:24:51,274 - INFO - task : ['VEHICLE', 'PEDESTRIAN', 'CYCLIST'], loss: 3.4377, hm_loss: 3.2341, dep_loss: 0.2036, num_positive: 28.4000

2022-02-18 04:24:54,297 - INFO - Epoch [1/12][185/432]	lr: 0.00035, eta: 1:32:37, time: 0.606, data_time: 0.030, transfer_time: 0.010, forward_time: 0.175, loss_parse_time: 0.000 memory: 4059, 
2022-02-18 04:24:54,299 - INFO - task : ['VEHICLE', 'PEDESTRIAN', 'CYCLIST'], loss: 3.1030, hm_loss: 2.9224, dep_loss: 0.1806, num_positive: 34.0000

2022-02-18 04:24:57,608 - INFO - Epoch [1/12][190/432]	lr: 0.00035, eta: 1:31:32, time: 0.664, data_time: 0.029, transfer_time: 0.011, forward_time: 0.227, loss_parse_time: 0.000 memory: 4059, 
2022-02-18 04:24:57,609 - INFO - task : ['VEHICLE', 'PEDESTRIAN', 'CYCLIST'], loss: 3.5096, hm_loss: 3.2891, dep_loss: 0.2205, num_positive: 31.0000

2022-02-18 04:25:00,746 - INFO - Epoch [1/12][195/432]	lr: 0.00036, eta: 1:30:26, time: 0.628, data_time: 0.027, transfer_time: 0.015, forward_time: 0.191, loss_parse_time: 0.000 memory: 4059, 
2022-02-18 04:25:00,748 - INFO - task : ['VEHICLE', 'PEDESTRIAN', 'CYCLIST'], loss: 3.6010, hm_loss: 3.3970, dep_loss: 0.2040, num_positive: 13.0000

2022-02-18 04:25:03,926 - INFO - Epoch [1/12][200/432]	lr: 0.00036, eta: 1:29:25, time: 0.635, data_time: 0.045, transfer_time: 0.015, forward_time: 0.171, loss_parse_time: 0.000 memory: 4059, 
2022-02-18 04:25:03,929 - INFO - task : ['VEHICLE', 'PEDESTRIAN', 'CYCLIST'], loss: 3.5611, hm_loss: 3.3819, dep_loss: 0.1792, num_positive: 10.2000

2022-02-18 04:25:07,016 - INFO - Epoch [1/12][205/432]	lr: 0.00036, eta: 1:28:23, time: 0.612, data_time: 0.034, transfer_time: 0.013, forward_time: 0.182, loss_parse_time: 0.000 memory: 4059, 
2022-02-18 04:25:07,016 - INFO - task : ['VEHICLE', 'PEDESTRIAN', 'CYCLIST'], loss: 3.3559, hm_loss: 3.1356, dep_loss: 0.2203, num_positive: 30.8000

2022-02-18 04:25:10,374 - INFO - Epoch [1/12][210/432]	lr: 0.00037, eta: 1:27:31, time: 0.672, data_time: 0.038, transfer_time: 0.013, forward_time: 0.216, loss_parse_time: 0.000 memory: 4059, 
2022-02-18 04:25:10,376 - INFO - task : ['VEHICLE', 'PEDESTRIAN', 'CYCLIST'], loss: 4.1485, hm_loss: 3.9486, dep_loss: 0.1998, num_positive: 26.4000

2022-02-18 04:25:13,436 - INFO - Epoch [1/12][215/432]	lr: 0.00037, eta: 1:26:34, time: 0.611, data_time: 0.037, transfer_time: 0.012, forward_time: 0.198, loss_parse_time: 0.000 memory: 4059, 
2022-02-18 04:25:13,437 - INFO - task : ['VEHICLE', 'PEDESTRIAN', 'CYCLIST'], loss: 3.6333, hm_loss: 3.4000, dep_loss: 0.2333, num_positive: 32.6000

2022-02-18 04:25:16,771 - INFO - Epoch [1/12][220/432]	lr: 0.00037, eta: 1:25:47, time: 0.673, data_time: 0.036, transfer_time: 0.013, forward_time: 0.215, loss_parse_time: 0.000 memory: 4059, 
2022-02-18 04:25:16,772 - INFO - task : ['VEHICLE', 'PEDESTRIAN', 'CYCLIST'], loss: 3.1065, hm_loss: 2.9530, dep_loss: 0.1535, num_positive: 23.4000

2022-02-18 04:25:19,983 - INFO - Epoch [1/12][225/432]	lr: 0.00038, eta: 1:24:58, time: 0.644, data_time: 0.029, transfer_time: 0.012, forward_time: 0.188, loss_parse_time: 0.000 memory: 4059, 
2022-02-18 04:25:19,986 - INFO - task : ['VEHICLE', 'PEDESTRIAN', 'CYCLIST'], loss: 3.4407, hm_loss: 3.2042, dep_loss: 0.2365, num_positive: 25.6000

2022-02-18 04:25:23,362 - INFO - Epoch [1/12][230/432]	lr: 0.00038, eta: 1:24:15, time: 0.673, data_time: 0.037, transfer_time: 0.011, forward_time: 0.197, loss_parse_time: 0.000 memory: 4059, 
2022-02-18 04:25:23,364 - INFO - task : ['VEHICLE', 'PEDESTRIAN', 'CYCLIST'], loss: 3.5536, hm_loss: 3.3744, dep_loss: 0.1792, num_positive: 24.2000

2022-02-18 04:25:26,557 - INFO - Epoch [1/12][235/432]	lr: 0.00038, eta: 1:23:30, time: 0.637, data_time: 0.037, transfer_time: 0.013, forward_time: 0.186, loss_parse_time: 0.000 memory: 4059, 
2022-02-18 04:25:26,559 - INFO - task : ['VEHICLE', 'PEDESTRIAN', 'CYCLIST'], loss: 3.5824, hm_loss: 3.3275, dep_loss: 0.2549, num_positive: 18.0000

2022-02-18 04:25:29,924 - INFO - Epoch [1/12][240/432]	lr: 0.00039, eta: 1:22:50, time: 0.673, data_time: 0.039, transfer_time: 0.013, forward_time: 0.191, loss_parse_time: 0.000 memory: 4059, 
2022-02-18 04:25:29,927 - INFO - task : ['VEHICLE', 'PEDESTRIAN', 'CYCLIST'], loss: 3.7168, hm_loss: 3.4902, dep_loss: 0.2265, num_positive: 21.6000

2022-02-18 04:25:33,149 - INFO - Epoch [1/12][245/432]	lr: 0.00039, eta: 1:22:08, time: 0.644, data_time: 0.035, transfer_time: 0.011, forward_time: 0.188, loss_parse_time: 0.000 memory: 4059, 
2022-02-18 04:25:33,151 - INFO - task : ['VEHICLE', 'PEDESTRIAN', 'CYCLIST'], loss: 3.4131, hm_loss: 3.2213, dep_loss: 0.1918, num_positive: 14.6000

2022-02-18 04:25:36,341 - INFO - Epoch [1/12][250/432]	lr: 0.00039, eta: 1:21:28, time: 0.640, data_time: 0.041, transfer_time: 0.013, forward_time: 0.186, loss_parse_time: 0.000 memory: 4059, 
2022-02-18 04:25:36,343 - INFO - task : ['VEHICLE', 'PEDESTRIAN', 'CYCLIST'], loss: 4.2326, hm_loss: 4.0563, dep_loss: 0.1763, num_positive: 13.2000

2022-02-18 04:25:39,412 - INFO - Epoch [1/12][255/432]	lr: 0.00040, eta: 1:20:47, time: 0.614, data_time: 0.032, transfer_time: 0.011, forward_time: 0.187, loss_parse_time: 0.000 memory: 4059, 
2022-02-18 04:25:39,413 - INFO - task : ['VEHICLE', 'PEDESTRIAN', 'CYCLIST'], loss: 3.8807, hm_loss: 3.6868, dep_loss: 0.1939, num_positive: 9.6000

2022-02-18 04:25:42,682 - INFO - Epoch [1/12][260/432]	lr: 0.00040, eta: 1:20:11, time: 0.658, data_time: 0.030, transfer_time: 0.010, forward_time: 0.213, loss_parse_time: 0.000 memory: 4059, 
2022-02-18 04:25:42,684 - INFO - task : ['VEHICLE', 'PEDESTRIAN', 'CYCLIST'], loss: 3.6372, hm_loss: 3.3998, dep_loss: 0.2374, num_positive: 20.2000

2022-02-18 04:25:45,998 - INFO - Epoch [1/12][265/432]	lr: 0.00041, eta: 1:19:37, time: 0.663, data_time: 0.035, transfer_time: 0.012, forward_time: 0.206, loss_parse_time: 0.000 memory: 4059, 
2022-02-18 04:25:46,000 - INFO - task : ['VEHICLE', 'PEDESTRIAN', 'CYCLIST'], loss: 3.0483, hm_loss: 2.8429, dep_loss: 0.2054, num_positive: 25.2000

2022-02-18 04:25:49,191 - INFO - Epoch [1/12][270/432]	lr: 0.00041, eta: 1:19:01, time: 0.633, data_time: 0.030, transfer_time: 0.012, forward_time: 0.189, loss_parse_time: 0.000 memory: 4059, 
2022-02-18 04:25:49,193 - INFO - task : ['VEHICLE', 'PEDESTRIAN', 'CYCLIST'], loss: 3.3676, hm_loss: 3.1293, dep_loss: 0.2383, num_positive: 28.0000

2022-02-18 04:25:52,546 - INFO - Epoch [1/12][275/432]	lr: 0.00041, eta: 1:18:31, time: 0.677, data_time: 0.035, transfer_time: 0.012, forward_time: 0.220, loss_parse_time: 0.000 memory: 4059, 
2022-02-18 04:25:52,558 - INFO - task : ['VEHICLE', 'PEDESTRIAN', 'CYCLIST'], loss: 3.4704, hm_loss: 3.3204, dep_loss: 0.1501, num_positive: 13.2000

2022-02-18 04:25:56,650 - INFO - Epoch [1/12][280/432]	lr: 0.00042, eta: 1:18:13, time: 0.818, data_time: 0.062, transfer_time: 0.021, forward_time: 0.236, loss_parse_time: 0.000 memory: 4059, 
2022-02-18 04:25:56,652 - INFO - task : ['VEHICLE', 'PEDESTRIAN', 'CYCLIST'], loss: 3.4063, hm_loss: 3.2166, dep_loss: 0.1897, num_positive: 13.0000

2022-02-18 04:26:02,130 - INFO - Epoch [1/12][285/432]	lr: 0.00042, eta: 1:18:19, time: 1.080, data_time: 0.345, transfer_time: 0.020, forward_time: 0.314, loss_parse_time: 0.000 memory: 4059, 
2022-02-18 04:26:02,139 - INFO - task : ['VEHICLE', 'PEDESTRIAN', 'CYCLIST'], loss: 3.7470, hm_loss: 3.5054, dep_loss: 0.2416, num_positive: 7.2000

2022-02-18 04:26:10,136 - INFO - Epoch [1/12][290/432]	lr: 0.00043, eta: 1:19:09, time: 1.601, data_time: 0.660, transfer_time: 0.027, forward_time: 0.467, loss_parse_time: 0.001 memory: 4059, 
2022-02-18 04:26:10,137 - INFO - task : ['VEHICLE', 'PEDESTRIAN', 'CYCLIST'], loss: 3.0814, hm_loss: 2.8833, dep_loss: 0.1981, num_positive: 20.4000

2022-02-18 04:26:13,722 - INFO - Epoch [1/12][295/432]	lr: 0.00043, eta: 1:18:44, time: 0.732, data_time: 0.063, transfer_time: 0.015, forward_time: 0.228, loss_parse_time: 0.000 memory: 4059, 
2022-02-18 04:26:13,727 - INFO - task : ['VEHICLE', 'PEDESTRIAN', 'CYCLIST'], loss: 3.4280, hm_loss: 3.2444, dep_loss: 0.1837, num_positive: 26.0000

2022-02-18 04:26:16,830 - INFO - Epoch [1/12][300/432]	lr: 0.00044, eta: 1:18:11, time: 0.625, data_time: 0.028, transfer_time: 0.010, forward_time: 0.193, loss_parse_time: 0.000 memory: 4059, 
2022-02-18 04:26:16,832 - INFO - task : ['VEHICLE', 'PEDESTRIAN', 'CYCLIST'], loss: 3.8742, hm_loss: 3.6016, dep_loss: 0.2726, num_positive: 19.6000

2022-02-18 04:26:19,692 - INFO - Epoch [1/12][305/432]	lr: 0.00044, eta: 1:17:36, time: 0.572, data_time: 0.030, transfer_time: 0.012, forward_time: 0.157, loss_parse_time: 0.000 memory: 4059, 
2022-02-18 04:26:19,695 - INFO - task : ['VEHICLE', 'PEDESTRIAN', 'CYCLIST'], loss: 3.8002, hm_loss: 3.6095, dep_loss: 0.1907, num_positive: 19.2000

2022-02-18 04:26:22,922 - INFO - Epoch [1/12][310/432]	lr: 0.00045, eta: 1:17:06, time: 0.643, data_time: 0.029, transfer_time: 0.011, forward_time: 0.180, loss_parse_time: 0.000 memory: 4059, 
2022-02-18 04:26:22,923 - INFO - task : ['VEHICLE', 'PEDESTRIAN', 'CYCLIST'], loss: 3.8078, hm_loss: 3.5724, dep_loss: 0.2353, num_positive: 17.4000

2022-02-18 04:26:25,778 - INFO - Epoch [1/12][315/432]	lr: 0.00045, eta: 1:16:32, time: 0.572, data_time: 0.032, transfer_time: 0.013, forward_time: 0.178, loss_parse_time: 0.000 memory: 4059, 
2022-02-18 04:26:25,781 - INFO - task : ['VEHICLE', 'PEDESTRIAN', 'CYCLIST'], loss: 3.5647, hm_loss: 3.3419, dep_loss: 0.2228, num_positive: 25.6000

2022-02-18 04:26:28,914 - INFO - Epoch [1/12][320/432]	lr: 0.00045, eta: 1:16:03, time: 0.624, data_time: 0.031, transfer_time: 0.011, forward_time: 0.189, loss_parse_time: 0.000 memory: 4059, 
2022-02-18 04:26:28,916 - INFO - task : ['VEHICLE', 'PEDESTRIAN', 'CYCLIST'], loss: 3.8502, hm_loss: 3.6475, dep_loss: 0.2027, num_positive: 19.8000

2022-02-18 04:26:31,868 - INFO - Epoch [1/12][325/432]	lr: 0.00046, eta: 1:15:33, time: 0.590, data_time: 0.032, transfer_time: 0.011, forward_time: 0.167, loss_parse_time: 0.000 memory: 4059, 
2022-02-18 04:26:31,870 - INFO - task : ['VEHICLE', 'PEDESTRIAN', 'CYCLIST'], loss: 4.2344, hm_loss: 3.9844, dep_loss: 0.2500, num_positive: 14.8000

2022-02-18 04:26:34,868 - INFO - Epoch [1/12][330/432]	lr: 0.00046, eta: 1:15:04, time: 0.604, data_time: 0.035, transfer_time: 0.012, forward_time: 0.172, loss_parse_time: 0.000 memory: 4059, 
2022-02-18 04:26:34,871 - INFO - task : ['VEHICLE', 'PEDESTRIAN', 'CYCLIST'], loss: 3.4044, hm_loss: 3.2089, dep_loss: 0.1955, num_positive: 29.6000

2022-02-18 04:26:38,053 - INFO - Epoch [1/12][335/432]	lr: 0.00047, eta: 1:14:38, time: 0.635, data_time: 0.032, transfer_time: 0.013, forward_time: 0.191, loss_parse_time: 0.000 memory: 4059, 
2022-02-18 04:26:38,055 - INFO - task : ['VEHICLE', 'PEDESTRIAN', 'CYCLIST'], loss: 5.1231, hm_loss: 4.8939, dep_loss: 0.2293, num_positive: 16.6000

2022-02-18 04:26:41,035 - INFO - Epoch [1/12][340/432]	lr: 0.00047, eta: 1:14:10, time: 0.596, data_time: 0.035, transfer_time: 0.011, forward_time: 0.187, loss_parse_time: 0.000 memory: 4059, 
2022-02-18 04:26:41,037 - INFO - task : ['VEHICLE', 'PEDESTRIAN', 'CYCLIST'], loss: 3.7399, hm_loss: 3.5149, dep_loss: 0.2250, num_positive: 17.8000

2022-02-18 04:26:44,263 - INFO - Epoch [1/12][345/432]	lr: 0.00048, eta: 1:13:46, time: 0.645, data_time: 0.042, transfer_time: 0.016, forward_time: 0.198, loss_parse_time: 0.000 memory: 4059, 
2022-02-18 04:26:44,265 - INFO - task : ['VEHICLE', 'PEDESTRIAN', 'CYCLIST'], loss: 3.7290, hm_loss: 3.5192, dep_loss: 0.2098, num_positive: 15.6000

2022-02-18 04:26:47,210 - INFO - Epoch [1/12][350/432]	lr: 0.00048, eta: 1:13:19, time: 0.593, data_time: 0.032, transfer_time: 0.013, forward_time: 0.166, loss_parse_time: 0.000 memory: 4059, 
2022-02-18 04:26:47,212 - INFO - task : ['VEHICLE', 'PEDESTRIAN', 'CYCLIST'], loss: 3.9132, hm_loss: 3.7030, dep_loss: 0.2102, num_positive: 13.6000

2022-02-18 04:26:50,241 - INFO - Epoch [1/12][355/432]	lr: 0.00049, eta: 1:12:54, time: 0.603, data_time: 0.035, transfer_time: 0.013, forward_time: 0.170, loss_parse_time: 0.000 memory: 4059, 
2022-02-18 04:26:50,243 - INFO - task : ['VEHICLE', 'PEDESTRIAN', 'CYCLIST'], loss: 4.7027, hm_loss: 4.4813, dep_loss: 0.2214, num_positive: 17.0000

2022-02-18 04:26:53,365 - INFO - Epoch [1/12][360/432]	lr: 0.00049, eta: 1:12:30, time: 0.615, data_time: 0.028, transfer_time: 0.012, forward_time: 0.203, loss_parse_time: 0.000 memory: 4059, 
2022-02-18 04:26:53,367 - INFO - task : ['VEHICLE', 'PEDESTRIAN', 'CYCLIST'], loss: 4.0015, hm_loss: 3.8123, dep_loss: 0.1892, num_positive: 21.0000

2022-02-18 04:26:57,018 - INFO - Epoch [1/12][365/432]	lr: 0.00050, eta: 1:12:13, time: 0.713, data_time: 0.051, transfer_time: 0.019, forward_time: 0.235, loss_parse_time: 0.000 memory: 4059, 
2022-02-18 04:26:57,020 - INFO - task : ['VEHICLE', 'PEDESTRIAN', 'CYCLIST'], loss: 3.6337, hm_loss: 3.4199, dep_loss: 0.2137, num_positive: 24.2000

2022-02-18 04:27:00,723 - INFO - Epoch [1/12][370/432]	lr: 0.00051, eta: 1:12:00, time: 0.762, data_time: 0.074, transfer_time: 0.017, forward_time: 0.255, loss_parse_time: 0.000 memory: 4059, 
2022-02-18 04:27:00,724 - INFO - task : ['VEHICLE', 'PEDESTRIAN', 'CYCLIST'], loss: 3.5948, hm_loss: 3.3694, dep_loss: 0.2254, num_positive: 38.6000

2022-02-18 04:27:06,138 - INFO - Epoch [1/12][375/432]	lr: 0.00051, eta: 1:12:08, time: 1.093, data_time: 0.090, transfer_time: 0.032, forward_time: 0.521, loss_parse_time: 0.000 memory: 4059, 
2022-02-18 04:27:06,146 - INFO - task : ['VEHICLE', 'PEDESTRIAN', 'CYCLIST'], loss: 5.7131, hm_loss: 5.5729, dep_loss: 0.1402, num_positive: 16.6000

2022-02-18 04:27:09,716 - INFO - Epoch [1/12][380/432]	lr: 0.00052, eta: 1:11:51, time: 0.715, data_time: 0.047, transfer_time: 0.012, forward_time: 0.200, loss_parse_time: 0.000 memory: 4059, 
2022-02-18 04:27:09,718 - INFO - task : ['VEHICLE', 'PEDESTRIAN', 'CYCLIST'], loss: 3.6409, hm_loss: 3.4381, dep_loss: 0.2029, num_positive: 28.0000

2022-02-18 04:27:12,686 - INFO - Epoch [1/12][385/432]	lr: 0.00052, eta: 1:11:28, time: 0.594, data_time: 0.036, transfer_time: 0.012, forward_time: 0.175, loss_parse_time: 0.000 memory: 4059, 
2022-02-18 04:27:12,688 - INFO - task : ['VEHICLE', 'PEDESTRIAN', 'CYCLIST'], loss: 3.3861, hm_loss: 3.2249, dep_loss: 0.1613, num_positive: 16.2000

2022-02-18 04:27:15,933 - INFO - Epoch [1/12][390/432]	lr: 0.00053, eta: 1:11:08, time: 0.645, data_time: 0.037, transfer_time: 0.011, forward_time: 0.175, loss_parse_time: 0.000 memory: 4059, 
2022-02-18 04:27:15,936 - INFO - task : ['VEHICLE', 'PEDESTRIAN', 'CYCLIST'], loss: 3.5857, hm_loss: 3.4040, dep_loss: 0.1817, num_positive: 18.0000

2022-02-18 04:27:19,042 - INFO - Epoch [1/12][395/432]	lr: 0.00053, eta: 1:10:47, time: 0.611, data_time: 0.040, transfer_time: 0.013, forward_time: 0.182, loss_parse_time: 0.000 memory: 4059, 
2022-02-18 04:27:19,045 - INFO - task : ['VEHICLE', 'PEDESTRIAN', 'CYCLIST'], loss: 3.6380, hm_loss: 3.4108, dep_loss: 0.2272, num_positive: 26.8000

2022-02-18 04:27:22,022 - INFO - Epoch [1/12][400/432]	lr: 0.00054, eta: 1:10:26, time: 0.611, data_time: 0.050, transfer_time: 0.014, forward_time: 0.163, loss_parse_time: 0.000 memory: 4059, 
2022-02-18 04:27:22,024 - INFO - task : ['VEHICLE', 'PEDESTRIAN', 'CYCLIST'], loss: 3.6305, hm_loss: 3.4003, dep_loss: 0.2302, num_positive: 33.4000

2022-02-18 04:27:25,036 - INFO - Epoch [1/12][405/432]	lr: 0.00055, eta: 1:10:05, time: 0.603, data_time: 0.030, transfer_time: 0.011, forward_time: 0.158, loss_parse_time: 0.000 memory: 4059, 
2022-02-18 04:27:25,037 - INFO - task : ['VEHICLE', 'PEDESTRIAN', 'CYCLIST'], loss: 3.3280, hm_loss: 3.1252, dep_loss: 0.2029, num_positive: 16.2000

2022-02-18 04:27:28,202 - INFO - Epoch [1/12][410/432]	lr: 0.00055, eta: 1:09:46, time: 0.632, data_time: 0.030, transfer_time: 0.011, forward_time: 0.190, loss_parse_time: 0.000 memory: 4059, 
2022-02-18 04:27:28,204 - INFO - task : ['VEHICLE', 'PEDESTRIAN', 'CYCLIST'], loss: 4.0394, hm_loss: 3.8491, dep_loss: 0.1903, num_positive: 16.4000

2022-02-18 04:27:31,369 - INFO - Epoch [1/12][415/432]	lr: 0.00056, eta: 1:09:28, time: 0.635, data_time: 0.030, transfer_time: 0.013, forward_time: 0.190, loss_parse_time: 0.000 memory: 4059, 
2022-02-18 04:27:31,371 - INFO - task : ['VEHICLE', 'PEDESTRIAN', 'CYCLIST'], loss: 3.9570, hm_loss: 3.7291, dep_loss: 0.2279, num_positive: 27.2000

2022-02-18 04:27:34,242 - INFO - Epoch [1/12][420/432]	lr: 0.00056, eta: 1:09:07, time: 0.574, data_time: 0.026, transfer_time: 0.010, forward_time: 0.193, loss_parse_time: 0.000 memory: 4059, 
2022-02-18 04:27:34,244 - INFO - task : ['VEHICLE', 'PEDESTRIAN', 'CYCLIST'], loss: 3.7878, hm_loss: 3.6153, dep_loss: 0.1725, num_positive: 24.8000

2022-02-18 04:27:37,622 - INFO - Epoch [1/12][425/432]	lr: 0.00057, eta: 1:08:51, time: 0.671, data_time: 0.040, transfer_time: 0.018, forward_time: 0.204, loss_parse_time: 0.000 memory: 4059, 
2022-02-18 04:27:37,623 - INFO - task : ['VEHICLE', 'PEDESTRIAN', 'CYCLIST'], loss: 3.5818, hm_loss: 3.3116, dep_loss: 0.2703, num_positive: 22.4000

2022-02-18 04:27:40,595 - INFO - Epoch [1/12][430/432]	lr: 0.00058, eta: 1:08:32, time: 0.597, data_time: 0.029, transfer_time: 0.010, forward_time: 0.180, loss_parse_time: 0.000 memory: 4059, 
2022-02-18 04:27:40,595 - INFO - task : ['VEHICLE', 'PEDESTRIAN', 'CYCLIST'], loss: 3.9503, hm_loss: 3.7674, dep_loss: 0.1829, num_positive: 22.4000

2022-02-18 04:28:11,782 - INFO - Epoch [2/12][5/432]	lr: 0.00058, eta: 1:12:39, time: 5.868, data_time: 5.195, transfer_time: 0.020, forward_time: 0.245, loss_parse_time: 0.000 memory: 4059, 
2022-02-18 04:28:11,798 - INFO - task : ['VEHICLE', 'PEDESTRIAN', 'CYCLIST'], loss: 3.1013, hm_loss: 2.8898, dep_loss: 0.2115, num_positive: 29.6000

2022-02-18 04:28:14,869 - INFO - Epoch [2/12][10/432]	lr: 0.00059, eta: 1:12:18, time: 0.613, data_time: 0.028, transfer_time: 0.021, forward_time: 0.186, loss_parse_time: 0.000 memory: 4059, 
2022-02-18 04:28:14,872 - INFO - task : ['VEHICLE', 'PEDESTRIAN', 'CYCLIST'], loss: 3.7551, hm_loss: 3.5366, dep_loss: 0.2185, num_positive: 21.6000

2022-02-18 04:28:18,208 - INFO - Epoch [2/12][15/432]	lr: 0.00060, eta: 1:12:00, time: 0.672, data_time: 0.049, transfer_time: 0.020, forward_time: 0.192, loss_parse_time: 0.000 memory: 4059, 
2022-02-18 04:28:18,210 - INFO - task : ['VEHICLE', 'PEDESTRIAN', 'CYCLIST'], loss: 3.4735, hm_loss: 3.2297, dep_loss: 0.2437, num_positive: 17.2000

2022-02-18 04:28:21,087 - INFO - Epoch [2/12][20/432]	lr: 0.00060, eta: 1:11:38, time: 0.576, data_time: 0.028, transfer_time: 0.013, forward_time: 0.187, loss_parse_time: 0.000 memory: 4059, 
2022-02-18 04:28:21,090 - INFO - task : ['VEHICLE', 'PEDESTRIAN', 'CYCLIST'], loss: 3.3698, hm_loss: 3.1658, dep_loss: 0.2040, num_positive: 22.4000

2022-02-18 04:28:24,106 - INFO - Epoch [2/12][25/432]	lr: 0.00061, eta: 1:11:18, time: 0.600, data_time: 0.026, transfer_time: 0.013, forward_time: 0.189, loss_parse_time: 0.000 memory: 4059, 
2022-02-18 04:28:24,108 - INFO - task : ['VEHICLE', 'PEDESTRIAN', 'CYCLIST'], loss: 5.2206, hm_loss: 5.0323, dep_loss: 0.1884, num_positive: 7.8000

2022-02-18 04:28:27,482 - INFO - Epoch [2/12][30/432]	lr: 0.00062, eta: 1:11:01, time: 0.677, data_time: 0.043, transfer_time: 0.013, forward_time: 0.176, loss_parse_time: 0.000 memory: 4059, 
2022-02-18 04:28:27,484 - INFO - task : ['VEHICLE', 'PEDESTRIAN', 'CYCLIST'], loss: 3.7842, hm_loss: 3.5402, dep_loss: 0.2439, num_positive: 19.8000

2022-02-18 04:28:30,577 - INFO - Epoch [2/12][35/432]	lr: 0.00062, eta: 1:10:43, time: 0.619, data_time: 0.036, transfer_time: 0.013, forward_time: 0.166, loss_parse_time: 0.000 memory: 4059, 
2022-02-18 04:28:30,578 - INFO - task : ['VEHICLE', 'PEDESTRIAN', 'CYCLIST'], loss: 3.7613, hm_loss: 3.5617, dep_loss: 0.1997, num_positive: 24.6000

2022-02-18 04:28:33,778 - INFO - Epoch [2/12][40/432]	lr: 0.00063, eta: 1:10:25, time: 0.633, data_time: 0.032, transfer_time: 0.013, forward_time: 0.190, loss_parse_time: 0.000 memory: 4059, 
2022-02-18 04:28:33,781 - INFO - task : ['VEHICLE', 'PEDESTRIAN', 'CYCLIST'], loss: 4.2381, hm_loss: 4.0639, dep_loss: 0.1742, num_positive: 19.4000

2022-02-18 04:28:36,825 - INFO - Epoch [2/12][45/432]	lr: 0.00064, eta: 1:10:07, time: 0.618, data_time: 0.041, transfer_time: 0.012, forward_time: 0.176, loss_parse_time: 0.000 memory: 4059, 
2022-02-18 04:28:36,827 - INFO - task : ['VEHICLE', 'PEDESTRIAN', 'CYCLIST'], loss: 4.1181, hm_loss: 3.8880, dep_loss: 0.2302, num_positive: 14.0000

2022-02-18 04:28:39,997 - INFO - Epoch [2/12][50/432]	lr: 0.00064, eta: 1:09:49, time: 0.634, data_time: 0.032, transfer_time: 0.013, forward_time: 0.174, loss_parse_time: 0.000 memory: 4059, 
2022-02-18 04:28:40,000 - INFO - task : ['VEHICLE', 'PEDESTRIAN', 'CYCLIST'], loss: 3.6366, hm_loss: 3.4401, dep_loss: 0.1966, num_positive: 11.8000

2022-02-18 04:28:43,167 - INFO - Epoch [2/12][55/432]	lr: 0.00065, eta: 1:09:33, time: 0.634, data_time: 0.026, transfer_time: 0.012, forward_time: 0.193, loss_parse_time: 0.000 memory: 4059, 
2022-02-18 04:28:43,169 - INFO - task : ['VEHICLE', 'PEDESTRIAN', 'CYCLIST'], loss: 3.7394, hm_loss: 3.4814, dep_loss: 0.2581, num_positive: 16.0000

2022-02-18 04:28:46,396 - INFO - Epoch [2/12][60/432]	lr: 0.00066, eta: 1:09:16, time: 0.643, data_time: 0.031, transfer_time: 0.011, forward_time: 0.183, loss_parse_time: 0.000 memory: 4059, 
2022-02-18 04:28:46,398 - INFO - task : ['VEHICLE', 'PEDESTRIAN', 'CYCLIST'], loss: 3.7543, hm_loss: 3.5197, dep_loss: 0.2347, num_positive: 10.8000

2022-02-18 04:28:49,415 - INFO - Epoch [2/12][65/432]	lr: 0.00066, eta: 1:08:59, time: 0.601, data_time: 0.029, transfer_time: 0.011, forward_time: 0.184, loss_parse_time: 0.000 memory: 4059, 
2022-02-18 04:28:49,416 - INFO - task : ['VEHICLE', 'PEDESTRIAN', 'CYCLIST'], loss: 3.4089, hm_loss: 3.2118, dep_loss: 0.1971, num_positive: 28.6000

2022-02-18 04:28:52,705 - INFO - Epoch [2/12][70/432]	lr: 0.00067, eta: 1:08:44, time: 0.664, data_time: 0.036, transfer_time: 0.013, forward_time: 0.197, loss_parse_time: 0.000 memory: 4059, 
2022-02-18 04:28:52,707 - INFO - task : ['VEHICLE', 'PEDESTRIAN', 'CYCLIST'], loss: 3.2143, hm_loss: 2.9862, dep_loss: 0.2281, num_positive: 29.6000

2022-02-18 04:28:56,064 - INFO - Epoch [2/12][75/432]	lr: 0.00068, eta: 1:08:29, time: 0.664, data_time: 0.032, transfer_time: 0.014, forward_time: 0.210, loss_parse_time: 0.000 memory: 4059, 
2022-02-18 04:28:56,066 - INFO - task : ['VEHICLE', 'PEDESTRIAN', 'CYCLIST'], loss: 4.0842, hm_loss: 3.8982, dep_loss: 0.1861, num_positive: 22.0000

2022-02-18 04:28:59,412 - INFO - Epoch [2/12][80/432]	lr: 0.00068, eta: 1:08:16, time: 0.677, data_time: 0.036, transfer_time: 0.011, forward_time: 0.227, loss_parse_time: 0.000 memory: 4059, 
2022-02-18 04:28:59,415 - INFO - task : ['VEHICLE', 'PEDESTRIAN', 'CYCLIST'], loss: 3.2769, hm_loss: 3.1027, dep_loss: 0.1742, num_positive: 15.0000

2022-02-18 04:29:02,493 - INFO - Epoch [2/12][85/432]	lr: 0.00069, eta: 1:08:00, time: 0.612, data_time: 0.032, transfer_time: 0.016, forward_time: 0.177, loss_parse_time: 0.000 memory: 4059, 
2022-02-18 04:29:02,495 - INFO - task : ['VEHICLE', 'PEDESTRIAN', 'CYCLIST'], loss: 3.7312, hm_loss: 3.5213, dep_loss: 0.2099, num_positive: 35.2000

2022-02-18 04:29:05,736 - INFO - Epoch [2/12][90/432]	lr: 0.00070, eta: 1:07:45, time: 0.653, data_time: 0.036, transfer_time: 0.013, forward_time: 0.184, loss_parse_time: 0.000 memory: 4059, 
2022-02-18 04:29:05,750 - INFO - task : ['VEHICLE', 'PEDESTRIAN', 'CYCLIST'], loss: 3.9513, hm_loss: 3.7037, dep_loss: 0.2476, num_positive: 24.4000

2022-02-18 04:29:08,736 - INFO - Epoch [2/12][95/432]	lr: 0.00071, eta: 1:07:29, time: 0.592, data_time: 0.033, transfer_time: 0.012, forward_time: 0.171, loss_parse_time: 0.000 memory: 4059, 
2022-02-18 04:29:08,738 - INFO - task : ['VEHICLE', 'PEDESTRIAN', 'CYCLIST'], loss: 4.0506, hm_loss: 3.8218, dep_loss: 0.2288, num_positive: 7.6000

2022-02-18 04:29:12,352 - INFO - Epoch [2/12][100/432]	lr: 0.00071, eta: 1:07:18, time: 0.731, data_time: 0.066, transfer_time: 0.017, forward_time: 0.192, loss_parse_time: 0.002 memory: 4059, 
2022-02-18 04:29:12,372 - INFO - task : ['VEHICLE', 'PEDESTRIAN', 'CYCLIST'], loss: 3.6335, hm_loss: 3.4089, dep_loss: 0.2245, num_positive: 13.8000

2022-02-18 04:29:17,295 - INFO - Epoch [2/12][105/432]	lr: 0.00072, eta: 1:07:19, time: 0.989, data_time: 0.067, transfer_time: 0.022, forward_time: 0.417, loss_parse_time: 0.000 memory: 4059, 
2022-02-18 04:29:17,311 - INFO - task : ['VEHICLE', 'PEDESTRIAN', 'CYCLIST'], loss: 3.5421, hm_loss: 3.3783, dep_loss: 0.1638, num_positive: 14.6000

2022-02-18 04:29:21,874 - INFO - Epoch [2/12][110/432]	lr: 0.00073, eta: 1:07:16, time: 0.907, data_time: 0.095, transfer_time: 0.013, forward_time: 0.394, loss_parse_time: 0.000 memory: 4059, 
2022-02-18 04:29:21,876 - INFO - task : ['VEHICLE', 'PEDESTRIAN', 'CYCLIST'], loss: 3.5528, hm_loss: 3.3647, dep_loss: 0.1881, num_positive: 24.8000

2022-02-18 04:29:25,562 - INFO - Epoch [2/12][115/432]	lr: 0.00074, eta: 1:07:07, time: 0.741, data_time: 0.043, transfer_time: 0.012, forward_time: 0.275, loss_parse_time: 0.000 memory: 4059, 
2022-02-18 04:29:25,564 - INFO - task : ['VEHICLE', 'PEDESTRIAN', 'CYCLIST'], loss: 3.3261, hm_loss: 3.1093, dep_loss: 0.2169, num_positive: 27.4000

2022-02-18 04:29:28,618 - INFO - Epoch [2/12][120/432]	lr: 0.00074, eta: 1:06:51, time: 0.609, data_time: 0.037, transfer_time: 0.011, forward_time: 0.180, loss_parse_time: 0.000 memory: 4059, 
2022-02-18 04:29:28,620 - INFO - task : ['VEHICLE', 'PEDESTRIAN', 'CYCLIST'], loss: 3.6168, hm_loss: 3.3809, dep_loss: 0.2358, num_positive: 42.2000

2022-02-18 04:29:31,901 - INFO - Epoch [2/12][125/432]	lr: 0.00075, eta: 1:06:39, time: 0.663, data_time: 0.043, transfer_time: 0.016, forward_time: 0.180, loss_parse_time: 0.000 memory: 4059, 
2022-02-18 04:29:31,901 - INFO - task : ['VEHICLE', 'PEDESTRIAN', 'CYCLIST'], loss: 3.2846, hm_loss: 3.0850, dep_loss: 0.1996, num_positive: 33.0000

2022-02-18 04:29:35,044 - INFO - Epoch [2/12][130/432]	lr: 0.00076, eta: 1:06:24, time: 0.622, data_time: 0.028, transfer_time: 0.013, forward_time: 0.177, loss_parse_time: 0.000 memory: 4059, 
2022-02-18 04:29:35,045 - INFO - task : ['VEHICLE', 'PEDESTRIAN', 'CYCLIST'], loss: 3.5561, hm_loss: 3.3864, dep_loss: 0.1697, num_positive: 11.6000

2022-02-18 04:29:38,562 - INFO - Epoch [2/12][135/432]	lr: 0.00077, eta: 1:06:14, time: 0.707, data_time: 0.039, transfer_time: 0.014, forward_time: 0.226, loss_parse_time: 0.000 memory: 4059, 
2022-02-18 04:29:38,562 - INFO - task : ['VEHICLE', 'PEDESTRIAN', 'CYCLIST'], loss: 3.2962, hm_loss: 3.0693, dep_loss: 0.2269, num_positive: 22.6000

2022-02-18 04:29:41,702 - INFO - Epoch [2/12][140/432]	lr: 0.00077, eta: 1:06:00, time: 0.631, data_time: 0.029, transfer_time: 0.012, forward_time: 0.176, loss_parse_time: 0.000 memory: 4059, 
2022-02-18 04:29:41,704 - INFO - task : ['VEHICLE', 'PEDESTRIAN', 'CYCLIST'], loss: 3.9045, hm_loss: 3.7103, dep_loss: 0.1942, num_positive: 31.8000

2022-02-18 04:29:45,059 - INFO - Epoch [2/12][145/432]	lr: 0.00078, eta: 1:05:48, time: 0.667, data_time: 0.034, transfer_time: 0.013, forward_time: 0.192, loss_parse_time: 0.000 memory: 4059, 
2022-02-18 04:29:45,061 - INFO - task : ['VEHICLE', 'PEDESTRIAN', 'CYCLIST'], loss: 3.6950, hm_loss: 3.4854, dep_loss: 0.2097, num_positive: 24.2000

2022-02-18 04:29:48,132 - INFO - Epoch [2/12][150/432]	lr: 0.00079, eta: 1:05:34, time: 0.619, data_time: 0.034, transfer_time: 0.011, forward_time: 0.171, loss_parse_time: 0.000 memory: 4059, 
2022-02-18 04:29:48,134 - INFO - task : ['VEHICLE', 'PEDESTRIAN', 'CYCLIST'], loss: 4.1876, hm_loss: 3.9927, dep_loss: 0.1949, num_positive: 17.0000

2022-02-18 04:29:51,295 - INFO - Epoch [2/12][155/432]	lr: 0.00080, eta: 1:05:21, time: 0.629, data_time: 0.031, transfer_time: 0.012, forward_time: 0.184, loss_parse_time: 0.000 memory: 4059, 
2022-02-18 04:29:51,297 - INFO - task : ['VEHICLE', 'PEDESTRIAN', 'CYCLIST'], loss: 3.6455, hm_loss: 3.4633, dep_loss: 0.1822, num_positive: 23.2000

2022-02-18 04:29:54,739 - INFO - Epoch [2/12][160/432]	lr: 0.00081, eta: 1:05:11, time: 0.692, data_time: 0.035, transfer_time: 0.011, forward_time: 0.205, loss_parse_time: 0.000 memory: 4059, 
2022-02-18 04:29:54,741 - INFO - task : ['VEHICLE', 'PEDESTRIAN', 'CYCLIST'], loss: 3.6239, hm_loss: 3.4039, dep_loss: 0.2199, num_positive: 22.6000

2022-02-18 04:29:57,986 - INFO - Epoch [2/12][165/432]	lr: 0.00081, eta: 1:04:58, time: 0.642, data_time: 0.033, transfer_time: 0.013, forward_time: 0.202, loss_parse_time: 0.000 memory: 4059, 
2022-02-18 04:29:57,987 - INFO - task : ['VEHICLE', 'PEDESTRIAN', 'CYCLIST'], loss: 3.7284, hm_loss: 3.5214, dep_loss: 0.2070, num_positive: 25.0000

2022-02-18 04:30:01,408 - INFO - Epoch [2/12][170/432]	lr: 0.00082, eta: 1:04:48, time: 0.686, data_time: 0.034, transfer_time: 0.011, forward_time: 0.233, loss_parse_time: 0.000 memory: 4059, 
2022-02-18 04:30:01,411 - INFO - task : ['VEHICLE', 'PEDESTRIAN', 'CYCLIST'], loss: 3.2028, hm_loss: 3.0026, dep_loss: 0.2002, num_positive: 25.0000

2022-02-18 04:30:04,500 - INFO - Epoch [2/12][175/432]	lr: 0.00083, eta: 1:04:35, time: 0.617, data_time: 0.036, transfer_time: 0.013, forward_time: 0.181, loss_parse_time: 0.000 memory: 4059, 
2022-02-18 04:30:04,502 - INFO - task : ['VEHICLE', 'PEDESTRIAN', 'CYCLIST'], loss: 3.4674, hm_loss: 3.2590, dep_loss: 0.2085, num_positive: 16.8000

2022-02-18 04:30:07,771 - INFO - Epoch [2/12][180/432]	lr: 0.00084, eta: 1:04:24, time: 0.654, data_time: 0.033, transfer_time: 0.011, forward_time: 0.222, loss_parse_time: 0.000 memory: 4059, 
2022-02-18 04:30:07,772 - INFO - task : ['VEHICLE', 'PEDESTRIAN', 'CYCLIST'], loss: 3.4492, hm_loss: 3.2905, dep_loss: 0.1587, num_positive: 20.6000

2022-02-18 04:30:11,231 - INFO - Epoch [2/12][185/432]	lr: 0.00085, eta: 1:04:14, time: 0.698, data_time: 0.048, transfer_time: 0.013, forward_time: 0.207, loss_parse_time: 0.000 memory: 4059, 
2022-02-18 04:30:11,233 - INFO - task : ['VEHICLE', 'PEDESTRIAN', 'CYCLIST'], loss: 3.6974, hm_loss: 3.5358, dep_loss: 0.1616, num_positive: 20.8000

2022-02-18 04:30:14,757 - INFO - Epoch [2/12][190/432]	lr: 0.00086, eta: 1:04:04, time: 0.699, data_time: 0.033, transfer_time: 0.013, forward_time: 0.210, loss_parse_time: 0.000 memory: 4059, 
2022-02-18 04:30:14,758 - INFO - task : ['VEHICLE', 'PEDESTRIAN', 'CYCLIST'], loss: 3.7818, hm_loss: 3.5715, dep_loss: 0.2103, num_positive: 27.6000

2022-02-18 04:30:17,867 - INFO - Epoch [2/12][195/432]	lr: 0.00086, eta: 1:03:52, time: 0.627, data_time: 0.036, transfer_time: 0.017, forward_time: 0.179, loss_parse_time: 0.000 memory: 4059, 
2022-02-18 04:30:17,869 - INFO - task : ['VEHICLE', 'PEDESTRIAN', 'CYCLIST'], loss: 3.7263, hm_loss: 3.5081, dep_loss: 0.2182, num_positive: 12.4000

2022-02-18 04:30:21,120 - INFO - Epoch [2/12][200/432]	lr: 0.00087, eta: 1:03:41, time: 0.649, data_time: 0.030, transfer_time: 0.013, forward_time: 0.184, loss_parse_time: 0.000 memory: 4059, 
2022-02-18 04:30:21,121 - INFO - task : ['VEHICLE', 'PEDESTRIAN', 'CYCLIST'], loss: 3.7824, hm_loss: 3.5659, dep_loss: 0.2165, num_positive: 18.4000

2022-02-18 04:30:24,260 - INFO - Epoch [2/12][205/432]	lr: 0.00088, eta: 1:03:29, time: 0.622, data_time: 0.031, transfer_time: 0.011, forward_time: 0.183, loss_parse_time: 0.000 memory: 4059, 
2022-02-18 04:30:24,263 - INFO - task : ['VEHICLE', 'PEDESTRIAN', 'CYCLIST'], loss: 3.6175, hm_loss: 3.4454, dep_loss: 0.1721, num_positive: 11.2000

2022-02-18 04:30:27,733 - INFO - Epoch [2/12][210/432]	lr: 0.00089, eta: 1:03:20, time: 0.702, data_time: 0.044, transfer_time: 0.012, forward_time: 0.203, loss_parse_time: 0.000 memory: 4059, 
2022-02-18 04:30:27,735 - INFO - task : ['VEHICLE', 'PEDESTRIAN', 'CYCLIST'], loss: 3.3758, hm_loss: 3.1337, dep_loss: 0.2421, num_positive: 24.2000

2022-02-18 04:30:30,991 - INFO - Epoch [2/12][215/432]	lr: 0.00090, eta: 1:03:10, time: 0.652, data_time: 0.027, transfer_time: 0.010, forward_time: 0.199, loss_parse_time: 0.000 memory: 4059, 
2022-02-18 04:30:30,991 - INFO - task : ['VEHICLE', 'PEDESTRIAN', 'CYCLIST'], loss: 3.8265, hm_loss: 3.5943, dep_loss: 0.2322, num_positive: 12.8000

2022-02-18 04:30:34,159 - INFO - Epoch [2/12][220/432]	lr: 0.00091, eta: 1:02:58, time: 0.628, data_time: 0.029, transfer_time: 0.012, forward_time: 0.193, loss_parse_time: 0.000 memory: 4059, 
2022-02-18 04:30:34,159 - INFO - task : ['VEHICLE', 'PEDESTRIAN', 'CYCLIST'], loss: 3.6116, hm_loss: 3.4406, dep_loss: 0.1710, num_positive: 42.0000

2022-02-18 04:30:37,676 - INFO - Epoch [2/12][225/432]	lr: 0.00091, eta: 1:02:50, time: 0.706, data_time: 0.045, transfer_time: 0.015, forward_time: 0.212, loss_parse_time: 0.000 memory: 4059, 
2022-02-18 04:30:37,679 - INFO - task : ['VEHICLE', 'PEDESTRIAN', 'CYCLIST'], loss: 3.5024, hm_loss: 3.2838, dep_loss: 0.2186, num_positive: 15.4000

2022-02-18 04:30:41,609 - INFO - Epoch [2/12][230/432]	lr: 0.00092, eta: 1:02:44, time: 0.789, data_time: 0.054, transfer_time: 0.015, forward_time: 0.264, loss_parse_time: 0.000 memory: 4059, 
2022-02-18 04:30:41,610 - INFO - task : ['VEHICLE', 'PEDESTRIAN', 'CYCLIST'], loss: 3.4277, hm_loss: 3.1912, dep_loss: 0.2365, num_positive: 23.0000

2022-02-18 04:30:45,601 - INFO - Epoch [2/12][235/432]	lr: 0.00093, eta: 1:02:39, time: 0.798, data_time: 0.054, transfer_time: 0.020, forward_time: 0.243, loss_parse_time: 0.002 memory: 4059, 
2022-02-18 04:30:45,609 - INFO - task : ['VEHICLE', 'PEDESTRIAN', 'CYCLIST'], loss: 3.7278, hm_loss: 3.5468, dep_loss: 0.1810, num_positive: 17.0000

2022-02-18 04:30:49,372 - INFO - Epoch [2/12][240/432]	lr: 0.00094, eta: 1:02:32, time: 0.752, data_time: 0.052, transfer_time: 0.015, forward_time: 0.242, loss_parse_time: 0.000 memory: 4059, 
2022-02-18 04:30:49,372 - INFO - task : ['VEHICLE', 'PEDESTRIAN', 'CYCLIST'], loss: 3.1800, hm_loss: 2.9233, dep_loss: 0.2566, num_positive: 25.2000

2022-02-18 04:30:52,146 - INFO - Epoch [2/12][245/432]	lr: 0.00095, eta: 1:02:19, time: 0.557, data_time: 0.032, transfer_time: 0.012, forward_time: 0.151, loss_parse_time: 0.000 memory: 4059, 
2022-02-18 04:30:52,147 - INFO - task : ['VEHICLE', 'PEDESTRIAN', 'CYCLIST'], loss: 3.7018, hm_loss: 3.4495, dep_loss: 0.2522, num_positive: 35.0000

2022-02-18 04:30:55,315 - INFO - Epoch [2/12][250/432]	lr: 0.00096, eta: 1:02:08, time: 0.626, data_time: 0.029, transfer_time: 0.012, forward_time: 0.197, loss_parse_time: 0.000 memory: 4059, 
2022-02-18 04:30:55,317 - INFO - task : ['VEHICLE', 'PEDESTRIAN', 'CYCLIST'], loss: 3.3875, hm_loss: 3.1813, dep_loss: 0.2061, num_positive: 27.0000

2022-02-18 04:30:58,604 - INFO - Epoch [2/12][255/432]	lr: 0.00097, eta: 1:01:58, time: 0.665, data_time: 0.034, transfer_time: 0.011, forward_time: 0.221, loss_parse_time: 0.000 memory: 4059, 
2022-02-18 04:30:58,605 - INFO - task : ['VEHICLE', 'PEDESTRIAN', 'CYCLIST'], loss: 3.8815, hm_loss: 3.6261, dep_loss: 0.2554, num_positive: 21.0000

2022-02-18 04:31:01,713 - INFO - Epoch [2/12][260/432]	lr: 0.00098, eta: 1:01:47, time: 0.617, data_time: 0.026, transfer_time: 0.010, forward_time: 0.201, loss_parse_time: 0.000 memory: 4059, 
2022-02-18 04:31:01,715 - INFO - task : ['VEHICLE', 'PEDESTRIAN', 'CYCLIST'], loss: 4.1493, hm_loss: 3.9446, dep_loss: 0.2048, num_positive: 11.0000

2022-02-18 04:31:05,260 - INFO - Epoch [2/12][265/432]	lr: 0.00098, eta: 1:01:40, time: 0.712, data_time: 0.042, transfer_time: 0.016, forward_time: 0.215, loss_parse_time: 0.000 memory: 4059, 
2022-02-18 04:31:05,262 - INFO - task : ['VEHICLE', 'PEDESTRIAN', 'CYCLIST'], loss: 3.6004, hm_loss: 3.3791, dep_loss: 0.2213, num_positive: 32.8000

2022-02-18 04:31:08,619 - INFO - Epoch [2/12][270/432]	lr: 0.00099, eta: 1:01:30, time: 0.668, data_time: 0.031, transfer_time: 0.011, forward_time: 0.203, loss_parse_time: 0.000 memory: 4059, 
2022-02-18 04:31:08,632 - INFO - task : ['VEHICLE', 'PEDESTRIAN', 'CYCLIST'], loss: 3.8693, hm_loss: 3.6817, dep_loss: 0.1875, num_positive: 20.6000

2022-02-18 04:31:11,745 - INFO - Epoch [2/12][275/432]	lr: 0.00100, eta: 1:01:20, time: 0.626, data_time: 0.044, transfer_time: 0.012, forward_time: 0.192, loss_parse_time: 0.000 memory: 4059, 
2022-02-18 04:31:11,747 - INFO - task : ['VEHICLE', 'PEDESTRIAN', 'CYCLIST'], loss: 3.8436, hm_loss: 3.6580, dep_loss: 0.1856, num_positive: 27.4000

2022-02-18 04:31:15,112 - INFO - Epoch [2/12][280/432]	lr: 0.00101, eta: 1:01:11, time: 0.677, data_time: 0.035, transfer_time: 0.013, forward_time: 0.211, loss_parse_time: 0.000 memory: 4059, 
2022-02-18 04:31:15,114 - INFO - task : ['VEHICLE', 'PEDESTRIAN', 'CYCLIST'], loss: 3.9501, hm_loss: 3.7545, dep_loss: 0.1956, num_positive: 22.4000

2022-02-18 04:31:18,326 - INFO - Epoch [2/12][285/432]	lr: 0.00102, eta: 1:01:02, time: 0.644, data_time: 0.032, transfer_time: 0.012, forward_time: 0.216, loss_parse_time: 0.000 memory: 4059, 
2022-02-18 04:31:18,328 - INFO - task : ['VEHICLE', 'PEDESTRIAN', 'CYCLIST'], loss: 3.6307, hm_loss: 3.4380, dep_loss: 0.1926, num_positive: 32.2000

2022-02-18 04:31:21,765 - INFO - Epoch [2/12][290/432]	lr: 0.00103, eta: 1:00:53, time: 0.683, data_time: 0.033, transfer_time: 0.014, forward_time: 0.194, loss_parse_time: 0.000 memory: 4059, 
2022-02-18 04:31:21,768 - INFO - task : ['VEHICLE', 'PEDESTRIAN', 'CYCLIST'], loss: 3.5589, hm_loss: 3.3765, dep_loss: 0.1824, num_positive: 24.4000

2022-02-18 04:31:24,965 - INFO - Epoch [2/12][295/432]	lr: 0.00104, eta: 1:00:44, time: 0.644, data_time: 0.034, transfer_time: 0.012, forward_time: 0.193, loss_parse_time: 0.000 memory: 4059, 
2022-02-18 04:31:24,966 - INFO - task : ['VEHICLE', 'PEDESTRIAN', 'CYCLIST'], loss: 3.6675, hm_loss: 3.4663, dep_loss: 0.2012, num_positive: 23.4000

2022-02-18 04:31:28,257 - INFO - Epoch [2/12][300/432]	lr: 0.00105, eta: 1:00:35, time: 0.654, data_time: 0.032, transfer_time: 0.011, forward_time: 0.177, loss_parse_time: 0.000 memory: 4059, 
2022-02-18 04:31:28,259 - INFO - task : ['VEHICLE', 'PEDESTRIAN', 'CYCLIST'], loss: 3.5173, hm_loss: 3.3367, dep_loss: 0.1805, num_positive: 25.4000

2022-02-18 04:31:31,293 - INFO - Epoch [2/12][305/432]	lr: 0.00106, eta: 1:00:25, time: 0.607, data_time: 0.033, transfer_time: 0.013, forward_time: 0.172, loss_parse_time: 0.000 memory: 4059, 
2022-02-18 04:31:31,293 - INFO - task : ['VEHICLE', 'PEDESTRIAN', 'CYCLIST'], loss: 3.4888, hm_loss: 3.2903, dep_loss: 0.1985, num_positive: 33.8000

2022-02-18 04:31:34,519 - INFO - Epoch [2/12][310/432]	lr: 0.00107, eta: 1:00:15, time: 0.645, data_time: 0.032, transfer_time: 0.012, forward_time: 0.191, loss_parse_time: 0.000 memory: 4059, 
2022-02-18 04:31:34,521 - INFO - task : ['VEHICLE', 'PEDESTRIAN', 'CYCLIST'], loss: 3.5327, hm_loss: 3.3077, dep_loss: 0.2250, num_positive: 25.2000

2022-02-18 04:31:37,659 - INFO - Epoch [2/12][315/432]	lr: 0.00107, eta: 1:00:06, time: 0.633, data_time: 0.035, transfer_time: 0.013, forward_time: 0.180, loss_parse_time: 0.000 memory: 4059, 
2022-02-18 04:31:37,660 - INFO - task : ['VEHICLE', 'PEDESTRIAN', 'CYCLIST'], loss: 3.4465, hm_loss: 3.2270, dep_loss: 0.2195, num_positive: 15.8000

2022-02-18 04:31:40,942 - INFO - Epoch [2/12][320/432]	lr: 0.00108, eta: 0:59:57, time: 0.657, data_time: 0.028, transfer_time: 0.011, forward_time: 0.228, loss_parse_time: 0.000 memory: 4059, 
2022-02-18 04:31:40,944 - INFO - task : ['VEHICLE', 'PEDESTRIAN', 'CYCLIST'], loss: 3.7378, hm_loss: 3.5030, dep_loss: 0.2348, num_positive: 17.0000

2022-02-18 04:31:43,955 - INFO - Epoch [2/12][325/432]	lr: 0.00109, eta: 0:59:47, time: 0.603, data_time: 0.030, transfer_time: 0.012, forward_time: 0.177, loss_parse_time: 0.000 memory: 4059, 
2022-02-18 04:31:43,957 - INFO - task : ['VEHICLE', 'PEDESTRIAN', 'CYCLIST'], loss: 3.1613, hm_loss: 2.9650, dep_loss: 0.1964, num_positive: 14.6000

2022-02-18 04:31:47,251 - INFO - Epoch [2/12][330/432]	lr: 0.00110, eta: 0:59:39, time: 0.656, data_time: 0.031, transfer_time: 0.012, forward_time: 0.192, loss_parse_time: 0.000 memory: 4059, 
2022-02-18 04:31:47,252 - INFO - task : ['VEHICLE', 'PEDESTRIAN', 'CYCLIST'], loss: 3.8811, hm_loss: 3.6542, dep_loss: 0.2269, num_positive: 14.8000

2022-02-18 04:31:50,444 - INFO - Epoch [2/12][335/432]	lr: 0.00111, eta: 0:59:30, time: 0.637, data_time: 0.029, transfer_time: 0.015, forward_time: 0.196, loss_parse_time: 0.000 memory: 4059, 
2022-02-18 04:31:50,447 - INFO - task : ['VEHICLE', 'PEDESTRIAN', 'CYCLIST'], loss: 3.5738, hm_loss: 3.3608, dep_loss: 0.2130, num_positive: 28.0000

2022-02-18 04:31:53,763 - INFO - Epoch [2/12][340/432]	lr: 0.00112, eta: 0:59:21, time: 0.668, data_time: 0.038, transfer_time: 0.014, forward_time: 0.200, loss_parse_time: 0.000 memory: 4059, 
2022-02-18 04:31:53,766 - INFO - task : ['VEHICLE', 'PEDESTRIAN', 'CYCLIST'], loss: 3.4424, hm_loss: 3.2309, dep_loss: 0.2115, num_positive: 20.8000

2022-02-18 04:31:56,828 - INFO - Epoch [2/12][345/432]	lr: 0.00113, eta: 0:59:12, time: 0.608, data_time: 0.030, transfer_time: 0.012, forward_time: 0.185, loss_parse_time: 0.000 memory: 4059, 
2022-02-18 04:31:56,829 - INFO - task : ['VEHICLE', 'PEDESTRIAN', 'CYCLIST'], loss: 3.8762, hm_loss: 3.6705, dep_loss: 0.2056, num_positive: 19.8000

2022-02-18 04:32:00,323 - INFO - Epoch [2/12][350/432]	lr: 0.00114, eta: 0:59:05, time: 0.699, data_time: 0.036, transfer_time: 0.011, forward_time: 0.230, loss_parse_time: 0.000 memory: 4059, 
2022-02-18 04:32:00,323 - INFO - task : ['VEHICLE', 'PEDESTRIAN', 'CYCLIST'], loss: 3.6229, hm_loss: 3.4118, dep_loss: 0.2111, num_positive: 29.8000

2022-02-18 04:32:03,758 - INFO - Epoch [2/12][355/432]	lr: 0.00115, eta: 0:58:57, time: 0.690, data_time: 0.034, transfer_time: 0.012, forward_time: 0.204, loss_parse_time: 0.000 memory: 4059, 
2022-02-18 04:32:03,760 - INFO - task : ['VEHICLE', 'PEDESTRIAN', 'CYCLIST'], loss: 3.9090, hm_loss: 3.6531, dep_loss: 0.2559, num_positive: 18.8000

2022-02-18 04:32:07,249 - INFO - Epoch [2/12][360/432]	lr: 0.00116, eta: 0:58:51, time: 0.700, data_time: 0.041, transfer_time: 0.014, forward_time: 0.196, loss_parse_time: 0.000 memory: 4059, 
2022-02-18 04:32:07,250 - INFO - task : ['VEHICLE', 'PEDESTRIAN', 'CYCLIST'], loss: 3.6609, hm_loss: 3.4439, dep_loss: 0.2170, num_positive: 30.0000

2022-02-18 04:32:10,553 - INFO - Epoch [2/12][365/432]	lr: 0.00117, eta: 0:58:43, time: 0.662, data_time: 0.033, transfer_time: 0.015, forward_time: 0.200, loss_parse_time: 0.000 memory: 4059, 
2022-02-18 04:32:10,555 - INFO - task : ['VEHICLE', 'PEDESTRIAN', 'CYCLIST'], loss: 3.4251, hm_loss: 3.2311, dep_loss: 0.1940, num_positive: 23.8000

2022-02-18 04:32:13,975 - INFO - Epoch [2/12][370/432]	lr: 0.00118, eta: 0:58:35, time: 0.684, data_time: 0.031, transfer_time: 0.011, forward_time: 0.206, loss_parse_time: 0.000 memory: 4059, 
2022-02-18 04:32:13,987 - INFO - task : ['VEHICLE', 'PEDESTRIAN', 'CYCLIST'], loss: 3.7816, hm_loss: 3.5567, dep_loss: 0.2248, num_positive: 11.0000

2022-02-18 04:32:17,463 - INFO - Epoch [2/12][375/432]	lr: 0.00119, eta: 0:58:28, time: 0.698, data_time: 0.039, transfer_time: 0.016, forward_time: 0.207, loss_parse_time: 0.000 memory: 4059, 
2022-02-18 04:32:17,465 - INFO - task : ['VEHICLE', 'PEDESTRIAN', 'CYCLIST'], loss: 3.1119, hm_loss: 2.8965, dep_loss: 0.2154, num_positive: 24.8000

2022-02-18 04:32:20,595 - INFO - Epoch [2/12][380/432]	lr: 0.00120, eta: 0:58:20, time: 0.626, data_time: 0.043, transfer_time: 0.014, forward_time: 0.160, loss_parse_time: 0.000 memory: 4059, 
2022-02-18 04:32:20,596 - INFO - task : ['VEHICLE', 'PEDESTRIAN', 'CYCLIST'], loss: 3.5473, hm_loss: 3.3248, dep_loss: 0.2226, num_positive: 26.8000

2022-02-18 04:32:23,987 - INFO - Epoch [2/12][385/432]	lr: 0.00121, eta: 0:58:12, time: 0.676, data_time: 0.048, transfer_time: 0.021, forward_time: 0.199, loss_parse_time: 0.000 memory: 4059, 
2022-02-18 04:32:23,989 - INFO - task : ['VEHICLE', 'PEDESTRIAN', 'CYCLIST'], loss: 3.8909, hm_loss: 3.6644, dep_loss: 0.2266, num_positive: 18.2000

2022-02-18 04:32:27,095 - INFO - Epoch [2/12][390/432]	lr: 0.00122, eta: 0:58:03, time: 0.608, data_time: 0.029, transfer_time: 0.011, forward_time: 0.187, loss_parse_time: 0.000 memory: 4059, 
2022-02-18 04:32:27,097 - INFO - task : ['VEHICLE', 'PEDESTRIAN', 'CYCLIST'], loss: 3.2963, hm_loss: 3.0774, dep_loss: 0.2190, num_positive: 25.2000

2022-02-18 04:32:30,883 - INFO - Epoch [2/12][395/432]	lr: 0.00123, eta: 0:57:58, time: 0.762, data_time: 0.076, transfer_time: 0.013, forward_time: 0.198, loss_parse_time: 0.000 memory: 4059, 
2022-02-18 04:32:30,885 - INFO - task : ['VEHICLE', 'PEDESTRIAN', 'CYCLIST'], loss: 3.4603, hm_loss: 3.2301, dep_loss: 0.2302, num_positive: 17.8000

2022-02-18 04:32:34,614 - INFO - Epoch [2/12][400/432]	lr: 0.00124, eta: 0:57:53, time: 0.743, data_time: 0.060, transfer_time: 0.018, forward_time: 0.280, loss_parse_time: 0.000 memory: 4059, 
2022-02-18 04:32:34,614 - INFO - task : ['VEHICLE', 'PEDESTRIAN', 'CYCLIST'], loss: 3.2300, hm_loss: 3.0188, dep_loss: 0.2112, num_positive: 32.4000

2022-02-18 04:32:38,689 - INFO - Epoch [2/12][405/432]	lr: 0.00125, eta: 0:57:50, time: 0.830, data_time: 0.079, transfer_time: 0.019, forward_time: 0.260, loss_parse_time: 0.000 memory: 4059, 
2022-02-18 04:32:38,691 - INFO - task : ['VEHICLE', 'PEDESTRIAN', 'CYCLIST'], loss: 3.9409, hm_loss: 3.7341, dep_loss: 0.2068, num_positive: 11.0000

2022-02-18 04:32:41,872 - INFO - Epoch [2/12][410/432]	lr: 0.00126, eta: 0:57:41, time: 0.629, data_time: 0.025, transfer_time: 0.012, forward_time: 0.197, loss_parse_time: 0.000 memory: 4059, 
2022-02-18 04:32:41,874 - INFO - task : ['VEHICLE', 'PEDESTRIAN', 'CYCLIST'], loss: 3.7047, hm_loss: 3.5248, dep_loss: 0.1799, num_positive: 23.6000

2022-02-18 04:32:45,275 - INFO - Epoch [2/12][415/432]	lr: 0.00127, eta: 0:57:34, time: 0.681, data_time: 0.038, transfer_time: 0.016, forward_time: 0.202, loss_parse_time: 0.000 memory: 4059, 
2022-02-18 04:32:45,281 - INFO - task : ['VEHICLE', 'PEDESTRIAN', 'CYCLIST'], loss: 3.5513, hm_loss: 3.2898, dep_loss: 0.2615, num_positive: 16.2000

2022-02-18 04:32:48,468 - INFO - Epoch [2/12][420/432]	lr: 0.00128, eta: 0:57:26, time: 0.640, data_time: 0.034, transfer_time: 0.011, forward_time: 0.201, loss_parse_time: 0.000 memory: 4059, 
2022-02-18 04:32:48,470 - INFO - task : ['VEHICLE', 'PEDESTRIAN', 'CYCLIST'], loss: 3.9372, hm_loss: 3.7326, dep_loss: 0.2046, num_positive: 22.0000

2022-02-18 04:32:51,526 - INFO - Epoch [2/12][425/432]	lr: 0.00129, eta: 0:57:18, time: 0.617, data_time: 0.035, transfer_time: 0.012, forward_time: 0.179, loss_parse_time: 0.000 memory: 4059, 
2022-02-18 04:32:51,527 - INFO - task : ['VEHICLE', 'PEDESTRIAN', 'CYCLIST'], loss: 3.8743, hm_loss: 3.7166, dep_loss: 0.1576, num_positive: 8.2000

2022-02-18 04:32:54,813 - INFO - Epoch [2/12][430/432]	lr: 0.00130, eta: 0:57:10, time: 0.652, data_time: 0.025, transfer_time: 0.010, forward_time: 0.190, loss_parse_time: 0.000 memory: 4059, 
2022-02-18 04:32:54,813 - INFO - task : ['VEHICLE', 'PEDESTRIAN', 'CYCLIST'], loss: 4.1550, hm_loss: 3.9531, dep_loss: 0.2019, num_positive: 22.6000

2022-02-18 04:33:25,505 - INFO - Epoch [3/12][5/432]	lr: 0.00131, eta: 0:59:00, time: 5.754, data_time: 4.123, transfer_time: 0.021, forward_time: 1.225, loss_parse_time: 0.000 memory: 4059, 
2022-02-18 04:33:25,522 - INFO - task : ['VEHICLE', 'PEDESTRIAN', 'CYCLIST'], loss: 3.8874, hm_loss: 3.6771, dep_loss: 0.2103, num_positive: 15.2000

2022-02-18 04:33:28,639 - INFO - Epoch [3/12][10/432]	lr: 0.00132, eta: 0:58:51, time: 0.629, data_time: 0.039, transfer_time: 0.013, forward_time: 0.173, loss_parse_time: 0.000 memory: 4059, 
2022-02-18 04:33:28,641 - INFO - task : ['VEHICLE', 'PEDESTRIAN', 'CYCLIST'], loss: 3.4690, hm_loss: 3.2580, dep_loss: 0.2110, num_positive: 15.2000

2022-02-18 04:33:32,007 - INFO - Epoch [3/12][15/432]	lr: 0.00133, eta: 0:58:43, time: 0.661, data_time: 0.038, transfer_time: 0.018, forward_time: 0.199, loss_parse_time: 0.000 memory: 4059, 
2022-02-18 04:33:32,008 - INFO - task : ['VEHICLE', 'PEDESTRIAN', 'CYCLIST'], loss: 3.5993, hm_loss: 3.3356, dep_loss: 0.2637, num_positive: 32.6000

2022-02-18 04:33:35,022 - INFO - Epoch [3/12][20/432]	lr: 0.00134, eta: 0:58:34, time: 0.609, data_time: 0.046, transfer_time: 0.015, forward_time: 0.174, loss_parse_time: 0.000 memory: 4059, 
2022-02-18 04:33:35,024 - INFO - task : ['VEHICLE', 'PEDESTRIAN', 'CYCLIST'], loss: 3.7943, hm_loss: 3.5397, dep_loss: 0.2546, num_positive: 9.8000

2022-02-18 04:33:38,269 - INFO - Epoch [3/12][25/432]	lr: 0.00135, eta: 0:58:26, time: 0.651, data_time: 0.032, transfer_time: 0.011, forward_time: 0.203, loss_parse_time: 0.000 memory: 4059, 
2022-02-18 04:33:38,271 - INFO - task : ['VEHICLE', 'PEDESTRIAN', 'CYCLIST'], loss: 3.0557, hm_loss: 2.8624, dep_loss: 0.1933, num_positive: 21.0000

2022-02-18 04:33:41,675 - INFO - Epoch [3/12][30/432]	lr: 0.00136, eta: 0:58:19, time: 0.686, data_time: 0.044, transfer_time: 0.013, forward_time: 0.187, loss_parse_time: 0.000 memory: 4059, 
2022-02-18 04:33:41,678 - INFO - task : ['VEHICLE', 'PEDESTRIAN', 'CYCLIST'], loss: 4.0929, hm_loss: 3.8737, dep_loss: 0.2193, num_positive: 17.6000

2022-02-18 04:33:44,898 - INFO - Epoch [3/12][35/432]	lr: 0.00137, eta: 0:58:11, time: 0.644, data_time: 0.032, transfer_time: 0.012, forward_time: 0.175, loss_parse_time: 0.000 memory: 4059, 
2022-02-18 04:33:44,900 - INFO - task : ['VEHICLE', 'PEDESTRIAN', 'CYCLIST'], loss: 3.7553, hm_loss: 3.5385, dep_loss: 0.2167, num_positive: 34.4000

2022-02-18 04:33:48,101 - INFO - Epoch [3/12][40/432]	lr: 0.00138, eta: 0:58:02, time: 0.640, data_time: 0.031, transfer_time: 0.012, forward_time: 0.171, loss_parse_time: 0.000 memory: 4059, 
2022-02-18 04:33:48,102 - INFO - task : ['VEHICLE', 'PEDESTRIAN', 'CYCLIST'], loss: 3.9976, hm_loss: 3.7601, dep_loss: 0.2375, num_positive: 17.2000

2022-02-18 04:33:51,659 - INFO - Epoch [3/12][45/432]	lr: 0.00139, eta: 0:57:56, time: 0.703, data_time: 0.034, transfer_time: 0.017, forward_time: 0.206, loss_parse_time: 0.000 memory: 4059, 
2022-02-18 04:33:51,661 - INFO - task : ['VEHICLE', 'PEDESTRIAN', 'CYCLIST'], loss: 3.4121, hm_loss: 3.1629, dep_loss: 0.2491, num_positive: 25.6000

2022-02-18 04:33:55,234 - INFO - Epoch [3/12][50/432]	lr: 0.00140, eta: 0:57:50, time: 0.724, data_time: 0.047, transfer_time: 0.013, forward_time: 0.220, loss_parse_time: 0.000 memory: 4059, 
2022-02-18 04:33:55,235 - INFO - task : ['VEHICLE', 'PEDESTRIAN', 'CYCLIST'], loss: 4.1127, hm_loss: 3.8527, dep_loss: 0.2601, num_positive: 15.8000

2022-02-18 04:33:58,433 - INFO - Epoch [3/12][55/432]	lr: 0.00141, eta: 0:57:41, time: 0.633, data_time: 0.029, transfer_time: 0.012, forward_time: 0.192, loss_parse_time: 0.000 memory: 4059, 
2022-02-18 04:33:58,435 - INFO - task : ['VEHICLE', 'PEDESTRIAN', 'CYCLIST'], loss: 4.3317, hm_loss: 4.1033, dep_loss: 0.2284, num_positive: 28.4000

2022-02-18 04:34:01,879 - INFO - Epoch [3/12][60/432]	lr: 0.00142, eta: 0:57:34, time: 0.678, data_time: 0.038, transfer_time: 0.016, forward_time: 0.202, loss_parse_time: 0.000 memory: 4059, 
2022-02-18 04:34:01,880 - INFO - task : ['VEHICLE', 'PEDESTRIAN', 'CYCLIST'], loss: 3.1031, hm_loss: 2.9749, dep_loss: 0.1282, num_positive: 7.2000

2022-02-18 04:34:05,088 - INFO - Epoch [3/12][65/432]	lr: 0.00143, eta: 0:57:27, time: 0.659, data_time: 0.061, transfer_time: 0.015, forward_time: 0.193, loss_parse_time: 0.000 memory: 4059, 
2022-02-18 04:34:05,090 - INFO - task : ['VEHICLE', 'PEDESTRIAN', 'CYCLIST'], loss: 3.3203, hm_loss: 3.0981, dep_loss: 0.2222, num_positive: 21.2000

2022-02-18 04:34:08,409 - INFO - Epoch [3/12][70/432]	lr: 0.00144, eta: 0:57:19, time: 0.665, data_time: 0.033, transfer_time: 0.012, forward_time: 0.194, loss_parse_time: 0.000 memory: 4059, 
2022-02-18 04:34:08,411 - INFO - task : ['VEHICLE', 'PEDESTRIAN', 'CYCLIST'], loss: 5.1793, hm_loss: 4.9053, dep_loss: 0.2740, num_positive: 11.6000

2022-02-18 04:34:11,572 - INFO - Epoch [3/12][75/432]	lr: 0.00145, eta: 0:57:11, time: 0.633, data_time: 0.025, transfer_time: 0.010, forward_time: 0.191, loss_parse_time: 0.000 memory: 4059, 
2022-02-18 04:34:11,574 - INFO - task : ['VEHICLE', 'PEDESTRIAN', 'CYCLIST'], loss: 3.3457, hm_loss: 3.1252, dep_loss: 0.2204, num_positive: 21.2000

2022-02-18 04:34:15,065 - INFO - Epoch [3/12][80/432]	lr: 0.00146, eta: 0:57:05, time: 0.691, data_time: 0.032, transfer_time: 0.011, forward_time: 0.216, loss_parse_time: 0.000 memory: 4059, 
2022-02-18 04:34:15,067 - INFO - task : ['VEHICLE', 'PEDESTRIAN', 'CYCLIST'], loss: 3.9177, hm_loss: 3.7382, dep_loss: 0.1795, num_positive: 18.2000

2022-02-18 04:34:18,485 - INFO - Epoch [3/12][85/432]	lr: 0.00147, eta: 0:56:58, time: 0.692, data_time: 0.042, transfer_time: 0.011, forward_time: 0.191, loss_parse_time: 0.000 memory: 4059, 
2022-02-18 04:34:18,489 - INFO - task : ['VEHICLE', 'PEDESTRIAN', 'CYCLIST'], loss: 3.3571, hm_loss: 3.1702, dep_loss: 0.1869, num_positive: 25.6000

2022-02-18 04:34:21,918 - INFO - Epoch [3/12][90/432]	lr: 0.00148, eta: 0:56:51, time: 0.685, data_time: 0.034, transfer_time: 0.013, forward_time: 0.203, loss_parse_time: 0.000 memory: 4059, 
2022-02-18 04:34:21,920 - INFO - task : ['VEHICLE', 'PEDESTRIAN', 'CYCLIST'], loss: 3.3342, hm_loss: 3.1108, dep_loss: 0.2233, num_positive: 27.2000

2022-02-18 04:34:25,158 - INFO - Epoch [3/12][95/432]	lr: 0.00149, eta: 0:56:44, time: 0.647, data_time: 0.030, transfer_time: 0.012, forward_time: 0.198, loss_parse_time: 0.000 memory: 4059, 
2022-02-18 04:34:25,159 - INFO - task : ['VEHICLE', 'PEDESTRIAN', 'CYCLIST'], loss: 3.8924, hm_loss: 3.6257, dep_loss: 0.2667, num_positive: 13.6000

2022-02-18 04:34:28,458 - INFO - Epoch [3/12][100/432]	lr: 0.00150, eta: 0:56:37, time: 0.661, data_time: 0.036, transfer_time: 0.012, forward_time: 0.206, loss_parse_time: 0.000 memory: 4059, 
2022-02-18 04:34:28,460 - INFO - task : ['VEHICLE', 'PEDESTRIAN', 'CYCLIST'], loss: 3.2713, hm_loss: 3.0381, dep_loss: 0.2332, num_positive: 21.0000

2022-02-18 04:34:31,742 - INFO - Epoch [3/12][105/432]	lr: 0.00151, eta: 0:56:29, time: 0.658, data_time: 0.032, transfer_time: 0.012, forward_time: 0.191, loss_parse_time: 0.000 memory: 4059, 
2022-02-18 04:34:31,743 - INFO - task : ['VEHICLE', 'PEDESTRIAN', 'CYCLIST'], loss: 3.5589, hm_loss: 3.3847, dep_loss: 0.1742, num_positive: 14.2000

2022-02-18 04:34:34,923 - INFO - Epoch [3/12][110/432]	lr: 0.00152, eta: 0:56:22, time: 0.632, data_time: 0.030, transfer_time: 0.012, forward_time: 0.185, loss_parse_time: 0.000 memory: 4059, 
2022-02-18 04:34:34,925 - INFO - task : ['VEHICLE', 'PEDESTRIAN', 'CYCLIST'], loss: 3.2007, hm_loss: 3.0135, dep_loss: 0.1872, num_positive: 17.0000

2022-02-18 04:34:38,330 - INFO - Epoch [3/12][115/432]	lr: 0.00153, eta: 0:56:15, time: 0.685, data_time: 0.033, transfer_time: 0.013, forward_time: 0.211, loss_parse_time: 0.000 memory: 4059, 
2022-02-18 04:34:38,333 - INFO - task : ['VEHICLE', 'PEDESTRIAN', 'CYCLIST'], loss: 3.2350, hm_loss: 3.0396, dep_loss: 0.1954, num_positive: 28.0000

2022-02-18 04:34:41,743 - INFO - Epoch [3/12][120/432]	lr: 0.00154, eta: 0:56:08, time: 0.681, data_time: 0.031, transfer_time: 0.013, forward_time: 0.212, loss_parse_time: 0.000 memory: 4059, 
2022-02-18 04:34:41,746 - INFO - task : ['VEHICLE', 'PEDESTRIAN', 'CYCLIST'], loss: 4.9360, hm_loss: 4.7214, dep_loss: 0.2146, num_positive: 9.8000

2022-02-18 04:34:45,439 - INFO - Epoch [3/12][125/432]	lr: 0.00155, eta: 0:56:03, time: 0.739, data_time: 0.055, transfer_time: 0.020, forward_time: 0.213, loss_parse_time: 0.000 memory: 4059, 
2022-02-18 04:34:45,442 - INFO - task : ['VEHICLE', 'PEDESTRIAN', 'CYCLIST'], loss: 3.8570, hm_loss: 3.6120, dep_loss: 0.2450, num_positive: 22.0000

2022-02-18 04:34:49,161 - INFO - Epoch [3/12][130/432]	lr: 0.00156, eta: 0:55:58, time: 0.746, data_time: 0.046, transfer_time: 0.012, forward_time: 0.257, loss_parse_time: 0.000 memory: 4059, 
2022-02-18 04:34:49,167 - INFO - task : ['VEHICLE', 'PEDESTRIAN', 'CYCLIST'], loss: 3.5719, hm_loss: 3.4111, dep_loss: 0.1608, num_positive: 20.6000

2022-02-18 04:34:54,615 - INFO - Epoch [3/12][135/432]	lr: 0.00157, eta: 0:55:59, time: 1.068, data_time: 0.120, transfer_time: 0.029, forward_time: 0.418, loss_parse_time: 0.000 memory: 4059, 
2022-02-18 04:34:54,623 - INFO - task : ['VEHICLE', 'PEDESTRIAN', 'CYCLIST'], loss: 3.6166, hm_loss: 3.4200, dep_loss: 0.1966, num_positive: 20.2000

2022-02-18 04:34:59,732 - INFO - Epoch [3/12][140/432]	lr: 0.00158, eta: 0:56:00, time: 1.044, data_time: 0.329, transfer_time: 0.023, forward_time: 0.227, loss_parse_time: 0.000 memory: 4059, 
2022-02-18 04:34:59,734 - INFO - task : ['VEHICLE', 'PEDESTRIAN', 'CYCLIST'], loss: 3.7626, hm_loss: 3.5572, dep_loss: 0.2054, num_positive: 20.4000

2022-02-18 04:35:02,899 - INFO - Epoch [3/12][145/432]	lr: 0.00159, eta: 0:55:53, time: 0.630, data_time: 0.032, transfer_time: 0.013, forward_time: 0.191, loss_parse_time: 0.000 memory: 4059, 
2022-02-18 04:35:02,902 - INFO - task : ['VEHICLE', 'PEDESTRIAN', 'CYCLIST'], loss: 3.5864, hm_loss: 3.3315, dep_loss: 0.2549, num_positive: 37.4000

2022-02-18 04:35:06,282 - INFO - Epoch [3/12][150/432]	lr: 0.00160, eta: 0:55:46, time: 0.681, data_time: 0.044, transfer_time: 0.013, forward_time: 0.196, loss_parse_time: 0.001 memory: 4059, 
2022-02-18 04:35:06,284 - INFO - task : ['VEHICLE', 'PEDESTRIAN', 'CYCLIST'], loss: 3.7253, hm_loss: 3.5361, dep_loss: 0.1893, num_positive: 17.0000

2022-02-18 04:35:09,507 - INFO - Epoch [3/12][155/432]	lr: 0.00161, eta: 0:55:39, time: 0.646, data_time: 0.032, transfer_time: 0.011, forward_time: 0.197, loss_parse_time: 0.000 memory: 4059, 
2022-02-18 04:35:09,521 - INFO - task : ['VEHICLE', 'PEDESTRIAN', 'CYCLIST'], loss: 3.4662, hm_loss: 3.3005, dep_loss: 0.1657, num_positive: 30.4000

2022-02-18 04:35:12,710 - INFO - Epoch [3/12][160/432]	lr: 0.00162, eta: 0:55:32, time: 0.637, data_time: 0.032, transfer_time: 0.012, forward_time: 0.212, loss_parse_time: 0.000 memory: 4059, 
2022-02-18 04:35:12,712 - INFO - task : ['VEHICLE', 'PEDESTRIAN', 'CYCLIST'], loss: 4.1079, hm_loss: 3.8449, dep_loss: 0.2630, num_positive: 15.0000

2022-02-18 04:35:15,950 - INFO - Epoch [3/12][165/432]	lr: 0.00163, eta: 0:55:25, time: 0.649, data_time: 0.038, transfer_time: 0.013, forward_time: 0.185, loss_parse_time: 0.001 memory: 4059, 
2022-02-18 04:35:15,952 - INFO - task : ['VEHICLE', 'PEDESTRIAN', 'CYCLIST'], loss: 3.9611, hm_loss: 3.7554, dep_loss: 0.2057, num_positive: 15.0000

2022-02-18 04:35:19,222 - INFO - Epoch [3/12][170/432]	lr: 0.00164, eta: 0:55:18, time: 0.650, data_time: 0.034, transfer_time: 0.011, forward_time: 0.191, loss_parse_time: 0.000 memory: 4059, 
2022-02-18 04:35:19,222 - INFO - task : ['VEHICLE', 'PEDESTRIAN', 'CYCLIST'], loss: 4.2097, hm_loss: 3.9815, dep_loss: 0.2282, num_positive: 20.0000

                                                                                                                                                                                                                                                                                                                                                        