2022-04-29 04:43:53,743 - INFO - Start running, host: root@38c34f86dda2, work_dir: /code/CenterPoint/work_dirs/waymo_centerpoint_voxelnet_two_stage_bev_5point_ft_6epoch_freeze_fusion
2022-04-29 04:43:53,743 - INFO - workflow: [('train', 1)], max: 6 epochs
2022-04-29 04:44:50,765 - INFO - Epoch [1/6][5/100]	lr: 0.00005, eta: 1:53:05, time: 11.404, data_time: 1.499, transfer_time: 0.098, forward_time: 9.360, loss_parse_time: 0.000 memory: 12227, 
2022-04-29 04:44:50,765 - INFO - task : ['VEHICLE', 'PEDESTRIAN', 'CYCLIST'], loss: 3.4375, hm_loss: 0.0000, loc_loss: 0.5882, loc_loss_elem: ['0.1038', '0.0824', '0.0797', '0.0571', '0.0626', '0.0653', '0.0605', '0.0768'], num_positive: 270.4000, roi_reg_loss: 1.5576, roi_cls_loss: 0.7035

2022-04-29 04:45:39,605 - INFO - Epoch [1/6][10/100]	lr: 0.00005, eta: 1:44:05, time: 9.768, data_time: 0.083, transfer_time: 0.103, forward_time: 9.160, loss_parse_time: 0.000 memory: 12227, 
2022-04-29 04:45:39,605 - INFO - task : ['VEHICLE', 'PEDESTRIAN', 'CYCLIST'], loss: 2.9270, hm_loss: 0.0000, loc_loss: 0.6557, loc_loss_elem: ['0.1128', '0.0875', '0.0987', '0.0587', '0.0608', '0.0805', '0.0739', '0.0828'], num_positive: 219.8000, roi_reg_loss: 0.9446, roi_cls_loss: 0.6710

2022-04-29 04:46:28,495 - INFO - Epoch [1/6][15/100]	lr: 0.00005, eta: 1:40:35, time: 9.778, data_time: 0.082, transfer_time: 0.098, forward_time: 9.168, loss_parse_time: 0.000 memory: 12227, 
2022-04-29 04:46:28,495 - INFO - task : ['VEHICLE', 'PEDESTRIAN', 'CYCLIST'], loss: 3.4205, hm_loss: 0.0000, loc_loss: 0.6484, loc_loss_elem: ['0.1045', '0.0965', '0.1159', '0.0534', '0.0501', '0.0868', '0.0524', '0.0889'], num_positive: 185.8000, roi_reg_loss: 1.4862, roi_cls_loss: 0.6373

2022-04-29 04:47:17,420 - INFO - Epoch [1/6][20/100]	lr: 0.00006, eta: 1:38:26, time: 9.785, data_time: 0.088, transfer_time: 0.102, forward_time: 9.159, loss_parse_time: 0.000 memory: 12227, 
2022-04-29 04:47:17,421 - INFO - task : ['VEHICLE', 'PEDESTRIAN', 'CYCLIST'], loss: 2.8227, hm_loss: 0.0000, loc_loss: 0.6321, loc_loss_elem: ['0.1050', '0.0862', '0.0879', '0.0578', '0.0602', '0.0776', '0.0669', '0.0904'], num_positive: 227.6000, roi_reg_loss: 0.9750, roi_cls_loss: 0.5836

2022-04-29 04:48:06,498 - INFO - Epoch [1/6][25/100]	lr: 0.00006, eta: 1:36:53, time: 9.815, data_time: 0.083, transfer_time: 0.101, forward_time: 9.184, loss_parse_time: 0.000 memory: 13337, 
2022-04-29 04:48:06,498 - INFO - task : ['VEHICLE', 'PEDESTRIAN', 'CYCLIST'], loss: 3.2520, hm_loss: 0.0000, loc_loss: 0.6435, loc_loss_elem: ['0.0995', '0.0866', '0.0982', '0.0589', '0.0636', '0.0791', '0.0717', '0.0859'], num_positive: 246.2000, roi_reg_loss: 1.4102, roi_cls_loss: 0.5549

2022-04-29 04:48:55,397 - INFO - Epoch [1/6][30/100]	lr: 0.00007, eta: 1:35:31, time: 9.780, data_time: 0.088, transfer_time: 0.103, forward_time: 9.139, loss_parse_time: 0.000 memory: 13337, 
2022-04-29 04:48:55,397 - INFO - task : ['VEHICLE', 'PEDESTRIAN', 'CYCLIST'], loss: 2.7636, hm_loss: 0.0000, loc_loss: 0.6030, loc_loss_elem: ['0.1064', '0.0850', '0.0926', '0.0537', '0.0579', '0.0794', '0.0571', '0.0709'], num_positive: 184.0000, roi_reg_loss: 1.0373, roi_cls_loss: 0.5203

2022-04-29 04:49:44,411 - INFO - Epoch [1/6][35/100]	lr: 0.00007, eta: 1:34:20, time: 9.801, data_time: 0.089, transfer_time: 0.100, forward_time: 9.157, loss_parse_time: 0.000 memory: 13337, 
2022-04-29 04:49:44,412 - INFO - task : ['VEHICLE', 'PEDESTRIAN', 'CYCLIST'], loss: 2.7464, hm_loss: 0.0000, loc_loss: 0.6152, loc_loss_elem: ['0.1066', '0.0872', '0.0964', '0.0587', '0.0616', '0.0766', '0.0588', '0.0693'], num_positive: 222.2000, roi_reg_loss: 1.0157, roi_cls_loss: 0.5004

2022-04-29 04:50:34,099 - INFO - Epoch [1/6][40/100]	lr: 0.00008, eta: 1:33:24, time: 9.937, data_time: 0.085, transfer_time: 0.103, forward_time: 9.292, loss_parse_time: 0.000 memory: 13337, 
2022-04-29 04:50:34,099 - INFO - task : ['VEHICLE', 'PEDESTRIAN', 'CYCLIST'], loss: 2.7407, hm_loss: 0.0000, loc_loss: 0.6573, loc_loss_elem: ['0.1044', '0.0863', '0.0831', '0.0619', '0.0673', '0.0716', '0.0889', '0.0938'], num_positive: 220.6000, roi_reg_loss: 0.9438, roi_cls_loss: 0.4823

2022-04-29 04:51:23,136 - INFO - Epoch [1/6][45/100]	lr: 0.00009, eta: 1:32:22, time: 9.809, data_time: 0.098, transfer_time: 0.101, forward_time: 9.161, loss_parse_time: 0.000 memory: 13337, 
2022-04-29 04:51:23,136 - INFO - task : ['VEHICLE', 'PEDESTRIAN', 'CYCLIST'], loss: 2.5550, hm_loss: 0.0000, loc_loss: 0.6250, loc_loss_elem: ['0.1084', '0.0872', '0.0847', '0.0552', '0.0578', '0.0796', '0.0615', '0.0905'], num_positive: 171.6000, roi_reg_loss: 0.8537, roi_cls_loss: 0.4513

2022-04-29 04:52:12,841 - INFO - Epoch [1/6][50/100]	lr: 0.00009, eta: 1:31:30, time: 9.941, data_time: 0.095, transfer_time: 0.102, forward_time: 9.302, loss_parse_time: 0.000 memory: 13337, 
2022-04-29 04:52:12,842 - INFO - task : ['VEHICLE', 'PEDESTRIAN', 'CYCLIST'], loss: 2.9945, hm_loss: 0.0000, loc_loss: 0.6161, loc_loss_elem: ['0.1128', '0.0899', '0.0888', '0.0563', '0.0588', '0.0769', '0.0591', '0.0736'], num_positive: 224.8000, roi_reg_loss: 1.3488, roi_cls_loss: 0.4135

2022-04-29 04:53:02,038 - INFO - Epoch [1/6][55/100]	lr: 0.00010, eta: 1:30:33, time: 9.839, data_time: 0.097, transfer_time: 0.102, forward_time: 9.167, loss_parse_time: 0.000 memory: 13337, 
2022-04-29 04:53:02,038 - INFO - task : ['VEHICLE', 'PEDESTRIAN', 'CYCLIST'], loss: 2.6533, hm_loss: 0.0000, loc_loss: 0.5955, loc_loss_elem: ['0.1077', '0.0800', '0.0791', '0.0594', '0.0642', '0.0692', '0.0626', '0.0734'], num_positive: 229.2000, roi_reg_loss: 1.0653, roi_cls_loss: 0.3971

2022-04-29 04:53:51,651 - INFO - Epoch [1/6][60/100]	lr: 0.00011, eta: 1:29:41, time: 9.921, data_time: 0.084, transfer_time: 0.101, forward_time: 9.288, loss_parse_time: 0.000 memory: 13337, 
2022-04-29 04:53:51,651 - INFO - task : ['VEHICLE', 'PEDESTRIAN', 'CYCLIST'], loss: 2.7793, hm_loss: 0.0000, loc_loss: 0.6136, loc_loss_elem: ['0.1018', '0.0856', '0.0868', '0.0594', '0.0628', '0.0732', '0.0647', '0.0793'], num_positive: 246.8000, roi_reg_loss: 1.1839, roi_cls_loss: 0.3682

2022-04-29 04:54:40,728 - INFO - Epoch [1/6][65/100]	lr: 0.00012, eta: 1:28:45, time: 9.817, data_time: 0.085, transfer_time: 0.101, forward_time: 9.162, loss_parse_time: 0.000 memory: 13337, 
2022-04-29 04:54:40,728 - INFO - task : ['VEHICLE', 'PEDESTRIAN', 'CYCLIST'], loss: 2.4678, hm_loss: 0.0000, loc_loss: 0.5866, loc_loss_elem: ['0.1043', '0.0806', '0.0819', '0.0567', '0.0601', '0.0671', '0.0590', '0.0769'], num_positive: 239.6000, roi_reg_loss: 0.9516, roi_cls_loss: 0.3430

2022-04-29 04:55:30,153 - INFO - Epoch [1/6][70/100]	lr: 0.00014, eta: 1:27:52, time: 9.885, data_time: 0.096, transfer_time: 0.101, forward_time: 9.237, loss_parse_time: 0.000 memory: 13337, 
2022-04-29 04:55:30,153 - INFO - task : ['VEHICLE', 'PEDESTRIAN', 'CYCLIST'], loss: 2.6854, hm_loss: 0.0000, loc_loss: 0.6137, loc_loss_elem: ['0.1020', '0.0854', '0.0799', '0.0594', '0.0647', '0.0696', '0.0743', '0.0785'], num_positive: 252.0000, roi_reg_loss: 1.1467, roi_cls_loss: 0.3112

2022-04-29 04:56:19,156 - INFO - Epoch [1/6][75/100]	lr: 0.00015, eta: 1:26:57, time: 9.801, data_time: 0.087, transfer_time: 0.101, forward_time: 9.176, loss_parse_time: 0.000 memory: 13337, 
2022-04-29 04:56:19,156 - INFO - task : ['VEHICLE', 'PEDESTRIAN', 'CYCLIST'], loss: 2.4798, hm_loss: 0.0000, loc_loss: 0.6014, loc_loss_elem: ['0.1067', '0.0835', '0.0966', '0.0515', '0.0566', '0.0776', '0.0537', '0.0753'], num_positive: 212.0000, roi_reg_loss: 0.9927, roi_cls_loss: 0.2844

2022-04-29 04:57:08,274 - INFO - Epoch [1/6][80/100]	lr: 0.00016, eta: 1:26:04, time: 9.824, data_time: 0.088, transfer_time: 0.106, forward_time: 9.190, loss_parse_time: 0.000 memory: 13337, 
2022-04-29 04:57:08,275 - INFO - task : ['VEHICLE', 'PEDESTRIAN', 'CYCLIST'], loss: 2.4736, hm_loss: 0.0000, loc_loss: 0.5755, loc_loss_elem: ['0.1012', '0.0806', '0.0859', '0.0570', '0.0584', '0.0723', '0.0510', '0.0690'], num_positive: 201.4000, roi_reg_loss: 1.0640, roi_cls_loss: 0.2585

2022-04-29 04:57:57,476 - INFO - Epoch [1/6][85/100]	lr: 0.00017, eta: 1:25:11, time: 9.839, data_time: 0.090, transfer_time: 0.106, forward_time: 9.178, loss_parse_time: 0.000 memory: 13337, 
2022-04-29 04:57:57,476 - INFO - task : ['VEHICLE', 'PEDESTRIAN', 'CYCLIST'], loss: 2.4897, hm_loss: 0.0000, loc_loss: 0.6595, loc_loss_elem: ['0.1131', '0.0900', '0.0900', '0.0625', '0.0715', '0.0816', '0.0634', '0.0874'], num_positive: 220.0000, roi_reg_loss: 0.9066, roi_cls_loss: 0.2641

2022-04-29 04:58:46,743 - INFO - Epoch [1/6][90/100]	lr: 0.00019, eta: 1:24:20, time: 9.855, data_time: 0.093, transfer_time: 0.106, forward_time: 9.207, loss_parse_time: 0.000 memory: 13337, 
2022-04-29 04:58:46,743 - INFO - task : ['VEHICLE', 'PEDESTRIAN', 'CYCLIST'], loss: 2.3793, hm_loss: 0.0000, loc_loss: 0.5979, loc_loss_elem: ['0.1025', '0.0834', '0.0794', '0.0604', '0.0637', '0.0719', '0.0623', '0.0744'], num_positive: 230.6000, roi_reg_loss: 0.9590, roi_cls_loss: 0.2245

2022-04-29 04:59:36,036 - INFO - Epoch [1/6][95/100]	lr: 0.00020, eta: 1:23:29, time: 9.859, data_time: 0.088, transfer_time: 0.102, forward_time: 9.215, loss_parse_time: 0.000 memory: 13337, 
2022-04-29 04:59:36,037 - INFO - task : ['VEHICLE', 'PEDESTRIAN', 'CYCLIST'], loss: 2.3894, hm_loss: 0.0000, loc_loss: 0.5803, loc_loss_elem: ['0.1095', '0.0833', '0.0786', '0.0563', '0.0607', '0.0696', '0.0489', '0.0735'], num_positive: 213.8000, roi_reg_loss: 0.9965, roi_cls_loss: 0.2324

2022-04-29 05:00:25,189 - INFO - Epoch [1/6][100/100]	lr: 0.00021, eta: 1:22:37, time: 9.830, data_time: 0.085, transfer_time: 0.101, forward_time: 9.164, loss_parse_time: 0.000 memory: 13642, 
2022-04-29 05:00:25,189 - INFO - task : ['VEHICLE', 'PEDESTRIAN', 'CYCLIST'], loss: 2.2438, hm_loss: 0.0000, loc_loss: 0.6184, loc_loss_elem: ['0.1052', '0.0817', '0.0765', '0.0637', '0.0686', '0.0705', '0.0726', '0.0797'], num_positive: 249.0000, roi_reg_loss: 0.8176, roi_cls_loss: 0.1894

2022-04-29 05:01:21,004 - INFO - Epoch [2/6][5/100]	lr: 0.00023, eta: 1:22:14, time: 11.059, data_time: 1.255, transfer_time: 0.105, forward_time: 9.265, loss_parse_time: 0.000 memory: 13642, 
2022-04-29 05:01:21,005 - INFO - task : ['VEHICLE', 'PEDESTRIAN', 'CYCLIST'], loss: 2.0360, hm_loss: 0.0000, loc_loss: 0.6113, loc_loss_elem: ['0.1050', '0.0812', '0.0857', '0.0582', '0.0647', '0.0731', '0.0629', '0.0804'], num_positive: 236.4000, roi_reg_loss: 0.6522, roi_cls_loss: 0.1612

2022-04-29 05:02:10,094 - INFO - Epoch [2/6][10/100]	lr: 0.00024, eta: 1:21:21, time: 9.818, data_time: 0.084, transfer_time: 0.101, forward_time: 9.188, loss_parse_time: 0.000 memory: 13642, 
2022-04-29 05:02:10,094 - INFO - task : ['VEHICLE', 'PEDESTRIAN', 'CYCLIST'], loss: 2.9472, hm_loss: 0.0000, loc_loss: 0.6023, loc_loss_elem: ['0.1186', '0.0865', '0.0948', '0.0526', '0.0541', '0.0719', '0.0531', '0.0706'], num_positive: 183.8000, roi_reg_loss: 1.5469, roi_cls_loss: 0.1957

2022-04-29 05:02:59,249 - INFO - Epoch [2/6][15/100]	lr: 0.00026, eta: 1:20:28, time: 9.831, data_time: 0.090, transfer_time: 0.101, forward_time: 9.197, loss_parse_time: 0.000 memory: 13642, 
2022-04-29 05:02:59,249 - INFO - task : ['VEHICLE', 'PEDESTRIAN', 'CYCLIST'], loss: 2.1972, hm_loss: 0.0000, loc_loss: 0.6079, loc_loss_elem: ['0.1013', '0.0796', '0.0747', '0.0625', '0.0712', '0.0690', '0.0675', '0.0820'], num_positive: 255.6000, roi_reg_loss: 0.8156, roi_cls_loss: 0.1658

2022-04-29 05:03:48,465 - INFO - Epoch [2/6][20/100]	lr: 0.00027, eta: 1:19:36, time: 9.843, data_time: 0.089, transfer_time: 0.101, forward_time: 9.191, loss_parse_time: 0.000 memory: 13642, 
2022-04-29 05:03:48,465 - INFO - task : ['VEHICLE', 'PEDESTRIAN', 'CYCLIST'], loss: 2.1369, hm_loss: 0.0000, loc_loss: 0.6199, loc_loss_elem: ['0.1092', '0.0899', '0.0922', '0.0579', '0.0613', '0.0769', '0.0539', '0.0787'], num_positive: 227.4000, roi_reg_loss: 0.7369, roi_cls_loss: 0.1602

2022-04-29 05:04:37,777 - INFO - Epoch [2/6][25/100]	lr: 0.00029, eta: 1:18:45, time: 9.860, data_time: 0.086, transfer_time: 0.100, forward_time: 9.214, loss_parse_time: 0.000 memory: 13642, 
2022-04-29 05:04:37,777 - INFO - task : ['VEHICLE', 'PEDESTRIAN', 'CYCLIST'], loss: 2.1738, hm_loss: 0.0000, loc_loss: 0.6227, loc_loss_elem: ['0.0993', '0.0804', '0.0746', '0.0641', '0.0699', '0.0698', '0.0785', '0.0862'], num_positive: 261.4000, roi_reg_loss: 0.7554, roi_cls_loss: 0.1731

2022-04-29 05:05:27,122 - INFO - Epoch [2/6][30/100]	lr: 0.00030, eta: 1:17:54, time: 9.871, data_time: 0.089, transfer_time: 0.100, forward_time: 9.233, loss_parse_time: 0.000 memory: 13642, 
2022-04-29 05:05:27,122 - INFO - task : ['VEHICLE', 'PEDESTRIAN', 'CYCLIST'], loss: 2.2604, hm_loss: 0.0000, loc_loss: 0.6693, loc_loss_elem: ['0.1047', '0.0925', '0.0946', '0.0619', '0.0691', '0.0792', '0.0765', '0.0909'], num_positive: 212.6000, roi_reg_loss: 0.7960, roi_cls_loss: 0.1257

2022-04-29 05:06:16,182 - INFO - Epoch [2/6][35/100]	lr: 0.00032, eta: 1:17:02, time: 9.810, data_time: 0.092, transfer_time: 0.105, forward_time: 9.168, loss_parse_time: 0.000 memory: 13642, 
2022-04-29 05:06:16,183 - INFO - task : ['VEHICLE', 'PEDESTRIAN', 'CYCLIST'], loss: 2.0787, hm_loss: 0.0000, loc_loss: 0.6083, loc_loss_elem: ['0.1035', '0.0828', '0.0816', '0.0600', '0.0664', '0.0699', '0.0683', '0.0760'], num_positive: 215.8000, roi_reg_loss: 0.7107, roi_cls_loss: 0.1512

2022-04-29 05:07:05,160 - INFO - Epoch [2/6][40/100]	lr: 0.00033, eta: 1:16:10, time: 9.798, data_time: 0.088, transfer_time: 0.099, forward_time: 9.171, loss_parse_time: 0.000 memory: 13642, 
2022-04-29 05:07:05,160 - INFO - task : ['VEHICLE', 'PEDESTRIAN', 'CYCLIST'], loss: 2.3779, hm_loss: 0.0000, loc_loss: 0.6036, loc_loss_elem: ['0.1019', '0.0831', '0.0829', '0.0578', '0.0574', '0.0667', '0.0637', '0.0900'], num_positive: 240.8000, roi_reg_loss: 1.0261, roi_cls_loss: 0.1446

2022-04-29 05:07:54,533 - INFO - Epoch [2/6][45/100]	lr: 0.00034, eta: 1:15:19, time: 9.875, data_time: 0.090, transfer_time: 0.103, forward_time: 9.218, loss_parse_time: 0.000 memory: 13642, 
2022-04-29 05:07:54,534 - INFO - task : ['VEHICLE', 'PEDESTRIAN', 'CYCLIST'], loss: 1.7496, hm_loss: 0.0000, loc_loss: 0.5783, loc_loss_elem: ['0.0983', '0.0872', '0.0828', '0.0593', '0.0608', '0.0661', '0.0513', '0.0725'], num_positive: 267.2000, roi_reg_loss: 0.4640, roi_cls_loss: 0.1290

2022-04-29 05:08:44,408 - INFO - Epoch [2/6][50/100]	lr: 0.00036, eta: 1:14:30, time: 9.975, data_time: 0.084, transfer_time: 0.104, forward_time: 9.337, loss_parse_time: 0.000 memory: 13642, 
2022-04-29 05:08:44,409 - INFO - task : ['VEHICLE', 'PEDESTRIAN', 'CYCLIST'], loss: 2.0127, hm_loss: 0.0000, loc_loss: 0.6375, loc_loss_elem: ['0.1090', '0.0895', '0.1061', '0.0601', '0.0630', '0.0717', '0.0598', '0.0782'], num_positive: 182.4000, roi_reg_loss: 0.6153, roi_cls_loss: 0.1224

2022-04-29 05:09:33,860 - INFO - Epoch [2/6][55/100]	lr: 0.00037, eta: 1:13:40, time: 9.889, data_time: 0.091, transfer_time: 0.101, forward_time: 9.257, loss_parse_time: 0.000 memory: 13642, 
2022-04-29 05:09:33,860 - INFO - task : ['VEHICLE', 'PEDESTRIAN', 'CYCLIST'], loss: 2.0656, hm_loss: 0.0000, loc_loss: 0.5473, loc_loss_elem: ['0.1118', '0.0812', '0.0714', '0.0567', '0.0542', '0.0628', '0.0411', '0.0681'], num_positive: 252.0000, roi_reg_loss: 0.8412, roi_cls_loss: 0.1298

2022-04-29 05:10:22,792 - INFO - Epoch [2/6][60/100]	lr: 0.00038, eta: 1:12:48, time: 9.787, data_time: 0.086, transfer_time: 0.100, forward_time: 9.169, loss_parse_time: 0.000 memory: 13642, 
2022-04-29 05:10:22,793 - INFO - task : ['VEHICLE', 'PEDESTRIAN', 'CYCLIST'], loss: 2.3730, hm_loss: 0.0000, loc_loss: 0.6328, loc_loss_elem: ['0.1075', '0.0917', '0.0913', '0.0597', '0.0632', '0.0746', '0.0646', '0.0802'], num_positive: 224.2000, roi_reg_loss: 0.9895, roi_cls_loss: 0.1180

2022-04-29 05:11:11,906 - INFO - Epoch [2/6][65/100]	lr: 0.00040, eta: 1:11:57, time: 9.823, data_time: 0.090, transfer_time: 0.101, forward_time: 9.194, loss_parse_time: 0.000 memory: 13642, 
2022-04-29 05:11:11,907 - INFO - task : ['VEHICLE', 'PEDESTRIAN', 'CYCLIST'], loss: 2.2644, hm_loss: 0.0000, loc_loss: 0.6270, loc_loss_elem: ['0.1025', '0.0818', '0.0838', '0.0607', '0.0669', '0.0745', '0.0722', '0.0848'], num_positive: 214.0000, roi_reg_loss: 0.8963, roi_cls_loss: 0.1142

2022-04-29 05:12:01,203 - INFO - Epoch [2/6][70/100]	lr: 0.00041, eta: 1:11:06, time: 9.859, data_time: 0.093, transfer_time: 0.104, forward_time: 9.204, loss_parse_time: 0.000 memory: 13642, 
2022-04-29 05:12:01,204 - INFO - task : ['VEHICLE', 'PEDESTRIAN', 'CYCLIST'], loss: 2.2334, hm_loss: 0.0000, loc_loss: 0.5521, loc_loss_elem: ['0.1092', '0.0802', '0.0764', '0.0513', '0.0506', '0.0756', '0.0531', '0.0558'], num_positive: 171.6000, roi_reg_loss: 1.0084, roi_cls_loss: 0.1209

2022-04-29 05:12:50,229 - INFO - Epoch [2/6][75/100]	lr: 0.00042, eta: 1:10:15, time: 9.803, data_time: 0.090, transfer_time: 0.101, forward_time: 9.169, loss_parse_time: 0.000 memory: 13642, 
2022-04-29 05:12:50,229 - INFO - task : ['VEHICLE', 'PEDESTRIAN', 'CYCLIST'], loss: 1.9598, hm_loss: 0.0000, loc_loss: 0.5606, loc_loss_elem: ['0.0995', '0.0868', '0.0854', '0.0538', '0.0555', '0.0678', '0.0426', '0.0691'], num_positive: 246.0000, roi_reg_loss: 0.7421, roi_cls_loss: 0.0965

2022-04-29 05:13:40,176 - INFO - Epoch [2/6][80/100]	lr: 0.00043, eta: 1:09:27, time: 9.989, data_time: 0.089, transfer_time: 0.103, forward_time: 9.359, loss_parse_time: 0.000 memory: 13642, 
2022-04-29 05:13:40,176 - INFO - task : ['VEHICLE', 'PEDESTRIAN', 'CYCLIST'], loss: 1.9719, hm_loss: 0.0000, loc_loss: 0.5830, loc_loss_elem: ['0.1083', '0.0854', '0.0848', '0.0566', '0.0523', '0.0737', '0.0445', '0.0775'], num_positive: 171.0000, roi_reg_loss: 0.7121, roi_cls_loss: 0.0938

2022-04-29 05:14:29,434 - INFO - Epoch [2/6][85/100]	lr: 0.00044, eta: 1:08:36, time: 9.854, data_time: 0.087, transfer_time: 0.102, forward_time: 9.212, loss_parse_time: 0.000 memory: 13642, 
2022-04-29 05:14:29,434 - INFO - task : ['VEHICLE', 'PEDESTRIAN', 'CYCLIST'], loss: 2.1532, hm_loss: 0.0000, loc_loss: 0.6272, loc_loss_elem: ['0.1047', '0.0878', '0.0926', '0.0573', '0.0576', '0.0727', '0.0743', '0.0801'], num_positive: 206.6000, roi_reg_loss: 0.7991, roi_cls_loss: 0.0996

2022-04-29 05:15:18,336 - INFO - Epoch [2/6][90/100]	lr: 0.00045, eta: 1:07:45, time: 9.778, data_time: 0.085, transfer_time: 0.104, forward_time: 9.156, loss_parse_time: 0.000 memory: 13642, 
2022-04-29 05:15:18,336 - INFO - task : ['VEHICLE', 'PEDESTRIAN', 'CYCLIST'], loss: 2.1836, hm_loss: 0.0000, loc_loss: 0.6248, loc_loss_elem: ['0.1022', '0.0902', '0.1003', '0.0551', '0.0547', '0.0724', '0.0716', '0.0782'], num_positive: 182.6000, roi_reg_loss: 0.8499, roi_cls_loss: 0.0841

2022-04-29 05:16:07,464 - INFO - Epoch [2/6][95/100]	lr: 0.00046, eta: 1:06:55, time: 9.825, data_time: 0.092, transfer_time: 0.102, forward_time: 9.175, loss_parse_time: 0.000 memory: 13642, 
2022-04-29 05:16:07,464 - INFO - task : ['VEHICLE', 'PEDESTRIAN', 'CYCLIST'], loss: 2.5056, hm_loss: 0.0000, loc_loss: 0.6530, loc_loss_elem: ['0.1067', '0.0842', '0.1018', '0.0605', '0.0677', '0.0745', '0.0710', '0.0865'], num_positive: 195.4000, roi_reg_loss: 1.1283, roi_cls_loss: 0.0712

2022-04-29 05:16:56,564 - INFO - Epoch [2/6][100/100]	lr: 0.00047, eta: 1:06:04, time: 9.820, data_time: 0.088, transfer_time: 0.100, forward_time: 9.192, loss_parse_time: 0.000 memory: 13642, 
2022-04-29 05:16:56,564 - INFO - task : ['VEHICLE', 'PEDESTRIAN', 'CYCLIST'], loss: 2.3868, hm_loss: 0.0000, loc_loss: 0.6061, loc_loss_elem: ['0.1030', '0.0882', '0.0855', '0.0595', '0.0606', '0.0704', '0.0684', '0.0706'], num_positive: 207.4000, roi_reg_loss: 1.0822, roi_cls_loss: 0.0924

2022-04-29 05:17:53,240 - INFO - Epoch [3/6][5/100]	lr: 0.00048, eta: 1:05:27, time: 11.235, data_time: 1.293, transfer_time: 0.103, forward_time: 9.404, loss_parse_time: 0.000 memory: 13642, 
2022-04-29 05:17:53,241 - INFO - task : ['VEHICLE', 'PEDESTRIAN', 'CYCLIST'], loss: 1.9702, hm_loss: 0.0000, loc_loss: 0.5596, loc_loss_elem: ['0.1101', '0.0852', '0.0867', '0.0545', '0.0590', '0.0701', '0.0431', '0.0508'], num_positive: 212.0000, roi_reg_loss: 0.7654, roi_cls_loss: 0.0857

2022-04-29 05:18:42,904 - INFO - Epoch [3/6][10/100]	lr: 0.00048, eta: 1:04:37, time: 9.934, data_time: 0.091, transfer_time: 0.103, forward_time: 9.298, loss_parse_time: 0.000 memory: 13642, 
2022-04-29 05:18:42,904 - INFO - task : ['VEHICLE', 'PEDESTRIAN', 'CYCLIST'], loss: 2.0813, hm_loss: 0.0000, loc_loss: 0.5812, loc_loss_elem: ['0.1036', '0.0841', '0.0788', '0.0585', '0.0574', '0.0682', '0.0551', '0.0755'], num_positive: 204.2000, roi_reg_loss: 0.8207, roi_cls_loss: 0.0982

2022-04-29 05:19:31,983 - INFO - Epoch [3/6][15/100]	lr: 0.00049, eta: 1:03:47, time: 9.817, data_time: 0.085, transfer_time: 0.099, forward_time: 9.180, loss_parse_time: 0.000 memory: 13642, 
2022-04-29 05:19:31,983 - INFO - task : ['VEHICLE', 'PEDESTRIAN', 'CYCLIST'], loss: 2.3291, hm_loss: 0.0000, loc_loss: 0.5974, loc_loss_elem: ['0.0980', '0.0817', '0.0847', '0.0594', '0.0659', '0.0678', '0.0613', '0.0785'], num_positive: 259.0000, roi_reg_loss: 1.0519, roi_cls_loss: 0.0824

2022-04-29 05:20:21,448 - INFO - Epoch [3/6][20/100]	lr: 0.00049, eta: 1:02:56, time: 9.892, data_time: 0.085, transfer_time: 0.100, forward_time: 9.268, loss_parse_time: 0.000 memory: 13642, 
2022-04-29 05:20:21,448 - INFO - task : ['VEHICLE', 'PEDESTRIAN', 'CYCLIST'], loss: 1.9620, hm_loss: 0.0000, loc_loss: 0.5638, loc_loss_elem: ['0.1009', '0.0772', '0.0743', '0.0555', '0.0620', '0.0677', '0.0560', '0.0704'], num_positive: 264.4000, roi_reg_loss: 0.7624, roi_cls_loss: 0.0720

2022-04-29 05:21:10,716 - INFO - Epoch [3/6][25/100]	lr: 0.00050, eta: 1:02:06, time: 9.855, data_time: 0.091, transfer_time: 0.101, forward_time: 9.226, loss_parse_time: 0.000 memory: 13642, 
2022-04-29 05:21:10,716 - INFO - task : ['VEHICLE', 'PEDESTRIAN', 'CYCLIST'], loss: 2.4442, hm_loss: 0.0000, loc_loss: 0.6235, loc_loss_elem: ['0.1022', '0.0904', '0.0907', '0.0585', '0.0606', '0.0726', '0.0679', '0.0806'], num_positive: 187.8000, roi_reg_loss: 1.1175, roi_cls_loss: 0.0797

2022-04-29 05:22:00,010 - INFO - Epoch [3/6][30/100]	lr: 0.00050, eta: 1:01:16, time: 9.857, data_time: 0.088, transfer_time: 0.101, forward_time: 9.237, loss_parse_time: 0.000 memory: 13642, 
2022-04-29 05:22:00,011 - INFO - task : ['VEHICLE', 'PEDESTRIAN', 'CYCLIST'], loss: 2.1989, hm_loss: 0.0000, loc_loss: 0.6151, loc_loss_elem: ['0.1031', '0.0777', '0.0935', '0.0620', '0.0701', '0.0724', '0.0676', '0.0687'], num_positive: 217.2000, roi_reg_loss: 0.9028, roi_cls_loss: 0.0659

2022-04-29 05:22:49,653 - INFO - Epoch [3/6][35/100]	lr: 0.00050, eta: 1:00:26, time: 9.930, data_time: 0.090, transfer_time: 0.106, forward_time: 9.283, loss_parse_time: 0.000 memory: 13642, 
2022-04-29 05:22:49,654 - INFO - task : ['VEHICLE', 'PEDESTRIAN', 'CYCLIST'], loss: 2.1386, hm_loss: 0.0000, loc_loss: 0.5860, loc_loss_elem: ['0.0995', '0.0813', '0.0824', '0.0598', '0.0650', '0.0694', '0.0586', '0.0700'], num_positive: 294.0000, roi_reg_loss: 0.9039, roi_cls_loss: 0.0627

2022-04-29 05:23:39,262 - INFO - Epoch [3/6][40/100]	lr: 0.00050, eta: 0:59:36, time: 9.921, data_time: 0.086, transfer_time: 0.104, forward_time: 9.270, loss_parse_time: 0.000 memory: 13642, 
2022-04-29 05:23:39,262 - INFO - task : ['VEHICLE', 'PEDESTRIAN', 'CYCLIST'], loss: 2.0597, hm_loss: 0.0000, loc_loss: 0.5834, loc_loss_elem: ['0.1032', '0.0859', '0.0842', '0.0581', '0.0580', '0.0679', '0.0607', '0.0653'], num_positive: 214.6000, roi_reg_loss: 0.8126, roi_cls_loss: 0.0804

2022-04-29 05:24:29,024 - INFO - Epoch [3/6][45/100]	lr: 0.00050, eta: 0:58:47, time: 9.950, data_time: 0.088, transfer_time: 0.101, forward_time: 9.318, loss_parse_time: 0.000 memory: 13642, 
2022-04-29 05:24:29,025 - INFO - task : ['VEHICLE', 'PEDESTRIAN', 'CYCLIST'], loss: 2.0862, hm_loss: 0.0000, loc_loss: 0.5915, loc_loss_elem: ['0.1027', '0.0844', '0.0842', '0.0572', '0.0557', '0.0731', '0.0566', '0.0776'], num_positive: 204.8000, roi_reg_loss: 0.8452, roi_cls_loss: 0.0580

2022-04-29 05:25:18,485 - INFO - Epoch [3/6][50/100]	lr: 0.00050, eta: 0:57:57, time: 9.894, data_time: 0.084, transfer_time: 0.101, forward_time: 9.238, loss_parse_time: 0.000 memory: 13642, 
2022-04-29 05:25:18,485 - INFO - task : ['VEHICLE', 'PEDESTRIAN', 'CYCLIST'], loss: 2.1441, hm_loss: 0.0000, loc_loss: 0.6229, loc_loss_elem: ['0.1069', '0.0866', '0.0887', '0.0566', '0.0650', '0.0726', '0.0620', '0.0846'], num_positive: 203.4000, roi_reg_loss: 0.8380, roi_cls_loss: 0.0605

2022-04-29 05:26:08,061 - INFO - Epoch [3/6][55/100]	lr: 0.00050, eta: 0:57:07, time: 9.915, data_time: 0.092, transfer_time: 0.101, forward_time: 9.283, loss_parse_time: 0.000 memory: 13642, 
2022-04-29 05:26:08,062 - INFO - task : ['VEHICLE', 'PEDESTRIAN', 'CYCLIST'], loss: 1.9828, hm_loss: 0.0000, loc_loss: 0.6177, loc_loss_elem: ['0.1072', '0.0877', '0.0910', '0.0591', '0.0579', '0.0711', '0.0602', '0.0836'], num_positive: 220.2000, roi_reg_loss: 0.6862, roi_cls_loss: 0.0612

2022-04-29 05:26:57,394 - INFO - Epoch [3/6][60/100]	lr: 0.00050, eta: 0:56:17, time: 9.867, data_time: 0.090, transfer_time: 0.102, forward_time: 9.231, loss_parse_time: 0.000 memory: 13642, 
2022-04-29 05:26:57,395 - INFO - task : ['VEHICLE', 'PEDESTRIAN', 'CYCLIST'], loss: 2.0932, hm_loss: 0.0000, loc_loss: 0.5711, loc_loss_elem: ['0.1015', '0.0787', '0.0759', '0.0585', '0.0577', '0.0632', '0.0592', '0.0764'], num_positive: 251.2000, roi_reg_loss: 0.8983, roi_cls_loss: 0.0527

2022-04-29 05:27:46,099 - INFO - Epoch [3/6][65/100]	lr: 0.00049, eta: 0:55:26, time: 9.741, data_time: 0.090, transfer_time: 0.101, forward_time: 9.109, loss_parse_time: 0.000 memory: 13642, 
2022-04-29 05:27:46,099 - INFO - task : ['VEHICLE', 'PEDESTRIAN', 'CYCLIST'], loss: 1.9903, hm_loss: 0.0000, loc_loss: 0.5781, loc_loss_elem: ['0.1051', '0.0873', '0.0973', '0.0558', '0.0538', '0.0706', '0.0486', '0.0596'], num_positive: 233.8000, roi_reg_loss: 0.7712, roi_cls_loss: 0.0629

2022-04-29 05:28:35,718 - INFO - Epoch [3/6][70/100]	lr: 0.00049, eta: 0:54:36, time: 9.924, data_time: 0.086, transfer_time: 0.101, forward_time: 9.281, loss_parse_time: 0.000 memory: 13642, 
2022-04-29 05:28:35,718 - INFO - task : ['VEHICLE', 'PEDESTRIAN', 'CYCLIST'], loss: 2.0208, hm_loss: 0.0000, loc_loss: 0.5989, loc_loss_elem: ['0.0974', '0.0809', '0.0869', '0.0567', '0.0611', '0.0692', '0.0672', '0.0796'], num_positive: 214.6000, roi_reg_loss: 0.7808, roi_cls_loss: 0.0422

2022-04-29 05:29:24,707 - INFO - Epoch [3/6][75/100]	lr: 0.00049, eta: 0:53:46, time: 9.798, data_time: 0.087, transfer_time: 0.102, forward_time: 9.163, loss_parse_time: 0.000 memory: 13642, 
2022-04-29 05:29:24,708 - INFO - task : ['VEHICLE', 'PEDESTRIAN', 'CYCLIST'], loss: 2.2170, hm_loss: 0.0000, loc_loss: 0.5935, loc_loss_elem: ['0.1026', '0.0875', '0.0860', '0.0578', '0.0559', '0.0671', '0.0622', '0.0743'], num_positive: 250.4000, roi_reg_loss: 0.9799, roi_cls_loss: 0.0502

2022-04-29 05:30:13,745 - INFO - Epoch [3/6][80/100]	lr: 0.00049, eta: 0:52:55, time: 9.805, data_time: 0.080, transfer_time: 0.098, forward_time: 9.185, loss_parse_time: 0.000 memory: 13642, 
2022-04-29 05:30:13,745 - INFO - task : ['VEHICLE', 'PEDESTRIAN', 'CYCLIST'], loss: 2.4341, hm_loss: 0.0000, loc_loss: 0.6142, loc_loss_elem: ['0.0999', '0.0850', '0.0935', '0.0586', '0.0560', '0.0820', '0.0693', '0.0699'], num_positive: 163.2000, roi_reg_loss: 1.1673, roi_cls_loss: 0.0384

2022-04-29 05:31:03,204 - INFO - Epoch [3/6][85/100]	lr: 0.00048, eta: 0:52:06, time: 9.892, data_time: 0.093, transfer_time: 0.103, forward_time: 9.210, loss_parse_time: 0.000 memory: 13642, 
2022-04-29 05:31:03,204 - INFO - task : ['VEHICLE', 'PEDESTRIAN', 'CYCLIST'], loss: 1.9870, hm_loss: 0.0000, loc_loss: 0.5815, loc_loss_elem: ['0.1120', '0.0874', '0.0852', '0.0541', '0.0530', '0.0701', '0.0519', '0.0677'], num_positive: 222.6000, roi_reg_loss: 0.7670, roi_cls_loss: 0.0571

2022-04-29 05:31:52,825 - INFO - Epoch [3/6][90/100]	lr: 0.00048, eta: 0:51:16, time: 9.924, data_time: 0.079, transfer_time: 0.102, forward_time: 9.312, loss_parse_time: 0.000 memory: 13642, 
2022-04-29 05:31:52,825 - INFO - task : ['VEHICLE', 'PEDESTRIAN', 'CYCLIST'], loss: 1.9349, hm_loss: 0.0000, loc_loss: 0.5669, loc_loss_elem: ['0.1041', '0.0812', '0.0757', '0.0590', '0.0625', '0.0672', '0.0549', '0.0623'], num_positive: 262.2000, roi_reg_loss: 0.7574, roi_cls_loss: 0.0437

2022-04-29 05:32:42,429 - INFO - Epoch [3/6][95/100]	lr: 0.00047, eta: 0:50:26, time: 9.923, data_time: 0.085, transfer_time: 0.102, forward_time: 9.300, loss_parse_time: 0.000 memory: 13642, 
2022-04-29 05:32:42,430 - INFO - task : ['VEHICLE', 'PEDESTRIAN', 'CYCLIST'], loss: 1.7486, hm_loss: 0.0000, loc_loss: 0.6028, loc_loss_elem: ['0.1030', '0.0832', '0.0894', '0.0581', '0.0641', '0.0730', '0.0558', '0.0761'], num_positive: 228.2000, roi_reg_loss: 0.5047, roi_cls_loss: 0.0384

2022-04-29 05:33:31,118 - INFO - Epoch [3/6][100/100]	lr: 0.00047, eta: 0:49:36, time: 9.737, data_time: 0.086, transfer_time: 0.099, forward_time: 9.103, loss_parse_time: 0.000 memory: 13642, 
2022-04-29 05:33:31,119 - INFO - task : ['VEHICLE', 'PEDESTRIAN', 'CYCLIST'], loss: 2.0134, hm_loss: 0.0000, loc_loss: 0.6264, loc_loss_elem: ['0.1099', '0.0881', '0.0908', '0.0569', '0.0598', '0.0772', '0.0630', '0.0808'], num_positive: 207.6000, roi_reg_loss: 0.7145, roi_cls_loss: 0.0461

2022-04-29 05:34:27,477 - INFO - Epoch [4/6][5/100]	lr: 0.00046, eta: 0:48:52, time: 11.163, data_time: 1.253, transfer_time: 0.103, forward_time: 9.339, loss_parse_time: 0.000 memory: 13642, 
2022-04-29 05:34:27,478 - INFO - task : ['VEHICLE', 'PEDESTRIAN', 'CYCLIST'], loss: 1.9893, hm_loss: 0.0000, loc_loss: 0.6097, loc_loss_elem: ['0.1003', '0.0866', '0.0872', '0.0578', '0.0601', '0.0753', '0.0622', '0.0802'], num_positive: 227.0000, roi_reg_loss: 0.7233, roi_cls_loss: 0.0467

2022-04-29 05:35:16,659 - INFO - Epoch [4/6][10/100]	lr: 0.00046, eta: 0:48:02, time: 9.836, data_time: 0.084, transfer_time: 0.098, forward_time: 9.199, loss_parse_time: 0.000 memory: 13642, 
2022-04-29 05:35:16,659 - INFO - task : ['VEHICLE', 'PEDESTRIAN', 'CYCLIST'], loss: 1.9500, hm_loss: 0.0000, loc_loss: 0.5812, loc_loss_elem: ['0.1014', '0.0821', '0.0821', '0.0585', '0.0605', '0.0720', '0.0500', '0.0746'], num_positive: 226.2000, roi_reg_loss: 0.7391, roi_cls_loss: 0.0485

2022-04-29 05:36:05,650 - INFO - Epoch [4/6][15/100]	lr: 0.00045, eta: 0:47:12, time: 9.798, data_time: 0.089, transfer_time: 0.098, forward_time: 9.176, loss_parse_time: 0.000 memory: 13642, 
2022-04-29 05:36:05,650 - INFO - task : ['VEHICLE', 'PEDESTRIAN', 'CYCLIST'], loss: 2.0615, hm_loss: 0.0000, loc_loss: 0.6357, loc_loss_elem: ['0.1023', '0.0865', '0.0904', '0.0608', '0.0635', '0.0779', '0.0697', '0.0845'], num_positive: 235.0000, roi_reg_loss: 0.7507, roi_cls_loss: 0.0393

2022-04-29 05:36:55,378 - INFO - Epoch [4/6][20/100]	lr: 0.00044, eta: 0:46:22, time: 9.944, data_time: 0.086, transfer_time: 0.100, forward_time: 9.304, loss_parse_time: 0.000 memory: 13642, 
2022-04-29 05:36:55,378 - INFO - task : ['VEHICLE', 'PEDESTRIAN', 'CYCLIST'], loss: 2.0554, hm_loss: 0.0000, loc_loss: 0.5781, loc_loss_elem: ['0.1028', '0.0804', '0.0781', '0.0555', '0.0617', '0.0659', '0.0577', '0.0760'], num_positive: 221.8000, roi_reg_loss: 0.8603, roi_cls_loss: 0.0390

2022-04-29 05:37:44,969 - INFO - Epoch [4/6][25/100]	lr: 0.00044, eta: 0:45:32, time: 9.919, data_time: 0.084, transfer_time: 0.100, forward_time: 9.302, loss_parse_time: 0.000 memory: 13642, 
2022-04-29 05:37:44,970 - INFO - task : ['VEHICLE', 'PEDESTRIAN', 'CYCLIST'], loss: 2.0467, hm_loss: 0.0000, loc_loss: 0.5926, loc_loss_elem: ['0.1060', '0.0844', '0.0856', '0.0603', '0.0613', '0.0701', '0.0518', '0.0733'], num_positive: 202.8000, roi_reg_loss: 0.8230, roi_cls_loss: 0.0385

2022-04-29 05:38:34,089 - INFO - Epoch [4/6][30/100]	lr: 0.00043, eta: 0:44:42, time: 9.822, data_time: 0.088, transfer_time: 0.103, forward_time: 9.174, loss_parse_time: 0.000 memory: 13642, 
2022-04-29 05:38:34,089 - INFO - task : ['VEHICLE', 'PEDESTRIAN', 'CYCLIST'], loss: 2.0000, hm_loss: 0.0000, loc_loss: 0.5894, loc_loss_elem: ['0.1007', '0.0825', '0.0840', '0.0575', '0.0630', '0.0681', '0.0647', '0.0689'], num_positive: 169.2000, roi_reg_loss: 0.7895, roi_cls_loss: 0.0316

2022-04-29 05:39:24,197 - INFO - Epoch [4/6][35/100]	lr: 0.00042, eta: 0:43:53, time: 10.023, data_time: 0.089, transfer_time: 0.106, forward_time: 9.357, loss_parse_time: 0.000 memory: 13642, 
2022-04-29 05:39:24,197 - INFO - task : ['VEHICLE', 'PEDESTRIAN', 'CYCLIST'], loss: 2.0443, hm_loss: 0.0000, loc_loss: 0.6294, loc_loss_elem: ['0.1054', '0.0877', '0.0873', '0.0589', '0.0666', '0.0707', '0.0742', '0.0786'], num_positive: 197.0000, roi_reg_loss: 0.7463, roi_cls_loss: 0.0393

2022-04-29 05:40:13,584 - INFO - Epoch [4/6][40/100]	lr: 0.00041, eta: 0:43:03, time: 9.875, data_time: 0.078, transfer_time: 0.099, forward_time: 9.241, loss_parse_time: 0.000 memory: 13642, 
2022-04-29 05:40:13,584 - INFO - task : ['VEHICLE', 'PEDESTRIAN', 'CYCLIST'], loss: 1.7854, hm_loss: 0.0000, loc_loss: 0.5754, loc_loss_elem: ['0.1068', '0.0783', '0.0825', '0.0575', '0.0602', '0.0737', '0.0518', '0.0647'], num_positive: 231.6000, roi_reg_loss: 0.6003, roi_cls_loss: 0.0342

2022-04-29 05:41:02,514 - INFO - Epoch [4/6][45/100]	lr: 0.00040, eta: 0:42:13, time: 9.786, data_time: 0.085, transfer_time: 0.101, forward_time: 9.168, loss_parse_time: 0.000 memory: 13642, 
2022-04-29 05:41:02,515 - INFO - task : ['VEHICLE', 'PEDESTRIAN', 'CYCLIST'], loss: 1.8023, hm_loss: 0.0000, loc_loss: 0.5893, loc_loss_elem: ['0.1068', '0.0823', '0.0805', '0.0602', '0.0601', '0.0672', '0.0576', '0.0745'], num_positive: 259.4000, roi_reg_loss: 0.5845, roi_cls_loss: 0.0392

2022-04-29 05:41:51,829 - INFO - Epoch [4/6][50/100]	lr: 0.00040, eta: 0:41:23, time: 9.863, data_time: 0.089, transfer_time: 0.099, forward_time: 9.221, loss_parse_time: 0.000 memory: 13642, 
2022-04-29 05:41:51,829 - INFO - task : ['VEHICLE', 'PEDESTRIAN', 'CYCLIST'], loss: 1.9078, hm_loss: 0.0000, loc_loss: 0.5929, loc_loss_elem: ['0.1046', '0.0849', '0.0817', '0.0607', '0.0621', '0.0658', '0.0513', '0.0816'], num_positive: 236.8000, roi_reg_loss: 0.6871, roi_cls_loss: 0.0350

2022-04-29 05:42:41,091 - INFO - Epoch [4/6][55/100]	lr: 0.00039, eta: 0:40:33, time: 9.855, data_time: 0.081, transfer_time: 0.103, forward_time: 9.240, loss_parse_time: 0.000 memory: 13642, 
2022-04-29 05:42:41,092 - INFO - task : ['VEHICLE', 'PEDESTRIAN', 'CYCLIST'], loss: 1.8302, hm_loss: 0.0000, loc_loss: 0.5806, loc_loss_elem: ['0.1027', '0.0803', '0.0811', '0.0586', '0.0617', '0.0730', '0.0569', '0.0663'], num_positive: 214.0000, roi_reg_loss: 0.6344, roi_cls_loss: 0.0347

2022-04-29 05:43:30,330 - INFO - Epoch [4/6][60/100]	lr: 0.00038, eta: 0:39:43, time: 9.848, data_time: 0.082, transfer_time: 0.100, forward_time: 9.212, loss_parse_time: 0.000 memory: 13642, 
2022-04-29 05:43:30,330 - INFO - task : ['VEHICLE', 'PEDESTRIAN', 'CYCLIST'], loss: 2.1922, hm_loss: 0.0000, loc_loss: 0.5799, loc_loss_elem: ['0.1068', '0.0837', '0.0885', '0.0530', '0.0598', '0.0733', '0.0507', '0.0640'], num_positive: 208.4000, roi_reg_loss: 0.9934, roi_cls_loss: 0.0391

2022-04-29 05:44:19,260 - INFO - Epoch [4/6][65/100]	lr: 0.00037, eta: 0:38:53, time: 9.786, data_time: 0.086, transfer_time: 0.098, forward_time: 9.152, loss_parse_time: 0.000 memory: 13642, 
2022-04-29 05:44:19,261 - INFO - task : ['VEHICLE', 'PEDESTRIAN', 'CYCLIST'], loss: 1.6973, hm_loss: 0.0000, loc_loss: 0.5586, loc_loss_elem: ['0.1031', '0.0745', '0.0834', '0.0540', '0.0559', '0.0692', '0.0597', '0.0588'], num_positive: 183.2000, roi_reg_loss: 0.5456, roi_cls_loss: 0.0344

2022-04-29 05:45:08,344 - INFO - Epoch [4/6][70/100]	lr: 0.00036, eta: 0:38:03, time: 9.817, data_time: 0.086, transfer_time: 0.100, forward_time: 9.184, loss_parse_time: 0.000 memory: 13642, 
2022-04-29 05:45:08,344 - INFO - task : ['VEHICLE', 'PEDESTRIAN', 'CYCLIST'], loss: 2.0488, hm_loss: 0.0000, loc_loss: 0.5468, loc_loss_elem: ['0.0988', '0.0834', '0.0790', '0.0534', '0.0518', '0.0648', '0.0495', '0.0660'], num_positive: 185.2000, roi_reg_loss: 0.9243, roi_cls_loss: 0.0310

2022-04-29 05:45:57,370 - INFO - Epoch [4/6][75/100]	lr: 0.00035, eta: 0:37:13, time: 9.803, data_time: 0.088, transfer_time: 0.100, forward_time: 9.185, loss_parse_time: 0.000 memory: 13642, 
2022-04-29 05:45:57,370 - INFO - task : ['VEHICLE', 'PEDESTRIAN', 'CYCLIST'], loss: 1.9133, hm_loss: 0.0000, loc_loss: 0.5813, loc_loss_elem: ['0.1084', '0.0842', '0.0930', '0.0569', '0.0568', '0.0640', '0.0524', '0.0656'], num_positive: 241.0000, roi_reg_loss: 0.7178, roi_cls_loss: 0.0329

2022-04-29 05:46:45,954 - INFO - Epoch [4/6][80/100]	lr: 0.00034, eta: 0:36:23, time: 9.719, data_time: 0.088, transfer_time: 0.100, forward_time: 9.103, loss_parse_time: 0.000 memory: 13642, 
2022-04-29 05:46:45,955 - INFO - task : ['VEHICLE', 'PEDESTRIAN', 'CYCLIST'], loss: 2.0266, hm_loss: 0.0000, loc_loss: 0.5980, loc_loss_elem: ['0.0981', '0.0837', '0.0839', '0.0596', '0.0634', '0.0730', '0.0540', '0.0822'], num_positive: 241.0000, roi_reg_loss: 0.8077, roi_cls_loss: 0.0228

2022-04-29 05:47:34,655 - INFO - Epoch [4/6][85/100]	lr: 0.00033, eta: 0:35:32, time: 9.740, data_time: 0.084, transfer_time: 0.101, forward_time: 9.114, loss_parse_time: 0.000 memory: 13642, 
2022-04-29 05:47:34,655 - INFO - task : ['VEHICLE', 'PEDESTRIAN', 'CYCLIST'], loss: 1.7250, hm_loss: 0.0000, loc_loss: 0.5535, loc_loss_elem: ['0.1055', '0.0801', '0.0787', '0.0525', '0.0523', '0.0666', '0.0472', '0.0706'], num_positive: 220.4000, roi_reg_loss: 0.5874, roi_cls_loss: 0.0306

2022-04-29 05:48:23,809 - INFO - Epoch [4/6][90/100]	lr: 0.00032, eta: 0:34:43, time: 9.831, data_time: 0.087, transfer_time: 0.097, forward_time: 9.212, loss_parse_time: 0.000 memory: 13642, 
2022-04-29 05:48:23,809 - INFO - task : ['VEHICLE', 'PEDESTRIAN', 'CYCLIST'], loss: 1.8671, hm_loss: 0.0000, loc_loss: 0.5625, loc_loss_elem: ['0.0989', '0.0892', '0.0940', '0.0510', '0.0506', '0.0724', '0.0470', '0.0595'], num_positive: 238.4000, roi_reg_loss: 0.7128, roi_cls_loss: 0.0294

2022-04-29 05:49:13,195 - INFO - Epoch [4/6][95/100]	lr: 0.00031, eta: 0:33:53, time: 9.877, data_time: 0.089, transfer_time: 0.099, forward_time: 9.238, loss_parse_time: 0.000 memory: 13642, 
2022-04-29 05:49:13,196 - INFO - task : ['VEHICLE', 'PEDESTRIAN', 'CYCLIST'], loss: 1.8375, hm_loss: 0.0000, loc_loss: 0.5579, loc_loss_elem: ['0.1030', '0.0847', '0.0795', '0.0548', '0.0563', '0.0671', '0.0500', '0.0626'], num_positive: 254.4000, roi_reg_loss: 0.6879, roi_cls_loss: 0.0338

2022-04-29 05:50:01,890 - INFO - Epoch [4/6][100/100]	lr: 0.00030, eta: 0:33:03, time: 9.739, data_time: 0.086, transfer_time: 0.099, forward_time: 9.099, loss_parse_time: 0.000 memory: 13642, 
2022-04-29 05:50:01,891 - INFO - task : ['VEHICLE', 'PEDESTRIAN', 'CYCLIST'], loss: 2.1257, hm_loss: 0.0000, loc_loss: 0.6467, loc_loss_elem: ['0.1044', '0.0900', '0.0905', '0.0603', '0.0632', '0.0721', '0.0755', '0.0908'], num_positive: 190.6000, roi_reg_loss: 0.8026, roi_cls_loss: 0.0297

2022-04-29 05:50:57,831 - INFO - Epoch [5/6][5/100]	lr: 0.00028, eta: 0:32:16, time: 11.085, data_time: 1.293, transfer_time: 0.104, forward_time: 9.259, loss_parse_time: 0.000 memory: 13642, 
2022-04-29 05:50:57,832 - INFO - task : ['VEHICLE', 'PEDESTRIAN', 'CYCLIST'], loss: 1.7516, hm_loss: 0.0000, loc_loss: 0.5771, loc_loss_elem: ['0.1121', '0.0795', '0.0795', '0.0579', '0.0626', '0.0726', '0.0509', '0.0620'], num_positive: 184.0000, roi_reg_loss: 0.5601, roi_cls_loss: 0.0372

2022-04-29 05:51:46,638 - INFO - Epoch [5/6][10/100]	lr: 0.00027, eta: 0:31:26, time: 9.761, data_time: 0.077, transfer_time: 0.098, forward_time: 9.157, loss_parse_time: 0.000 memory: 13642, 
2022-04-29 05:51:46,638 - INFO - task : ['VEHICLE', 'PEDESTRIAN', 'CYCLIST'], loss: 1.8737, hm_loss: 0.0000, loc_loss: 0.6012, loc_loss_elem: ['0.1045', '0.0851', '0.0844', '0.0621', '0.0674', '0.0714', '0.0579', '0.0683'], num_positive: 237.0000, roi_reg_loss: 0.6349, roi_cls_loss: 0.0365

2022-04-29 05:52:35,806 - INFO - Epoch [5/6][15/100]	lr: 0.00026, eta: 0:30:36, time: 9.836, data_time: 0.091, transfer_time: 0.101, forward_time: 9.191, loss_parse_time: 0.000 memory: 13642, 
2022-04-29 05:52:35,806 - INFO - task : ['VEHICLE', 'PEDESTRIAN', 'CYCLIST'], loss: 1.6756, hm_loss: 0.0000, loc_loss: 0.5906, loc_loss_elem: ['0.0955', '0.0844', '0.0907', '0.0587', '0.0603', '0.0698', '0.0600', '0.0713'], num_positive: 216.4000, roi_reg_loss: 0.4668, roi_cls_loss: 0.0275

2022-04-29 05:53:24,981 - INFO - Epoch [5/6][20/100]	lr: 0.00025, eta: 0:29:46, time: 9.833, data_time: 0.083, transfer_time: 0.102, forward_time: 9.186, loss_parse_time: 0.000 memory: 13642, 
2022-04-29 05:53:24,981 - INFO - task : ['VEHICLE', 'PEDESTRIAN', 'CYCLIST'], loss: 1.9859, hm_loss: 0.0000, loc_loss: 0.6110, loc_loss_elem: ['0.1030', '0.0887', '0.1037', '0.0567', '0.0580', '0.0791', '0.0527', '0.0691'], num_positive: 185.6000, roi_reg_loss: 0.7397, roi_cls_loss: 0.0241

2022-04-29 05:54:13,915 - INFO - Epoch [5/6][25/100]	lr: 0.00024, eta: 0:28:56, time: 9.787, data_time: 0.095, transfer_time: 0.101, forward_time: 9.148, loss_parse_time: 0.000 memory: 13642, 
2022-04-29 05:54:13,916 - INFO - task : ['VEHICLE', 'PEDESTRIAN', 'CYCLIST'], loss: 2.2321, hm_loss: 0.0000, loc_loss: 0.5949, loc_loss_elem: ['0.1000', '0.0765', '0.0768', '0.0628', '0.0668', '0.0629', '0.0673', '0.0820'], num_positive: 278.6000, roi_reg_loss: 1.0099, roi_cls_loss: 0.0324

2022-04-29 05:55:02,731 - INFO - Epoch [5/6][30/100]	lr: 0.00023, eta: 0:28:06, time: 9.765, data_time: 0.086, transfer_time: 0.100, forward_time: 9.122, loss_parse_time: 0.000 memory: 13642, 
2022-04-29 05:55:02,732 - INFO - task : ['VEHICLE', 'PEDESTRIAN', 'CYCLIST'], loss: 1.9229, hm_loss: 0.0000, loc_loss: 0.5973, loc_loss_elem: ['0.0995', '0.0882', '0.0890', '0.0599', '0.0647', '0.0724', '0.0537', '0.0697'], num_positive: 238.8000, roi_reg_loss: 0.7017, roi_cls_loss: 0.0266

2022-04-29 05:55:51,298 - INFO - Epoch [5/6][35/100]	lr: 0.00022, eta: 0:27:16, time: 9.713, data_time: 0.090, transfer_time: 0.099, forward_time: 9.080, loss_parse_time: 0.000 memory: 13642, 
2022-04-29 05:55:51,298 - INFO - task : ['VEHICLE', 'PEDESTRIAN', 'CYCLIST'], loss: 1.7704, hm_loss: 0.0000, loc_loss: 0.5537, loc_loss_elem: ['0.0963', '0.0757', '0.0744', '0.0583', '0.0637', '0.0698', '0.0538', '0.0618'], num_positive: 233.0000, roi_reg_loss: 0.6397, roi_cls_loss: 0.0232

2022-04-29 05:56:40,050 - INFO - Epoch [5/6][40/100]	lr: 0.00021, eta: 0:26:26, time: 9.750, data_time: 0.082, transfer_time: 0.101, forward_time: 9.113, loss_parse_time: 0.000 memory: 13642, 
2022-04-29 05:56:40,050 - INFO - task : ['VEHICLE', 'PEDESTRIAN', 'CYCLIST'], loss: 2.1277, hm_loss: 0.0000, loc_loss: 0.6554, loc_loss_elem: ['0.0992', '0.0931', '0.0935', '0.0636', '0.0683', '0.0733', '0.0751', '0.0893'], num_positive: 210.8000, roi_reg_loss: 0.7890, roi_cls_loss: 0.0278

2022-04-29 05:57:29,221 - INFO - Epoch [5/6][45/100]	lr: 0.00020, eta: 0:25:37, time: 9.834, data_time: 0.092, transfer_time: 0.102, forward_time: 9.181, loss_parse_time: 0.000 memory: 13642, 
2022-04-29 05:57:29,221 - INFO - task : ['VEHICLE', 'PEDESTRIAN', 'CYCLIST'], loss: 1.8163, hm_loss: 0.0000, loc_loss: 0.5898, loc_loss_elem: ['0.1026', '0.0857', '0.0884', '0.0568', '0.0588', '0.0670', '0.0549', '0.0756'], num_positive: 258.4000, roi_reg_loss: 0.6074, roi_cls_loss: 0.0292

2022-04-29 05:58:18,467 - INFO - Epoch [5/6][50/100]	lr: 0.00019, eta: 0:24:47, time: 9.849, data_time: 0.082, transfer_time: 0.101, forward_time: 9.193, loss_parse_time: 0.000 memory: 13642, 
2022-04-29 05:58:18,467 - INFO - task : ['VEHICLE', 'PEDESTRIAN', 'CYCLIST'], loss: 1.8375, hm_loss: 0.0000, loc_loss: 0.5692, loc_loss_elem: ['0.1134', '0.0838', '0.0902', '0.0512', '0.0542', '0.0728', '0.0418', '0.0619'], num_positive: 167.4000, roi_reg_loss: 0.6698, roi_cls_loss: 0.0292

2022-04-29 05:59:07,780 - INFO - Epoch [5/6][55/100]	lr: 0.00018, eta: 0:23:57, time: 9.861, data_time: 0.089, transfer_time: 0.099, forward_time: 9.226, loss_parse_time: 0.000 memory: 13642, 
2022-04-29 05:59:07,780 - INFO - task : ['VEHICLE', 'PEDESTRIAN', 'CYCLIST'], loss: 2.2464, hm_loss: 0.0000, loc_loss: 0.5762, loc_loss_elem: ['0.0995', '0.0807', '0.0828', '0.0570', '0.0597', '0.0677', '0.0574', '0.0714'], num_positive: 229.8000, roi_reg_loss: 1.0753, roi_cls_loss: 0.0187

2022-04-29 05:59:56,700 - INFO - Epoch [5/6][60/100]	lr: 0.00017, eta: 0:23:08, time: 9.785, data_time: 0.079, transfer_time: 0.102, forward_time: 9.140, loss_parse_time: 0.000 memory: 13642, 
2022-04-29 05:59:56,700 - INFO - task : ['VEHICLE', 'PEDESTRIAN', 'CYCLIST'], loss: 1.7889, hm_loss: 0.0000, loc_loss: 0.5857, loc_loss_elem: ['0.1115', '0.0871', '0.0950', '0.0552', '0.0542', '0.0702', '0.0451', '0.0673'], num_positive: 185.0000, roi_reg_loss: 0.5869, roi_cls_loss: 0.0306

2022-04-29 06:00:45,895 - INFO - Epoch [5/6][65/100]	lr: 0.00016, eta: 0:22:18, time: 9.840, data_time: 0.093, transfer_time: 0.100, forward_time: 9.197, loss_parse_time: 0.000 memory: 13642, 
2022-04-29 06:00:45,895 - INFO - task : ['VEHICLE', 'PEDESTRIAN', 'CYCLIST'], loss: 1.8978, hm_loss: 0.0000, loc_loss: 0.6123, loc_loss_elem: ['0.0939', '0.0864', '0.0960', '0.0580', '0.0651', '0.0735', '0.0592', '0.0802'], num_positive: 203.6000, roi_reg_loss: 0.6476, roi_cls_loss: 0.0255

2022-04-29 06:01:34,980 - INFO - Epoch [5/6][70/100]	lr: 0.00015, eta: 0:21:28, time: 9.817, data_time: 0.079, transfer_time: 0.102, forward_time: 9.182, loss_parse_time: 0.000 memory: 13642, 
2022-04-29 06:01:34,980 - INFO - task : ['VEHICLE', 'PEDESTRIAN', 'CYCLIST'], loss: 1.7999, hm_loss: 0.0000, loc_loss: 0.6358, loc_loss_elem: ['0.1038', '0.0871', '0.0898', '0.0611', '0.0674', '0.0713', '0.0685', '0.0868'], num_positive: 262.8000, roi_reg_loss: 0.5037, roi_cls_loss: 0.0247

2022-04-29 06:02:24,250 - INFO - Epoch [5/6][75/100]	lr: 0.00014, eta: 0:20:39, time: 9.854, data_time: 0.084, transfer_time: 0.098, forward_time: 9.220, loss_parse_time: 0.000 memory: 13642, 
2022-04-29 06:02:24,250 - INFO - task : ['VEHICLE', 'PEDESTRIAN', 'CYCLIST'], loss: 1.8267, hm_loss: 0.0000, loc_loss: 0.5865, loc_loss_elem: ['0.1047', '0.0854', '0.0850', '0.0550', '0.0588', '0.0686', '0.0634', '0.0656'], num_positive: 238.8000, roi_reg_loss: 0.6268, roi_cls_loss: 0.0268

2022-04-29 06:03:13,169 - INFO - Epoch [5/6][80/100]	lr: 0.00013, eta: 0:19:49, time: 9.784, data_time: 0.090, transfer_time: 0.101, forward_time: 9.172, loss_parse_time: 0.000 memory: 13642, 
2022-04-29 06:03:13,169 - INFO - task : ['VEHICLE', 'PEDESTRIAN', 'CYCLIST'], loss: 1.9993, hm_loss: 0.0000, loc_loss: 0.5727, loc_loss_elem: ['0.1005', '0.0796', '0.0776', '0.0569', '0.0650', '0.0667', '0.0507', '0.0757'], num_positive: 283.0000, roi_reg_loss: 0.8314, roi_cls_loss: 0.0224

2022-04-29 06:04:02,361 - INFO - Epoch [5/6][85/100]	lr: 0.00012, eta: 0:18:59, time: 9.839, data_time: 0.086, transfer_time: 0.104, forward_time: 9.214, loss_parse_time: 0.000 memory: 13642, 
2022-04-29 06:04:02,362 - INFO - task : ['VEHICLE', 'PEDESTRIAN', 'CYCLIST'], loss: 1.7668, hm_loss: 0.0000, loc_loss: 0.5853, loc_loss_elem: ['0.1085', '0.0831', '0.0886', '0.0542', '0.0571', '0.0716', '0.0448', '0.0774'], num_positive: 175.0000, roi_reg_loss: 0.5703, roi_cls_loss: 0.0258

2022-04-29 06:04:51,404 - INFO - Epoch [5/6][90/100]	lr: 0.00011, eta: 0:18:10, time: 9.808, data_time: 0.081, transfer_time: 0.100, forward_time: 9.183, loss_parse_time: 0.000 memory: 13642, 
2022-04-29 06:04:51,404 - INFO - task : ['VEHICLE', 'PEDESTRIAN', 'CYCLIST'], loss: 1.8806, hm_loss: 0.0000, loc_loss: 0.6010, loc_loss_elem: ['0.1000', '0.0919', '0.0968', '0.0551', '0.0540', '0.0706', '0.0601', '0.0724'], num_positive: 223.0000, roi_reg_loss: 0.6523, roi_cls_loss: 0.0264

2022-04-29 06:05:40,092 - INFO - Epoch [5/6][95/100]	lr: 0.00010, eta: 0:17:20, time: 9.735, data_time: 0.091, transfer_time: 0.101, forward_time: 9.117, loss_parse_time: 0.000 memory: 13642, 
2022-04-29 06:05:40,093 - INFO - task : ['VEHICLE', 'PEDESTRIAN', 'CYCLIST'], loss: 1.8156, hm_loss: 0.0000, loc_loss: 0.6115, loc_loss_elem: ['0.1145', '0.0888', '0.0828', '0.0589', '0.0620', '0.0754', '0.0477', '0.0815'], num_positive: 208.0000, roi_reg_loss: 0.5664, roi_cls_loss: 0.0262

2022-04-29 06:06:29,164 - INFO - Epoch [5/6][100/100]	lr: 0.00009, eta: 0:16:30, time: 9.815, data_time: 0.087, transfer_time: 0.099, forward_time: 9.183, loss_parse_time: 0.000 memory: 13642, 
2022-04-29 06:06:29,164 - INFO - task : ['VEHICLE', 'PEDESTRIAN', 'CYCLIST'], loss: 1.6365, hm_loss: 0.0000, loc_loss: 0.5844, loc_loss_elem: ['0.0962', '0.0796', '0.0796', '0.0557', '0.0639', '0.0651', '0.0600', '0.0843'], num_positive: 230.6000, roi_reg_loss: 0.4464, roi_cls_loss: 0.0211

2022-04-29 06:07:25,116 - INFO - Epoch [6/6][5/100]	lr: 0.00008, eta: 0:15:42, time: 11.087, data_time: 1.261, transfer_time: 0.109, forward_time: 9.270, loss_parse_time: 0.000 memory: 13642, 
2022-04-29 06:07:25,117 - INFO - task : ['VEHICLE', 'PEDESTRIAN', 'CYCLIST'], loss: 1.8964, hm_loss: 0.0000, loc_loss: 0.6614, loc_loss_elem: ['0.1163', '0.0972', '0.0957', '0.0551', '0.0555', '0.0768', '0.0775', '0.0874'], num_positive: 170.0000, roi_reg_loss: 0.5523, roi_cls_loss: 0.0214

2022-04-29 06:08:14,159 - INFO - Epoch [6/6][10/100]	lr: 0.00007, eta: 0:14:52, time: 9.810, data_time: 0.079, transfer_time: 0.101, forward_time: 9.184, loss_parse_time: 0.000 memory: 13642, 
2022-04-29 06:08:14,159 - INFO - task : ['VEHICLE', 'PEDESTRIAN', 'CYCLIST'], loss: 1.9088, hm_loss: 0.0000, loc_loss: 0.5789, loc_loss_elem: ['0.1050', '0.0816', '0.0795', '0.0568', '0.0596', '0.0667', '0.0516', '0.0781'], num_positive: 227.6000, roi_reg_loss: 0.7121, roi_cls_loss: 0.0389

2022-04-29 06:09:03,638 - INFO - Epoch [6/6][15/100]	lr: 0.00007, eta: 0:14:02, time: 9.896, data_time: 0.084, transfer_time: 0.101, forward_time: 9.252, loss_parse_time: 0.000 memory: 13642, 
2022-04-29 06:09:03,638 - INFO - task : ['VEHICLE', 'PEDESTRIAN', 'CYCLIST'], loss: 1.5547, hm_loss: 0.0000, loc_loss: 0.5636, loc_loss_elem: ['0.0994', '0.0866', '0.0845', '0.0560', '0.0593', '0.0716', '0.0490', '0.0573'], num_positive: 211.2000, roi_reg_loss: 0.4047, roi_cls_loss: 0.0227

2022-04-29 06:09:52,587 - INFO - Epoch [6/6][20/100]	lr: 0.00006, eta: 0:13:13, time: 9.789, data_time: 0.082, transfer_time: 0.101, forward_time: 9.148, loss_parse_time: 0.000 memory: 13642, 
2022-04-29 06:09:52,587 - INFO - task : ['VEHICLE', 'PEDESTRIAN', 'CYCLIST'], loss: 2.2510, hm_loss: 0.0000, loc_loss: 0.6245, loc_loss_elem: ['0.1047', '0.0891', '0.0913', '0.0551', '0.0578', '0.0726', '0.0735', '0.0803'], num_positive: 204.2000, roi_reg_loss: 0.9771, roi_cls_loss: 0.0249

2022-04-29 06:10:41,838 - INFO - Epoch [6/6][25/100]	lr: 0.00005, eta: 0:12:23, time: 9.851, data_time: 0.085, transfer_time: 0.099, forward_time: 9.239, loss_parse_time: 0.000 memory: 13642, 
2022-04-29 06:10:41,838 - INFO - task : ['VEHICLE', 'PEDESTRIAN', 'CYCLIST'], loss: 1.7669, hm_loss: 0.0000, loc_loss: 0.5658, loc_loss_elem: ['0.1073', '0.0808', '0.0849', '0.0561', '0.0607', '0.0712', '0.0468', '0.0579'], num_positive: 219.6000, roi_reg_loss: 0.6048, roi_cls_loss: 0.0304

2022-04-29 06:11:30,939 - INFO - Epoch [6/6][30/100]	lr: 0.00005, eta: 0:11:34, time: 9.818, data_time: 0.084, transfer_time: 0.103, forward_time: 9.180, loss_parse_time: 0.000 memory: 13642, 
2022-04-29 06:11:30,939 - INFO - task : ['VEHICLE', 'PEDESTRIAN', 'CYCLIST'], loss: 1.8267, hm_loss: 0.0000, loc_loss: 0.5974, loc_loss_elem: ['0.1020', '0.0794', '0.0858', '0.0602', '0.0657', '0.0707', '0.0620', '0.0717'], num_positive: 219.4000, roi_reg_loss: 0.6129, roi_cls_loss: 0.0190

2022-04-29 06:12:20,016 - INFO - Epoch [6/6][35/100]	lr: 0.00004, eta: 0:10:44, time: 9.817, data_time: 0.089, transfer_time: 0.102, forward_time: 9.192, loss_parse_time: 0.000 memory: 13642, 
2022-04-29 06:12:20,016 - INFO - task : ['VEHICLE', 'PEDESTRIAN', 'CYCLIST'], loss: 1.8489, hm_loss: 0.0000, loc_loss: 0.5632, loc_loss_elem: ['0.1038', '0.0856', '0.0767', '0.0581', '0.0576', '0.0641', '0.0478', '0.0695'], num_positive: 234.0000, roi_reg_loss: 0.6950, roi_cls_loss: 0.0276

2022-04-29 06:13:08,788 - INFO - Epoch [6/6][40/100]	lr: 0.00003, eta: 0:09:54, time: 9.754, data_time: 0.086, transfer_time: 0.102, forward_time: 9.101, loss_parse_time: 0.000 memory: 13642, 
2022-04-29 06:13:08,788 - INFO - task : ['VEHICLE', 'PEDESTRIAN', 'CYCLIST'], loss: 1.7906, hm_loss: 0.0000, loc_loss: 0.6047, loc_loss_elem: ['0.1080', '0.0870', '0.0888', '0.0576', '0.0631', '0.0694', '0.0611', '0.0698'], num_positive: 210.6000, roi_reg_loss: 0.5593, roi_cls_loss: 0.0218

2022-04-29 06:13:57,699 - INFO - Epoch [6/6][45/100]	lr: 0.00003, eta: 0:09:05, time: 9.782, data_time: 0.077, transfer_time: 0.100, forward_time: 9.163, loss_parse_time: 0.000 memory: 13642, 
2022-04-29 06:13:57,699 - INFO - task : ['VEHICLE', 'PEDESTRIAN', 'CYCLIST'], loss: 1.8039, hm_loss: 0.0000, loc_loss: 0.6529, loc_loss_elem: ['0.1067', '0.0858', '0.0898', '0.0623', '0.0669', '0.0736', '0.0736', '0.0942'], num_positive: 222.2000, roi_reg_loss: 0.4739, roi_cls_loss: 0.0242

2022-04-29 06:14:46,720 - INFO - Epoch [6/6][50/100]	lr: 0.00002, eta: 0:08:15, time: 9.804, data_time: 0.081, transfer_time: 0.099, forward_time: 9.179, loss_parse_time: 0.000 memory: 13642, 
2022-04-29 06:14:46,720 - INFO - task : ['VEHICLE', 'PEDESTRIAN', 'CYCLIST'], loss: 1.7822, hm_loss: 0.0000, loc_loss: 0.6072, loc_loss_elem: ['0.1127', '0.0835', '0.0863', '0.0585', '0.0637', '0.0710', '0.0598', '0.0716'], num_positive: 223.8000, roi_reg_loss: 0.5416, roi_cls_loss: 0.0263

2022-04-29 06:15:35,623 - INFO - Epoch [6/6][55/100]	lr: 0.00002, eta: 0:07:25, time: 9.781, data_time: 0.091, transfer_time: 0.105, forward_time: 9.117, loss_parse_time: 0.000 memory: 13642, 
2022-04-29 06:15:35,623 - INFO - task : ['VEHICLE', 'PEDESTRIAN', 'CYCLIST'], loss: 1.8793, hm_loss: 0.0000, loc_loss: 0.6400, loc_loss_elem: ['0.1007', '0.0886', '0.0848', '0.0602', '0.0664', '0.0709', '0.0788', '0.0896'], num_positive: 239.8000, roi_reg_loss: 0.5755, roi_cls_loss: 0.0238

2022-04-29 06:16:25,080 - INFO - Epoch [6/6][60/100]	lr: 0.00002, eta: 0:06:36, time: 9.892, data_time: 0.086, transfer_time: 0.103, forward_time: 9.250, loss_parse_time: 0.000 memory: 13642, 
2022-04-29 06:16:25,080 - INFO - task : ['VEHICLE', 'PEDESTRIAN', 'CYCLIST'], loss: 2.0891, hm_loss: 0.0000, loc_loss: 0.5973, loc_loss_elem: ['0.1015', '0.0902', '0.0940', '0.0546', '0.0531', '0.0771', '0.0548', '0.0720'], num_positive: 190.2000, roi_reg_loss: 0.8742, roi_cls_loss: 0.0202

2022-04-29 06:17:14,141 - INFO - Epoch [6/6][65/100]	lr: 0.00001, eta: 0:05:46, time: 9.810, data_time: 0.091, transfer_time: 0.102, forward_time: 9.175, loss_parse_time: 0.000 memory: 13642, 
2022-04-29 06:17:14,141 - INFO - task : ['VEHICLE', 'PEDESTRIAN', 'CYCLIST'], loss: 1.7958, hm_loss: 0.0000, loc_loss: 0.5994, loc_loss_elem: ['0.1008', '0.0860', '0.0858', '0.0588', '0.0602', '0.0731', '0.0563', '0.0783'], num_positive: 214.6000, roi_reg_loss: 0.5739, roi_cls_loss: 0.0231

2022-04-29 06:18:03,097 - INFO - Epoch [6/6][70/100]	lr: 0.00001, eta: 0:04:57, time: 9.793, data_time: 0.093, transfer_time: 0.100, forward_time: 9.141, loss_parse_time: 0.000 memory: 13642, 
2022-04-29 06:18:03,097 - INFO - task : ['VEHICLE', 'PEDESTRIAN', 'CYCLIST'], loss: 1.9269, hm_loss: 0.0000, loc_loss: 0.6148, loc_loss_elem: ['0.1033', '0.0833', '0.0858', '0.0594', '0.0648', '0.0694', '0.0687', '0.0802'], num_positive: 269.8000, roi_reg_loss: 0.6692, roi_cls_loss: 0.0281

2022-04-29 06:18:52,120 - INFO - Epoch [6/6][75/100]	lr: 0.00001, eta: 0:04:07, time: 9.805, data_time: 0.087, transfer_time: 0.102, forward_time: 9.194, loss_parse_time: 0.000 memory: 13642, 
2022-04-29 06:18:52,120 - INFO - task : ['VEHICLE', 'PEDESTRIAN', 'CYCLIST'], loss: 1.7633, hm_loss: 0.0000, loc_loss: 0.5590, loc_loss_elem: ['0.1012', '0.0809', '0.0762', '0.0559', '0.0604', '0.0629', '0.0534', '0.0682'], num_positive: 240.4000, roi_reg_loss: 0.6190, roi_cls_loss: 0.0264

2022-04-29 06:19:41,272 - INFO - Epoch [6/6][80/100]	lr: 0.00000, eta: 0:03:18, time: 9.829, data_time: 0.084, transfer_time: 0.100, forward_time: 9.214, loss_parse_time: 0.000 memory: 13642, 
2022-04-29 06:19:41,272 - INFO - task : ['VEHICLE', 'PEDESTRIAN', 'CYCLIST'], loss: 1.9092, hm_loss: 0.0000, loc_loss: 0.5856, loc_loss_elem: ['0.0982', '0.0857', '0.0857', '0.0581', '0.0602', '0.0688', '0.0659', '0.0631'], num_positive: 215.4000, roi_reg_loss: 0.7179, roi_cls_loss: 0.0200

2022-04-29 06:20:30,409 - INFO - Epoch [6/6][85/100]	lr: 0.00000, eta: 0:02:28, time: 9.827, data_time: 0.090, transfer_time: 0.104, forward_time: 9.189, loss_parse_time: 0.000 memory: 13642, 
2022-04-29 06:20:30,410 - INFO - task : ['VEHICLE', 'PEDESTRIAN', 'CYCLIST'], loss: 1.7161, hm_loss: 0.0000, loc_loss: 0.6207, loc_loss_elem: ['0.1095', '0.0922', '0.0988', '0.0534', '0.0541', '0.0820', '0.0586', '0.0722'], num_positive: 184.6000, roi_reg_loss: 0.4594, roi_cls_loss: 0.0152

2022-04-29 06:21:19,529 - INFO - Epoch [6/6][90/100]	lr: 0.00000, eta: 0:01:39, time: 9.824, data_time: 0.090, transfer_time: 0.098, forward_time: 9.209, loss_parse_time: 0.000 memory: 13642, 
2022-04-29 06:21:19,529 - INFO - task : ['VEHICLE', 'PEDESTRIAN', 'CYCLIST'], loss: 1.7829, hm_loss: 0.0000, loc_loss: 0.5933, loc_loss_elem: ['0.0980', '0.0855', '0.0906', '0.0561', '0.0616', '0.0691', '0.0551', '0.0773'], num_positive: 224.2000, roi_reg_loss: 0.5719, roi_cls_loss: 0.0244

2022-04-29 06:22:08,359 - INFO - Epoch [6/6][95/100]	lr: 0.00000, eta: 0:00:49, time: 9.765, data_time: 0.085, transfer_time: 0.101, forward_time: 9.141, loss_parse_time: 0.000 memory: 13642, 
2022-04-29 06:22:08,359 - INFO - task : ['VEHICLE', 'PEDESTRIAN', 'CYCLIST'], loss: 1.6021, hm_loss: 0.0000, loc_loss: 0.5948, loc_loss_elem: ['0.1050', '0.0850', '0.0840', '0.0544', '0.0633', '0.0785', '0.0527', '0.0719'], num_positive: 204.4000, roi_reg_loss: 0.3905, roi_cls_loss: 0.0220

2022-04-29 06:22:56,945 - INFO - Epoch [6/6][100/100]	lr: 0.00000, eta: 0:00:00, time: 9.718, data_time: 0.093, transfer_time: 0.104, forward_time: 9.060, loss_parse_time: 0.000 memory: 13642, 
2022-04-29 06:22:56,945 - INFO - task : ['VEHICLE', 'PEDESTRIAN', 'CYCLIST'], loss: 1.8649, hm_loss: 0.0000, loc_loss: 0.6009, loc_loss_elem: ['0.1071', '0.0843', '0.0878', '0.0583', '0.0608', '0.0712', '0.0576', '0.0739'], num_positive: 214.2000, roi_reg_loss: 0.6362, roi_cls_loss: 0.0268

