2022-04-29 19:34:52,266 - INFO - Start running, host: root@38c34f86dda2, work_dir: /code/CenterPoint/work_dirs/waymo_centerpoint_voxelnet_two_stage_bev_5point_ft_6epoch_freeze_fusion
2022-04-29 19:34:52,267 - INFO - workflow: [('train', 1)], max: 6 epochs
2022-04-29 19:35:47,194 - INFO - Epoch [1/6][5/100]	lr: 0.00005, eta: 1:48:55, time: 10.985, data_time: 1.301, transfer_time: 0.098, forward_time: 9.145, loss_parse_time: 0.000 memory: 12231, 
2022-04-29 19:35:47,194 - INFO - task : ['VEHICLE', 'PEDESTRIAN', 'CYCLIST'], loss: 2.5649, hm_loss: 0.0000, loc_loss: 0.5882, loc_loss_elem: ['0.1038', '0.0824', '0.0797', '0.0571', '0.0626', '0.0653', '0.0605', '0.0768'], num_positive: 270.4000, roi_reg_loss: 0.7896, roi_cls_loss: 0.5989

2022-04-29 19:36:35,193 - INFO - Epoch [1/6][10/100]	lr: 0.00005, eta: 1:41:12, time: 9.600, data_time: 0.078, transfer_time: 0.098, forward_time: 8.997, loss_parse_time: 0.000 memory: 12231, 
2022-04-29 19:36:35,193 - INFO - task : ['VEHICLE', 'PEDESTRIAN', 'CYCLIST'], loss: 2.6219, hm_loss: 0.0000, loc_loss: 0.6557, loc_loss_elem: ['0.1128', '0.0876', '0.0987', '0.0587', '0.0608', '0.0805', '0.0739', '0.0828'], num_positive: 219.8000, roi_reg_loss: 0.8048, roi_cls_loss: 0.5056

2022-04-29 19:37:23,898 - INFO - Epoch [1/6][15/100]	lr: 0.00005, eta: 1:38:33, time: 9.739, data_time: 0.085, transfer_time: 0.101, forward_time: 9.129, loss_parse_time: 0.000 memory: 12231, 
2022-04-29 19:37:23,898 - INFO - task : ['VEHICLE', 'PEDESTRIAN', 'CYCLIST'], loss: 2.5375, hm_loss: 0.0000, loc_loss: 0.6485, loc_loss_elem: ['0.1045', '0.0965', '0.1159', '0.0534', '0.0501', '0.0868', '0.0524', '0.0889'], num_positive: 185.8000, roi_reg_loss: 0.8019, roi_cls_loss: 0.4387

2022-04-29 19:38:12,450 - INFO - Epoch [1/6][20/100]	lr: 0.00006, eta: 1:36:44, time: 9.710, data_time: 0.084, transfer_time: 0.102, forward_time: 9.090, loss_parse_time: 0.000 memory: 12231, 
2022-04-29 19:38:12,450 - INFO - task : ['VEHICLE', 'PEDESTRIAN', 'CYCLIST'], loss: 2.4492, hm_loss: 0.0000, loc_loss: 0.6321, loc_loss_elem: ['0.1050', '0.0862', '0.0879', '0.0578', '0.0602', '0.0776', '0.0669', '0.0904'], num_positive: 227.6000, roi_reg_loss: 0.7942, roi_cls_loss: 0.3909

2022-04-29 19:39:01,026 - INFO - Epoch [1/6][25/100]	lr: 0.00006, eta: 1:35:21, time: 9.717, data_time: 0.083, transfer_time: 0.098, forward_time: 9.090, loss_parse_time: 0.000 memory: 13340, 
2022-04-29 19:39:01,026 - INFO - task : ['VEHICLE', 'PEDESTRIAN', 'CYCLIST'], loss: 2.4029, hm_loss: 0.0000, loc_loss: 0.6434, loc_loss_elem: ['0.0995', '0.0866', '0.0982', '0.0589', '0.0636', '0.0791', '0.0717', '0.0859'], num_positive: 246.2000, roi_reg_loss: 0.7719, roi_cls_loss: 0.3441

2022-04-29 19:39:49,496 - INFO - Epoch [1/6][30/100]	lr: 0.00007, eta: 1:34:07, time: 9.694, data_time: 0.084, transfer_time: 0.102, forward_time: 9.057, loss_parse_time: 0.000 memory: 13340, 
2022-04-29 19:39:49,496 - INFO - task : ['VEHICLE', 'PEDESTRIAN', 'CYCLIST'], loss: 2.3083, hm_loss: 0.0000, loc_loss: 0.6030, loc_loss_elem: ['0.1063', '0.0850', '0.0926', '0.0537', '0.0579', '0.0794', '0.0571', '0.0709'], num_positive: 184.0000, roi_reg_loss: 0.8019, roi_cls_loss: 0.3004

2022-04-29 19:40:38,010 - INFO - Epoch [1/6][35/100]	lr: 0.00007, eta: 1:33:01, time: 9.703, data_time: 0.086, transfer_time: 0.099, forward_time: 9.061, loss_parse_time: 0.000 memory: 13340, 
2022-04-29 19:40:38,010 - INFO - task : ['VEHICLE', 'PEDESTRIAN', 'CYCLIST'], loss: 2.3331, hm_loss: 0.0000, loc_loss: 0.6152, loc_loss_elem: ['0.1066', '0.0872', '0.0964', '0.0587', '0.0616', '0.0766', '0.0588', '0.0693'], num_positive: 222.2000, roi_reg_loss: 0.7740, roi_cls_loss: 0.3287

2022-04-29 19:41:26,356 - INFO - Epoch [1/6][40/100]	lr: 0.00008, eta: 1:31:57, time: 9.669, data_time: 0.086, transfer_time: 0.104, forward_time: 9.016, loss_parse_time: 0.000 memory: 13340, 
2022-04-29 19:41:26,357 - INFO - task : ['VEHICLE', 'PEDESTRIAN', 'CYCLIST'], loss: 2.4461, hm_loss: 0.0000, loc_loss: 0.6573, loc_loss_elem: ['0.1044', '0.0863', '0.0831', '0.0618', '0.0673', '0.0716', '0.0889', '0.0938'], num_positive: 220.6000, roi_reg_loss: 0.8015, roi_cls_loss: 0.3302

2022-04-29 19:42:14,639 - INFO - Epoch [1/6][45/100]	lr: 0.00009, eta: 1:30:55, time: 9.656, data_time: 0.088, transfer_time: 0.100, forward_time: 9.021, loss_parse_time: 0.000 memory: 13340, 
2022-04-29 19:42:14,639 - INFO - task : ['VEHICLE', 'PEDESTRIAN', 'CYCLIST'], loss: 2.3169, hm_loss: 0.0000, loc_loss: 0.6250, loc_loss_elem: ['0.1084', '0.0872', '0.0847', '0.0552', '0.0578', '0.0796', '0.0615', '0.0905'], num_positive: 171.6000, roi_reg_loss: 0.7960, roi_cls_loss: 0.2710

2022-04-29 19:43:03,365 - INFO - Epoch [1/6][50/100]	lr: 0.00009, eta: 1:30:01, time: 9.744, data_time: 0.081, transfer_time: 0.098, forward_time: 9.130, loss_parse_time: 0.000 memory: 13340, 
2022-04-29 19:43:03,365 - INFO - task : ['VEHICLE', 'PEDESTRIAN', 'CYCLIST'], loss: 2.2979, hm_loss: 0.0000, loc_loss: 0.6162, loc_loss_elem: ['0.1128', '0.0899', '0.0888', '0.0563', '0.0588', '0.0769', '0.0591', '0.0736'], num_positive: 224.8000, roi_reg_loss: 0.8052, roi_cls_loss: 0.2604

2022-04-29 19:43:51,722 - INFO - Epoch [1/6][55/100]	lr: 0.00010, eta: 1:29:05, time: 9.671, data_time: 0.091, transfer_time: 0.101, forward_time: 9.006, loss_parse_time: 0.000 memory: 13340, 
2022-04-29 19:43:51,722 - INFO - task : ['VEHICLE', 'PEDESTRIAN', 'CYCLIST'], loss: 2.2054, hm_loss: 0.0000, loc_loss: 0.5955, loc_loss_elem: ['0.1077', '0.0800', '0.0791', '0.0594', '0.0642', '0.0692', '0.0626', '0.0734'], num_positive: 229.2000, roi_reg_loss: 0.7680, roi_cls_loss: 0.2464

2022-04-29 19:44:40,429 - INFO - Epoch [1/6][60/100]	lr: 0.00011, eta: 1:28:13, time: 9.744, data_time: 0.087, transfer_time: 0.098, forward_time: 9.104, loss_parse_time: 0.000 memory: 13340, 
2022-04-29 19:44:40,429 - INFO - task : ['VEHICLE', 'PEDESTRIAN', 'CYCLIST'], loss: 2.2241, hm_loss: 0.0000, loc_loss: 0.6136, loc_loss_elem: ['0.1018', '0.0856', '0.0868', '0.0594', '0.0628', '0.0732', '0.0647', '0.0793'], num_positive: 246.8000, roi_reg_loss: 0.7802, roi_cls_loss: 0.2167

2022-04-29 19:45:28,914 - INFO - Epoch [1/6][65/100]	lr: 0.00012, eta: 1:27:20, time: 9.697, data_time: 0.078, transfer_time: 0.101, forward_time: 9.053, loss_parse_time: 0.000 memory: 13340, 
2022-04-29 19:45:28,915 - INFO - task : ['VEHICLE', 'PEDESTRIAN', 'CYCLIST'], loss: 2.1822, hm_loss: 0.0000, loc_loss: 0.5866, loc_loss_elem: ['0.1043', '0.0806', '0.0819', '0.0567', '0.0601', '0.0671', '0.0589', '0.0769'], num_positive: 239.6000, roi_reg_loss: 0.7569, roi_cls_loss: 0.2522

2022-04-29 19:46:17,284 - INFO - Epoch [1/6][70/100]	lr: 0.00014, eta: 1:26:26, time: 9.674, data_time: 0.084, transfer_time: 0.103, forward_time: 9.041, loss_parse_time: 0.000 memory: 13340, 
2022-04-29 19:46:17,284 - INFO - task : ['VEHICLE', 'PEDESTRIAN', 'CYCLIST'], loss: 2.1896, hm_loss: 0.0000, loc_loss: 0.6137, loc_loss_elem: ['0.1020', '0.0854', '0.0799', '0.0594', '0.0647', '0.0696', '0.0743', '0.0785'], num_positive: 252.0000, roi_reg_loss: 0.7523, roi_cls_loss: 0.2098

2022-04-29 19:47:05,654 - INFO - Epoch [1/6][75/100]	lr: 0.00015, eta: 1:25:33, time: 9.672, data_time: 0.086, transfer_time: 0.101, forward_time: 9.048, loss_parse_time: 0.000 memory: 13340, 
2022-04-29 19:47:05,654 - INFO - task : ['VEHICLE', 'PEDESTRIAN', 'CYCLIST'], loss: 2.1478, hm_loss: 0.0000, loc_loss: 0.6013, loc_loss_elem: ['0.1067', '0.0835', '0.0965', '0.0515', '0.0566', '0.0776', '0.0537', '0.0753'], num_positive: 212.0000, roi_reg_loss: 0.7687, roi_cls_loss: 0.1764

2022-04-29 19:47:53,993 - INFO - Epoch [1/6][80/100]	lr: 0.00016, eta: 1:24:41, time: 9.670, data_time: 0.090, transfer_time: 0.100, forward_time: 9.041, loss_parse_time: 0.000 memory: 13340, 
2022-04-29 19:47:53,994 - INFO - task : ['VEHICLE', 'PEDESTRIAN', 'CYCLIST'], loss: 2.0576, hm_loss: 0.0000, loc_loss: 0.5755, loc_loss_elem: ['0.1012', '0.0806', '0.0859', '0.0569', '0.0584', '0.0723', '0.0510', '0.0690'], num_positive: 201.4000, roi_reg_loss: 0.7492, roi_cls_loss: 0.1575

2022-04-29 19:48:42,514 - INFO - Epoch [1/6][85/100]	lr: 0.00017, eta: 1:23:50, time: 9.704, data_time: 0.084, transfer_time: 0.100, forward_time: 9.056, loss_parse_time: 0.000 memory: 13340, 
2022-04-29 19:48:42,514 - INFO - task : ['VEHICLE', 'PEDESTRIAN', 'CYCLIST'], loss: 2.3170, hm_loss: 0.0000, loc_loss: 0.6595, loc_loss_elem: ['0.1131', '0.0900', '0.0900', '0.0625', '0.0715', '0.0815', '0.0634', '0.0874'], num_positive: 220.0000, roi_reg_loss: 0.8094, roi_cls_loss: 0.1887

2022-04-29 19:49:30,795 - INFO - Epoch [1/6][90/100]	lr: 0.00019, eta: 1:22:58, time: 9.656, data_time: 0.088, transfer_time: 0.099, forward_time: 9.025, loss_parse_time: 0.000 memory: 13340, 
2022-04-29 19:49:30,795 - INFO - task : ['VEHICLE', 'PEDESTRIAN', 'CYCLIST'], loss: 2.1214, hm_loss: 0.0000, loc_loss: 0.5978, loc_loss_elem: ['0.1025', '0.0834', '0.0794', '0.0604', '0.0637', '0.0719', '0.0623', '0.0744'], num_positive: 230.6000, roi_reg_loss: 0.7556, roi_cls_loss: 0.1702

2022-04-29 19:50:19,181 - INFO - Epoch [1/6][95/100]	lr: 0.00020, eta: 1:22:07, time: 9.675, data_time: 0.086, transfer_time: 0.099, forward_time: 9.040, loss_parse_time: 0.000 memory: 13340, 
2022-04-29 19:50:19,181 - INFO - task : ['VEHICLE', 'PEDESTRIAN', 'CYCLIST'], loss: 2.0772, hm_loss: 0.0000, loc_loss: 0.5802, loc_loss_elem: ['0.1095', '0.0833', '0.0786', '0.0563', '0.0607', '0.0696', '0.0489', '0.0734'], num_positive: 213.8000, roi_reg_loss: 0.7615, roi_cls_loss: 0.1552

2022-04-29 19:51:07,741 - INFO - Epoch [1/6][100/100]	lr: 0.00021, eta: 1:21:17, time: 9.712, data_time: 0.088, transfer_time: 0.100, forward_time: 9.046, loss_parse_time: 0.000 memory: 13643, 
2022-04-29 19:51:07,741 - INFO - task : ['VEHICLE', 'PEDESTRIAN', 'CYCLIST'], loss: 2.1660, hm_loss: 0.0000, loc_loss: 0.6182, loc_loss_elem: ['0.1052', '0.0817', '0.0765', '0.0636', '0.0686', '0.0705', '0.0725', '0.0796'], num_positive: 249.0000, roi_reg_loss: 0.7544, roi_cls_loss: 0.1753

2022-04-29 19:52:03,553 - INFO - Epoch [2/6][5/100]	lr: 0.00023, eta: 1:20:59, time: 11.058, data_time: 1.324, transfer_time: 0.095, forward_time: 9.211, loss_parse_time: 0.000 memory: 13643, 
2022-04-29 19:52:03,553 - INFO - task : ['VEHICLE', 'PEDESTRIAN', 'CYCLIST'], loss: 2.1198, hm_loss: 0.0000, loc_loss: 0.6111, loc_loss_elem: ['0.1050', '0.0812', '0.0857', '0.0583', '0.0647', '0.0731', '0.0630', '0.0802'], num_positive: 236.4000, roi_reg_loss: 0.7518, roi_cls_loss: 0.1457

2022-04-29 19:52:52,207 - INFO - Epoch [2/6][10/100]	lr: 0.00024, eta: 1:20:08, time: 9.732, data_time: 0.081, transfer_time: 0.100, forward_time: 9.117, loss_parse_time: 0.000 memory: 13643, 
2022-04-29 19:52:52,207 - INFO - task : ['VEHICLE', 'PEDESTRIAN', 'CYCLIST'], loss: 2.1758, hm_loss: 0.0000, loc_loss: 0.6020, loc_loss_elem: ['0.1186', '0.0865', '0.0949', '0.0526', '0.0541', '0.0719', '0.0527', '0.0706'], num_positive: 183.8000, roi_reg_loss: 0.8300, roi_cls_loss: 0.1418

2022-04-29 19:53:40,848 - INFO - Epoch [2/6][15/100]	lr: 0.00026, eta: 1:19:17, time: 9.727, data_time: 0.080, transfer_time: 0.098, forward_time: 9.110, loss_parse_time: 0.000 memory: 13643, 
2022-04-29 19:53:40,848 - INFO - task : ['VEHICLE', 'PEDESTRIAN', 'CYCLIST'], loss: 2.1041, hm_loss: 0.0000, loc_loss: 0.6079, loc_loss_elem: ['0.1013', '0.0796', '0.0747', '0.0625', '0.0712', '0.0690', '0.0675', '0.0820'], num_positive: 255.6000, roi_reg_loss: 0.7326, roi_cls_loss: 0.1557

2022-04-29 19:54:29,454 - INFO - Epoch [2/6][20/100]	lr: 0.00027, eta: 1:18:26, time: 9.722, data_time: 0.084, transfer_time: 0.096, forward_time: 9.084, loss_parse_time: 0.000 memory: 13643, 
2022-04-29 19:54:29,454 - INFO - task : ['VEHICLE', 'PEDESTRIAN', 'CYCLIST'], loss: 2.1697, hm_loss: 0.0000, loc_loss: 0.6198, loc_loss_elem: ['0.1092', '0.0898', '0.0922', '0.0579', '0.0613', '0.0769', '0.0540', '0.0786'], num_positive: 227.4000, roi_reg_loss: 0.7700, roi_cls_loss: 0.1600

2022-04-29 19:55:18,072 - INFO - Epoch [2/6][25/100]	lr: 0.00029, eta: 1:17:36, time: 9.725, data_time: 0.082, transfer_time: 0.102, forward_time: 9.080, loss_parse_time: 0.000 memory: 13643, 
2022-04-29 19:55:18,072 - INFO - task : ['VEHICLE', 'PEDESTRIAN', 'CYCLIST'], loss: 2.1430, hm_loss: 0.0000, loc_loss: 0.6224, loc_loss_elem: ['0.0993', '0.0803', '0.0746', '0.0641', '0.0699', '0.0698', '0.0783', '0.0861'], num_positive: 261.4000, roi_reg_loss: 0.7396, roi_cls_loss: 0.1586

2022-04-29 19:56:06,494 - INFO - Epoch [2/6][30/100]	lr: 0.00030, eta: 1:16:44, time: 9.684, data_time: 0.094, transfer_time: 0.096, forward_time: 9.038, loss_parse_time: 0.000 memory: 13643, 
2022-04-29 19:56:06,494 - INFO - task : ['VEHICLE', 'PEDESTRIAN', 'CYCLIST'], loss: 2.2634, hm_loss: 0.0000, loc_loss: 0.6693, loc_loss_elem: ['0.1047', '0.0925', '0.0946', '0.0619', '0.0690', '0.0792', '0.0765', '0.0910'], num_positive: 212.6000, roi_reg_loss: 0.7691, roi_cls_loss: 0.1557

2022-04-29 19:56:55,125 - INFO - Epoch [2/6][35/100]	lr: 0.00032, eta: 1:15:54, time: 9.726, data_time: 0.080, transfer_time: 0.099, forward_time: 9.099, loss_parse_time: 0.000 memory: 13643, 
2022-04-29 19:56:55,126 - INFO - task : ['VEHICLE', 'PEDESTRIAN', 'CYCLIST'], loss: 2.1091, hm_loss: 0.0000, loc_loss: 0.6082, loc_loss_elem: ['0.1035', '0.0827', '0.0816', '0.0600', '0.0664', '0.0699', '0.0682', '0.0759'], num_positive: 215.8000, roi_reg_loss: 0.7538, roi_cls_loss: 0.1389

2022-04-29 19:57:43,163 - INFO - Epoch [2/6][40/100]	lr: 0.00033, eta: 1:15:02, time: 9.608, data_time: 0.085, transfer_time: 0.096, forward_time: 8.982, loss_parse_time: 0.000 memory: 13643, 
2022-04-29 19:57:43,163 - INFO - task : ['VEHICLE', 'PEDESTRIAN', 'CYCLIST'], loss: 2.0701, hm_loss: 0.0000, loc_loss: 0.6036, loc_loss_elem: ['0.1019', '0.0831', '0.0829', '0.0579', '0.0574', '0.0667', '0.0637', '0.0901'], num_positive: 240.8000, roi_reg_loss: 0.7239, roi_cls_loss: 0.1391

2022-04-29 19:58:32,047 - INFO - Epoch [2/6][45/100]	lr: 0.00034, eta: 1:14:13, time: 9.775, data_time: 0.086, transfer_time: 0.097, forward_time: 9.126, loss_parse_time: 0.000 memory: 13643, 
2022-04-29 19:58:32,047 - INFO - task : ['VEHICLE', 'PEDESTRIAN', 'CYCLIST'], loss: 2.0656, hm_loss: 0.0000, loc_loss: 0.5781, loc_loss_elem: ['0.0983', '0.0872', '0.0827', '0.0593', '0.0608', '0.0661', '0.0513', '0.0724'], num_positive: 267.2000, roi_reg_loss: 0.7499, roi_cls_loss: 0.1594

2022-04-29 19:59:20,736 - INFO - Epoch [2/6][50/100]	lr: 0.00036, eta: 1:13:23, time: 9.740, data_time: 0.092, transfer_time: 0.100, forward_time: 9.096, loss_parse_time: 0.000 memory: 13643, 
2022-04-29 19:59:20,736 - INFO - task : ['VEHICLE', 'PEDESTRIAN', 'CYCLIST'], loss: 2.1565, hm_loss: 0.0000, loc_loss: 0.6367, loc_loss_elem: ['0.1090', '0.0894', '0.1060', '0.0601', '0.0630', '0.0717', '0.0595', '0.0780'], num_positive: 182.4000, roi_reg_loss: 0.7647, roi_cls_loss: 0.1183

2022-04-29 20:00:09,132 - INFO - Epoch [2/6][55/100]	lr: 0.00037, eta: 1:12:33, time: 9.679, data_time: 0.086, transfer_time: 0.097, forward_time: 9.056, loss_parse_time: 0.000 memory: 13643, 
2022-04-29 20:00:09,133 - INFO - task : ['VEHICLE', 'PEDESTRIAN', 'CYCLIST'], loss: 1.9705, hm_loss: 0.0000, loc_loss: 0.5476, loc_loss_elem: ['0.1118', '0.0812', '0.0715', '0.0567', '0.0542', '0.0627', '0.0412', '0.0683'], num_positive: 252.0000, roi_reg_loss: 0.7456, roi_cls_loss: 0.1297

2022-04-29 20:00:57,260 - INFO - Epoch [2/6][60/100]	lr: 0.00038, eta: 1:11:42, time: 9.625, data_time: 0.083, transfer_time: 0.095, forward_time: 9.016, loss_parse_time: 0.000 memory: 13643, 
2022-04-29 20:00:57,260 - INFO - task : ['VEHICLE', 'PEDESTRIAN', 'CYCLIST'], loss: 2.1586, hm_loss: 0.0000, loc_loss: 0.6330, loc_loss_elem: ['0.1075', '0.0917', '0.0913', '0.0597', '0.0632', '0.0746', '0.0647', '0.0802'], num_positive: 224.2000, roi_reg_loss: 0.7523, roi_cls_loss: 0.1404

2022-04-29 20:01:46,048 - INFO - Epoch [2/6][65/100]	lr: 0.00040, eta: 1:10:53, time: 9.758, data_time: 0.087, transfer_time: 0.100, forward_time: 9.133, loss_parse_time: 0.000 memory: 13643, 
2022-04-29 20:01:46,049 - INFO - task : ['VEHICLE', 'PEDESTRIAN', 'CYCLIST'], loss: 2.1039, hm_loss: 0.0000, loc_loss: 0.6267, loc_loss_elem: ['0.1025', '0.0818', '0.0837', '0.0607', '0.0668', '0.0744', '0.0722', '0.0846'], num_positive: 214.0000, roi_reg_loss: 0.7325, roi_cls_loss: 0.1181

2022-04-29 20:02:34,476 - INFO - Epoch [2/6][70/100]	lr: 0.00041, eta: 1:10:03, time: 9.686, data_time: 0.088, transfer_time: 0.099, forward_time: 9.042, loss_parse_time: 0.000 memory: 13643, 
2022-04-29 20:02:34,477 - INFO - task : ['VEHICLE', 'PEDESTRIAN', 'CYCLIST'], loss: 1.9245, hm_loss: 0.0000, loc_loss: 0.5522, loc_loss_elem: ['0.1092', '0.0801', '0.0764', '0.0513', '0.0506', '0.0756', '0.0531', '0.0559'], num_positive: 171.6000, roi_reg_loss: 0.7242, roi_cls_loss: 0.0960

2022-04-29 20:03:23,189 - INFO - Epoch [2/6][75/100]	lr: 0.00042, eta: 1:09:13, time: 9.743, data_time: 0.088, transfer_time: 0.098, forward_time: 9.115, loss_parse_time: 0.000 memory: 13643, 
2022-04-29 20:03:23,189 - INFO - task : ['VEHICLE', 'PEDESTRIAN', 'CYCLIST'], loss: 1.9571, hm_loss: 0.0000, loc_loss: 0.5608, loc_loss_elem: ['0.0996', '0.0869', '0.0854', '0.0538', '0.0555', '0.0678', '0.0427', '0.0692'], num_positive: 246.0000, roi_reg_loss: 0.7023, roi_cls_loss: 0.1332

2022-04-29 20:04:11,687 - INFO - Epoch [2/6][80/100]	lr: 0.00043, eta: 1:08:24, time: 9.699, data_time: 0.083, transfer_time: 0.097, forward_time: 9.078, loss_parse_time: 0.000 memory: 13643, 
2022-04-29 20:04:11,687 - INFO - task : ['VEHICLE', 'PEDESTRIAN', 'CYCLIST'], loss: 1.9825, hm_loss: 0.0000, loc_loss: 0.5828, loc_loss_elem: ['0.1082', '0.0854', '0.0848', '0.0565', '0.0523', '0.0737', '0.0442', '0.0774'], num_positive: 171.0000, roi_reg_loss: 0.7221, roi_cls_loss: 0.0948

2022-04-29 20:04:59,941 - INFO - Epoch [2/6][85/100]	lr: 0.00044, eta: 1:07:33, time: 9.651, data_time: 0.078, transfer_time: 0.099, forward_time: 9.018, loss_parse_time: 0.000 memory: 13643, 
2022-04-29 20:04:59,941 - INFO - task : ['VEHICLE', 'PEDESTRIAN', 'CYCLIST'], loss: 2.1082, hm_loss: 0.0000, loc_loss: 0.6279, loc_loss_elem: ['0.1048', '0.0879', '0.0927', '0.0573', '0.0576', '0.0727', '0.0747', '0.0803'], num_positive: 206.6000, roi_reg_loss: 0.7228, roi_cls_loss: 0.1296

2022-04-29 20:05:48,063 - INFO - Epoch [2/6][90/100]	lr: 0.00045, eta: 1:06:43, time: 9.622, data_time: 0.079, transfer_time: 0.100, forward_time: 9.015, loss_parse_time: 0.000 memory: 13643, 
2022-04-29 20:05:48,063 - INFO - task : ['VEHICLE', 'PEDESTRIAN', 'CYCLIST'], loss: 2.0515, hm_loss: 0.0000, loc_loss: 0.6254, loc_loss_elem: ['0.1023', '0.0903', '0.1004', '0.0552', '0.0548', '0.0725', '0.0717', '0.0782'], num_positive: 182.6000, roi_reg_loss: 0.6976, roi_cls_loss: 0.1031

2022-04-29 20:06:36,630 - INFO - Epoch [2/6][95/100]	lr: 0.00046, eta: 1:05:54, time: 9.716, data_time: 0.084, transfer_time: 0.098, forward_time: 9.074, loss_parse_time: 0.000 memory: 13643, 
2022-04-29 20:06:36,630 - INFO - task : ['VEHICLE', 'PEDESTRIAN', 'CYCLIST'], loss: 2.1471, hm_loss: 0.0000, loc_loss: 0.6537, loc_loss_elem: ['0.1068', '0.0842', '0.1017', '0.0606', '0.0677', '0.0744', '0.0714', '0.0869'], num_positive: 195.4000, roi_reg_loss: 0.7265, roi_cls_loss: 0.1131

2022-04-29 20:07:24,506 - INFO - Epoch [2/6][100/100]	lr: 0.00047, eta: 1:05:03, time: 9.575, data_time: 0.084, transfer_time: 0.099, forward_time: 8.947, loss_parse_time: 0.000 memory: 13643, 
2022-04-29 20:07:24,506 - INFO - task : ['VEHICLE', 'PEDESTRIAN', 'CYCLIST'], loss: 2.0227, hm_loss: 0.0000, loc_loss: 0.6062, loc_loss_elem: ['0.1030', '0.0882', '0.0855', '0.0595', '0.0605', '0.0704', '0.0683', '0.0708'], num_positive: 207.4000, roi_reg_loss: 0.7040, roi_cls_loss: 0.1063

2022-04-29 20:08:19,523 - INFO - Epoch [3/6][5/100]	lr: 0.00048, eta: 1:04:25, time: 10.899, data_time: 1.272, transfer_time: 0.104, forward_time: 9.090, loss_parse_time: 0.000 memory: 13643, 
2022-04-29 20:08:19,523 - INFO - task : ['VEHICLE', 'PEDESTRIAN', 'CYCLIST'], loss: 1.9120, hm_loss: 0.0000, loc_loss: 0.5596, loc_loss_elem: ['0.1102', '0.0852', '0.0867', '0.0545', '0.0590', '0.0701', '0.0431', '0.0508'], num_positive: 212.0000, roi_reg_loss: 0.6888, roi_cls_loss: 0.1042

2022-04-29 20:09:07,660 - INFO - Epoch [3/6][10/100]	lr: 0.00048, eta: 1:03:35, time: 9.629, data_time: 0.082, transfer_time: 0.097, forward_time: 9.002, loss_parse_time: 0.000 memory: 13643, 
2022-04-29 20:09:07,660 - INFO - task : ['VEHICLE', 'PEDESTRIAN', 'CYCLIST'], loss: 1.9647, hm_loss: 0.0000, loc_loss: 0.5812, loc_loss_elem: ['0.1036', '0.0841', '0.0787', '0.0585', '0.0574', '0.0682', '0.0551', '0.0755'], num_positive: 204.2000, roi_reg_loss: 0.6878, roi_cls_loss: 0.1146

2022-04-29 20:09:55,578 - INFO - Epoch [3/6][15/100]	lr: 0.00049, eta: 1:02:44, time: 9.583, data_time: 0.089, transfer_time: 0.096, forward_time: 8.941, loss_parse_time: 0.000 memory: 13643, 
2022-04-29 20:09:55,578 - INFO - task : ['VEHICLE', 'PEDESTRIAN', 'CYCLIST'], loss: 1.9872, hm_loss: 0.0000, loc_loss: 0.5979, loc_loss_elem: ['0.0980', '0.0817', '0.0847', '0.0595', '0.0658', '0.0678', '0.0616', '0.0788'], num_positive: 259.0000, roi_reg_loss: 0.6636, roi_cls_loss: 0.1278

2022-04-29 20:10:43,791 - INFO - Epoch [3/6][20/100]	lr: 0.00049, eta: 1:01:54, time: 9.643, data_time: 0.085, transfer_time: 0.093, forward_time: 9.023, loss_parse_time: 0.000 memory: 13643, 
2022-04-29 20:10:43,792 - INFO - task : ['VEHICLE', 'PEDESTRIAN', 'CYCLIST'], loss: 1.8998, hm_loss: 0.0000, loc_loss: 0.5638, loc_loss_elem: ['0.1008', '0.0772', '0.0743', '0.0555', '0.0620', '0.0677', '0.0561', '0.0703'], num_positive: 264.4000, roi_reg_loss: 0.6459, roi_cls_loss: 0.1263

2022-04-29 20:11:32,311 - INFO - Epoch [3/6][25/100]	lr: 0.00050, eta: 1:01:05, time: 9.704, data_time: 0.086, transfer_time: 0.097, forward_time: 9.086, loss_parse_time: 0.000 memory: 13643, 
2022-04-29 20:11:32,311 - INFO - task : ['VEHICLE', 'PEDESTRIAN', 'CYCLIST'], loss: 2.0554, hm_loss: 0.0000, loc_loss: 0.6235, loc_loss_elem: ['0.1022', '0.0903', '0.0907', '0.0584', '0.0605', '0.0726', '0.0681', '0.0807'], num_positive: 187.8000, roi_reg_loss: 0.7033, roi_cls_loss: 0.1052

2022-04-29 20:12:20,564 - INFO - Epoch [3/6][30/100]	lr: 0.00050, eta: 1:00:15, time: 9.651, data_time: 0.089, transfer_time: 0.100, forward_time: 9.024, loss_parse_time: 0.000 memory: 13643, 
2022-04-29 20:12:20,564 - INFO - task : ['VEHICLE', 'PEDESTRIAN', 'CYCLIST'], loss: 2.0134, hm_loss: 0.0000, loc_loss: 0.6151, loc_loss_elem: ['0.1031', '0.0777', '0.0935', '0.0620', '0.0702', '0.0723', '0.0675', '0.0689'], num_positive: 217.2000, roi_reg_loss: 0.6719, roi_cls_loss: 0.1114

2022-04-29 20:13:08,576 - INFO - Epoch [3/6][35/100]	lr: 0.00050, eta: 0:59:24, time: 9.600, data_time: 0.080, transfer_time: 0.095, forward_time: 8.976, loss_parse_time: 0.000 memory: 13643, 
2022-04-29 20:13:08,577 - INFO - task : ['VEHICLE', 'PEDESTRIAN', 'CYCLIST'], loss: 1.9907, hm_loss: 0.0000, loc_loss: 0.5868, loc_loss_elem: ['0.0995', '0.0813', '0.0824', '0.0598', '0.0651', '0.0694', '0.0591', '0.0702'], num_positive: 294.0000, roi_reg_loss: 0.6721, roi_cls_loss: 0.1449

2022-04-29 20:13:56,555 - INFO - Epoch [3/6][40/100]	lr: 0.00050, eta: 0:58:34, time: 9.598, data_time: 0.095, transfer_time: 0.099, forward_time: 8.943, loss_parse_time: 0.000 memory: 13643, 
2022-04-29 20:13:56,556 - INFO - task : ['VEHICLE', 'PEDESTRIAN', 'CYCLIST'], loss: 1.9575, hm_loss: 0.0000, loc_loss: 0.5838, loc_loss_elem: ['0.1032', '0.0859', '0.0843', '0.0580', '0.0580', '0.0679', '0.0611', '0.0653'], num_positive: 214.6000, roi_reg_loss: 0.6711, roi_cls_loss: 0.1188

2022-04-29 20:14:45,074 - INFO - Epoch [3/6][45/100]	lr: 0.00050, eta: 0:57:45, time: 9.704, data_time: 0.087, transfer_time: 0.096, forward_time: 9.076, loss_parse_time: 0.000 memory: 13643, 
2022-04-29 20:14:45,075 - INFO - task : ['VEHICLE', 'PEDESTRIAN', 'CYCLIST'], loss: 1.9809, hm_loss: 0.0000, loc_loss: 0.5912, loc_loss_elem: ['0.1027', '0.0843', '0.0842', '0.0572', '0.0556', '0.0731', '0.0564', '0.0776'], num_positive: 204.8000, roi_reg_loss: 0.6800, roi_cls_loss: 0.1185

2022-04-29 20:15:33,148 - INFO - Epoch [3/6][50/100]	lr: 0.00050, eta: 0:56:55, time: 9.615, data_time: 0.086, transfer_time: 0.098, forward_time: 8.961, loss_parse_time: 0.000 memory: 13643, 
2022-04-29 20:15:33,148 - INFO - task : ['VEHICLE', 'PEDESTRIAN', 'CYCLIST'], loss: 2.0385, hm_loss: 0.0000, loc_loss: 0.6228, loc_loss_elem: ['0.1069', '0.0866', '0.0887', '0.0565', '0.0649', '0.0726', '0.0620', '0.0846'], num_positive: 203.4000, roi_reg_loss: 0.6917, roi_cls_loss: 0.1013

2022-04-29 20:16:21,187 - INFO - Epoch [3/6][55/100]	lr: 0.00050, eta: 0:56:05, time: 9.605, data_time: 0.088, transfer_time: 0.097, forward_time: 8.987, loss_parse_time: 0.000 memory: 13643, 
2022-04-29 20:16:21,187 - INFO - task : ['VEHICLE', 'PEDESTRIAN', 'CYCLIST'], loss: 2.0028, hm_loss: 0.0000, loc_loss: 0.6175, loc_loss_elem: ['0.1073', '0.0877', '0.0909', '0.0591', '0.0579', '0.0712', '0.0598', '0.0835'], num_positive: 220.2000, roi_reg_loss: 0.6609, roi_cls_loss: 0.1070

2022-04-29 20:17:09,233 - INFO - Epoch [3/6][60/100]	lr: 0.00050, eta: 0:55:16, time: 9.609, data_time: 0.088, transfer_time: 0.097, forward_time: 8.982, loss_parse_time: 0.000 memory: 13643, 
2022-04-29 20:17:09,233 - INFO - task : ['VEHICLE', 'PEDESTRIAN', 'CYCLIST'], loss: 1.9140, hm_loss: 0.0000, loc_loss: 0.5722, loc_loss_elem: ['0.1017', '0.0787', '0.0759', '0.0585', '0.0577', '0.0632', '0.0592', '0.0772'], num_positive: 251.2000, roi_reg_loss: 0.6428, roi_cls_loss: 0.1268

2022-04-29 20:17:57,334 - INFO - Epoch [3/6][65/100]	lr: 0.00049, eta: 0:54:26, time: 9.620, data_time: 0.082, transfer_time: 0.098, forward_time: 9.005, loss_parse_time: 0.000 memory: 13643, 
2022-04-29 20:17:57,334 - INFO - task : ['VEHICLE', 'PEDESTRIAN', 'CYCLIST'], loss: 1.9485, hm_loss: 0.0000, loc_loss: 0.5790, loc_loss_elem: ['0.1051', '0.0873', '0.0974', '0.0557', '0.0537', '0.0707', '0.0490', '0.0600'], num_positive: 233.8000, roi_reg_loss: 0.6796, roi_cls_loss: 0.1109

2022-04-29 20:18:45,182 - INFO - Epoch [3/6][70/100]	lr: 0.00049, eta: 0:53:36, time: 9.571, data_time: 0.074, transfer_time: 0.095, forward_time: 8.947, loss_parse_time: 0.000 memory: 13643, 
2022-04-29 20:18:45,182 - INFO - task : ['VEHICLE', 'PEDESTRIAN', 'CYCLIST'], loss: 1.9329, hm_loss: 0.0000, loc_loss: 0.5983, loc_loss_elem: ['0.0974', '0.0808', '0.0867', '0.0566', '0.0610', '0.0692', '0.0671', '0.0794'], num_positive: 214.6000, roi_reg_loss: 0.6293, roi_cls_loss: 0.1070

2022-04-29 20:19:33,313 - INFO - Epoch [3/6][75/100]	lr: 0.00049, eta: 0:52:47, time: 9.626, data_time: 0.083, transfer_time: 0.097, forward_time: 9.001, loss_parse_time: 0.000 memory: 13643, 
2022-04-29 20:19:33,313 - INFO - task : ['VEHICLE', 'PEDESTRIAN', 'CYCLIST'], loss: 1.9892, hm_loss: 0.0000, loc_loss: 0.5932, loc_loss_elem: ['0.1026', '0.0875', '0.0859', '0.0578', '0.0558', '0.0671', '0.0622', '0.0743'], num_positive: 250.4000, roi_reg_loss: 0.6746, roi_cls_loss: 0.1281

2022-04-29 20:20:21,606 - INFO - Epoch [3/6][80/100]	lr: 0.00049, eta: 0:51:58, time: 9.659, data_time: 0.085, transfer_time: 0.098, forward_time: 9.021, loss_parse_time: 0.000 memory: 13643, 
2022-04-29 20:20:21,606 - INFO - task : ['VEHICLE', 'PEDESTRIAN', 'CYCLIST'], loss: 2.0227, hm_loss: 0.0000, loc_loss: 0.6152, loc_loss_elem: ['0.1000', '0.0850', '0.0936', '0.0586', '0.0560', '0.0821', '0.0697', '0.0701'], num_positive: 163.2000, roi_reg_loss: 0.7078, roi_cls_loss: 0.0845

2022-04-29 20:21:10,433 - INFO - Epoch [3/6][85/100]	lr: 0.00048, eta: 0:51:09, time: 9.765, data_time: 0.081, transfer_time: 0.095, forward_time: 9.100, loss_parse_time: 0.000 memory: 13643, 
2022-04-29 20:21:10,434 - INFO - task : ['VEHICLE', 'PEDESTRIAN', 'CYCLIST'], loss: 1.9159, hm_loss: 0.0000, loc_loss: 0.5810, loc_loss_elem: ['0.1120', '0.0875', '0.0850', '0.0541', '0.0531', '0.0702', '0.0510', '0.0680'], num_positive: 222.6000, roi_reg_loss: 0.6546, roi_cls_loss: 0.0994

2022-04-29 20:21:58,817 - INFO - Epoch [3/6][90/100]	lr: 0.00048, eta: 0:50:20, time: 9.676, data_time: 0.085, transfer_time: 0.096, forward_time: 9.059, loss_parse_time: 0.000 memory: 13643, 
2022-04-29 20:21:58,817 - INFO - task : ['VEHICLE', 'PEDESTRIAN', 'CYCLIST'], loss: 1.8575, hm_loss: 0.0000, loc_loss: 0.5678, loc_loss_elem: ['0.1041', '0.0813', '0.0757', '0.0589', '0.0624', '0.0672', '0.0553', '0.0629'], num_positive: 262.2000, roi_reg_loss: 0.6016, roi_cls_loss: 0.1203

2022-04-29 20:22:46,978 - INFO - Epoch [3/6][95/100]	lr: 0.00047, eta: 0:49:31, time: 9.631, data_time: 0.091, transfer_time: 0.096, forward_time: 9.012, loss_parse_time: 0.000 memory: 13643, 
2022-04-29 20:22:46,979 - INFO - task : ['VEHICLE', 'PEDESTRIAN', 'CYCLIST'], loss: 1.9394, hm_loss: 0.0000, loc_loss: 0.6029, loc_loss_elem: ['0.1031', '0.0832', '0.0893', '0.0581', '0.0641', '0.0730', '0.0561', '0.0761'], num_positive: 228.2000, roi_reg_loss: 0.6253, roi_cls_loss: 0.1083

2022-04-29 20:23:35,000 - INFO - Epoch [3/6][100/100]	lr: 0.00047, eta: 0:48:41, time: 9.605, data_time: 0.083, transfer_time: 0.096, forward_time: 8.982, loss_parse_time: 0.000 memory: 13643, 
2022-04-29 20:23:35,000 - INFO - task : ['VEHICLE', 'PEDESTRIAN', 'CYCLIST'], loss: 2.0517, hm_loss: 0.0000, loc_loss: 0.6261, loc_loss_elem: ['0.1100', '0.0881', '0.0907', '0.0568', '0.0598', '0.0772', '0.0623', '0.0812'], num_positive: 207.6000, roi_reg_loss: 0.6883, roi_cls_loss: 0.1113

2022-04-29 20:24:30,660 - INFO - Epoch [4/6][5/100]	lr: 0.00046, eta: 0:47:59, time: 11.026, data_time: 1.304, transfer_time: 0.096, forward_time: 9.158, loss_parse_time: 0.000 memory: 13643, 
2022-04-29 20:24:30,661 - INFO - task : ['VEHICLE', 'PEDESTRIAN', 'CYCLIST'], loss: 1.9754, hm_loss: 0.0000, loc_loss: 0.6101, loc_loss_elem: ['0.1003', '0.0867', '0.0874', '0.0577', '0.0601', '0.0752', '0.0620', '0.0807'], num_positive: 227.0000, roi_reg_loss: 0.6340, roi_cls_loss: 0.1211

2022-04-29 20:25:18,743 - INFO - Epoch [4/6][10/100]	lr: 0.00046, eta: 0:47:09, time: 9.616, data_time: 0.075, transfer_time: 0.094, forward_time: 8.990, loss_parse_time: 0.000 memory: 13643, 
2022-04-29 20:25:18,744 - INFO - task : ['VEHICLE', 'PEDESTRIAN', 'CYCLIST'], loss: 1.8894, hm_loss: 0.0000, loc_loss: 0.5809, loc_loss_elem: ['0.1014', '0.0821', '0.0821', '0.0585', '0.0605', '0.0719', '0.0501', '0.0744'], num_positive: 226.2000, roi_reg_loss: 0.6229, roi_cls_loss: 0.1047

2022-04-29 20:26:07,453 - INFO - Epoch [4/6][15/100]	lr: 0.00045, eta: 0:46:20, time: 9.741, data_time: 0.089, transfer_time: 0.096, forward_time: 9.119, loss_parse_time: 0.000 memory: 13643, 
2022-04-29 20:26:07,454 - INFO - task : ['VEHICLE', 'PEDESTRIAN', 'CYCLIST'], loss: 2.0515, hm_loss: 0.0000, loc_loss: 0.6372, loc_loss_elem: ['0.1022', '0.0866', '0.0905', '0.0609', '0.0634', '0.0778', '0.0706', '0.0852'], num_positive: 235.0000, roi_reg_loss: 0.6509, roi_cls_loss: 0.1263

2022-04-29 20:26:55,636 - INFO - Epoch [4/6][20/100]	lr: 0.00044, eta: 0:45:31, time: 9.638, data_time: 0.089, transfer_time: 0.099, forward_time: 8.997, loss_parse_time: 0.000 memory: 13643, 
2022-04-29 20:26:55,636 - INFO - task : ['VEHICLE', 'PEDESTRIAN', 'CYCLIST'], loss: 1.8507, hm_loss: 0.0000, loc_loss: 0.5785, loc_loss_elem: ['0.1028', '0.0804', '0.0782', '0.0554', '0.0617', '0.0659', '0.0577', '0.0763'], num_positive: 221.8000, roi_reg_loss: 0.5900, roi_cls_loss: 0.1039

2022-04-29 20:27:44,337 - INFO - Epoch [4/6][25/100]	lr: 0.00044, eta: 0:44:42, time: 9.740, data_time: 0.084, transfer_time: 0.096, forward_time: 9.123, loss_parse_time: 0.000 memory: 13643, 
2022-04-29 20:27:44,337 - INFO - task : ['VEHICLE', 'PEDESTRIAN', 'CYCLIST'], loss: 1.9577, hm_loss: 0.0000, loc_loss: 0.5937, loc_loss_elem: ['0.1062', '0.0845', '0.0855', '0.0602', '0.0612', '0.0701', '0.0525', '0.0736'], num_positive: 202.8000, roi_reg_loss: 0.6586, roi_cls_loss: 0.1118

2022-04-29 20:28:32,606 - INFO - Epoch [4/6][30/100]	lr: 0.00043, eta: 0:43:53, time: 9.654, data_time: 0.082, transfer_time: 0.097, forward_time: 9.016, loss_parse_time: 0.000 memory: 13643, 
2022-04-29 20:28:32,607 - INFO - task : ['VEHICLE', 'PEDESTRIAN', 'CYCLIST'], loss: 1.9230, hm_loss: 0.0000, loc_loss: 0.5886, loc_loss_elem: ['0.1007', '0.0824', '0.0839', '0.0575', '0.0628', '0.0681', '0.0644', '0.0687'], num_positive: 169.2000, roi_reg_loss: 0.6477, roi_cls_loss: 0.0982

2022-04-29 20:29:21,115 - INFO - Epoch [4/6][35/100]	lr: 0.00042, eta: 0:43:04, time: 9.702, data_time: 0.088, transfer_time: 0.100, forward_time: 9.046, loss_parse_time: 0.000 memory: 13643, 
2022-04-29 20:29:21,115 - INFO - task : ['VEHICLE', 'PEDESTRIAN', 'CYCLIST'], loss: 2.0134, hm_loss: 0.0000, loc_loss: 0.6298, loc_loss_elem: ['0.1054', '0.0878', '0.0874', '0.0589', '0.0666', '0.0707', '0.0744', '0.0786'], num_positive: 197.0000, roi_reg_loss: 0.6532, roi_cls_loss: 0.1005

2022-04-29 20:30:09,267 - INFO - Epoch [4/6][40/100]	lr: 0.00041, eta: 0:42:15, time: 9.629, data_time: 0.087, transfer_time: 0.097, forward_time: 8.989, loss_parse_time: 0.000 memory: 13643, 
2022-04-29 20:30:09,268 - INFO - task : ['VEHICLE', 'PEDESTRIAN', 'CYCLIST'], loss: 1.9033, hm_loss: 0.0000, loc_loss: 0.5753, loc_loss_elem: ['0.1068', '0.0784', '0.0824', '0.0575', '0.0601', '0.0737', '0.0519', '0.0645'], num_positive: 231.6000, roi_reg_loss: 0.6308, roi_cls_loss: 0.1219

2022-04-29 20:30:57,400 - INFO - Epoch [4/6][45/100]	lr: 0.00040, eta: 0:41:26, time: 9.627, data_time: 0.086, transfer_time: 0.098, forward_time: 9.015, loss_parse_time: 0.000 memory: 13643, 
2022-04-29 20:30:57,400 - INFO - task : ['VEHICLE', 'PEDESTRIAN', 'CYCLIST'], loss: 1.9374, hm_loss: 0.0000, loc_loss: 0.5899, loc_loss_elem: ['0.1068', '0.0824', '0.0806', '0.0603', '0.0603', '0.0673', '0.0578', '0.0744'], num_positive: 259.4000, roi_reg_loss: 0.6321, roi_cls_loss: 0.1254

2022-04-29 20:31:45,494 - INFO - Epoch [4/6][50/100]	lr: 0.00040, eta: 0:40:36, time: 9.619, data_time: 0.083, transfer_time: 0.097, forward_time: 8.983, loss_parse_time: 0.000 memory: 13643, 
2022-04-29 20:31:45,495 - INFO - task : ['VEHICLE', 'PEDESTRIAN', 'CYCLIST'], loss: 1.9304, hm_loss: 0.0000, loc_loss: 0.5937, loc_loss_elem: ['0.1046', '0.0849', '0.0818', '0.0607', '0.0621', '0.0659', '0.0512', '0.0824'], num_positive: 236.8000, roi_reg_loss: 0.6243, roi_cls_loss: 0.1187

2022-04-29 20:32:33,580 - INFO - Epoch [4/6][55/100]	lr: 0.00039, eta: 0:39:47, time: 9.615, data_time: 0.084, transfer_time: 0.097, forward_time: 9.007, loss_parse_time: 0.000 memory: 13643, 
2022-04-29 20:32:33,580 - INFO - task : ['VEHICLE', 'PEDESTRIAN', 'CYCLIST'], loss: 1.8626, hm_loss: 0.0000, loc_loss: 0.5809, loc_loss_elem: ['0.1027', '0.0802', '0.0812', '0.0586', '0.0617', '0.0730', '0.0568', '0.0666'], num_positive: 214.0000, roi_reg_loss: 0.6078, roi_cls_loss: 0.0930

2022-04-29 20:33:21,907 - INFO - Epoch [4/6][60/100]	lr: 0.00038, eta: 0:38:58, time: 9.665, data_time: 0.092, transfer_time: 0.096, forward_time: 9.026, loss_parse_time: 0.000 memory: 13643, 
2022-04-29 20:33:21,907 - INFO - task : ['VEHICLE', 'PEDESTRIAN', 'CYCLIST'], loss: 1.8906, hm_loss: 0.0000, loc_loss: 0.5799, loc_loss_elem: ['0.1068', '0.0838', '0.0883', '0.0529', '0.0597', '0.0732', '0.0509', '0.0642'], num_positive: 208.4000, roi_reg_loss: 0.6425, roi_cls_loss: 0.0883

2022-04-29 20:34:10,256 - INFO - Epoch [4/6][65/100]	lr: 0.00037, eta: 0:38:09, time: 9.672, data_time: 0.092, transfer_time: 0.096, forward_time: 9.028, loss_parse_time: 0.000 memory: 13643, 
2022-04-29 20:34:10,257 - INFO - task : ['VEHICLE', 'PEDESTRIAN', 'CYCLIST'], loss: 1.7532, hm_loss: 0.0000, loc_loss: 0.5587, loc_loss_elem: ['0.1030', '0.0745', '0.0835', '0.0540', '0.0559', '0.0692', '0.0596', '0.0589'], num_positive: 183.2000, roi_reg_loss: 0.5586, roi_cls_loss: 0.0771

2022-04-29 20:34:58,463 - INFO - Epoch [4/6][70/100]	lr: 0.00036, eta: 0:37:20, time: 9.642, data_time: 0.083, transfer_time: 0.097, forward_time: 9.021, loss_parse_time: 0.000 memory: 13643, 
2022-04-29 20:34:58,463 - INFO - task : ['VEHICLE', 'PEDESTRIAN', 'CYCLIST'], loss: 1.7787, hm_loss: 0.0000, loc_loss: 0.5465, loc_loss_elem: ['0.0990', '0.0835', '0.0790', '0.0534', '0.0518', '0.0647', '0.0492', '0.0659'], num_positive: 185.2000, roi_reg_loss: 0.5943, roi_cls_loss: 0.0914

2022-04-29 20:35:46,649 - INFO - Epoch [4/6][75/100]	lr: 0.00035, eta: 0:36:31, time: 9.636, data_time: 0.086, transfer_time: 0.096, forward_time: 9.020, loss_parse_time: 0.000 memory: 13643, 
2022-04-29 20:35:46,649 - INFO - task : ['VEHICLE', 'PEDESTRIAN', 'CYCLIST'], loss: 1.8821, hm_loss: 0.0000, loc_loss: 0.5820, loc_loss_elem: ['0.1085', '0.0843', '0.0930', '0.0569', '0.0569', '0.0640', '0.0526', '0.0657'], num_positive: 241.0000, roi_reg_loss: 0.5946, roi_cls_loss: 0.1235

2022-04-29 20:36:34,626 - INFO - Epoch [4/6][80/100]	lr: 0.00034, eta: 0:35:42, time: 9.596, data_time: 0.087, transfer_time: 0.098, forward_time: 8.985, loss_parse_time: 0.000 memory: 13643, 
2022-04-29 20:36:34,626 - INFO - task : ['VEHICLE', 'PEDESTRIAN', 'CYCLIST'], loss: 1.9265, hm_loss: 0.0000, loc_loss: 0.5975, loc_loss_elem: ['0.0981', '0.0836', '0.0839', '0.0596', '0.0632', '0.0730', '0.0541', '0.0820'], num_positive: 241.0000, roi_reg_loss: 0.6160, roi_cls_loss: 0.1155

2022-04-29 20:37:22,657 - INFO - Epoch [4/6][85/100]	lr: 0.00033, eta: 0:34:53, time: 9.606, data_time: 0.081, transfer_time: 0.098, forward_time: 8.988, loss_parse_time: 0.000 memory: 13643, 
2022-04-29 20:37:22,658 - INFO - task : ['VEHICLE', 'PEDESTRIAN', 'CYCLIST'], loss: 1.7679, hm_loss: 0.0000, loc_loss: 0.5534, loc_loss_elem: ['0.1056', '0.0801', '0.0787', '0.0525', '0.0524', '0.0666', '0.0471', '0.0704'], num_positive: 220.4000, roi_reg_loss: 0.5652, roi_cls_loss: 0.0960

2022-04-29 20:38:10,994 - INFO - Epoch [4/6][90/100]	lr: 0.00032, eta: 0:34:04, time: 9.667, data_time: 0.089, transfer_time: 0.097, forward_time: 9.048, loss_parse_time: 0.000 memory: 13643, 
2022-04-29 20:38:10,994 - INFO - task : ['VEHICLE', 'PEDESTRIAN', 'CYCLIST'], loss: 1.8187, hm_loss: 0.0000, loc_loss: 0.5631, loc_loss_elem: ['0.0990', '0.0893', '0.0940', '0.0510', '0.0507', '0.0724', '0.0472', '0.0595'], num_positive: 238.4000, roi_reg_loss: 0.5937, roi_cls_loss: 0.0988

2022-04-29 20:38:59,315 - INFO - Epoch [4/6][95/100]	lr: 0.00031, eta: 0:33:15, time: 9.664, data_time: 0.086, transfer_time: 0.097, forward_time: 9.028, loss_parse_time: 0.000 memory: 13643, 
2022-04-29 20:38:59,315 - INFO - task : ['VEHICLE', 'PEDESTRIAN', 'CYCLIST'], loss: 1.8197, hm_loss: 0.0000, loc_loss: 0.5579, loc_loss_elem: ['0.1032', '0.0847', '0.0794', '0.0547', '0.0563', '0.0671', '0.0498', '0.0628'], num_positive: 254.4000, roi_reg_loss: 0.5932, roi_cls_loss: 0.1106

2022-04-29 20:39:47,570 - INFO - Epoch [4/6][100/100]	lr: 0.00030, eta: 0:32:26, time: 9.650, data_time: 0.082, transfer_time: 0.097, forward_time: 9.018, loss_parse_time: 0.000 memory: 13643, 
2022-04-29 20:39:47,571 - INFO - task : ['VEHICLE', 'PEDESTRIAN', 'CYCLIST'], loss: 2.0281, hm_loss: 0.0000, loc_loss: 0.6485, loc_loss_elem: ['0.1045', '0.0902', '0.0904', '0.0603', '0.0632', '0.0721', '0.0763', '0.0915'], num_positive: 190.6000, roi_reg_loss: 0.6314, roi_cls_loss: 0.0997

2022-04-29 20:40:42,332 - INFO - Epoch [5/6][5/100]	lr: 0.00028, eta: 0:31:40, time: 10.849, data_time: 1.252, transfer_time: 0.103, forward_time: 9.070, loss_parse_time: 0.000 memory: 13643, 
2022-04-29 20:40:42,332 - INFO - task : ['VEHICLE', 'PEDESTRIAN', 'CYCLIST'], loss: 1.7828, hm_loss: 0.0000, loc_loss: 0.5780, loc_loss_elem: ['0.1123', '0.0795', '0.0794', '0.0580', '0.0627', '0.0727', '0.0511', '0.0622'], num_positive: 184.0000, roi_reg_loss: 0.5377, roi_cls_loss: 0.0891

2022-04-29 20:41:30,352 - INFO - Epoch [5/6][10/100]	lr: 0.00027, eta: 0:30:51, time: 9.602, data_time: 0.082, transfer_time: 0.093, forward_time: 8.994, loss_parse_time: 0.000 memory: 13643, 
2022-04-29 20:41:30,352 - INFO - task : ['VEHICLE', 'PEDESTRIAN', 'CYCLIST'], loss: 1.8853, hm_loss: 0.0000, loc_loss: 0.6015, loc_loss_elem: ['0.1045', '0.0850', '0.0845', '0.0622', '0.0675', '0.0714', '0.0578', '0.0687'], num_positive: 237.0000, roi_reg_loss: 0.5804, roi_cls_loss: 0.1018

2022-04-29 20:42:18,604 - INFO - Epoch [5/6][15/100]	lr: 0.00026, eta: 0:30:02, time: 9.650, data_time: 0.081, transfer_time: 0.099, forward_time: 9.021, loss_parse_time: 0.000 memory: 13643, 
2022-04-29 20:42:18,604 - INFO - task : ['VEHICLE', 'PEDESTRIAN', 'CYCLIST'], loss: 1.8771, hm_loss: 0.0000, loc_loss: 0.5905, loc_loss_elem: ['0.0956', '0.0844', '0.0905', '0.0586', '0.0603', '0.0700', '0.0600', '0.0711'], num_positive: 216.4000, roi_reg_loss: 0.5995, roi_cls_loss: 0.0965

2022-04-29 20:43:07,100 - INFO - Epoch [5/6][20/100]	lr: 0.00025, eta: 0:29:14, time: 9.700, data_time: 0.088, transfer_time: 0.100, forward_time: 9.052, loss_parse_time: 0.000 memory: 13643, 
2022-04-29 20:43:07,101 - INFO - task : ['VEHICLE', 'PEDESTRIAN', 'CYCLIST'], loss: 1.9055, hm_loss: 0.0000, loc_loss: 0.6108, loc_loss_elem: ['0.1031', '0.0886', '0.1038', '0.0567', '0.0580', '0.0791', '0.0524', '0.0692'], num_positive: 185.6000, roi_reg_loss: 0.6008, roi_cls_loss: 0.0831

2022-04-29 20:43:55,239 - INFO - Epoch [5/6][25/100]	lr: 0.00024, eta: 0:28:25, time: 9.630, data_time: 0.081, transfer_time: 0.097, forward_time: 9.008, loss_parse_time: 0.000 memory: 13643, 
2022-04-29 20:43:55,239 - INFO - task : ['VEHICLE', 'PEDESTRIAN', 'CYCLIST'], loss: 1.8817, hm_loss: 0.0000, loc_loss: 0.5955, loc_loss_elem: ['0.1000', '0.0765', '0.0768', '0.0627', '0.0667', '0.0629', '0.0678', '0.0821'], num_positive: 278.6000, roi_reg_loss: 0.5680, roi_cls_loss: 0.1227

2022-04-29 20:44:43,610 - INFO - Epoch [5/6][30/100]	lr: 0.00023, eta: 0:27:36, time: 9.674, data_time: 0.087, transfer_time: 0.098, forward_time: 9.032, loss_parse_time: 0.000 memory: 13643, 
2022-04-29 20:44:43,610 - INFO - task : ['VEHICLE', 'PEDESTRIAN', 'CYCLIST'], loss: 1.9070, hm_loss: 0.0000, loc_loss: 0.5973, loc_loss_elem: ['0.0995', '0.0882', '0.0890', '0.0599', '0.0647', '0.0724', '0.0533', '0.0704'], num_positive: 238.8000, roi_reg_loss: 0.6031, roi_cls_loss: 0.1092

2022-04-29 20:45:31,575 - INFO - Epoch [5/6][35/100]	lr: 0.00022, eta: 0:26:47, time: 9.593, data_time: 0.080, transfer_time: 0.095, forward_time: 8.971, loss_parse_time: 0.000 memory: 13643, 
2022-04-29 20:45:31,575 - INFO - task : ['VEHICLE', 'PEDESTRIAN', 'CYCLIST'], loss: 1.7686, hm_loss: 0.0000, loc_loss: 0.5548, loc_loss_elem: ['0.0964', '0.0757', '0.0744', '0.0583', '0.0637', '0.0699', '0.0543', '0.0620'], num_positive: 233.0000, roi_reg_loss: 0.5528, roi_cls_loss: 0.1062

2022-04-29 20:46:19,778 - INFO - Epoch [5/6][40/100]	lr: 0.00021, eta: 0:25:58, time: 9.639, data_time: 0.087, transfer_time: 0.101, forward_time: 8.997, loss_parse_time: 0.000 memory: 13643, 
2022-04-29 20:46:19,778 - INFO - task : ['VEHICLE', 'PEDESTRIAN', 'CYCLIST'], loss: 2.0293, hm_loss: 0.0000, loc_loss: 0.6549, loc_loss_elem: ['0.0993', '0.0931', '0.0934', '0.0637', '0.0684', '0.0733', '0.0748', '0.0888'], num_positive: 210.8000, roi_reg_loss: 0.6134, roi_cls_loss: 0.1062

2022-04-29 20:47:07,801 - INFO - Epoch [5/6][45/100]	lr: 0.00020, eta: 0:25:09, time: 9.605, data_time: 0.083, transfer_time: 0.097, forward_time: 8.969, loss_parse_time: 0.000 memory: 13643, 
2022-04-29 20:47:07,802 - INFO - task : ['VEHICLE', 'PEDESTRIAN', 'CYCLIST'], loss: 1.8304, hm_loss: 0.0000, loc_loss: 0.5904, loc_loss_elem: ['0.1028', '0.0857', '0.0884', '0.0568', '0.0589', '0.0671', '0.0549', '0.0759'], num_positive: 258.4000, roi_reg_loss: 0.5340, roi_cls_loss: 0.1155

2022-04-29 20:47:56,339 - INFO - Epoch [5/6][50/100]	lr: 0.00019, eta: 0:24:20, time: 9.708, data_time: 0.084, transfer_time: 0.098, forward_time: 9.056, loss_parse_time: 0.000 memory: 13643, 
2022-04-29 20:47:56,339 - INFO - task : ['VEHICLE', 'PEDESTRIAN', 'CYCLIST'], loss: 1.7783, hm_loss: 0.0000, loc_loss: 0.5702, loc_loss_elem: ['0.1135', '0.0838', '0.0902', '0.0512', '0.0543', '0.0730', '0.0419', '0.0623'], num_positive: 167.4000, roi_reg_loss: 0.5616, roi_cls_loss: 0.0763

2022-04-29 20:48:44,983 - INFO - Epoch [5/6][55/100]	lr: 0.00018, eta: 0:23:31, time: 9.730, data_time: 0.085, transfer_time: 0.099, forward_time: 9.096, loss_parse_time: 0.000 memory: 13643, 
2022-04-29 20:48:44,984 - INFO - task : ['VEHICLE', 'PEDESTRIAN', 'CYCLIST'], loss: 1.8569, hm_loss: 0.0000, loc_loss: 0.5761, loc_loss_elem: ['0.0996', '0.0806', '0.0826', '0.0571', '0.0597', '0.0677', '0.0573', '0.0715'], num_positive: 229.8000, roi_reg_loss: 0.5992, roi_cls_loss: 0.1053

2022-04-29 20:49:33,786 - INFO - Epoch [5/6][60/100]	lr: 0.00017, eta: 0:22:43, time: 9.761, data_time: 0.079, transfer_time: 0.098, forward_time: 9.122, loss_parse_time: 0.000 memory: 13643, 
2022-04-29 20:49:33,786 - INFO - task : ['VEHICLE', 'PEDESTRIAN', 'CYCLIST'], loss: 1.8397, hm_loss: 0.0000, loc_loss: 0.5857, loc_loss_elem: ['0.1117', '0.0872', '0.0948', '0.0554', '0.0542', '0.0702', '0.0452', '0.0670'], num_positive: 185.0000, roi_reg_loss: 0.5742, roi_cls_loss: 0.0940

2022-04-29 20:50:21,934 - INFO - Epoch [5/6][65/100]	lr: 0.00016, eta: 0:21:54, time: 9.629, data_time: 0.084, transfer_time: 0.097, forward_time: 8.996, loss_parse_time: 0.000 memory: 13643, 
2022-04-29 20:50:21,934 - INFO - task : ['VEHICLE', 'PEDESTRIAN', 'CYCLIST'], loss: 1.8752, hm_loss: 0.0000, loc_loss: 0.6122, loc_loss_elem: ['0.0939', '0.0864', '0.0959', '0.0580', '0.0651', '0.0735', '0.0586', '0.0808'], num_positive: 203.6000, roi_reg_loss: 0.5560, roi_cls_loss: 0.0948

2022-04-29 20:51:10,208 - INFO - Epoch [5/6][70/100]	lr: 0.00015, eta: 0:21:05, time: 9.655, data_time: 0.087, transfer_time: 0.100, forward_time: 9.012, loss_parse_time: 0.000 memory: 13643, 
2022-04-29 20:51:10,208 - INFO - task : ['VEHICLE', 'PEDESTRIAN', 'CYCLIST'], loss: 2.0015, hm_loss: 0.0000, loc_loss: 0.6364, loc_loss_elem: ['0.1039', '0.0871', '0.0900', '0.0611', '0.0674', '0.0713', '0.0690', '0.0866'], num_positive: 262.8000, roi_reg_loss: 0.5932, roi_cls_loss: 0.1355

2022-04-29 20:51:58,433 - INFO - Epoch [5/6][75/100]	lr: 0.00014, eta: 0:20:16, time: 9.644, data_time: 0.084, transfer_time: 0.097, forward_time: 9.015, loss_parse_time: 0.000 memory: 13643, 
2022-04-29 20:51:58,434 - INFO - task : ['VEHICLE', 'PEDESTRIAN', 'CYCLIST'], loss: 1.8966, hm_loss: 0.0000, loc_loss: 0.5866, loc_loss_elem: ['0.1048', '0.0856', '0.0850', '0.0550', '0.0588', '0.0686', '0.0632', '0.0656'], num_positive: 238.8000, roi_reg_loss: 0.6093, roi_cls_loss: 0.1141

2022-04-29 20:52:46,566 - INFO - Epoch [5/6][80/100]	lr: 0.00013, eta: 0:19:28, time: 9.628, data_time: 0.085, transfer_time: 0.096, forward_time: 9.025, loss_parse_time: 0.000 memory: 13643, 
2022-04-29 20:52:46,567 - INFO - task : ['VEHICLE', 'PEDESTRIAN', 'CYCLIST'], loss: 1.8032, hm_loss: 0.0000, loc_loss: 0.5735, loc_loss_elem: ['0.1006', '0.0796', '0.0776', '0.0569', '0.0651', '0.0667', '0.0510', '0.0760'], num_positive: 283.0000, roi_reg_loss: 0.5290, roi_cls_loss: 0.1272

2022-04-29 20:53:34,414 - INFO - Epoch [5/6][85/100]	lr: 0.00012, eta: 0:18:39, time: 9.569, data_time: 0.083, transfer_time: 0.097, forward_time: 8.959, loss_parse_time: 0.000 memory: 13643, 
2022-04-29 20:53:34,414 - INFO - task : ['VEHICLE', 'PEDESTRIAN', 'CYCLIST'], loss: 1.8399, hm_loss: 0.0000, loc_loss: 0.5857, loc_loss_elem: ['0.1087', '0.0831', '0.0886', '0.0542', '0.0570', '0.0715', '0.0449', '0.0775'], num_positive: 175.0000, roi_reg_loss: 0.5763, roi_cls_loss: 0.0922

2022-04-29 20:54:22,593 - INFO - Epoch [5/6][90/100]	lr: 0.00011, eta: 0:17:50, time: 9.636, data_time: 0.083, transfer_time: 0.099, forward_time: 9.006, loss_parse_time: 0.000 memory: 13643, 
2022-04-29 20:54:22,593 - INFO - task : ['VEHICLE', 'PEDESTRIAN', 'CYCLIST'], loss: 1.9153, hm_loss: 0.0000, loc_loss: 0.6012, loc_loss_elem: ['0.1000', '0.0919', '0.0967', '0.0551', '0.0540', '0.0707', '0.0602', '0.0725'], num_positive: 223.0000, roi_reg_loss: 0.6098, roi_cls_loss: 0.1030

2022-04-29 20:55:10,761 - INFO - Epoch [5/6][95/100]	lr: 0.00010, eta: 0:17:01, time: 9.633, data_time: 0.090, transfer_time: 0.096, forward_time: 9.010, loss_parse_time: 0.000 memory: 13643, 
2022-04-29 20:55:10,761 - INFO - task : ['VEHICLE', 'PEDESTRIAN', 'CYCLIST'], loss: 1.8834, hm_loss: 0.0000, loc_loss: 0.6111, loc_loss_elem: ['0.1146', '0.0888', '0.0829', '0.0588', '0.0620', '0.0754', '0.0469', '0.0817'], num_positive: 208.0000, roi_reg_loss: 0.5670, roi_cls_loss: 0.0942

2022-04-29 20:55:58,621 - INFO - Epoch [5/6][100/100]	lr: 0.00009, eta: 0:16:12, time: 9.572, data_time: 0.081, transfer_time: 0.095, forward_time: 8.952, loss_parse_time: 0.000 memory: 13643, 
2022-04-29 20:55:58,621 - INFO - task : ['VEHICLE', 'PEDESTRIAN', 'CYCLIST'], loss: 1.8384, hm_loss: 0.0000, loc_loss: 0.5878, loc_loss_elem: ['0.0961', '0.0796', '0.0797', '0.0558', '0.0640', '0.0650', '0.0629', '0.0848'], num_positive: 230.6000, roi_reg_loss: 0.5479, roi_cls_loss: 0.1149

2022-04-29 20:56:54,084 - INFO - Epoch [6/6][5/100]	lr: 0.00008, eta: 0:15:25, time: 10.984, data_time: 1.296, transfer_time: 0.100, forward_time: 9.137, loss_parse_time: 0.000 memory: 13643, 
2022-04-29 20:56:54,084 - INFO - task : ['VEHICLE', 'PEDESTRIAN', 'CYCLIST'], loss: 2.0445, hm_loss: 0.0000, loc_loss: 0.6606, loc_loss_elem: ['0.1165', '0.0973', '0.0957', '0.0551', '0.0554', '0.0768', '0.0773', '0.0865'], num_positive: 170.0000, roi_reg_loss: 0.6383, roi_cls_loss: 0.0852

2022-04-29 20:57:42,335 - INFO - Epoch [6/6][10/100]	lr: 0.00007, eta: 0:14:36, time: 9.650, data_time: 0.079, transfer_time: 0.098, forward_time: 9.026, loss_parse_time: 0.000 memory: 13643, 
2022-04-29 20:57:42,335 - INFO - task : ['VEHICLE', 'PEDESTRIAN', 'CYCLIST'], loss: 1.8048, hm_loss: 0.0000, loc_loss: 0.5794, loc_loss_elem: ['0.1052', '0.0818', '0.0795', '0.0567', '0.0596', '0.0666', '0.0518', '0.0782'], num_positive: 227.6000, roi_reg_loss: 0.5385, roi_cls_loss: 0.1075

2022-04-29 20:58:30,841 - INFO - Epoch [6/6][15/100]	lr: 0.00007, eta: 0:13:47, time: 9.702, data_time: 0.086, transfer_time: 0.100, forward_time: 9.057, loss_parse_time: 0.000 memory: 13643, 
2022-04-29 20:58:30,841 - INFO - task : ['VEHICLE', 'PEDESTRIAN', 'CYCLIST'], loss: 1.7955, hm_loss: 0.0000, loc_loss: 0.5643, loc_loss_elem: ['0.0994', '0.0866', '0.0845', '0.0560', '0.0593', '0.0716', '0.0493', '0.0577'], num_positive: 211.2000, roi_reg_loss: 0.5699, roi_cls_loss: 0.0969

2022-04-29 20:59:19,440 - INFO - Epoch [6/6][20/100]	lr: 0.00006, eta: 0:12:59, time: 9.720, data_time: 0.085, transfer_time: 0.096, forward_time: 9.075, loss_parse_time: 0.000 memory: 13643, 
2022-04-29 20:59:19,440 - INFO - task : ['VEHICLE', 'PEDESTRIAN', 'CYCLIST'], loss: 1.9293, hm_loss: 0.0000, loc_loss: 0.6250, loc_loss_elem: ['0.1047', '0.0893', '0.0913', '0.0551', '0.0579', '0.0726', '0.0735', '0.0805'], num_positive: 204.2000, roi_reg_loss: 0.5864, roi_cls_loss: 0.0929

2022-04-29 21:00:07,519 - INFO - Epoch [6/6][25/100]	lr: 0.00005, eta: 0:12:10, time: 9.616, data_time: 0.087, transfer_time: 0.094, forward_time: 9.010, loss_parse_time: 0.000 memory: 13643, 
2022-04-29 21:00:07,519 - INFO - task : ['VEHICLE', 'PEDESTRIAN', 'CYCLIST'], loss: 1.7802, hm_loss: 0.0000, loc_loss: 0.5655, loc_loss_elem: ['0.1075', '0.0808', '0.0850', '0.0561', '0.0606', '0.0712', '0.0467', '0.0575'], num_positive: 219.6000, roi_reg_loss: 0.5421, roi_cls_loss: 0.1071

2022-04-29 21:00:55,824 - INFO - Epoch [6/6][30/100]	lr: 0.00005, eta: 0:11:21, time: 9.660, data_time: 0.084, transfer_time: 0.099, forward_time: 9.019, loss_parse_time: 0.000 memory: 13643, 
2022-04-29 21:00:55,824 - INFO - task : ['VEHICLE', 'PEDESTRIAN', 'CYCLIST'], loss: 1.8496, hm_loss: 0.0000, loc_loss: 0.5972, loc_loss_elem: ['0.1021', '0.0793', '0.0856', '0.0601', '0.0656', '0.0707', '0.0619', '0.0719'], num_positive: 219.4000, roi_reg_loss: 0.5553, roi_cls_loss: 0.0998

2022-04-29 21:01:43,603 - INFO - Epoch [6/6][35/100]	lr: 0.00004, eta: 0:10:32, time: 9.557, data_time: 0.090, transfer_time: 0.097, forward_time: 8.935, loss_parse_time: 0.000 memory: 13643, 
2022-04-29 21:01:43,604 - INFO - task : ['VEHICLE', 'PEDESTRIAN', 'CYCLIST'], loss: 1.8121, hm_loss: 0.0000, loc_loss: 0.5628, loc_loss_elem: ['0.1039', '0.0856', '0.0767', '0.0580', '0.0576', '0.0641', '0.0479', '0.0690'], num_positive: 234.0000, roi_reg_loss: 0.5753, roi_cls_loss: 0.1112

2022-04-29 21:02:32,254 - INFO - Epoch [6/6][40/100]	lr: 0.00003, eta: 0:09:44, time: 9.728, data_time: 0.083, transfer_time: 0.097, forward_time: 9.096, loss_parse_time: 0.000 memory: 13643, 
2022-04-29 21:02:32,255 - INFO - task : ['VEHICLE', 'PEDESTRIAN', 'CYCLIST'], loss: 1.8669, hm_loss: 0.0000, loc_loss: 0.6040, loc_loss_elem: ['0.1081', '0.0870', '0.0887', '0.0577', '0.0632', '0.0695', '0.0598', '0.0699'], num_positive: 210.6000, roi_reg_loss: 0.5649, roi_cls_loss: 0.0939

2022-04-29 21:03:20,607 - INFO - Epoch [6/6][45/100]	lr: 0.00003, eta: 0:08:55, time: 9.673, data_time: 0.088, transfer_time: 0.096, forward_time: 9.043, loss_parse_time: 0.000 memory: 13643, 
2022-04-29 21:03:20,607 - INFO - task : ['VEHICLE', 'PEDESTRIAN', 'CYCLIST'], loss: 1.9895, hm_loss: 0.0000, loc_loss: 0.6538, loc_loss_elem: ['0.1068', '0.0859', '0.0898', '0.0623', '0.0669', '0.0736', '0.0739', '0.0944'], num_positive: 222.2000, roi_reg_loss: 0.5754, roi_cls_loss: 0.1065

2022-04-29 21:04:08,677 - INFO - Epoch [6/6][50/100]	lr: 0.00002, eta: 0:08:06, time: 9.614, data_time: 0.086, transfer_time: 0.094, forward_time: 8.986, loss_parse_time: 0.000 memory: 13643, 
2022-04-29 21:04:08,678 - INFO - task : ['VEHICLE', 'PEDESTRIAN', 'CYCLIST'], loss: 1.8805, hm_loss: 0.0000, loc_loss: 0.6069, loc_loss_elem: ['0.1128', '0.0835', '0.0863', '0.0585', '0.0637', '0.0710', '0.0595', '0.0715'], num_positive: 223.8000, roi_reg_loss: 0.5649, roi_cls_loss: 0.1018

2022-04-29 21:04:57,219 - INFO - Epoch [6/6][55/100]	lr: 0.00002, eta: 0:07:18, time: 9.706, data_time: 0.089, transfer_time: 0.099, forward_time: 9.053, loss_parse_time: 0.000 memory: 13643, 
2022-04-29 21:04:57,219 - INFO - task : ['VEHICLE', 'PEDESTRIAN', 'CYCLIST'], loss: 1.9905, hm_loss: 0.0000, loc_loss: 0.6411, loc_loss_elem: ['0.1008', '0.0887', '0.0847', '0.0602', '0.0665', '0.0709', '0.0792', '0.0901'], num_positive: 239.8000, roi_reg_loss: 0.5998, roi_cls_loss: 0.1085

2022-04-29 21:05:45,464 - INFO - Epoch [6/6][60/100]	lr: 0.00002, eta: 0:06:29, time: 9.651, data_time: 0.085, transfer_time: 0.098, forward_time: 9.012, loss_parse_time: 0.000 memory: 13643, 
2022-04-29 21:05:45,464 - INFO - task : ['VEHICLE', 'PEDESTRIAN', 'CYCLIST'], loss: 1.9209, hm_loss: 0.0000, loc_loss: 0.5983, loc_loss_elem: ['0.1016', '0.0901', '0.0941', '0.0546', '0.0533', '0.0771', '0.0553', '0.0722'], num_positive: 190.2000, roi_reg_loss: 0.6309, roi_cls_loss: 0.0934

2022-04-29 21:06:33,431 - INFO - Epoch [6/6][65/100]	lr: 0.00001, eta: 0:05:40, time: 9.593, data_time: 0.083, transfer_time: 0.095, forward_time: 8.972, loss_parse_time: 0.000 memory: 13643, 
2022-04-29 21:06:33,431 - INFO - task : ['VEHICLE', 'PEDESTRIAN', 'CYCLIST'], loss: 1.8448, hm_loss: 0.0000, loc_loss: 0.5995, loc_loss_elem: ['0.1008', '0.0860', '0.0859', '0.0588', '0.0601', '0.0731', '0.0565', '0.0782'], num_positive: 214.6000, roi_reg_loss: 0.5539, roi_cls_loss: 0.0919

2022-04-29 21:07:21,272 - INFO - Epoch [6/6][70/100]	lr: 0.00001, eta: 0:04:51, time: 9.568, data_time: 0.080, transfer_time: 0.096, forward_time: 8.929, loss_parse_time: 0.000 memory: 13643, 
2022-04-29 21:07:21,272 - INFO - task : ['VEHICLE', 'PEDESTRIAN', 'CYCLIST'], loss: 1.9424, hm_loss: 0.0000, loc_loss: 0.6152, loc_loss_elem: ['0.1034', '0.0834', '0.0858', '0.0593', '0.0646', '0.0694', '0.0688', '0.0806'], num_positive: 269.8000, roi_reg_loss: 0.5820, roi_cls_loss: 0.1299

2022-04-29 21:08:09,276 - INFO - Epoch [6/6][75/100]	lr: 0.00001, eta: 0:04:03, time: 9.601, data_time: 0.080, transfer_time: 0.097, forward_time: 9.008, loss_parse_time: 0.000 memory: 13643, 
2022-04-29 21:08:09,277 - INFO - task : ['VEHICLE', 'PEDESTRIAN', 'CYCLIST'], loss: 1.7283, hm_loss: 0.0000, loc_loss: 0.5599, loc_loss_elem: ['0.1013', '0.0810', '0.0762', '0.0559', '0.0605', '0.0629', '0.0537', '0.0684'], num_positive: 240.4000, roi_reg_loss: 0.5109, roi_cls_loss: 0.0976

2022-04-29 21:08:57,492 - INFO - Epoch [6/6][80/100]	lr: 0.00000, eta: 0:03:14, time: 9.643, data_time: 0.088, transfer_time: 0.096, forward_time: 9.024, loss_parse_time: 0.000 memory: 13643, 
2022-04-29 21:08:57,492 - INFO - task : ['VEHICLE', 'PEDESTRIAN', 'CYCLIST'], loss: 1.8585, hm_loss: 0.0000, loc_loss: 0.5865, loc_loss_elem: ['0.0982', '0.0858', '0.0857', '0.0581', '0.0602', '0.0688', '0.0664', '0.0633'], num_positive: 215.4000, roi_reg_loss: 0.5669, roi_cls_loss: 0.1186

2022-04-29 21:09:45,484 - INFO - Epoch [6/6][85/100]	lr: 0.00000, eta: 0:02:25, time: 9.598, data_time: 0.082, transfer_time: 0.100, forward_time: 8.972, loss_parse_time: 0.000 memory: 13643, 
2022-04-29 21:09:45,484 - INFO - task : ['VEHICLE', 'PEDESTRIAN', 'CYCLIST'], loss: 1.9461, hm_loss: 0.0000, loc_loss: 0.6208, loc_loss_elem: ['0.1095', '0.0922', '0.0987', '0.0533', '0.0541', '0.0821', '0.0586', '0.0722'], num_positive: 184.6000, roi_reg_loss: 0.6184, roi_cls_loss: 0.0861

2022-04-29 21:10:33,534 - INFO - Epoch [6/6][90/100]	lr: 0.00000, eta: 0:01:37, time: 9.610, data_time: 0.088, transfer_time: 0.095, forward_time: 8.994, loss_parse_time: 0.000 memory: 13643, 
2022-04-29 21:10:33,534 - INFO - task : ['VEHICLE', 'PEDESTRIAN', 'CYCLIST'], loss: 1.8254, hm_loss: 0.0000, loc_loss: 0.5940, loc_loss_elem: ['0.0981', '0.0854', '0.0905', '0.0561', '0.0616', '0.0692', '0.0552', '0.0778'], num_positive: 224.2000, roi_reg_loss: 0.5413, roi_cls_loss: 0.0961

2022-04-29 21:11:22,073 - INFO - Epoch [6/6][95/100]	lr: 0.00000, eta: 0:00:48, time: 9.706, data_time: 0.086, transfer_time: 0.100, forward_time: 9.076, loss_parse_time: 0.000 memory: 13643, 
2022-04-29 21:11:22,073 - INFO - task : ['VEHICLE', 'PEDESTRIAN', 'CYCLIST'], loss: 1.8512, hm_loss: 0.0000, loc_loss: 0.5956, loc_loss_elem: ['0.1049', '0.0851', '0.0838', '0.0545', '0.0634', '0.0786', '0.0531', '0.0722'], num_positive: 204.4000, roi_reg_loss: 0.5618, roi_cls_loss: 0.0983

2022-04-29 21:12:09,971 - INFO - Epoch [6/6][100/100]	lr: 0.00000, eta: 0:00:00, time: 9.582, data_time: 0.085, transfer_time: 0.096, forward_time: 8.936, loss_parse_time: 0.000 memory: 13643, 
2022-04-29 21:12:09,971 - INFO - task : ['VEHICLE', 'PEDESTRIAN', 'CYCLIST'], loss: 1.8312, hm_loss: 0.0000, loc_loss: 0.6006, loc_loss_elem: ['0.1071', '0.0843', '0.0878', '0.0582', '0.0608', '0.0712', '0.0576', '0.0735'], num_positive: 214.2000, roi_reg_loss: 0.5387, roi_cls_loss: 0.0913

