2022-03-26 00:45:11,663 - INFO - Start running, host: root@38c34f86dda2, work_dir: /code/CenterPoint/work_dirs/waymo_centerpoint_voxelnet_two_stage_bev_5point_ft_6epoch_freeze_fusion
2022-03-26 00:45:11,663 - INFO - workflow: [('train', 1)], max: 6 epochs
2022-03-26 00:45:28,678 - INFO - Epoch [1/6][5/397]	lr: 0.00005, eta: 2:14:47, time: 3.402, data_time: 0.743, transfer_time: 0.023, forward_time: 2.474, loss_parse_time: 0.000 memory: 3515, 
2022-03-26 00:45:28,679 - INFO - task : ['VEHICLE', 'PEDESTRIAN', 'CYCLIST'], loss: 1170.5222, hm_loss: 1167.3621, loc_loss: 0.7519, loc_loss_elem: ['0.1272', '0.0958', '0.1066', '0.0559', '0.0697', '0.0942', '0.0667', '0.1360'], num_positive: 34.8000, roi_reg_loss: 0.9405, roi_cls_loss: 0.7157

2022-03-26 00:45:42,158 - INFO - Epoch [1/6][10/397]	lr: 0.00005, eta: 2:00:30, time: 2.694, data_time: 0.105, transfer_time: 0.022, forward_time: 2.404, loss_parse_time: 0.000 memory: 3939, 
2022-03-26 00:45:42,158 - INFO - task : ['VEHICLE', 'PEDESTRIAN', 'CYCLIST'], loss: 3031.2674, hm_loss: 3028.7795, loc_loss: 0.5354, loc_loss_elem: ['0.1090', '0.0851', '0.0773', '0.0533', '0.0528', '0.0667', '0.0346', '0.0566'], num_positive: 36.6000, roi_reg_loss: 0.8611, roi_cls_loss: 0.5561

2022-03-26 00:45:55,546 - INFO - Epoch [1/6][15/397]	lr: 0.00005, eta: 1:55:24, time: 2.679, data_time: 0.101, transfer_time: 0.021, forward_time: 2.399, loss_parse_time: 0.000 memory: 3939, 
2022-03-26 00:45:55,546 - INFO - task : ['VEHICLE', 'PEDESTRIAN', 'CYCLIST'], loss: 1625.2036, hm_loss: 1622.5183, loc_loss: 0.6130, loc_loss_elem: ['0.1095', '0.0829', '0.0814', '0.0700', '0.0795', '0.0666', '0.0520', '0.0710'], num_positive: 45.4000, roi_reg_loss: 0.9431, roi_cls_loss: 0.5162

2022-03-26 00:46:09,248 - INFO - Epoch [1/6][20/397]	lr: 0.00005, eta: 1:53:19, time: 2.739, data_time: 0.092, transfer_time: 0.020, forward_time: 2.451, loss_parse_time: 0.000 memory: 3939, 
2022-03-26 00:46:09,248 - INFO - task : ['VEHICLE', 'PEDESTRIAN', 'CYCLIST'], loss: 949.3439, hm_loss: 946.4057, loc_loss: 0.7268, loc_loss_elem: ['0.0989', '0.0891', '0.0878', '0.0681', '0.0919', '0.0860', '0.1165', '0.0885'], num_positive: 49.4000, roi_reg_loss: 0.9746, roi_cls_loss: 0.5100

2022-03-26 00:46:22,565 - INFO - Epoch [1/6][25/397]	lr: 0.00005, eta: 1:51:24, time: 2.665, data_time: 0.098, transfer_time: 0.020, forward_time: 2.404, loss_parse_time: 0.000 memory: 3939, 
2022-03-26 00:46:22,565 - INFO - task : ['VEHICLE', 'PEDESTRIAN', 'CYCLIST'], loss: 496.3700, hm_loss: 493.6842, loc_loss: 0.6088, loc_loss_elem: ['0.1115', '0.0930', '0.0793', '0.0596', '0.0588', '0.0831', '0.0364', '0.0872'], num_positive: 80.6000, roi_reg_loss: 0.9347, roi_cls_loss: 0.5336

2022-03-26 00:46:36,074 - INFO - Epoch [1/6][30/397]	lr: 0.00005, eta: 1:50:17, time: 2.702, data_time: 0.105, transfer_time: 0.020, forward_time: 2.423, loss_parse_time: 0.000 memory: 3939, 
2022-03-26 00:46:36,075 - INFO - task : ['VEHICLE', 'PEDESTRIAN', 'CYCLIST'], loss: 900.2507, hm_loss: 897.5951, loc_loss: 0.6313, loc_loss_elem: ['0.1085', '0.0948', '0.0893', '0.0549', '0.0549', '0.0813', '0.0468', '0.1009'], num_positive: 49.0000, roi_reg_loss: 0.9265, roi_cls_loss: 0.4666

2022-03-26 00:46:49,644 - INFO - Epoch [1/6][35/397]	lr: 0.00005, eta: 1:49:30, time: 2.714, data_time: 0.101, transfer_time: 0.020, forward_time: 2.428, loss_parse_time: 0.000 memory: 3939, 
2022-03-26 00:46:49,645 - INFO - task : ['VEHICLE', 'PEDESTRIAN', 'CYCLIST'], loss: 823.0180, hm_loss: 820.4696, loc_loss: 0.6158, loc_loss_elem: ['0.0856', '0.0888', '0.0869', '0.0596', '0.0688', '0.0738', '0.0564', '0.0959'], num_positive: 66.8000, roi_reg_loss: 0.8596, roi_cls_loss: 0.4572

2022-03-26 00:47:03,074 - INFO - Epoch [1/6][40/397]	lr: 0.00005, eta: 1:48:42, time: 2.685, data_time: 0.096, transfer_time: 0.020, forward_time: 2.416, loss_parse_time: 0.000 memory: 3939, 
2022-03-26 00:47:03,074 - INFO - task : ['VEHICLE', 'PEDESTRIAN', 'CYCLIST'], loss: 1055.5831, hm_loss: 1052.9780, loc_loss: 0.6360, loc_loss_elem: ['0.1307', '0.0874', '0.0971', '0.0450', '0.0480', '0.0648', '0.0449', '0.1181'], num_positive: 55.8000, roi_reg_loss: 0.8955, roi_cls_loss: 0.4374

2022-03-26 00:47:16,640 - INFO - Epoch [1/6][45/397]	lr: 0.00005, eta: 1:48:10, time: 2.714, data_time: 0.103, transfer_time: 0.019, forward_time: 2.421, loss_parse_time: 0.000 memory: 3970, 
2022-03-26 00:47:16,640 - INFO - task : ['VEHICLE', 'PEDESTRIAN', 'CYCLIST'], loss: 955.9838, hm_loss: 953.0193, loc_loss: 0.8361, loc_loss_elem: ['0.1075', '0.1011', '0.0965', '0.0649', '0.0874', '0.0777', '0.1085', '0.1924'], num_positive: 46.8000, roi_reg_loss: 0.8493, roi_cls_loss: 0.4431

2022-03-26 00:47:30,440 - INFO - Epoch [1/6][50/397]	lr: 0.00005, eta: 1:47:51, time: 2.758, data_time: 0.098, transfer_time: 0.020, forward_time: 2.478, loss_parse_time: 0.000 memory: 3970, 
2022-03-26 00:47:30,440 - INFO - task : ['VEHICLE', 'PEDESTRIAN', 'CYCLIST'], loss: 660.0853, hm_loss: 657.3151, loc_loss: 0.7066, loc_loss_elem: ['0.0990', '0.0834', '0.1031', '0.0634', '0.0749', '0.0726', '0.1117', '0.0985'], num_positive: 74.0000, roi_reg_loss: 0.9220, roi_cls_loss: 0.4350

2022-03-26 00:47:43,820 - INFO - Epoch [1/6][55/397]	lr: 0.00005, eta: 1:47:17, time: 2.678, data_time: 0.108, transfer_time: 0.021, forward_time: 2.393, loss_parse_time: 0.000 memory: 3970, 
2022-03-26 00:47:43,820 - INFO - task : ['VEHICLE', 'PEDESTRIAN', 'CYCLIST'], loss: 1043.7738, hm_loss: 1041.3427, loc_loss: 0.6073, loc_loss_elem: ['0.1191', '0.0947', '0.0782', '0.0523', '0.0598', '0.0812', '0.0553', '0.0667'], num_positive: 42.2000, roi_reg_loss: 0.8830, roi_cls_loss: 0.3335

2022-03-26 00:47:57,371 - INFO - Epoch [1/6][60/397]	lr: 0.00005, eta: 1:46:52, time: 2.708, data_time: 0.100, transfer_time: 0.021, forward_time: 2.423, loss_parse_time: 0.000 memory: 3970, 
2022-03-26 00:47:57,372 - INFO - task : ['VEHICLE', 'PEDESTRIAN', 'CYCLIST'], loss: 1005.0317, hm_loss: 1002.3741, loc_loss: 0.6293, loc_loss_elem: ['0.1154', '0.1025', '0.0890', '0.0531', '0.0520', '0.0876', '0.0545', '0.0751'], num_positive: 48.8000, roi_reg_loss: 0.9978, roi_cls_loss: 0.4013

2022-03-26 00:48:11,025 - INFO - Epoch [1/6][65/397]	lr: 0.00005, eta: 1:46:33, time: 2.733, data_time: 0.102, transfer_time: 0.020, forward_time: 2.446, loss_parse_time: 0.000 memory: 3970, 
2022-03-26 00:48:11,026 - INFO - task : ['VEHICLE', 'PEDESTRIAN', 'CYCLIST'], loss: 741.7367, hm_loss: 739.2289, loc_loss: 0.6314, loc_loss_elem: ['0.0960', '0.0871', '0.0807', '0.0622', '0.0634', '0.0924', '0.0624', '0.0873'], num_positive: 62.8000, roi_reg_loss: 0.8695, roi_cls_loss: 0.3754

2022-03-26 00:48:24,385 - INFO - Epoch [1/6][70/397]	lr: 0.00006, eta: 1:46:04, time: 2.670, data_time: 0.098, transfer_time: 0.021, forward_time: 2.401, loss_parse_time: 0.000 memory: 3970, 
2022-03-26 00:48:24,385 - INFO - task : ['VEHICLE', 'PEDESTRIAN', 'CYCLIST'], loss: 1637.8297, hm_loss: 1634.9858, loc_loss: 0.8606, loc_loss_elem: ['0.1202', '0.1004', '0.1533', '0.0734', '0.0880', '0.0991', '0.1287', '0.0974'], num_positive: 31.6000, roi_reg_loss: 0.8575, roi_cls_loss: 0.2651

2022-03-26 00:48:37,783 - INFO - Epoch [1/6][75/397]	lr: 0.00006, eta: 1:45:39, time: 2.680, data_time: 0.109, transfer_time: 0.021, forward_time: 2.403, loss_parse_time: 0.000 memory: 3970, 
2022-03-26 00:48:37,783 - INFO - task : ['VEHICLE', 'PEDESTRIAN', 'CYCLIST'], loss: 710.3147, hm_loss: 707.7383, loc_loss: 0.6452, loc_loss_elem: ['0.1135', '0.0877', '0.0859', '0.0576', '0.0635', '0.0764', '0.0704', '0.0901'], num_positive: 68.2000, roi_reg_loss: 0.8955, roi_cls_loss: 0.3905

2022-03-26 00:48:51,355 - INFO - Epoch [1/6][80/397]	lr: 0.00006, eta: 1:45:21, time: 2.717, data_time: 0.105, transfer_time: 0.021, forward_time: 2.429, loss_parse_time: 0.000 memory: 3970, 
2022-03-26 00:48:51,355 - INFO - task : ['VEHICLE', 'PEDESTRIAN', 'CYCLIST'], loss: 1015.4905, hm_loss: 1012.6733, loc_loss: 0.6571, loc_loss_elem: ['0.1343', '0.0914', '0.1052', '0.0489', '0.0471', '0.0795', '0.0492', '0.1014'], num_positive: 48.8000, roi_reg_loss: 1.0824, roi_cls_loss: 0.4206

2022-03-26 00:49:04,883 - INFO - Epoch [1/6][85/397]	lr: 0.00006, eta: 1:45:02, time: 2.705, data_time: 0.108, transfer_time: 0.023, forward_time: 2.415, loss_parse_time: 0.000 memory: 3970, 
2022-03-26 00:49:04,883 - INFO - task : ['VEHICLE', 'PEDESTRIAN', 'CYCLIST'], loss: 888.5767, hm_loss: 886.0337, loc_loss: 0.6005, loc_loss_elem: ['0.0958', '0.0930', '0.0936', '0.0598', '0.0648', '0.0751', '0.0534', '0.0649'], num_positive: 54.2000, roi_reg_loss: 0.9587, roi_cls_loss: 0.3833

2022-03-26 00:49:18,266 - INFO - Epoch [1/6][90/397]	lr: 0.00006, eta: 1:44:40, time: 2.678, data_time: 0.106, transfer_time: 0.020, forward_time: 2.391, loss_parse_time: 0.000 memory: 3970, 
2022-03-26 00:49:18,266 - INFO - task : ['VEHICLE', 'PEDESTRIAN', 'CYCLIST'], loss: 852.3298, hm_loss: 849.5824, loc_loss: 0.7177, loc_loss_elem: ['0.1196', '0.0935', '0.1180', '0.0543', '0.0528', '0.0959', '0.0772', '0.1064'], num_positive: 61.8000, roi_reg_loss: 0.9343, roi_cls_loss: 0.3778

2022-03-26 00:49:31,895 - INFO - Epoch [1/6][95/397]	lr: 0.00006, eta: 1:44:24, time: 2.724, data_time: 0.112, transfer_time: 0.020, forward_time: 2.438, loss_parse_time: 0.000 memory: 3970, 
2022-03-26 00:49:31,895 - INFO - task : ['VEHICLE', 'PEDESTRIAN', 'CYCLIST'], loss: 932.0693, hm_loss: 929.6907, loc_loss: 0.6253, loc_loss_elem: ['0.1042', '0.0859', '0.0884', '0.0610', '0.0707', '0.0942', '0.0444', '0.0764'], num_positive: 48.6000, roi_reg_loss: 0.8390, roi_cls_loss: 0.2890

2022-03-26 00:49:45,327 - INFO - Epoch [1/6][100/397]	lr: 0.00006, eta: 1:44:04, time: 2.689, data_time: 0.106, transfer_time: 0.020, forward_time: 2.409, loss_parse_time: 0.000 memory: 3970, 
2022-03-26 00:49:45,327 - INFO - task : ['VEHICLE', 'PEDESTRIAN', 'CYCLIST'], loss: 1189.8938, hm_loss: 1186.9710, loc_loss: 0.8289, loc_loss_elem: ['0.1341', '0.1160', '0.1790', '0.0500', '0.0552', '0.0912', '0.0544', '0.1489'], num_positive: 35.8000, roi_reg_loss: 0.9631, roi_cls_loss: 0.3019

2022-03-26 00:49:58,913 - INFO - Epoch [1/6][105/397]	lr: 0.00006, eta: 1:43:48, time: 2.715, data_time: 0.106, transfer_time: 0.020, forward_time: 2.435, loss_parse_time: 0.000 memory: 3970, 
2022-03-26 00:49:58,913 - INFO - task : ['VEHICLE', 'PEDESTRIAN', 'CYCLIST'], loss: 811.1266, hm_loss: 808.6765, loc_loss: 0.5949, loc_loss_elem: ['0.1121', '0.0831', '0.0977', '0.0489', '0.0564', '0.0774', '0.0500', '0.0693'], num_positive: 49.6000, roi_reg_loss: 0.9409, roi_cls_loss: 0.3195

2022-03-26 00:50:12,367 - INFO - Epoch [1/6][110/397]	lr: 0.00006, eta: 1:43:30, time: 2.693, data_time: 0.111, transfer_time: 0.020, forward_time: 2.407, loss_parse_time: 0.000 memory: 3970, 
2022-03-26 00:50:12,368 - INFO - task : ['VEHICLE', 'PEDESTRIAN', 'CYCLIST'], loss: 1011.1205, hm_loss: 1008.5162, loc_loss: 0.6850, loc_loss_elem: ['0.1161', '0.0891', '0.1077', '0.0660', '0.0690', '0.0832', '0.0889', '0.0650'], num_positive: 52.0000, roi_reg_loss: 0.9087, roi_cls_loss: 0.3256

2022-03-26 00:50:25,860 - INFO - Epoch [1/6][115/397]	lr: 0.00007, eta: 1:43:13, time: 2.698, data_time: 0.105, transfer_time: 0.020, forward_time: 2.407, loss_parse_time: 0.000 memory: 3970, 
2022-03-26 00:50:25,860 - INFO - task : ['VEHICLE', 'PEDESTRIAN', 'CYCLIST'], loss: 658.6735, hm_loss: 656.2198, loc_loss: 0.6553, loc_loss_elem: ['0.1065', '0.0808', '0.0908', '0.0611', '0.0656', '0.0848', '0.0677', '0.0981'], num_positive: 59.6000, roi_reg_loss: 0.8411, roi_cls_loss: 0.3020

2022-03-26 00:50:39,426 - INFO - Epoch [1/6][120/397]	lr: 0.00007, eta: 1:42:58, time: 2.713, data_time: 0.104, transfer_time: 0.023, forward_time: 2.416, loss_parse_time: 0.000 memory: 3970, 
2022-03-26 00:50:39,426 - INFO - task : ['VEHICLE', 'PEDESTRIAN', 'CYCLIST'], loss: 2076.2990, hm_loss: 2073.8280, loc_loss: 0.5937, loc_loss_elem: ['0.1022', '0.0869', '0.0884', '0.0512', '0.0555', '0.0787', '0.0392', '0.0917'], num_positive: 40.8000, roi_reg_loss: 0.9966, roi_cls_loss: 0.2871

2022-03-26 00:50:52,978 - INFO - Epoch [1/6][125/397]	lr: 0.00007, eta: 1:42:42, time: 2.708, data_time: 0.101, transfer_time: 0.020, forward_time: 2.425, loss_parse_time: 0.000 memory: 3970, 
2022-03-26 00:50:52,979 - INFO - task : ['VEHICLE', 'PEDESTRIAN', 'CYCLIST'], loss: 658.6435, hm_loss: 656.0967, loc_loss: 0.6236, loc_loss_elem: ['0.1221', '0.0895', '0.0842', '0.0595', '0.0686', '0.0780', '0.0558', '0.0659'], num_positive: 61.2000, roi_reg_loss: 0.9730, roi_cls_loss: 0.3266

2022-03-26 00:51:06,315 - INFO - Epoch [1/6][130/397]	lr: 0.00007, eta: 1:42:23, time: 2.669, data_time: 0.103, transfer_time: 0.020, forward_time: 2.385, loss_parse_time: 0.000 memory: 3970, 
2022-03-26 00:51:06,315 - INFO - task : ['VEHICLE', 'PEDESTRIAN', 'CYCLIST'], loss: 693.2953, hm_loss: 690.9311, loc_loss: 0.6172, loc_loss_elem: ['0.0951', '0.0855', '0.0733', '0.0587', '0.0603', '0.0769', '0.0699', '0.0975'], num_positive: 59.4000, roi_reg_loss: 0.7992, roi_cls_loss: 0.3305

2022-03-26 00:51:19,606 - INFO - Epoch [1/6][135/397]	lr: 0.00007, eta: 1:42:04, time: 2.659, data_time: 0.109, transfer_time: 0.021, forward_time: 2.377, loss_parse_time: 0.000 memory: 3970, 
2022-03-26 00:51:19,606 - INFO - task : ['VEHICLE', 'PEDESTRIAN', 'CYCLIST'], loss: 653.3363, hm_loss: 651.0723, loc_loss: 0.5795, loc_loss_elem: ['0.1013', '0.0800', '0.0762', '0.0599', '0.0625', '0.0670', '0.0665', '0.0661'], num_positive: 62.6000, roi_reg_loss: 0.8296, roi_cls_loss: 0.2754

2022-03-26 00:51:33,076 - INFO - Epoch [1/6][140/397]	lr: 0.00007, eta: 1:41:47, time: 2.694, data_time: 0.101, transfer_time: 0.021, forward_time: 2.421, loss_parse_time: 0.000 memory: 3970, 
2022-03-26 00:51:33,076 - INFO - task : ['VEHICLE', 'PEDESTRIAN', 'CYCLIST'], loss: 763.2664, hm_loss: 760.6157, loc_loss: 0.6965, loc_loss_elem: ['0.1118', '0.0974', '0.0910', '0.0592', '0.0685', '0.0720', '0.0715', '0.1251'], num_positive: 63.4000, roi_reg_loss: 0.9166, roi_cls_loss: 0.3411

2022-03-26 00:51:46,393 - INFO - Epoch [1/6][145/397]	lr: 0.00007, eta: 1:41:29, time: 2.663, data_time: 0.107, transfer_time: 0.021, forward_time: 2.378, loss_parse_time: 0.000 memory: 3970, 
2022-03-26 00:51:46,393 - INFO - task : ['VEHICLE', 'PEDESTRIAN', 'CYCLIST'], loss: 862.6636, hm_loss: 860.3080, loc_loss: 0.5651, loc_loss_elem: ['0.1075', '0.0909', '0.0978', '0.0509', '0.0480', '0.0589', '0.0441', '0.0671'], num_positive: 44.4000, roi_reg_loss: 0.9414, roi_cls_loss: 0.2838

2022-03-26 00:51:59,797 - INFO - Epoch [1/6][150/397]	lr: 0.00008, eta: 1:41:12, time: 2.681, data_time: 0.099, transfer_time: 0.020, forward_time: 2.406, loss_parse_time: 0.000 memory: 3970, 
2022-03-26 00:51:59,798 - INFO - task : ['VEHICLE', 'PEDESTRIAN', 'CYCLIST'], loss: 731.2409, hm_loss: 728.7985, loc_loss: 0.6250, loc_loss_elem: ['0.0896', '0.0897', '0.0929', '0.0590', '0.0633', '0.0706', '0.0791', '0.0808'], num_positive: 57.6000, roi_reg_loss: 0.8652, roi_cls_loss: 0.3271

2022-03-26 00:52:13,252 - INFO - Epoch [1/6][155/397]	lr: 0.00008, eta: 1:40:57, time: 2.691, data_time: 0.114, transfer_time: 0.022, forward_time: 2.386, loss_parse_time: 0.000 memory: 3970, 
2022-03-26 00:52:13,252 - INFO - task : ['VEHICLE', 'PEDESTRIAN', 'CYCLIST'], loss: 1527.4325, hm_loss: 1524.3435, loc_loss: 0.9341, loc_loss_elem: ['0.1375', '0.0951', '0.2633', '0.0512', '0.0585', '0.0903', '0.1289', '0.1093'], num_positive: 38.4000, roi_reg_loss: 0.9757, roi_cls_loss: 0.2449

2022-03-26 00:52:26,714 - INFO - Epoch [1/6][160/397]	lr: 0.00008, eta: 1:40:41, time: 2.692, data_time: 0.114, transfer_time: 0.020, forward_time: 2.391, loss_parse_time: 0.000 memory: 3970, 
2022-03-26 00:52:26,714 - INFO - task : ['VEHICLE', 'PEDESTRIAN', 'CYCLIST'], loss: 591.7086, hm_loss: 589.2019, loc_loss: 0.6158, loc_loss_elem: ['0.1079', '0.0867', '0.0787', '0.0604', '0.0696', '0.0652', '0.0596', '0.0877'], num_positive: 69.6000, roi_reg_loss: 0.8922, roi_cls_loss: 0.3829

2022-03-26 00:52:40,206 - INFO - Epoch [1/6][165/397]	lr: 0.00008, eta: 1:40:26, time: 2.699, data_time: 0.110, transfer_time: 0.022, forward_time: 2.403, loss_parse_time: 0.000 memory: 3970, 
2022-03-26 00:52:40,206 - INFO - task : ['VEHICLE', 'PEDESTRIAN', 'CYCLIST'], loss: 1415.1796, hm_loss: 1412.5825, loc_loss: 0.7943, loc_loss_elem: ['0.1263', '0.1133', '0.1553', '0.0552', '0.0519', '0.1000', '0.0787', '0.1135'], num_positive: 33.4000, roi_reg_loss: 0.7818, roi_cls_loss: 0.2268

2022-03-26 00:52:53,650 - INFO - Epoch [1/6][170/397]	lr: 0.00008, eta: 1:40:11, time: 2.689, data_time: 0.102, transfer_time: 0.021, forward_time: 2.411, loss_parse_time: 0.000 memory: 3970, 
2022-03-26 00:52:53,651 - INFO - task : ['VEHICLE', 'PEDESTRIAN', 'CYCLIST'], loss: 1253.1420, hm_loss: 1250.4813, loc_loss: 0.7745, loc_loss_elem: ['0.1103', '0.1144', '0.1205', '0.0618', '0.0569', '0.0825', '0.0862', '0.1418'], num_positive: 35.0000, roi_reg_loss: 0.8602, roi_cls_loss: 0.2515

2022-03-26 00:53:07,119 - INFO - Epoch [1/6][175/397]	lr: 0.00009, eta: 1:39:55, time: 2.691, data_time: 0.104, transfer_time: 0.021, forward_time: 2.408, loss_parse_time: 0.000 memory: 3970, 
2022-03-26 00:53:07,119 - INFO - task : ['VEHICLE', 'PEDESTRIAN', 'CYCLIST'], loss: 855.4766, hm_loss: 853.0524, loc_loss: 0.6416, loc_loss_elem: ['0.0960', '0.0945', '0.0994', '0.0615', '0.0665', '0.0795', '0.0605', '0.0837'], num_positive: 56.0000, roi_reg_loss: 0.8667, roi_cls_loss: 0.2743

2022-03-26 00:53:20,412 - INFO - Epoch [1/6][180/397]	lr: 0.00009, eta: 1:39:38, time: 2.659, data_time: 0.104, transfer_time: 0.020, forward_time: 2.382, loss_parse_time: 0.000 memory: 3970, 
2022-03-26 00:53:20,412 - INFO - task : ['VEHICLE', 'PEDESTRIAN', 'CYCLIST'], loss: 747.7132, hm_loss: 745.1432, loc_loss: 0.6173, loc_loss_elem: ['0.1129', '0.0844', '0.0780', '0.0577', '0.0662', '0.0677', '0.0661', '0.0842'], num_positive: 68.0000, roi_reg_loss: 0.9926, roi_cls_loss: 0.3428

2022-03-26 00:53:33,845 - INFO - Epoch [1/6][185/397]	lr: 0.00009, eta: 1:39:23, time: 2.689, data_time: 0.105, transfer_time: 0.020, forward_time: 2.404, loss_parse_time: 0.000 memory: 3970, 
2022-03-26 00:53:33,845 - INFO - task : ['VEHICLE', 'PEDESTRIAN', 'CYCLIST'], loss: 1027.0046, hm_loss: 1024.7962, loc_loss: 0.6213, loc_loss_elem: ['0.1073', '0.0752', '0.0864', '0.0500', '0.0505', '0.0746', '0.0693', '0.1079'], num_positive: 44.4000, roi_reg_loss: 0.7456, roi_cls_loss: 0.2202

2022-03-26 00:53:47,183 - INFO - Epoch [1/6][190/397]	lr: 0.00009, eta: 1:39:07, time: 2.665, data_time: 0.104, transfer_time: 0.021, forward_time: 2.384, loss_parse_time: 0.000 memory: 3970, 
2022-03-26 00:53:47,183 - INFO - task : ['VEHICLE', 'PEDESTRIAN', 'CYCLIST'], loss: 1073.3897, hm_loss: 1070.9748, loc_loss: 0.6134, loc_loss_elem: ['0.1036', '0.0890', '0.0918', '0.0538', '0.0485', '0.0800', '0.0805', '0.0661'], num_positive: 59.4000, roi_reg_loss: 0.9222, roi_cls_loss: 0.2661

2022-03-26 00:54:00,595 - INFO - Epoch [1/6][195/397]	lr: 0.00009, eta: 1:38:52, time: 2.685, data_time: 0.103, transfer_time: 0.021, forward_time: 2.393, loss_parse_time: 0.000 memory: 3970, 
2022-03-26 00:54:00,596 - INFO - task : ['VEHICLE', 'PEDESTRIAN', 'CYCLIST'], loss: 1458.5851, hm_loss: 1456.2746, loc_loss: 0.6003, loc_loss_elem: ['0.1014', '0.0877', '0.0818', '0.0587', '0.0640', '0.0656', '0.0639', '0.0773'], num_positive: 53.4000, roi_reg_loss: 0.8373, roi_cls_loss: 0.2725

2022-03-26 00:54:14,232 - INFO - Epoch [1/6][200/397]	lr: 0.00010, eta: 1:38:39, time: 2.727, data_time: 0.103, transfer_time: 0.024, forward_time: 2.431, loss_parse_time: 0.000 memory: 3970, 
2022-03-26 00:54:14,232 - INFO - task : ['VEHICLE', 'PEDESTRIAN', 'CYCLIST'], loss: 1013.6828, hm_loss: 1011.0846, loc_loss: 0.6380, loc_loss_elem: ['0.1071', '0.0836', '0.0929', '0.0547', '0.0577', '0.0743', '0.0925', '0.0751'], num_positive: 44.0000, roi_reg_loss: 1.0518, roi_cls_loss: 0.2706

2022-03-26 00:54:27,641 - INFO - Epoch [1/6][205/397]	lr: 0.00010, eta: 1:38:24, time: 2.681, data_time: 0.105, transfer_time: 0.020, forward_time: 2.401, loss_parse_time: 0.000 memory: 3970, 
2022-03-26 00:54:27,642 - INFO - task : ['VEHICLE', 'PEDESTRIAN', 'CYCLIST'], loss: 1012.8869, hm_loss: 1010.4866, loc_loss: 0.6539, loc_loss_elem: ['0.1328', '0.0887', '0.0936', '0.0585', '0.0687', '0.1078', '0.0480', '0.0558'], num_positive: 48.6000, roi_reg_loss: 0.8381, roi_cls_loss: 0.2545

2022-03-26 00:54:41,139 - INFO - Epoch [1/6][210/397]	lr: 0.00010, eta: 1:38:09, time: 2.701, data_time: 0.098, transfer_time: 0.021, forward_time: 2.418, loss_parse_time: 0.000 memory: 3970, 
2022-03-26 00:54:41,139 - INFO - task : ['VEHICLE', 'PEDESTRIAN', 'CYCLIST'], loss: 1343.7006, hm_loss: 1341.3513, loc_loss: 0.6560, loc_loss_elem: ['0.1018', '0.0811', '0.0874', '0.0563', '0.0542', '0.0784', '0.1184', '0.0784'], num_positive: 38.8000, roi_reg_loss: 0.8453, roi_cls_loss: 0.1920

2022-03-26 00:54:54,560 - INFO - Epoch [1/6][215/397]	lr: 0.00010, eta: 1:37:54, time: 2.684, data_time: 0.107, transfer_time: 0.021, forward_time: 2.397, loss_parse_time: 0.000 memory: 3970, 
2022-03-26 00:54:54,560 - INFO - task : ['VEHICLE', 'PEDESTRIAN', 'CYCLIST'], loss: 910.6582, hm_loss: 908.2774, loc_loss: 0.6112, loc_loss_elem: ['0.0984', '0.0967', '0.0890', '0.0582', '0.0564', '0.0828', '0.0688', '0.0608'], num_positive: 54.4000, roi_reg_loss: 0.8848, roi_cls_loss: 0.2736

2022-03-26 00:55:07,883 - INFO - Epoch [1/6][220/397]	lr: 0.00011, eta: 1:37:39, time: 2.665, data_time: 0.104, transfer_time: 0.022, forward_time: 2.388, loss_parse_time: 0.000 memory: 3970, 
2022-03-26 00:55:07,883 - INFO - task : ['VEHICLE', 'PEDESTRIAN', 'CYCLIST'], loss: 604.9345, hm_loss: 602.3611, loc_loss: 0.6584, loc_loss_elem: ['0.1105', '0.0907', '0.0918', '0.0618', '0.0656', '0.0757', '0.0603', '0.1020'], num_positive: 68.6000, roi_reg_loss: 0.9417, roi_cls_loss: 0.3150

2022-03-26 00:55:21,337 - INFO - Epoch [1/6][225/397]	lr: 0.00011, eta: 1:37:24, time: 2.691, data_time: 0.108, transfer_time: 0.021, forward_time: 2.392, loss_parse_time: 0.000 memory: 3970, 
2022-03-26 00:55:21,337 - INFO - task : ['VEHICLE', 'PEDESTRIAN', 'CYCLIST'], loss: 887.7822, hm_loss: 885.4294, loc_loss: 0.5825, loc_loss_elem: ['0.1161', '0.0956', '0.0815', '0.0536', '0.0539', '0.0776', '0.0436', '0.0608'], num_positive: 49.8000, roi_reg_loss: 0.9299, roi_cls_loss: 0.2580

2022-03-26 00:55:34,694 - INFO - Epoch [1/6][230/397]	lr: 0.00011, eta: 1:37:09, time: 2.672, data_time: 0.113, transfer_time: 0.020, forward_time: 2.382, loss_parse_time: 0.000 memory: 3970, 
2022-03-26 00:55:34,694 - INFO - task : ['VEHICLE', 'PEDESTRIAN', 'CYCLIST'], loss: 1074.0445, hm_loss: 1071.8155, loc_loss: 0.5676, loc_loss_elem: ['0.1059', '0.0795', '0.0871', '0.0529', '0.0492', '0.0805', '0.0388', '0.0738'], num_positive: 46.6000, roi_reg_loss: 0.8625, roi_cls_loss: 0.2313

2022-03-26 00:55:48,019 - INFO - Epoch [1/6][235/397]	lr: 0.00011, eta: 1:36:53, time: 2.662, data_time: 0.106, transfer_time: 0.021, forward_time: 2.381, loss_parse_time: 0.000 memory: 3970, 
2022-03-26 00:55:48,019 - INFO - task : ['VEHICLE', 'PEDESTRIAN', 'CYCLIST'], loss: 901.0504, hm_loss: 898.4865, loc_loss: 0.7126, loc_loss_elem: ['0.1139', '0.1079', '0.1095', '0.0587', '0.0586', '0.0690', '0.0700', '0.1250'], num_positive: 69.2000, roi_reg_loss: 0.8314, roi_cls_loss: 0.3074

2022-03-26 00:56:01,360 - INFO - Epoch [1/6][240/397]	lr: 0.00012, eta: 1:36:38, time: 2.668, data_time: 0.106, transfer_time: 0.022, forward_time: 2.387, loss_parse_time: 0.000 memory: 3970, 
2022-03-26 00:56:01,360 - INFO - task : ['VEHICLE', 'PEDESTRIAN', 'CYCLIST'], loss: 1016.0206, hm_loss: 1013.5439, loc_loss: 0.6496, loc_loss_elem: ['0.1155', '0.0934', '0.0881', '0.0612', '0.0737', '0.0749', '0.0755', '0.0673'], num_positive: 52.6000, roi_reg_loss: 0.9359, roi_cls_loss: 0.2416

2022-03-26 00:56:14,710 - INFO - Epoch [1/6][245/397]	lr: 0.00012, eta: 1:36:23, time: 2.672, data_time: 0.109, transfer_time: 0.020, forward_time: 2.391, loss_parse_time: 0.000 memory: 3970, 
2022-03-26 00:56:14,710 - INFO - task : ['VEHICLE', 'PEDESTRIAN', 'CYCLIST'], loss: 933.2565, hm_loss: 930.8403, loc_loss: 0.6503, loc_loss_elem: ['0.0961', '0.0906', '0.0873', '0.0635', '0.0648', '0.1017', '0.0666', '0.0798'], num_positive: 49.6000, roi_reg_loss: 0.8611, roi_cls_loss: 0.2545

2022-03-26 00:56:28,092 - INFO - Epoch [1/6][250/397]	lr: 0.00012, eta: 1:36:08, time: 2.673, data_time: 0.099, transfer_time: 0.021, forward_time: 2.403, loss_parse_time: 0.000 memory: 3970, 
2022-03-26 00:56:28,092 - INFO - task : ['VEHICLE', 'PEDESTRIAN', 'CYCLIST'], loss: 670.5590, hm_loss: 668.1336, loc_loss: 0.6256, loc_loss_elem: ['0.1199', '0.0845', '0.1005', '0.0567', '0.0630', '0.0905', '0.0472', '0.0633'], num_positive: 66.6000, roi_reg_loss: 0.8857, roi_cls_loss: 0.2887

2022-03-26 00:56:41,423 - INFO - Epoch [1/6][255/397]	lr: 0.00012, eta: 1:35:53, time: 2.669, data_time: 0.096, transfer_time: 0.022, forward_time: 2.383, loss_parse_time: 0.000 memory: 3970, 
2022-03-26 00:56:41,423 - INFO - task : ['VEHICLE', 'PEDESTRIAN', 'CYCLIST'], loss: 1172.6464, hm_loss: 1169.9247, loc_loss: 0.7272, loc_loss_elem: ['0.1148', '0.0935', '0.0968', '0.0736', '0.0968', '0.0821', '0.0890', '0.0806'], num_positive: 55.4000, roi_reg_loss: 1.0064, roi_cls_loss: 0.2609

2022-03-26 00:56:54,850 - INFO - Epoch [1/6][260/397]	lr: 0.00013, eta: 1:35:39, time: 2.685, data_time: 0.104, transfer_time: 0.020, forward_time: 2.411, loss_parse_time: 0.000 memory: 3970, 
2022-03-26 00:56:54,850 - INFO - task : ['VEHICLE', 'PEDESTRIAN', 'CYCLIST'], loss: 823.0050, hm_loss: 820.4210, loc_loss: 0.6998, loc_loss_elem: ['0.1235', '0.0875', '0.1445', '0.0558', '0.0634', '0.1000', '0.0439', '0.0812'], num_positive: 48.2000, roi_reg_loss: 0.9566, roi_cls_loss: 0.2277

2022-03-26 00:57:08,155 - INFO - Epoch [1/6][265/397]	lr: 0.00013, eta: 1:35:23, time: 2.662, data_time: 0.099, transfer_time: 0.021, forward_time: 2.377, loss_parse_time: 0.000 memory: 3970, 
2022-03-26 00:57:08,155 - INFO - task : ['VEHICLE', 'PEDESTRIAN', 'CYCLIST'], loss: 1936.3634, hm_loss: 1933.7817, loc_loss: 0.6064, loc_loss_elem: ['0.1566', '0.0878', '0.0905', '0.0399', '0.0591', '0.0849', '0.0357', '0.0519'], num_positive: 25.4000, roi_reg_loss: 1.1937, roi_cls_loss: 0.1753

2022-03-26 00:57:21,479 - INFO - Epoch [1/6][270/397]	lr: 0.00013, eta: 1:35:08, time: 2.665, data_time: 0.107, transfer_time: 0.021, forward_time: 2.377, loss_parse_time: 0.000 memory: 3970, 
2022-03-26 00:57:21,480 - INFO - task : ['VEHICLE', 'PEDESTRIAN', 'CYCLIST'], loss: 847.4226, hm_loss: 844.6948, loc_loss: 0.7339, loc_loss_elem: ['0.1211', '0.1033', '0.1456', '0.0579', '0.0578', '0.0895', '0.0581', '0.1006'], num_positive: 46.6000, roi_reg_loss: 1.0056, roi_cls_loss: 0.2544

2022-03-26 00:57:34,801 - INFO - Epoch [1/6][275/397]	lr: 0.00014, eta: 1:34:53, time: 2.664, data_time: 0.106, transfer_time: 0.021, forward_time: 2.377, loss_parse_time: 0.000 memory: 3970, 
2022-03-26 00:57:34,801 - INFO - task : ['VEHICLE', 'PEDESTRIAN', 'CYCLIST'], loss: 1135.8866, hm_loss: 1133.2779, loc_loss: 0.7240, loc_loss_elem: ['0.1005', '0.1010', '0.1095', '0.0709', '0.0584', '0.0928', '0.1194', '0.0717'], num_positive: 39.8000, roi_reg_loss: 0.9348, roi_cls_loss: 0.2259

2022-03-26 00:57:47,955 - INFO - Epoch [1/6][280/397]	lr: 0.00014, eta: 1:34:37, time: 2.629, data_time: 0.108, transfer_time: 0.021, forward_time: 2.354, loss_parse_time: 0.000 memory: 3970, 
2022-03-26 00:57:47,955 - INFO - task : ['VEHICLE', 'PEDESTRIAN', 'CYCLIST'], loss: 720.2115, hm_loss: 717.6033, loc_loss: 0.7257, loc_loss_elem: ['0.1067', '0.1067', '0.1067', '0.0577', '0.0552', '0.0916', '0.0841', '0.1169'], num_positive: 57.2000, roi_reg_loss: 0.8860, roi_cls_loss: 0.2709

2022-03-26 00:58:01,128 - INFO - Epoch [1/6][285/397]	lr: 0.00014, eta: 1:34:21, time: 2.636, data_time: 0.107, transfer_time: 0.021, forward_time: 2.364, loss_parse_time: 0.000 memory: 3970, 
2022-03-26 00:58:01,129 - INFO - task : ['VEHICLE', 'PEDESTRIAN', 'CYCLIST'], loss: 874.5519, hm_loss: 872.3567, loc_loss: 0.5778, loc_loss_elem: ['0.0900', '0.0885', '0.0903', '0.0611', '0.0540', '0.0753', '0.0581', '0.0605'], num_positive: 45.2000, roi_reg_loss: 0.8508, roi_cls_loss: 0.1888

2022-03-26 00:58:14,361 - INFO - Epoch [1/6][290/397]	lr: 0.00014, eta: 1:34:06, time: 2.644, data_time: 0.097, transfer_time: 0.021, forward_time: 2.377, loss_parse_time: 0.000 memory: 3970, 
2022-03-26 00:58:14,361 - INFO - task : ['VEHICLE', 'PEDESTRIAN', 'CYCLIST'], loss: 995.6091, hm_loss: 993.1279, loc_loss: 0.6003, loc_loss_elem: ['0.1095', '0.0899', '0.0913', '0.0607', '0.0576', '0.0754', '0.0511', '0.0650'], num_positive: 48.6000, roi_reg_loss: 1.0457, roi_cls_loss: 0.2349

2022-03-26 00:58:27,432 - INFO - Epoch [1/6][295/397]	lr: 0.00015, eta: 1:33:49, time: 2.617, data_time: 0.111, transfer_time: 0.020, forward_time: 2.345, loss_parse_time: 0.000 memory: 3970, 
2022-03-26 00:58:27,432 - INFO - task : ['VEHICLE', 'PEDESTRIAN', 'CYCLIST'], loss: 659.4844, hm_loss: 657.0255, loc_loss: 0.6539, loc_loss_elem: ['0.1053', '0.0892', '0.0920', '0.0602', '0.0648', '0.0687', '0.0779', '0.0958'], num_positive: 59.6000, roi_reg_loss: 0.8925, roi_cls_loss: 0.2585

2022-03-26 00:58:40,654 - INFO - Epoch [1/6][300/397]	lr: 0.00015, eta: 1:33:34, time: 2.644, data_time: 0.094, transfer_time: 0.022, forward_time: 2.371, loss_parse_time: 0.000 memory: 3970, 
2022-03-26 00:58:40,655 - INFO - task : ['VEHICLE', 'PEDESTRIAN', 'CYCLIST'], loss: 1440.1048, hm_loss: 1437.5786, loc_loss: 0.6148, loc_loss_elem: ['0.1164', '0.1087', '0.0935', '0.0521', '0.0623', '0.0936', '0.0444', '0.0437'], num_positive: 28.6000, roi_reg_loss: 1.1506, roi_cls_loss: 0.1461

2022-03-26 00:58:54,062 - INFO - Epoch [1/6][305/397]	lr: 0.00015, eta: 1:33:20, time: 2.679, data_time: 0.099, transfer_time: 0.020, forward_time: 2.394, loss_parse_time: 0.000 memory: 3970, 
2022-03-26 00:58:54,062 - INFO - task : ['VEHICLE', 'PEDESTRIAN', 'CYCLIST'], loss: 929.0311, hm_loss: 926.5810, loc_loss: 0.7173, loc_loss_elem: ['0.1202', '0.1002', '0.1069', '0.0659', '0.0648', '0.1004', '0.0722', '0.0866'], num_positive: 49.6000, roi_reg_loss: 0.8148, roi_cls_loss: 0.2008

2022-03-26 00:59:07,252 - INFO - Epoch [1/6][310/397]	lr: 0.00016, eta: 1:33:04, time: 2.640, data_time: 0.104, transfer_time: 0.022, forward_time: 2.365, loss_parse_time: 0.000 memory: 3970, 
2022-03-26 00:59:07,252 - INFO - task : ['VEHICLE', 'PEDESTRIAN', 'CYCLIST'], loss: 463.5126, hm_loss: 461.1168, loc_loss: 0.6208, loc_loss_elem: ['0.1010', '0.0929', '0.0923', '0.0634', '0.0687', '0.0652', '0.0536', '0.0837'], num_positive: 85.8000, roi_reg_loss: 0.8054, roi_cls_loss: 0.3487

2022-03-26 00:59:20,569 - INFO - Epoch [1/6][315/397]	lr: 0.00016, eta: 1:32:50, time: 2.664, data_time: 0.108, transfer_time: 0.022, forward_time: 2.367, loss_parse_time: 0.000 memory: 3970, 
2022-03-26 00:59:20,569 - INFO - task : ['VEHICLE', 'PEDESTRIAN', 'CYCLIST'], loss: 714.2252, hm_loss: 711.9469, loc_loss: 0.5999, loc_loss_elem: ['0.0975', '0.0937', '0.0918', '0.0588', '0.0625', '0.0765', '0.0573', '0.0619'], num_positive: 55.4000, roi_reg_loss: 0.8467, roi_cls_loss: 0.2318

2022-03-26 00:59:33,886 - INFO - Epoch [1/6][320/397]	lr: 0.00016, eta: 1:32:35, time: 2.662, data_time: 0.092, transfer_time: 0.020, forward_time: 2.400, loss_parse_time: 0.000 memory: 3970, 
2022-03-26 00:59:33,886 - INFO - task : ['VEHICLE', 'PEDESTRIAN', 'CYCLIST'], loss: 1403.6732, hm_loss: 1401.0547, loc_loss: 0.7790, loc_loss_elem: ['0.1117', '0.0855', '0.1206', '0.0634', '0.0696', '0.1234', '0.0860', '0.1189'], num_positive: 37.6000, roi_reg_loss: 0.8973, roi_cls_loss: 0.1631

2022-03-26 00:59:47,155 - INFO - Epoch [1/6][325/397]	lr: 0.00017, eta: 1:32:21, time: 2.655, data_time: 0.109, transfer_time: 0.020, forward_time: 2.373, loss_parse_time: 0.000 memory: 3970, 
2022-03-26 00:59:47,155 - INFO - task : ['VEHICLE', 'PEDESTRIAN', 'CYCLIST'], loss: 879.8934, hm_loss: 877.1548, loc_loss: 0.7389, loc_loss_elem: ['0.1270', '0.1072', '0.1091', '0.0641', '0.0817', '0.0866', '0.0655', '0.0977'], num_positive: 63.2000, roi_reg_loss: 0.9777, roi_cls_loss: 0.2833

2022-03-26 01:00:00,238 - INFO - Epoch [1/6][330/397]	lr: 0.00017, eta: 1:32:05, time: 2.616, data_time: 0.102, transfer_time: 0.021, forward_time: 2.339, loss_parse_time: 0.000 memory: 3970, 
2022-03-26 01:00:00,238 - INFO - task : ['VEHICLE', 'PEDESTRIAN', 'CYCLIST'], loss: 917.1177, hm_loss: 914.8578, loc_loss: 0.5864, loc_loss_elem: ['0.1079', '0.0878', '0.0811', '0.0579', '0.0504', '0.0808', '0.0432', '0.0773'], num_positive: 62.2000, roi_reg_loss: 0.8433, roi_cls_loss: 0.2439

2022-03-26 01:00:13,509 - INFO - Epoch [1/6][335/397]	lr: 0.00017, eta: 1:31:50, time: 2.652, data_time: 0.109, transfer_time: 0.021, forward_time: 2.369, loss_parse_time: 0.000 memory: 3970, 
2022-03-26 01:00:13,509 - INFO - task : ['VEHICLE', 'PEDESTRIAN', 'CYCLIST'], loss: 976.9383, hm_loss: 974.0460, loc_loss: 0.8307, loc_loss_elem: ['0.1153', '0.1019', '0.1382', '0.0638', '0.0743', '0.1130', '0.1349', '0.0893'], num_positive: 52.6000, roi_reg_loss: 0.9771, roi_cls_loss: 0.2537

2022-03-26 01:00:26,767 - INFO - Epoch [1/6][340/397]	lr: 0.00018, eta: 1:31:35, time: 2.654, data_time: 0.099, transfer_time: 0.020, forward_time: 2.374, loss_parse_time: 0.000 memory: 3970, 
2022-03-26 01:00:26,767 - INFO - task : ['VEHICLE', 'PEDESTRIAN', 'CYCLIST'], loss: 791.1994, hm_loss: 788.4505, loc_loss: 0.7788, loc_loss_elem: ['0.1094', '0.1000', '0.1135', '0.0650', '0.0749', '0.0757', '0.0729', '0.1674'], num_positive: 64.8000, roi_reg_loss: 0.9036, roi_cls_loss: 0.2877

2022-03-26 01:00:39,920 - INFO - Epoch [1/6][345/397]	lr: 0.00018, eta: 1:31:20, time: 2.629, data_time: 0.106, transfer_time: 0.021, forward_time: 2.352, loss_parse_time: 0.000 memory: 3970, 
2022-03-26 01:00:39,920 - INFO - task : ['VEHICLE', 'PEDESTRIAN', 'CYCLIST'], loss: 439.8991, hm_loss: 437.5143, loc_loss: 0.6408, loc_loss_elem: ['0.1067', '0.0833', '0.0777', '0.0665', '0.0636', '0.0660', '0.0796', '0.0975'], num_positive: 88.2000, roi_reg_loss: 0.8227, roi_cls_loss: 0.2805

2022-03-26 01:00:53,272 - INFO - Epoch [1/6][350/397]	lr: 0.00018, eta: 1:31:06, time: 2.672, data_time: 0.103, transfer_time: 0.022, forward_time: 2.381, loss_parse_time: 0.000 memory: 3970, 
2022-03-26 01:00:53,272 - INFO - task : ['VEHICLE', 'PEDESTRIAN', 'CYCLIST'], loss: 1426.2289, hm_loss: 1423.1818, loc_loss: 0.9634, loc_loss_elem: ['0.1199', '0.0982', '0.1165', '0.1022', '0.1066', '0.0950', '0.1703', '0.1546'], num_positive: 27.8000, roi_reg_loss: 0.9455, roi_cls_loss: 0.1749

2022-03-26 01:01:06,664 - INFO - Epoch [1/6][355/397]	lr: 0.00019, eta: 1:30:52, time: 2.676, data_time: 0.101, transfer_time: 0.021, forward_time: 2.390, loss_parse_time: 0.000 memory: 3970, 
2022-03-26 01:01:06,664 - INFO - task : ['VEHICLE', 'PEDESTRIAN', 'CYCLIST'], loss: 1716.8995, hm_loss: 1713.8890, loc_loss: 0.8719, loc_loss_elem: ['0.1014', '0.1066', '0.1473', '0.0796', '0.0806', '0.0846', '0.1409', '0.1310'], num_positive: 40.2000, roi_reg_loss: 1.0767, roi_cls_loss: 0.1901

2022-03-26 01:01:19,909 - INFO - Epoch [1/6][360/397]	lr: 0.00019, eta: 1:30:38, time: 2.649, data_time: 0.109, transfer_time: 0.020, forward_time: 2.367, loss_parse_time: 0.000 memory: 3970, 
2022-03-26 01:01:19,909 - INFO - task : ['VEHICLE', 'PEDESTRIAN', 'CYCLIST'], loss: 532.1670, hm_loss: 529.5727, loc_loss: 0.7246, loc_loss_elem: ['0.0959', '0.0960', '0.0945', '0.0698', '0.0819', '0.0855', '0.0990', '0.1020'], num_positive: 77.2000, roi_reg_loss: 0.8431, roi_cls_loss: 0.3020

2022-03-26 01:01:33,183 - INFO - Epoch [1/6][365/397]	lr: 0.00019, eta: 1:30:23, time: 2.657, data_time: 0.108, transfer_time: 0.021, forward_time: 2.372, loss_parse_time: 0.000 memory: 3970, 
2022-03-26 01:01:33,183 - INFO - task : ['VEHICLE', 'PEDESTRIAN', 'CYCLIST'], loss: 1349.2311, hm_loss: 1346.4290, loc_loss: 0.8084, loc_loss_elem: ['0.1052', '0.0962', '0.1312', '0.0720', '0.0685', '0.0855', '0.1026', '0.1472'], num_positive: 42.4000, roi_reg_loss: 0.9946, roi_cls_loss: 0.1907

2022-03-26 01:01:46,478 - INFO - Epoch [1/6][370/397]	lr: 0.00020, eta: 1:30:09, time: 2.659, data_time: 0.101, transfer_time: 0.022, forward_time: 2.374, loss_parse_time: 0.000 memory: 3970, 
2022-03-26 01:01:46,478 - INFO - task : ['VEHICLE', 'PEDESTRIAN', 'CYCLIST'], loss: 578.9143, hm_loss: 576.4993, loc_loss: 0.6768, loc_loss_elem: ['0.1136', '0.0997', '0.0980', '0.0662', '0.0573', '0.0784', '0.0635', '0.1002'], num_positive: 69.6000, roi_reg_loss: 0.8135, roi_cls_loss: 0.2479

2022-03-26 01:01:59,694 - INFO - Epoch [1/6][375/397]	lr: 0.00020, eta: 1:29:54, time: 2.643, data_time: 0.105, transfer_time: 0.021, forward_time: 2.365, loss_parse_time: 0.000 memory: 3970, 
2022-03-26 01:01:59,694 - INFO - task : ['VEHICLE', 'PEDESTRIAN', 'CYCLIST'], loss: 1012.3853, hm_loss: 1009.8414, loc_loss: 0.7433, loc_loss_elem: ['0.1208', '0.0990', '0.1180', '0.0692', '0.0787', '0.0882', '0.0902', '0.0792'], num_positive: 53.4000, roi_reg_loss: 0.8518, roi_cls_loss: 0.2055

2022-03-26 01:02:13,117 - INFO - Epoch [1/6][380/397]	lr: 0.00020, eta: 1:29:41, time: 2.685, data_time: 0.107, transfer_time: 0.020, forward_time: 2.390, loss_parse_time: 0.000 memory: 3970, 
2022-03-26 01:02:13,118 - INFO - task : ['VEHICLE', 'PEDESTRIAN', 'CYCLIST'], loss: 915.7350, hm_loss: 913.2247, loc_loss: 0.7101, loc_loss_elem: ['0.1090', '0.0930', '0.0995', '0.0631', '0.0698', '0.1019', '0.0913', '0.0826'], num_positive: 52.6000, roi_reg_loss: 0.8889, roi_cls_loss: 0.2011

2022-03-26 01:02:26,343 - INFO - Epoch [1/6][385/397]	lr: 0.00021, eta: 1:29:26, time: 2.645, data_time: 0.102, transfer_time: 0.020, forward_time: 2.362, loss_parse_time: 0.000 memory: 3970, 
2022-03-26 01:02:26,343 - INFO - task : ['VEHICLE', 'PEDESTRIAN', 'CYCLIST'], loss: 1294.9559, hm_loss: 1292.3783, loc_loss: 0.7298, loc_loss_elem: ['0.1031', '0.0840', '0.1446', '0.0609', '0.0818', '0.0904', '0.0716', '0.0935'], num_positive: 42.8000, roi_reg_loss: 0.9272, roi_cls_loss: 0.1907

2022-03-26 01:02:39,438 - INFO - Epoch [1/6][390/397]	lr: 0.00021, eta: 1:29:11, time: 2.619, data_time: 0.107, transfer_time: 0.020, forward_time: 2.337, loss_parse_time: 0.000 memory: 3970, 
2022-03-26 01:02:39,438 - INFO - task : ['VEHICLE', 'PEDESTRIAN', 'CYCLIST'], loss: 966.0591, hm_loss: 963.0486, loc_loss: 0.9844, loc_loss_elem: ['0.1261', '0.1131', '0.2793', '0.0881', '0.0849', '0.1159', '0.0746', '0.1024'], num_positive: 45.4000, roi_reg_loss: 0.8463, roi_cls_loss: 0.1955

2022-03-26 01:02:52,716 - INFO - Epoch [1/6][395/397]	lr: 0.00021, eta: 1:28:57, time: 2.655, data_time: 0.095, transfer_time: 0.023, forward_time: 2.373, loss_parse_time: 0.000 memory: 3970, 
2022-03-26 01:02:52,716 - INFO - task : ['VEHICLE', 'PEDESTRIAN', 'CYCLIST'], loss: 1841.6860, hm_loss: 1838.7687, loc_loss: 0.8282, loc_loss_elem: ['0.1396', '0.0884', '0.1270', '0.0732', '0.1143', '0.1191', '0.0588', '0.1079'], num_positive: 23.4000, roi_reg_loss: 1.0988, roi_cls_loss: 0.1620

2022-03-26 01:03:15,142 - INFO - Epoch [2/6][5/397]	lr: 0.00022, eta: 1:28:29, time: 3.402, data_time: 0.764, transfer_time: 0.021, forward_time: 2.470, loss_parse_time: 0.000 memory: 3970, 
2022-03-26 01:03:15,142 - INFO - task : ['VEHICLE', 'PEDESTRIAN', 'CYCLIST'], loss: 789.1461, hm_loss: 786.2324, loc_loss: 0.8715, loc_loss_elem: ['0.1293', '0.1082', '0.1583', '0.0635', '0.0849', '0.1014', '0.1188', '0.1071'], num_positive: 57.2000, roi_reg_loss: 0.9397, roi_cls_loss: 0.2309

2022-03-26 01:03:28,840 - INFO - Epoch [2/6][10/397]	lr: 0.00022, eta: 1:28:17, time: 2.742, data_time: 0.086, transfer_time: 0.020, forward_time: 2.481, loss_parse_time: 0.000 memory: 3970, 
2022-03-26 01:03:28,840 - INFO - task : ['VEHICLE', 'PEDESTRIAN', 'CYCLIST'], loss: 929.4144, hm_loss: 926.4084, loc_loss: 0.9466, loc_loss_elem: ['0.1470', '0.1059', '0.2025', '0.0721', '0.0949', '0.1057', '0.0888', '0.1297'], num_positive: 47.8000, roi_reg_loss: 0.9347, roi_cls_loss: 0.1782

2022-03-26 01:03:42,356 - INFO - Epoch [2/6][15/397]	lr: 0.00023, eta: 1:28:04, time: 2.701, data_time: 0.096, transfer_time: 0.022, forward_time: 2.421, loss_parse_time: 0.000 memory: 3970, 
2022-03-26 01:03:42,356 - INFO - task : ['VEHICLE', 'PEDESTRIAN', 'CYCLIST'], loss: 398.3934, hm_loss: 395.8307, loc_loss: 0.7465, loc_loss_elem: ['0.1047', '0.0923', '0.0980', '0.0764', '0.0959', '0.0755', '0.1019', '0.1017'], num_positive: 96.4000, roi_reg_loss: 0.7878, roi_cls_loss: 0.2818

2022-03-26 01:03:56,173 - INFO - Epoch [2/6][20/397]	lr: 0.00023, eta: 1:27:53, time: 2.766, data_time: 0.121, transfer_time: 0.020, forward_time: 2.450, loss_parse_time: 0.000 memory: 3970, 
2022-03-26 01:03:56,173 - INFO - task : ['VEHICLE', 'PEDESTRIAN', 'CYCLIST'], loss: 678.4560, hm_loss: 675.7878, loc_loss: 0.7990, loc_loss_elem: ['0.1274', '0.0955', '0.1264', '0.0820', '0.1074', '0.1059', '0.0648', '0.0896'], num_positive: 64.6000, roi_reg_loss: 0.8484, roi_cls_loss: 0.2218

2022-03-26 01:04:09,740 - INFO - Epoch [2/6][25/397]	lr: 0.00023, eta: 1:27:40, time: 2.713, data_time: 0.090, transfer_time: 0.022, forward_time: 2.438, loss_parse_time: 0.000 memory: 3970, 
2022-03-26 01:04:09,741 - INFO - task : ['VEHICLE', 'PEDESTRIAN', 'CYCLIST'], loss: 907.6349, hm_loss: 904.8429, loc_loss: 0.9382, loc_loss_elem: ['0.1265', '0.1104', '0.1583', '0.0892', '0.1078', '0.0821', '0.1184', '0.1455'], num_positive: 54.8000, roi_reg_loss: 0.7646, roi_cls_loss: 0.1510

2022-03-26 01:04:23,284 - INFO - Epoch [2/6][30/397]	lr: 0.00024, eta: 1:27:27, time: 2.708, data_time: 0.107, transfer_time: 0.022, forward_time: 2.421, loss_parse_time: 0.000 memory: 3970, 
2022-03-26 01:04:23,284 - INFO - task : ['VEHICLE', 'PEDESTRIAN', 'CYCLIST'], loss: 835.4118, hm_loss: 832.7161, loc_loss: 0.8453, loc_loss_elem: ['0.1214', '0.0897', '0.1301', '0.0645', '0.0789', '0.0967', '0.1167', '0.1473'], num_positive: 71.4000, roi_reg_loss: 0.8176, roi_cls_loss: 0.1875

2022-03-26 01:04:37,217 - INFO - Epoch [2/6][35/397]	lr: 0.00024, eta: 1:27:16, time: 2.785, data_time: 0.122, transfer_time: 0.020, forward_time: 2.476, loss_parse_time: 0.000 memory: 3970, 
2022-03-26 01:04:37,217 - INFO - task : ['VEHICLE', 'PEDESTRIAN', 'CYCLIST'], loss: 1422.3694, hm_loss: 1419.7266, loc_loss: 0.8393, loc_loss_elem: ['0.1203', '0.0992', '0.1158', '0.0751', '0.1038', '0.1092', '0.0901', '0.1257'], num_positive: 43.6000, roi_reg_loss: 0.8021, roi_cls_loss: 0.1621

2022-03-26 01:04:50,631 - INFO - Epoch [2/6][40/397]	lr: 0.00025, eta: 1:27:03, time: 2.685, data_time: 0.093, transfer_time: 0.020, forward_time: 2.422, loss_parse_time: 0.000 memory: 3970, 
2022-03-26 01:04:50,631 - INFO - task : ['VEHICLE', 'PEDESTRIAN', 'CYCLIST'], loss: 691.7335, hm_loss: 688.6136, loc_loss: 1.0446, loc_loss_elem: ['0.1229', '0.0960', '0.1590', '0.1166', '0.1034', '0.0986', '0.2071', '0.1409'], num_positive: 56.8000, roi_reg_loss: 0.8508, roi_cls_loss: 0.1797

2022-03-26 01:05:04,171 - INFO - Epoch [2/6][45/397]	lr: 0.00025, eta: 1:26:50, time: 2.707, data_time: 0.106, transfer_time: 0.021, forward_time: 2.417, loss_parse_time: 0.000 memory: 3970, 
2022-03-26 01:05:04,171 - INFO - task : ['VEHICLE', 'PEDESTRIAN', 'CYCLIST'], loss: 687.2638, hm_loss: 684.5657, loc_loss: 0.8215, loc_loss_elem: ['0.1201', '0.1051', '0.1223', '0.0864', '0.1055', '0.0869', '0.1130', '0.0821'], num_positive: 56.8000, roi_reg_loss: 0.8610, roi_cls_loss: 0.1942

2022-03-26 01:05:17,711 - INFO - Epoch [2/6][50/397]	lr: 0.00025, eta: 1:26:37, time: 2.709, data_time: 0.114, transfer_time: 0.020, forward_time: 2.440, loss_parse_time: 0.000 memory: 3970, 
2022-03-26 01:05:17,711 - INFO - task : ['VEHICLE', 'PEDESTRIAN', 'CYCLIST'], loss: 590.5984, hm_loss: 587.6829, loc_loss: 0.9256, loc_loss_elem: ['0.1176', '0.1198', '0.1407', '0.0794', '0.0935', '0.1095', '0.0882', '0.1768'], num_positive: 76.2000, roi_reg_loss: 0.8325, roi_cls_loss: 0.2318

2022-03-26 01:05:31,393 - INFO - Epoch [2/6][55/397]	lr: 0.00026, eta: 1:26:24, time: 2.735, data_time: 0.085, transfer_time: 0.021, forward_time: 2.464, loss_parse_time: 0.000 memory: 3970, 
2022-03-26 01:05:31,394 - INFO - task : ['VEHICLE', 'PEDESTRIAN', 'CYCLIST'], loss: 1428.8590, hm_loss: 1425.3743, loc_loss: 1.1581, loc_loss_elem: ['0.1427', '0.1134', '0.2295', '0.0888', '0.1309', '0.1419', '0.1689', '0.1419'], num_positive: 36.6000, roi_reg_loss: 1.0302, roi_cls_loss: 0.1383

2022-03-26 01:05:44,908 - INFO - Epoch [2/6][60/397]	lr: 0.00026, eta: 1:26:11, time: 2.704, data_time: 0.104, transfer_time: 0.021, forward_time: 2.420, loss_parse_time: 0.000 memory: 3970, 
2022-03-26 01:05:44,908 - INFO - task : ['VEHICLE', 'PEDESTRIAN', 'CYCLIST'], loss: 996.3858, hm_loss: 993.2433, loc_loss: 1.0422, loc_loss_elem: ['0.1328', '0.1180', '0.1714', '0.0818', '0.1155', '0.1308', '0.1520', '0.1400'], num_positive: 48.8000, roi_reg_loss: 0.9038, roi_cls_loss: 0.1544

2022-03-26 01:05:58,401 - INFO - Epoch [2/6][65/397]	lr: 0.00026, eta: 1:25:58, time: 2.699, data_time: 0.110, transfer_time: 0.020, forward_time: 2.426, loss_parse_time: 0.000 memory: 3970, 
2022-03-26 01:05:58,401 - INFO - task : ['VEHICLE', 'PEDESTRIAN', 'CYCLIST'], loss: 631.7898, hm_loss: 628.7269, loc_loss: 0.9849, loc_loss_elem: ['0.1333', '0.1220', '0.1543', '0.0849', '0.1033', '0.1074', '0.1248', '0.1550'], num_positive: 69.4000, roi_reg_loss: 0.8987, roi_cls_loss: 0.1944

2022-03-26 01:06:12,070 - INFO - Epoch [2/6][70/397]	lr: 0.00027, eta: 1:25:46, time: 2.734, data_time: 0.087, transfer_time: 0.020, forward_time: 2.465, loss_parse_time: 0.000 memory: 3970, 
2022-03-26 01:06:12,070 - INFO - task : ['VEHICLE', 'PEDESTRIAN', 'CYCLIST'], loss: 802.8221, hm_loss: 799.0543, loc_loss: 1.3694, loc_loss_elem: ['0.2124', '0.1565', '0.2983', '0.1005', '0.1303', '0.1249', '0.1728', '0.1736'], num_positive: 60.6000, roi_reg_loss: 0.8552, roi_cls_loss: 0.1738

2022-03-26 01:06:25,785 - INFO - Epoch [2/6][75/397]	lr: 0.00027, eta: 1:25:33, time: 2.741, data_time: 0.103, transfer_time: 0.021, forward_time: 2.459, loss_parse_time: 0.000 memory: 3970, 
2022-03-26 01:06:25,785 - INFO - task : ['VEHICLE', 'PEDESTRIAN', 'CYCLIST'], loss: 763.1790, hm_loss: 759.8230, loc_loss: 1.1861, loc_loss_elem: ['0.1305', '0.1243', '0.2522', '0.1106', '0.1455', '0.1173', '0.1467', '0.1589'], num_positive: 51.8000, roi_reg_loss: 0.8171, roi_cls_loss: 0.1668

2022-03-26 01:06:39,490 - INFO - Epoch [2/6][80/397]	lr: 0.00028, eta: 1:25:21, time: 2.743, data_time: 0.123, transfer_time: 0.022, forward_time: 2.437, loss_parse_time: 0.000 memory: 3970, 
2022-03-26 01:06:39,490 - INFO - task : ['VEHICLE', 'PEDESTRIAN', 'CYCLIST'], loss: 877.3914, hm_loss: 874.5332, loc_loss: 0.9267, loc_loss_elem: ['0.1247', '0.1122', '0.1360', '0.0887', '0.1145', '0.0991', '0.1150', '0.1364'], num_positive: 61.4000, roi_reg_loss: 0.8299, roi_cls_loss: 0.1749

2022-03-26 01:06:52,842 - INFO - Epoch [2/6][85/397]	lr: 0.00028, eta: 1:25:07, time: 2.671, data_time: 0.088, transfer_time: 0.020, forward_time: 2.411, loss_parse_time: 0.000 memory: 3970, 
2022-03-26 01:06:52,843 - INFO - task : ['VEHICLE', 'PEDESTRIAN', 'CYCLIST'], loss: 1157.6017, hm_loss: 1154.5350, loc_loss: 1.1229, loc_loss_elem: ['0.1390', '0.1022', '0.2186', '0.0979', '0.1209', '0.1063', '0.1556', '0.1823'], num_positive: 52.8000, roi_reg_loss: 0.7074, roi_cls_loss: 0.1135

2022-03-26 01:07:06,436 - INFO - Epoch [2/6][90/397]	lr: 0.00028, eta: 1:24:54, time: 2.719, data_time: 0.109, transfer_time: 0.022, forward_time: 2.428, loss_parse_time: 0.000 memory: 3970, 
2022-03-26 01:07:06,436 - INFO - task : ['VEHICLE', 'PEDESTRIAN', 'CYCLIST'], loss: 1503.0091, hm_loss: 1499.6161, loc_loss: 1.2197, loc_loss_elem: ['0.1256', '0.1269', '0.2240', '0.1103', '0.1518', '0.1376', '0.1524', '0.1911'], num_positive: 32.0000, roi_reg_loss: 0.8398, roi_cls_loss: 0.1139

2022-03-26 01:07:19,999 - INFO - Epoch [2/6][95/397]	lr: 0.00029, eta: 1:24:41, time: 2.712, data_time: 0.114, transfer_time: 0.021, forward_time: 2.427, loss_parse_time: 0.000 memory: 3970, 
2022-03-26 01:07:19,999 - INFO - task : ['VEHICLE', 'PEDESTRIAN', 'CYCLIST'], loss: 668.2783, hm_loss: 665.0325, loc_loss: 1.1915, loc_loss_elem: ['0.1537', '0.1250', '0.2446', '0.0952', '0.1226', '0.1165', '0.1853', '0.1486'], num_positive: 61.0000, roi_reg_loss: 0.7411, roi_cls_loss: 0.1217

2022-03-26 01:07:33,490 - INFO - Epoch [2/6][100/397]	lr: 0.00029, eta: 1:24:28, time: 2.698, data_time: 0.085, transfer_time: 0.021, forward_time: 2.435, loss_parse_time: 0.000 memory: 3970, 
2022-03-26 01:07:33,491 - INFO - task : ['VEHICLE', 'PEDESTRIAN', 'CYCLIST'], loss: 1180.4355, hm_loss: 1176.8549, loc_loss: 1.3283, loc_loss_elem: ['0.1565', '0.1414', '0.2256', '0.1167', '0.1597', '0.1310', '0.1844', '0.2129'], num_positive: 53.6000, roi_reg_loss: 0.8107, roi_cls_loss: 0.1132

2022-03-26 01:07:46,912 - INFO - Epoch [2/6][105/397]	lr: 0.00029, eta: 1:24:15, time: 2.684, data_time: 0.098, transfer_time: 0.021, forward_time: 2.407, loss_parse_time: 0.000 memory: 3970, 
2022-03-26 01:07:46,912 - INFO - task : ['VEHICLE', 'PEDESTRIAN', 'CYCLIST'], loss: 790.0449, hm_loss: 786.5442, loc_loss: 1.3045, loc_loss_elem: ['0.1525', '0.1383', '0.2112', '0.1120', '0.1492', '0.1281', '0.2285', '0.1848'], num_positive: 59.8000, roi_reg_loss: 0.7663, roi_cls_loss: 0.1253

2022-03-26 01:08:00,504 - INFO - Epoch [2/6][110/397]	lr: 0.00030, eta: 1:24:02, time: 2.717, data_time: 0.123, transfer_time: 0.021, forward_time: 2.414, loss_parse_time: 0.000 memory: 3970, 
2022-03-26 01:08:00,504 - INFO - task : ['VEHICLE', 'PEDESTRIAN', 'CYCLIST'], loss: 744.2932, hm_loss: 739.9048, loc_loss: 1.7935, loc_loss_elem: ['0.1586', '0.1559', '0.4526', '0.1533', '0.2178', '0.1309', '0.2504', '0.2741'], num_positive: 61.2000, roi_reg_loss: 0.7123, roi_cls_loss: 0.0890

2022-03-26 01:08:14,137 - INFO - Epoch [2/6][115/397]	lr: 0.00030, eta: 1:23:49, time: 2.728, data_time: 0.090, transfer_time: 0.021, forward_time: 2.458, loss_parse_time: 0.000 memory: 3970, 
2022-03-26 01:08:14,138 - INFO - task : ['VEHICLE', 'PEDESTRIAN', 'CYCLIST'], loss: 1322.3745, hm_loss: 1318.6768, loc_loss: 1.4385, loc_loss_elem: ['0.1349', '0.1227', '0.3273', '0.1284', '0.1640', '0.1414', '0.2453', '0.1744'], num_positive: 40.4000, roi_reg_loss: 0.7294, roi_cls_loss: 0.0913

2022-03-26 01:08:27,684 - INFO - Epoch [2/6][120/397]	lr: 0.00030, eta: 1:23:36, time: 2.709, data_time: 0.108, transfer_time: 0.022, forward_time: 2.423, loss_parse_time: 0.000 memory: 3970, 
2022-03-26 01:08:27,684 - INFO - task : ['VEHICLE', 'PEDESTRIAN', 'CYCLIST'], loss: 976.1637, hm_loss: 971.7504, loc_loss: 1.7895, loc_loss_elem: ['0.1562', '0.1691', '0.2349', '0.1905', '0.2137', '0.1534', '0.3633', '0.3085'], num_positive: 52.2000, roi_reg_loss: 0.7442, roi_cls_loss: 0.0901

2022-03-26 01:08:41,247 - INFO - Epoch [2/6][125/397]	lr: 0.00031, eta: 1:23:23, time: 2.710, data_time: 0.124, transfer_time: 0.022, forward_time: 2.411, loss_parse_time: 0.000 memory: 3970, 
2022-03-26 01:08:41,247 - INFO - task : ['VEHICLE', 'PEDESTRIAN', 'CYCLIST'], loss: 1003.8542, hm_loss: 999.8749, loc_loss: 1.5427, loc_loss_elem: ['0.1693', '0.1372', '0.2929', '0.1503', '0.2149', '0.1511', '0.2739', '0.1532'], num_positive: 43.8000, roi_reg_loss: 0.8072, roi_cls_loss: 0.0866

2022-03-26 01:08:54,725 - INFO - Epoch [2/6][130/397]	lr: 0.00031, eta: 1:23:10, time: 2.698, data_time: 0.087, transfer_time: 0.020, forward_time: 2.434, loss_parse_time: 0.000 memory: 3970, 
2022-03-26 01:08:54,726 - INFO - task : ['VEHICLE', 'PEDESTRIAN', 'CYCLIST'], loss: 793.3402, hm_loss: 789.7005, loc_loss: 1.4118, loc_loss_elem: ['0.1342', '0.1410', '0.1814', '0.1451', '0.2290', '0.1306', '0.2493', '0.2012'], num_positive: 67.4000, roi_reg_loss: 0.7051, roi_cls_loss: 0.1111

2022-03-26 01:09:08,091 - INFO - Epoch [2/6][135/397]	lr: 0.00032, eta: 1:22:56, time: 2.672, data_time: 0.097, transfer_time: 0.021, forward_time: 2.403, loss_parse_time: 0.000 memory: 3970, 
2022-03-26 01:09:08,091 - INFO - task : ['VEHICLE', 'PEDESTRIAN', 'CYCLIST'], loss: 909.9783, hm_loss: 905.9975, loc_loss: 1.5943, loc_loss_elem: ['0.1641', '0.1471', '0.3162', '0.1554', '0.1760', '0.1249', '0.3060', '0.2047'], num_positive: 47.4000, roi_reg_loss: 0.7096, roi_cls_loss: 0.0825

2022-03-26 01:09:21,639 - INFO - Epoch [2/6][140/397]	lr: 0.00032, eta: 1:22:43, time: 2.708, data_time: 0.119, transfer_time: 0.022, forward_time: 2.414, loss_parse_time: 0.000 memory: 3970, 
2022-03-26 01:09:21,640 - INFO - task : ['VEHICLE', 'PEDESTRIAN', 'CYCLIST'], loss: 1029.8851, hm_loss: 1025.3204, loc_loss: 1.8823, loc_loss_elem: ['0.2011', '0.1632', '0.3918', '0.1938', '0.2682', '0.1571', '0.2825', '0.2246'], num_positive: 46.2000, roi_reg_loss: 0.7360, roi_cls_loss: 0.0642

2022-03-26 01:09:35,146 - INFO - Epoch [2/6][145/397]	lr: 0.00032, eta: 1:22:29, time: 2.704, data_time: 0.081, transfer_time: 0.020, forward_time: 2.443, loss_parse_time: 0.000 memory: 3970, 
2022-03-26 01:09:35,146 - INFO - task : ['VEHICLE', 'PEDESTRIAN', 'CYCLIST'], loss: 561.5242, hm_loss: 557.5005, loc_loss: 1.6418, loc_loss_elem: ['0.1793', '0.1557', '0.2819', '0.1670', '0.2499', '0.1278', '0.2943', '0.1860'], num_positive: 70.4000, roi_reg_loss: 0.6532, roi_cls_loss: 0.0868

2022-03-26 01:09:48,563 - INFO - Epoch [2/6][150/397]	lr: 0.00033, eta: 1:22:16, time: 2.683, data_time: 0.101, transfer_time: 0.023, forward_time: 2.404, loss_parse_time: 0.000 memory: 3970, 
2022-03-26 01:09:48,563 - INFO - task : ['VEHICLE', 'PEDESTRIAN', 'CYCLIST'], loss: 692.6316, hm_loss: 688.4745, loc_loss: 1.6947, loc_loss_elem: ['0.1752', '0.1479', '0.2766', '0.1862', '0.2681', '0.1421', '0.3138', '0.1847'], num_positive: 59.6000, roi_reg_loss: 0.7105, roi_cls_loss: 0.0572

2022-03-26 01:10:02,186 - INFO - Epoch [2/6][155/397]	lr: 0.00033, eta: 1:22:03, time: 2.723, data_time: 0.127, transfer_time: 0.021, forward_time: 2.407, loss_parse_time: 0.000 memory: 3970, 
2022-03-26 01:10:02,187 - INFO - task : ['VEHICLE', 'PEDESTRIAN', 'CYCLIST'], loss: 1146.9678, hm_loss: 1142.6091, loc_loss: 1.7978, loc_loss_elem: ['0.1681', '0.1622', '0.4081', '0.1665', '0.2457', '0.1502', '0.2419', '0.2551'], num_positive: 57.4000, roi_reg_loss: 0.6929, roi_cls_loss: 0.0702

2022-03-26 01:10:15,581 - INFO - Epoch [2/6][160/397]	lr: 0.00033, eta: 1:21:49, time: 2.680, data_time: 0.083, transfer_time: 0.021, forward_time: 2.431, loss_parse_time: 0.000 memory: 3970, 
2022-03-26 01:10:15,581 - INFO - task : ['VEHICLE', 'PEDESTRIAN', 'CYCLIST'], loss: 661.0594, hm_loss: 656.2678, loc_loss: 2.0247, loc_loss_elem: ['0.2124', '0.1488', '0.4273', '0.2548', '0.2266', '0.1413', '0.3908', '0.2226'], num_positive: 60.4000, roi_reg_loss: 0.6723, roi_cls_loss: 0.0699

2022-03-26 01:10:29,179 - INFO - Epoch [2/6][165/397]	lr: 0.00034, eta: 1:21:36, time: 2.720, data_time: 0.107, transfer_time: 0.021, forward_time: 2.427, loss_parse_time: 0.000 memory: 3970, 
2022-03-26 01:10:29,180 - INFO - task : ['VEHICLE', 'PEDESTRIAN', 'CYCLIST'], loss: 826.5026, hm_loss: 821.9151, loc_loss: 1.8685, loc_loss_elem: ['0.1645', '0.1589', '0.3980', '0.1748', '0.2313', '0.1528', '0.3632', '0.2250'], num_positive: 68.2000, roi_reg_loss: 0.7896, roi_cls_loss: 0.0609

2022-03-26 01:10:42,707 - INFO - Epoch [2/6][170/397]	lr: 0.00034, eta: 1:21:23, time: 2.706, data_time: 0.124, transfer_time: 0.021, forward_time: 2.414, loss_parse_time: 0.000 memory: 3970, 
2022-03-26 01:10:42,707 - INFO - task : ['VEHICLE', 'PEDESTRIAN', 'CYCLIST'], loss: 855.5094, hm_loss: 851.1895, loc_loss: 1.7671, loc_loss_elem: ['0.1827', '0.1668', '0.3261', '0.1817', '0.2547', '0.1293', '0.2820', '0.2437'], num_positive: 46.0000, roi_reg_loss: 0.7332, roi_cls_loss: 0.0525

2022-03-26 01:10:56,172 - INFO - Epoch [2/6][175/397]	lr: 0.00034, eta: 1:21:10, time: 2.693, data_time: 0.089, transfer_time: 0.021, forward_time: 2.431, loss_parse_time: 0.000 memory: 3970, 
2022-03-26 01:10:56,172 - INFO - task : ['VEHICLE', 'PEDESTRIAN', 'CYCLIST'], loss: 1090.4442, hm_loss: 1085.7995, loc_loss: 1.9545, loc_loss_elem: ['0.1909', '0.1502', '0.3216', '0.2276', '0.3373', '0.1651', '0.3900', '0.1718'], num_positive: 44.8000, roi_reg_loss: 0.6667, roi_cls_loss: 0.0690

2022-03-26 01:11:09,696 - INFO - Epoch [2/6][180/397]	lr: 0.00035, eta: 1:20:56, time: 2.705, data_time: 0.101, transfer_time: 0.022, forward_time: 2.417, loss_parse_time: 0.000 memory: 3970, 
2022-03-26 01:11:09,696 - INFO - task : ['VEHICLE', 'PEDESTRIAN', 'CYCLIST'], loss: 1404.1448, hm_loss: 1399.7789, loc_loss: 1.7458, loc_loss_elem: ['0.1754', '0.1362', '0.3254', '0.1844', '0.2484', '0.1367', '0.3255', '0.2137'], num_positive: 59.6000, roi_reg_loss: 0.7972, roi_cls_loss: 0.0772

2022-03-26 01:11:23,485 - INFO - Epoch [2/6][185/397]	lr: 0.00035, eta: 1:20:44, time: 2.755, data_time: 0.124, transfer_time: 0.021, forward_time: 2.448, loss_parse_time: 0.000 memory: 3972, 
2022-03-26 01:11:23,485 - INFO - task : ['VEHICLE', 'PEDESTRIAN', 'CYCLIST'], loss: 992.1444, hm_loss: 987.6428, loc_loss: 1.8128, loc_loss_elem: ['0.1890', '0.1724', '0.3021', '0.1779', '0.2428', '0.1599', '0.2979', '0.2708'], num_positive: 42.4000, roi_reg_loss: 0.8200, roi_cls_loss: 0.0560

2022-03-26 01:11:36,928 - INFO - Epoch [2/6][190/397]	lr: 0.00035, eta: 1:20:31, time: 2.691, data_time: 0.088, transfer_time: 0.022, forward_time: 2.433, loss_parse_time: 0.000 memory: 3972, 
2022-03-26 01:11:36,929 - INFO - task : ['VEHICLE', 'PEDESTRIAN', 'CYCLIST'], loss: 778.3079, hm_loss: 773.3832, loc_loss: 2.0525, loc_loss_elem: ['0.1680', '0.1725', '0.3570', '0.2233', '0.3162', '0.1541', '0.3344', '0.3271'], num_positive: 62.0000, roi_reg_loss: 0.7571, roi_cls_loss: 0.0626

2022-03-26 01:11:50,377 - INFO - Epoch [2/6][195/397]	lr: 0.00036, eta: 1:20:17, time: 2.690, data_time: 0.099, transfer_time: 0.021, forward_time: 2.413, loss_parse_time: 0.000 memory: 3972, 
2022-03-26 01:11:50,377 - INFO - task : ['VEHICLE', 'PEDESTRIAN', 'CYCLIST'], loss: 1831.8006, hm_loss: 1826.9047, loc_loss: 2.0025, loc_loss_elem: ['0.1879', '0.1840', '0.3471', '0.2349', '0.3642', '0.1991', '0.2549', '0.2303'], num_positive: 24.4000, roi_reg_loss: 0.8496, roi_cls_loss: 0.0412

2022-03-26 01:12:04,022 - INFO - Epoch [2/6][200/397]	lr: 0.00036, eta: 1:20:04, time: 2.727, data_time: 0.124, transfer_time: 0.022, forward_time: 2.422, loss_parse_time: 0.000 memory: 3972, 
2022-03-26 01:12:04,022 - INFO - task : ['VEHICLE', 'PEDESTRIAN', 'CYCLIST'], loss: 1283.9613, hm_loss: 1276.5060, loc_loss: 3.3281, loc_loss_elem: ['0.3820', '0.2602', '0.8054', '0.4447', '0.3430', '0.2288', '0.5413', '0.3227'], num_positive: 52.2000, roi_reg_loss: 0.7625, roi_cls_loss: 0.0366

2022-03-26 01:12:17,601 - INFO - Epoch [2/6][205/397]	lr: 0.00037, eta: 1:19:51, time: 2.717, data_time: 0.087, transfer_time: 0.021, forward_time: 2.447, loss_parse_time: 0.000 memory: 3972, 
2022-03-26 01:12:17,601 - INFO - task : ['VEHICLE', 'PEDESTRIAN', 'CYCLIST'], loss: 864.2898, hm_loss: 858.9613, loc_loss: 2.3297, loc_loss_elem: ['0.2486', '0.1832', '0.4204', '0.2338', '0.3136', '0.1444', '0.4440', '0.3416'], num_positive: 53.8000, roi_reg_loss: 0.6269, roi_cls_loss: 0.0421

2022-03-26 01:12:31,156 - INFO - Epoch [2/6][210/397]	lr: 0.00037, eta: 1:19:38, time: 2.711, data_time: 0.098, transfer_time: 0.022, forward_time: 2.426, loss_parse_time: 0.000 memory: 3972, 
2022-03-26 01:12:31,156 - INFO - task : ['VEHICLE', 'PEDESTRIAN', 'CYCLIST'], loss: 665.9568, hm_loss: 661.3876, loc_loss: 1.9348, loc_loss_elem: ['0.2019', '0.1649', '0.3514', '0.1900', '0.2366', '0.1378', '0.3688', '0.2834'], num_positive: 67.8000, roi_reg_loss: 0.6505, roi_cls_loss: 0.0492

2022-03-26 01:12:44,773 - INFO - Epoch [2/6][215/397]	lr: 0.00037, eta: 1:19:25, time: 2.721, data_time: 0.128, transfer_time: 0.021, forward_time: 2.415, loss_parse_time: 0.000 memory: 3972, 
2022-03-26 01:12:44,773 - INFO - task : ['VEHICLE', 'PEDESTRIAN', 'CYCLIST'], loss: 700.2007, hm_loss: 694.8981, loc_loss: 2.2720, loc_loss_elem: ['0.1964', '0.1895', '0.3772', '0.2553', '0.3146', '0.1541', '0.4891', '0.2958'], num_positive: 60.2000, roi_reg_loss: 0.7109, roi_cls_loss: 0.0475

2022-03-26 01:12:58,115 - INFO - Epoch [2/6][220/397]	lr: 0.00038, eta: 1:19:11, time: 2.669, data_time: 0.081, transfer_time: 0.020, forward_time: 2.431, loss_parse_time: 0.000 memory: 3972, 
2022-03-26 01:12:58,115 - INFO - task : ['VEHICLE', 'PEDESTRIAN', 'CYCLIST'], loss: 736.5433, hm_loss: 728.9854, loc_loss: 3.3667, loc_loss_elem: ['0.2552', '0.2896', '0.7615', '0.4500', '0.4612', '0.2149', '0.5705', '0.3638'], num_positive: 53.2000, roi_reg_loss: 0.7812, roi_cls_loss: 0.0433

2022-03-26 01:13:11,542 - INFO - Epoch [2/6][225/397]	lr: 0.00038, eta: 1:18:58, time: 2.687, data_time: 0.096, transfer_time: 0.022, forward_time: 2.413, loss_parse_time: 0.000 memory: 3972, 
2022-03-26 01:13:11,542 - INFO - task : ['VEHICLE', 'PEDESTRIAN', 'CYCLIST'], loss: 1052.0985, hm_loss: 1046.2431, loc_loss: 2.5934, loc_loss_elem: ['0.1867', '0.1796', '0.5692', '0.2649', '0.4044', '0.1870', '0.5017', '0.2998'], num_positive: 55.2000, roi_reg_loss: 0.6368, roi_cls_loss: 0.0319

2022-03-26 01:13:25,291 - INFO - Epoch [2/6][230/397]	lr: 0.00038, eta: 1:18:45, time: 2.749, data_time: 0.122, transfer_time: 0.022, forward_time: 2.440, loss_parse_time: 0.000 memory: 3972, 
2022-03-26 01:13:25,291 - INFO - task : ['VEHICLE', 'PEDESTRIAN', 'CYCLIST'], loss: 779.6843, hm_loss: 773.5560, loc_loss: 2.7293, loc_loss_elem: ['0.2168', '0.2008', '0.6818', '0.2512', '0.3386', '0.1677', '0.5016', '0.3709'], num_positive: 63.4000, roi_reg_loss: 0.6330, roi_cls_loss: 0.0366

2022-03-26 01:13:38,667 - INFO - Epoch [2/6][235/397]	lr: 0.00039, eta: 1:18:31, time: 2.676, data_time: 0.085, transfer_time: 0.021, forward_time: 2.425, loss_parse_time: 0.000 memory: 3972, 
2022-03-26 01:13:38,667 - INFO - task : ['VEHICLE', 'PEDESTRIAN', 'CYCLIST'], loss: 692.2083, hm_loss: 686.7842, loc_loss: 2.3212, loc_loss_elem: ['0.1978', '0.1886', '0.4450', '0.2550', '0.3158', '0.1476', '0.4655', '0.3058'], num_positive: 68.0000, roi_reg_loss: 0.7416, roi_cls_loss: 0.0401

2022-03-26 01:13:52,102 - INFO - Epoch [2/6][240/397]	lr: 0.00039, eta: 1:18:18, time: 2.687, data_time: 0.095, transfer_time: 0.021, forward_time: 2.409, loss_parse_time: 0.000 memory: 3972, 
2022-03-26 01:13:52,103 - INFO - task : ['VEHICLE', 'PEDESTRIAN', 'CYCLIST'], loss: 1201.4831, hm_loss: 1195.1283, loc_loss: 2.7488, loc_loss_elem: ['0.2091', '0.2202', '0.6058', '0.3674', '0.3388', '0.1913', '0.4647', '0.3515'], num_positive: 45.8000, roi_reg_loss: 0.8175, roi_cls_loss: 0.0397

2022-03-26 01:14:05,639 - INFO - Epoch [2/6][245/397]	lr: 0.00039, eta: 1:18:04, time: 2.707, data_time: 0.120, transfer_time: 0.022, forward_time: 2.414, loss_parse_time: 0.000 memory: 3972, 
2022-03-26 01:14:05,639 - INFO - task : ['VEHICLE', 'PEDESTRIAN', 'CYCLIST'], loss: 1099.8872, hm_loss: 1093.4509, loc_loss: 2.7809, loc_loss_elem: ['0.2145', '0.2497', '0.6386', '0.2924', '0.4101', '0.1695', '0.5135', '0.2925'], num_positive: 46.8000, roi_reg_loss: 0.8399, roi_cls_loss: 0.0346

2022-03-26 01:14:19,106 - INFO - Epoch [2/6][250/397]	lr: 0.00039, eta: 1:17:51, time: 2.692, data_time: 0.089, transfer_time: 0.022, forward_time: 2.424, loss_parse_time: 0.000 memory: 3972, 
2022-03-26 01:14:19,106 - INFO - task : ['VEHICLE', 'PEDESTRIAN', 'CYCLIST'], loss: 602.1981, hm_loss: 595.3224, loc_loss: 3.1164, loc_loss_elem: ['0.2873', '0.2190', '0.8135', '0.2943', '0.4099', '0.1760', '0.4408', '0.4754'], num_positive: 66.2000, roi_reg_loss: 0.6131, roi_cls_loss: 0.0299

2022-03-26 01:14:32,611 - INFO - Epoch [2/6][255/397]	lr: 0.00040, eta: 1:17:38, time: 2.701, data_time: 0.101, transfer_time: 0.022, forward_time: 2.420, loss_parse_time: 0.000 memory: 3972, 
2022-03-26 01:14:32,612 - INFO - task : ['VEHICLE', 'PEDESTRIAN', 'CYCLIST'], loss: 552.5111, hm_loss: 546.5915, loc_loss: 2.5609, loc_loss_elem: ['0.2085', '0.2074', '0.5157', '0.2336', '0.3609', '0.1725', '0.5241', '0.3381'], num_positive: 70.4000, roi_reg_loss: 0.7636, roi_cls_loss: 0.0343

2022-03-26 01:14:46,081 - INFO - Epoch [2/6][260/397]	lr: 0.00040, eta: 1:17:24, time: 2.694, data_time: 0.118, transfer_time: 0.021, forward_time: 2.403, loss_parse_time: 0.000 memory: 3972, 
2022-03-26 01:14:46,081 - INFO - task : ['VEHICLE', 'PEDESTRIAN', 'CYCLIST'], loss: 886.1152, hm_loss: 879.5436, loc_loss: 2.9758, loc_loss_elem: ['0.2692', '0.2790', '0.6402', '0.3251', '0.3783', '0.1773', '0.4887', '0.4180'], num_positive: 55.0000, roi_reg_loss: 0.5906, roi_cls_loss: 0.0294

2022-03-26 01:14:59,569 - INFO - Epoch [2/6][265/397]	lr: 0.00040, eta: 1:17:11, time: 2.698, data_time: 0.089, transfer_time: 0.023, forward_time: 2.431, loss_parse_time: 0.000 memory: 3972, 
2022-03-26 01:14:59,570 - INFO - task : ['VEHICLE', 'PEDESTRIAN', 'CYCLIST'], loss: 873.8157, hm_loss: 866.6530, loc_loss: 3.3435, loc_loss_elem: ['0.2328', '0.2542', '0.8038', '0.3510', '0.4980', '0.1951', '0.5807', '0.4278'], num_positive: 53.8000, roi_reg_loss: 0.4536, roi_cls_loss: 0.0221

2022-03-26 01:15:13,138 - INFO - Epoch [2/6][270/397]	lr: 0.00041, eta: 1:16:58, time: 2.714, data_time: 0.110, transfer_time: 0.022, forward_time: 2.411, loss_parse_time: 0.000 memory: 3972, 
2022-03-26 01:15:13,139 - INFO - task : ['VEHICLE', 'PEDESTRIAN', 'CYCLIST'], loss: 1526.7416, hm_loss: 1520.3513, loc_loss: 2.9411, loc_loss_elem: ['0.2842', '0.2627', '0.5607', '0.3413', '0.4057', '0.2170', '0.5152', '0.3543'], num_positive: 56.2000, roi_reg_loss: 0.4855, roi_cls_loss: 0.0225

2022-03-26 01:15:26,710 - INFO - Epoch [2/6][275/397]	lr: 0.00041, eta: 1:16:44, time: 2.714, data_time: 0.109, transfer_time: 0.022, forward_time: 2.417, loss_parse_time: 0.000 memory: 3972, 
2022-03-26 01:15:26,710 - INFO - task : ['VEHICLE', 'PEDESTRIAN', 'CYCLIST'], loss: 986.8517, hm_loss: 981.0272, loc_loss: 2.5916, loc_loss_elem: ['0.2154', '0.1843', '0.5073', '0.2945', '0.3647', '0.1515', '0.5960', '0.2779'], num_positive: 58.0000, roi_reg_loss: 0.6095, roi_cls_loss: 0.0318

2022-03-26 01:15:40,155 - INFO - Epoch [2/6][280/397]	lr: 0.00041, eta: 1:16:31, time: 2.689, data_time: 0.087, transfer_time: 0.023, forward_time: 2.430, loss_parse_time: 0.000 memory: 3972, 
2022-03-26 01:15:40,155 - INFO - task : ['VEHICLE', 'PEDESTRIAN', 'CYCLIST'], loss: 954.9109, hm_loss: 947.4078, loc_loss: 3.3868, loc_loss_elem: ['0.2672', '0.2382', '0.8140', '0.3268', '0.4549', '0.2006', '0.6263', '0.4586'], num_positive: 67.4000, roi_reg_loss: 0.7035, roi_cls_loss: 0.0259

2022-03-26 01:15:53,480 - INFO - Epoch [2/6][285/397]	lr: 0.00042, eta: 1:16:17, time: 2.665, data_time: 0.097, transfer_time: 0.020, forward_time: 2.406, loss_parse_time: 0.000 memory: 3972, 
2022-03-26 01:15:53,480 - INFO - task : ['VEHICLE', 'PEDESTRIAN', 'CYCLIST'], loss: 921.5597, hm_loss: 915.0058, loc_loss: 3.0170, loc_loss_elem: ['0.2381', '0.2150', '0.6389', '0.3228', '0.4530', '0.1729', '0.4472', '0.5290'], num_positive: 49.4000, roi_reg_loss: 0.4956, roi_cls_loss: 0.0242

2022-03-26 01:16:07,047 - INFO - Epoch [2/6][290/397]	lr: 0.00042, eta: 1:16:04, time: 2.713, data_time: 0.117, transfer_time: 0.020, forward_time: 2.427, loss_parse_time: 0.000 memory: 3972, 
2022-03-26 01:16:07,047 - INFO - task : ['VEHICLE', 'PEDESTRIAN', 'CYCLIST'], loss: 849.5925, hm_loss: 842.8592, loc_loss: 3.1225, loc_loss_elem: ['0.2471', '0.2431', '0.6387', '0.3687', '0.4175', '0.2121', '0.5597', '0.4356'], num_positive: 67.4000, roi_reg_loss: 0.4567, roi_cls_loss: 0.0316

2022-03-26 01:16:20,580 - INFO - Epoch [2/6][295/397]	lr: 0.00042, eta: 1:15:51, time: 2.706, data_time: 0.085, transfer_time: 0.021, forward_time: 2.443, loss_parse_time: 0.000 memory: 3972, 
2022-03-26 01:16:20,580 - INFO - task : ['VEHICLE', 'PEDESTRIAN', 'CYCLIST'], loss: 601.7173, hm_loss: 595.3408, loc_loss: 2.8662, loc_loss_elem: ['0.2286', '0.2091', '0.6382', '0.2973', '0.4212', '0.1667', '0.5415', '0.3637'], num_positive: 69.2000, roi_reg_loss: 0.6187, roi_cls_loss: 0.0253

2022-03-26 01:16:33,979 - INFO - Epoch [2/6][300/397]	lr: 0.00042, eta: 1:15:37, time: 2.680, data_time: 0.104, transfer_time: 0.022, forward_time: 2.404, loss_parse_time: 0.000 memory: 3972, 
2022-03-26 01:16:33,979 - INFO - task : ['VEHICLE', 'PEDESTRIAN', 'CYCLIST'], loss: 961.8761, hm_loss: 954.8008, loc_loss: 3.3400, loc_loss_elem: ['0.2953', '0.2498', '0.7388', '0.3237', '0.4430', '0.2325', '0.5784', '0.4785'], num_positive: 47.6000, roi_reg_loss: 0.3783, roi_cls_loss: 0.0171

2022-03-26 01:16:47,531 - INFO - Epoch [2/6][305/397]	lr: 0.00043, eta: 1:15:24, time: 2.710, data_time: 0.116, transfer_time: 0.021, forward_time: 2.416, loss_parse_time: 0.000 memory: 3972, 
2022-03-26 01:16:47,531 - INFO - task : ['VEHICLE', 'PEDESTRIAN', 'CYCLIST'], loss: 1124.8001, hm_loss: 1117.4016, loc_loss: 3.4364, loc_loss_elem: ['0.2823', '0.2686', '0.7964', '0.3618', '0.4795', '0.2040', '0.6799', '0.3639'], num_positive: 38.8000, roi_reg_loss: 0.5098, roi_cls_loss: 0.0161

2022-03-26 01:17:00,940 - INFO - Epoch [2/6][310/397]	lr: 0.00043, eta: 1:15:10, time: 2.680, data_time: 0.089, transfer_time: 0.020, forward_time: 2.427, loss_parse_time: 0.000 memory: 3972, 
2022-03-26 01:17:00,940 - INFO - task : ['VEHICLE', 'PEDESTRIAN', 'CYCLIST'], loss: 1084.6921, hm_loss: 1076.5037, loc_loss: 3.7590, loc_loss_elem: ['0.3045', '0.2705', '1.0581', '0.3310', '0.4571', '0.2201', '0.5136', '0.6040'], num_positive: 50.0000, roi_reg_loss: 0.6558, roi_cls_loss: 0.0147

2022-03-26 01:17:14,283 - INFO - Epoch [2/6][315/397]	lr: 0.00043, eta: 1:14:56, time: 2.670, data_time: 0.103, transfer_time: 0.021, forward_time: 2.385, loss_parse_time: 0.000 memory: 3972, 
2022-03-26 01:17:14,283 - INFO - task : ['VEHICLE', 'PEDESTRIAN', 'CYCLIST'], loss: 718.1588, hm_loss: 708.0009, loc_loss: 4.7164, loc_loss_elem: ['0.3643', '0.3841', '1.1777', '0.5733', '0.6209', '0.2720', '0.7282', '0.5959'], num_positive: 55.4000, roi_reg_loss: 0.7102, roi_cls_loss: 0.0149

2022-03-26 01:17:27,812 - INFO - Epoch [2/6][320/397]	lr: 0.00044, eta: 1:14:43, time: 2.704, data_time: 0.125, transfer_time: 0.022, forward_time: 2.397, loss_parse_time: 0.000 memory: 3972, 
2022-03-26 01:17:27,813 - INFO - task : ['VEHICLE', 'PEDESTRIAN', 'CYCLIST'], loss: 774.3888, hm_loss: 761.8646, loc_loss: 6.0831, loc_loss_elem: ['0.5223', '0.3813', '1.6520', '1.0172', '0.6274', '0.3960', '0.8178', '0.6691'], num_positive: 66.8000, roi_reg_loss: 0.3430, roi_cls_loss: 0.0149

2022-03-26 01:17:41,182 - INFO - Epoch [2/6][325/397]	lr: 0.00044, eta: 1:14:29, time: 2.676, data_time: 0.086, transfer_time: 0.022, forward_time: 2.417, loss_parse_time: 0.000 memory: 3972, 
2022-03-26 01:17:41,183 - INFO - task : ['VEHICLE', 'PEDESTRIAN', 'CYCLIST'], loss: 1144.1736, hm_loss: 1135.6673, loc_loss: 4.0830, loc_loss_elem: ['0.3232', '0.2889', '0.8825', '0.4608', '0.5540', '0.2848', '0.6573', '0.6315'], num_positive: 58.8000, roi_reg_loss: 0.3268, roi_cls_loss: 0.0134

2022-03-26 01:17:54,570 - INFO - Epoch [2/6][330/397]	lr: 0.00044, eta: 1:14:16, time: 2.677, data_time: 0.101, transfer_time: 0.021, forward_time: 2.395, loss_parse_time: 0.000 memory: 3972, 
2022-03-26 01:17:54,570 - INFO - task : ['VEHICLE', 'PEDESTRIAN', 'CYCLIST'], loss: 810.0483, hm_loss: 801.2691, loc_loss: 4.3178, loc_loss_elem: ['0.3252', '0.3025', '1.0375', '0.5137', '0.5686', '0.2587', '0.7033', '0.6082'], num_positive: 62.8000, roi_reg_loss: 0.1275, roi_cls_loss: 0.0161

2022-03-26 01:18:08,167 - INFO - Epoch [2/6][335/397]	lr: 0.00044, eta: 1:14:03, time: 2.719, data_time: 0.121, transfer_time: 0.023, forward_time: 2.415, loss_parse_time: 0.000 memory: 3972, 
2022-03-26 01:18:08,167 - INFO - task : ['VEHICLE', 'PEDESTRIAN', 'CYCLIST'], loss: 899.5354, hm_loss: 890.3031, loc_loss: 4.5250, loc_loss_elem: ['0.3413', '0.3198', '1.0864', '0.5400', '0.6707', '0.2701', '0.7169', '0.5799'], num_positive: 56.8000, roi_reg_loss: 0.1746, roi_cls_loss: 0.0077

2022-03-26 01:18:21,684 - INFO - Epoch [2/6][340/397]	lr: 0.00045, eta: 1:13:49, time: 2.701, data_time: 0.086, transfer_time: 0.021, forward_time: 2.439, loss_parse_time: 0.000 memory: 3972, 
2022-03-26 01:18:21,685 - INFO - task : ['VEHICLE', 'PEDESTRIAN', 'CYCLIST'], loss: 1157.4054, hm_loss: 1146.9201, loc_loss: 5.0424, loc_loss_elem: ['0.4580', '0.4326', '0.9570', '0.7101', '0.6075', '0.3045', '0.9135', '0.6591'], num_positive: 41.6000, roi_reg_loss: 0.3842, roi_cls_loss: 0.0163

2022-03-26 01:18:35,123 - INFO - Epoch [2/6][345/397]	lr: 0.00045, eta: 1:13:36, time: 2.690, data_time: 0.107, transfer_time: 0.023, forward_time: 2.397, loss_parse_time: 0.000 memory: 3972, 
2022-03-26 01:18:35,123 - INFO - task : ['VEHICLE', 'PEDESTRIAN', 'CYCLIST'], loss: 962.7538, hm_loss: 952.3564, loc_loss: 5.0321, loc_loss_elem: ['0.3872', '0.4221', '1.1045', '0.6094', '0.6662', '0.3190', '0.8342', '0.6896'], num_positive: 50.2000, roi_reg_loss: 0.3209, roi_cls_loss: 0.0124

2022-03-26 01:18:48,738 - INFO - Epoch [2/6][350/397]	lr: 0.00045, eta: 1:13:23, time: 2.723, data_time: 0.118, transfer_time: 0.023, forward_time: 2.417, loss_parse_time: 0.000 memory: 3972, 
2022-03-26 01:18:48,738 - INFO - task : ['VEHICLE', 'PEDESTRIAN', 'CYCLIST'], loss: 946.9869, hm_loss: 936.3041, loc_loss: 5.0070, loc_loss_elem: ['0.4056', '0.4296', '1.3238', '0.6460', '0.5834', '0.3092', '0.7206', '0.5888'], num_positive: 47.2000, roi_reg_loss: 0.6554, roi_cls_loss: 0.0135

2022-03-26 01:19:02,056 - INFO - Epoch [2/6][355/397]	lr: 0.00045, eta: 1:13:09, time: 2.664, data_time: 0.089, transfer_time: 0.021, forward_time: 2.414, loss_parse_time: 0.000 memory: 3972, 
2022-03-26 01:19:02,057 - INFO - task : ['VEHICLE', 'PEDESTRIAN', 'CYCLIST'], loss: 673.6520, hm_loss: 661.9483, loc_loss: 5.5922, loc_loss_elem: ['0.4718', '0.3974', '1.4342', '0.8356', '0.7209', '0.2782', '0.8581', '0.5959'], num_positive: 65.4000, roi_reg_loss: 0.5073, roi_cls_loss: 0.0121

2022-03-26 01:19:15,422 - INFO - Epoch [2/6][360/397]	lr: 0.00045, eta: 1:12:55, time: 2.673, data_time: 0.099, transfer_time: 0.020, forward_time: 2.405, loss_parse_time: 0.000 memory: 3972, 
2022-03-26 01:19:15,422 - INFO - task : ['VEHICLE', 'PEDESTRIAN', 'CYCLIST'], loss: 1044.6542, hm_loss: 1029.5552, loc_loss: 7.3510, loc_loss_elem: ['0.5809', '0.4968', '1.6189', '1.2063', '1.0056', '0.4392', '1.1842', '0.8191'], num_positive: 49.2000, roi_reg_loss: 0.3889, roi_cls_loss: 0.0080

2022-03-26 01:19:29,123 - INFO - Epoch [2/6][365/397]	lr: 0.00046, eta: 1:12:42, time: 2.740, data_time: 0.120, transfer_time: 0.024, forward_time: 2.439, loss_parse_time: 0.000 memory: 3972, 
2022-03-26 01:19:29,123 - INFO - task : ['VEHICLE', 'PEDESTRIAN', 'CYCLIST'], loss: 2544.4771, hm_loss: 2529.3985, loc_loss: 7.3608, loc_loss_elem: ['0.6663', '0.6201', '1.8143', '1.0213', '0.9449', '0.4452', '1.1280', '0.7206'], num_positive: 26.8000, roi_reg_loss: 0.3467, roi_cls_loss: 0.0103

2022-03-26 01:19:42,514 - INFO - Epoch [2/6][370/397]	lr: 0.00046, eta: 1:12:28, time: 2.678, data_time: 0.080, transfer_time: 0.020, forward_time: 2.432, loss_parse_time: 0.000 memory: 3972, 
2022-03-26 01:19:42,515 - INFO - task : ['VEHICLE', 'PEDESTRIAN', 'CYCLIST'], loss: 881.3421, hm_loss: 870.5107, loc_loss: 5.2737, loc_loss_elem: ['0.4005', '0.3684', '1.1489', '0.6833', '0.7502', '0.3081', '0.9395', '0.6748'], num_positive: 58.6000, roi_reg_loss: 0.2778, roi_cls_loss: 0.0062

2022-03-26 01:19:55,986 - INFO - Epoch [2/6][375/397]	lr: 0.00046, eta: 1:12:15, time: 2.692, data_time: 0.097, transfer_time: 0.021, forward_time: 2.413, loss_parse_time: 0.000 memory: 3972, 
2022-03-26 01:19:55,986 - INFO - task : ['VEHICLE', 'PEDESTRIAN', 'CYCLIST'], loss: 652.3104, hm_loss: 640.9473, loc_loss: 5.5989, loc_loss_elem: ['0.4392', '0.4581', '1.2018', '0.8016', '0.7853', '0.3571', '0.8878', '0.6680'], num_positive: 68.8000, roi_reg_loss: 0.1555, roi_cls_loss: 0.0097

2022-03-26 01:20:09,627 - INFO - Epoch [2/6][380/397]	lr: 0.00046, eta: 1:12:02, time: 2.728, data_time: 0.116, transfer_time: 0.022, forward_time: 2.444, loss_parse_time: 0.000 memory: 3972, 
2022-03-26 01:20:09,627 - INFO - task : ['VEHICLE', 'PEDESTRIAN', 'CYCLIST'], loss: 787.5534, hm_loss: 776.2328, loc_loss: 5.6568, loc_loss_elem: ['0.4972', '0.4326', '1.1890', '0.7276', '0.8506', '0.3565', '0.8505', '0.7528'], num_positive: 63.8000, roi_reg_loss: 0.0000, roi_cls_loss: 0.0070

2022-03-26 01:20:23,146 - INFO - Epoch [2/6][385/397]	lr: 0.00047, eta: 1:11:49, time: 2.706, data_time: 0.087, transfer_time: 0.022, forward_time: 2.437, loss_parse_time: 0.000 memory: 3972, 
2022-03-26 01:20:23,147 - INFO - task : ['VEHICLE', 'PEDESTRIAN', 'CYCLIST'], loss: 943.1817, hm_loss: 928.6647, loc_loss: 7.2546, loc_loss_elem: ['0.6912', '0.6191', '1.5315', '0.9961', '0.9184', '0.4934', '1.0409', '0.9640'], num_positive: 45.0000, roi_reg_loss: 0.0000, roi_cls_loss: 0.0078

2022-03-26 01:20:36,494 - INFO - Epoch [2/6][390/397]	lr: 0.00047, eta: 1:11:35, time: 2.668, data_time: 0.102, transfer_time: 0.022, forward_time: 2.387, loss_parse_time: 0.000 memory: 3972, 
2022-03-26 01:20:36,494 - INFO - task : ['VEHICLE', 'PEDESTRIAN', 'CYCLIST'], loss: 1168.0210, hm_loss: 1152.0730, loc_loss: 7.8424, loc_loss_elem: ['0.5774', '0.6036', '1.9638', '1.2061', '0.9210', '0.4550', '1.2234', '0.8919'], num_positive: 47.2000, roi_reg_loss: 0.2579, roi_cls_loss: 0.0054

2022-03-26 01:20:49,751 - INFO - Epoch [2/6][395/397]	lr: 0.00047, eta: 1:11:21, time: 2.652, data_time: 0.087, transfer_time: 0.021, forward_time: 2.399, loss_parse_time: 0.000 memory: 3972, 
2022-03-26 01:20:49,751 - INFO - task : ['VEHICLE', 'PEDESTRIAN', 'CYCLIST'], loss: 670.8581, hm_loss: 656.6615, loc_loss: 6.7418, loc_loss_elem: ['0.5082', '0.4977', '1.6187', '0.9482', '0.9296', '0.4013', '1.0020', '0.8361'], num_positive: 60.4000, roi_reg_loss: 0.7029, roi_cls_loss: 0.0102

2022-03-26 01:21:11,799 - INFO - Epoch [3/6][5/397]	lr: 0.00047, eta: 1:10:58, time: 3.316, data_time: 0.704, transfer_time: 0.023, forward_time: 2.412, loss_parse_time: 0.000 memory: 3978, 
2022-03-26 01:21:11,799 - INFO - task : ['VEHICLE', 'PEDESTRIAN', 'CYCLIST'], loss: 953.8162, hm_loss: 942.0342, loc_loss: 5.6827, loc_loss_elem: ['0.4259', '0.4075', '1.1006', '0.8861', '0.8367', '0.3388', '0.9333', '0.7538'], num_positive: 71.2000, roi_reg_loss: 0.4054, roi_cls_loss: 0.0111

2022-03-26 01:21:25,289 - INFO - Epoch [3/6][10/397]	lr: 0.00047, eta: 1:10:44, time: 2.698, data_time: 0.118, transfer_time: 0.019, forward_time: 2.402, loss_parse_time: 0.000 memory: 3978, 
2022-03-26 01:21:25,289 - INFO - task : ['VEHICLE', 'PEDESTRIAN', 'CYCLIST'], loss: 1313.4922, hm_loss: 1301.0606, loc_loss: 6.1507, loc_loss_elem: ['0.4794', '0.3899', '1.2857', '0.8626', '0.9727', '0.3736', '0.9378', '0.8490'], num_positive: 54.2000, roi_reg_loss: 0.1244, roi_cls_loss: 0.0057

2022-03-26 01:21:38,441 - INFO - Epoch [3/6][15/397]	lr: 0.00048, eta: 1:10:30, time: 2.632, data_time: 0.066, transfer_time: 0.019, forward_time: 2.396, loss_parse_time: 0.000 memory: 3978, 
2022-03-26 01:21:38,441 - INFO - task : ['VEHICLE', 'PEDESTRIAN', 'CYCLIST'], loss: 1178.5625, hm_loss: 1160.7231, loc_loss: 8.8444, loc_loss_elem: ['0.7447', '0.6737', '1.9923', '1.5210', '1.0571', '0.5278', '1.2315', '1.0963'], num_positive: 56.2000, roi_reg_loss: 0.1458, roi_cls_loss: 0.0050

2022-03-26 01:21:51,926 - INFO - Epoch [3/6][20/397]	lr: 0.00048, eta: 1:10:17, time: 2.698, data_time: 0.120, transfer_time: 0.020, forward_time: 2.393, loss_parse_time: 0.000 memory: 3978, 
2022-03-26 01:21:51,926 - INFO - task : ['VEHICLE', 'PEDESTRIAN', 'CYCLIST'], loss: 1011.6826, hm_loss: 993.2635, loc_loss: 8.9868, loc_loss_elem: ['0.7336', '0.7746', '1.8363', '1.4058', '1.2188', '0.4719', '1.5302', '1.0155'], num_positive: 60.2000, roi_reg_loss: 0.4372, roi_cls_loss: 0.0083

2022-03-26 01:22:05,670 - INFO - Epoch [3/6][25/397]	lr: 0.00048, eta: 1:10:04, time: 2.746, data_time: 0.120, transfer_time: 0.021, forward_time: 2.453, loss_parse_time: 0.000 memory: 3978, 
2022-03-26 01:22:05,670 - INFO - task : ['VEHICLE', 'PEDESTRIAN', 'CYCLIST'], loss: 773.9828, hm_loss: 756.3362, loc_loss: 8.8219, loc_loss_elem: ['0.7325', '0.6794', '1.7300', '1.5222', '1.0999', '0.5107', '1.3827', '1.1647'], num_positive: 55.2000, roi_reg_loss: 0.0000, roi_cls_loss: 0.0027

2022-03-26 01:22:18,936 - INFO - Epoch [3/6][30/397]	lr: 0.00048, eta: 1:09:50, time: 2.653, data_time: 0.072, transfer_time: 0.020, forward_time: 2.403, loss_parse_time: 0.000 memory: 3978, 
2022-03-26 01:22:18,937 - INFO - task : ['VEHICLE', 'PEDESTRIAN', 'CYCLIST'], loss: 862.9214, hm_loss: 843.2656, loc_loss: 9.6722, loc_loss_elem: ['0.8932', '0.7596', '1.9458', '1.4427', '1.2308', '0.6340', '1.5512', '1.2148'], num_positive: 59.6000, roi_reg_loss: 0.3062, roi_cls_loss: 0.0052

2022-03-26 01:22:32,513 - INFO - Epoch [3/6][35/397]	lr: 0.00048, eta: 1:09:37, time: 2.715, data_time: 0.122, transfer_time: 0.022, forward_time: 2.397, loss_parse_time: 0.000 memory: 3978, 
2022-03-26 01:22:32,513 - INFO - task : ['VEHICLE', 'PEDESTRIAN', 'CYCLIST'], loss: 1234.1886, hm_loss: 1206.7499, loc_loss: 13.7179, loc_loss_elem: ['1.4696', '1.2751', '2.5051', '2.4442', '1.6663', '0.9610', '1.7209', '1.6757'], num_positive: 42.8000, roi_reg_loss: 0.0000, roi_cls_loss: 0.0030

2022-03-26 01:22:45,901 - INFO - Epoch [3/6][40/397]	lr: 0.00048, eta: 1:09:23, time: 2.678, data_time: 0.117, transfer_time: 0.020, forward_time: 2.386, loss_parse_time: 0.000 memory: 3978, 
2022-03-26 01:22:45,901 - INFO - task : ['VEHICLE', 'PEDESTRIAN', 'CYCLIST'], loss: 833.8380, hm_loss: 817.1031, loc_loss: 8.3646, loc_loss_elem: ['0.6160', '0.6402', '1.7907', '1.3482', '1.1144', '0.4959', '1.2031', '1.1563'], num_positive: 54.0000, roi_reg_loss: 0.0000, roi_cls_loss: 0.0056

2022-03-26 01:22:59,104 - INFO - Epoch [3/6][45/397]	lr: 0.00048, eta: 1:09:09, time: 2.640, data_time: 0.060, transfer_time: 0.020, forward_time: 2.413, loss_parse_time: 0.000 memory: 3978, 
2022-03-26 01:22:59,104 - INFO - task : ['VEHICLE', 'PEDESTRIAN', 'CYCLIST'], loss: 726.1655, hm_loss: 704.0662, loc_loss: 11.0481, loc_loss_elem: ['0.9260', '0.8260', '2.6121', '1.9590', '1.2614', '0.6205', '1.5633', '1.2799'], num_positive: 56.4000, roi_reg_loss: 0.0000, roi_cls_loss: 0.0031

2022-03-26 01:23:12,429 - INFO - Epoch [3/6][50/397]	lr: 0.00049, eta: 1:08:56, time: 2.666, data_time: 0.105, transfer_time: 0.020, forward_time: 2.385, loss_parse_time: 0.000 memory: 3978, 
2022-03-26 01:23:12,429 - INFO - task : ['VEHICLE', 'PEDESTRIAN', 'CYCLIST'], loss: 876.4062, hm_loss: 856.9513, loc_loss: 9.7264, loc_loss_elem: ['0.9128', '0.7797', '2.2943', '1.5400', '1.1545', '0.5650', '1.3129', '1.1672'], num_positive: 44.0000, roi_reg_loss: 0.0000, roi_cls_loss: 0.0020

2022-03-26 01:23:25,683 - INFO - Epoch [3/6][55/397]	lr: 0.00049, eta: 1:08:42, time: 2.652, data_time: 0.118, transfer_time: 0.021, forward_time: 2.365, loss_parse_time: 0.000 memory: 3978, 
2022-03-26 01:23:25,684 - INFO - task : ['VEHICLE', 'PEDESTRIAN', 'CYCLIST'], loss: 864.8133, hm_loss: 842.7765, loc_loss: 10.9210, loc_loss_elem: ['0.9464', '0.9177', '2.4987', '1.8242', '1.3140', '0.5277', '1.6540', '1.2384'], num_positive: 58.6000, roi_reg_loss: 0.1892, roi_cls_loss: 0.0055

2022-03-26 01:23:38,963 - INFO - Epoch [3/6][60/397]	lr: 0.00049, eta: 1:08:28, time: 2.656, data_time: 0.073, transfer_time: 0.021, forward_time: 2.402, loss_parse_time: 0.000 memory: 3978, 
2022-03-26 01:23:38,963 - INFO - task : ['VEHICLE', 'PEDESTRIAN', 'CYCLIST'], loss: 1055.5149, hm_loss: 1032.3607, loc_loss: 11.4357, loc_loss_elem: ['1.0673', '1.0766', '2.1227', '1.8799', '1.4689', '0.7125', '1.9291', '1.1786'], num_positive: 61.8000, roi_reg_loss: 0.2711, roi_cls_loss: 0.0117

2022-03-26 01:23:52,310 - INFO - Epoch [3/6][65/397]	lr: 0.00049, eta: 1:08:15, time: 2.671, data_time: 0.114, transfer_time: 0.020, forward_time: 2.386, loss_parse_time: 0.000 memory: 3978, 
2022-03-26 01:23:52,310 - INFO - task : ['VEHICLE', 'PEDESTRIAN', 'CYCLIST'], loss: 732.5671, hm_loss: 711.9807, loc_loss: 10.2153, loc_loss_elem: ['0.8461', '0.9541', '2.0652', '1.6824', '1.4063', '0.6526', '1.3912', '1.2175'], num_positive: 56.0000, roi_reg_loss: 0.1494, roi_cls_loss: 0.0063

2022-03-26 01:24:05,678 - INFO - Epoch [3/6][70/397]	lr: 0.00049, eta: 1:08:01, time: 2.671, data_time: 0.112, transfer_time: 0.020, forward_time: 2.379, loss_parse_time: 0.000 memory: 3978, 
2022-03-26 01:24:05,679 - INFO - task : ['VEHICLE', 'PEDESTRIAN', 'CYCLIST'], loss: 1141.0753, hm_loss: 1122.1387, loc_loss: 9.3636, loc_loss_elem: ['0.7192', '0.6930', '2.1240', '1.4454', '1.3278', '0.4835', '1.5797', '0.9909'], num_positive: 41.6000, roi_reg_loss: 0.2016, roi_cls_loss: 0.0078

2022-03-26 01:24:19,059 - INFO - Epoch [3/6][75/397]	lr: 0.00049, eta: 1:07:48, time: 2.678, data_time: 0.075, transfer_time: 0.020, forward_time: 2.411, loss_parse_time: 0.000 memory: 3978, 
2022-03-26 01:24:19,060 - INFO - task : ['VEHICLE', 'PEDESTRIAN', 'CYCLIST'], loss: 699.4606, hm_loss: 679.7648, loc_loss: 9.6145, loc_loss_elem: ['0.8091', '0.7199', '2.1124', '1.5460', '1.2513', '0.5533', '1.3997', '1.2229'], num_positive: 58.8000, roi_reg_loss: 0.4613, roi_cls_loss: 0.0055

2022-03-26 01:24:32,423 - INFO - Epoch [3/6][80/397]	lr: 0.00049, eta: 1:07:34, time: 2.673, data_time: 0.118, transfer_time: 0.021, forward_time: 2.383, loss_parse_time: 0.000 memory: 3978, 
2022-03-26 01:24:32,423 - INFO - task : ['VEHICLE', 'PEDESTRIAN', 'CYCLIST'], loss: 816.1650, hm_loss: 795.1672, loc_loss: 10.4963, loc_loss_elem: ['0.7120', '0.7763', '2.5466', '1.6926', '1.3756', '0.5431', '1.5730', '1.2770'], num_positive: 49.6000, roi_reg_loss: 0.0000, roi_cls_loss: 0.0052

2022-03-26 01:24:45,930 - INFO - Epoch [3/6][85/397]	lr: 0.00049, eta: 1:07:21, time: 2.703, data_time: 0.119, transfer_time: 0.020, forward_time: 2.399, loss_parse_time: 0.000 memory: 3978, 
2022-03-26 01:24:45,931 - INFO - task : ['VEHICLE', 'PEDESTRIAN', 'CYCLIST'], loss: 481.4006, hm_loss: 460.9125, loc_loss: 10.1492, loc_loss_elem: ['0.8911', '0.7951', '2.2921', '1.5385', '1.3292', '0.5670', '1.5706', '1.1656'], num_positive: 86.4000, roi_reg_loss: 0.1759, roi_cls_loss: 0.0137

2022-03-26 01:24:59,148 - INFO - Epoch [3/6][90/397]	lr: 0.00049, eta: 1:07:07, time: 2.643, data_time: 0.065, transfer_time: 0.021, forward_time: 2.397, loss_parse_time: 0.000 memory: 3978, 
2022-03-26 01:24:59,149 - INFO - task : ['VEHICLE', 'PEDESTRIAN', 'CYCLIST'], loss: 926.0974, hm_loss: 905.4612, loc_loss: 10.3158, loc_loss_elem: ['0.7738', '0.8000', '2.2983', '1.6697', '1.4261', '0.5989', '1.5734', '1.1755'], num_positive: 60.4000, roi_reg_loss: 0.0000, roi_cls_loss: 0.0047

2022-03-26 01:25:12,518 - INFO - Epoch [3/6][95/397]	lr: 0.00050, eta: 1:06:53, time: 2.674, data_time: 0.118, transfer_time: 0.020, forward_time: 2.374, loss_parse_time: 0.000 memory: 3978, 
2022-03-26 01:25:12,518 - INFO - task : ['VEHICLE', 'PEDESTRIAN', 'CYCLIST'], loss: 619.6845, hm_loss: 596.1332, loc_loss: 11.7741, loc_loss_elem: ['1.0499', '1.0192', '2.4912', '2.0680', '1.5326', '0.6556', '1.7077', '1.2498'], num_positive: 71.4000, roi_reg_loss: 0.0000, roi_cls_loss: 0.0030

2022-03-26 01:25:26,027 - INFO - Epoch [3/6][100/397]	lr: 0.00050, eta: 1:06:40, time: 2.702, data_time: 0.124, transfer_time: 0.021, forward_time: 2.402, loss_parse_time: 0.000 memory: 3978, 
2022-03-26 01:25:26,027 - INFO - task : ['VEHICLE', 'PEDESTRIAN', 'CYCLIST'], loss: 1362.8583, hm_loss: 1340.6497, loc_loss: 11.1028, loc_loss_elem: ['0.9880', '1.1265', '2.0729', '1.6669', '1.6209', '0.6457', '1.5565', '1.4254'], num_positive: 46.4000, roi_reg_loss: 0.0000, roi_cls_loss: 0.0029

2022-03-26 01:25:39,171 - INFO - Epoch [3/6][105/397]	lr: 0.00050, eta: 1:06:26, time: 2.627, data_time: 0.068, transfer_time: 0.021, forward_time: 2.381, loss_parse_time: 0.000 memory: 3978, 
2022-03-26 01:25:39,171 - INFO - task : ['VEHICLE', 'PEDESTRIAN', 'CYCLIST'], loss: 1441.4964, hm_loss: 1423.6680, loc_loss: 8.9131, loc_loss_elem: ['0.8508', '0.7218', '1.7442', '1.4689', '1.2927', '0.5045', '1.4079', '0.9223'], num_positive: 42.2000, roi_reg_loss: 0.0000, roi_cls_loss: 0.0023

2022-03-26 01:25:52,671 - INFO - Epoch [3/6][110/397]	lr: 0.00050, eta: 1:06:13, time: 2.702, data_time: 0.129, transfer_time: 0.021, forward_time: 2.394, loss_parse_time: 0.000 memory: 3978, 
2022-03-26 01:25:52,671 - INFO - task : ['VEHICLE', 'PEDESTRIAN', 'CYCLIST'], loss: 1145.3289, hm_loss: 1127.3757, loc_loss: 8.9741, loc_loss_elem: ['0.7606', '0.5763', '1.9409', '1.4638', '1.3128', '0.5243', '1.3273', '1.0681'], num_positive: 44.8000, roi_reg_loss: 0.0000, roi_cls_loss: 0.0050

2022-03-26 01:26:05,931 - INFO - Epoch [3/6][115/397]	lr: 0.00050, eta: 1:05:59, time: 2.652, data_time: 0.116, transfer_time: 0.021, forward_time: 2.369, loss_parse_time: 0.000 memory: 3978, 
2022-03-26 01:26:05,931 - INFO - task : ['VEHICLE', 'PEDESTRIAN', 'CYCLIST'], loss: 577.9121, hm_loss: 556.6681, loc_loss: 10.6203, loc_loss_elem: ['0.8824', '0.8299', '2.3676', '1.6546', '1.4290', '0.6947', '1.5395', '1.2226'], num_positive: 76.6000, roi_reg_loss: 0.0000, roi_cls_loss: 0.0035

2022-03-26 01:26:19,274 - INFO - Epoch [3/6][120/397]	lr: 0.00050, eta: 1:05:45, time: 2.668, data_time: 0.069, transfer_time: 0.021, forward_time: 2.421, loss_parse_time: 0.000 memory: 3978, 
2022-03-26 01:26:19,275 - INFO - task : ['VEHICLE', 'PEDESTRIAN', 'CYCLIST'], loss: 689.9454, hm_loss: 669.4838, loc_loss: 10.1836, loc_loss_elem: ['0.8562', '0.7785', '1.9208', '1.6251', '1.5008', '0.6862', '1.4827', '1.3334'], num_positive: 62.8000, roi_reg_loss: 0.0899, roi_cls_loss: 0.0046

2022-03-26 01:26:32,661 - INFO - Epoch [3/6][125/397]	lr: 0.00050, eta: 1:05:32, time: 2.675, data_time: 0.123, transfer_time: 0.021, forward_time: 2.373, loss_parse_time: 0.000 memory: 3978, 
2022-03-26 01:26:32,661 - INFO - task : ['VEHICLE', 'PEDESTRIAN', 'CYCLIST'], loss: 1583.7988, hm_loss: 1557.2081, loc_loss: 13.2942, loc_loss_elem: ['1.0957', '1.0705', '2.7207', '2.3499', '1.5967', '0.7336', '2.3182', '1.4087'], num_positive: 41.0000, roi_reg_loss: 0.0000, roi_cls_loss: 0.0024

2022-03-26 01:26:46,058 - INFO - Epoch [3/6][130/397]	lr: 0.00050, eta: 1:05:18, time: 2.681, data_time: 0.125, transfer_time: 0.022, forward_time: 2.378, loss_parse_time: 0.000 memory: 3978, 
2022-03-26 01:26:46,058 - INFO - task : ['VEHICLE', 'PEDESTRIAN', 'CYCLIST'], loss: 614.0770, hm_loss: 589.1783, loc_loss: 12.4472, loc_loss_elem: ['0.9899', '0.9909', '2.6172', '2.1227', '1.7187', '0.6615', '1.8761', '1.4703'], num_positive: 73.8000, roi_reg_loss: 0.0000, roi_cls_loss: 0.0042

2022-03-26 01:26:59,170 - INFO - Epoch [3/6][135/397]	lr: 0.00050, eta: 1:05:04, time: 2.623, data_time: 0.062, transfer_time: 0.021, forward_time: 2.395, loss_parse_time: 0.000 memory: 3978, 
2022-03-26 01:26:59,171 - INFO - task : ['VEHICLE', 'PEDESTRIAN', 'CYCLIST'], loss: 892.9623, hm_loss: 870.5849, loc_loss: 11.1866, loc_loss_elem: ['0.8375', '0.9037', '2.1168', '1.9459', '1.5808', '0.6177', '1.8911', '1.2931'], num_positive: 52.4000, roi_reg_loss: 0.0000, roi_cls_loss: 0.0042

2022-03-26 01:27:12,374 - INFO - Epoch [3/6][140/397]	lr: 0.00050, eta: 1:04:51, time: 2.638, data_time: 0.108, transfer_time: 0.020, forward_time: 2.367, loss_parse_time: 0.000 memory: 3978, 
2022-03-26 01:27:12,374 - INFO - task : ['VEHICLE', 'PEDESTRIAN', 'CYCLIST'], loss: 830.5495, hm_loss: 806.3629, loc_loss: 12.0919, loc_loss_elem: ['0.9552', '1.1428', '2.6442', '1.9652', '1.7560', '0.6717', '1.5122', '1.4447'], num_positive: 51.8000, roi_reg_loss: 0.0000, roi_cls_loss: 0.0028

