2022-06-03 13:19:39,483 - INFO - Start running, host: root@38c34f86dda2, work_dir: /code/CenterPoint/work_dirs/waymo_centerpoint_voxelnet_two_stage_bev_5point_ft_6epoch_freeze_fusion
2022-06-03 13:19:39,483 - INFO - workflow: [('train', 1)], max: 6 epochs
2022-06-03 13:20:17,661 - INFO - Epoch [1/6][5/133]	lr: 0.00005, eta: 1:40:52, time: 7.633, data_time: 1.410, transfer_time: 0.079, forward_time: 5.790, loss_parse_time: 0.000 memory: 10653, 
2022-06-03 13:20:17,661 - INFO - task : ['VEHICLE', 'PEDESTRIAN', 'CYCLIST'], loss: 2.8594, hm_loss: 0.0000, loc_loss: 0.6066, loc_loss_elem: ['0.1032', '0.0887', '0.0813', '0.0609', '0.0619', '0.0660', '0.0615', '0.0832'], num_positive: 178.8000, roi_reg_loss: 0.9052, roi_cls_loss: 0.7411

2022-06-03 13:20:48,684 - INFO - Epoch [1/6][10/133]	lr: 0.00005, eta: 1:30:52, time: 6.207, data_time: 0.073, transfer_time: 0.077, forward_time: 5.714, loss_parse_time: 0.000 memory: 10653, 
2022-06-03 13:20:48,685 - INFO - task : ['VEHICLE', 'PEDESTRIAN', 'CYCLIST'], loss: 2.7548, hm_loss: 0.0000, loc_loss: 0.6292, loc_loss_elem: ['0.1068', '0.0818', '0.0867', '0.0580', '0.0585', '0.0840', '0.0758', '0.0775'], num_positive: 117.0000, roi_reg_loss: 0.8945, roi_cls_loss: 0.6020

2022-06-03 13:21:19,823 - INFO - Epoch [1/6][15/133]	lr: 0.00005, eta: 1:27:17, time: 6.227, data_time: 0.065, transfer_time: 0.076, forward_time: 5.747, loss_parse_time: 0.000 memory: 10668, 
2022-06-03 13:21:19,823 - INFO - task : ['VEHICLE', 'PEDESTRIAN', 'CYCLIST'], loss: 2.7059, hm_loss: 0.0000, loc_loss: 0.6220, loc_loss_elem: ['0.1044', '0.0873', '0.0824', '0.0600', '0.0600', '0.0765', '0.0759', '0.0755'], num_positive: 180.2000, roi_reg_loss: 0.8634, roi_cls_loss: 0.5985

2022-06-03 13:21:51,298 - INFO - Epoch [1/6][20/133]	lr: 0.00005, eta: 1:25:26, time: 6.293, data_time: 0.068, transfer_time: 0.077, forward_time: 5.807, loss_parse_time: 0.000 memory: 11077, 
2022-06-03 13:21:51,298 - INFO - task : ['VEHICLE', 'PEDESTRIAN', 'CYCLIST'], loss: 2.7068, hm_loss: 0.0000, loc_loss: 0.6375, loc_loss_elem: ['0.1079', '0.0988', '0.0918', '0.0614', '0.0592', '0.0806', '0.0583', '0.0795'], num_positive: 163.0000, roi_reg_loss: 0.9173, roi_cls_loss: 0.5146

2022-06-03 13:22:22,327 - INFO - Epoch [1/6][25/133]	lr: 0.00006, eta: 1:23:54, time: 6.208, data_time: 0.066, transfer_time: 0.074, forward_time: 5.728, loss_parse_time: 0.000 memory: 11077, 
2022-06-03 13:22:22,327 - INFO - task : ['VEHICLE', 'PEDESTRIAN', 'CYCLIST'], loss: 2.5508, hm_loss: 0.0000, loc_loss: 0.5877, loc_loss_elem: ['0.1018', '0.0797', '0.0771', '0.0621', '0.0650', '0.0685', '0.0621', '0.0715'], num_positive: 221.0000, roi_reg_loss: 0.8523, roi_cls_loss: 0.5229

2022-06-03 13:22:53,965 - INFO - Epoch [1/6][30/133]	lr: 0.00006, eta: 1:22:58, time: 6.326, data_time: 0.068, transfer_time: 0.076, forward_time: 5.815, loss_parse_time: 0.000 memory: 11233, 
2022-06-03 13:22:53,965 - INFO - task : ['VEHICLE', 'PEDESTRIAN', 'CYCLIST'], loss: 2.6696, hm_loss: 0.0000, loc_loss: 0.6276, loc_loss_elem: ['0.1078', '0.0876', '0.0904', '0.0577', '0.0624', '0.0776', '0.0659', '0.0782'], num_positive: 188.4000, roi_reg_loss: 0.9126, roi_cls_loss: 0.5018

2022-06-03 13:23:25,252 - INFO - Epoch [1/6][35/133]	lr: 0.00006, eta: 1:22:01, time: 6.257, data_time: 0.072, transfer_time: 0.078, forward_time: 5.756, loss_parse_time: 0.000 memory: 11233, 
2022-06-03 13:23:25,252 - INFO - task : ['VEHICLE', 'PEDESTRIAN', 'CYCLIST'], loss: 2.6999, hm_loss: 0.0000, loc_loss: 0.6832, loc_loss_elem: ['0.1127', '0.0874', '0.0916', '0.0630', '0.0694', '0.0876', '0.0813', '0.0901'], num_positive: 154.2000, roi_reg_loss: 0.9120, roi_cls_loss: 0.4215

2022-06-03 13:23:56,389 - INFO - Epoch [1/6][40/133]	lr: 0.00007, eta: 1:21:08, time: 6.229, data_time: 0.065, transfer_time: 0.075, forward_time: 5.745, loss_parse_time: 0.000 memory: 11233, 
2022-06-03 13:23:56,389 - INFO - task : ['VEHICLE', 'PEDESTRIAN', 'CYCLIST'], loss: 2.6111, hm_loss: 0.0000, loc_loss: 0.6251, loc_loss_elem: ['0.1195', '0.0868', '0.0905', '0.0590', '0.0632', '0.0692', '0.0520', '0.0849'], num_positive: 146.0000, roi_reg_loss: 0.9551, roi_cls_loss: 0.4057

2022-06-03 13:24:27,507 - INFO - Epoch [1/6][45/133]	lr: 0.00007, eta: 1:20:19, time: 6.222, data_time: 0.062, transfer_time: 0.075, forward_time: 5.749, loss_parse_time: 0.000 memory: 11233, 
2022-06-03 13:24:27,507 - INFO - task : ['VEHICLE', 'PEDESTRIAN', 'CYCLIST'], loss: 2.4929, hm_loss: 0.0000, loc_loss: 0.5977, loc_loss_elem: ['0.0991', '0.0795', '0.0951', '0.0568', '0.0607', '0.0714', '0.0601', '0.0750'], num_positive: 150.2000, roi_reg_loss: 0.9318, roi_cls_loss: 0.3657

2022-06-03 13:24:58,693 - INFO - Epoch [1/6][50/133]	lr: 0.00008, eta: 1:19:35, time: 6.239, data_time: 0.069, transfer_time: 0.077, forward_time: 5.734, loss_parse_time: 0.000 memory: 11233, 
2022-06-03 13:24:58,693 - INFO - task : ['VEHICLE', 'PEDESTRIAN', 'CYCLIST'], loss: 2.3267, hm_loss: 0.0000, loc_loss: 0.5586, loc_loss_elem: ['0.1022', '0.0806', '0.0788', '0.0575', '0.0612', '0.0674', '0.0537', '0.0572'], num_positive: 174.8000, roi_reg_loss: 0.8508, roi_cls_loss: 0.3587

2022-06-03 13:25:29,827 - INFO - Epoch [1/6][55/133]	lr: 0.00008, eta: 1:18:52, time: 6.226, data_time: 0.065, transfer_time: 0.076, forward_time: 5.724, loss_parse_time: 0.000 memory: 11313, 
2022-06-03 13:25:29,827 - INFO - task : ['VEHICLE', 'PEDESTRIAN', 'CYCLIST'], loss: 2.3717, hm_loss: 0.0000, loc_loss: 0.6031, loc_loss_elem: ['0.0930', '0.0784', '0.0833', '0.0600', '0.0656', '0.0683', '0.0787', '0.0758'], num_positive: 147.0000, roi_reg_loss: 0.8317, roi_cls_loss: 0.3338

2022-06-03 13:26:00,822 - INFO - Epoch [1/6][60/133]	lr: 0.00009, eta: 1:18:10, time: 6.197, data_time: 0.065, transfer_time: 0.075, forward_time: 5.724, loss_parse_time: 0.000 memory: 11313, 
2022-06-03 13:26:00,822 - INFO - task : ['VEHICLE', 'PEDESTRIAN', 'CYCLIST'], loss: 2.4312, hm_loss: 0.0000, loc_loss: 0.6176, loc_loss_elem: ['0.1115', '0.0883', '0.0974', '0.0545', '0.0550', '0.0742', '0.0550', '0.0818'], num_positive: 149.4000, roi_reg_loss: 0.8732, roi_cls_loss: 0.3228

2022-06-03 13:26:32,013 - INFO - Epoch [1/6][65/133]	lr: 0.00009, eta: 1:17:32, time: 6.241, data_time: 0.068, transfer_time: 0.077, forward_time: 5.737, loss_parse_time: 0.000 memory: 11338, 
2022-06-03 13:26:32,013 - INFO - task : ['VEHICLE', 'PEDESTRIAN', 'CYCLIST'], loss: 2.4790, hm_loss: 0.0000, loc_loss: 0.6122, loc_loss_elem: ['0.1074', '0.0797', '0.0815', '0.0627', '0.0703', '0.0735', '0.0704', '0.0667'], num_positive: 145.0000, roi_reg_loss: 0.9455, roi_cls_loss: 0.3090

2022-06-03 13:27:03,078 - INFO - Epoch [1/6][70/133]	lr: 0.00010, eta: 1:16:53, time: 6.213, data_time: 0.067, transfer_time: 0.074, forward_time: 5.729, loss_parse_time: 0.000 memory: 11338, 
2022-06-03 13:27:03,079 - INFO - task : ['VEHICLE', 'PEDESTRIAN', 'CYCLIST'], loss: 2.3103, hm_loss: 0.0000, loc_loss: 0.5750, loc_loss_elem: ['0.1041', '0.0792', '0.0799', '0.0597', '0.0610', '0.0668', '0.0538', '0.0705'], num_positive: 227.6000, roi_reg_loss: 0.8292, roi_cls_loss: 0.3311

2022-06-03 13:27:34,191 - INFO - Epoch [1/6][75/133]	lr: 0.00011, eta: 1:16:16, time: 6.223, data_time: 0.064, transfer_time: 0.076, forward_time: 5.721, loss_parse_time: 0.000 memory: 11636, 
2022-06-03 13:27:34,191 - INFO - task : ['VEHICLE', 'PEDESTRIAN', 'CYCLIST'], loss: 2.6256, hm_loss: 0.0000, loc_loss: 0.6900, loc_loss_elem: ['0.1055', '0.1015', '0.1079', '0.0602', '0.0582', '0.0871', '0.0758', '0.0937'], num_positive: 150.8000, roi_reg_loss: 0.9359, roi_cls_loss: 0.3097

2022-06-03 13:28:05,182 - INFO - Epoch [1/6][80/133]	lr: 0.00011, eta: 1:15:38, time: 6.198, data_time: 0.067, transfer_time: 0.074, forward_time: 5.722, loss_parse_time: 0.000 memory: 11636, 
2022-06-03 13:28:05,182 - INFO - task : ['VEHICLE', 'PEDESTRIAN', 'CYCLIST'], loss: 2.2207, hm_loss: 0.0000, loc_loss: 0.5807, loc_loss_elem: ['0.1035', '0.0869', '0.0827', '0.0541', '0.0553', '0.0701', '0.0543', '0.0739'], num_positive: 147.2000, roi_reg_loss: 0.8081, roi_cls_loss: 0.2513

2022-06-03 13:28:36,521 - INFO - Epoch [1/6][85/133]	lr: 0.00012, eta: 1:15:04, time: 6.268, data_time: 0.074, transfer_time: 0.075, forward_time: 5.773, loss_parse_time: 0.000 memory: 11636, 
2022-06-03 13:28:36,521 - INFO - task : ['VEHICLE', 'PEDESTRIAN', 'CYCLIST'], loss: 2.4511, hm_loss: 0.0000, loc_loss: 0.6307, loc_loss_elem: ['0.1072', '0.0818', '0.0782', '0.0610', '0.0701', '0.0670', '0.0818', '0.0835'], num_positive: 224.8000, roi_reg_loss: 0.8596, roi_cls_loss: 0.3301

2022-06-03 13:29:07,679 - INFO - Epoch [1/6][90/133]	lr: 0.00013, eta: 1:14:29, time: 6.230, data_time: 0.067, transfer_time: 0.075, forward_time: 5.733, loss_parse_time: 0.000 memory: 11636, 
2022-06-03 13:29:07,679 - INFO - task : ['VEHICLE', 'PEDESTRIAN', 'CYCLIST'], loss: 2.5288, hm_loss: 0.0000, loc_loss: 0.6806, loc_loss_elem: ['0.1069', '0.0852', '0.0911', '0.0610', '0.0661', '0.0811', '0.0803', '0.1088'], num_positive: 192.0000, roi_reg_loss: 0.8685, roi_cls_loss: 0.2991

2022-06-03 13:29:38,945 - INFO - Epoch [1/6][95/133]	lr: 0.00014, eta: 1:13:55, time: 6.253, data_time: 0.074, transfer_time: 0.074, forward_time: 5.753, loss_parse_time: 0.000 memory: 11636, 
2022-06-03 13:29:38,945 - INFO - task : ['VEHICLE', 'PEDESTRIAN', 'CYCLIST'], loss: 2.4103, hm_loss: 0.0000, loc_loss: 0.6145, loc_loss_elem: ['0.1075', '0.0919', '0.0891', '0.0584', '0.0620', '0.0746', '0.0557', '0.0753'], num_positive: 170.4000, roi_reg_loss: 0.8949, roi_cls_loss: 0.2864

2022-06-03 13:30:09,918 - INFO - Epoch [1/6][100/133]	lr: 0.00015, eta: 1:13:20, time: 6.194, data_time: 0.077, transfer_time: 0.075, forward_time: 5.713, loss_parse_time: 0.000 memory: 11636, 
2022-06-03 13:30:09,918 - INFO - task : ['VEHICLE', 'PEDESTRIAN', 'CYCLIST'], loss: 2.4350, hm_loss: 0.0000, loc_loss: 0.6328, loc_loss_elem: ['0.1100', '0.0876', '0.0958', '0.0534', '0.0555', '0.0778', '0.0665', '0.0863'], num_positive: 152.4000, roi_reg_loss: 0.9172, roi_cls_loss: 0.2521

2022-06-03 13:30:41,099 - INFO - Epoch [1/6][105/133]	lr: 0.00016, eta: 1:12:46, time: 6.237, data_time: 0.067, transfer_time: 0.076, forward_time: 5.734, loss_parse_time: 0.000 memory: 11636, 
2022-06-03 13:30:41,099 - INFO - task : ['VEHICLE', 'PEDESTRIAN', 'CYCLIST'], loss: 2.3870, hm_loss: 0.0000, loc_loss: 0.6198, loc_loss_elem: ['0.1028', '0.0859', '0.0836', '0.0590', '0.0630', '0.0760', '0.0687', '0.0808'], num_positive: 162.0000, roi_reg_loss: 0.8881, roi_cls_loss: 0.2592

2022-06-03 13:31:12,323 - INFO - Epoch [1/6][110/133]	lr: 0.00017, eta: 1:12:13, time: 6.244, data_time: 0.075, transfer_time: 0.078, forward_time: 5.747, loss_parse_time: 0.000 memory: 11636, 
2022-06-03 13:31:12,323 - INFO - task : ['VEHICLE', 'PEDESTRIAN', 'CYCLIST'], loss: 2.3972, hm_loss: 0.0000, loc_loss: 0.6476, loc_loss_elem: ['0.0996', '0.0896', '0.0926', '0.0568', '0.0594', '0.0739', '0.0852', '0.0905'], num_positive: 147.4000, roi_reg_loss: 0.8617, roi_cls_loss: 0.2403

2022-06-03 13:31:43,238 - INFO - Epoch [1/6][115/133]	lr: 0.00018, eta: 1:11:38, time: 6.183, data_time: 0.071, transfer_time: 0.076, forward_time: 5.705, loss_parse_time: 0.000 memory: 11636, 
2022-06-03 13:31:43,238 - INFO - task : ['VEHICLE', 'PEDESTRIAN', 'CYCLIST'], loss: 2.3025, hm_loss: 0.0000, loc_loss: 0.5967, loc_loss_elem: ['0.1071', '0.0883', '0.0791', '0.0577', '0.0603', '0.0700', '0.0594', '0.0748'], num_positive: 159.0000, roi_reg_loss: 0.8717, roi_cls_loss: 0.2374

2022-06-03 13:32:14,154 - INFO - Epoch [1/6][120/133]	lr: 0.00019, eta: 1:11:03, time: 6.184, data_time: 0.067, transfer_time: 0.074, forward_time: 5.702, loss_parse_time: 0.000 memory: 11636, 
2022-06-03 13:32:14,155 - INFO - task : ['VEHICLE', 'PEDESTRIAN', 'CYCLIST'], loss: 2.4194, hm_loss: 0.0000, loc_loss: 0.6507, loc_loss_elem: ['0.1014', '0.0884', '0.0917', '0.0619', '0.0652', '0.0758', '0.0786', '0.0877'], num_positive: 178.8000, roi_reg_loss: 0.8526, roi_cls_loss: 0.2654

2022-06-03 13:32:45,219 - INFO - Epoch [1/6][125/133]	lr: 0.00020, eta: 1:10:30, time: 6.214, data_time: 0.074, transfer_time: 0.078, forward_time: 5.706, loss_parse_time: 0.000 memory: 11636, 
2022-06-03 13:32:45,219 - INFO - task : ['VEHICLE', 'PEDESTRIAN', 'CYCLIST'], loss: 2.5401, hm_loss: 0.0000, loc_loss: 0.6815, loc_loss_elem: ['0.1083', '0.0887', '0.0885', '0.0608', '0.0646', '0.0768', '0.0914', '0.1024'], num_positive: 170.0000, roi_reg_loss: 0.9056, roi_cls_loss: 0.2714

2022-06-03 13:33:16,210 - INFO - Epoch [1/6][130/133]	lr: 0.00021, eta: 1:09:56, time: 6.198, data_time: 0.064, transfer_time: 0.075, forward_time: 5.700, loss_parse_time: 0.000 memory: 11636, 
2022-06-03 13:33:16,211 - INFO - task : ['VEHICLE', 'PEDESTRIAN', 'CYCLIST'], loss: 2.3209, hm_loss: 0.0000, loc_loss: 0.6007, loc_loss_elem: ['0.1097', '0.0863', '0.0889', '0.0546', '0.0531', '0.0737', '0.0545', '0.0799'], num_positive: 166.8000, roi_reg_loss: 0.8689, roi_cls_loss: 0.2505

2022-06-03 13:34:11,931 - INFO - Epoch [2/6][5/133]	lr: 0.00023, eta: 1:08:01, time: 7.333, data_time: 1.095, transfer_time: 0.075, forward_time: 5.816, loss_parse_time: 0.000 memory: 11636, 
2022-06-03 13:34:11,932 - INFO - task : ['VEHICLE', 'PEDESTRIAN', 'CYCLIST'], loss: 2.2992, hm_loss: 0.0000, loc_loss: 0.6119, loc_loss_elem: ['0.0950', '0.0874', '0.0866', '0.0569', '0.0597', '0.0749', '0.0648', '0.0866'], num_positive: 170.2000, roi_reg_loss: 0.8248, roi_cls_loss: 0.2506

2022-06-03 13:34:42,981 - INFO - Epoch [2/6][10/133]	lr: 0.00024, eta: 1:07:31, time: 6.210, data_time: 0.067, transfer_time: 0.073, forward_time: 5.717, loss_parse_time: 0.000 memory: 11636, 
2022-06-03 13:34:42,981 - INFO - task : ['VEHICLE', 'PEDESTRIAN', 'CYCLIST'], loss: 2.2441, hm_loss: 0.0000, loc_loss: 0.5883, loc_loss_elem: ['0.1047', '0.0830', '0.0819', '0.0558', '0.0544', '0.0759', '0.0561', '0.0766'], num_positive: 182.2000, roi_reg_loss: 0.8353, roi_cls_loss: 0.2322

2022-06-03 13:35:13,977 - INFO - Epoch [2/6][15/133]	lr: 0.00025, eta: 1:07:00, time: 6.199, data_time: 0.064, transfer_time: 0.075, forward_time: 5.717, loss_parse_time: 0.000 memory: 11636, 
2022-06-03 13:35:13,977 - INFO - task : ['VEHICLE', 'PEDESTRIAN', 'CYCLIST'], loss: 2.3311, hm_loss: 0.0000, loc_loss: 0.6243, loc_loss_elem: ['0.1131', '0.0908', '0.0841', '0.0586', '0.0574', '0.0742', '0.0635', '0.0826'], num_positive: 166.8000, roi_reg_loss: 0.8696, roi_cls_loss: 0.2129

2022-06-03 13:35:44,968 - INFO - Epoch [2/6][20/133]	lr: 0.00026, eta: 1:06:29, time: 6.196, data_time: 0.074, transfer_time: 0.076, forward_time: 5.711, loss_parse_time: 0.000 memory: 11636, 
2022-06-03 13:35:44,968 - INFO - task : ['VEHICLE', 'PEDESTRIAN', 'CYCLIST'], loss: 2.1386, hm_loss: 0.0000, loc_loss: 0.5386, loc_loss_elem: ['0.1068', '0.0812', '0.0754', '0.0541', '0.0523', '0.0664', '0.0448', '0.0576'], num_positive: 167.8000, roi_reg_loss: 0.8369, roi_cls_loss: 0.2245

2022-06-03 13:36:16,027 - INFO - Epoch [2/6][25/133]	lr: 0.00027, eta: 1:05:59, time: 6.214, data_time: 0.073, transfer_time: 0.073, forward_time: 5.721, loss_parse_time: 0.000 memory: 11636, 
2022-06-03 13:36:16,028 - INFO - task : ['VEHICLE', 'PEDESTRIAN', 'CYCLIST'], loss: 2.3277, hm_loss: 0.0000, loc_loss: 0.6008, loc_loss_elem: ['0.1059', '0.0845', '0.0828', '0.0590', '0.0601', '0.0783', '0.0509', '0.0793'], num_positive: 179.8000, roi_reg_loss: 0.8822, roi_cls_loss: 0.2439

2022-06-03 13:36:47,375 - INFO - Epoch [2/6][30/133]	lr: 0.00028, eta: 1:05:30, time: 6.267, data_time: 0.071, transfer_time: 0.077, forward_time: 5.748, loss_parse_time: 0.000 memory: 11636, 
2022-06-03 13:36:47,375 - INFO - task : ['VEHICLE', 'PEDESTRIAN', 'CYCLIST'], loss: 2.2529, hm_loss: 0.0000, loc_loss: 0.5921, loc_loss_elem: ['0.1051', '0.0851', '0.0856', '0.0562', '0.0553', '0.0736', '0.0633', '0.0679'], num_positive: 171.0000, roi_reg_loss: 0.8589, roi_cls_loss: 0.2098

2022-06-03 13:37:18,372 - INFO - Epoch [2/6][35/133]	lr: 0.00029, eta: 1:04:59, time: 6.202, data_time: 0.072, transfer_time: 0.074, forward_time: 5.710, loss_parse_time: 0.000 memory: 11636, 
2022-06-03 13:37:18,372 - INFO - task : ['VEHICLE', 'PEDESTRIAN', 'CYCLIST'], loss: 2.3354, hm_loss: 0.0000, loc_loss: 0.6117, loc_loss_elem: ['0.1137', '0.0922', '0.0938', '0.0558', '0.0555', '0.0736', '0.0489', '0.0783'], num_positive: 173.4000, roi_reg_loss: 0.8621, roi_cls_loss: 0.2499

2022-06-03 13:37:49,383 - INFO - Epoch [2/6][40/133]	lr: 0.00030, eta: 1:04:28, time: 6.202, data_time: 0.065, transfer_time: 0.075, forward_time: 5.726, loss_parse_time: 0.000 memory: 11636, 
2022-06-03 13:37:49,383 - INFO - task : ['VEHICLE', 'PEDESTRIAN', 'CYCLIST'], loss: 2.2880, hm_loss: 0.0000, loc_loss: 0.6107, loc_loss_elem: ['0.1056', '0.0825', '0.0913', '0.0575', '0.0640', '0.0741', '0.0598', '0.0759'], num_positive: 151.6000, roi_reg_loss: 0.8533, roi_cls_loss: 0.2133

2022-06-03 13:38:20,342 - INFO - Epoch [2/6][45/133]	lr: 0.00031, eta: 1:03:57, time: 6.192, data_time: 0.069, transfer_time: 0.076, forward_time: 5.705, loss_parse_time: 0.000 memory: 11636, 
2022-06-03 13:38:20,342 - INFO - task : ['VEHICLE', 'PEDESTRIAN', 'CYCLIST'], loss: 2.3624, hm_loss: 0.0000, loc_loss: 0.6461, loc_loss_elem: ['0.1058', '0.0912', '0.0893', '0.0585', '0.0610', '0.0697', '0.0771', '0.0936'], num_positive: 132.6000, roi_reg_loss: 0.8916, roi_cls_loss: 0.1786

2022-06-03 13:38:51,448 - INFO - Epoch [2/6][50/133]	lr: 0.00032, eta: 1:03:27, time: 6.221, data_time: 0.063, transfer_time: 0.078, forward_time: 5.721, loss_parse_time: 0.000 memory: 11636, 
2022-06-03 13:38:51,448 - INFO - task : ['VEHICLE', 'PEDESTRIAN', 'CYCLIST'], loss: 2.3117, hm_loss: 0.0000, loc_loss: 0.6327, loc_loss_elem: ['0.1088', '0.0856', '0.0840', '0.0633', '0.0687', '0.0755', '0.0717', '0.0753'], num_positive: 130.2000, roi_reg_loss: 0.8546, roi_cls_loss: 0.1916

2022-06-03 13:39:22,593 - INFO - Epoch [2/6][55/133]	lr: 0.00034, eta: 1:02:56, time: 6.229, data_time: 0.072, transfer_time: 0.075, forward_time: 5.715, loss_parse_time: 0.000 memory: 11636, 
2022-06-03 13:39:22,594 - INFO - task : ['VEHICLE', 'PEDESTRIAN', 'CYCLIST'], loss: 2.2252, hm_loss: 0.0000, loc_loss: 0.6028, loc_loss_elem: ['0.0953', '0.0817', '0.0790', '0.0614', '0.0696', '0.0722', '0.0619', '0.0818'], num_positive: 188.4000, roi_reg_loss: 0.7795, roi_cls_loss: 0.2402

2022-06-03 13:39:53,742 - INFO - Epoch [2/6][60/133]	lr: 0.00035, eta: 1:02:26, time: 6.230, data_time: 0.061, transfer_time: 0.075, forward_time: 5.735, loss_parse_time: 0.000 memory: 11636, 
2022-06-03 13:39:53,742 - INFO - task : ['VEHICLE', 'PEDESTRIAN', 'CYCLIST'], loss: 2.2492, hm_loss: 0.0000, loc_loss: 0.6132, loc_loss_elem: ['0.0957', '0.0759', '0.0756', '0.0627', '0.0744', '0.0696', '0.0758', '0.0834'], num_positive: 219.8000, roi_reg_loss: 0.7555, roi_cls_loss: 0.2673

2022-06-03 13:40:24,674 - INFO - Epoch [2/6][65/133]	lr: 0.00036, eta: 1:01:55, time: 6.185, data_time: 0.071, transfer_time: 0.074, forward_time: 5.702, loss_parse_time: 0.000 memory: 11636, 
2022-06-03 13:40:24,674 - INFO - task : ['VEHICLE', 'PEDESTRIAN', 'CYCLIST'], loss: 2.2453, hm_loss: 0.0000, loc_loss: 0.5876, loc_loss_elem: ['0.1014', '0.0862', '0.0817', '0.0576', '0.0611', '0.0654', '0.0592', '0.0750'], num_positive: 216.8000, roi_reg_loss: 0.8138, roi_cls_loss: 0.2563

2022-06-03 13:40:55,681 - INFO - Epoch [2/6][70/133]	lr: 0.00037, eta: 1:01:24, time: 6.203, data_time: 0.066, transfer_time: 0.077, forward_time: 5.709, loss_parse_time: 0.000 memory: 11636, 
2022-06-03 13:40:55,682 - INFO - task : ['VEHICLE', 'PEDESTRIAN', 'CYCLIST'], loss: 2.2412, hm_loss: 0.0000, loc_loss: 0.6137, loc_loss_elem: ['0.0969', '0.0955', '0.0869', '0.0586', '0.0619', '0.0761', '0.0615', '0.0764'], num_positive: 121.8000, roi_reg_loss: 0.8515, roi_cls_loss: 0.1623

2022-06-03 13:41:26,760 - INFO - Epoch [2/6][75/133]	lr: 0.00038, eta: 1:00:54, time: 6.213, data_time: 0.069, transfer_time: 0.076, forward_time: 5.719, loss_parse_time: 0.000 memory: 11636, 
2022-06-03 13:41:26,760 - INFO - task : ['VEHICLE', 'PEDESTRIAN', 'CYCLIST'], loss: 2.2453, hm_loss: 0.0000, loc_loss: 0.6354, loc_loss_elem: ['0.1048', '0.0836', '0.0888', '0.0603', '0.0680', '0.0689', '0.0739', '0.0871'], num_positive: 155.2000, roi_reg_loss: 0.7921, roi_cls_loss: 0.1823

2022-06-03 13:41:57,760 - INFO - Epoch [2/6][80/133]	lr: 0.00039, eta: 1:00:23, time: 6.202, data_time: 0.070, transfer_time: 0.076, forward_time: 5.710, loss_parse_time: 0.000 memory: 11636, 
2022-06-03 13:41:57,760 - INFO - task : ['VEHICLE', 'PEDESTRIAN', 'CYCLIST'], loss: 2.3232, hm_loss: 0.0000, loc_loss: 0.6285, loc_loss_elem: ['0.1033', '0.0814', '0.0836', '0.0623', '0.0675', '0.0716', '0.0726', '0.0862'], num_positive: 198.6000, roi_reg_loss: 0.8097, roi_cls_loss: 0.2564

2022-06-03 13:42:29,218 - INFO - Epoch [2/6][85/133]	lr: 0.00040, eta: 0:59:53, time: 6.292, data_time: 0.071, transfer_time: 0.075, forward_time: 5.771, loss_parse_time: 0.000 memory: 11636, 
2022-06-03 13:42:29,218 - INFO - task : ['VEHICLE', 'PEDESTRIAN', 'CYCLIST'], loss: 2.0879, hm_loss: 0.0000, loc_loss: 0.5782, loc_loss_elem: ['0.1066', '0.0783', '0.0832', '0.0559', '0.0611', '0.0687', '0.0595', '0.0649'], num_positive: 158.4000, roi_reg_loss: 0.7592, roi_cls_loss: 0.1722

2022-06-03 13:43:00,068 - INFO - Epoch [2/6][90/133]	lr: 0.00040, eta: 0:59:22, time: 6.170, data_time: 0.063, transfer_time: 0.076, forward_time: 5.688, loss_parse_time: 0.000 memory: 11636, 
2022-06-03 13:43:00,068 - INFO - task : ['VEHICLE', 'PEDESTRIAN', 'CYCLIST'], loss: 2.1659, hm_loss: 0.0000, loc_loss: 0.5824, loc_loss_elem: ['0.1002', '0.0805', '0.0802', '0.0575', '0.0589', '0.0697', '0.0611', '0.0743'], num_positive: 214.0000, roi_reg_loss: 0.7603, roi_cls_loss: 0.2408

2022-06-03 13:43:31,298 - INFO - Epoch [2/6][95/133]	lr: 0.00041, eta: 0:58:51, time: 6.245, data_time: 0.063, transfer_time: 0.074, forward_time: 5.751, loss_parse_time: 0.000 memory: 11636, 
2022-06-03 13:43:31,298 - INFO - task : ['VEHICLE', 'PEDESTRIAN', 'CYCLIST'], loss: 2.2444, hm_loss: 0.0000, loc_loss: 0.6364, loc_loss_elem: ['0.0974', '0.0937', '0.0912', '0.0562', '0.0588', '0.0769', '0.0733', '0.0889'], num_positive: 169.2000, roi_reg_loss: 0.7673, roi_cls_loss: 0.2042

2022-06-03 13:44:02,355 - INFO - Epoch [2/6][100/133]	lr: 0.00042, eta: 0:58:21, time: 6.210, data_time: 0.068, transfer_time: 0.074, forward_time: 5.721, loss_parse_time: 0.000 memory: 11636, 
2022-06-03 13:44:02,355 - INFO - task : ['VEHICLE', 'PEDESTRIAN', 'CYCLIST'], loss: 2.1148, hm_loss: 0.0000, loc_loss: 0.5855, loc_loss_elem: ['0.1046', '0.0824', '0.0800', '0.0602', '0.0609', '0.0691', '0.0639', '0.0644'], num_positive: 158.4000, roi_reg_loss: 0.7448, roi_cls_loss: 0.1988

2022-06-03 13:44:33,439 - INFO - Epoch [2/6][105/133]	lr: 0.00043, eta: 0:57:50, time: 6.219, data_time: 0.071, transfer_time: 0.074, forward_time: 5.725, loss_parse_time: 0.000 memory: 11636, 
2022-06-03 13:44:33,439 - INFO - task : ['VEHICLE', 'PEDESTRIAN', 'CYCLIST'], loss: 2.2093, hm_loss: 0.0000, loc_loss: 0.6173, loc_loss_elem: ['0.0959', '0.0916', '0.0907', '0.0551', '0.0578', '0.0695', '0.0730', '0.0837'], num_positive: 149.8000, roi_reg_loss: 0.7946, roi_cls_loss: 0.1802

2022-06-03 13:45:04,635 - INFO - Epoch [2/6][110/133]	lr: 0.00044, eta: 0:57:19, time: 6.239, data_time: 0.066, transfer_time: 0.081, forward_time: 5.741, loss_parse_time: 0.000 memory: 11636, 
2022-06-03 13:45:04,635 - INFO - task : ['VEHICLE', 'PEDESTRIAN', 'CYCLIST'], loss: 2.1827, hm_loss: 0.0000, loc_loss: 0.5917, loc_loss_elem: ['0.1127', '0.0951', '0.0774', '0.0555', '0.0586', '0.0660', '0.0466', '0.0798'], num_positive: 136.2000, roi_reg_loss: 0.8012, roi_cls_loss: 0.1981

2022-06-03 13:45:35,742 - INFO - Epoch [2/6][115/133]	lr: 0.00045, eta: 0:56:49, time: 6.222, data_time: 0.066, transfer_time: 0.077, forward_time: 5.722, loss_parse_time: 0.000 memory: 11636, 
2022-06-03 13:45:35,743 - INFO - task : ['VEHICLE', 'PEDESTRIAN', 'CYCLIST'], loss: 2.1911, hm_loss: 0.0000, loc_loss: 0.6110, loc_loss_elem: ['0.1052', '0.0823', '0.0797', '0.0631', '0.0730', '0.0720', '0.0653', '0.0705'], num_positive: 169.6000, roi_reg_loss: 0.7454, roi_cls_loss: 0.2239

2022-06-03 13:46:06,616 - INFO - Epoch [2/6][120/133]	lr: 0.00045, eta: 0:56:17, time: 6.175, data_time: 0.068, transfer_time: 0.075, forward_time: 5.695, loss_parse_time: 0.000 memory: 11636, 
2022-06-03 13:46:06,616 - INFO - task : ['VEHICLE', 'PEDESTRIAN', 'CYCLIST'], loss: 2.2121, hm_loss: 0.0000, loc_loss: 0.6161, loc_loss_elem: ['0.1035', '0.0893', '0.0946', '0.0601', '0.0593', '0.0661', '0.0592', '0.0840'], num_positive: 179.8000, roi_reg_loss: 0.7621, roi_cls_loss: 0.2179

2022-06-03 13:46:37,628 - INFO - Epoch [2/6][125/133]	lr: 0.00046, eta: 0:55:46, time: 6.202, data_time: 0.066, transfer_time: 0.074, forward_time: 5.718, loss_parse_time: 0.000 memory: 11636, 
2022-06-03 13:46:37,628 - INFO - task : ['VEHICLE', 'PEDESTRIAN', 'CYCLIST'], loss: 2.2060, hm_loss: 0.0000, loc_loss: 0.6165, loc_loss_elem: ['0.1062', '0.0876', '0.1017', '0.0554', '0.0605', '0.0750', '0.0426', '0.0875'], num_positive: 142.0000, roi_reg_loss: 0.7798, roi_cls_loss: 0.1931

2022-06-03 13:47:08,711 - INFO - Epoch [2/6][130/133]	lr: 0.00047, eta: 0:55:16, time: 6.214, data_time: 0.073, transfer_time: 0.078, forward_time: 5.698, loss_parse_time: 0.000 memory: 11636, 
2022-06-03 13:47:08,711 - INFO - task : ['VEHICLE', 'PEDESTRIAN', 'CYCLIST'], loss: 2.2634, hm_loss: 0.0000, loc_loss: 0.6391, loc_loss_elem: ['0.1044', '0.0920', '0.1055', '0.0501', '0.0545', '0.0813', '0.0652', '0.0860'], num_positive: 102.8000, roi_reg_loss: 0.8414, roi_cls_loss: 0.1438

2022-06-03 13:48:04,392 - INFO - Epoch [3/6][5/133]	lr: 0.00047, eta: 0:54:01, time: 7.342, data_time: 1.125, transfer_time: 0.075, forward_time: 5.785, loss_parse_time: 0.000 memory: 11636, 
2022-06-03 13:48:04,393 - INFO - task : ['VEHICLE', 'PEDESTRIAN', 'CYCLIST'], loss: 2.1771, hm_loss: 0.0000, loc_loss: 0.6159, loc_loss_elem: ['0.1132', '0.0912', '0.0945', '0.0567', '0.0544', '0.0752', '0.0529', '0.0777'], num_positive: 149.4000, roi_reg_loss: 0.7574, roi_cls_loss: 0.1878

2022-06-03 13:48:35,730 - INFO - Epoch [3/6][10/133]	lr: 0.00048, eta: 0:53:31, time: 6.268, data_time: 0.069, transfer_time: 0.077, forward_time: 5.744, loss_parse_time: 0.000 memory: 11636, 
2022-06-03 13:48:35,730 - INFO - task : ['VEHICLE', 'PEDESTRIAN', 'CYCLIST'], loss: 2.0559, hm_loss: 0.0000, loc_loss: 0.5826, loc_loss_elem: ['0.0981', '0.0781', '0.0869', '0.0567', '0.0614', '0.0654', '0.0644', '0.0716'], num_positive: 153.4000, roi_reg_loss: 0.7241, roi_cls_loss: 0.1666

2022-06-03 13:49:06,785 - INFO - Epoch [3/6][15/133]	lr: 0.00048, eta: 0:53:01, time: 6.211, data_time: 0.069, transfer_time: 0.075, forward_time: 5.727, loss_parse_time: 0.000 memory: 11636, 
2022-06-03 13:49:06,785 - INFO - task : ['VEHICLE', 'PEDESTRIAN', 'CYCLIST'], loss: 2.1874, hm_loss: 0.0000, loc_loss: 0.6126, loc_loss_elem: ['0.1008', '0.0892', '0.0910', '0.0534', '0.0501', '0.0793', '0.0666', '0.0824'], num_positive: 155.6000, roi_reg_loss: 0.7691, roi_cls_loss: 0.1931

2022-06-03 13:49:37,863 - INFO - Epoch [3/6][20/133]	lr: 0.00049, eta: 0:52:31, time: 6.216, data_time: 0.061, transfer_time: 0.073, forward_time: 5.742, loss_parse_time: 0.000 memory: 11636, 
2022-06-03 13:49:37,864 - INFO - task : ['VEHICLE', 'PEDESTRIAN', 'CYCLIST'], loss: 2.3265, hm_loss: 0.0000, loc_loss: 0.6564, loc_loss_elem: ['0.1051', '0.0883', '0.0938', '0.0550', '0.0615', '0.0817', '0.0810', '0.0900'], num_positive: 180.2000, roi_reg_loss: 0.7688, roi_cls_loss: 0.2449

2022-06-03 13:50:08,959 - INFO - Epoch [3/6][25/133]	lr: 0.00049, eta: 0:52:01, time: 6.219, data_time: 0.068, transfer_time: 0.077, forward_time: 5.721, loss_parse_time: 0.000 memory: 11636, 
2022-06-03 13:50:08,959 - INFO - task : ['VEHICLE', 'PEDESTRIAN', 'CYCLIST'], loss: 2.1313, hm_loss: 0.0000, loc_loss: 0.6076, loc_loss_elem: ['0.1058', '0.0875', '0.0856', '0.0592', '0.0619', '0.0708', '0.0583', '0.0784'], num_positive: 167.8000, roi_reg_loss: 0.7230, roi_cls_loss: 0.1930

2022-06-03 13:50:40,022 - INFO - Epoch [3/6][30/133]	lr: 0.00049, eta: 0:51:30, time: 6.213, data_time: 0.071, transfer_time: 0.073, forward_time: 5.724, loss_parse_time: 0.000 memory: 11636, 
2022-06-03 13:50:40,022 - INFO - task : ['VEHICLE', 'PEDESTRIAN', 'CYCLIST'], loss: 2.0080, hm_loss: 0.0000, loc_loss: 0.5714, loc_loss_elem: ['0.0968', '0.0781', '0.0813', '0.0585', '0.0628', '0.0649', '0.0606', '0.0684'], num_positive: 168.8000, roi_reg_loss: 0.6915, roi_cls_loss: 0.1737

2022-06-03 13:51:11,152 - INFO - Epoch [3/6][35/133]	lr: 0.00050, eta: 0:51:00, time: 6.226, data_time: 0.068, transfer_time: 0.074, forward_time: 5.735, loss_parse_time: 0.000 memory: 11636, 
2022-06-03 13:51:11,153 - INFO - task : ['VEHICLE', 'PEDESTRIAN', 'CYCLIST'], loss: 2.1221, hm_loss: 0.0000, loc_loss: 0.5985, loc_loss_elem: ['0.1018', '0.0839', '0.0840', '0.0556', '0.0597', '0.0662', '0.0615', '0.0858'], num_positive: 176.6000, roi_reg_loss: 0.7209, roi_cls_loss: 0.2042

2022-06-03 13:51:42,311 - INFO - Epoch [3/6][40/133]	lr: 0.00050, eta: 0:50:30, time: 6.229, data_time: 0.061, transfer_time: 0.074, forward_time: 5.736, loss_parse_time: 0.000 memory: 11636, 
2022-06-03 13:51:42,311 - INFO - task : ['VEHICLE', 'PEDESTRIAN', 'CYCLIST'], loss: 2.2658, hm_loss: 0.0000, loc_loss: 0.6641, loc_loss_elem: ['0.1062', '0.0913', '0.0951', '0.0573', '0.0613', '0.0782', '0.0789', '0.0958'], num_positive: 162.4000, roi_reg_loss: 0.7195, roi_cls_loss: 0.2181

2022-06-03 13:52:13,602 - INFO - Epoch [3/6][45/133]	lr: 0.00050, eta: 0:50:00, time: 6.260, data_time: 0.071, transfer_time: 0.074, forward_time: 5.759, loss_parse_time: 0.000 memory: 11636, 
2022-06-03 13:52:13,602 - INFO - task : ['VEHICLE', 'PEDESTRIAN', 'CYCLIST'], loss: 2.1529, hm_loss: 0.0000, loc_loss: 0.5998, loc_loss_elem: ['0.1107', '0.0889', '0.0886', '0.0557', '0.0591', '0.0683', '0.0579', '0.0706'], num_positive: 179.4000, roi_reg_loss: 0.7421, roi_cls_loss: 0.2113

2022-06-03 13:52:44,765 - INFO - Epoch [3/6][50/133]	lr: 0.00050, eta: 0:49:30, time: 6.233, data_time: 0.063, transfer_time: 0.074, forward_time: 5.735, loss_parse_time: 0.000 memory: 11636, 
2022-06-03 13:52:44,765 - INFO - task : ['VEHICLE', 'PEDESTRIAN', 'CYCLIST'], loss: 2.0922, hm_loss: 0.0000, loc_loss: 0.5851, loc_loss_elem: ['0.1127', '0.0891', '0.0798', '0.0546', '0.0545', '0.0693', '0.0526', '0.0726'], num_positive: 182.4000, roi_reg_loss: 0.7245, roi_cls_loss: 0.1975

2022-06-03 13:53:15,993 - INFO - Epoch [3/6][55/133]	lr: 0.00050, eta: 0:48:59, time: 6.244, data_time: 0.066, transfer_time: 0.077, forward_time: 5.746, loss_parse_time: 0.000 memory: 11636, 
2022-06-03 13:53:15,993 - INFO - task : ['VEHICLE', 'PEDESTRIAN', 'CYCLIST'], loss: 2.2684, hm_loss: 0.0000, loc_loss: 0.6754, loc_loss_elem: ['0.1074', '0.0945', '0.0986', '0.0644', '0.0669', '0.0737', '0.0693', '0.1007'], num_positive: 162.0000, roi_reg_loss: 0.7139, roi_cls_loss: 0.2037

2022-06-03 13:53:46,985 - INFO - Epoch [3/6][60/133]	lr: 0.00050, eta: 0:48:29, time: 6.200, data_time: 0.069, transfer_time: 0.074, forward_time: 5.705, loss_parse_time: 0.000 memory: 11636, 
2022-06-03 13:53:46,986 - INFO - task : ['VEHICLE', 'PEDESTRIAN', 'CYCLIST'], loss: 2.0239, hm_loss: 0.0000, loc_loss: 0.5793, loc_loss_elem: ['0.1058', '0.0777', '0.0868', '0.0548', '0.0574', '0.0770', '0.0424', '0.0775'], num_positive: 149.2000, roi_reg_loss: 0.6884, roi_cls_loss: 0.1769

2022-06-03 13:54:18,098 - INFO - Epoch [3/6][65/133]	lr: 0.00050, eta: 0:47:58, time: 6.223, data_time: 0.064, transfer_time: 0.074, forward_time: 5.728, loss_parse_time: 0.000 memory: 11636, 
2022-06-03 13:54:18,098 - INFO - task : ['VEHICLE', 'PEDESTRIAN', 'CYCLIST'], loss: 2.0974, hm_loss: 0.0000, loc_loss: 0.5930, loc_loss_elem: ['0.0985', '0.0881', '0.0818', '0.0564', '0.0587', '0.0693', '0.0565', '0.0837'], num_positive: 180.8000, roi_reg_loss: 0.7178, roi_cls_loss: 0.1936

2022-06-03 13:54:49,260 - INFO - Epoch [3/6][70/133]	lr: 0.00050, eta: 0:47:28, time: 6.232, data_time: 0.064, transfer_time: 0.077, forward_time: 5.731, loss_parse_time: 0.000 memory: 11636, 
2022-06-03 13:54:49,260 - INFO - task : ['VEHICLE', 'PEDESTRIAN', 'CYCLIST'], loss: 2.1886, hm_loss: 0.0000, loc_loss: 0.6155, loc_loss_elem: ['0.1020', '0.0903', '0.0890', '0.0562', '0.0549', '0.0722', '0.0653', '0.0857'], num_positive: 189.6000, roi_reg_loss: 0.7233, roi_cls_loss: 0.2343

2022-06-03 13:55:20,230 - INFO - Epoch [3/6][75/133]	lr: 0.00050, eta: 0:46:57, time: 6.192, data_time: 0.064, transfer_time: 0.077, forward_time: 5.709, loss_parse_time: 0.000 memory: 11636, 
2022-06-03 13:55:20,230 - INFO - task : ['VEHICLE', 'PEDESTRIAN', 'CYCLIST'], loss: 2.0627, hm_loss: 0.0000, loc_loss: 0.5912, loc_loss_elem: ['0.1024', '0.0767', '0.0811', '0.0580', '0.0627', '0.0795', '0.0644', '0.0665'], num_positive: 153.0000, roi_reg_loss: 0.6909, roi_cls_loss: 0.1893

2022-06-03 13:55:51,404 - INFO - Epoch [3/6][80/133]	lr: 0.00050, eta: 0:46:27, time: 6.237, data_time: 0.067, transfer_time: 0.079, forward_time: 5.725, loss_parse_time: 0.000 memory: 11636, 
2022-06-03 13:55:51,404 - INFO - task : ['VEHICLE', 'PEDESTRIAN', 'CYCLIST'], loss: 2.0633, hm_loss: 0.0000, loc_loss: 0.6051, loc_loss_elem: ['0.1033', '0.0877', '0.0823', '0.0530', '0.0582', '0.0599', '0.0734', '0.0873'], num_positive: 137.4000, roi_reg_loss: 0.6988, roi_cls_loss: 0.1543

2022-06-03 13:56:22,409 - INFO - Epoch [3/6][85/133]	lr: 0.00049, eta: 0:45:56, time: 6.199, data_time: 0.066, transfer_time: 0.078, forward_time: 5.708, loss_parse_time: 0.000 memory: 11636, 
2022-06-03 13:56:22,409 - INFO - task : ['VEHICLE', 'PEDESTRIAN', 'CYCLIST'], loss: 2.1757, hm_loss: 0.0000, loc_loss: 0.6379, loc_loss_elem: ['0.1142', '0.0863', '0.0919', '0.0611', '0.0649', '0.0757', '0.0636', '0.0802'], num_positive: 155.6000, roi_reg_loss: 0.7195, roi_cls_loss: 0.1805

2022-06-03 13:56:53,489 - INFO - Epoch [3/6][90/133]	lr: 0.00049, eta: 0:45:26, time: 6.218, data_time: 0.071, transfer_time: 0.077, forward_time: 5.720, loss_parse_time: 0.000 memory: 11636, 
2022-06-03 13:56:53,489 - INFO - task : ['VEHICLE', 'PEDESTRIAN', 'CYCLIST'], loss: 2.2781, hm_loss: 0.0000, loc_loss: 0.6697, loc_loss_elem: ['0.1115', '0.0886', '0.0990', '0.0608', '0.0677', '0.0742', '0.0746', '0.0933'], num_positive: 152.2000, roi_reg_loss: 0.7313, roi_cls_loss: 0.2074

2022-06-03 13:57:24,654 - INFO - Epoch [3/6][95/133]	lr: 0.00049, eta: 0:44:55, time: 6.233, data_time: 0.067, transfer_time: 0.077, forward_time: 5.732, loss_parse_time: 0.000 memory: 11636, 
2022-06-03 13:57:24,654 - INFO - task : ['VEHICLE', 'PEDESTRIAN', 'CYCLIST'], loss: 2.1071, hm_loss: 0.0000, loc_loss: 0.6089, loc_loss_elem: ['0.1037', '0.0906', '0.0810', '0.0580', '0.0625', '0.0706', '0.0632', '0.0792'], num_positive: 171.4000, roi_reg_loss: 0.6909, roi_cls_loss: 0.1984

2022-06-03 13:57:55,665 - INFO - Epoch [3/6][100/133]	lr: 0.00049, eta: 0:44:25, time: 6.202, data_time: 0.072, transfer_time: 0.074, forward_time: 5.710, loss_parse_time: 0.000 memory: 11636, 
2022-06-03 13:57:55,665 - INFO - task : ['VEHICLE', 'PEDESTRIAN', 'CYCLIST'], loss: 2.1017, hm_loss: 0.0000, loc_loss: 0.6065, loc_loss_elem: ['0.1065', '0.0804', '0.0826', '0.0571', '0.0649', '0.0715', '0.0657', '0.0777'], num_positive: 177.0000, roi_reg_loss: 0.6728, roi_cls_loss: 0.2159

2022-06-03 13:58:26,717 - INFO - Epoch [3/6][105/133]	lr: 0.00049, eta: 0:43:54, time: 6.210, data_time: 0.063, transfer_time: 0.076, forward_time: 5.730, loss_parse_time: 0.000 memory: 11636, 
2022-06-03 13:58:26,717 - INFO - task : ['VEHICLE', 'PEDESTRIAN', 'CYCLIST'], loss: 2.0870, hm_loss: 0.0000, loc_loss: 0.5883, loc_loss_elem: ['0.1029', '0.0866', '0.0799', '0.0535', '0.0568', '0.0677', '0.0574', '0.0835'], num_positive: 206.4000, roi_reg_loss: 0.6728, roi_cls_loss: 0.2375

2022-06-03 13:58:57,921 - INFO - Epoch [3/6][110/133]	lr: 0.00048, eta: 0:43:24, time: 6.238, data_time: 0.071, transfer_time: 0.076, forward_time: 5.729, loss_parse_time: 0.000 memory: 11636, 
2022-06-03 13:58:57,922 - INFO - task : ['VEHICLE', 'PEDESTRIAN', 'CYCLIST'], loss: 1.9897, hm_loss: 0.0000, loc_loss: 0.5794, loc_loss_elem: ['0.1023', '0.0861', '0.0935', '0.0516', '0.0497', '0.0794', '0.0440', '0.0727'], num_positive: 123.0000, roi_reg_loss: 0.6942, roi_cls_loss: 0.1367

2022-06-03 13:59:28,973 - INFO - Epoch [3/6][115/133]	lr: 0.00048, eta: 0:42:53, time: 6.213, data_time: 0.068, transfer_time: 0.075, forward_time: 5.707, loss_parse_time: 0.000 memory: 11636, 
2022-06-03 13:59:28,973 - INFO - task : ['VEHICLE', 'PEDESTRIAN', 'CYCLIST'], loss: 2.1273, hm_loss: 0.0000, loc_loss: 0.6107, loc_loss_elem: ['0.0961', '0.0875', '0.0845', '0.0589', '0.0628', '0.0702', '0.0716', '0.0792'], num_positive: 200.0000, roi_reg_loss: 0.6749, roi_cls_loss: 0.2309

2022-06-03 13:59:59,994 - INFO - Epoch [3/6][120/133]	lr: 0.00048, eta: 0:42:22, time: 6.204, data_time: 0.072, transfer_time: 0.076, forward_time: 5.711, loss_parse_time: 0.000 memory: 11636, 
2022-06-03 13:59:59,995 - INFO - task : ['VEHICLE', 'PEDESTRIAN', 'CYCLIST'], loss: 2.0131, hm_loss: 0.0000, loc_loss: 0.5988, loc_loss_elem: ['0.1113', '0.0863', '0.0860', '0.0549', '0.0568', '0.0655', '0.0586', '0.0794'], num_positive: 154.6000, roi_reg_loss: 0.6565, roi_cls_loss: 0.1590

2022-06-03 14:00:30,883 - INFO - Epoch [3/6][125/133]	lr: 0.00047, eta: 0:41:52, time: 6.178, data_time: 0.072, transfer_time: 0.077, forward_time: 5.689, loss_parse_time: 0.000 memory: 11636, 
2022-06-03 14:00:30,883 - INFO - task : ['VEHICLE', 'PEDESTRIAN', 'CYCLIST'], loss: 2.0250, hm_loss: 0.0000, loc_loss: 0.5939, loc_loss_elem: ['0.1043', '0.0824', '0.0780', '0.0583', '0.0683', '0.0701', '0.0633', '0.0692'], num_positive: 165.0000, roi_reg_loss: 0.6637, roi_cls_loss: 0.1735

2022-06-03 14:01:01,765 - INFO - Epoch [3/6][130/133]	lr: 0.00047, eta: 0:41:21, time: 6.176, data_time: 0.076, transfer_time: 0.071, forward_time: 5.684, loss_parse_time: 0.000 memory: 11636, 
2022-06-03 14:01:01,766 - INFO - task : ['VEHICLE', 'PEDESTRIAN', 'CYCLIST'], loss: 2.0242, hm_loss: 0.0000, loc_loss: 0.5951, loc_loss_elem: ['0.1027', '0.0964', '0.1085', '0.0495', '0.0502', '0.0725', '0.0463', '0.0690'], num_positive: 130.0000, roi_reg_loss: 0.6859, roi_cls_loss: 0.1482

2022-06-03 14:01:57,192 - INFO - Epoch [4/6][5/133]	lr: 0.00046, eta: 0:40:19, time: 7.282, data_time: 1.080, transfer_time: 0.076, forward_time: 5.783, loss_parse_time: 0.000 memory: 11636, 
2022-06-03 14:01:57,192 - INFO - task : ['VEHICLE', 'PEDESTRIAN', 'CYCLIST'], loss: 2.0346, hm_loss: 0.0000, loc_loss: 0.5969, loc_loss_elem: ['0.1002', '0.0809', '0.0806', '0.0617', '0.0673', '0.0714', '0.0650', '0.0697'], num_positive: 158.4000, roi_reg_loss: 0.6637, roi_cls_loss: 0.1770

2022-06-03 14:02:28,392 - INFO - Epoch [4/6][10/133]	lr: 0.00046, eta: 0:39:49, time: 6.241, data_time: 0.075, transfer_time: 0.077, forward_time: 5.737, loss_parse_time: 0.000 memory: 11636, 
2022-06-03 14:02:28,393 - INFO - task : ['VEHICLE', 'PEDESTRIAN', 'CYCLIST'], loss: 2.0291, hm_loss: 0.0000, loc_loss: 0.5917, loc_loss_elem: ['0.0953', '0.0876', '0.0754', '0.0589', '0.0605', '0.0672', '0.0663', '0.0805'], num_positive: 197.4000, roi_reg_loss: 0.6475, roi_cls_loss: 0.1981

2022-06-03 14:02:59,558 - INFO - Epoch [4/6][15/133]	lr: 0.00045, eta: 0:39:18, time: 6.231, data_time: 0.063, transfer_time: 0.075, forward_time: 5.745, loss_parse_time: 0.000 memory: 11636, 
2022-06-03 14:02:59,558 - INFO - task : ['VEHICLE', 'PEDESTRIAN', 'CYCLIST'], loss: 2.1296, hm_loss: 0.0000, loc_loss: 0.6286, loc_loss_elem: ['0.1102', '0.0858', '0.0935', '0.0560', '0.0595', '0.0777', '0.0626', '0.0832'], num_positive: 138.0000, roi_reg_loss: 0.7056, roi_cls_loss: 0.1668

2022-06-03 14:03:30,517 - INFO - Epoch [4/6][20/133]	lr: 0.00045, eta: 0:38:48, time: 6.192, data_time: 0.063, transfer_time: 0.078, forward_time: 5.705, loss_parse_time: 0.000 memory: 11636, 
2022-06-03 14:03:30,518 - INFO - task : ['VEHICLE', 'PEDESTRIAN', 'CYCLIST'], loss: 2.0502, hm_loss: 0.0000, loc_loss: 0.5940, loc_loss_elem: ['0.1043', '0.0877', '0.0848', '0.0573', '0.0607', '0.0704', '0.0520', '0.0768'], num_positive: 156.4000, roi_reg_loss: 0.6772, roi_cls_loss: 0.1850

2022-06-03 14:04:01,535 - INFO - Epoch [4/6][25/133]	lr: 0.00044, eta: 0:38:17, time: 6.206, data_time: 0.072, transfer_time: 0.077, forward_time: 5.713, loss_parse_time: 0.000 memory: 11636, 
2022-06-03 14:04:01,535 - INFO - task : ['VEHICLE', 'PEDESTRIAN', 'CYCLIST'], loss: 2.0195, hm_loss: 0.0000, loc_loss: 0.5863, loc_loss_elem: ['0.1114', '0.0881', '0.0865', '0.0574', '0.0570', '0.0744', '0.0508', '0.0607'], num_positive: 171.0000, roi_reg_loss: 0.6442, roi_cls_loss: 0.2027

2022-06-03 14:04:32,909 - INFO - Epoch [4/6][30/133]	lr: 0.00044, eta: 0:37:47, time: 6.275, data_time: 0.073, transfer_time: 0.077, forward_time: 5.756, loss_parse_time: 0.000 memory: 11636, 
2022-06-03 14:04:32,909 - INFO - task : ['VEHICLE', 'PEDESTRIAN', 'CYCLIST'], loss: 2.0473, hm_loss: 0.0000, loc_loss: 0.6085, loc_loss_elem: ['0.1011', '0.0852', '0.0870', '0.0569', '0.0610', '0.0761', '0.0552', '0.0859'], num_positive: 139.4000, roi_reg_loss: 0.6628, roi_cls_loss: 0.1676

2022-06-03 14:05:04,205 - INFO - Epoch [4/6][35/133]	lr: 0.00043, eta: 0:37:17, time: 6.259, data_time: 0.064, transfer_time: 0.074, forward_time: 5.770, loss_parse_time: 0.000 memory: 11636, 
2022-06-03 14:05:04,205 - INFO - task : ['VEHICLE', 'PEDESTRIAN', 'CYCLIST'], loss: 2.1490, hm_loss: 0.0000, loc_loss: 0.6437, loc_loss_elem: ['0.0982', '0.0837', '0.0791', '0.0611', '0.0657', '0.0732', '0.0833', '0.0995'], num_positive: 176.8000, roi_reg_loss: 0.6590, roi_cls_loss: 0.2026

2022-06-03 14:05:35,226 - INFO - Epoch [4/6][40/133]	lr: 0.00043, eta: 0:36:46, time: 6.205, data_time: 0.065, transfer_time: 0.076, forward_time: 5.719, loss_parse_time: 0.000 memory: 11636, 
2022-06-03 14:05:35,226 - INFO - task : ['VEHICLE', 'PEDESTRIAN', 'CYCLIST'], loss: 2.0320, hm_loss: 0.0000, loc_loss: 0.6021, loc_loss_elem: ['0.0931', '0.0898', '0.0872', '0.0573', '0.0607', '0.0751', '0.0631', '0.0758'], num_positive: 152.0000, roi_reg_loss: 0.6646, roi_cls_loss: 0.1633

2022-06-03 14:06:06,486 - INFO - Epoch [4/6][45/133]	lr: 0.00042, eta: 0:36:16, time: 6.252, data_time: 0.069, transfer_time: 0.074, forward_time: 5.762, loss_parse_time: 0.000 memory: 11636, 
2022-06-03 14:06:06,486 - INFO - task : ['VEHICLE', 'PEDESTRIAN', 'CYCLIST'], loss: 1.9598, hm_loss: 0.0000, loc_loss: 0.5904, loc_loss_elem: ['0.1019', '0.0857', '0.0836', '0.0547', '0.0581', '0.0630', '0.0762', '0.0672'], num_positive: 150.6000, roi_reg_loss: 0.6247, roi_cls_loss: 0.1543

2022-06-03 14:06:37,509 - INFO - Epoch [4/6][50/133]	lr: 0.00042, eta: 0:35:46, time: 6.203, data_time: 0.075, transfer_time: 0.073, forward_time: 5.703, loss_parse_time: 0.000 memory: 11636, 
2022-06-03 14:06:37,510 - INFO - task : ['VEHICLE', 'PEDESTRIAN', 'CYCLIST'], loss: 2.0309, hm_loss: 0.0000, loc_loss: 0.5949, loc_loss_elem: ['0.1068', '0.0795', '0.0781', '0.0599', '0.0675', '0.0677', '0.0673', '0.0682'], num_positive: 178.8000, roi_reg_loss: 0.6380, roi_cls_loss: 0.2031

2022-06-03 14:07:08,377 - INFO - Epoch [4/6][55/133]	lr: 0.00041, eta: 0:35:15, time: 6.175, data_time: 0.066, transfer_time: 0.074, forward_time: 5.701, loss_parse_time: 0.000 memory: 11636, 
2022-06-03 14:07:08,378 - INFO - task : ['VEHICLE', 'PEDESTRIAN', 'CYCLIST'], loss: 2.0024, hm_loss: 0.0000, loc_loss: 0.6022, loc_loss_elem: ['0.1061', '0.0887', '0.0884', '0.0571', '0.0580', '0.0793', '0.0547', '0.0698'], num_positive: 144.0000, roi_reg_loss: 0.6391, roi_cls_loss: 0.1589

2022-06-03 14:07:39,298 - INFO - Epoch [4/6][60/133]	lr: 0.00040, eta: 0:34:44, time: 6.185, data_time: 0.077, transfer_time: 0.073, forward_time: 5.694, loss_parse_time: 0.000 memory: 11636, 
2022-06-03 14:07:39,298 - INFO - task : ['VEHICLE', 'PEDESTRIAN', 'CYCLIST'], loss: 2.0965, hm_loss: 0.0000, loc_loss: 0.6223, loc_loss_elem: ['0.0982', '0.0893', '0.0891', '0.0591', '0.0677', '0.0793', '0.0597', '0.0798'], num_positive: 146.6000, roi_reg_loss: 0.6746, roi_cls_loss: 0.1772

2022-06-03 14:08:10,475 - INFO - Epoch [4/6][65/133]	lr: 0.00040, eta: 0:34:14, time: 6.235, data_time: 0.069, transfer_time: 0.074, forward_time: 5.718, loss_parse_time: 0.000 memory: 11636, 
2022-06-03 14:08:10,475 - INFO - task : ['VEHICLE', 'PEDESTRIAN', 'CYCLIST'], loss: 2.1490, hm_loss: 0.0000, loc_loss: 0.6139, loc_loss_elem: ['0.0999', '0.0922', '0.0981', '0.0562', '0.0588', '0.0692', '0.0618', '0.0777'], num_positive: 194.2000, roi_reg_loss: 0.6949, roi_cls_loss: 0.2262

2022-06-03 14:08:41,667 - INFO - Epoch [4/6][70/133]	lr: 0.00039, eta: 0:33:43, time: 6.239, data_time: 0.069, transfer_time: 0.077, forward_time: 5.732, loss_parse_time: 0.000 memory: 11636, 
2022-06-03 14:08:41,667 - INFO - task : ['VEHICLE', 'PEDESTRIAN', 'CYCLIST'], loss: 1.9505, hm_loss: 0.0000, loc_loss: 0.5723, loc_loss_elem: ['0.1030', '0.0745', '0.0795', '0.0596', '0.0653', '0.0681', '0.0503', '0.0720'], num_positive: 153.6000, roi_reg_loss: 0.6336, roi_cls_loss: 0.1722

2022-06-03 14:09:12,735 - INFO - Epoch [4/6][75/133]	lr: 0.00038, eta: 0:33:13, time: 6.211, data_time: 0.074, transfer_time: 0.075, forward_time: 5.718, loss_parse_time: 0.000 memory: 11636, 
2022-06-03 14:09:12,735 - INFO - task : ['VEHICLE', 'PEDESTRIAN', 'CYCLIST'], loss: 1.9668, hm_loss: 0.0000, loc_loss: 0.5821, loc_loss_elem: ['0.1044', '0.0850', '0.0875', '0.0570', '0.0635', '0.0642', '0.0548', '0.0657'], num_positive: 156.2000, roi_reg_loss: 0.6291, roi_cls_loss: 0.1735

2022-06-03 14:09:43,765 - INFO - Epoch [4/6][80/133]	lr: 0.00038, eta: 0:32:42, time: 6.207, data_time: 0.067, transfer_time: 0.076, forward_time: 5.725, loss_parse_time: 0.000 memory: 11636, 
2022-06-03 14:09:43,765 - INFO - task : ['VEHICLE', 'PEDESTRIAN', 'CYCLIST'], loss: 1.9595, hm_loss: 0.0000, loc_loss: 0.5687, loc_loss_elem: ['0.1026', '0.0815', '0.0792', '0.0555', '0.0561', '0.0672', '0.0545', '0.0719'], num_positive: 184.8000, roi_reg_loss: 0.6307, roi_cls_loss: 0.1915

2022-06-03 14:10:14,747 - INFO - Epoch [4/6][85/133]	lr: 0.00037, eta: 0:32:12, time: 6.196, data_time: 0.069, transfer_time: 0.079, forward_time: 5.710, loss_parse_time: 0.000 memory: 11636, 
2022-06-03 14:10:14,748 - INFO - task : ['VEHICLE', 'PEDESTRIAN', 'CYCLIST'], loss: 2.0563, hm_loss: 0.0000, loc_loss: 0.6052, loc_loss_elem: ['0.1003', '0.0841', '0.0829', '0.0576', '0.0646', '0.0696', '0.0727', '0.0734'], num_positive: 181.0000, roi_reg_loss: 0.6472, roi_cls_loss: 0.1987

2022-06-03 14:10:45,812 - INFO - Epoch [4/6][90/133]	lr: 0.00036, eta: 0:31:41, time: 6.215, data_time: 0.075, transfer_time: 0.076, forward_time: 5.714, loss_parse_time: 0.000 memory: 11636, 
2022-06-03 14:10:45,812 - INFO - task : ['VEHICLE', 'PEDESTRIAN', 'CYCLIST'], loss: 1.8903, hm_loss: 0.0000, loc_loss: 0.5416, loc_loss_elem: ['0.0961', '0.0825', '0.0802', '0.0562', '0.0620', '0.0716', '0.0395', '0.0536'], num_positive: 169.2000, roi_reg_loss: 0.6268, roi_cls_loss: 0.1802

2022-06-03 14:11:16,774 - INFO - Epoch [4/6][95/133]	lr: 0.00035, eta: 0:31:10, time: 6.190, data_time: 0.064, transfer_time: 0.077, forward_time: 5.715, loss_parse_time: 0.000 memory: 11636, 
2022-06-03 14:11:16,774 - INFO - task : ['VEHICLE', 'PEDESTRIAN', 'CYCLIST'], loss: 2.0324, hm_loss: 0.0000, loc_loss: 0.5840, loc_loss_elem: ['0.1043', '0.0866', '0.0827', '0.0539', '0.0523', '0.0682', '0.0621', '0.0739'], num_positive: 185.8000, roi_reg_loss: 0.6558, roi_cls_loss: 0.2085

2022-06-03 14:11:47,702 - INFO - Epoch [4/6][100/133]	lr: 0.00035, eta: 0:30:40, time: 6.187, data_time: 0.068, transfer_time: 0.075, forward_time: 5.701, loss_parse_time: 0.000 memory: 11636, 
2022-06-03 14:11:47,702 - INFO - task : ['VEHICLE', 'PEDESTRIAN', 'CYCLIST'], loss: 2.0790, hm_loss: 0.0000, loc_loss: 0.6237, loc_loss_elem: ['0.0997', '0.0854', '0.1004', '0.0572', '0.0664', '0.0770', '0.0510', '0.0868'], num_positive: 133.2000, roi_reg_loss: 0.6807, roi_cls_loss: 0.1508

2022-06-03 14:12:18,438 - INFO - Epoch [4/6][105/133]	lr: 0.00034, eta: 0:30:09, time: 6.148, data_time: 0.072, transfer_time: 0.074, forward_time: 5.680, loss_parse_time: 0.000 memory: 11636, 
2022-06-03 14:12:18,439 - INFO - task : ['VEHICLE', 'PEDESTRIAN', 'CYCLIST'], loss: 1.9846, hm_loss: 0.0000, loc_loss: 0.5744, loc_loss_elem: ['0.1024', '0.0824', '0.0788', '0.0561', '0.0613', '0.0690', '0.0575', '0.0670'], num_positive: 205.8000, roi_reg_loss: 0.6132, roi_cls_loss: 0.2226

2022-06-03 14:12:49,551 - INFO - Epoch [4/6][110/133]	lr: 0.00033, eta: 0:29:38, time: 6.223, data_time: 0.063, transfer_time: 0.074, forward_time: 5.733, loss_parse_time: 0.000 memory: 11636, 
2022-06-03 14:12:49,551 - INFO - task : ['VEHICLE', 'PEDESTRIAN', 'CYCLIST'], loss: 1.9723, hm_loss: 0.0000, loc_loss: 0.5851, loc_loss_elem: ['0.0952', '0.0821', '0.0891', '0.0566', '0.0623', '0.0686', '0.0636', '0.0677'], num_positive: 193.2000, roi_reg_loss: 0.6075, roi_cls_loss: 0.1945

2022-06-03 14:13:21,050 - INFO - Epoch [4/6][115/133]	lr: 0.00032, eta: 0:29:08, time: 6.298, data_time: 0.076, transfer_time: 0.075, forward_time: 5.773, loss_parse_time: 0.000 memory: 11636, 
2022-06-03 14:13:21,050 - INFO - task : ['VEHICLE', 'PEDESTRIAN', 'CYCLIST'], loss: 2.1072, hm_loss: 0.0000, loc_loss: 0.6225, loc_loss_elem: ['0.1008', '0.0845', '0.0881', '0.0566', '0.0659', '0.0691', '0.0752', '0.0822'], num_positive: 189.4000, roi_reg_loss: 0.6566, roi_cls_loss: 0.2056

2022-06-03 14:13:52,068 - INFO - Epoch [4/6][120/133]	lr: 0.00032, eta: 0:28:37, time: 6.206, data_time: 0.074, transfer_time: 0.077, forward_time: 5.702, loss_parse_time: 0.000 memory: 11636, 
2022-06-03 14:13:52,068 - INFO - task : ['VEHICLE', 'PEDESTRIAN', 'CYCLIST'], loss: 1.9236, hm_loss: 0.0000, loc_loss: 0.5753, loc_loss_elem: ['0.1041', '0.0797', '0.0801', '0.0597', '0.0716', '0.0691', '0.0504', '0.0605'], num_positive: 139.6000, roi_reg_loss: 0.6286, roi_cls_loss: 0.1444

2022-06-03 14:14:23,202 - INFO - Epoch [4/6][125/133]	lr: 0.00031, eta: 0:28:07, time: 6.227, data_time: 0.066, transfer_time: 0.073, forward_time: 5.726, loss_parse_time: 0.000 memory: 11636, 
2022-06-03 14:14:23,203 - INFO - task : ['VEHICLE', 'PEDESTRIAN', 'CYCLIST'], loss: 1.9729, hm_loss: 0.0000, loc_loss: 0.5879, loc_loss_elem: ['0.0972', '0.0870', '0.0872', '0.0566', '0.0606', '0.0684', '0.0490', '0.0819'], num_positive: 172.0000, roi_reg_loss: 0.6125, roi_cls_loss: 0.1847

2022-06-03 14:14:53,930 - INFO - Epoch [4/6][130/133]	lr: 0.00030, eta: 0:27:36, time: 6.146, data_time: 0.067, transfer_time: 0.074, forward_time: 5.677, loss_parse_time: 0.000 memory: 11636, 
2022-06-03 14:14:53,930 - INFO - task : ['VEHICLE', 'PEDESTRIAN', 'CYCLIST'], loss: 2.0171, hm_loss: 0.0000, loc_loss: 0.5849, loc_loss_elem: ['0.0972', '0.0842', '0.0844', '0.0581', '0.0625', '0.0723', '0.0524', '0.0738'], num_positive: 196.4000, roi_reg_loss: 0.6339, roi_cls_loss: 0.2134

2022-06-03 14:15:49,637 - INFO - Epoch [5/6][5/133]	lr: 0.00029, eta: 0:26:41, time: 7.330, data_time: 1.104, transfer_time: 0.083, forward_time: 5.788, loss_parse_time: 0.000 memory: 11636, 
2022-06-03 14:15:49,637 - INFO - task : ['VEHICLE', 'PEDESTRIAN', 'CYCLIST'], loss: 1.9710, hm_loss: 0.0000, loc_loss: 0.5870, loc_loss_elem: ['0.1000', '0.0847', '0.0791', '0.0630', '0.0669', '0.0694', '0.0573', '0.0666'], num_positive: 169.2000, roi_reg_loss: 0.6103, roi_cls_loss: 0.1868

2022-06-03 14:16:20,673 - INFO - Epoch [5/6][10/133]	lr: 0.00028, eta: 0:26:10, time: 6.209, data_time: 0.076, transfer_time: 0.075, forward_time: 5.708, loss_parse_time: 0.000 memory: 11636, 
2022-06-03 14:16:20,674 - INFO - task : ['VEHICLE', 'PEDESTRIAN', 'CYCLIST'], loss: 2.0147, hm_loss: 0.0000, loc_loss: 0.6250, loc_loss_elem: ['0.1054', '0.0850', '0.0803', '0.0598', '0.0708', '0.0782', '0.0663', '0.0792'], num_positive: 124.6000, roi_reg_loss: 0.6181, roi_cls_loss: 0.1466

2022-06-03 14:16:51,731 - INFO - Epoch [5/6][15/133]	lr: 0.00027, eta: 0:25:40, time: 6.211, data_time: 0.068, transfer_time: 0.075, forward_time: 5.729, loss_parse_time: 0.000 memory: 11636, 
2022-06-03 14:16:51,731 - INFO - task : ['VEHICLE', 'PEDESTRIAN', 'CYCLIST'], loss: 2.1679, hm_loss: 0.0000, loc_loss: 0.6715, loc_loss_elem: ['0.1065', '0.0899', '0.1170', '0.0571', '0.0577', '0.0741', '0.0792', '0.0900'], num_positive: 147.4000, roi_reg_loss: 0.6413, roi_cls_loss: 0.1836

2022-06-03 14:17:22,789 - INFO - Epoch [5/6][20/133]	lr: 0.00026, eta: 0:25:09, time: 6.212, data_time: 0.068, transfer_time: 0.075, forward_time: 5.723, loss_parse_time: 0.000 memory: 11636, 
2022-06-03 14:17:22,790 - INFO - task : ['VEHICLE', 'PEDESTRIAN', 'CYCLIST'], loss: 2.0472, hm_loss: 0.0000, loc_loss: 0.6027, loc_loss_elem: ['0.0970', '0.0893', '0.0917', '0.0565', '0.0562', '0.0735', '0.0622', '0.0764'], num_positive: 203.8000, roi_reg_loss: 0.6179, roi_cls_loss: 0.2240

2022-06-03 14:17:53,932 - INFO - Epoch [5/6][25/133]	lr: 0.00025, eta: 0:24:39, time: 6.229, data_time: 0.062, transfer_time: 0.077, forward_time: 5.733, loss_parse_time: 0.000 memory: 11636, 
2022-06-03 14:17:53,932 - INFO - task : ['VEHICLE', 'PEDESTRIAN', 'CYCLIST'], loss: 1.9241, hm_loss: 0.0000, loc_loss: 0.5736, loc_loss_elem: ['0.1044', '0.0830', '0.0842', '0.0541', '0.0574', '0.0723', '0.0506', '0.0676'], num_positive: 171.8000, roi_reg_loss: 0.5997, roi_cls_loss: 0.1773

2022-06-03 14:18:24,894 - INFO - Epoch [5/6][30/133]	lr: 0.00025, eta: 0:24:08, time: 6.192, data_time: 0.068, transfer_time: 0.075, forward_time: 5.703, loss_parse_time: 0.000 memory: 11636, 
2022-06-03 14:18:24,894 - INFO - task : ['VEHICLE', 'PEDESTRIAN', 'CYCLIST'], loss: 1.9466, hm_loss: 0.0000, loc_loss: 0.5764, loc_loss_elem: ['0.0933', '0.0812', '0.0804', '0.0629', '0.0665', '0.0626', '0.0626', '0.0667'], num_positive: 203.8000, roi_reg_loss: 0.5998, roi_cls_loss: 0.1941

2022-06-03 14:18:56,072 - INFO - Epoch [5/6][35/133]	lr: 0.00024, eta: 0:23:37, time: 6.236, data_time: 0.066, transfer_time: 0.074, forward_time: 5.732, loss_parse_time: 0.000 memory: 11636, 
2022-06-03 14:18:56,072 - INFO - task : ['VEHICLE', 'PEDESTRIAN', 'CYCLIST'], loss: 1.9808, hm_loss: 0.0000, loc_loss: 0.5984, loc_loss_elem: ['0.1099', '0.0847', '0.0981', '0.0547', '0.0594', '0.0774', '0.0518', '0.0623'], num_positive: 160.0000, roi_reg_loss: 0.6060, roi_cls_loss: 0.1781

2022-06-03 14:19:27,103 - INFO - Epoch [5/6][40/133]	lr: 0.00023, eta: 0:23:07, time: 6.206, data_time: 0.069, transfer_time: 0.074, forward_time: 5.716, loss_parse_time: 0.000 memory: 11636, 
2022-06-03 14:19:27,104 - INFO - task : ['VEHICLE', 'PEDESTRIAN', 'CYCLIST'], loss: 1.9474, hm_loss: 0.0000, loc_loss: 0.5772, loc_loss_elem: ['0.0966', '0.0806', '0.0808', '0.0546', '0.0559', '0.0656', '0.0630', '0.0802'], num_positive: 181.6000, roi_reg_loss: 0.6024, roi_cls_loss: 0.1905

2022-06-03 14:19:58,332 - INFO - Epoch [5/6][45/133]	lr: 0.00022, eta: 0:22:36, time: 6.246, data_time: 0.067, transfer_time: 0.075, forward_time: 5.737, loss_parse_time: 0.000 memory: 11742, 
2022-06-03 14:19:58,333 - INFO - task : ['VEHICLE', 'PEDESTRIAN', 'CYCLIST'], loss: 2.1030, hm_loss: 0.0000, loc_loss: 0.6310, loc_loss_elem: ['0.1047', '0.0915', '0.0878', '0.0606', '0.0653', '0.0720', '0.0695', '0.0797'], num_positive: 164.8000, roi_reg_loss: 0.6558, roi_cls_loss: 0.1852

2022-06-03 14:20:29,323 - INFO - Epoch [5/6][50/133]	lr: 0.00021, eta: 0:22:06, time: 6.198, data_time: 0.065, transfer_time: 0.077, forward_time: 5.714, loss_parse_time: 0.000 memory: 11742, 
2022-06-03 14:20:29,323 - INFO - task : ['VEHICLE', 'PEDESTRIAN', 'CYCLIST'], loss: 2.0869, hm_loss: 0.0000, loc_loss: 0.6432, loc_loss_elem: ['0.1057', '0.0926', '0.0973', '0.0615', '0.0639', '0.0776', '0.0620', '0.0826'], num_positive: 116.0000, roi_reg_loss: 0.6360, roi_cls_loss: 0.1646

2022-06-03 14:21:00,512 - INFO - Epoch [5/6][55/133]	lr: 0.00021, eta: 0:21:35, time: 6.235, data_time: 0.068, transfer_time: 0.073, forward_time: 5.749, loss_parse_time: 0.000 memory: 11742, 
2022-06-03 14:21:00,512 - INFO - task : ['VEHICLE', 'PEDESTRIAN', 'CYCLIST'], loss: 2.0374, hm_loss: 0.0000, loc_loss: 0.6054, loc_loss_elem: ['0.1037', '0.0896', '0.0818', '0.0555', '0.0559', '0.0702', '0.0573', '0.0914'], num_positive: 186.4000, roi_reg_loss: 0.6233, roi_cls_loss: 0.2033

2022-06-03 14:21:31,657 - INFO - Epoch [5/6][60/133]	lr: 0.00020, eta: 0:21:05, time: 6.231, data_time: 0.068, transfer_time: 0.075, forward_time: 5.738, loss_parse_time: 0.000 memory: 11742, 
2022-06-03 14:21:31,657 - INFO - task : ['VEHICLE', 'PEDESTRIAN', 'CYCLIST'], loss: 2.0396, hm_loss: 0.0000, loc_loss: 0.6141, loc_loss_elem: ['0.1137', '0.0882', '0.0900', '0.0535', '0.0574', '0.0738', '0.0641', '0.0735'], num_positive: 130.4000, roi_reg_loss: 0.6499, roi_cls_loss: 0.1615

2022-06-03 14:22:02,561 - INFO - Epoch [5/6][65/133]	lr: 0.00019, eta: 0:20:34, time: 6.181, data_time: 0.063, transfer_time: 0.076, forward_time: 5.702, loss_parse_time: 0.000 memory: 11742, 
2022-06-03 14:22:02,562 - INFO - task : ['VEHICLE', 'PEDESTRIAN', 'CYCLIST'], loss: 1.8500, hm_loss: 0.0000, loc_loss: 0.5499, loc_loss_elem: ['0.0978', '0.0793', '0.0729', '0.0567', '0.0583', '0.0693', '0.0480', '0.0676'], num_positive: 198.4000, roi_reg_loss: 0.5600, roi_cls_loss: 0.1903

2022-06-03 14:22:33,608 - INFO - Epoch [5/6][70/133]	lr: 0.00018, eta: 0:20:04, time: 6.207, data_time: 0.068, transfer_time: 0.076, forward_time: 5.719, loss_parse_time: 0.000 memory: 11742, 
2022-06-03 14:22:33,608 - INFO - task : ['VEHICLE', 'PEDESTRIAN', 'CYCLIST'], loss: 1.9724, hm_loss: 0.0000, loc_loss: 0.6088, loc_loss_elem: ['0.1017', '0.0885', '0.0800', '0.0548', '0.0607', '0.0775', '0.0546', '0.0910'], num_positive: 139.8000, roi_reg_loss: 0.5990, roi_cls_loss: 0.1559

2022-06-03 14:23:04,666 - INFO - Epoch [5/6][75/133]	lr: 0.00017, eta: 0:19:33, time: 6.211, data_time: 0.076, transfer_time: 0.074, forward_time: 5.716, loss_parse_time: 0.000 memory: 11742, 
2022-06-03 14:23:04,666 - INFO - task : ['VEHICLE', 'PEDESTRIAN', 'CYCLIST'], loss: 1.9147, hm_loss: 0.0000, loc_loss: 0.5630, loc_loss_elem: ['0.0990', '0.0870', '0.0795', '0.0557', '0.0585', '0.0686', '0.0453', '0.0693'], num_positive: 177.4000, roi_reg_loss: 0.6029, roi_cls_loss: 0.1858

2022-06-03 14:23:35,725 - INFO - Epoch [5/6][80/133]	lr: 0.00017, eta: 0:19:02, time: 6.214, data_time: 0.071, transfer_time: 0.077, forward_time: 5.716, loss_parse_time: 0.000 memory: 11742, 
2022-06-03 14:23:35,725 - INFO - task : ['VEHICLE', 'PEDESTRIAN', 'CYCLIST'], loss: 1.8551, hm_loss: 0.0000, loc_loss: 0.5471, loc_loss_elem: ['0.1012', '0.0751', '0.0774', '0.0600', '0.0635', '0.0678', '0.0421', '0.0600'], num_positive: 170.8000, roi_reg_loss: 0.5746, roi_cls_loss: 0.1863

2022-06-03 14:24:06,910 - INFO - Epoch [5/6][85/133]	lr: 0.00016, eta: 0:18:32, time: 6.237, data_time: 0.073, transfer_time: 0.076, forward_time: 5.717, loss_parse_time: 0.000 memory: 11742, 
2022-06-03 14:24:06,910 - INFO - task : ['VEHICLE', 'PEDESTRIAN', 'CYCLIST'], loss: 1.9494, hm_loss: 0.0000, loc_loss: 0.5837, loc_loss_elem: ['0.1076', '0.0824', '0.0796', '0.0572', '0.0634', '0.0730', '0.0482', '0.0723'], num_positive: 152.8000, roi_reg_loss: 0.6268, roi_cls_loss: 0.1552

2022-06-03 14:24:38,185 - INFO - Epoch [5/6][90/133]	lr: 0.00015, eta: 0:18:01, time: 6.255, data_time: 0.071, transfer_time: 0.076, forward_time: 5.735, loss_parse_time: 0.000 memory: 11854, 
2022-06-03 14:24:38,186 - INFO - task : ['VEHICLE', 'PEDESTRIAN', 'CYCLIST'], loss: 1.8654, hm_loss: 0.0000, loc_loss: 0.5553, loc_loss_elem: ['0.1008', '0.0753', '0.0800', '0.0518', '0.0582', '0.0613', '0.0542', '0.0738'], num_positive: 132.6000, roi_reg_loss: 0.6111, roi_cls_loss: 0.1436

2022-06-03 14:25:08,996 - INFO - Epoch [5/6][95/133]	lr: 0.00014, eta: 0:17:30, time: 6.162, data_time: 0.060, transfer_time: 0.075, forward_time: 5.704, loss_parse_time: 0.000 memory: 11854, 
2022-06-03 14:25:08,996 - INFO - task : ['VEHICLE', 'PEDESTRIAN', 'CYCLIST'], loss: 1.9101, hm_loss: 0.0000, loc_loss: 0.5700, loc_loss_elem: ['0.1056', '0.0861', '0.0928', '0.0530', '0.0547', '0.0723', '0.0469', '0.0586'], num_positive: 166.2000, roi_reg_loss: 0.5943, roi_cls_loss: 0.1759

2022-06-03 14:25:40,025 - INFO - Epoch [5/6][100/133]	lr: 0.00014, eta: 0:17:00, time: 6.206, data_time: 0.068, transfer_time: 0.077, forward_time: 5.709, loss_parse_time: 0.000 memory: 11854, 
2022-06-03 14:25:40,025 - INFO - task : ['VEHICLE', 'PEDESTRIAN', 'CYCLIST'], loss: 1.9410, hm_loss: 0.0000, loc_loss: 0.5849, loc_loss_elem: ['0.1016', '0.0805', '0.0846', '0.0599', '0.0615', '0.0665', '0.0595', '0.0706'], num_positive: 168.0000, roi_reg_loss: 0.6076, roi_cls_loss: 0.1637

2022-06-03 14:26:11,136 - INFO - Epoch [5/6][105/133]	lr: 0.00013, eta: 0:16:29, time: 6.222, data_time: 0.067, transfer_time: 0.077, forward_time: 5.728, loss_parse_time: 0.000 memory: 11854, 
2022-06-03 14:26:11,136 - INFO - task : ['VEHICLE', 'PEDESTRIAN', 'CYCLIST'], loss: 2.1929, hm_loss: 0.0000, loc_loss: 0.6681, loc_loss_elem: ['0.1105', '0.1043', '0.1132', '0.0558', '0.0560', '0.0828', '0.0671', '0.0783'], num_positive: 152.0000, roi_reg_loss: 0.6658, roi_cls_loss: 0.1910

2022-06-03 14:26:42,190 - INFO - Epoch [5/6][110/133]	lr: 0.00012, eta: 0:15:58, time: 6.211, data_time: 0.068, transfer_time: 0.074, forward_time: 5.718, loss_parse_time: 0.000 memory: 11854, 
2022-06-03 14:26:42,190 - INFO - task : ['VEHICLE', 'PEDESTRIAN', 'CYCLIST'], loss: 1.9138, hm_loss: 0.0000, loc_loss: 0.5631, loc_loss_elem: ['0.1030', '0.0826', '0.0805', '0.0568', '0.0579', '0.0663', '0.0542', '0.0619'], num_positive: 210.8000, roi_reg_loss: 0.5867, roi_cls_loss: 0.2010

2022-06-03 14:27:13,222 - INFO - Epoch [5/6][115/133]	lr: 0.00011, eta: 0:15:28, time: 6.204, data_time: 0.064, transfer_time: 0.075, forward_time: 5.715, loss_parse_time: 0.000 memory: 11854, 
2022-06-03 14:27:13,222 - INFO - task : ['VEHICLE', 'PEDESTRIAN', 'CYCLIST'], loss: 1.9976, hm_loss: 0.0000, loc_loss: 0.6096, loc_loss_elem: ['0.1069', '0.0844', '0.0739', '0.0559', '0.0617', '0.0694', '0.0599', '0.0974'], num_positive: 179.4000, roi_reg_loss: 0.5887, roi_cls_loss: 0.1898

2022-06-03 14:27:44,066 - INFO - Epoch [5/6][120/133]	lr: 0.00011, eta: 0:14:57, time: 6.171, data_time: 0.068, transfer_time: 0.076, forward_time: 5.695, loss_parse_time: 0.000 memory: 11854, 
2022-06-03 14:27:44,067 - INFO - task : ['VEHICLE', 'PEDESTRIAN', 'CYCLIST'], loss: 1.8966, hm_loss: 0.0000, loc_loss: 0.5623, loc_loss_elem: ['0.1039', '0.0818', '0.0809', '0.0541', '0.0588', '0.0637', '0.0568', '0.0624'], num_positive: 197.8000, roi_reg_loss: 0.5720, roi_cls_loss: 0.2000

2022-06-03 14:28:15,136 - INFO - Epoch [5/6][125/133]	lr: 0.00010, eta: 0:14:26, time: 6.214, data_time: 0.069, transfer_time: 0.074, forward_time: 5.711, loss_parse_time: 0.000 memory: 11854, 
2022-06-03 14:28:15,136 - INFO - task : ['VEHICLE', 'PEDESTRIAN', 'CYCLIST'], loss: 2.0825, hm_loss: 0.0000, loc_loss: 0.6358, loc_loss_elem: ['0.0965', '0.0843', '0.0866', '0.0626', '0.0635', '0.0713', '0.0788', '0.0922'], num_positive: 174.2000, roi_reg_loss: 0.6318, roi_cls_loss: 0.1790

2022-06-03 14:28:45,957 - INFO - Epoch [5/6][130/133]	lr: 0.00009, eta: 0:13:56, time: 6.164, data_time: 0.064, transfer_time: 0.075, forward_time: 5.687, loss_parse_time: 0.000 memory: 11854, 
2022-06-03 14:28:45,958 - INFO - task : ['VEHICLE', 'PEDESTRIAN', 'CYCLIST'], loss: 1.9920, hm_loss: 0.0000, loc_loss: 0.6009, loc_loss_elem: ['0.1107', '0.0851', '0.0934', '0.0568', '0.0550', '0.0711', '0.0669', '0.0620'], num_positive: 176.4000, roi_reg_loss: 0.6148, roi_cls_loss: 0.1752

2022-06-03 14:29:41,381 - INFO - Epoch [6/6][5/133]	lr: 0.00008, eta: 0:13:04, time: 7.279, data_time: 1.086, transfer_time: 0.080, forward_time: 5.763, loss_parse_time: 0.000 memory: 11854, 
2022-06-03 14:29:41,382 - INFO - task : ['VEHICLE', 'PEDESTRIAN', 'CYCLIST'], loss: 1.9616, hm_loss: 0.0000, loc_loss: 0.5905, loc_loss_elem: ['0.1081', '0.0931', '0.0863', '0.0539', '0.0513', '0.0781', '0.0558', '0.0639'], num_positive: 150.6000, roi_reg_loss: 0.6258, roi_cls_loss: 0.1549

2022-06-03 14:30:12,457 - INFO - Epoch [6/6][10/133]	lr: 0.00008, eta: 0:12:34, time: 6.213, data_time: 0.072, transfer_time: 0.074, forward_time: 5.718, loss_parse_time: 0.000 memory: 11854, 
2022-06-03 14:30:12,457 - INFO - task : ['VEHICLE', 'PEDESTRIAN', 'CYCLIST'], loss: 1.8777, hm_loss: 0.0000, loc_loss: 0.5632, loc_loss_elem: ['0.1009', '0.0812', '0.0803', '0.0552', '0.0559', '0.0662', '0.0506', '0.0729'], num_positive: 163.2000, roi_reg_loss: 0.5888, roi_cls_loss: 0.1625

2022-06-03 14:30:43,669 - INFO - Epoch [6/6][15/133]	lr: 0.00007, eta: 0:12:03, time: 6.244, data_time: 0.072, transfer_time: 0.079, forward_time: 5.732, loss_parse_time: 0.000 memory: 11854, 
2022-06-03 14:30:43,669 - INFO - task : ['VEHICLE', 'PEDESTRIAN', 'CYCLIST'], loss: 1.9494, hm_loss: 0.0000, loc_loss: 0.6065, loc_loss_elem: ['0.1023', '0.0906', '0.0846', '0.0593', '0.0625', '0.0774', '0.0599', '0.0699'], num_positive: 135.0000, roi_reg_loss: 0.5853, roi_cls_loss: 0.1511

2022-06-03 14:31:14,862 - INFO - Epoch [6/6][20/133]	lr: 0.00007, eta: 0:11:32, time: 6.237, data_time: 0.067, transfer_time: 0.079, forward_time: 5.730, loss_parse_time: 0.000 memory: 11854, 
2022-06-03 14:31:14,863 - INFO - task : ['VEHICLE', 'PEDESTRIAN', 'CYCLIST'], loss: 1.9766, hm_loss: 0.0000, loc_loss: 0.5983, loc_loss_elem: ['0.1073', '0.0892', '0.0948', '0.0569', '0.0623', '0.0775', '0.0493', '0.0610'], num_positive: 149.8000, roi_reg_loss: 0.6204, roi_cls_loss: 0.1596

2022-06-03 14:31:46,306 - INFO - Epoch [6/6][25/133]	lr: 0.00006, eta: 0:11:02, time: 6.291, data_time: 0.076, transfer_time: 0.077, forward_time: 5.757, loss_parse_time: 0.000 memory: 11854, 
2022-06-03 14:31:46,307 - INFO - task : ['VEHICLE', 'PEDESTRIAN', 'CYCLIST'], loss: 2.0198, hm_loss: 0.0000, loc_loss: 0.6285, loc_loss_elem: ['0.1081', '0.0888', '0.0850', '0.0570', '0.0592', '0.0689', '0.0695', '0.0920'], num_positive: 132.2000, roi_reg_loss: 0.6168, roi_cls_loss: 0.1462

2022-06-03 14:32:17,473 - INFO - Epoch [6/6][30/133]	lr: 0.00006, eta: 0:10:31, time: 6.234, data_time: 0.067, transfer_time: 0.075, forward_time: 5.731, loss_parse_time: 0.000 memory: 11854, 
2022-06-03 14:32:17,474 - INFO - task : ['VEHICLE', 'PEDESTRIAN', 'CYCLIST'], loss: 2.0486, hm_loss: 0.0000, loc_loss: 0.6177, loc_loss_elem: ['0.1014', '0.0925', '0.0989', '0.0517', '0.0506', '0.0788', '0.0615', '0.0821'], num_positive: 166.4000, roi_reg_loss: 0.6333, roi_cls_loss: 0.1800

2022-06-03 14:32:48,396 - INFO - Epoch [6/6][35/133]	lr: 0.00005, eta: 0:10:01, time: 6.184, data_time: 0.068, transfer_time: 0.071, forward_time: 5.699, loss_parse_time: 0.000 memory: 11854, 
2022-06-03 14:32:48,396 - INFO - task : ['VEHICLE', 'PEDESTRIAN', 'CYCLIST'], loss: 1.9205, hm_loss: 0.0000, loc_loss: 0.5889, loc_loss_elem: ['0.0959', '0.0812', '0.0935', '0.0586', '0.0642', '0.0650', '0.0575', '0.0730'], num_positive: 175.2000, roi_reg_loss: 0.5631, roi_cls_loss: 0.1796

2022-06-03 14:33:19,284 - INFO - Epoch [6/6][40/133]	lr: 0.00005, eta: 0:09:30, time: 6.178, data_time: 0.065, transfer_time: 0.075, forward_time: 5.710, loss_parse_time: 0.000 memory: 11854, 
2022-06-03 14:33:19,284 - INFO - task : ['VEHICLE', 'PEDESTRIAN', 'CYCLIST'], loss: 2.0740, hm_loss: 0.0000, loc_loss: 0.6274, loc_loss_elem: ['0.1000', '0.0918', '0.0961', '0.0582', '0.0629', '0.0742', '0.0593', '0.0849'], num_positive: 195.0000, roi_reg_loss: 0.5961, roi_cls_loss: 0.2230

2022-06-03 14:33:50,359 - INFO - Epoch [6/6][45/133]	lr: 0.00004, eta: 0:08:59, time: 6.213, data_time: 0.066, transfer_time: 0.076, forward_time: 5.731, loss_parse_time: 0.000 memory: 11854, 
2022-06-03 14:33:50,360 - INFO - task : ['VEHICLE', 'PEDESTRIAN', 'CYCLIST'], loss: 1.8303, hm_loss: 0.0000, loc_loss: 0.5527, loc_loss_elem: ['0.1018', '0.0812', '0.0794', '0.0565', '0.0576', '0.0684', '0.0453', '0.0624'], num_positive: 156.8000, roi_reg_loss: 0.5564, roi_cls_loss: 0.1685

2022-06-03 14:34:21,574 - INFO - Epoch [6/6][50/133]	lr: 0.00004, eta: 0:08:29, time: 6.244, data_time: 0.066, transfer_time: 0.075, forward_time: 5.772, loss_parse_time: 0.000 memory: 11854, 
2022-06-03 14:34:21,575 - INFO - task : ['VEHICLE', 'PEDESTRIAN', 'CYCLIST'], loss: 1.8944, hm_loss: 0.0000, loc_loss: 0.5674, loc_loss_elem: ['0.1017', '0.0822', '0.0813', '0.0560', '0.0565', '0.0696', '0.0529', '0.0673'], num_positive: 171.2000, roi_reg_loss: 0.5960, roi_cls_loss: 0.1637

2022-06-03 14:34:52,659 - INFO - Epoch [6/6][55/133]	lr: 0.00003, eta: 0:07:58, time: 6.218, data_time: 0.070, transfer_time: 0.076, forward_time: 5.730, loss_parse_time: 0.000 memory: 11854, 
2022-06-03 14:34:52,659 - INFO - task : ['VEHICLE', 'PEDESTRIAN', 'CYCLIST'], loss: 2.0102, hm_loss: 0.0000, loc_loss: 0.6087, loc_loss_elem: ['0.1050', '0.0881', '0.0962', '0.0534', '0.0569', '0.0740', '0.0560', '0.0791'], num_positive: 154.8000, roi_reg_loss: 0.6142, roi_cls_loss: 0.1787

2022-06-03 14:35:23,652 - INFO - Epoch [6/6][60/133]	lr: 0.00003, eta: 0:07:27, time: 6.196, data_time: 0.068, transfer_time: 0.076, forward_time: 5.705, loss_parse_time: 0.000 memory: 11854, 
2022-06-03 14:35:23,652 - INFO - task : ['VEHICLE', 'PEDESTRIAN', 'CYCLIST'], loss: 2.0088, hm_loss: 0.0000, loc_loss: 0.5990, loc_loss_elem: ['0.1088', '0.0889', '0.0930', '0.0536', '0.0536', '0.0775', '0.0504', '0.0733'], num_positive: 159.8000, roi_reg_loss: 0.6290, roi_cls_loss: 0.1818

2022-06-03 14:35:54,959 - INFO - Epoch [6/6][65/133]	lr: 0.00003, eta: 0:06:57, time: 6.262, data_time: 0.071, transfer_time: 0.074, forward_time: 5.755, loss_parse_time: 0.000 memory: 11854, 
2022-06-03 14:35:54,959 - INFO - task : ['VEHICLE', 'PEDESTRIAN', 'CYCLIST'], loss: 1.9307, hm_loss: 0.0000, loc_loss: 0.5824, loc_loss_elem: ['0.1079', '0.0831', '0.0811', '0.0581', '0.0638', '0.0632', '0.0512', '0.0739'], num_positive: 191.8000, roi_reg_loss: 0.5753, roi_cls_loss: 0.1907

2022-06-03 14:36:25,907 - INFO - Epoch [6/6][70/133]	lr: 0.00002, eta: 0:06:26, time: 6.189, data_time: 0.065, transfer_time: 0.075, forward_time: 5.708, loss_parse_time: 0.000 memory: 11854, 
2022-06-03 14:36:25,907 - INFO - task : ['VEHICLE', 'PEDESTRIAN', 'CYCLIST'], loss: 1.9903, hm_loss: 0.0000, loc_loss: 0.5936, loc_loss_elem: ['0.1061', '0.0889', '0.0852', '0.0583', '0.0596', '0.0677', '0.0463', '0.0814'], num_positive: 155.8000, roi_reg_loss: 0.6048, roi_cls_loss: 0.1984

2022-06-03 14:36:56,792 - INFO - Epoch [6/6][75/133]	lr: 0.00002, eta: 0:05:56, time: 6.179, data_time: 0.070, transfer_time: 0.075, forward_time: 5.696, loss_parse_time: 0.000 memory: 11854, 
2022-06-03 14:36:56,793 - INFO - task : ['VEHICLE', 'PEDESTRIAN', 'CYCLIST'], loss: 1.8730, hm_loss: 0.0000, loc_loss: 0.5696, loc_loss_elem: ['0.1024', '0.0784', '0.0742', '0.0604', '0.0674', '0.0677', '0.0582', '0.0608'], num_positive: 158.6000, roi_reg_loss: 0.5570, roi_cls_loss: 0.1769

2022-06-03 14:37:27,754 - INFO - Epoch [6/6][80/133]	lr: 0.00002, eta: 0:05:25, time: 6.190, data_time: 0.073, transfer_time: 0.072, forward_time: 5.696, loss_parse_time: 0.000 memory: 11854, 
2022-06-03 14:37:27,754 - INFO - task : ['VEHICLE', 'PEDESTRIAN', 'CYCLIST'], loss: 1.9631, hm_loss: 0.0000, loc_loss: 0.5954, loc_loss_elem: ['0.1100', '0.0902', '0.0909', '0.0516', '0.0552', '0.0769', '0.0478', '0.0728'], num_positive: 148.6000, roi_reg_loss: 0.5816, roi_cls_loss: 0.1907

2022-06-03 14:37:58,735 - INFO - Epoch [6/6][85/133]	lr: 0.00001, eta: 0:04:54, time: 6.198, data_time: 0.071, transfer_time: 0.074, forward_time: 5.715, loss_parse_time: 0.000 memory: 11854, 
2022-06-03 14:37:58,735 - INFO - task : ['VEHICLE', 'PEDESTRIAN', 'CYCLIST'], loss: 1.8875, hm_loss: 0.0000, loc_loss: 0.5757, loc_loss_elem: ['0.1048', '0.0801', '0.0818', '0.0560', '0.0637', '0.0706', '0.0517', '0.0670'], num_positive: 179.8000, roi_reg_loss: 0.5467, roi_cls_loss: 0.1893

2022-06-03 14:38:29,756 - INFO - Epoch [6/6][90/133]	lr: 0.00001, eta: 0:04:23, time: 6.204, data_time: 0.068, transfer_time: 0.075, forward_time: 5.714, loss_parse_time: 0.000 memory: 11854, 
2022-06-03 14:38:29,756 - INFO - task : ['VEHICLE', 'PEDESTRIAN', 'CYCLIST'], loss: 1.8394, hm_loss: 0.0000, loc_loss: 0.5528, loc_loss_elem: ['0.0962', '0.0846', '0.0857', '0.0538', '0.0561', '0.0704', '0.0516', '0.0543'], num_positive: 165.6000, roi_reg_loss: 0.5751, roi_cls_loss: 0.1588

2022-06-03 14:39:00,862 - INFO - Epoch [6/6][95/133]	lr: 0.00001, eta: 0:03:53, time: 6.220, data_time: 0.069, transfer_time: 0.077, forward_time: 5.716, loss_parse_time: 0.000 memory: 11854, 
2022-06-03 14:39:00,862 - INFO - task : ['VEHICLE', 'PEDESTRIAN', 'CYCLIST'], loss: 1.8587, hm_loss: 0.0000, loc_loss: 0.5773, loc_loss_elem: ['0.0943', '0.0801', '0.0908', '0.0564', '0.0638', '0.0710', '0.0667', '0.0541'], num_positive: 116.0000, roi_reg_loss: 0.5748, roi_cls_loss: 0.1293

2022-06-03 14:39:31,792 - INFO - Epoch [6/6][100/133]	lr: 0.00001, eta: 0:03:22, time: 6.188, data_time: 0.072, transfer_time: 0.076, forward_time: 5.708, loss_parse_time: 0.000 memory: 11854, 
2022-06-03 14:39:31,792 - INFO - task : ['VEHICLE', 'PEDESTRIAN', 'CYCLIST'], loss: 2.0910, hm_loss: 0.0000, loc_loss: 0.6286, loc_loss_elem: ['0.1016', '0.0908', '0.1009', '0.0581', '0.0600', '0.0718', '0.0663', '0.0792'], num_positive: 198.0000, roi_reg_loss: 0.6082, roi_cls_loss: 0.2256

2022-06-03 14:40:02,766 - INFO - Epoch [6/6][105/133]	lr: 0.00000, eta: 0:02:51, time: 6.195, data_time: 0.071, transfer_time: 0.077, forward_time: 5.698, loss_parse_time: 0.000 memory: 11854, 
2022-06-03 14:40:02,766 - INFO - task : ['VEHICLE', 'PEDESTRIAN', 'CYCLIST'], loss: 2.0124, hm_loss: 0.0000, loc_loss: 0.6291, loc_loss_elem: ['0.1076', '0.0845', '0.0841', '0.0602', '0.0593', '0.0764', '0.0773', '0.0797'], num_positive: 148.8000, roi_reg_loss: 0.5911, roi_cls_loss: 0.1631

2022-06-03 14:40:33,846 - INFO - Epoch [6/6][110/133]	lr: 0.00000, eta: 0:02:21, time: 6.216, data_time: 0.064, transfer_time: 0.076, forward_time: 5.729, loss_parse_time: 0.000 memory: 11854, 
2022-06-03 14:40:33,846 - INFO - task : ['VEHICLE', 'PEDESTRIAN', 'CYCLIST'], loss: 2.0146, hm_loss: 0.0000, loc_loss: 0.6035, loc_loss_elem: ['0.1021', '0.0895', '0.0897', '0.0583', '0.0586', '0.0746', '0.0556', '0.0751'], num_positive: 194.2000, roi_reg_loss: 0.6095, roi_cls_loss: 0.1981

2022-06-03 14:41:04,927 - INFO - Epoch [6/6][115/133]	lr: 0.00000, eta: 0:01:50, time: 6.215, data_time: 0.067, transfer_time: 0.074, forward_time: 5.718, loss_parse_time: 0.000 memory: 11854, 
2022-06-03 14:41:04,927 - INFO - task : ['VEHICLE', 'PEDESTRIAN', 'CYCLIST'], loss: 1.8989, hm_loss: 0.0000, loc_loss: 0.5758, loc_loss_elem: ['0.1064', '0.0792', '0.0825', '0.0567', '0.0611', '0.0715', '0.0469', '0.0715'], num_positive: 174.4000, roi_reg_loss: 0.5664, roi_cls_loss: 0.1809

2022-06-03 14:41:36,053 - INFO - Epoch [6/6][120/133]	lr: 0.00000, eta: 0:01:19, time: 6.226, data_time: 0.072, transfer_time: 0.080, forward_time: 5.707, loss_parse_time: 0.000 memory: 11854, 
2022-06-03 14:41:36,053 - INFO - task : ['VEHICLE', 'PEDESTRIAN', 'CYCLIST'], loss: 2.0605, hm_loss: 0.0000, loc_loss: 0.6492, loc_loss_elem: ['0.0973', '0.0922', '0.0878', '0.0639', '0.0675', '0.0678', '0.0693', '0.1034'], num_positive: 173.4000, roi_reg_loss: 0.5870, roi_cls_loss: 0.1752

2022-06-03 14:42:07,191 - INFO - Epoch [6/6][125/133]	lr: 0.00000, eta: 0:00:49, time: 6.228, data_time: 0.063, transfer_time: 0.075, forward_time: 5.728, loss_parse_time: 0.000 memory: 11854, 
2022-06-03 14:42:07,192 - INFO - task : ['VEHICLE', 'PEDESTRIAN', 'CYCLIST'], loss: 1.8586, hm_loss: 0.0000, loc_loss: 0.5702, loc_loss_elem: ['0.0995', '0.0796', '0.0930', '0.0568', '0.0612', '0.0701', '0.0476', '0.0624'], num_positive: 167.2000, roi_reg_loss: 0.5577, roi_cls_loss: 0.1604

2022-06-03 14:42:38,336 - INFO - Epoch [6/6][130/133]	lr: 0.00000, eta: 0:00:18, time: 6.229, data_time: 0.063, transfer_time: 0.073, forward_time: 5.718, loss_parse_time: 0.000 memory: 11854, 
2022-06-03 14:42:38,337 - INFO - task : ['VEHICLE', 'PEDESTRIAN', 'CYCLIST'], loss: 1.9550, hm_loss: 0.0000, loc_loss: 0.5760, loc_loss_elem: ['0.1043', '0.0824', '0.0838', '0.0582', '0.0516', '0.0681', '0.0647', '0.0629'], num_positive: 191.4000, roi_reg_loss: 0.6024, roi_cls_loss: 0.2006

