2022-05-20 14:07:44,006 - INFO - Start running, host: root@38c34f86dda2, work_dir: /code/CenterPoint/work_dirs/waymo_centerpoint_voxelnet_two_stage_bev_5point_ft_6epoch_freeze_fusion
2022-05-20 14:07:44,006 - INFO - workflow: [('train', 1)], max: 6 epochs
2022-05-20 14:08:21,175 - INFO - Epoch [1/6][5/133]	lr: 0.00005, eta: 1:38:14, time: 7.433, data_time: 1.127, transfer_time: 0.073, forward_time: 5.871, loss_parse_time: 0.000 memory: 10648, 
2022-05-20 14:08:21,176 - INFO - task : ['VEHICLE', 'PEDESTRIAN', 'CYCLIST'], loss: 2.9108, hm_loss: 0.0000, loc_loss: 0.6066, loc_loss_elem: ['0.1032', '0.0887', '0.0813', '0.0609', '0.0619', '0.0660', '0.0615', '0.0832'], num_positive: 178.8000, roi_reg_loss: 0.9453, roi_cls_loss: 0.7523

2022-05-20 14:08:52,556 - INFO - Epoch [1/6][10/133]	lr: 0.00005, eta: 1:30:00, time: 6.274, data_time: 0.061, transfer_time: 0.072, forward_time: 5.800, loss_parse_time: 0.000 memory: 10648, 
2022-05-20 14:08:52,556 - INFO - task : ['VEHICLE', 'PEDESTRIAN', 'CYCLIST'], loss: 2.8069, hm_loss: 0.0000, loc_loss: 0.6292, loc_loss_elem: ['0.1068', '0.0818', '0.0867', '0.0580', '0.0585', '0.0840', '0.0758', '0.0775'], num_positive: 117.0000, roi_reg_loss: 0.9340, roi_cls_loss: 0.6146

2022-05-20 14:09:24,106 - INFO - Epoch [1/6][15/133]	lr: 0.00005, eta: 1:27:05, time: 6.312, data_time: 0.066, transfer_time: 0.071, forward_time: 5.835, loss_parse_time: 0.000 memory: 10668, 
2022-05-20 14:09:24,107 - INFO - task : ['VEHICLE', 'PEDESTRIAN', 'CYCLIST'], loss: 2.7785, hm_loss: 0.0000, loc_loss: 0.6220, loc_loss_elem: ['0.1044', '0.0873', '0.0824', '0.0600', '0.0600', '0.0765', '0.0759', '0.0755'], num_positive: 180.2000, roi_reg_loss: 0.9008, roi_cls_loss: 0.6338

2022-05-20 14:09:55,510 - INFO - Epoch [1/6][20/133]	lr: 0.00005, eta: 1:25:14, time: 6.278, data_time: 0.061, transfer_time: 0.072, forward_time: 5.800, loss_parse_time: 0.000 memory: 11076, 
2022-05-20 14:09:55,510 - INFO - task : ['VEHICLE', 'PEDESTRIAN', 'CYCLIST'], loss: 2.8067, hm_loss: 0.0000, loc_loss: 0.6375, loc_loss_elem: ['0.1079', '0.0988', '0.0918', '0.0614', '0.0592', '0.0806', '0.0583', '0.0795'], num_positive: 163.0000, roi_reg_loss: 0.9634, roi_cls_loss: 0.5684

2022-05-20 14:10:26,845 - INFO - Epoch [1/6][25/133]	lr: 0.00006, eta: 1:23:54, time: 6.269, data_time: 0.065, transfer_time: 0.071, forward_time: 5.795, loss_parse_time: 0.000 memory: 11076, 
2022-05-20 14:10:26,845 - INFO - task : ['VEHICLE', 'PEDESTRIAN', 'CYCLIST'], loss: 2.6287, hm_loss: 0.0000, loc_loss: 0.5877, loc_loss_elem: ['0.1018', '0.0797', '0.0771', '0.0621', '0.0650', '0.0685', '0.0621', '0.0715'], num_positive: 221.0000, roi_reg_loss: 0.8981, roi_cls_loss: 0.5552

2022-05-20 14:10:58,489 - INFO - Epoch [1/6][30/133]	lr: 0.00006, eta: 1:22:58, time: 6.329, data_time: 0.067, transfer_time: 0.071, forward_time: 5.820, loss_parse_time: 0.000 memory: 11229, 
2022-05-20 14:10:58,489 - INFO - task : ['VEHICLE', 'PEDESTRIAN', 'CYCLIST'], loss: 2.7248, hm_loss: 0.0000, loc_loss: 0.6276, loc_loss_elem: ['0.1078', '0.0876', '0.0904', '0.0577', '0.0624', '0.0776', '0.0659', '0.0782'], num_positive: 188.4000, roi_reg_loss: 0.9412, roi_cls_loss: 0.5285

2022-05-20 14:11:29,871 - INFO - Epoch [1/6][35/133]	lr: 0.00006, eta: 1:22:03, time: 6.276, data_time: 0.061, transfer_time: 0.071, forward_time: 5.795, loss_parse_time: 0.000 memory: 11229, 
2022-05-20 14:11:29,871 - INFO - task : ['VEHICLE', 'PEDESTRIAN', 'CYCLIST'], loss: 2.7937, hm_loss: 0.0000, loc_loss: 0.6832, loc_loss_elem: ['0.1127', '0.0874', '0.0916', '0.0630', '0.0694', '0.0876', '0.0813', '0.0901'], num_positive: 154.2000, roi_reg_loss: 0.9686, roi_cls_loss: 0.4586

2022-05-20 14:12:01,280 - INFO - Epoch [1/6][40/133]	lr: 0.00007, eta: 1:21:15, time: 6.282, data_time: 0.067, transfer_time: 0.070, forward_time: 5.795, loss_parse_time: 0.000 memory: 11229, 
2022-05-20 14:12:01,280 - INFO - task : ['VEHICLE', 'PEDESTRIAN', 'CYCLIST'], loss: 2.6780, hm_loss: 0.0000, loc_loss: 0.6251, loc_loss_elem: ['0.1195', '0.0868', '0.0905', '0.0590', '0.0632', '0.0692', '0.0520', '0.0849'], num_positive: 146.0000, roi_reg_loss: 0.9838, roi_cls_loss: 0.4439

2022-05-20 14:12:32,762 - INFO - Epoch [1/6][45/133]	lr: 0.00007, eta: 1:20:31, time: 6.294, data_time: 0.063, transfer_time: 0.070, forward_time: 5.820, loss_parse_time: 0.000 memory: 11229, 
2022-05-20 14:12:32,762 - INFO - task : ['VEHICLE', 'PEDESTRIAN', 'CYCLIST'], loss: 2.5555, hm_loss: 0.0000, loc_loss: 0.5977, loc_loss_elem: ['0.0991', '0.0795', '0.0951', '0.0568', '0.0607', '0.0714', '0.0601', '0.0750'], num_positive: 150.2000, roi_reg_loss: 0.9517, roi_cls_loss: 0.4085

2022-05-20 14:13:04,523 - INFO - Epoch [1/6][50/133]	lr: 0.00008, eta: 1:19:54, time: 6.352, data_time: 0.065, transfer_time: 0.073, forward_time: 5.860, loss_parse_time: 0.000 memory: 11229, 
2022-05-20 14:13:04,523 - INFO - task : ['VEHICLE', 'PEDESTRIAN', 'CYCLIST'], loss: 2.4109, hm_loss: 0.0000, loc_loss: 0.5586, loc_loss_elem: ['0.1022', '0.0806', '0.0788', '0.0575', '0.0612', '0.0674', '0.0537', '0.0572'], num_positive: 174.8000, roi_reg_loss: 0.8911, roi_cls_loss: 0.4026

2022-05-20 14:13:36,004 - INFO - Epoch [1/6][55/133]	lr: 0.00008, eta: 1:19:15, time: 6.298, data_time: 0.060, transfer_time: 0.072, forward_time: 5.813, loss_parse_time: 0.000 memory: 11309, 
2022-05-20 14:13:36,004 - INFO - task : ['VEHICLE', 'PEDESTRIAN', 'CYCLIST'], loss: 2.4625, hm_loss: 0.0000, loc_loss: 0.6031, loc_loss_elem: ['0.0930', '0.0784', '0.0833', '0.0600', '0.0656', '0.0683', '0.0787', '0.0758'], num_positive: 147.0000, roi_reg_loss: 0.8939, roi_cls_loss: 0.3625

2022-05-20 14:14:07,313 - INFO - Epoch [1/6][60/133]	lr: 0.00009, eta: 1:18:34, time: 6.260, data_time: 0.063, transfer_time: 0.071, forward_time: 5.792, loss_parse_time: 0.000 memory: 11309, 
2022-05-20 14:14:07,313 - INFO - task : ['VEHICLE', 'PEDESTRIAN', 'CYCLIST'], loss: 2.4856, hm_loss: 0.0000, loc_loss: 0.6176, loc_loss_elem: ['0.1115', '0.0883', '0.0974', '0.0545', '0.0550', '0.0742', '0.0550', '0.0818'], num_positive: 149.4000, roi_reg_loss: 0.8951, roi_cls_loss: 0.3554

2022-05-20 14:14:38,895 - INFO - Epoch [1/6][65/133]	lr: 0.00009, eta: 1:17:58, time: 6.318, data_time: 0.074, transfer_time: 0.071, forward_time: 5.815, loss_parse_time: 0.000 memory: 11333, 
2022-05-20 14:14:38,895 - INFO - task : ['VEHICLE', 'PEDESTRIAN', 'CYCLIST'], loss: 2.5297, hm_loss: 0.0000, loc_loss: 0.6122, loc_loss_elem: ['0.1074', '0.0797', '0.0815', '0.0627', '0.0703', '0.0735', '0.0704', '0.0667'], num_positive: 145.0000, roi_reg_loss: 0.9691, roi_cls_loss: 0.3362

2022-05-20 14:15:10,356 - INFO - Epoch [1/6][70/133]	lr: 0.00010, eta: 1:17:22, time: 6.292, data_time: 0.067, transfer_time: 0.071, forward_time: 5.811, loss_parse_time: 0.000 memory: 11333, 
2022-05-20 14:15:10,356 - INFO - task : ['VEHICLE', 'PEDESTRIAN', 'CYCLIST'], loss: 2.4154, hm_loss: 0.0000, loc_loss: 0.5750, loc_loss_elem: ['0.1041', '0.0792', '0.0799', '0.0597', '0.0610', '0.0668', '0.0538', '0.0705'], num_positive: 227.6000, roi_reg_loss: 0.8900, roi_cls_loss: 0.3755

2022-05-20 14:15:41,878 - INFO - Epoch [1/6][75/133]	lr: 0.00011, eta: 1:16:46, time: 6.302, data_time: 0.063, transfer_time: 0.069, forward_time: 5.812, loss_parse_time: 0.000 memory: 11634, 
2022-05-20 14:15:41,878 - INFO - task : ['VEHICLE', 'PEDESTRIAN', 'CYCLIST'], loss: 2.6768, hm_loss: 0.0000, loc_loss: 0.6900, loc_loss_elem: ['0.1055', '0.1015', '0.1079', '0.0602', '0.0582', '0.0871', '0.0758', '0.0937'], num_positive: 150.8000, roi_reg_loss: 0.9652, roi_cls_loss: 0.3316

2022-05-20 14:16:13,169 - INFO - Epoch [1/6][80/133]	lr: 0.00011, eta: 1:16:09, time: 6.259, data_time: 0.071, transfer_time: 0.069, forward_time: 5.782, loss_parse_time: 0.000 memory: 11634, 
2022-05-20 14:16:13,170 - INFO - task : ['VEHICLE', 'PEDESTRIAN', 'CYCLIST'], loss: 2.3143, hm_loss: 0.0000, loc_loss: 0.5807, loc_loss_elem: ['0.1035', '0.0869', '0.0827', '0.0541', '0.0553', '0.0701', '0.0543', '0.0739'], num_positive: 147.2000, roi_reg_loss: 0.8619, roi_cls_loss: 0.2911

2022-05-20 14:16:44,469 - INFO - Epoch [1/6][85/133]	lr: 0.00012, eta: 1:15:33, time: 6.262, data_time: 0.062, transfer_time: 0.069, forward_time: 5.794, loss_parse_time: 0.000 memory: 11634, 
2022-05-20 14:16:44,470 - INFO - task : ['VEHICLE', 'PEDESTRIAN', 'CYCLIST'], loss: 2.5749, hm_loss: 0.0000, loc_loss: 0.6307, loc_loss_elem: ['0.1072', '0.0818', '0.0782', '0.0610', '0.0701', '0.0670', '0.0818', '0.0835'], num_positive: 224.8000, roi_reg_loss: 0.9235, roi_cls_loss: 0.3899

2022-05-20 14:17:15,800 - INFO - Epoch [1/6][90/133]	lr: 0.00013, eta: 1:14:57, time: 6.263, data_time: 0.061, transfer_time: 0.071, forward_time: 5.779, loss_parse_time: 0.000 memory: 11634, 
2022-05-20 14:17:15,800 - INFO - task : ['VEHICLE', 'PEDESTRIAN', 'CYCLIST'], loss: 2.5816, hm_loss: 0.0000, loc_loss: 0.6806, loc_loss_elem: ['0.1069', '0.0852', '0.0911', '0.0610', '0.0661', '0.0811', '0.0803', '0.1088'], num_positive: 192.0000, roi_reg_loss: 0.8861, roi_cls_loss: 0.3343

2022-05-20 14:17:47,434 - INFO - Epoch [1/6][95/133]	lr: 0.00014, eta: 1:14:25, time: 6.327, data_time: 0.066, transfer_time: 0.072, forward_time: 5.838, loss_parse_time: 0.000 memory: 11634, 
2022-05-20 14:17:47,435 - INFO - task : ['VEHICLE', 'PEDESTRIAN', 'CYCLIST'], loss: 2.4896, hm_loss: 0.0000, loc_loss: 0.6145, loc_loss_elem: ['0.1075', '0.0919', '0.0891', '0.0584', '0.0620', '0.0746', '0.0557', '0.0753'], num_positive: 170.4000, roi_reg_loss: 0.9405, roi_cls_loss: 0.3201

2022-05-20 14:18:18,917 - INFO - Epoch [1/6][100/133]	lr: 0.00015, eta: 1:13:51, time: 6.299, data_time: 0.060, transfer_time: 0.071, forward_time: 5.833, loss_parse_time: 0.000 memory: 11634, 
2022-05-20 14:18:18,917 - INFO - task : ['VEHICLE', 'PEDESTRIAN', 'CYCLIST'], loss: 2.4867, hm_loss: 0.0000, loc_loss: 0.6328, loc_loss_elem: ['0.1100', '0.0876', '0.0958', '0.0534', '0.0555', '0.0778', '0.0665', '0.0863'], num_positive: 152.4000, roi_reg_loss: 0.9364, roi_cls_loss: 0.2846

2022-05-20 14:18:50,455 - INFO - Epoch [1/6][105/133]	lr: 0.00016, eta: 1:13:18, time: 6.305, data_time: 0.059, transfer_time: 0.071, forward_time: 5.817, loss_parse_time: 0.000 memory: 11634, 
2022-05-20 14:18:50,455 - INFO - task : ['VEHICLE', 'PEDESTRIAN', 'CYCLIST'], loss: 2.4360, hm_loss: 0.0000, loc_loss: 0.6198, loc_loss_elem: ['0.1028', '0.0859', '0.0836', '0.0590', '0.0630', '0.0760', '0.0687', '0.0808'], num_positive: 162.0000, roi_reg_loss: 0.9014, roi_cls_loss: 0.2950

2022-05-20 14:19:21,889 - INFO - Epoch [1/6][110/133]	lr: 0.00017, eta: 1:12:44, time: 6.289, data_time: 0.068, transfer_time: 0.075, forward_time: 5.797, loss_parse_time: 0.000 memory: 11634, 
2022-05-20 14:19:21,890 - INFO - task : ['VEHICLE', 'PEDESTRIAN', 'CYCLIST'], loss: 2.4798, hm_loss: 0.0000, loc_loss: 0.6476, loc_loss_elem: ['0.0996', '0.0896', '0.0926', '0.0568', '0.0594', '0.0739', '0.0852', '0.0905'], num_positive: 147.4000, roi_reg_loss: 0.9000, roi_cls_loss: 0.2847

2022-05-20 14:19:53,591 - INFO - Epoch [1/6][115/133]	lr: 0.00018, eta: 1:12:13, time: 6.340, data_time: 0.068, transfer_time: 0.071, forward_time: 5.865, loss_parse_time: 0.000 memory: 11634, 
2022-05-20 14:19:53,592 - INFO - task : ['VEHICLE', 'PEDESTRIAN', 'CYCLIST'], loss: 2.3656, hm_loss: 0.0000, loc_loss: 0.5967, loc_loss_elem: ['0.1071', '0.0883', '0.0791', '0.0577', '0.0603', '0.0700', '0.0594', '0.0748'], num_positive: 159.0000, roi_reg_loss: 0.9047, roi_cls_loss: 0.2675

2022-05-20 14:20:24,989 - INFO - Epoch [1/6][120/133]	lr: 0.00019, eta: 1:11:39, time: 6.279, data_time: 0.063, transfer_time: 0.072, forward_time: 5.803, loss_parse_time: 0.000 memory: 11634, 
2022-05-20 14:20:24,989 - INFO - task : ['VEHICLE', 'PEDESTRIAN', 'CYCLIST'], loss: 2.4910, hm_loss: 0.0000, loc_loss: 0.6507, loc_loss_elem: ['0.1014', '0.0884', '0.0917', '0.0619', '0.0652', '0.0758', '0.0786', '0.0877'], num_positive: 178.8000, roi_reg_loss: 0.8980, roi_cls_loss: 0.2916

2022-05-20 14:20:56,326 - INFO - Epoch [1/6][125/133]	lr: 0.00020, eta: 1:11:05, time: 6.265, data_time: 0.063, transfer_time: 0.070, forward_time: 5.777, loss_parse_time: 0.000 memory: 11634, 
2022-05-20 14:20:56,326 - INFO - task : ['VEHICLE', 'PEDESTRIAN', 'CYCLIST'], loss: 2.5962, hm_loss: 0.0000, loc_loss: 0.6815, loc_loss_elem: ['0.1083', '0.0887', '0.0885', '0.0608', '0.0646', '0.0768', '0.0914', '0.1024'], num_positive: 170.0000, roi_reg_loss: 0.9315, roi_cls_loss: 0.3017

2022-05-20 14:21:27,694 - INFO - Epoch [1/6][130/133]	lr: 0.00021, eta: 1:10:32, time: 6.274, data_time: 0.064, transfer_time: 0.071, forward_time: 5.777, loss_parse_time: 0.000 memory: 11634, 
2022-05-20 14:21:27,694 - INFO - task : ['VEHICLE', 'PEDESTRIAN', 'CYCLIST'], loss: 2.3937, hm_loss: 0.0000, loc_loss: 0.6007, loc_loss_elem: ['0.1097', '0.0863', '0.0889', '0.0546', '0.0531', '0.0737', '0.0545', '0.0799'], num_positive: 166.8000, roi_reg_loss: 0.9166, roi_cls_loss: 0.2756

2022-05-20 14:22:23,223 - INFO - Epoch [2/6][5/133]	lr: 0.00023, eta: 1:08:33, time: 7.283, data_time: 1.008, transfer_time: 0.071, forward_time: 5.861, loss_parse_time: 0.000 memory: 11634, 
2022-05-20 14:22:23,223 - INFO - task : ['VEHICLE', 'PEDESTRIAN', 'CYCLIST'], loss: 2.3677, hm_loss: 0.0000, loc_loss: 0.6119, loc_loss_elem: ['0.0950', '0.0874', '0.0866', '0.0569', '0.0597', '0.0749', '0.0648', '0.0866'], num_positive: 170.2000, roi_reg_loss: 0.8686, roi_cls_loss: 0.2753

2022-05-20 14:22:54,702 - INFO - Epoch [2/6][10/133]	lr: 0.00024, eta: 1:08:03, time: 6.298, data_time: 0.072, transfer_time: 0.072, forward_time: 5.807, loss_parse_time: 0.000 memory: 11634, 
2022-05-20 14:22:54,702 - INFO - task : ['VEHICLE', 'PEDESTRIAN', 'CYCLIST'], loss: 2.3158, hm_loss: 0.0000, loc_loss: 0.5883, loc_loss_elem: ['0.1047', '0.0830', '0.0819', '0.0558', '0.0544', '0.0758', '0.0561', '0.0766'], num_positive: 182.2000, roi_reg_loss: 0.8807, roi_cls_loss: 0.2585

2022-05-20 14:23:25,918 - INFO - Epoch [2/6][15/133]	lr: 0.00025, eta: 1:07:32, time: 6.242, data_time: 0.063, transfer_time: 0.074, forward_time: 5.764, loss_parse_time: 0.000 memory: 11634, 
2022-05-20 14:23:25,918 - INFO - task : ['VEHICLE', 'PEDESTRIAN', 'CYCLIST'], loss: 2.4120, hm_loss: 0.0000, loc_loss: 0.6243, loc_loss_elem: ['0.1131', '0.0907', '0.0841', '0.0586', '0.0574', '0.0742', '0.0635', '0.0826'], num_positive: 166.8000, roi_reg_loss: 0.9202, roi_cls_loss: 0.2432

2022-05-20 14:23:57,230 - INFO - Epoch [2/6][20/133]	lr: 0.00026, eta: 1:07:02, time: 6.263, data_time: 0.065, transfer_time: 0.073, forward_time: 5.794, loss_parse_time: 0.000 memory: 11634, 
2022-05-20 14:23:57,230 - INFO - task : ['VEHICLE', 'PEDESTRIAN', 'CYCLIST'], loss: 2.2114, hm_loss: 0.0000, loc_loss: 0.5388, loc_loss_elem: ['0.1068', '0.0812', '0.0754', '0.0542', '0.0524', '0.0664', '0.0448', '0.0576'], num_positive: 167.8000, roi_reg_loss: 0.8795, roi_cls_loss: 0.2543

2022-05-20 14:24:28,640 - INFO - Epoch [2/6][25/133]	lr: 0.00027, eta: 1:06:31, time: 6.283, data_time: 0.058, transfer_time: 0.073, forward_time: 5.808, loss_parse_time: 0.000 memory: 11634, 
2022-05-20 14:24:28,640 - INFO - task : ['VEHICLE', 'PEDESTRIAN', 'CYCLIST'], loss: 2.3913, hm_loss: 0.0000, loc_loss: 0.6006, loc_loss_elem: ['0.1059', '0.0845', '0.0828', '0.0590', '0.0601', '0.0783', '0.0509', '0.0792'], num_positive: 179.8000, roi_reg_loss: 0.9094, roi_cls_loss: 0.2806

2022-05-20 14:25:00,358 - INFO - Epoch [2/6][30/133]	lr: 0.00028, eta: 1:06:02, time: 6.343, data_time: 0.062, transfer_time: 0.076, forward_time: 5.835, loss_parse_time: 0.000 memory: 11634, 
2022-05-20 14:25:00,358 - INFO - task : ['VEHICLE', 'PEDESTRIAN', 'CYCLIST'], loss: 2.3461, hm_loss: 0.0000, loc_loss: 0.5921, loc_loss_elem: ['0.1051', '0.0851', '0.0856', '0.0562', '0.0553', '0.0736', '0.0633', '0.0679'], num_positive: 171.0000, roi_reg_loss: 0.9162, roi_cls_loss: 0.2457

2022-05-20 14:25:31,689 - INFO - Epoch [2/6][35/133]	lr: 0.00029, eta: 1:05:32, time: 6.265, data_time: 0.068, transfer_time: 0.073, forward_time: 5.786, loss_parse_time: 0.000 memory: 11634, 
2022-05-20 14:25:31,689 - INFO - task : ['VEHICLE', 'PEDESTRIAN', 'CYCLIST'], loss: 2.4104, hm_loss: 0.0000, loc_loss: 0.6116, loc_loss_elem: ['0.1137', '0.0921', '0.0938', '0.0558', '0.0555', '0.0736', '0.0488', '0.0784'], num_positive: 173.4000, roi_reg_loss: 0.9125, roi_cls_loss: 0.2746

2022-05-20 14:26:02,978 - INFO - Epoch [2/6][40/133]	lr: 0.00030, eta: 1:05:01, time: 6.259, data_time: 0.074, transfer_time: 0.072, forward_time: 5.772, loss_parse_time: 0.000 memory: 11634, 
2022-05-20 14:26:02,979 - INFO - task : ['VEHICLE', 'PEDESTRIAN', 'CYCLIST'], loss: 2.3603, hm_loss: 0.0000, loc_loss: 0.6107, loc_loss_elem: ['0.1056', '0.0825', '0.0913', '0.0575', '0.0640', '0.0741', '0.0599', '0.0758'], num_positive: 151.6000, roi_reg_loss: 0.8932, roi_cls_loss: 0.2457

2022-05-20 14:26:34,321 - INFO - Epoch [2/6][45/133]	lr: 0.00031, eta: 1:04:30, time: 6.269, data_time: 0.068, transfer_time: 0.074, forward_time: 5.782, loss_parse_time: 0.000 memory: 11634, 
2022-05-20 14:26:34,321 - INFO - task : ['VEHICLE', 'PEDESTRIAN', 'CYCLIST'], loss: 2.4253, hm_loss: 0.0000, loc_loss: 0.6462, loc_loss_elem: ['0.1058', '0.0912', '0.0893', '0.0585', '0.0610', '0.0697', '0.0770', '0.0936'], num_positive: 132.6000, roi_reg_loss: 0.9198, roi_cls_loss: 0.2130

2022-05-20 14:27:05,907 - INFO - Epoch [2/6][50/133]	lr: 0.00032, eta: 1:04:00, time: 6.315, data_time: 0.066, transfer_time: 0.076, forward_time: 5.813, loss_parse_time: 0.000 memory: 11634, 
2022-05-20 14:27:05,907 - INFO - task : ['VEHICLE', 'PEDESTRIAN', 'CYCLIST'], loss: 2.3485, hm_loss: 0.0000, loc_loss: 0.6326, loc_loss_elem: ['0.1088', '0.0856', '0.0840', '0.0633', '0.0687', '0.0755', '0.0716', '0.0753'], num_positive: 130.2000, roi_reg_loss: 0.8691, roi_cls_loss: 0.2141

2022-05-20 14:27:37,567 - INFO - Epoch [2/6][55/133]	lr: 0.00034, eta: 1:03:30, time: 6.332, data_time: 0.066, transfer_time: 0.072, forward_time: 5.829, loss_parse_time: 0.000 memory: 11634, 
2022-05-20 14:27:37,567 - INFO - task : ['VEHICLE', 'PEDESTRIAN', 'CYCLIST'], loss: 2.3054, hm_loss: 0.0000, loc_loss: 0.6028, loc_loss_elem: ['0.0953', '0.0817', '0.0790', '0.0614', '0.0696', '0.0722', '0.0618', '0.0818'], num_positive: 188.4000, roi_reg_loss: 0.8225, roi_cls_loss: 0.2773

2022-05-20 14:28:09,138 - INFO - Epoch [2/6][60/133]	lr: 0.00035, eta: 1:03:00, time: 6.316, data_time: 0.072, transfer_time: 0.073, forward_time: 5.812, loss_parse_time: 0.000 memory: 11634, 
2022-05-20 14:28:09,138 - INFO - task : ['VEHICLE', 'PEDESTRIAN', 'CYCLIST'], loss: 2.3348, hm_loss: 0.0000, loc_loss: 0.6128, loc_loss_elem: ['0.0957', '0.0759', '0.0756', '0.0627', '0.0744', '0.0696', '0.0752', '0.0836'], num_positive: 219.8000, roi_reg_loss: 0.7996, roi_cls_loss: 0.3096

2022-05-20 14:28:40,467 - INFO - Epoch [2/6][65/133]	lr: 0.00036, eta: 1:02:29, time: 6.264, data_time: 0.067, transfer_time: 0.071, forward_time: 5.789, loss_parse_time: 0.000 memory: 11634, 
2022-05-20 14:28:40,467 - INFO - task : ['VEHICLE', 'PEDESTRIAN', 'CYCLIST'], loss: 2.3420, hm_loss: 0.0000, loc_loss: 0.5873, loc_loss_elem: ['0.1014', '0.0862', '0.0817', '0.0576', '0.0611', '0.0654', '0.0591', '0.0748'], num_positive: 216.8000, roi_reg_loss: 0.8643, roi_cls_loss: 0.3032

2022-05-20 14:29:11,883 - INFO - Epoch [2/6][70/133]	lr: 0.00037, eta: 1:01:58, time: 6.283, data_time: 0.066, transfer_time: 0.077, forward_time: 5.789, loss_parse_time: 0.000 memory: 11634, 
2022-05-20 14:29:11,883 - INFO - task : ['VEHICLE', 'PEDESTRIAN', 'CYCLIST'], loss: 2.3060, hm_loss: 0.0000, loc_loss: 0.6138, loc_loss_elem: ['0.0969', '0.0955', '0.0869', '0.0586', '0.0619', '0.0761', '0.0616', '0.0762'], num_positive: 121.8000, roi_reg_loss: 0.8745, roi_cls_loss: 0.2040

2022-05-20 14:29:43,360 - INFO - Epoch [2/6][75/133]	lr: 0.00038, eta: 1:01:28, time: 6.296, data_time: 0.073, transfer_time: 0.076, forward_time: 5.800, loss_parse_time: 0.000 memory: 11634, 
2022-05-20 14:29:43,360 - INFO - task : ['VEHICLE', 'PEDESTRIAN', 'CYCLIST'], loss: 2.2937, hm_loss: 0.0000, loc_loss: 0.6352, loc_loss_elem: ['0.1047', '0.0836', '0.0888', '0.0603', '0.0679', '0.0689', '0.0740', '0.0870'], num_positive: 155.2000, roi_reg_loss: 0.8049, roi_cls_loss: 0.2184

2022-05-20 14:30:14,605 - INFO - Epoch [2/6][80/133]	lr: 0.00039, eta: 1:00:56, time: 6.251, data_time: 0.063, transfer_time: 0.073, forward_time: 5.775, loss_parse_time: 0.000 memory: 11634, 
2022-05-20 14:30:14,606 - INFO - task : ['VEHICLE', 'PEDESTRIAN', 'CYCLIST'], loss: 2.3540, hm_loss: 0.0000, loc_loss: 0.6286, loc_loss_elem: ['0.1033', '0.0814', '0.0836', '0.0623', '0.0674', '0.0716', '0.0725', '0.0863'], num_positive: 198.6000, roi_reg_loss: 0.8164, roi_cls_loss: 0.2805

2022-05-20 14:30:46,357 - INFO - Epoch [2/6][85/133]	lr: 0.00040, eta: 1:00:26, time: 6.350, data_time: 0.066, transfer_time: 0.073, forward_time: 5.834, loss_parse_time: 0.000 memory: 11634, 
2022-05-20 14:30:46,357 - INFO - task : ['VEHICLE', 'PEDESTRIAN', 'CYCLIST'], loss: 2.1463, hm_loss: 0.0000, loc_loss: 0.5780, loc_loss_elem: ['0.1067', '0.0783', '0.0832', '0.0559', '0.0611', '0.0687', '0.0593', '0.0649'], num_positive: 158.4000, roi_reg_loss: 0.7732, roi_cls_loss: 0.2170

2022-05-20 14:31:17,744 - INFO - Epoch [2/6][90/133]	lr: 0.00040, eta: 0:59:55, time: 6.277, data_time: 0.060, transfer_time: 0.073, forward_time: 5.803, loss_parse_time: 0.000 memory: 11634, 
2022-05-20 14:31:17,744 - INFO - task : ['VEHICLE', 'PEDESTRIAN', 'CYCLIST'], loss: 2.2279, hm_loss: 0.0000, loc_loss: 0.5822, loc_loss_elem: ['0.1002', '0.0805', '0.0802', '0.0575', '0.0589', '0.0697', '0.0609', '0.0743'], num_positive: 214.0000, roi_reg_loss: 0.7815, roi_cls_loss: 0.2821

2022-05-20 14:31:49,323 - INFO - Epoch [2/6][95/133]	lr: 0.00041, eta: 0:59:25, time: 6.316, data_time: 0.068, transfer_time: 0.075, forward_time: 5.816, loss_parse_time: 0.000 memory: 11634, 
2022-05-20 14:31:49,323 - INFO - task : ['VEHICLE', 'PEDESTRIAN', 'CYCLIST'], loss: 2.3052, hm_loss: 0.0000, loc_loss: 0.6365, loc_loss_elem: ['0.0973', '0.0937', '0.0913', '0.0562', '0.0589', '0.0769', '0.0733', '0.0889'], num_positive: 169.2000, roi_reg_loss: 0.7815, roi_cls_loss: 0.2506

2022-05-20 14:32:20,694 - INFO - Epoch [2/6][100/133]	lr: 0.00042, eta: 0:58:54, time: 6.274, data_time: 0.066, transfer_time: 0.073, forward_time: 5.792, loss_parse_time: 0.000 memory: 11634, 
2022-05-20 14:32:20,694 - INFO - task : ['VEHICLE', 'PEDESTRIAN', 'CYCLIST'], loss: 2.1593, hm_loss: 0.0000, loc_loss: 0.5854, loc_loss_elem: ['0.1046', '0.0824', '0.0800', '0.0602', '0.0609', '0.0692', '0.0639', '0.0643'], num_positive: 158.4000, roi_reg_loss: 0.7586, roi_cls_loss: 0.2299

2022-05-20 14:32:52,215 - INFO - Epoch [2/6][105/133]	lr: 0.00043, eta: 0:58:23, time: 6.304, data_time: 0.071, transfer_time: 0.074, forward_time: 5.808, loss_parse_time: 0.000 memory: 11634, 
2022-05-20 14:32:52,215 - INFO - task : ['VEHICLE', 'PEDESTRIAN', 'CYCLIST'], loss: 2.2772, hm_loss: 0.0000, loc_loss: 0.6175, loc_loss_elem: ['0.0959', '0.0917', '0.0907', '0.0551', '0.0577', '0.0695', '0.0735', '0.0835'], num_positive: 149.8000, roi_reg_loss: 0.8178, roi_cls_loss: 0.2243

2022-05-20 14:33:23,574 - INFO - Epoch [2/6][110/133]	lr: 0.00044, eta: 0:57:52, time: 6.272, data_time: 0.065, transfer_time: 0.074, forward_time: 5.785, loss_parse_time: 0.000 memory: 11634, 
2022-05-20 14:33:23,575 - INFO - task : ['VEHICLE', 'PEDESTRIAN', 'CYCLIST'], loss: 2.2281, hm_loss: 0.0000, loc_loss: 0.5914, loc_loss_elem: ['0.1127', '0.0951', '0.0774', '0.0556', '0.0584', '0.0660', '0.0467', '0.0797'], num_positive: 136.2000, roi_reg_loss: 0.8179, roi_cls_loss: 0.2274

2022-05-20 14:33:55,058 - INFO - Epoch [2/6][115/133]	lr: 0.00045, eta: 0:57:21, time: 6.295, data_time: 0.065, transfer_time: 0.077, forward_time: 5.797, loss_parse_time: 0.000 memory: 11634, 
2022-05-20 14:33:55,058 - INFO - task : ['VEHICLE', 'PEDESTRIAN', 'CYCLIST'], loss: 2.2358, hm_loss: 0.0000, loc_loss: 0.6109, loc_loss_elem: ['0.1052', '0.0823', '0.0797', '0.0631', '0.0729', '0.0719', '0.0653', '0.0706'], num_positive: 169.6000, roi_reg_loss: 0.7625, roi_cls_loss: 0.2514

2022-05-20 14:34:26,300 - INFO - Epoch [2/6][120/133]	lr: 0.00045, eta: 0:56:50, time: 6.250, data_time: 0.065, transfer_time: 0.072, forward_time: 5.776, loss_parse_time: 0.000 memory: 11634, 
2022-05-20 14:34:26,300 - INFO - task : ['VEHICLE', 'PEDESTRIAN', 'CYCLIST'], loss: 2.2835, hm_loss: 0.0000, loc_loss: 0.6158, loc_loss_elem: ['0.1035', '0.0893', '0.0946', '0.0601', '0.0592', '0.0662', '0.0591', '0.0840'], num_positive: 179.8000, roi_reg_loss: 0.7929, roi_cls_loss: 0.2591

2022-05-20 14:34:57,628 - INFO - Epoch [2/6][125/133]	lr: 0.00046, eta: 0:56:19, time: 6.264, data_time: 0.062, transfer_time: 0.071, forward_time: 5.789, loss_parse_time: 0.000 memory: 11634, 
2022-05-20 14:34:57,629 - INFO - task : ['VEHICLE', 'PEDESTRIAN', 'CYCLIST'], loss: 2.2084, hm_loss: 0.0000, loc_loss: 0.6169, loc_loss_elem: ['0.1063', '0.0876', '0.1018', '0.0554', '0.0606', '0.0750', '0.0427', '0.0875'], num_positive: 142.0000, roi_reg_loss: 0.7679, roi_cls_loss: 0.2067

2022-05-20 14:35:28,937 - INFO - Epoch [2/6][130/133]	lr: 0.00047, eta: 0:55:47, time: 6.263, data_time: 0.060, transfer_time: 0.076, forward_time: 5.759, loss_parse_time: 0.000 memory: 11634, 
2022-05-20 14:35:28,937 - INFO - task : ['VEHICLE', 'PEDESTRIAN', 'CYCLIST'], loss: 2.3044, hm_loss: 0.0000, loc_loss: 0.6396, loc_loss_elem: ['0.1044', '0.0920', '0.1055', '0.0501', '0.0545', '0.0814', '0.0653', '0.0865'], num_positive: 102.8000, roi_reg_loss: 0.8507, roi_cls_loss: 0.1743

2022-05-20 14:36:24,446 - INFO - Epoch [3/6][5/133]	lr: 0.00047, eta: 0:54:31, time: 7.266, data_time: 1.014, transfer_time: 0.074, forward_time: 5.824, loss_parse_time: 0.000 memory: 11634, 
2022-05-20 14:36:24,446 - INFO - task : ['VEHICLE', 'PEDESTRIAN', 'CYCLIST'], loss: 2.2170, hm_loss: 0.0000, loc_loss: 0.6156, loc_loss_elem: ['0.1133', '0.0912', '0.0945', '0.0567', '0.0543', '0.0752', '0.0528', '0.0776'], num_positive: 149.4000, roi_reg_loss: 0.7621, roi_cls_loss: 0.2237

2022-05-20 14:36:56,342 - INFO - Epoch [3/6][10/133]	lr: 0.00048, eta: 0:54:01, time: 6.380, data_time: 0.064, transfer_time: 0.075, forward_time: 5.865, loss_parse_time: 0.000 memory: 11634, 
2022-05-20 14:36:56,342 - INFO - task : ['VEHICLE', 'PEDESTRIAN', 'CYCLIST'], loss: 2.0874, hm_loss: 0.0000, loc_loss: 0.5816, loc_loss_elem: ['0.0981', '0.0781', '0.0868', '0.0567', '0.0612', '0.0653', '0.0639', '0.0715'], num_positive: 153.4000, roi_reg_loss: 0.7266, roi_cls_loss: 0.1976

2022-05-20 14:37:27,842 - INFO - Epoch [3/6][15/133]	lr: 0.00048, eta: 0:53:31, time: 6.299, data_time: 0.066, transfer_time: 0.071, forward_time: 5.816, loss_parse_time: 0.000 memory: 11634, 
2022-05-20 14:37:27,842 - INFO - task : ['VEHICLE', 'PEDESTRIAN', 'CYCLIST'], loss: 2.2236, hm_loss: 0.0000, loc_loss: 0.6130, loc_loss_elem: ['0.1008', '0.0891', '0.0909', '0.0534', '0.0501', '0.0794', '0.0668', '0.0825'], num_positive: 155.6000, roi_reg_loss: 0.7822, roi_cls_loss: 0.2155

2022-05-20 14:37:59,162 - INFO - Epoch [3/6][20/133]	lr: 0.00049, eta: 0:53:00, time: 6.262, data_time: 0.066, transfer_time: 0.070, forward_time: 5.784, loss_parse_time: 0.000 memory: 11634, 
2022-05-20 14:37:59,163 - INFO - task : ['VEHICLE', 'PEDESTRIAN', 'CYCLIST'], loss: 2.3673, hm_loss: 0.0000, loc_loss: 0.6571, loc_loss_elem: ['0.1049', '0.0884', '0.0938', '0.0550', '0.0613', '0.0817', '0.0815', '0.0904'], num_positive: 180.2000, roi_reg_loss: 0.7726, roi_cls_loss: 0.2806

2022-05-20 14:38:30,484 - INFO - Epoch [3/6][25/133]	lr: 0.00049, eta: 0:52:30, time: 6.264, data_time: 0.075, transfer_time: 0.073, forward_time: 5.759, loss_parse_time: 0.000 memory: 11634, 
2022-05-20 14:38:30,484 - INFO - task : ['VEHICLE', 'PEDESTRIAN', 'CYCLIST'], loss: 2.1633, hm_loss: 0.0000, loc_loss: 0.6084, loc_loss_elem: ['0.1058', '0.0875', '0.0856', '0.0593', '0.0621', '0.0707', '0.0587', '0.0786'], num_positive: 167.8000, roi_reg_loss: 0.7312, roi_cls_loss: 0.2153

2022-05-20 14:39:01,871 - INFO - Epoch [3/6][30/133]	lr: 0.00049, eta: 0:51:59, time: 6.280, data_time: 0.068, transfer_time: 0.072, forward_time: 5.788, loss_parse_time: 0.000 memory: 11634, 
2022-05-20 14:39:01,871 - INFO - task : ['VEHICLE', 'PEDESTRIAN', 'CYCLIST'], loss: 2.0724, hm_loss: 0.0000, loc_loss: 0.5713, loc_loss_elem: ['0.0969', '0.0781', '0.0813', '0.0585', '0.0627', '0.0649', '0.0608', '0.0683'], num_positive: 168.8000, roi_reg_loss: 0.7119, roi_cls_loss: 0.2179

2022-05-20 14:39:33,184 - INFO - Epoch [3/6][35/133]	lr: 0.00050, eta: 0:51:29, time: 6.261, data_time: 0.069, transfer_time: 0.070, forward_time: 5.772, loss_parse_time: 0.000 memory: 11634, 
2022-05-20 14:39:33,184 - INFO - task : ['VEHICLE', 'PEDESTRIAN', 'CYCLIST'], loss: 2.1565, hm_loss: 0.0000, loc_loss: 0.5985, loc_loss_elem: ['0.1019', '0.0839', '0.0840', '0.0557', '0.0599', '0.0661', '0.0612', '0.0858'], num_positive: 176.6000, roi_reg_loss: 0.7223, roi_cls_loss: 0.2371

2022-05-20 14:40:04,615 - INFO - Epoch [3/6][40/133]	lr: 0.00050, eta: 0:50:58, time: 6.288, data_time: 0.062, transfer_time: 0.071, forward_time: 5.796, loss_parse_time: 0.000 memory: 11634, 
2022-05-20 14:40:04,615 - INFO - task : ['VEHICLE', 'PEDESTRIAN', 'CYCLIST'], loss: 2.3346, hm_loss: 0.0000, loc_loss: 0.6646, loc_loss_elem: ['0.1061', '0.0913', '0.0952', '0.0573', '0.0612', '0.0780', '0.0792', '0.0964'], num_positive: 162.4000, roi_reg_loss: 0.7518, roi_cls_loss: 0.2536

2022-05-20 14:40:35,973 - INFO - Epoch [3/6][45/133]	lr: 0.00050, eta: 0:50:27, time: 6.270, data_time: 0.057, transfer_time: 0.072, forward_time: 5.791, loss_parse_time: 0.000 memory: 11634, 
2022-05-20 14:40:35,973 - INFO - task : ['VEHICLE', 'PEDESTRIAN', 'CYCLIST'], loss: 2.1813, hm_loss: 0.0000, loc_loss: 0.5991, loc_loss_elem: ['0.1106', '0.0889', '0.0886', '0.0557', '0.0590', '0.0683', '0.0573', '0.0707'], num_positive: 179.4000, roi_reg_loss: 0.7427, roi_cls_loss: 0.2404

2022-05-20 14:41:07,481 - INFO - Epoch [3/6][50/133]	lr: 0.00050, eta: 0:49:57, time: 6.304, data_time: 0.070, transfer_time: 0.070, forward_time: 5.803, loss_parse_time: 0.000 memory: 11634, 
2022-05-20 14:41:07,482 - INFO - task : ['VEHICLE', 'PEDESTRIAN', 'CYCLIST'], loss: 2.1551, hm_loss: 0.0000, loc_loss: 0.5856, loc_loss_elem: ['0.1127', '0.0893', '0.0798', '0.0546', '0.0545', '0.0694', '0.0526', '0.0729'], num_positive: 182.4000, roi_reg_loss: 0.7564, roi_cls_loss: 0.2274

2022-05-20 14:41:38,844 - INFO - Epoch [3/6][55/133]	lr: 0.00050, eta: 0:49:26, time: 6.270, data_time: 0.068, transfer_time: 0.073, forward_time: 5.778, loss_parse_time: 0.000 memory: 11634, 
2022-05-20 14:41:38,844 - INFO - task : ['VEHICLE', 'PEDESTRIAN', 'CYCLIST'], loss: 2.3236, hm_loss: 0.0000, loc_loss: 0.6760, loc_loss_elem: ['0.1075', '0.0945', '0.0985', '0.0644', '0.0670', '0.0736', '0.0694', '0.1012'], num_positive: 162.0000, roi_reg_loss: 0.7390, roi_cls_loss: 0.2326

2022-05-20 14:42:10,167 - INFO - Epoch [3/6][60/133]	lr: 0.00050, eta: 0:48:56, time: 6.265, data_time: 0.063, transfer_time: 0.071, forward_time: 5.783, loss_parse_time: 0.000 memory: 11634, 
2022-05-20 14:42:10,167 - INFO - task : ['VEHICLE', 'PEDESTRIAN', 'CYCLIST'], loss: 2.0647, hm_loss: 0.0000, loc_loss: 0.5796, loc_loss_elem: ['0.1059', '0.0778', '0.0867', '0.0549', '0.0574', '0.0770', '0.0421', '0.0778'], num_positive: 149.2000, roi_reg_loss: 0.6923, roi_cls_loss: 0.2133

2022-05-20 14:42:41,584 - INFO - Epoch [3/6][65/133]	lr: 0.00050, eta: 0:48:25, time: 6.285, data_time: 0.066, transfer_time: 0.072, forward_time: 5.787, loss_parse_time: 0.000 memory: 11634, 
2022-05-20 14:42:41,584 - INFO - task : ['VEHICLE', 'PEDESTRIAN', 'CYCLIST'], loss: 2.1556, hm_loss: 0.0000, loc_loss: 0.5927, loc_loss_elem: ['0.0985', '0.0881', '0.0818', '0.0563', '0.0587', '0.0693', '0.0561', '0.0840'], num_positive: 180.8000, roi_reg_loss: 0.7376, roi_cls_loss: 0.2326

2022-05-20 14:43:12,969 - INFO - Epoch [3/6][70/133]	lr: 0.00050, eta: 0:47:54, time: 6.277, data_time: 0.063, transfer_time: 0.071, forward_time: 5.784, loss_parse_time: 0.000 memory: 11634, 
2022-05-20 14:43:12,969 - INFO - task : ['VEHICLE', 'PEDESTRIAN', 'CYCLIST'], loss: 2.2592, hm_loss: 0.0000, loc_loss: 0.6158, loc_loss_elem: ['0.1019', '0.0904', '0.0889', '0.0562', '0.0548', '0.0721', '0.0652', '0.0863'], num_positive: 189.6000, roi_reg_loss: 0.7643, roi_cls_loss: 0.2632

2022-05-20 14:43:44,227 - INFO - Epoch [3/6][75/133]	lr: 0.00050, eta: 0:47:23, time: 6.250, data_time: 0.063, transfer_time: 0.072, forward_time: 5.779, loss_parse_time: 0.000 memory: 11634, 
2022-05-20 14:43:44,227 - INFO - task : ['VEHICLE', 'PEDESTRIAN', 'CYCLIST'], loss: 2.1016, hm_loss: 0.0000, loc_loss: 0.5913, loc_loss_elem: ['0.1022', '0.0767', '0.0809', '0.0581', '0.0628', '0.0794', '0.0647', '0.0665'], num_positive: 153.0000, roi_reg_loss: 0.6978, roi_cls_loss: 0.2213

2022-05-20 14:44:15,632 - INFO - Epoch [3/6][80/133]	lr: 0.00050, eta: 0:46:53, time: 6.283, data_time: 0.069, transfer_time: 0.074, forward_time: 5.776, loss_parse_time: 0.000 memory: 11634, 
2022-05-20 14:44:15,633 - INFO - task : ['VEHICLE', 'PEDESTRIAN', 'CYCLIST'], loss: 2.1082, hm_loss: 0.0000, loc_loss: 0.6044, loc_loss_elem: ['0.1034', '0.0877', '0.0825', '0.0529', '0.0581', '0.0598', '0.0729', '0.0872'], num_positive: 137.4000, roi_reg_loss: 0.7156, roi_cls_loss: 0.1837

2022-05-20 14:44:47,188 - INFO - Epoch [3/6][85/133]	lr: 0.00049, eta: 0:46:22, time: 6.311, data_time: 0.066, transfer_time: 0.074, forward_time: 5.823, loss_parse_time: 0.000 memory: 11634, 
2022-05-20 14:44:47,189 - INFO - task : ['VEHICLE', 'PEDESTRIAN', 'CYCLIST'], loss: 2.2292, hm_loss: 0.0000, loc_loss: 0.6387, loc_loss_elem: ['0.1142', '0.0864', '0.0921', '0.0610', '0.0648', '0.0756', '0.0638', '0.0808'], num_positive: 155.6000, roi_reg_loss: 0.7366, roi_cls_loss: 0.2153

2022-05-20 14:45:18,471 - INFO - Epoch [3/6][90/133]	lr: 0.00049, eta: 0:45:51, time: 6.254, data_time: 0.059, transfer_time: 0.073, forward_time: 5.778, loss_parse_time: 0.000 memory: 11634, 
2022-05-20 14:45:18,472 - INFO - task : ['VEHICLE', 'PEDESTRIAN', 'CYCLIST'], loss: 2.3165, hm_loss: 0.0000, loc_loss: 0.6686, loc_loss_elem: ['0.1113', '0.0886', '0.0991', '0.0607', '0.0677', '0.0742', '0.0741', '0.0929'], num_positive: 152.2000, roi_reg_loss: 0.7513, roi_cls_loss: 0.2279

2022-05-20 14:45:49,904 - INFO - Epoch [3/6][95/133]	lr: 0.00049, eta: 0:45:20, time: 6.289, data_time: 0.073, transfer_time: 0.075, forward_time: 5.785, loss_parse_time: 0.000 memory: 11634, 
2022-05-20 14:45:49,904 - INFO - task : ['VEHICLE', 'PEDESTRIAN', 'CYCLIST'], loss: 2.1668, hm_loss: 0.0000, loc_loss: 0.6086, loc_loss_elem: ['0.1035', '0.0907', '0.0810', '0.0580', '0.0625', '0.0706', '0.0630', '0.0793'], num_positive: 171.4000, roi_reg_loss: 0.7066, roi_cls_loss: 0.2430

2022-05-20 14:46:21,230 - INFO - Epoch [3/6][100/133]	lr: 0.00049, eta: 0:44:49, time: 6.265, data_time: 0.068, transfer_time: 0.070, forward_time: 5.788, loss_parse_time: 0.000 memory: 11634, 
2022-05-20 14:46:21,230 - INFO - task : ['VEHICLE', 'PEDESTRIAN', 'CYCLIST'], loss: 2.1371, hm_loss: 0.0000, loc_loss: 0.6070, loc_loss_elem: ['0.1064', '0.0804', '0.0826', '0.0571', '0.0650', '0.0717', '0.0663', '0.0777'], num_positive: 177.0000, roi_reg_loss: 0.6811, roi_cls_loss: 0.2420

2022-05-20 14:46:52,462 - INFO - Epoch [3/6][105/133]	lr: 0.00049, eta: 0:44:18, time: 6.246, data_time: 0.063, transfer_time: 0.072, forward_time: 5.769, loss_parse_time: 0.000 memory: 11634, 
2022-05-20 14:46:52,462 - INFO - task : ['VEHICLE', 'PEDESTRIAN', 'CYCLIST'], loss: 2.1553, hm_loss: 0.0000, loc_loss: 0.5883, loc_loss_elem: ['0.1029', '0.0865', '0.0799', '0.0535', '0.0569', '0.0676', '0.0576', '0.0835'], num_positive: 206.4000, roi_reg_loss: 0.6989, roi_cls_loss: 0.2799

2022-05-20 14:47:23,789 - INFO - Epoch [3/6][110/133]	lr: 0.00048, eta: 0:43:47, time: 6.265, data_time: 0.062, transfer_time: 0.073, forward_time: 5.772, loss_parse_time: 0.000 memory: 11634, 
2022-05-20 14:47:23,789 - INFO - task : ['VEHICLE', 'PEDESTRIAN', 'CYCLIST'], loss: 2.0237, hm_loss: 0.0000, loc_loss: 0.5787, loc_loss_elem: ['0.1022', '0.0861', '0.0935', '0.0516', '0.0497', '0.0794', '0.0439', '0.0723'], num_positive: 123.0000, roi_reg_loss: 0.7039, roi_cls_loss: 0.1623

2022-05-20 14:47:55,224 - INFO - Epoch [3/6][115/133]	lr: 0.00048, eta: 0:43:17, time: 6.287, data_time: 0.070, transfer_time: 0.071, forward_time: 5.783, loss_parse_time: 0.000 memory: 11634, 
2022-05-20 14:47:55,224 - INFO - task : ['VEHICLE', 'PEDESTRIAN', 'CYCLIST'], loss: 2.1702, hm_loss: 0.0000, loc_loss: 0.6096, loc_loss_elem: ['0.0961', '0.0874', '0.0845', '0.0589', '0.0628', '0.0701', '0.0709', '0.0788'], num_positive: 200.0000, roi_reg_loss: 0.6967, roi_cls_loss: 0.2544

2022-05-20 14:48:26,615 - INFO - Epoch [3/6][120/133]	lr: 0.00048, eta: 0:42:46, time: 6.277, data_time: 0.066, transfer_time: 0.074, forward_time: 5.794, loss_parse_time: 0.000 memory: 11634, 
2022-05-20 14:48:26,615 - INFO - task : ['VEHICLE', 'PEDESTRIAN', 'CYCLIST'], loss: 2.0633, hm_loss: 0.0000, loc_loss: 0.5988, loc_loss_elem: ['0.1112', '0.0863', '0.0859', '0.0550', '0.0569', '0.0655', '0.0585', '0.0795'], num_positive: 154.6000, roi_reg_loss: 0.6744, roi_cls_loss: 0.1914

2022-05-20 14:48:57,895 - INFO - Epoch [3/6][125/133]	lr: 0.00047, eta: 0:42:15, time: 6.255, data_time: 0.066, transfer_time: 0.074, forward_time: 5.780, loss_parse_time: 0.000 memory: 11634, 
2022-05-20 14:48:57,895 - INFO - task : ['VEHICLE', 'PEDESTRIAN', 'CYCLIST'], loss: 2.0904, hm_loss: 0.0000, loc_loss: 0.5937, loc_loss_elem: ['0.1043', '0.0825', '0.0781', '0.0583', '0.0683', '0.0700', '0.0628', '0.0693'], num_positive: 165.0000, roi_reg_loss: 0.6866, roi_cls_loss: 0.2165

2022-05-20 14:49:28,971 - INFO - Epoch [3/6][130/133]	lr: 0.00047, eta: 0:41:44, time: 6.218, data_time: 0.060, transfer_time: 0.071, forward_time: 5.746, loss_parse_time: 0.000 memory: 11634, 
2022-05-20 14:49:28,971 - INFO - task : ['VEHICLE', 'PEDESTRIAN', 'CYCLIST'], loss: 2.0814, hm_loss: 0.0000, loc_loss: 0.5957, loc_loss_elem: ['0.1028', '0.0964', '0.1087', '0.0495', '0.0504', '0.0725', '0.0467', '0.0686'], num_positive: 130.0000, roi_reg_loss: 0.7078, roi_cls_loss: 0.1821

2022-05-20 14:50:24,585 - INFO - Epoch [4/6][5/133]	lr: 0.00046, eta: 0:40:41, time: 7.303, data_time: 1.072, transfer_time: 0.074, forward_time: 5.815, loss_parse_time: 0.000 memory: 11634, 
2022-05-20 14:50:24,585 - INFO - task : ['VEHICLE', 'PEDESTRIAN', 'CYCLIST'], loss: 2.0704, hm_loss: 0.0000, loc_loss: 0.5973, loc_loss_elem: ['0.1003', '0.0810', '0.0805', '0.0619', '0.0674', '0.0714', '0.0650', '0.0698'], num_positive: 158.4000, roi_reg_loss: 0.6844, roi_cls_loss: 0.1915

2022-05-20 14:50:56,046 - INFO - Epoch [4/6][10/133]	lr: 0.00046, eta: 0:40:10, time: 6.293, data_time: 0.066, transfer_time: 0.072, forward_time: 5.805, loss_parse_time: 0.000 memory: 11634, 
2022-05-20 14:50:56,047 - INFO - task : ['VEHICLE', 'PEDESTRIAN', 'CYCLIST'], loss: 2.0985, hm_loss: 0.0000, loc_loss: 0.5912, loc_loss_elem: ['0.0952', '0.0876', '0.0753', '0.0589', '0.0604', '0.0672', '0.0669', '0.0796'], num_positive: 197.4000, roi_reg_loss: 0.6705, roi_cls_loss: 0.2455

2022-05-20 14:51:27,349 - INFO - Epoch [4/6][15/133]	lr: 0.00045, eta: 0:39:40, time: 6.260, data_time: 0.061, transfer_time: 0.072, forward_time: 5.774, loss_parse_time: 0.000 memory: 11634, 
2022-05-20 14:51:27,349 - INFO - task : ['VEHICLE', 'PEDESTRIAN', 'CYCLIST'], loss: 2.1670, hm_loss: 0.0000, loc_loss: 0.6286, loc_loss_elem: ['0.1099', '0.0858', '0.0934', '0.0559', '0.0593', '0.0776', '0.0625', '0.0842'], num_positive: 138.0000, roi_reg_loss: 0.7198, roi_cls_loss: 0.1901

2022-05-20 14:51:58,624 - INFO - Epoch [4/6][20/133]	lr: 0.00045, eta: 0:39:09, time: 6.256, data_time: 0.067, transfer_time: 0.074, forward_time: 5.771, loss_parse_time: 0.000 memory: 11634, 
2022-05-20 14:51:58,624 - INFO - task : ['VEHICLE', 'PEDESTRIAN', 'CYCLIST'], loss: 2.1112, hm_loss: 0.0000, loc_loss: 0.5930, loc_loss_elem: ['0.1041', '0.0877', '0.0847', '0.0574', '0.0607', '0.0705', '0.0514', '0.0765'], num_positive: 156.4000, roi_reg_loss: 0.7145, roi_cls_loss: 0.2105

2022-05-20 14:52:29,811 - INFO - Epoch [4/6][25/133]	lr: 0.00044, eta: 0:38:38, time: 6.238, data_time: 0.064, transfer_time: 0.073, forward_time: 5.755, loss_parse_time: 0.000 memory: 11634, 
2022-05-20 14:52:29,811 - INFO - task : ['VEHICLE', 'PEDESTRIAN', 'CYCLIST'], loss: 2.0480, hm_loss: 0.0000, loc_loss: 0.5857, loc_loss_elem: ['0.1113', '0.0880', '0.0867', '0.0574', '0.0570', '0.0743', '0.0504', '0.0606'], num_positive: 171.0000, roi_reg_loss: 0.6439, roi_cls_loss: 0.2328

2022-05-20 14:53:01,312 - INFO - Epoch [4/6][30/133]	lr: 0.00044, eta: 0:38:07, time: 6.298, data_time: 0.062, transfer_time: 0.075, forward_time: 5.792, loss_parse_time: 0.000 memory: 11634, 
2022-05-20 14:53:01,312 - INFO - task : ['VEHICLE', 'PEDESTRIAN', 'CYCLIST'], loss: 2.0779, hm_loss: 0.0000, loc_loss: 0.6077, loc_loss_elem: ['0.1010', '0.0852', '0.0869', '0.0569', '0.0610', '0.0761', '0.0550', '0.0856'], num_positive: 139.4000, roi_reg_loss: 0.6756, roi_cls_loss: 0.1868

2022-05-20 14:53:32,981 - INFO - Epoch [4/6][35/133]	lr: 0.00043, eta: 0:37:37, time: 6.336, data_time: 0.070, transfer_time: 0.072, forward_time: 5.841, loss_parse_time: 0.000 memory: 11634, 
2022-05-20 14:53:32,982 - INFO - task : ['VEHICLE', 'PEDESTRIAN', 'CYCLIST'], loss: 2.1771, hm_loss: 0.0000, loc_loss: 0.6437, loc_loss_elem: ['0.0979', '0.0837', '0.0790', '0.0610', '0.0657', '0.0731', '0.0835', '0.0997'], num_positive: 176.8000, roi_reg_loss: 0.6607, roi_cls_loss: 0.2290

2022-05-20 14:54:04,243 - INFO - Epoch [4/6][40/133]	lr: 0.00043, eta: 0:37:06, time: 6.252, data_time: 0.066, transfer_time: 0.071, forward_time: 5.771, loss_parse_time: 0.000 memory: 11634, 
2022-05-20 14:54:04,243 - INFO - task : ['VEHICLE', 'PEDESTRIAN', 'CYCLIST'], loss: 2.0728, hm_loss: 0.0000, loc_loss: 0.6027, loc_loss_elem: ['0.0929', '0.0896', '0.0873', '0.0574', '0.0608', '0.0752', '0.0636', '0.0759'], num_positive: 152.0000, roi_reg_loss: 0.6757, roi_cls_loss: 0.1916

2022-05-20 14:54:35,471 - INFO - Epoch [4/6][45/133]	lr: 0.00042, eta: 0:36:35, time: 6.244, data_time: 0.068, transfer_time: 0.073, forward_time: 5.753, loss_parse_time: 0.000 memory: 11634, 
2022-05-20 14:54:35,471 - INFO - task : ['VEHICLE', 'PEDESTRIAN', 'CYCLIST'], loss: 2.0105, hm_loss: 0.0000, loc_loss: 0.5907, loc_loss_elem: ['0.1016', '0.0856', '0.0835', '0.0548', '0.0582', '0.0629', '0.0767', '0.0675'], num_positive: 150.6000, roi_reg_loss: 0.6411, roi_cls_loss: 0.1879

2022-05-20 14:55:06,757 - INFO - Epoch [4/6][50/133]	lr: 0.00042, eta: 0:36:05, time: 6.257, data_time: 0.070, transfer_time: 0.073, forward_time: 5.765, loss_parse_time: 0.000 memory: 11634, 
2022-05-20 14:55:06,757 - INFO - task : ['VEHICLE', 'PEDESTRIAN', 'CYCLIST'], loss: 2.0895, hm_loss: 0.0000, loc_loss: 0.5948, loc_loss_elem: ['0.1067', '0.0795', '0.0781', '0.0599', '0.0674', '0.0676', '0.0673', '0.0684'], num_positive: 178.8000, roi_reg_loss: 0.6589, roi_cls_loss: 0.2411

2022-05-20 14:55:37,966 - INFO - Epoch [4/6][55/133]	lr: 0.00041, eta: 0:35:34, time: 6.242, data_time: 0.062, transfer_time: 0.074, forward_time: 5.776, loss_parse_time: 0.000 memory: 11634, 
2022-05-20 14:55:37,967 - INFO - task : ['VEHICLE', 'PEDESTRIAN', 'CYCLIST'], loss: 2.0434, hm_loss: 0.0000, loc_loss: 0.6005, loc_loss_elem: ['0.1060', '0.0888', '0.0880', '0.0572', '0.0582', '0.0793', '0.0538', '0.0692'], num_positive: 144.0000, roi_reg_loss: 0.6528, roi_cls_loss: 0.1896

2022-05-20 14:56:09,235 - INFO - Epoch [4/6][60/133]	lr: 0.00040, eta: 0:35:03, time: 6.254, data_time: 0.059, transfer_time: 0.071, forward_time: 5.791, loss_parse_time: 0.000 memory: 11634, 
2022-05-20 14:56:09,236 - INFO - task : ['VEHICLE', 'PEDESTRIAN', 'CYCLIST'], loss: 2.1339, hm_loss: 0.0000, loc_loss: 0.6221, loc_loss_elem: ['0.0981', '0.0893', '0.0894', '0.0591', '0.0674', '0.0794', '0.0597', '0.0797'], num_positive: 146.6000, roi_reg_loss: 0.6844, roi_cls_loss: 0.2052

2022-05-20 14:56:40,673 - INFO - Epoch [4/6][65/133]	lr: 0.00040, eta: 0:34:32, time: 6.290, data_time: 0.063, transfer_time: 0.073, forward_time: 5.786, loss_parse_time: 0.000 memory: 11634, 
2022-05-20 14:56:40,673 - INFO - task : ['VEHICLE', 'PEDESTRIAN', 'CYCLIST'], loss: 2.1919, hm_loss: 0.0000, loc_loss: 0.6139, loc_loss_elem: ['0.1000', '0.0921', '0.0980', '0.0563', '0.0590', '0.0692', '0.0618', '0.0774'], num_positive: 194.2000, roi_reg_loss: 0.7026, roi_cls_loss: 0.2616

2022-05-20 14:57:12,213 - INFO - Epoch [4/6][70/133]	lr: 0.00039, eta: 0:34:01, time: 6.308, data_time: 0.062, transfer_time: 0.073, forward_time: 5.807, loss_parse_time: 0.000 memory: 11634, 
2022-05-20 14:57:12,214 - INFO - task : ['VEHICLE', 'PEDESTRIAN', 'CYCLIST'], loss: 1.9761, hm_loss: 0.0000, loc_loss: 0.5718, loc_loss_elem: ['0.1030', '0.0744', '0.0795', '0.0598', '0.0653', '0.0682', '0.0499', '0.0718'], num_positive: 153.6000, roi_reg_loss: 0.6354, roi_cls_loss: 0.1971

2022-05-20 14:57:43,619 - INFO - Epoch [4/6][75/133]	lr: 0.00038, eta: 0:33:31, time: 6.280, data_time: 0.066, transfer_time: 0.073, forward_time: 5.793, loss_parse_time: 0.000 memory: 11634, 
2022-05-20 14:57:43,619 - INFO - task : ['VEHICLE', 'PEDESTRIAN', 'CYCLIST'], loss: 1.9968, hm_loss: 0.0000, loc_loss: 0.5822, loc_loss_elem: ['0.1044', '0.0851', '0.0875', '0.0571', '0.0635', '0.0642', '0.0545', '0.0659'], num_positive: 156.2000, roi_reg_loss: 0.6373, roi_cls_loss: 0.1952

2022-05-20 14:58:15,038 - INFO - Epoch [4/6][80/133]	lr: 0.00038, eta: 0:33:00, time: 6.285, data_time: 0.070, transfer_time: 0.070, forward_time: 5.801, loss_parse_time: 0.000 memory: 11634, 
2022-05-20 14:58:15,039 - INFO - task : ['VEHICLE', 'PEDESTRIAN', 'CYCLIST'], loss: 2.0007, hm_loss: 0.0000, loc_loss: 0.5691, loc_loss_elem: ['0.1027', '0.0815', '0.0792', '0.0555', '0.0559', '0.0673', '0.0545', '0.0725'], num_positive: 184.8000, roi_reg_loss: 0.6430, roi_cls_loss: 0.2197

2022-05-20 14:58:46,143 - INFO - Epoch [4/6][85/133]	lr: 0.00037, eta: 0:32:29, time: 6.219, data_time: 0.065, transfer_time: 0.072, forward_time: 5.748, loss_parse_time: 0.000 memory: 11634, 
2022-05-20 14:58:46,143 - INFO - task : ['VEHICLE', 'PEDESTRIAN', 'CYCLIST'], loss: 2.1218, hm_loss: 0.0000, loc_loss: 0.6049, loc_loss_elem: ['0.1003', '0.0842', '0.0826', '0.0577', '0.0648', '0.0694', '0.0725', '0.0734'], num_positive: 181.0000, roi_reg_loss: 0.6726, roi_cls_loss: 0.2393

2022-05-20 14:59:17,519 - INFO - Epoch [4/6][90/133]	lr: 0.00036, eta: 0:31:58, time: 6.274, data_time: 0.062, transfer_time: 0.073, forward_time: 5.792, loss_parse_time: 0.000 memory: 11634, 
2022-05-20 14:59:17,519 - INFO - task : ['VEHICLE', 'PEDESTRIAN', 'CYCLIST'], loss: 1.9588, hm_loss: 0.0000, loc_loss: 0.5410, loc_loss_elem: ['0.0960', '0.0827', '0.0802', '0.0562', '0.0620', '0.0715', '0.0390', '0.0534'], num_positive: 169.2000, roi_reg_loss: 0.6588, roi_cls_loss: 0.2178

2022-05-20 14:59:48,858 - INFO - Epoch [4/6][95/133]	lr: 0.00035, eta: 0:31:27, time: 6.268, data_time: 0.071, transfer_time: 0.074, forward_time: 5.788, loss_parse_time: 0.000 memory: 11634, 
2022-05-20 14:59:48,858 - INFO - task : ['VEHICLE', 'PEDESTRIAN', 'CYCLIST'], loss: 2.0895, hm_loss: 0.0000, loc_loss: 0.5831, loc_loss_elem: ['0.1043', '0.0866', '0.0826', '0.0538', '0.0523', '0.0682', '0.0620', '0.0733'], num_positive: 185.8000, roi_reg_loss: 0.6656, roi_cls_loss: 0.2577

2022-05-20 15:00:20,093 - INFO - Epoch [4/6][100/133]	lr: 0.00035, eta: 0:30:56, time: 6.249, data_time: 0.062, transfer_time: 0.076, forward_time: 5.774, loss_parse_time: 0.000 memory: 11634, 
2022-05-20 15:00:20,094 - INFO - task : ['VEHICLE', 'PEDESTRIAN', 'CYCLIST'], loss: 2.1108, hm_loss: 0.0000, loc_loss: 0.6240, loc_loss_elem: ['0.0997', '0.0854', '0.1004', '0.0572', '0.0666', '0.0769', '0.0518', '0.0859'], num_positive: 133.2000, roi_reg_loss: 0.6895, roi_cls_loss: 0.1733

2022-05-20 15:00:51,080 - INFO - Epoch [4/6][105/133]	lr: 0.00034, eta: 0:30:25, time: 6.198, data_time: 0.064, transfer_time: 0.070, forward_time: 5.738, loss_parse_time: 0.000 memory: 11634, 
2022-05-20 15:00:51,080 - INFO - task : ['VEHICLE', 'PEDESTRIAN', 'CYCLIST'], loss: 2.0079, hm_loss: 0.0000, loc_loss: 0.5740, loc_loss_elem: ['0.1025', '0.0824', '0.0787', '0.0560', '0.0613', '0.0689', '0.0575', '0.0667'], num_positive: 205.8000, roi_reg_loss: 0.6134, roi_cls_loss: 0.2466

2022-05-20 15:01:22,369 - INFO - Epoch [4/6][110/133]	lr: 0.00033, eta: 0:29:54, time: 6.258, data_time: 0.065, transfer_time: 0.071, forward_time: 5.775, loss_parse_time: 0.000 memory: 11634, 
2022-05-20 15:01:22,369 - INFO - task : ['VEHICLE', 'PEDESTRIAN', 'CYCLIST'], loss: 2.0306, hm_loss: 0.0000, loc_loss: 0.5859, loc_loss_elem: ['0.0952', '0.0821', '0.0890', '0.0566', '0.0624', '0.0685', '0.0638', '0.0683'], num_positive: 193.2000, roi_reg_loss: 0.6291, roi_cls_loss: 0.2297

2022-05-20 15:01:54,016 - INFO - Epoch [4/6][115/133]	lr: 0.00032, eta: 0:29:24, time: 6.327, data_time: 0.063, transfer_time: 0.073, forward_time: 5.822, loss_parse_time: 0.000 memory: 11634, 
2022-05-20 15:01:54,017 - INFO - task : ['VEHICLE', 'PEDESTRIAN', 'CYCLIST'], loss: 2.1563, hm_loss: 0.0000, loc_loss: 0.6220, loc_loss_elem: ['0.1008', '0.0845', '0.0880', '0.0566', '0.0661', '0.0690', '0.0751', '0.0817'], num_positive: 189.4000, roi_reg_loss: 0.6704, roi_cls_loss: 0.2420

2022-05-20 15:02:25,505 - INFO - Epoch [4/6][120/133]	lr: 0.00032, eta: 0:28:53, time: 6.298, data_time: 0.070, transfer_time: 0.075, forward_time: 5.797, loss_parse_time: 0.000 memory: 11634, 
2022-05-20 15:02:25,505 - INFO - task : ['VEHICLE', 'PEDESTRIAN', 'CYCLIST'], loss: 1.9497, hm_loss: 0.0000, loc_loss: 0.5749, loc_loss_elem: ['0.1042', '0.0798', '0.0802', '0.0598', '0.0716', '0.0692', '0.0505', '0.0596'], num_positive: 139.6000, roi_reg_loss: 0.6254, roi_cls_loss: 0.1744

2022-05-20 15:02:56,993 - INFO - Epoch [4/6][125/133]	lr: 0.00031, eta: 0:28:22, time: 6.297, data_time: 0.070, transfer_time: 0.070, forward_time: 5.796, loss_parse_time: 0.000 memory: 11634, 
2022-05-20 15:02:56,993 - INFO - task : ['VEHICLE', 'PEDESTRIAN', 'CYCLIST'], loss: 2.0160, hm_loss: 0.0000, loc_loss: 0.5867, loc_loss_elem: ['0.0971', '0.0870', '0.0874', '0.0566', '0.0606', '0.0683', '0.0487', '0.0810'], num_positive: 172.0000, roi_reg_loss: 0.6275, roi_cls_loss: 0.2150

2022-05-20 15:03:28,150 - INFO - Epoch [4/6][130/133]	lr: 0.00030, eta: 0:27:51, time: 6.231, data_time: 0.065, transfer_time: 0.071, forward_time: 5.771, loss_parse_time: 0.000 memory: 11634, 
2022-05-20 15:03:28,150 - INFO - task : ['VEHICLE', 'PEDESTRIAN', 'CYCLIST'], loss: 2.0627, hm_loss: 0.0000, loc_loss: 0.5853, loc_loss_elem: ['0.0972', '0.0843', '0.0844', '0.0582', '0.0627', '0.0722', '0.0523', '0.0740'], num_positive: 196.4000, roi_reg_loss: 0.6534, roi_cls_loss: 0.2388

2022-05-20 15:04:23,917 - INFO - Epoch [5/6][5/133]	lr: 0.00029, eta: 0:26:55, time: 7.307, data_time: 1.046, transfer_time: 0.079, forward_time: 5.825, loss_parse_time: 0.000 memory: 11634, 
2022-05-20 15:04:23,917 - INFO - task : ['VEHICLE', 'PEDESTRIAN', 'CYCLIST'], loss: 2.0155, hm_loss: 0.0000, loc_loss: 0.5873, loc_loss_elem: ['0.0999', '0.0847', '0.0791', '0.0630', '0.0670', '0.0693', '0.0576', '0.0668'], num_positive: 169.2000, roi_reg_loss: 0.6192, roi_cls_loss: 0.2217

2022-05-20 15:04:55,181 - INFO - Epoch [5/6][10/133]	lr: 0.00028, eta: 0:26:24, time: 6.253, data_time: 0.061, transfer_time: 0.071, forward_time: 5.772, loss_parse_time: 0.000 memory: 11634, 
2022-05-20 15:04:55,181 - INFO - task : ['VEHICLE', 'PEDESTRIAN', 'CYCLIST'], loss: 2.0422, hm_loss: 0.0000, loc_loss: 0.6246, loc_loss_elem: ['0.1055', '0.0850', '0.0805', '0.0599', '0.0707', '0.0782', '0.0655', '0.0793'], num_positive: 124.6000, roi_reg_loss: 0.6246, roi_cls_loss: 0.1685

2022-05-20 15:05:26,466 - INFO - Epoch [5/6][15/133]	lr: 0.00027, eta: 0:25:53, time: 6.257, data_time: 0.063, transfer_time: 0.071, forward_time: 5.781, loss_parse_time: 0.000 memory: 11634, 
2022-05-20 15:05:26,466 - INFO - task : ['VEHICLE', 'PEDESTRIAN', 'CYCLIST'], loss: 2.1952, hm_loss: 0.0000, loc_loss: 0.6706, loc_loss_elem: ['0.1065', '0.0898', '0.1167', '0.0571', '0.0577', '0.0741', '0.0798', '0.0889'], num_positive: 147.4000, roi_reg_loss: 0.6493, roi_cls_loss: 0.2047

2022-05-20 15:05:57,912 - INFO - Epoch [5/6][20/133]	lr: 0.00026, eta: 0:25:22, time: 6.287, data_time: 0.059, transfer_time: 0.069, forward_time: 5.817, loss_parse_time: 0.000 memory: 11634, 
2022-05-20 15:05:57,912 - INFO - task : ['VEHICLE', 'PEDESTRIAN', 'CYCLIST'], loss: 2.0997, hm_loss: 0.0000, loc_loss: 0.6009, loc_loss_elem: ['0.0970', '0.0890', '0.0916', '0.0565', '0.0562', '0.0735', '0.0610', '0.0761'], num_positive: 203.8000, roi_reg_loss: 0.6392, roi_cls_loss: 0.2587

2022-05-20 15:06:29,206 - INFO - Epoch [5/6][25/133]	lr: 0.00025, eta: 0:24:52, time: 6.258, data_time: 0.071, transfer_time: 0.072, forward_time: 5.764, loss_parse_time: 0.000 memory: 11634, 
2022-05-20 15:06:29,206 - INFO - task : ['VEHICLE', 'PEDESTRIAN', 'CYCLIST'], loss: 1.9898, hm_loss: 0.0000, loc_loss: 0.5737, loc_loss_elem: ['0.1044', '0.0832', '0.0841', '0.0542', '0.0574', '0.0722', '0.0508', '0.0674'], num_positive: 171.8000, roi_reg_loss: 0.6155, roi_cls_loss: 0.2271

2022-05-20 15:07:00,525 - INFO - Epoch [5/6][30/133]	lr: 0.00025, eta: 0:24:21, time: 6.266, data_time: 0.068, transfer_time: 0.073, forward_time: 5.785, loss_parse_time: 0.000 memory: 11634, 
2022-05-20 15:07:00,525 - INFO - task : ['VEHICLE', 'PEDESTRIAN', 'CYCLIST'], loss: 2.0214, hm_loss: 0.0000, loc_loss: 0.5764, loc_loss_elem: ['0.0933', '0.0813', '0.0805', '0.0630', '0.0665', '0.0626', '0.0625', '0.0666'], num_positive: 203.8000, roi_reg_loss: 0.6299, roi_cls_loss: 0.2387

2022-05-20 15:07:32,025 - INFO - Epoch [5/6][35/133]	lr: 0.00024, eta: 0:23:50, time: 6.301, data_time: 0.061, transfer_time: 0.072, forward_time: 5.810, loss_parse_time: 0.000 memory: 11634, 
2022-05-20 15:07:32,025 - INFO - task : ['VEHICLE', 'PEDESTRIAN', 'CYCLIST'], loss: 2.0375, hm_loss: 0.0000, loc_loss: 0.5980, loc_loss_elem: ['0.1098', '0.0845', '0.0978', '0.0547', '0.0595', '0.0774', '0.0518', '0.0624'], num_positive: 160.0000, roi_reg_loss: 0.6327, roi_cls_loss: 0.2087

2022-05-20 15:08:03,371 - INFO - Epoch [5/6][40/133]	lr: 0.00023, eta: 0:23:19, time: 6.268, data_time: 0.061, transfer_time: 0.071, forward_time: 5.791, loss_parse_time: 0.000 memory: 11634, 
2022-05-20 15:08:03,371 - INFO - task : ['VEHICLE', 'PEDESTRIAN', 'CYCLIST'], loss: 2.0049, hm_loss: 0.0000, loc_loss: 0.5777, loc_loss_elem: ['0.0966', '0.0805', '0.0807', '0.0546', '0.0560', '0.0656', '0.0633', '0.0803'], num_positive: 181.6000, roi_reg_loss: 0.6167, roi_cls_loss: 0.2327

2022-05-20 15:08:34,955 - INFO - Epoch [5/6][45/133]	lr: 0.00022, eta: 0:22:49, time: 6.317, data_time: 0.064, transfer_time: 0.072, forward_time: 5.808, loss_parse_time: 0.000 memory: 11739, 
2022-05-20 15:08:34,955 - INFO - task : ['VEHICLE', 'PEDESTRIAN', 'CYCLIST'], loss: 2.1515, hm_loss: 0.0000, loc_loss: 0.6315, loc_loss_elem: ['0.1047', '0.0915', '0.0879', '0.0606', '0.0655', '0.0720', '0.0695', '0.0797'], num_positive: 164.8000, roi_reg_loss: 0.6772, roi_cls_loss: 0.2114

2022-05-20 15:09:06,261 - INFO - Epoch [5/6][50/133]	lr: 0.00021, eta: 0:22:18, time: 6.261, data_time: 0.064, transfer_time: 0.074, forward_time: 5.789, loss_parse_time: 0.000 memory: 11739, 
2022-05-20 15:09:06,261 - INFO - task : ['VEHICLE', 'PEDESTRIAN', 'CYCLIST'], loss: 2.1341, hm_loss: 0.0000, loc_loss: 0.6431, loc_loss_elem: ['0.1056', '0.0926', '0.0976', '0.0614', '0.0640', '0.0777', '0.0614', '0.0827'], num_positive: 116.0000, roi_reg_loss: 0.6616, roi_cls_loss: 0.1863

2022-05-20 15:09:37,663 - INFO - Epoch [5/6][55/133]	lr: 0.00021, eta: 0:21:47, time: 6.280, data_time: 0.068, transfer_time: 0.070, forward_time: 5.798, loss_parse_time: 0.000 memory: 11739, 
2022-05-20 15:09:37,664 - INFO - task : ['VEHICLE', 'PEDESTRIAN', 'CYCLIST'], loss: 2.1005, hm_loss: 0.0000, loc_loss: 0.6060, loc_loss_elem: ['0.1037', '0.0897', '0.0817', '0.0555', '0.0560', '0.0701', '0.0576', '0.0917'], num_positive: 186.4000, roi_reg_loss: 0.6549, roi_cls_loss: 0.2336

2022-05-20 15:10:09,189 - INFO - Epoch [5/6][60/133]	lr: 0.00020, eta: 0:21:16, time: 6.305, data_time: 0.069, transfer_time: 0.073, forward_time: 5.817, loss_parse_time: 0.000 memory: 11739, 
2022-05-20 15:10:09,189 - INFO - task : ['VEHICLE', 'PEDESTRIAN', 'CYCLIST'], loss: 2.0635, hm_loss: 0.0000, loc_loss: 0.6141, loc_loss_elem: ['0.1135', '0.0880', '0.0900', '0.0536', '0.0575', '0.0739', '0.0641', '0.0734'], num_positive: 130.4000, roi_reg_loss: 0.6577, roi_cls_loss: 0.1777

2022-05-20 15:10:40,432 - INFO - Epoch [5/6][65/133]	lr: 0.00019, eta: 0:20:45, time: 6.249, data_time: 0.063, transfer_time: 0.071, forward_time: 5.775, loss_parse_time: 0.000 memory: 11739, 
2022-05-20 15:10:40,432 - INFO - task : ['VEHICLE', 'PEDESTRIAN', 'CYCLIST'], loss: 1.9050, hm_loss: 0.0000, loc_loss: 0.5494, loc_loss_elem: ['0.0977', '0.0790', '0.0728', '0.0566', '0.0583', '0.0693', '0.0481', '0.0676'], num_positive: 198.4000, roi_reg_loss: 0.5808, roi_cls_loss: 0.2253

2022-05-20 15:11:11,728 - INFO - Epoch [5/6][70/133]	lr: 0.00018, eta: 0:20:14, time: 6.259, data_time: 0.065, transfer_time: 0.073, forward_time: 5.778, loss_parse_time: 0.000 memory: 11739, 
2022-05-20 15:11:11,728 - INFO - task : ['VEHICLE', 'PEDESTRIAN', 'CYCLIST'], loss: 2.0368, hm_loss: 0.0000, loc_loss: 0.6091, loc_loss_elem: ['0.1019', '0.0885', '0.0800', '0.0548', '0.0610', '0.0775', '0.0541', '0.0914'], num_positive: 139.8000, roi_reg_loss: 0.6304, roi_cls_loss: 0.1881

2022-05-20 15:11:43,039 - INFO - Epoch [5/6][75/133]	lr: 0.00017, eta: 0:19:43, time: 6.262, data_time: 0.069, transfer_time: 0.073, forward_time: 5.774, loss_parse_time: 0.000 memory: 11739, 
2022-05-20 15:11:43,039 - INFO - task : ['VEHICLE', 'PEDESTRIAN', 'CYCLIST'], loss: 1.9633, hm_loss: 0.0000, loc_loss: 0.5631, loc_loss_elem: ['0.0989', '0.0869', '0.0795', '0.0558', '0.0587', '0.0686', '0.0453', '0.0692'], num_positive: 177.4000, roi_reg_loss: 0.6235, roi_cls_loss: 0.2136

2022-05-20 15:12:14,393 - INFO - Epoch [5/6][80/133]	lr: 0.00017, eta: 0:19:13, time: 6.271, data_time: 0.070, transfer_time: 0.074, forward_time: 5.771, loss_parse_time: 0.000 memory: 11739, 
2022-05-20 15:12:14,393 - INFO - task : ['VEHICLE', 'PEDESTRIAN', 'CYCLIST'], loss: 1.9127, hm_loss: 0.0000, loc_loss: 0.5478, loc_loss_elem: ['0.1013', '0.0751', '0.0774', '0.0600', '0.0634', '0.0680', '0.0430', '0.0598'], num_positive: 170.8000, roi_reg_loss: 0.6012, roi_cls_loss: 0.2158

2022-05-20 15:12:45,780 - INFO - Epoch [5/6][85/133]	lr: 0.00016, eta: 0:18:42, time: 6.280, data_time: 0.069, transfer_time: 0.074, forward_time: 5.766, loss_parse_time: 0.000 memory: 11739, 
2022-05-20 15:12:45,780 - INFO - task : ['VEHICLE', 'PEDESTRIAN', 'CYCLIST'], loss: 2.0026, hm_loss: 0.0000, loc_loss: 0.5838, loc_loss_elem: ['0.1075', '0.0825', '0.0797', '0.0571', '0.0634', '0.0730', '0.0485', '0.0721'], num_positive: 152.8000, roi_reg_loss: 0.6481, roi_cls_loss: 0.1869

2022-05-20 15:13:17,298 - INFO - Epoch [5/6][90/133]	lr: 0.00015, eta: 0:18:11, time: 6.303, data_time: 0.064, transfer_time: 0.075, forward_time: 5.786, loss_parse_time: 0.000 memory: 11851, 
2022-05-20 15:13:17,298 - INFO - task : ['VEHICLE', 'PEDESTRIAN', 'CYCLIST'], loss: 1.8964, hm_loss: 0.0000, loc_loss: 0.5556, loc_loss_elem: ['0.1009', '0.0755', '0.0799', '0.0519', '0.0583', '0.0612', '0.0543', '0.0735'], num_positive: 132.6000, roi_reg_loss: 0.6191, roi_cls_loss: 0.1660

2022-05-20 15:13:48,519 - INFO - Epoch [5/6][95/133]	lr: 0.00014, eta: 0:17:40, time: 6.242, data_time: 0.071, transfer_time: 0.070, forward_time: 5.774, loss_parse_time: 0.000 memory: 11851, 
2022-05-20 15:13:48,520 - INFO - task : ['VEHICLE', 'PEDESTRIAN', 'CYCLIST'], loss: 1.9320, hm_loss: 0.0000, loc_loss: 0.5696, loc_loss_elem: ['0.1055', '0.0862', '0.0928', '0.0530', '0.0547', '0.0723', '0.0464', '0.0588'], num_positive: 166.2000, roi_reg_loss: 0.5817, roi_cls_loss: 0.2112

2022-05-20 15:14:19,904 - INFO - Epoch [5/6][100/133]	lr: 0.00014, eta: 0:17:09, time: 6.279, data_time: 0.060, transfer_time: 0.072, forward_time: 5.794, loss_parse_time: 0.000 memory: 11851, 
2022-05-20 15:14:19,904 - INFO - task : ['VEHICLE', 'PEDESTRIAN', 'CYCLIST'], loss: 1.9859, hm_loss: 0.0000, loc_loss: 0.5853, loc_loss_elem: ['0.1018', '0.0806', '0.0847', '0.0599', '0.0617', '0.0664', '0.0599', '0.0704'], num_positive: 168.0000, roi_reg_loss: 0.6219, roi_cls_loss: 0.1933

2022-05-20 15:14:51,184 - INFO - Epoch [5/6][105/133]	lr: 0.00013, eta: 0:16:38, time: 6.254, data_time: 0.063, transfer_time: 0.074, forward_time: 5.773, loss_parse_time: 0.000 memory: 11851, 
2022-05-20 15:14:51,184 - INFO - task : ['VEHICLE', 'PEDESTRIAN', 'CYCLIST'], loss: 2.2373, hm_loss: 0.0000, loc_loss: 0.6679, loc_loss_elem: ['0.1104', '0.1043', '0.1130', '0.0559', '0.0561', '0.0827', '0.0672', '0.0784'], num_positive: 152.0000, roi_reg_loss: 0.6870, roi_cls_loss: 0.2144

2022-05-20 15:15:22,476 - INFO - Epoch [5/6][110/133]	lr: 0.00012, eta: 0:16:07, time: 6.260, data_time: 0.065, transfer_time: 0.072, forward_time: 5.769, loss_parse_time: 0.000 memory: 11851, 
2022-05-20 15:15:22,476 - INFO - task : ['VEHICLE', 'PEDESTRIAN', 'CYCLIST'], loss: 1.9634, hm_loss: 0.0000, loc_loss: 0.5633, loc_loss_elem: ['0.1030', '0.0827', '0.0804', '0.0566', '0.0578', '0.0663', '0.0544', '0.0621'], num_positive: 210.8000, roi_reg_loss: 0.6004, roi_cls_loss: 0.2365

2022-05-20 15:15:53,717 - INFO - Epoch [5/6][115/133]	lr: 0.00011, eta: 0:15:36, time: 6.246, data_time: 0.067, transfer_time: 0.070, forward_time: 5.762, loss_parse_time: 0.000 memory: 11851, 
2022-05-20 15:15:53,717 - INFO - task : ['VEHICLE', 'PEDESTRIAN', 'CYCLIST'], loss: 2.0385, hm_loss: 0.0000, loc_loss: 0.6081, loc_loss_elem: ['0.1069', '0.0844', '0.0740', '0.0559', '0.0618', '0.0693', '0.0601', '0.0957'], num_positive: 179.4000, roi_reg_loss: 0.6082, roi_cls_loss: 0.2141

2022-05-20 15:16:24,860 - INFO - Epoch [5/6][120/133]	lr: 0.00011, eta: 0:15:05, time: 6.231, data_time: 0.070, transfer_time: 0.073, forward_time: 5.751, loss_parse_time: 0.000 memory: 11851, 
2022-05-20 15:16:24,860 - INFO - task : ['VEHICLE', 'PEDESTRIAN', 'CYCLIST'], loss: 1.9566, hm_loss: 0.0000, loc_loss: 0.5621, loc_loss_elem: ['0.1040', '0.0817', '0.0808', '0.0541', '0.0591', '0.0637', '0.0564', '0.0624'], num_positive: 197.8000, roi_reg_loss: 0.5905, roi_cls_loss: 0.2420

2022-05-20 15:16:56,301 - INFO - Epoch [5/6][125/133]	lr: 0.00010, eta: 0:14:34, time: 6.288, data_time: 0.065, transfer_time: 0.073, forward_time: 5.793, loss_parse_time: 0.000 memory: 11851, 
2022-05-20 15:16:56,301 - INFO - task : ['VEHICLE', 'PEDESTRIAN', 'CYCLIST'], loss: 2.1325, hm_loss: 0.0000, loc_loss: 0.6364, loc_loss_elem: ['0.0965', '0.0843', '0.0867', '0.0625', '0.0636', '0.0712', '0.0794', '0.0921'], num_positive: 174.2000, roi_reg_loss: 0.6552, roi_cls_loss: 0.2045

2022-05-20 15:17:27,474 - INFO - Epoch [5/6][130/133]	lr: 0.00009, eta: 0:14:03, time: 6.232, data_time: 0.067, transfer_time: 0.071, forward_time: 5.757, loss_parse_time: 0.000 memory: 11851, 
2022-05-20 15:17:27,474 - INFO - task : ['VEHICLE', 'PEDESTRIAN', 'CYCLIST'], loss: 2.0581, hm_loss: 0.0000, loc_loss: 0.6016, loc_loss_elem: ['0.1108', '0.0851', '0.0933', '0.0569', '0.0550', '0.0710', '0.0672', '0.0624'], num_positive: 176.4000, roi_reg_loss: 0.6291, roi_cls_loss: 0.2257

2022-05-20 15:18:22,946 - INFO - Epoch [6/6][5/133]	lr: 0.00008, eta: 0:13:11, time: 7.274, data_time: 1.024, transfer_time: 0.074, forward_time: 5.827, loss_parse_time: 0.000 memory: 11851, 
2022-05-20 15:18:22,947 - INFO - task : ['VEHICLE', 'PEDESTRIAN', 'CYCLIST'], loss: 2.0162, hm_loss: 0.0000, loc_loss: 0.5913, loc_loss_elem: ['0.1083', '0.0930', '0.0863', '0.0540', '0.0516', '0.0781', '0.0559', '0.0642'], num_positive: 150.6000, roi_reg_loss: 0.6400, roi_cls_loss: 0.1935

2022-05-20 15:18:54,245 - INFO - Epoch [6/6][10/133]	lr: 0.00008, eta: 0:12:40, time: 6.260, data_time: 0.062, transfer_time: 0.071, forward_time: 5.778, loss_parse_time: 0.000 memory: 11851, 
2022-05-20 15:18:54,245 - INFO - task : ['VEHICLE', 'PEDESTRIAN', 'CYCLIST'], loss: 1.9100, hm_loss: 0.0000, loc_loss: 0.5638, loc_loss_elem: ['0.1009', '0.0812', '0.0803', '0.0551', '0.0561', '0.0662', '0.0511', '0.0729'], num_positive: 163.2000, roi_reg_loss: 0.5916, roi_cls_loss: 0.1907

2022-05-20 15:19:25,912 - INFO - Epoch [6/6][15/133]	lr: 0.00007, eta: 0:12:09, time: 6.331, data_time: 0.079, transfer_time: 0.073, forward_time: 5.821, loss_parse_time: 0.000 memory: 11851, 
2022-05-20 15:19:25,912 - INFO - task : ['VEHICLE', 'PEDESTRIAN', 'CYCLIST'], loss: 1.9892, hm_loss: 0.0000, loc_loss: 0.6070, loc_loss_elem: ['0.1022', '0.0904', '0.0848', '0.0594', '0.0627', '0.0775', '0.0599', '0.0702'], num_positive: 135.0000, roi_reg_loss: 0.5995, roi_cls_loss: 0.1756

2022-05-20 15:19:57,339 - INFO - Epoch [6/6][20/133]	lr: 0.00007, eta: 0:11:39, time: 6.288, data_time: 0.069, transfer_time: 0.073, forward_time: 5.782, loss_parse_time: 0.000 memory: 11851, 
2022-05-20 15:19:57,339 - INFO - task : ['VEHICLE', 'PEDESTRIAN', 'CYCLIST'], loss: 2.0051, hm_loss: 0.0000, loc_loss: 0.5982, loc_loss_elem: ['0.1073', '0.0894', '0.0946', '0.0569', '0.0623', '0.0775', '0.0492', '0.0609'], num_positive: 149.8000, roi_reg_loss: 0.6267, roi_cls_loss: 0.1820

2022-05-20 15:20:28,973 - INFO - Epoch [6/6][25/133]	lr: 0.00006, eta: 0:11:08, time: 6.325, data_time: 0.063, transfer_time: 0.074, forward_time: 5.807, loss_parse_time: 0.000 memory: 11851, 
2022-05-20 15:20:28,973 - INFO - task : ['VEHICLE', 'PEDESTRIAN', 'CYCLIST'], loss: 2.0563, hm_loss: 0.0000, loc_loss: 0.6281, loc_loss_elem: ['0.1081', '0.0888', '0.0849', '0.0570', '0.0593', '0.0688', '0.0695', '0.0917'], num_positive: 132.2000, roi_reg_loss: 0.6287, roi_cls_loss: 0.1713

2022-05-20 15:21:00,611 - INFO - Epoch [6/6][30/133]	lr: 0.00006, eta: 0:10:37, time: 6.328, data_time: 0.058, transfer_time: 0.073, forward_time: 5.840, loss_parse_time: 0.000 memory: 11851, 
2022-05-20 15:21:00,611 - INFO - task : ['VEHICLE', 'PEDESTRIAN', 'CYCLIST'], loss: 2.1026, hm_loss: 0.0000, loc_loss: 0.6170, loc_loss_elem: ['0.1013', '0.0925', '0.0987', '0.0517', '0.0506', '0.0787', '0.0617', '0.0819'], num_positive: 166.4000, roi_reg_loss: 0.6532, roi_cls_loss: 0.2154

2022-05-20 15:21:31,875 - INFO - Epoch [6/6][35/133]	lr: 0.00005, eta: 0:10:06, time: 6.255, data_time: 0.062, transfer_time: 0.070, forward_time: 5.777, loss_parse_time: 0.000 memory: 11851, 
2022-05-20 15:21:31,875 - INFO - task : ['VEHICLE', 'PEDESTRIAN', 'CYCLIST'], loss: 1.9860, hm_loss: 0.0000, loc_loss: 0.5891, loc_loss_elem: ['0.0959', '0.0812', '0.0934', '0.0583', '0.0638', '0.0650', '0.0586', '0.0730'], num_positive: 175.2000, roi_reg_loss: 0.5911, roi_cls_loss: 0.2167

2022-05-20 15:22:03,097 - INFO - Epoch [6/6][40/133]	lr: 0.00005, eta: 0:09:35, time: 6.244, data_time: 0.068, transfer_time: 0.073, forward_time: 5.777, loss_parse_time: 0.000 memory: 11851, 
2022-05-20 15:22:03,098 - INFO - task : ['VEHICLE', 'PEDESTRIAN', 'CYCLIST'], loss: 2.0918, hm_loss: 0.0000, loc_loss: 0.6274, loc_loss_elem: ['0.0999', '0.0917', '0.0963', '0.0582', '0.0631', '0.0742', '0.0594', '0.0845'], num_positive: 195.0000, roi_reg_loss: 0.5971, roi_cls_loss: 0.2400

2022-05-20 15:22:34,453 - INFO - Epoch [6/6][45/133]	lr: 0.00004, eta: 0:09:04, time: 6.272, data_time: 0.068, transfer_time: 0.071, forward_time: 5.790, loss_parse_time: 0.000 memory: 11851, 
2022-05-20 15:22:34,453 - INFO - task : ['VEHICLE', 'PEDESTRIAN', 'CYCLIST'], loss: 1.8739, hm_loss: 0.0000, loc_loss: 0.5527, loc_loss_elem: ['0.1016', '0.0813', '0.0795', '0.0567', '0.0577', '0.0685', '0.0450', '0.0624'], num_positive: 156.8000, roi_reg_loss: 0.5673, roi_cls_loss: 0.2014

2022-05-20 15:23:05,577 - INFO - Epoch [6/6][50/133]	lr: 0.00004, eta: 0:08:33, time: 6.223, data_time: 0.063, transfer_time: 0.072, forward_time: 5.760, loss_parse_time: 0.000 memory: 11851, 
2022-05-20 15:23:05,577 - INFO - task : ['VEHICLE', 'PEDESTRIAN', 'CYCLIST'], loss: 1.9492, hm_loss: 0.0000, loc_loss: 0.5674, loc_loss_elem: ['0.1016', '0.0823', '0.0812', '0.0561', '0.0565', '0.0696', '0.0531', '0.0669'], num_positive: 171.2000, roi_reg_loss: 0.6076, roi_cls_loss: 0.2069

2022-05-20 15:23:36,890 - INFO - Epoch [6/6][55/133]	lr: 0.00003, eta: 0:08:02, time: 6.263, data_time: 0.062, transfer_time: 0.073, forward_time: 5.787, loss_parse_time: 0.000 memory: 11851, 
2022-05-20 15:23:36,890 - INFO - task : ['VEHICLE', 'PEDESTRIAN', 'CYCLIST'], loss: 2.0555, hm_loss: 0.0000, loc_loss: 0.6087, loc_loss_elem: ['0.1049', '0.0882', '0.0962', '0.0534', '0.0569', '0.0740', '0.0561', '0.0791'], num_positive: 154.8000, roi_reg_loss: 0.6172, roi_cls_loss: 0.2210

2022-05-20 15:24:08,143 - INFO - Epoch [6/6][60/133]	lr: 0.00003, eta: 0:07:31, time: 6.251, data_time: 0.068, transfer_time: 0.072, forward_time: 5.763, loss_parse_time: 0.000 memory: 11851, 
2022-05-20 15:24:08,143 - INFO - task : ['VEHICLE', 'PEDESTRIAN', 'CYCLIST'], loss: 2.0566, hm_loss: 0.0000, loc_loss: 0.5988, loc_loss_elem: ['0.1089', '0.0889', '0.0929', '0.0536', '0.0536', '0.0775', '0.0503', '0.0732'], num_positive: 159.8000, roi_reg_loss: 0.6404, roi_cls_loss: 0.2187

2022-05-20 15:24:39,504 - INFO - Epoch [6/6][65/133]	lr: 0.00003, eta: 0:07:01, time: 6.272, data_time: 0.065, transfer_time: 0.072, forward_time: 5.775, loss_parse_time: 0.000 memory: 11851, 
2022-05-20 15:24:39,505 - INFO - task : ['VEHICLE', 'PEDESTRIAN', 'CYCLIST'], loss: 1.9563, hm_loss: 0.0000, loc_loss: 0.5833, loc_loss_elem: ['0.1079', '0.0831', '0.0812', '0.0581', '0.0640', '0.0632', '0.0516', '0.0742'], num_positive: 191.8000, roi_reg_loss: 0.5779, roi_cls_loss: 0.2117

2022-05-20 15:25:10,822 - INFO - Epoch [6/6][70/133]	lr: 0.00002, eta: 0:06:30, time: 6.265, data_time: 0.071, transfer_time: 0.073, forward_time: 5.779, loss_parse_time: 0.000 memory: 11851, 
2022-05-20 15:25:10,822 - INFO - task : ['VEHICLE', 'PEDESTRIAN', 'CYCLIST'], loss: 2.0270, hm_loss: 0.0000, loc_loss: 0.5945, loc_loss_elem: ['0.1062', '0.0889', '0.0851', '0.0583', '0.0599', '0.0677', '0.0466', '0.0818'], num_positive: 155.8000, roi_reg_loss: 0.6230, roi_cls_loss: 0.2151

2022-05-20 15:25:42,003 - INFO - Epoch [6/6][75/133]	lr: 0.00002, eta: 0:05:59, time: 6.236, data_time: 0.062, transfer_time: 0.070, forward_time: 5.772, loss_parse_time: 0.000 memory: 11851, 
2022-05-20 15:25:42,003 - INFO - task : ['VEHICLE', 'PEDESTRIAN', 'CYCLIST'], loss: 1.9026, hm_loss: 0.0000, loc_loss: 0.5694, loc_loss_elem: ['0.1023', '0.0784', '0.0743', '0.0604', '0.0674', '0.0678', '0.0580', '0.0609'], num_positive: 158.6000, roi_reg_loss: 0.5696, roi_cls_loss: 0.1943

2022-05-20 15:26:13,273 - INFO - Epoch [6/6][80/133]	lr: 0.00002, eta: 0:05:28, time: 6.254, data_time: 0.057, transfer_time: 0.069, forward_time: 5.782, loss_parse_time: 0.000 memory: 11851, 
2022-05-20 15:26:13,273 - INFO - task : ['VEHICLE', 'PEDESTRIAN', 'CYCLIST'], loss: 2.0089, hm_loss: 0.0000, loc_loss: 0.5952, loc_loss_elem: ['0.1100', '0.0902', '0.0908', '0.0516', '0.0552', '0.0768', '0.0475', '0.0731'], num_positive: 148.6000, roi_reg_loss: 0.5914, roi_cls_loss: 0.2272

2022-05-20 15:26:44,553 - INFO - Epoch [6/6][85/133]	lr: 0.00001, eta: 0:04:57, time: 6.256, data_time: 0.063, transfer_time: 0.072, forward_time: 5.783, loss_parse_time: 0.000 memory: 11851, 
2022-05-20 15:26:44,553 - INFO - task : ['VEHICLE', 'PEDESTRIAN', 'CYCLIST'], loss: 1.9384, hm_loss: 0.0000, loc_loss: 0.5755, loc_loss_elem: ['0.1047', '0.0802', '0.0817', '0.0559', '0.0638', '0.0706', '0.0515', '0.0671'], num_positive: 179.8000, roi_reg_loss: 0.5674, roi_cls_loss: 0.2199

2022-05-20 15:27:15,782 - INFO - Epoch [6/6][90/133]	lr: 0.00001, eta: 0:04:26, time: 6.246, data_time: 0.058, transfer_time: 0.072, forward_time: 5.771, loss_parse_time: 0.000 memory: 11851, 
2022-05-20 15:27:15,783 - INFO - task : ['VEHICLE', 'PEDESTRIAN', 'CYCLIST'], loss: 1.8899, hm_loss: 0.0000, loc_loss: 0.5528, loc_loss_elem: ['0.0962', '0.0846', '0.0857', '0.0537', '0.0560', '0.0703', '0.0522', '0.0541'], num_positive: 165.6000, roi_reg_loss: 0.5883, roi_cls_loss: 0.1959

2022-05-20 15:27:47,290 - INFO - Epoch [6/6][95/133]	lr: 0.00001, eta: 0:03:55, time: 6.301, data_time: 0.072, transfer_time: 0.073, forward_time: 5.796, loss_parse_time: 0.000 memory: 11851, 
2022-05-20 15:27:47,290 - INFO - task : ['VEHICLE', 'PEDESTRIAN', 'CYCLIST'], loss: 1.8865, hm_loss: 0.0000, loc_loss: 0.5775, loc_loss_elem: ['0.0944', '0.0802', '0.0906', '0.0564', '0.0638', '0.0709', '0.0669', '0.0543'], num_positive: 116.0000, roi_reg_loss: 0.5780, roi_cls_loss: 0.1534

2022-05-20 15:28:18,529 - INFO - Epoch [6/6][100/133]	lr: 0.00001, eta: 0:03:24, time: 6.248, data_time: 0.076, transfer_time: 0.073, forward_time: 5.772, loss_parse_time: 0.000 memory: 11851, 
2022-05-20 15:28:18,530 - INFO - task : ['VEHICLE', 'PEDESTRIAN', 'CYCLIST'], loss: 2.1165, hm_loss: 0.0000, loc_loss: 0.6275, loc_loss_elem: ['0.1016', '0.0908', '0.1010', '0.0580', '0.0600', '0.0718', '0.0654', '0.0790'], num_positive: 198.0000, roi_reg_loss: 0.6185, roi_cls_loss: 0.2429

2022-05-20 15:28:49,794 - INFO - Epoch [6/6][105/133]	lr: 0.00000, eta: 0:02:53, time: 6.250, data_time: 0.063, transfer_time: 0.075, forward_time: 5.770, loss_parse_time: 0.000 memory: 11851, 
2022-05-20 15:28:49,794 - INFO - task : ['VEHICLE', 'PEDESTRIAN', 'CYCLIST'], loss: 2.0555, hm_loss: 0.0000, loc_loss: 0.6300, loc_loss_elem: ['0.1077', '0.0845', '0.0839', '0.0602', '0.0595', '0.0763', '0.0774', '0.0804'], num_positive: 148.8000, roi_reg_loss: 0.6047, roi_cls_loss: 0.1908

2022-05-20 15:29:20,981 - INFO - Epoch [6/6][110/133]	lr: 0.00000, eta: 0:02:22, time: 6.240, data_time: 0.067, transfer_time: 0.074, forward_time: 5.752, loss_parse_time: 0.000 memory: 11851, 
2022-05-20 15:29:20,981 - INFO - task : ['VEHICLE', 'PEDESTRIAN', 'CYCLIST'], loss: 2.0503, hm_loss: 0.0000, loc_loss: 0.6038, loc_loss_elem: ['0.1021', '0.0897', '0.0897', '0.0582', '0.0585', '0.0746', '0.0559', '0.0753'], num_positive: 194.2000, roi_reg_loss: 0.6175, roi_cls_loss: 0.2252

2022-05-20 15:29:52,404 - INFO - Epoch [6/6][115/133]	lr: 0.00000, eta: 0:01:51, time: 6.285, data_time: 0.061, transfer_time: 0.071, forward_time: 5.798, loss_parse_time: 0.000 memory: 11851, 
2022-05-20 15:29:52,404 - INFO - task : ['VEHICLE', 'PEDESTRIAN', 'CYCLIST'], loss: 1.9496, hm_loss: 0.0000, loc_loss: 0.5760, loc_loss_elem: ['0.1063', '0.0791', '0.0825', '0.0567', '0.0612', '0.0715', '0.0470', '0.0716'], num_positive: 174.4000, roi_reg_loss: 0.5796, roi_cls_loss: 0.2181

2022-05-20 15:30:23,868 - INFO - Epoch [6/6][120/133]	lr: 0.00000, eta: 0:01:20, time: 6.291, data_time: 0.057, transfer_time: 0.076, forward_time: 5.794, loss_parse_time: 0.000 memory: 11851, 
2022-05-20 15:30:23,868 - INFO - task : ['VEHICLE', 'PEDESTRIAN', 'CYCLIST'], loss: 2.0953, hm_loss: 0.0000, loc_loss: 0.6495, loc_loss_elem: ['0.0972', '0.0920', '0.0878', '0.0639', '0.0675', '0.0678', '0.0699', '0.1033'], num_positive: 173.4000, roi_reg_loss: 0.5888, roi_cls_loss: 0.2075

2022-05-20 15:30:55,389 - INFO - Epoch [6/6][125/133]	lr: 0.00000, eta: 0:00:49, time: 6.304, data_time: 0.065, transfer_time: 0.072, forward_time: 5.802, loss_parse_time: 0.000 memory: 11851, 
2022-05-20 15:30:55,389 - INFO - task : ['VEHICLE', 'PEDESTRIAN', 'CYCLIST'], loss: 1.9267, hm_loss: 0.0000, loc_loss: 0.5704, loc_loss_elem: ['0.0994', '0.0796', '0.0929', '0.0568', '0.0612', '0.0702', '0.0475', '0.0629'], num_positive: 167.2000, roi_reg_loss: 0.5880, roi_cls_loss: 0.1979

2022-05-20 15:31:26,840 - INFO - Epoch [6/6][130/133]	lr: 0.00000, eta: 0:00:18, time: 6.291, data_time: 0.064, transfer_time: 0.069, forward_time: 5.784, loss_parse_time: 0.000 memory: 11851, 
2022-05-20 15:31:26,840 - INFO - task : ['VEHICLE', 'PEDESTRIAN', 'CYCLIST'], loss: 2.0119, hm_loss: 0.0000, loc_loss: 0.5756, loc_loss_elem: ['0.1042', '0.0823', '0.0838', '0.0582', '0.0516', '0.0680', '0.0645', '0.0629'], num_positive: 191.4000, roi_reg_loss: 0.6289, roi_cls_loss: 0.2318

