2022-05-18 19:44:30,519 - INFO - Start running, host: root@38c34f86dda2, work_dir: /code/CenterPoint/work_dirs/waymo_centerpoint_voxelnet_two_stage_bev_5point_ft_6epoch_freeze_fusion
2022-05-18 19:44:30,519 - INFO - workflow: [('train', 1)], max: 6 epochs
2022-05-18 19:45:08,288 - INFO - Epoch [1/6][5/133]	lr: 0.00005, eta: 1:39:47, time: 7.551, data_time: 1.076, transfer_time: 0.075, forward_time: 6.044, loss_parse_time: 0.000 memory: 10648, 
2022-05-18 19:45:08,288 - INFO - task : ['VEHICLE', 'PEDESTRIAN', 'CYCLIST'], loss: 2.9108, hm_loss: 0.0000, loc_loss: 0.6066, loc_loss_elem: ['0.1032', '0.0887', '0.0813', '0.0609', '0.0619', '0.0660', '0.0615', '0.0832'], num_positive: 178.8000, roi_reg_loss: 0.9453, roi_cls_loss: 0.7523

2022-05-18 19:45:40,251 - INFO - Epoch [1/6][10/133]	lr: 0.00005, eta: 1:31:34, time: 6.394, data_time: 0.064, transfer_time: 0.071, forward_time: 5.916, loss_parse_time: 0.000 memory: 10648, 
2022-05-18 19:45:40,251 - INFO - task : ['VEHICLE', 'PEDESTRIAN', 'CYCLIST'], loss: 2.8069, hm_loss: 0.0000, loc_loss: 0.6292, loc_loss_elem: ['0.1068', '0.0818', '0.0867', '0.0580', '0.0585', '0.0840', '0.0758', '0.0775'], num_positive: 117.0000, roi_reg_loss: 0.9340, roi_cls_loss: 0.6146

2022-05-18 19:46:12,222 - INFO - Epoch [1/6][15/133]	lr: 0.00005, eta: 1:28:28, time: 6.394, data_time: 0.071, transfer_time: 0.070, forward_time: 5.913, loss_parse_time: 0.000 memory: 10668, 
2022-05-18 19:46:12,222 - INFO - task : ['VEHICLE', 'PEDESTRIAN', 'CYCLIST'], loss: 2.7785, hm_loss: 0.0000, loc_loss: 0.6220, loc_loss_elem: ['0.1044', '0.0873', '0.0824', '0.0600', '0.0600', '0.0765', '0.0759', '0.0755'], num_positive: 180.2000, roi_reg_loss: 0.9008, roi_cls_loss: 0.6338

2022-05-18 19:46:44,506 - INFO - Epoch [1/6][20/133]	lr: 0.00005, eta: 1:26:51, time: 6.458, data_time: 0.068, transfer_time: 0.073, forward_time: 5.969, loss_parse_time: 0.000 memory: 11076, 
2022-05-18 19:46:44,506 - INFO - task : ['VEHICLE', 'PEDESTRIAN', 'CYCLIST'], loss: 2.8067, hm_loss: 0.0000, loc_loss: 0.6375, loc_loss_elem: ['0.1079', '0.0988', '0.0918', '0.0614', '0.0592', '0.0806', '0.0583', '0.0795'], num_positive: 163.0000, roi_reg_loss: 0.9634, roi_cls_loss: 0.5684

2022-05-18 19:47:16,549 - INFO - Epoch [1/6][25/133]	lr: 0.00006, eta: 1:25:33, time: 6.409, data_time: 0.061, transfer_time: 0.072, forward_time: 5.939, loss_parse_time: 0.000 memory: 11076, 
2022-05-18 19:47:16,549 - INFO - task : ['VEHICLE', 'PEDESTRIAN', 'CYCLIST'], loss: 2.6287, hm_loss: 0.0000, loc_loss: 0.5877, loc_loss_elem: ['0.1018', '0.0797', '0.0771', '0.0621', '0.0650', '0.0685', '0.0621', '0.0715'], num_positive: 221.0000, roi_reg_loss: 0.8981, roi_cls_loss: 0.5552

2022-05-18 19:47:48,728 - INFO - Epoch [1/6][30/133]	lr: 0.00006, eta: 1:24:33, time: 6.434, data_time: 0.067, transfer_time: 0.071, forward_time: 5.934, loss_parse_time: 0.000 memory: 11229, 
2022-05-18 19:47:48,729 - INFO - task : ['VEHICLE', 'PEDESTRIAN', 'CYCLIST'], loss: 2.7248, hm_loss: 0.0000, loc_loss: 0.6276, loc_loss_elem: ['0.1078', '0.0876', '0.0904', '0.0577', '0.0624', '0.0776', '0.0659', '0.0782'], num_positive: 188.4000, roi_reg_loss: 0.9411, roi_cls_loss: 0.5285

2022-05-18 19:48:20,807 - INFO - Epoch [1/6][35/133]	lr: 0.00006, eta: 1:23:39, time: 6.415, data_time: 0.064, transfer_time: 0.068, forward_time: 5.934, loss_parse_time: 0.000 memory: 11229, 
2022-05-18 19:48:20,807 - INFO - task : ['VEHICLE', 'PEDESTRIAN', 'CYCLIST'], loss: 2.7937, hm_loss: 0.0000, loc_loss: 0.6832, loc_loss_elem: ['0.1127', '0.0874', '0.0916', '0.0630', '0.0694', '0.0876', '0.0813', '0.0901'], num_positive: 154.2000, roi_reg_loss: 0.9686, roi_cls_loss: 0.4587

2022-05-18 19:48:53,062 - INFO - Epoch [1/6][40/133]	lr: 0.00007, eta: 1:22:55, time: 6.453, data_time: 0.062, transfer_time: 0.069, forward_time: 5.976, loss_parse_time: 0.000 memory: 11229, 
2022-05-18 19:48:53,063 - INFO - task : ['VEHICLE', 'PEDESTRIAN', 'CYCLIST'], loss: 2.6780, hm_loss: 0.0000, loc_loss: 0.6251, loc_loss_elem: ['0.1195', '0.0868', '0.0905', '0.0590', '0.0632', '0.0692', '0.0520', '0.0849'], num_positive: 146.0000, roi_reg_loss: 0.9838, roi_cls_loss: 0.4439

2022-05-18 19:49:25,085 - INFO - Epoch [1/6][45/133]	lr: 0.00007, eta: 1:22:09, time: 6.405, data_time: 0.063, transfer_time: 0.070, forward_time: 5.933, loss_parse_time: 0.000 memory: 11229, 
2022-05-18 19:49:25,085 - INFO - task : ['VEHICLE', 'PEDESTRIAN', 'CYCLIST'], loss: 2.5556, hm_loss: 0.0000, loc_loss: 0.5977, loc_loss_elem: ['0.0991', '0.0795', '0.0951', '0.0568', '0.0607', '0.0714', '0.0601', '0.0750'], num_positive: 150.2000, roi_reg_loss: 0.9517, roi_cls_loss: 0.4085

2022-05-18 19:49:57,276 - INFO - Epoch [1/6][50/133]	lr: 0.00008, eta: 1:21:28, time: 6.438, data_time: 0.062, transfer_time: 0.071, forward_time: 5.945, loss_parse_time: 0.000 memory: 11229, 
2022-05-18 19:49:57,277 - INFO - task : ['VEHICLE', 'PEDESTRIAN', 'CYCLIST'], loss: 2.4109, hm_loss: 0.0000, loc_loss: 0.5586, loc_loss_elem: ['0.1022', '0.0806', '0.0788', '0.0575', '0.0612', '0.0674', '0.0537', '0.0572'], num_positive: 174.8000, roi_reg_loss: 0.8911, roi_cls_loss: 0.4026

2022-05-18 19:50:29,422 - INFO - Epoch [1/6][55/133]	lr: 0.00008, eta: 1:20:48, time: 6.427, data_time: 0.068, transfer_time: 0.071, forward_time: 5.929, loss_parse_time: 0.000 memory: 11309, 
2022-05-18 19:50:29,422 - INFO - task : ['VEHICLE', 'PEDESTRIAN', 'CYCLIST'], loss: 2.4625, hm_loss: 0.0000, loc_loss: 0.6031, loc_loss_elem: ['0.0930', '0.0784', '0.0833', '0.0600', '0.0656', '0.0683', '0.0787', '0.0758'], num_positive: 147.0000, roi_reg_loss: 0.8938, roi_cls_loss: 0.3625

2022-05-18 19:51:01,524 - INFO - Epoch [1/6][60/133]	lr: 0.00009, eta: 1:20:09, time: 6.422, data_time: 0.067, transfer_time: 0.070, forward_time: 5.945, loss_parse_time: 0.000 memory: 11309, 
2022-05-18 19:51:01,525 - INFO - task : ['VEHICLE', 'PEDESTRIAN', 'CYCLIST'], loss: 2.4856, hm_loss: 0.0000, loc_loss: 0.6176, loc_loss_elem: ['0.1115', '0.0883', '0.0974', '0.0545', '0.0550', '0.0742', '0.0550', '0.0818'], num_positive: 149.4000, roi_reg_loss: 0.8951, roi_cls_loss: 0.3554

2022-05-18 19:51:33,692 - INFO - Epoch [1/6][65/133]	lr: 0.00009, eta: 1:19:32, time: 6.434, data_time: 0.073, transfer_time: 0.072, forward_time: 5.931, loss_parse_time: 0.000 memory: 11333, 
2022-05-18 19:51:33,692 - INFO - task : ['VEHICLE', 'PEDESTRIAN', 'CYCLIST'], loss: 2.5297, hm_loss: 0.0000, loc_loss: 0.6122, loc_loss_elem: ['0.1074', '0.0797', '0.0815', '0.0627', '0.0703', '0.0735', '0.0704', '0.0667'], num_positive: 145.0000, roi_reg_loss: 0.9690, roi_cls_loss: 0.3362

2022-05-18 19:52:05,714 - INFO - Epoch [1/6][70/133]	lr: 0.00010, eta: 1:18:53, time: 6.403, data_time: 0.064, transfer_time: 0.071, forward_time: 5.924, loss_parse_time: 0.000 memory: 11333, 
2022-05-18 19:52:05,714 - INFO - task : ['VEHICLE', 'PEDESTRIAN', 'CYCLIST'], loss: 2.4154, hm_loss: 0.0000, loc_loss: 0.5750, loc_loss_elem: ['0.1041', '0.0792', '0.0799', '0.0597', '0.0610', '0.0668', '0.0538', '0.0705'], num_positive: 227.6000, roi_reg_loss: 0.8900, roi_cls_loss: 0.3755

2022-05-18 19:52:38,127 - INFO - Epoch [1/6][75/133]	lr: 0.00011, eta: 1:18:20, time: 6.483, data_time: 0.063, transfer_time: 0.070, forward_time: 5.986, loss_parse_time: 0.000 memory: 11634, 
2022-05-18 19:52:38,127 - INFO - task : ['VEHICLE', 'PEDESTRIAN', 'CYCLIST'], loss: 2.6768, hm_loss: 0.0000, loc_loss: 0.6900, loc_loss_elem: ['0.1055', '0.1015', '0.1079', '0.0602', '0.0582', '0.0871', '0.0758', '0.0937'], num_positive: 150.8000, roi_reg_loss: 0.9652, roi_cls_loss: 0.3316

2022-05-18 19:53:10,074 - INFO - Epoch [1/6][80/133]	lr: 0.00011, eta: 1:17:42, time: 6.389, data_time: 0.069, transfer_time: 0.071, forward_time: 5.914, loss_parse_time: 0.000 memory: 11634, 
2022-05-18 19:53:10,074 - INFO - task : ['VEHICLE', 'PEDESTRIAN', 'CYCLIST'], loss: 2.3143, hm_loss: 0.0000, loc_loss: 0.5807, loc_loss_elem: ['0.1035', '0.0869', '0.0827', '0.0541', '0.0553', '0.0701', '0.0543', '0.0739'], num_positive: 147.2000, roi_reg_loss: 0.8619, roi_cls_loss: 0.2911

2022-05-18 19:53:42,020 - INFO - Epoch [1/6][85/133]	lr: 0.00012, eta: 1:17:06, time: 6.391, data_time: 0.067, transfer_time: 0.070, forward_time: 5.914, loss_parse_time: 0.000 memory: 11634, 
2022-05-18 19:53:42,020 - INFO - task : ['VEHICLE', 'PEDESTRIAN', 'CYCLIST'], loss: 2.5748, hm_loss: 0.0000, loc_loss: 0.6307, loc_loss_elem: ['0.1072', '0.0818', '0.0782', '0.0610', '0.0701', '0.0670', '0.0818', '0.0835'], num_positive: 224.8000, roi_reg_loss: 0.9235, roi_cls_loss: 0.3899

2022-05-18 19:54:14,489 - INFO - Epoch [1/6][90/133]	lr: 0.00013, eta: 1:16:33, time: 6.494, data_time: 0.064, transfer_time: 0.072, forward_time: 6.006, loss_parse_time: 0.000 memory: 11634, 
2022-05-18 19:54:14,489 - INFO - task : ['VEHICLE', 'PEDESTRIAN', 'CYCLIST'], loss: 2.5817, hm_loss: 0.0000, loc_loss: 0.6806, loc_loss_elem: ['0.1069', '0.0852', '0.0911', '0.0610', '0.0661', '0.0811', '0.0803', '0.1088'], num_positive: 192.0000, roi_reg_loss: 0.8861, roi_cls_loss: 0.3344

2022-05-18 19:54:46,548 - INFO - Epoch [1/6][95/133]	lr: 0.00014, eta: 1:15:58, time: 6.410, data_time: 0.061, transfer_time: 0.072, forward_time: 5.924, loss_parse_time: 0.000 memory: 11634, 
2022-05-18 19:54:46,548 - INFO - task : ['VEHICLE', 'PEDESTRIAN', 'CYCLIST'], loss: 2.4896, hm_loss: 0.0000, loc_loss: 0.6145, loc_loss_elem: ['0.1075', '0.0919', '0.0891', '0.0584', '0.0620', '0.0746', '0.0557', '0.0753'], num_positive: 170.4000, roi_reg_loss: 0.9405, roi_cls_loss: 0.3201

2022-05-18 19:55:18,586 - INFO - Epoch [1/6][100/133]	lr: 0.00015, eta: 1:15:23, time: 6.408, data_time: 0.064, transfer_time: 0.070, forward_time: 5.942, loss_parse_time: 0.000 memory: 11634, 
2022-05-18 19:55:18,586 - INFO - task : ['VEHICLE', 'PEDESTRIAN', 'CYCLIST'], loss: 2.4867, hm_loss: 0.0000, loc_loss: 0.6328, loc_loss_elem: ['0.1100', '0.0876', '0.0958', '0.0534', '0.0555', '0.0778', '0.0665', '0.0863'], num_positive: 152.4000, roi_reg_loss: 0.9364, roi_cls_loss: 0.2846

2022-05-18 19:55:50,720 - INFO - Epoch [1/6][105/133]	lr: 0.00016, eta: 1:14:49, time: 6.429, data_time: 0.070, transfer_time: 0.074, forward_time: 5.923, loss_parse_time: 0.000 memory: 11634, 
2022-05-18 19:55:50,720 - INFO - task : ['VEHICLE', 'PEDESTRIAN', 'CYCLIST'], loss: 2.4360, hm_loss: 0.0000, loc_loss: 0.6198, loc_loss_elem: ['0.1028', '0.0859', '0.0836', '0.0590', '0.0630', '0.0760', '0.0687', '0.0808'], num_positive: 162.0000, roi_reg_loss: 0.9014, roi_cls_loss: 0.2950

2022-05-18 19:56:22,915 - INFO - Epoch [1/6][110/133]	lr: 0.00017, eta: 1:14:15, time: 6.438, data_time: 0.064, transfer_time: 0.071, forward_time: 5.954, loss_parse_time: 0.000 memory: 11634, 
2022-05-18 19:56:22,915 - INFO - task : ['VEHICLE', 'PEDESTRIAN', 'CYCLIST'], loss: 2.4796, hm_loss: 0.0000, loc_loss: 0.6476, loc_loss_elem: ['0.0996', '0.0896', '0.0926', '0.0568', '0.0594', '0.0739', '0.0852', '0.0905'], num_positive: 147.4000, roi_reg_loss: 0.8999, roi_cls_loss: 0.2845

2022-05-18 19:56:54,861 - INFO - Epoch [1/6][115/133]	lr: 0.00018, eta: 1:13:40, time: 6.388, data_time: 0.067, transfer_time: 0.073, forward_time: 5.912, loss_parse_time: 0.000 memory: 11634, 
2022-05-18 19:56:54,861 - INFO - task : ['VEHICLE', 'PEDESTRIAN', 'CYCLIST'], loss: 2.3657, hm_loss: 0.0000, loc_loss: 0.5967, loc_loss_elem: ['0.1071', '0.0883', '0.0791', '0.0577', '0.0603', '0.0700', '0.0594', '0.0748'], num_positive: 159.0000, roi_reg_loss: 0.9048, roi_cls_loss: 0.2675

2022-05-18 19:57:26,952 - INFO - Epoch [1/6][120/133]	lr: 0.00019, eta: 1:13:06, time: 6.420, data_time: 0.068, transfer_time: 0.069, forward_time: 5.936, loss_parse_time: 0.000 memory: 11634, 
2022-05-18 19:57:26,952 - INFO - task : ['VEHICLE', 'PEDESTRIAN', 'CYCLIST'], loss: 2.4909, hm_loss: 0.0000, loc_loss: 0.6507, loc_loss_elem: ['0.1014', '0.0884', '0.0917', '0.0619', '0.0652', '0.0758', '0.0786', '0.0877'], num_positive: 178.8000, roi_reg_loss: 0.8978, roi_cls_loss: 0.2917

2022-05-18 19:57:58,971 - INFO - Epoch [1/6][125/133]	lr: 0.00020, eta: 1:12:32, time: 6.404, data_time: 0.070, transfer_time: 0.072, forward_time: 5.909, loss_parse_time: 0.000 memory: 11634, 
2022-05-18 19:57:58,971 - INFO - task : ['VEHICLE', 'PEDESTRIAN', 'CYCLIST'], loss: 2.5961, hm_loss: 0.0000, loc_loss: 0.6815, loc_loss_elem: ['0.1083', '0.0887', '0.0885', '0.0608', '0.0646', '0.0768', '0.0914', '0.1024'], num_positive: 170.0000, roi_reg_loss: 0.9314, roi_cls_loss: 0.3017

2022-05-18 19:58:31,001 - INFO - Epoch [1/6][130/133]	lr: 0.00021, eta: 1:11:58, time: 6.404, data_time: 0.066, transfer_time: 0.072, forward_time: 5.906, loss_parse_time: 0.000 memory: 11634, 
2022-05-18 19:58:31,002 - INFO - task : ['VEHICLE', 'PEDESTRIAN', 'CYCLIST'], loss: 2.3938, hm_loss: 0.0000, loc_loss: 0.6007, loc_loss_elem: ['0.1097', '0.0863', '0.0889', '0.0546', '0.0531', '0.0737', '0.0545', '0.0799'], num_positive: 166.8000, roi_reg_loss: 0.9167, roi_cls_loss: 0.2756

2022-05-18 19:59:27,590 - INFO - Epoch [2/6][5/133]	lr: 0.00023, eta: 1:09:57, time: 7.418, data_time: 1.029, transfer_time: 0.075, forward_time: 5.971, loss_parse_time: 0.000 memory: 11634, 
2022-05-18 19:59:27,591 - INFO - task : ['VEHICLE', 'PEDESTRIAN', 'CYCLIST'], loss: 2.3681, hm_loss: 0.0000, loc_loss: 0.6119, loc_loss_elem: ['0.0950', '0.0874', '0.0866', '0.0569', '0.0597', '0.0749', '0.0648', '0.0866'], num_positive: 170.2000, roi_reg_loss: 0.8689, roi_cls_loss: 0.2755

2022-05-18 19:59:59,613 - INFO - Epoch [2/6][10/133]	lr: 0.00024, eta: 1:09:26, time: 6.406, data_time: 0.068, transfer_time: 0.069, forward_time: 5.918, loss_parse_time: 0.000 memory: 11634, 
2022-05-18 19:59:59,613 - INFO - task : ['VEHICLE', 'PEDESTRIAN', 'CYCLIST'], loss: 2.3158, hm_loss: 0.0000, loc_loss: 0.5883, loc_loss_elem: ['0.1047', '0.0830', '0.0819', '0.0558', '0.0544', '0.0758', '0.0561', '0.0766'], num_positive: 182.2000, roi_reg_loss: 0.8808, roi_cls_loss: 0.2584

2022-05-18 20:00:31,600 - INFO - Epoch [2/6][15/133]	lr: 0.00025, eta: 1:08:55, time: 6.397, data_time: 0.065, transfer_time: 0.070, forward_time: 5.916, loss_parse_time: 0.000 memory: 11634, 
2022-05-18 20:00:31,601 - INFO - task : ['VEHICLE', 'PEDESTRIAN', 'CYCLIST'], loss: 2.4121, hm_loss: 0.0000, loc_loss: 0.6243, loc_loss_elem: ['0.1131', '0.0907', '0.0841', '0.0586', '0.0574', '0.0742', '0.0635', '0.0826'], num_positive: 166.8000, roi_reg_loss: 0.9204, roi_cls_loss: 0.2432

2022-05-18 20:01:03,632 - INFO - Epoch [2/6][20/133]	lr: 0.00026, eta: 1:08:24, time: 6.406, data_time: 0.068, transfer_time: 0.071, forward_time: 5.931, loss_parse_time: 0.000 memory: 11634, 
2022-05-18 20:01:03,632 - INFO - task : ['VEHICLE', 'PEDESTRIAN', 'CYCLIST'], loss: 2.2112, hm_loss: 0.0000, loc_loss: 0.5388, loc_loss_elem: ['0.1068', '0.0812', '0.0754', '0.0542', '0.0524', '0.0664', '0.0448', '0.0576'], num_positive: 167.8000, roi_reg_loss: 0.8792, roi_cls_loss: 0.2544

2022-05-18 20:01:35,589 - INFO - Epoch [2/6][25/133]	lr: 0.00027, eta: 1:07:53, time: 6.391, data_time: 0.060, transfer_time: 0.072, forward_time: 5.915, loss_parse_time: 0.000 memory: 11634, 
2022-05-18 20:01:35,589 - INFO - task : ['VEHICLE', 'PEDESTRIAN', 'CYCLIST'], loss: 2.3909, hm_loss: 0.0000, loc_loss: 0.6006, loc_loss_elem: ['0.1059', '0.0845', '0.0828', '0.0590', '0.0601', '0.0783', '0.0509', '0.0792'], num_positive: 179.8000, roi_reg_loss: 0.9092, roi_cls_loss: 0.2804

2022-05-18 20:02:07,767 - INFO - Epoch [2/6][30/133]	lr: 0.00028, eta: 1:07:22, time: 6.437, data_time: 0.057, transfer_time: 0.072, forward_time: 5.934, loss_parse_time: 0.000 memory: 11634, 
2022-05-18 20:02:07,767 - INFO - task : ['VEHICLE', 'PEDESTRIAN', 'CYCLIST'], loss: 2.3464, hm_loss: 0.0000, loc_loss: 0.5921, loc_loss_elem: ['0.1051', '0.0851', '0.0856', '0.0562', '0.0553', '0.0736', '0.0633', '0.0679'], num_positive: 171.0000, roi_reg_loss: 0.9165, roi_cls_loss: 0.2458

2022-05-18 20:02:40,006 - INFO - Epoch [2/6][35/133]	lr: 0.00029, eta: 1:06:52, time: 6.448, data_time: 0.069, transfer_time: 0.070, forward_time: 5.968, loss_parse_time: 0.000 memory: 11634, 
2022-05-18 20:02:40,006 - INFO - task : ['VEHICLE', 'PEDESTRIAN', 'CYCLIST'], loss: 2.4106, hm_loss: 0.0000, loc_loss: 0.6116, loc_loss_elem: ['0.1137', '0.0921', '0.0938', '0.0558', '0.0555', '0.0736', '0.0488', '0.0784'], num_positive: 173.4000, roi_reg_loss: 0.9129, roi_cls_loss: 0.2744

2022-05-18 20:03:11,956 - INFO - Epoch [2/6][40/133]	lr: 0.00030, eta: 1:06:20, time: 6.390, data_time: 0.065, transfer_time: 0.073, forward_time: 5.915, loss_parse_time: 0.000 memory: 11634, 
2022-05-18 20:03:11,956 - INFO - task : ['VEHICLE', 'PEDESTRIAN', 'CYCLIST'], loss: 2.3608, hm_loss: 0.0000, loc_loss: 0.6107, loc_loss_elem: ['0.1056', '0.0825', '0.0913', '0.0575', '0.0640', '0.0741', '0.0599', '0.0758'], num_positive: 151.6000, roi_reg_loss: 0.8939, roi_cls_loss: 0.2455

2022-05-18 20:03:43,949 - INFO - Epoch [2/6][45/133]	lr: 0.00031, eta: 1:05:49, time: 6.396, data_time: 0.062, transfer_time: 0.072, forward_time: 5.924, loss_parse_time: 0.000 memory: 11634, 
2022-05-18 20:03:43,950 - INFO - task : ['VEHICLE', 'PEDESTRIAN', 'CYCLIST'], loss: 2.4261, hm_loss: 0.0000, loc_loss: 0.6462, loc_loss_elem: ['0.1058', '0.0912', '0.0893', '0.0585', '0.0610', '0.0697', '0.0770', '0.0936'], num_positive: 132.6000, roi_reg_loss: 0.9204, roi_cls_loss: 0.2133

2022-05-18 20:04:16,128 - INFO - Epoch [2/6][50/133]	lr: 0.00032, eta: 1:05:18, time: 6.438, data_time: 0.069, transfer_time: 0.074, forward_time: 5.928, loss_parse_time: 0.000 memory: 11634, 
2022-05-18 20:04:16,128 - INFO - task : ['VEHICLE', 'PEDESTRIAN', 'CYCLIST'], loss: 2.3483, hm_loss: 0.0000, loc_loss: 0.6326, loc_loss_elem: ['0.1088', '0.0856', '0.0840', '0.0633', '0.0687', '0.0755', '0.0716', '0.0753'], num_positive: 130.2000, roi_reg_loss: 0.8688, roi_cls_loss: 0.2141

2022-05-18 20:04:48,274 - INFO - Epoch [2/6][55/133]	lr: 0.00034, eta: 1:04:47, time: 6.429, data_time: 0.064, transfer_time: 0.072, forward_time: 5.928, loss_parse_time: 0.000 memory: 11634, 
2022-05-18 20:04:48,274 - INFO - task : ['VEHICLE', 'PEDESTRIAN', 'CYCLIST'], loss: 2.3052, hm_loss: 0.0000, loc_loss: 0.6028, loc_loss_elem: ['0.0953', '0.0817', '0.0790', '0.0614', '0.0696', '0.0722', '0.0618', '0.0818'], num_positive: 188.4000, roi_reg_loss: 0.8218, roi_cls_loss: 0.2777

2022-05-18 20:05:20,379 - INFO - Epoch [2/6][60/133]	lr: 0.00035, eta: 1:04:16, time: 6.420, data_time: 0.067, transfer_time: 0.071, forward_time: 5.921, loss_parse_time: 0.000 memory: 11634, 
2022-05-18 20:05:20,379 - INFO - task : ['VEHICLE', 'PEDESTRIAN', 'CYCLIST'], loss: 2.3342, hm_loss: 0.0000, loc_loss: 0.6128, loc_loss_elem: ['0.0957', '0.0759', '0.0756', '0.0627', '0.0744', '0.0696', '0.0752', '0.0836'], num_positive: 219.8000, roi_reg_loss: 0.7987, roi_cls_loss: 0.3099

2022-05-18 20:05:52,275 - INFO - Epoch [2/6][65/133]	lr: 0.00036, eta: 1:03:44, time: 6.378, data_time: 0.059, transfer_time: 0.071, forward_time: 5.916, loss_parse_time: 0.000 memory: 11634, 
2022-05-18 20:05:52,275 - INFO - task : ['VEHICLE', 'PEDESTRIAN', 'CYCLIST'], loss: 2.3420, hm_loss: 0.0000, loc_loss: 0.5873, loc_loss_elem: ['0.1014', '0.0862', '0.0817', '0.0576', '0.0611', '0.0654', '0.0591', '0.0748'], num_positive: 216.8000, roi_reg_loss: 0.8642, roi_cls_loss: 0.3033

2022-05-18 20:06:24,338 - INFO - Epoch [2/6][70/133]	lr: 0.00037, eta: 1:03:13, time: 6.412, data_time: 0.071, transfer_time: 0.075, forward_time: 5.915, loss_parse_time: 0.000 memory: 11634, 
2022-05-18 20:06:24,339 - INFO - task : ['VEHICLE', 'PEDESTRIAN', 'CYCLIST'], loss: 2.3063, hm_loss: 0.0000, loc_loss: 0.6138, loc_loss_elem: ['0.0969', '0.0955', '0.0869', '0.0586', '0.0619', '0.0761', '0.0616', '0.0762'], num_positive: 121.8000, roi_reg_loss: 0.8753, roi_cls_loss: 0.2035

2022-05-18 20:06:56,473 - INFO - Epoch [2/6][75/133]	lr: 0.00038, eta: 1:02:42, time: 6.428, data_time: 0.064, transfer_time: 0.072, forward_time: 5.942, loss_parse_time: 0.000 memory: 11634, 
2022-05-18 20:06:56,473 - INFO - task : ['VEHICLE', 'PEDESTRIAN', 'CYCLIST'], loss: 2.2939, hm_loss: 0.0000, loc_loss: 0.6352, loc_loss_elem: ['0.1047', '0.0836', '0.0888', '0.0603', '0.0679', '0.0689', '0.0740', '0.0870'], num_positive: 155.2000, roi_reg_loss: 0.8057, roi_cls_loss: 0.2178

2022-05-18 20:07:28,579 - INFO - Epoch [2/6][80/133]	lr: 0.00039, eta: 1:02:11, time: 6.421, data_time: 0.066, transfer_time: 0.074, forward_time: 5.942, loss_parse_time: 0.000 memory: 11634, 
2022-05-18 20:07:28,580 - INFO - task : ['VEHICLE', 'PEDESTRIAN', 'CYCLIST'], loss: 2.3538, hm_loss: 0.0000, loc_loss: 0.6286, loc_loss_elem: ['0.1033', '0.0814', '0.0836', '0.0623', '0.0674', '0.0716', '0.0725', '0.0863'], num_positive: 198.6000, roi_reg_loss: 0.8165, roi_cls_loss: 0.2801

2022-05-18 20:08:00,833 - INFO - Epoch [2/6][85/133]	lr: 0.00040, eta: 1:01:40, time: 6.452, data_time: 0.064, transfer_time: 0.072, forward_time: 5.943, loss_parse_time: 0.000 memory: 11634, 
2022-05-18 20:08:00,833 - INFO - task : ['VEHICLE', 'PEDESTRIAN', 'CYCLIST'], loss: 2.1445, hm_loss: 0.0000, loc_loss: 0.5780, loc_loss_elem: ['0.1067', '0.0783', '0.0832', '0.0559', '0.0611', '0.0687', '0.0593', '0.0649'], num_positive: 158.4000, roi_reg_loss: 0.7716, roi_cls_loss: 0.2168

2022-05-18 20:08:32,725 - INFO - Epoch [2/6][90/133]	lr: 0.00040, eta: 1:01:08, time: 6.376, data_time: 0.070, transfer_time: 0.071, forward_time: 5.893, loss_parse_time: 0.000 memory: 11634, 
2022-05-18 20:08:32,725 - INFO - task : ['VEHICLE', 'PEDESTRIAN', 'CYCLIST'], loss: 2.2237, hm_loss: 0.0000, loc_loss: 0.5822, loc_loss_elem: ['0.1002', '0.0805', '0.0802', '0.0575', '0.0589', '0.0697', '0.0609', '0.0743'], num_positive: 214.0000, roi_reg_loss: 0.7776, roi_cls_loss: 0.2818

2022-05-18 20:09:04,838 - INFO - Epoch [2/6][95/133]	lr: 0.00041, eta: 1:00:37, time: 6.425, data_time: 0.068, transfer_time: 0.070, forward_time: 5.933, loss_parse_time: 0.000 memory: 11634, 
2022-05-18 20:09:04,838 - INFO - task : ['VEHICLE', 'PEDESTRIAN', 'CYCLIST'], loss: 2.3045, hm_loss: 0.0000, loc_loss: 0.6365, loc_loss_elem: ['0.0973', '0.0937', '0.0913', '0.0562', '0.0589', '0.0769', '0.0733', '0.0889'], num_positive: 169.2000, roi_reg_loss: 0.7819, roi_cls_loss: 0.2496

2022-05-18 20:09:36,766 - INFO - Epoch [2/6][100/133]	lr: 0.00042, eta: 1:00:05, time: 6.384, data_time: 0.066, transfer_time: 0.070, forward_time: 5.904, loss_parse_time: 0.000 memory: 11634, 
2022-05-18 20:09:36,766 - INFO - task : ['VEHICLE', 'PEDESTRIAN', 'CYCLIST'], loss: 2.1566, hm_loss: 0.0000, loc_loss: 0.5854, loc_loss_elem: ['0.1046', '0.0824', '0.0800', '0.0602', '0.0609', '0.0692', '0.0639', '0.0643'], num_positive: 158.4000, roi_reg_loss: 0.7545, roi_cls_loss: 0.2313

2022-05-18 20:10:08,713 - INFO - Epoch [2/6][105/133]	lr: 0.00043, eta: 0:59:33, time: 6.389, data_time: 0.075, transfer_time: 0.072, forward_time: 5.891, loss_parse_time: 0.000 memory: 11634, 
2022-05-18 20:10:08,713 - INFO - task : ['VEHICLE', 'PEDESTRIAN', 'CYCLIST'], loss: 2.2774, hm_loss: 0.0000, loc_loss: 0.6175, loc_loss_elem: ['0.0959', '0.0917', '0.0907', '0.0551', '0.0577', '0.0695', '0.0735', '0.0835'], num_positive: 149.8000, roi_reg_loss: 0.8185, roi_cls_loss: 0.2238

2022-05-18 20:10:40,712 - INFO - Epoch [2/6][110/133]	lr: 0.00044, eta: 0:59:01, time: 6.401, data_time: 0.064, transfer_time: 0.071, forward_time: 5.917, loss_parse_time: 0.000 memory: 11634, 
2022-05-18 20:10:40,712 - INFO - task : ['VEHICLE', 'PEDESTRIAN', 'CYCLIST'], loss: 2.2262, hm_loss: 0.0000, loc_loss: 0.5914, loc_loss_elem: ['0.1127', '0.0951', '0.0774', '0.0556', '0.0584', '0.0660', '0.0467', '0.0797'], num_positive: 136.2000, roi_reg_loss: 0.8156, roi_cls_loss: 0.2277

2022-05-18 20:11:12,768 - INFO - Epoch [2/6][115/133]	lr: 0.00045, eta: 0:58:30, time: 6.410, data_time: 0.067, transfer_time: 0.074, forward_time: 5.918, loss_parse_time: 0.000 memory: 11634, 
2022-05-18 20:11:12,768 - INFO - task : ['VEHICLE', 'PEDESTRIAN', 'CYCLIST'], loss: 2.2326, hm_loss: 0.0000, loc_loss: 0.6109, loc_loss_elem: ['0.1052', '0.0823', '0.0797', '0.0631', '0.0729', '0.0719', '0.0653', '0.0706'], num_positive: 169.6000, roi_reg_loss: 0.7592, roi_cls_loss: 0.2516

2022-05-18 20:11:44,661 - INFO - Epoch [2/6][120/133]	lr: 0.00045, eta: 0:57:58, time: 6.380, data_time: 0.063, transfer_time: 0.072, forward_time: 5.904, loss_parse_time: 0.000 memory: 11634, 
2022-05-18 20:11:44,661 - INFO - task : ['VEHICLE', 'PEDESTRIAN', 'CYCLIST'], loss: 2.2774, hm_loss: 0.0000, loc_loss: 0.6158, loc_loss_elem: ['0.1035', '0.0893', '0.0946', '0.0601', '0.0592', '0.0662', '0.0591', '0.0840'], num_positive: 179.8000, roi_reg_loss: 0.7885, roi_cls_loss: 0.2573

2022-05-18 20:12:16,589 - INFO - Epoch [2/6][125/133]	lr: 0.00046, eta: 0:57:26, time: 6.386, data_time: 0.074, transfer_time: 0.070, forward_time: 5.896, loss_parse_time: 0.000 memory: 11634, 
2022-05-18 20:12:16,589 - INFO - task : ['VEHICLE', 'PEDESTRIAN', 'CYCLIST'], loss: 2.2076, hm_loss: 0.0000, loc_loss: 0.6169, loc_loss_elem: ['0.1063', '0.0876', '0.1018', '0.0554', '0.0606', '0.0750', '0.0427', '0.0875'], num_positive: 142.0000, roi_reg_loss: 0.7663, roi_cls_loss: 0.2075

2022-05-18 20:12:48,605 - INFO - Epoch [2/6][130/133]	lr: 0.00047, eta: 0:56:54, time: 6.401, data_time: 0.069, transfer_time: 0.073, forward_time: 5.892, loss_parse_time: 0.000 memory: 11634, 
2022-05-18 20:12:48,605 - INFO - task : ['VEHICLE', 'PEDESTRIAN', 'CYCLIST'], loss: 2.2947, hm_loss: 0.0000, loc_loss: 0.6396, loc_loss_elem: ['0.1044', '0.0920', '0.1055', '0.0501', '0.0545', '0.0814', '0.0653', '0.0865'], num_positive: 102.8000, roi_reg_loss: 0.8408, roi_cls_loss: 0.1747

2022-05-18 20:13:45,483 - INFO - Epoch [3/6][5/133]	lr: 0.00047, eta: 0:55:36, time: 7.476, data_time: 1.040, transfer_time: 0.070, forward_time: 6.004, loss_parse_time: 0.000 memory: 11634, 
2022-05-18 20:13:45,483 - INFO - task : ['VEHICLE', 'PEDESTRIAN', 'CYCLIST'], loss: 2.2113, hm_loss: 0.0000, loc_loss: 0.6156, loc_loss_elem: ['0.1133', '0.0912', '0.0945', '0.0567', '0.0543', '0.0752', '0.0528', '0.0776'], num_positive: 149.4000, roi_reg_loss: 0.7567, roi_cls_loss: 0.2234

2022-05-18 20:14:17,815 - INFO - Epoch [3/6][10/133]	lr: 0.00048, eta: 0:55:06, time: 6.464, data_time: 0.064, transfer_time: 0.074, forward_time: 5.954, loss_parse_time: 0.000 memory: 11634, 
2022-05-18 20:14:17,815 - INFO - task : ['VEHICLE', 'PEDESTRIAN', 'CYCLIST'], loss: 2.0869, hm_loss: 0.0000, loc_loss: 0.5816, loc_loss_elem: ['0.0981', '0.0781', '0.0868', '0.0567', '0.0612', '0.0653', '0.0639', '0.0715'], num_positive: 153.4000, roi_reg_loss: 0.7268, roi_cls_loss: 0.1970

2022-05-18 20:14:49,805 - INFO - Epoch [3/6][15/133]	lr: 0.00048, eta: 0:54:35, time: 6.398, data_time: 0.063, transfer_time: 0.072, forward_time: 5.919, loss_parse_time: 0.000 memory: 11634, 
2022-05-18 20:14:49,805 - INFO - task : ['VEHICLE', 'PEDESTRIAN', 'CYCLIST'], loss: 2.2192, hm_loss: 0.0000, loc_loss: 0.6130, loc_loss_elem: ['0.1008', '0.0891', '0.0909', '0.0534', '0.0501', '0.0794', '0.0668', '0.0825'], num_positive: 155.6000, roi_reg_loss: 0.7783, roi_cls_loss: 0.2149

2022-05-18 20:15:21,698 - INFO - Epoch [3/6][20/133]	lr: 0.00049, eta: 0:54:04, time: 6.378, data_time: 0.061, transfer_time: 0.069, forward_time: 5.908, loss_parse_time: 0.000 memory: 11634, 
2022-05-18 20:15:21,698 - INFO - task : ['VEHICLE', 'PEDESTRIAN', 'CYCLIST'], loss: 2.3695, hm_loss: 0.0000, loc_loss: 0.6571, loc_loss_elem: ['0.1049', '0.0884', '0.0938', '0.0550', '0.0613', '0.0817', '0.0815', '0.0904'], num_positive: 180.2000, roi_reg_loss: 0.7741, roi_cls_loss: 0.2813

2022-05-18 20:15:53,794 - INFO - Epoch [3/6][25/133]	lr: 0.00049, eta: 0:53:33, time: 6.421, data_time: 0.069, transfer_time: 0.073, forward_time: 5.921, loss_parse_time: 0.000 memory: 11634, 
2022-05-18 20:15:53,795 - INFO - task : ['VEHICLE', 'PEDESTRIAN', 'CYCLIST'], loss: 2.1633, hm_loss: 0.0000, loc_loss: 0.6084, loc_loss_elem: ['0.1058', '0.0875', '0.0856', '0.0593', '0.0621', '0.0707', '0.0587', '0.0786'], num_positive: 167.8000, roi_reg_loss: 0.7323, roi_cls_loss: 0.2142

2022-05-18 20:16:25,798 - INFO - Epoch [3/6][30/133]	lr: 0.00049, eta: 0:53:02, time: 6.402, data_time: 0.067, transfer_time: 0.071, forward_time: 5.913, loss_parse_time: 0.000 memory: 11634, 
2022-05-18 20:16:25,798 - INFO - task : ['VEHICLE', 'PEDESTRIAN', 'CYCLIST'], loss: 2.0715, hm_loss: 0.0000, loc_loss: 0.5713, loc_loss_elem: ['0.0969', '0.0781', '0.0813', '0.0585', '0.0627', '0.0649', '0.0608', '0.0683'], num_positive: 168.8000, roi_reg_loss: 0.7116, roi_cls_loss: 0.2172

2022-05-18 20:16:57,845 - INFO - Epoch [3/6][35/133]	lr: 0.00050, eta: 0:52:30, time: 6.409, data_time: 0.064, transfer_time: 0.071, forward_time: 5.921, loss_parse_time: 0.000 memory: 11634, 
2022-05-18 20:16:57,845 - INFO - task : ['VEHICLE', 'PEDESTRIAN', 'CYCLIST'], loss: 2.1547, hm_loss: 0.0000, loc_loss: 0.5985, loc_loss_elem: ['0.1019', '0.0839', '0.0840', '0.0557', '0.0599', '0.0661', '0.0612', '0.0858'], num_positive: 176.6000, roi_reg_loss: 0.7198, roi_cls_loss: 0.2378

2022-05-18 20:17:29,918 - INFO - Epoch [3/6][40/133]	lr: 0.00050, eta: 0:51:59, time: 6.415, data_time: 0.066, transfer_time: 0.071, forward_time: 5.914, loss_parse_time: 0.000 memory: 11634, 
2022-05-18 20:17:29,919 - INFO - task : ['VEHICLE', 'PEDESTRIAN', 'CYCLIST'], loss: 2.3298, hm_loss: 0.0000, loc_loss: 0.6646, loc_loss_elem: ['0.1061', '0.0913', '0.0952', '0.0573', '0.0612', '0.0780', '0.0792', '0.0964'], num_positive: 162.4000, roi_reg_loss: 0.7487, roi_cls_loss: 0.2519

2022-05-18 20:18:01,964 - INFO - Epoch [3/6][45/133]	lr: 0.00050, eta: 0:51:28, time: 6.409, data_time: 0.072, transfer_time: 0.071, forward_time: 5.907, loss_parse_time: 0.000 memory: 11634, 
2022-05-18 20:18:01,964 - INFO - task : ['VEHICLE', 'PEDESTRIAN', 'CYCLIST'], loss: 2.1760, hm_loss: 0.0000, loc_loss: 0.5991, loc_loss_elem: ['0.1106', '0.0889', '0.0886', '0.0557', '0.0590', '0.0683', '0.0573', '0.0707'], num_positive: 179.4000, roi_reg_loss: 0.7379, roi_cls_loss: 0.2399

2022-05-18 20:18:33,963 - INFO - Epoch [3/6][50/133]	lr: 0.00050, eta: 0:50:57, time: 6.398, data_time: 0.065, transfer_time: 0.069, forward_time: 5.901, loss_parse_time: 0.000 memory: 11634, 
2022-05-18 20:18:33,963 - INFO - task : ['VEHICLE', 'PEDESTRIAN', 'CYCLIST'], loss: 2.1493, hm_loss: 0.0000, loc_loss: 0.5856, loc_loss_elem: ['0.1127', '0.0893', '0.0798', '0.0546', '0.0545', '0.0694', '0.0526', '0.0729'], num_positive: 182.4000, roi_reg_loss: 0.7506, roi_cls_loss: 0.2274

2022-05-18 20:19:05,991 - INFO - Epoch [3/6][55/133]	lr: 0.00050, eta: 0:50:26, time: 6.407, data_time: 0.068, transfer_time: 0.071, forward_time: 5.915, loss_parse_time: 0.000 memory: 11634, 
2022-05-18 20:19:05,992 - INFO - task : ['VEHICLE', 'PEDESTRIAN', 'CYCLIST'], loss: 2.3287, hm_loss: 0.0000, loc_loss: 0.6760, loc_loss_elem: ['0.1075', '0.0945', '0.0985', '0.0644', '0.0670', '0.0736', '0.0694', '0.1012'], num_positive: 162.0000, roi_reg_loss: 0.7397, roi_cls_loss: 0.2370

2022-05-18 20:19:37,952 - INFO - Epoch [3/6][60/133]	lr: 0.00050, eta: 0:49:54, time: 6.392, data_time: 0.070, transfer_time: 0.069, forward_time: 5.900, loss_parse_time: 0.000 memory: 11634, 
2022-05-18 20:19:37,953 - INFO - task : ['VEHICLE', 'PEDESTRIAN', 'CYCLIST'], loss: 2.0654, hm_loss: 0.0000, loc_loss: 0.5796, loc_loss_elem: ['0.1059', '0.0778', '0.0867', '0.0549', '0.0574', '0.0770', '0.0421', '0.0778'], num_positive: 149.2000, roi_reg_loss: 0.6934, roi_cls_loss: 0.2129

2022-05-18 20:20:10,120 - INFO - Epoch [3/6][65/133]	lr: 0.00050, eta: 0:49:23, time: 6.433, data_time: 0.065, transfer_time: 0.072, forward_time: 5.936, loss_parse_time: 0.000 memory: 11634, 
2022-05-18 20:20:10,120 - INFO - task : ['VEHICLE', 'PEDESTRIAN', 'CYCLIST'], loss: 2.1516, hm_loss: 0.0000, loc_loss: 0.5927, loc_loss_elem: ['0.0985', '0.0881', '0.0818', '0.0563', '0.0587', '0.0693', '0.0561', '0.0840'], num_positive: 180.8000, roi_reg_loss: 0.7331, roi_cls_loss: 0.2330

2022-05-18 20:20:42,211 - INFO - Epoch [3/6][70/133]	lr: 0.00050, eta: 0:48:52, time: 6.418, data_time: 0.059, transfer_time: 0.071, forward_time: 5.926, loss_parse_time: 0.000 memory: 11634, 
2022-05-18 20:20:42,211 - INFO - task : ['VEHICLE', 'PEDESTRIAN', 'CYCLIST'], loss: 2.2596, hm_loss: 0.0000, loc_loss: 0.6158, loc_loss_elem: ['0.1019', '0.0904', '0.0889', '0.0562', '0.0548', '0.0721', '0.0652', '0.0863'], num_positive: 189.6000, roi_reg_loss: 0.7640, roi_cls_loss: 0.2640

2022-05-18 20:21:14,200 - INFO - Epoch [3/6][75/133]	lr: 0.00050, eta: 0:48:21, time: 6.398, data_time: 0.068, transfer_time: 0.072, forward_time: 5.917, loss_parse_time: 0.000 memory: 11634, 
2022-05-18 20:21:14,200 - INFO - task : ['VEHICLE', 'PEDESTRIAN', 'CYCLIST'], loss: 2.1036, hm_loss: 0.0000, loc_loss: 0.5913, loc_loss_elem: ['0.1022', '0.0767', '0.0809', '0.0581', '0.0628', '0.0794', '0.0647', '0.0665'], num_positive: 153.0000, roi_reg_loss: 0.7001, roi_cls_loss: 0.2210

2022-05-18 20:21:46,431 - INFO - Epoch [3/6][80/133]	lr: 0.00050, eta: 0:47:49, time: 6.444, data_time: 0.066, transfer_time: 0.071, forward_time: 5.944, loss_parse_time: 0.000 memory: 11634, 
2022-05-18 20:21:46,431 - INFO - task : ['VEHICLE', 'PEDESTRIAN', 'CYCLIST'], loss: 2.1092, hm_loss: 0.0000, loc_loss: 0.6044, loc_loss_elem: ['0.1034', '0.0877', '0.0825', '0.0529', '0.0581', '0.0598', '0.0729', '0.0872'], num_positive: 137.4000, roi_reg_loss: 0.7168, roi_cls_loss: 0.1835

2022-05-18 20:22:18,483 - INFO - Epoch [3/6][85/133]	lr: 0.00049, eta: 0:47:18, time: 6.413, data_time: 0.067, transfer_time: 0.073, forward_time: 5.923, loss_parse_time: 0.000 memory: 11634, 
2022-05-18 20:22:18,483 - INFO - task : ['VEHICLE', 'PEDESTRIAN', 'CYCLIST'], loss: 2.2264, hm_loss: 0.0000, loc_loss: 0.6387, loc_loss_elem: ['0.1142', '0.0864', '0.0921', '0.0610', '0.0648', '0.0756', '0.0638', '0.0808'], num_positive: 155.6000, roi_reg_loss: 0.7342, roi_cls_loss: 0.2149

2022-05-18 20:22:50,456 - INFO - Epoch [3/6][90/133]	lr: 0.00049, eta: 0:46:47, time: 6.395, data_time: 0.064, transfer_time: 0.072, forward_time: 5.909, loss_parse_time: 0.000 memory: 11634, 
2022-05-18 20:22:50,456 - INFO - task : ['VEHICLE', 'PEDESTRIAN', 'CYCLIST'], loss: 2.3158, hm_loss: 0.0000, loc_loss: 0.6686, loc_loss_elem: ['0.1113', '0.0886', '0.0991', '0.0607', '0.0677', '0.0742', '0.0741', '0.0929'], num_positive: 152.2000, roi_reg_loss: 0.7508, roi_cls_loss: 0.2278

2022-05-18 20:23:22,582 - INFO - Epoch [3/6][95/133]	lr: 0.00049, eta: 0:46:15, time: 6.425, data_time: 0.064, transfer_time: 0.072, forward_time: 5.937, loss_parse_time: 0.000 memory: 11634, 
2022-05-18 20:23:22,583 - INFO - task : ['VEHICLE', 'PEDESTRIAN', 'CYCLIST'], loss: 2.1657, hm_loss: 0.0000, loc_loss: 0.6086, loc_loss_elem: ['0.1035', '0.0907', '0.0810', '0.0580', '0.0625', '0.0706', '0.0630', '0.0793'], num_positive: 171.4000, roi_reg_loss: 0.7049, roi_cls_loss: 0.2436

2022-05-18 20:23:54,488 - INFO - Epoch [3/6][100/133]	lr: 0.00049, eta: 0:45:44, time: 6.381, data_time: 0.057, transfer_time: 0.075, forward_time: 5.907, loss_parse_time: 0.000 memory: 11634, 
2022-05-18 20:23:54,488 - INFO - task : ['VEHICLE', 'PEDESTRIAN', 'CYCLIST'], loss: 2.1417, hm_loss: 0.0000, loc_loss: 0.6070, loc_loss_elem: ['0.1064', '0.0804', '0.0826', '0.0571', '0.0650', '0.0717', '0.0663', '0.0777'], num_positive: 177.0000, roi_reg_loss: 0.6853, roi_cls_loss: 0.2424

2022-05-18 20:24:26,336 - INFO - Epoch [3/6][105/133]	lr: 0.00049, eta: 0:45:12, time: 6.370, data_time: 0.071, transfer_time: 0.069, forward_time: 5.885, loss_parse_time: 0.000 memory: 11634, 
2022-05-18 20:24:26,336 - INFO - task : ['VEHICLE', 'PEDESTRIAN', 'CYCLIST'], loss: 2.1512, hm_loss: 0.0000, loc_loss: 0.5883, loc_loss_elem: ['0.1029', '0.0865', '0.0799', '0.0535', '0.0569', '0.0676', '0.0576', '0.0835'], num_positive: 206.4000, roi_reg_loss: 0.6958, roi_cls_loss: 0.2789

2022-05-18 20:24:58,472 - INFO - Epoch [3/6][110/133]	lr: 0.00048, eta: 0:44:41, time: 6.427, data_time: 0.064, transfer_time: 0.071, forward_time: 5.927, loss_parse_time: 0.000 memory: 11634, 
2022-05-18 20:24:58,473 - INFO - task : ['VEHICLE', 'PEDESTRIAN', 'CYCLIST'], loss: 2.0254, hm_loss: 0.0000, loc_loss: 0.5787, loc_loss_elem: ['0.1022', '0.0861', '0.0935', '0.0516', '0.0497', '0.0794', '0.0439', '0.0723'], num_positive: 123.0000, roi_reg_loss: 0.7053, roi_cls_loss: 0.1627

2022-05-18 20:25:30,603 - INFO - Epoch [3/6][115/133]	lr: 0.00048, eta: 0:44:09, time: 6.426, data_time: 0.062, transfer_time: 0.071, forward_time: 5.929, loss_parse_time: 0.000 memory: 11634, 
2022-05-18 20:25:30,603 - INFO - task : ['VEHICLE', 'PEDESTRIAN', 'CYCLIST'], loss: 2.1638, hm_loss: 0.0000, loc_loss: 0.6096, loc_loss_elem: ['0.0961', '0.0874', '0.0845', '0.0589', '0.0628', '0.0701', '0.0709', '0.0788'], num_positive: 200.0000, roi_reg_loss: 0.6893, roi_cls_loss: 0.2554

2022-05-18 20:26:02,700 - INFO - Epoch [3/6][120/133]	lr: 0.00048, eta: 0:43:38, time: 6.420, data_time: 0.067, transfer_time: 0.072, forward_time: 5.934, loss_parse_time: 0.000 memory: 11634, 
2022-05-18 20:26:02,700 - INFO - task : ['VEHICLE', 'PEDESTRIAN', 'CYCLIST'], loss: 2.0663, hm_loss: 0.0000, loc_loss: 0.5988, loc_loss_elem: ['0.1112', '0.0863', '0.0859', '0.0550', '0.0569', '0.0655', '0.0585', '0.0795'], num_positive: 154.6000, roi_reg_loss: 0.6768, roi_cls_loss: 0.1920

2022-05-18 20:26:34,662 - INFO - Epoch [3/6][125/133]	lr: 0.00047, eta: 0:43:06, time: 6.393, data_time: 0.062, transfer_time: 0.072, forward_time: 5.918, loss_parse_time: 0.000 memory: 11634, 
2022-05-18 20:26:34,663 - INFO - task : ['VEHICLE', 'PEDESTRIAN', 'CYCLIST'], loss: 2.0886, hm_loss: 0.0000, loc_loss: 0.5937, loc_loss_elem: ['0.1043', '0.0825', '0.0781', '0.0583', '0.0683', '0.0700', '0.0628', '0.0693'], num_positive: 165.0000, roi_reg_loss: 0.6846, roi_cls_loss: 0.2166

2022-05-18 20:27:06,437 - INFO - Epoch [3/6][130/133]	lr: 0.00047, eta: 0:42:35, time: 6.355, data_time: 0.058, transfer_time: 0.069, forward_time: 5.884, loss_parse_time: 0.000 memory: 11634, 
2022-05-18 20:27:06,437 - INFO - task : ['VEHICLE', 'PEDESTRIAN', 'CYCLIST'], loss: 2.0828, hm_loss: 0.0000, loc_loss: 0.5957, loc_loss_elem: ['0.1028', '0.0964', '0.1087', '0.0495', '0.0504', '0.0725', '0.0467', '0.0686'], num_positive: 130.0000, roi_reg_loss: 0.7078, roi_cls_loss: 0.1836

2022-05-18 20:28:02,777 - INFO - Epoch [4/6][5/133]	lr: 0.00046, eta: 0:41:30, time: 7.369, data_time: 1.001, transfer_time: 0.072, forward_time: 5.951, loss_parse_time: 0.000 memory: 11634, 
2022-05-18 20:28:02,777 - INFO - task : ['VEHICLE', 'PEDESTRIAN', 'CYCLIST'], loss: 2.0677, hm_loss: 0.0000, loc_loss: 0.5973, loc_loss_elem: ['0.1003', '0.0810', '0.0805', '0.0619', '0.0674', '0.0714', '0.0650', '0.0698'], num_positive: 158.4000, roi_reg_loss: 0.6825, roi_cls_loss: 0.1907

2022-05-18 20:28:34,755 - INFO - Epoch [4/6][10/133]	lr: 0.00046, eta: 0:40:59, time: 6.394, data_time: 0.070, transfer_time: 0.072, forward_time: 5.896, loss_parse_time: 0.000 memory: 11634, 
2022-05-18 20:28:34,755 - INFO - task : ['VEHICLE', 'PEDESTRIAN', 'CYCLIST'], loss: 2.0953, hm_loss: 0.0000, loc_loss: 0.5912, loc_loss_elem: ['0.0952', '0.0876', '0.0753', '0.0589', '0.0604', '0.0672', '0.0669', '0.0796'], num_positive: 197.4000, roi_reg_loss: 0.6686, roi_cls_loss: 0.2443

2022-05-18 20:29:06,680 - INFO - Epoch [4/6][15/133]	lr: 0.00045, eta: 0:40:27, time: 6.385, data_time: 0.063, transfer_time: 0.073, forward_time: 5.899, loss_parse_time: 0.000 memory: 11634, 
2022-05-18 20:29:06,680 - INFO - task : ['VEHICLE', 'PEDESTRIAN', 'CYCLIST'], loss: 2.1629, hm_loss: 0.0000, loc_loss: 0.6286, loc_loss_elem: ['0.1099', '0.0858', '0.0934', '0.0559', '0.0593', '0.0776', '0.0625', '0.0842'], num_positive: 138.0000, roi_reg_loss: 0.7171, roi_cls_loss: 0.1886

2022-05-18 20:29:38,760 - INFO - Epoch [4/6][20/133]	lr: 0.00045, eta: 0:39:56, time: 6.417, data_time: 0.067, transfer_time: 0.073, forward_time: 5.924, loss_parse_time: 0.000 memory: 11634, 
2022-05-18 20:29:38,761 - INFO - task : ['VEHICLE', 'PEDESTRIAN', 'CYCLIST'], loss: 2.1051, hm_loss: 0.0000, loc_loss: 0.5930, loc_loss_elem: ['0.1041', '0.0877', '0.0847', '0.0574', '0.0607', '0.0705', '0.0514', '0.0765'], num_positive: 156.4000, roi_reg_loss: 0.7083, roi_cls_loss: 0.2108

2022-05-18 20:30:10,629 - INFO - Epoch [4/6][25/133]	lr: 0.00044, eta: 0:39:25, time: 6.372, data_time: 0.065, transfer_time: 0.072, forward_time: 5.890, loss_parse_time: 0.000 memory: 11634, 
2022-05-18 20:30:10,630 - INFO - task : ['VEHICLE', 'PEDESTRIAN', 'CYCLIST'], loss: 2.0444, hm_loss: 0.0000, loc_loss: 0.5857, loc_loss_elem: ['0.1113', '0.0880', '0.0867', '0.0574', '0.0570', '0.0743', '0.0504', '0.0606'], num_positive: 171.0000, roi_reg_loss: 0.6409, roi_cls_loss: 0.2322

2022-05-18 20:30:42,740 - INFO - Epoch [4/6][30/133]	lr: 0.00044, eta: 0:38:54, time: 6.422, data_time: 0.068, transfer_time: 0.073, forward_time: 5.914, loss_parse_time: 0.000 memory: 11634, 
2022-05-18 20:30:42,740 - INFO - task : ['VEHICLE', 'PEDESTRIAN', 'CYCLIST'], loss: 2.0807, hm_loss: 0.0000, loc_loss: 0.6077, loc_loss_elem: ['0.1010', '0.0852', '0.0869', '0.0569', '0.0610', '0.0761', '0.0550', '0.0856'], num_positive: 139.4000, roi_reg_loss: 0.6787, roi_cls_loss: 0.1866

2022-05-18 20:31:14,710 - INFO - Epoch [4/6][35/133]	lr: 0.00043, eta: 0:38:22, time: 6.396, data_time: 0.064, transfer_time: 0.073, forward_time: 5.911, loss_parse_time: 0.000 memory: 11634, 
2022-05-18 20:31:14,710 - INFO - task : ['VEHICLE', 'PEDESTRIAN', 'CYCLIST'], loss: 2.1711, hm_loss: 0.0000, loc_loss: 0.6437, loc_loss_elem: ['0.0979', '0.0837', '0.0790', '0.0610', '0.0657', '0.0731', '0.0835', '0.0997'], num_positive: 176.8000, roi_reg_loss: 0.6571, roi_cls_loss: 0.2266

2022-05-18 20:31:46,630 - INFO - Epoch [4/6][40/133]	lr: 0.00043, eta: 0:37:51, time: 6.384, data_time: 0.061, transfer_time: 0.071, forward_time: 5.906, loss_parse_time: 0.000 memory: 11634, 
2022-05-18 20:31:46,630 - INFO - task : ['VEHICLE', 'PEDESTRIAN', 'CYCLIST'], loss: 2.0769, hm_loss: 0.0000, loc_loss: 0.6027, loc_loss_elem: ['0.0929', '0.0896', '0.0873', '0.0574', '0.0608', '0.0752', '0.0636', '0.0759'], num_positive: 152.0000, roi_reg_loss: 0.6804, roi_cls_loss: 0.1910

2022-05-18 20:32:18,592 - INFO - Epoch [4/6][45/133]	lr: 0.00042, eta: 0:37:20, time: 6.393, data_time: 0.060, transfer_time: 0.070, forward_time: 5.913, loss_parse_time: 0.000 memory: 11634, 
2022-05-18 20:32:18,593 - INFO - task : ['VEHICLE', 'PEDESTRIAN', 'CYCLIST'], loss: 2.0169, hm_loss: 0.0000, loc_loss: 0.5907, loc_loss_elem: ['0.1016', '0.0856', '0.0835', '0.0548', '0.0582', '0.0629', '0.0767', '0.0675'], num_positive: 150.6000, roi_reg_loss: 0.6467, roi_cls_loss: 0.1888

2022-05-18 20:32:50,658 - INFO - Epoch [4/6][50/133]	lr: 0.00042, eta: 0:36:48, time: 6.413, data_time: 0.065, transfer_time: 0.073, forward_time: 5.925, loss_parse_time: 0.000 memory: 11634, 
2022-05-18 20:32:50,658 - INFO - task : ['VEHICLE', 'PEDESTRIAN', 'CYCLIST'], loss: 2.0872, hm_loss: 0.0000, loc_loss: 0.5948, loc_loss_elem: ['0.1067', '0.0795', '0.0781', '0.0599', '0.0674', '0.0676', '0.0673', '0.0684'], num_positive: 178.8000, roi_reg_loss: 0.6579, roi_cls_loss: 0.2398

2022-05-18 20:33:22,429 - INFO - Epoch [4/6][55/133]	lr: 0.00041, eta: 0:36:17, time: 6.353, data_time: 0.066, transfer_time: 0.070, forward_time: 5.880, loss_parse_time: 0.000 memory: 11634, 
2022-05-18 20:33:22,429 - INFO - task : ['VEHICLE', 'PEDESTRIAN', 'CYCLIST'], loss: 2.0428, hm_loss: 0.0000, loc_loss: 0.6005, loc_loss_elem: ['0.1060', '0.0888', '0.0880', '0.0572', '0.0582', '0.0793', '0.0538', '0.0692'], num_positive: 144.0000, roi_reg_loss: 0.6530, roi_cls_loss: 0.1889

2022-05-18 20:33:54,314 - INFO - Epoch [4/6][60/133]	lr: 0.00040, eta: 0:35:45, time: 6.378, data_time: 0.061, transfer_time: 0.072, forward_time: 5.907, loss_parse_time: 0.000 memory: 11634, 
2022-05-18 20:33:54,315 - INFO - task : ['VEHICLE', 'PEDESTRIAN', 'CYCLIST'], loss: 2.1436, hm_loss: 0.0000, loc_loss: 0.6221, loc_loss_elem: ['0.0981', '0.0893', '0.0894', '0.0591', '0.0674', '0.0794', '0.0597', '0.0797'], num_positive: 146.6000, roi_reg_loss: 0.6944, roi_cls_loss: 0.2050

2022-05-18 20:34:26,346 - INFO - Epoch [4/6][65/133]	lr: 0.00040, eta: 0:35:14, time: 6.405, data_time: 0.059, transfer_time: 0.070, forward_time: 5.905, loss_parse_time: 0.000 memory: 11634, 
2022-05-18 20:34:26,346 - INFO - task : ['VEHICLE', 'PEDESTRIAN', 'CYCLIST'], loss: 2.1945, hm_loss: 0.0000, loc_loss: 0.6139, loc_loss_elem: ['0.1000', '0.0921', '0.0980', '0.0563', '0.0590', '0.0692', '0.0618', '0.0774'], num_positive: 194.2000, roi_reg_loss: 0.7030, roi_cls_loss: 0.2637

2022-05-18 20:34:58,461 - INFO - Epoch [4/6][70/133]	lr: 0.00039, eta: 0:34:43, time: 6.425, data_time: 0.064, transfer_time: 0.075, forward_time: 5.922, loss_parse_time: 0.000 memory: 11634, 
2022-05-18 20:34:58,462 - INFO - task : ['VEHICLE', 'PEDESTRIAN', 'CYCLIST'], loss: 1.9847, hm_loss: 0.0000, loc_loss: 0.5718, loc_loss_elem: ['0.1030', '0.0744', '0.0795', '0.0598', '0.0653', '0.0682', '0.0499', '0.0718'], num_positive: 153.6000, roi_reg_loss: 0.6429, roi_cls_loss: 0.1982

2022-05-18 20:35:30,424 - INFO - Epoch [4/6][75/133]	lr: 0.00038, eta: 0:34:11, time: 6.392, data_time: 0.067, transfer_time: 0.071, forward_time: 5.909, loss_parse_time: 0.000 memory: 11634, 
2022-05-18 20:35:30,425 - INFO - task : ['VEHICLE', 'PEDESTRIAN', 'CYCLIST'], loss: 1.9965, hm_loss: 0.0000, loc_loss: 0.5822, loc_loss_elem: ['0.1044', '0.0851', '0.0875', '0.0571', '0.0635', '0.0642', '0.0545', '0.0659'], num_positive: 156.2000, roi_reg_loss: 0.6381, roi_cls_loss: 0.1941

2022-05-18 20:36:02,363 - INFO - Epoch [4/6][80/133]	lr: 0.00038, eta: 0:33:40, time: 6.388, data_time: 0.063, transfer_time: 0.071, forward_time: 5.912, loss_parse_time: 0.000 memory: 11634, 
2022-05-18 20:36:02,363 - INFO - task : ['VEHICLE', 'PEDESTRIAN', 'CYCLIST'], loss: 2.0028, hm_loss: 0.0000, loc_loss: 0.5691, loc_loss_elem: ['0.1027', '0.0815', '0.0792', '0.0555', '0.0559', '0.0673', '0.0545', '0.0725'], num_positive: 184.8000, roi_reg_loss: 0.6444, roi_cls_loss: 0.2203

2022-05-18 20:36:34,177 - INFO - Epoch [4/6][85/133]	lr: 0.00037, eta: 0:33:08, time: 6.361, data_time: 0.073, transfer_time: 0.070, forward_time: 5.882, loss_parse_time: 0.000 memory: 11634, 
2022-05-18 20:36:34,178 - INFO - task : ['VEHICLE', 'PEDESTRIAN', 'CYCLIST'], loss: 2.1187, hm_loss: 0.0000, loc_loss: 0.6049, loc_loss_elem: ['0.1003', '0.0842', '0.0826', '0.0577', '0.0648', '0.0694', '0.0725', '0.0734'], num_positive: 181.0000, roi_reg_loss: 0.6698, roi_cls_loss: 0.2391

2022-05-18 20:37:06,102 - INFO - Epoch [4/6][90/133]	lr: 0.00036, eta: 0:32:37, time: 6.384, data_time: 0.069, transfer_time: 0.072, forward_time: 5.894, loss_parse_time: 0.000 memory: 11634, 
2022-05-18 20:37:06,102 - INFO - task : ['VEHICLE', 'PEDESTRIAN', 'CYCLIST'], loss: 1.9599, hm_loss: 0.0000, loc_loss: 0.5410, loc_loss_elem: ['0.0960', '0.0827', '0.0802', '0.0562', '0.0620', '0.0715', '0.0390', '0.0534'], num_positive: 169.2000, roi_reg_loss: 0.6605, roi_cls_loss: 0.2173

2022-05-18 20:37:37,992 - INFO - Epoch [4/6][95/133]	lr: 0.00035, eta: 0:32:05, time: 6.379, data_time: 0.069, transfer_time: 0.073, forward_time: 5.903, loss_parse_time: 0.000 memory: 11634, 
2022-05-18 20:37:37,992 - INFO - task : ['VEHICLE', 'PEDESTRIAN', 'CYCLIST'], loss: 2.0919, hm_loss: 0.0000, loc_loss: 0.5831, loc_loss_elem: ['0.1043', '0.0866', '0.0826', '0.0538', '0.0523', '0.0682', '0.0620', '0.0733'], num_positive: 185.8000, roi_reg_loss: 0.6694, roi_cls_loss: 0.2563

2022-05-18 20:38:09,932 - INFO - Epoch [4/6][100/133]	lr: 0.00035, eta: 0:31:34, time: 6.390, data_time: 0.072, transfer_time: 0.072, forward_time: 5.907, loss_parse_time: 0.000 memory: 11634, 
2022-05-18 20:38:09,932 - INFO - task : ['VEHICLE', 'PEDESTRIAN', 'CYCLIST'], loss: 2.1111, hm_loss: 0.0000, loc_loss: 0.6240, loc_loss_elem: ['0.0997', '0.0854', '0.1004', '0.0572', '0.0666', '0.0769', '0.0518', '0.0859'], num_positive: 133.2000, roi_reg_loss: 0.6905, roi_cls_loss: 0.1725

2022-05-18 20:38:41,485 - INFO - Epoch [4/6][105/133]	lr: 0.00034, eta: 0:31:02, time: 6.311, data_time: 0.055, transfer_time: 0.069, forward_time: 5.865, loss_parse_time: 0.000 memory: 11634, 
2022-05-18 20:38:41,485 - INFO - task : ['VEHICLE', 'PEDESTRIAN', 'CYCLIST'], loss: 2.0088, hm_loss: 0.0000, loc_loss: 0.5740, loc_loss_elem: ['0.1025', '0.0824', '0.0787', '0.0560', '0.0613', '0.0689', '0.0575', '0.0667'], num_positive: 205.8000, roi_reg_loss: 0.6133, roi_cls_loss: 0.2475

2022-05-18 20:39:13,482 - INFO - Epoch [4/6][110/133]	lr: 0.00033, eta: 0:30:30, time: 6.399, data_time: 0.064, transfer_time: 0.071, forward_time: 5.908, loss_parse_time: 0.000 memory: 11634, 
2022-05-18 20:39:13,482 - INFO - task : ['VEHICLE', 'PEDESTRIAN', 'CYCLIST'], loss: 2.0332, hm_loss: 0.0000, loc_loss: 0.5859, loc_loss_elem: ['0.0952', '0.0821', '0.0890', '0.0566', '0.0624', '0.0685', '0.0638', '0.0683'], num_positive: 193.2000, roi_reg_loss: 0.6322, roi_cls_loss: 0.2293

2022-05-18 20:39:45,758 - INFO - Epoch [4/6][115/133]	lr: 0.00032, eta: 0:29:59, time: 6.455, data_time: 0.060, transfer_time: 0.073, forward_time: 5.948, loss_parse_time: 0.000 memory: 11634, 
2022-05-18 20:39:45,759 - INFO - task : ['VEHICLE', 'PEDESTRIAN', 'CYCLIST'], loss: 2.1560, hm_loss: 0.0000, loc_loss: 0.6220, loc_loss_elem: ['0.1008', '0.0845', '0.0880', '0.0566', '0.0661', '0.0690', '0.0751', '0.0817'], num_positive: 189.4000, roi_reg_loss: 0.6700, roi_cls_loss: 0.2421

2022-05-18 20:40:17,762 - INFO - Epoch [4/6][120/133]	lr: 0.00032, eta: 0:29:27, time: 6.401, data_time: 0.071, transfer_time: 0.073, forward_time: 5.898, loss_parse_time: 0.000 memory: 11634, 
2022-05-18 20:40:17,762 - INFO - task : ['VEHICLE', 'PEDESTRIAN', 'CYCLIST'], loss: 1.9536, hm_loss: 0.0000, loc_loss: 0.5749, loc_loss_elem: ['0.1042', '0.0798', '0.0802', '0.0598', '0.0716', '0.0692', '0.0505', '0.0596'], num_positive: 139.6000, roi_reg_loss: 0.6274, roi_cls_loss: 0.1763

2022-05-18 20:40:49,626 - INFO - Epoch [4/6][125/133]	lr: 0.00031, eta: 0:28:56, time: 6.373, data_time: 0.059, transfer_time: 0.070, forward_time: 5.887, loss_parse_time: 0.000 memory: 11634, 
2022-05-18 20:40:49,626 - INFO - task : ['VEHICLE', 'PEDESTRIAN', 'CYCLIST'], loss: 2.0160, hm_loss: 0.0000, loc_loss: 0.5867, loc_loss_elem: ['0.0971', '0.0870', '0.0874', '0.0566', '0.0606', '0.0683', '0.0487', '0.0810'], num_positive: 172.0000, roi_reg_loss: 0.6280, roi_cls_loss: 0.2144

2022-05-18 20:41:21,232 - INFO - Epoch [4/6][130/133]	lr: 0.00030, eta: 0:28:24, time: 6.320, data_time: 0.058, transfer_time: 0.070, forward_time: 5.859, loss_parse_time: 0.000 memory: 11634, 
2022-05-18 20:41:21,232 - INFO - task : ['VEHICLE', 'PEDESTRIAN', 'CYCLIST'], loss: 2.0636, hm_loss: 0.0000, loc_loss: 0.5853, loc_loss_elem: ['0.0972', '0.0843', '0.0844', '0.0582', '0.0627', '0.0722', '0.0523', '0.0740'], num_positive: 196.4000, roi_reg_loss: 0.6551, roi_cls_loss: 0.2379

2022-05-18 20:42:17,715 - INFO - Epoch [5/6][5/133]	lr: 0.00029, eta: 0:27:27, time: 7.397, data_time: 1.008, transfer_time: 0.075, forward_time: 5.956, loss_parse_time: 0.000 memory: 11634, 
2022-05-18 20:42:17,715 - INFO - task : ['VEHICLE', 'PEDESTRIAN', 'CYCLIST'], loss: 2.0210, hm_loss: 0.0000, loc_loss: 0.5873, loc_loss_elem: ['0.0999', '0.0847', '0.0791', '0.0630', '0.0670', '0.0693', '0.0576', '0.0668'], num_positive: 169.2000, roi_reg_loss: 0.6241, roi_cls_loss: 0.2223

2022-05-18 20:42:49,634 - INFO - Epoch [5/6][10/133]	lr: 0.00028, eta: 0:26:55, time: 6.386, data_time: 0.069, transfer_time: 0.071, forward_time: 5.897, loss_parse_time: 0.000 memory: 11634, 
2022-05-18 20:42:49,634 - INFO - task : ['VEHICLE', 'PEDESTRIAN', 'CYCLIST'], loss: 2.0484, hm_loss: 0.0000, loc_loss: 0.6246, loc_loss_elem: ['0.1055', '0.0850', '0.0805', '0.0599', '0.0707', '0.0782', '0.0655', '0.0793'], num_positive: 124.6000, roi_reg_loss: 0.6301, roi_cls_loss: 0.1692

2022-05-18 20:43:21,621 - INFO - Epoch [5/6][15/133]	lr: 0.00027, eta: 0:26:24, time: 6.396, data_time: 0.065, transfer_time: 0.072, forward_time: 5.918, loss_parse_time: 0.000 memory: 11634, 
2022-05-18 20:43:21,621 - INFO - task : ['VEHICLE', 'PEDESTRIAN', 'CYCLIST'], loss: 2.1889, hm_loss: 0.0000, loc_loss: 0.6706, loc_loss_elem: ['0.1065', '0.0898', '0.1167', '0.0571', '0.0577', '0.0741', '0.0798', '0.0889'], num_positive: 147.4000, roi_reg_loss: 0.6438, roi_cls_loss: 0.2040

2022-05-18 20:43:53,644 - INFO - Epoch [5/6][20/133]	lr: 0.00026, eta: 0:25:53, time: 6.405, data_time: 0.064, transfer_time: 0.071, forward_time: 5.930, loss_parse_time: 0.000 memory: 11634, 
2022-05-18 20:43:53,644 - INFO - task : ['VEHICLE', 'PEDESTRIAN', 'CYCLIST'], loss: 2.0997, hm_loss: 0.0000, loc_loss: 0.6009, loc_loss_elem: ['0.0970', '0.0890', '0.0916', '0.0565', '0.0562', '0.0735', '0.0610', '0.0761'], num_positive: 203.8000, roi_reg_loss: 0.6395, roi_cls_loss: 0.2585

2022-05-18 20:44:25,664 - INFO - Epoch [5/6][25/133]	lr: 0.00025, eta: 0:25:21, time: 6.405, data_time: 0.073, transfer_time: 0.070, forward_time: 5.908, loss_parse_time: 0.000 memory: 11634, 
2022-05-18 20:44:25,664 - INFO - task : ['VEHICLE', 'PEDESTRIAN', 'CYCLIST'], loss: 1.9927, hm_loss: 0.0000, loc_loss: 0.5737, loc_loss_elem: ['0.1044', '0.0832', '0.0841', '0.0542', '0.0574', '0.0722', '0.0508', '0.0674'], num_positive: 171.8000, roi_reg_loss: 0.6189, roi_cls_loss: 0.2265

2022-05-18 20:44:57,719 - INFO - Epoch [5/6][30/133]	lr: 0.00025, eta: 0:24:50, time: 6.411, data_time: 0.066, transfer_time: 0.072, forward_time: 5.932, loss_parse_time: 0.000 memory: 11634, 
2022-05-18 20:44:57,719 - INFO - task : ['VEHICLE', 'PEDESTRIAN', 'CYCLIST'], loss: 2.0178, hm_loss: 0.0000, loc_loss: 0.5764, loc_loss_elem: ['0.0933', '0.0813', '0.0805', '0.0630', '0.0665', '0.0626', '0.0625', '0.0666'], num_positive: 203.8000, roi_reg_loss: 0.6266, roi_cls_loss: 0.2385

2022-05-18 20:45:29,848 - INFO - Epoch [5/6][35/133]	lr: 0.00024, eta: 0:24:19, time: 6.426, data_time: 0.068, transfer_time: 0.071, forward_time: 5.927, loss_parse_time: 0.000 memory: 11634, 
2022-05-18 20:45:29,848 - INFO - task : ['VEHICLE', 'PEDESTRIAN', 'CYCLIST'], loss: 2.0287, hm_loss: 0.0000, loc_loss: 0.5980, loc_loss_elem: ['0.1098', '0.0845', '0.0978', '0.0547', '0.0595', '0.0774', '0.0518', '0.0624'], num_positive: 160.0000, roi_reg_loss: 0.6242, roi_cls_loss: 0.2086

2022-05-18 20:46:01,845 - INFO - Epoch [5/6][40/133]	lr: 0.00023, eta: 0:23:47, time: 6.397, data_time: 0.061, transfer_time: 0.070, forward_time: 5.923, loss_parse_time: 0.000 memory: 11634, 
2022-05-18 20:46:01,845 - INFO - task : ['VEHICLE', 'PEDESTRIAN', 'CYCLIST'], loss: 2.0037, hm_loss: 0.0000, loc_loss: 0.5777, loc_loss_elem: ['0.0966', '0.0805', '0.0807', '0.0546', '0.0560', '0.0656', '0.0633', '0.0803'], num_positive: 181.6000, roi_reg_loss: 0.6172, roi_cls_loss: 0.2311

2022-05-18 20:46:34,023 - INFO - Epoch [5/6][45/133]	lr: 0.00022, eta: 0:23:16, time: 6.438, data_time: 0.064, transfer_time: 0.072, forward_time: 5.931, loss_parse_time: 0.000 memory: 11739, 
2022-05-18 20:46:34,023 - INFO - task : ['VEHICLE', 'PEDESTRIAN', 'CYCLIST'], loss: 2.1485, hm_loss: 0.0000, loc_loss: 0.6315, loc_loss_elem: ['0.1047', '0.0915', '0.0879', '0.0606', '0.0655', '0.0720', '0.0695', '0.0797'], num_positive: 164.8000, roi_reg_loss: 0.6730, roi_cls_loss: 0.2126

2022-05-18 20:47:05,893 - INFO - Epoch [5/6][50/133]	lr: 0.00021, eta: 0:22:44, time: 6.374, data_time: 0.065, transfer_time: 0.073, forward_time: 5.901, loss_parse_time: 0.000 memory: 11739, 
2022-05-18 20:47:05,893 - INFO - task : ['VEHICLE', 'PEDESTRIAN', 'CYCLIST'], loss: 2.1292, hm_loss: 0.0000, loc_loss: 0.6431, loc_loss_elem: ['0.1056', '0.0926', '0.0976', '0.0614', '0.0640', '0.0777', '0.0614', '0.0827'], num_positive: 116.0000, roi_reg_loss: 0.6571, roi_cls_loss: 0.1859

2022-05-18 20:47:37,847 - INFO - Epoch [5/6][55/133]	lr: 0.00021, eta: 0:22:13, time: 6.389, data_time: 0.063, transfer_time: 0.070, forward_time: 5.914, loss_parse_time: 0.000 memory: 11739, 
2022-05-18 20:47:37,848 - INFO - task : ['VEHICLE', 'PEDESTRIAN', 'CYCLIST'], loss: 2.1063, hm_loss: 0.0000, loc_loss: 0.6060, loc_loss_elem: ['0.1037', '0.0897', '0.0817', '0.0555', '0.0560', '0.0701', '0.0576', '0.0917'], num_positive: 186.4000, roi_reg_loss: 0.6611, roi_cls_loss: 0.2332

2022-05-18 20:48:09,814 - INFO - Epoch [5/6][60/133]	lr: 0.00020, eta: 0:21:41, time: 6.396, data_time: 0.063, transfer_time: 0.071, forward_time: 5.914, loss_parse_time: 0.000 memory: 11739, 
2022-05-18 20:48:09,814 - INFO - task : ['VEHICLE', 'PEDESTRIAN', 'CYCLIST'], loss: 2.0668, hm_loss: 0.0000, loc_loss: 0.6141, loc_loss_elem: ['0.1135', '0.0880', '0.0900', '0.0536', '0.0575', '0.0739', '0.0641', '0.0734'], num_positive: 130.4000, roi_reg_loss: 0.6617, roi_cls_loss: 0.1770

2022-05-18 20:48:41,847 - INFO - Epoch [5/6][65/133]	lr: 0.00019, eta: 0:21:10, time: 6.406, data_time: 0.063, transfer_time: 0.070, forward_time: 5.932, loss_parse_time: 0.000 memory: 11739, 
2022-05-18 20:48:41,847 - INFO - task : ['VEHICLE', 'PEDESTRIAN', 'CYCLIST'], loss: 1.9074, hm_loss: 0.0000, loc_loss: 0.5494, loc_loss_elem: ['0.0977', '0.0790', '0.0728', '0.0566', '0.0583', '0.0693', '0.0481', '0.0676'], num_positive: 198.4000, roi_reg_loss: 0.5826, roi_cls_loss: 0.2258

2022-05-18 20:49:13,776 - INFO - Epoch [5/6][70/133]	lr: 0.00018, eta: 0:20:38, time: 6.385, data_time: 0.065, transfer_time: 0.072, forward_time: 5.901, loss_parse_time: 0.000 memory: 11739, 
2022-05-18 20:49:13,776 - INFO - task : ['VEHICLE', 'PEDESTRIAN', 'CYCLIST'], loss: 2.0370, hm_loss: 0.0000, loc_loss: 0.6091, loc_loss_elem: ['0.1019', '0.0885', '0.0800', '0.0548', '0.0610', '0.0775', '0.0541', '0.0914'], num_positive: 139.8000, roi_reg_loss: 0.6297, roi_cls_loss: 0.1890

2022-05-18 20:49:45,880 - INFO - Epoch [5/6][75/133]	lr: 0.00017, eta: 0:20:07, time: 6.421, data_time: 0.065, transfer_time: 0.073, forward_time: 5.935, loss_parse_time: 0.000 memory: 11739, 
2022-05-18 20:49:45,880 - INFO - task : ['VEHICLE', 'PEDESTRIAN', 'CYCLIST'], loss: 1.9575, hm_loss: 0.0000, loc_loss: 0.5631, loc_loss_elem: ['0.0989', '0.0869', '0.0795', '0.0558', '0.0587', '0.0686', '0.0453', '0.0692'], num_positive: 177.4000, roi_reg_loss: 0.6184, roi_cls_loss: 0.2129

2022-05-18 20:50:17,922 - INFO - Epoch [5/6][80/133]	lr: 0.00017, eta: 0:19:35, time: 6.408, data_time: 0.065, transfer_time: 0.072, forward_time: 5.919, loss_parse_time: 0.000 memory: 11739, 
2022-05-18 20:50:17,922 - INFO - task : ['VEHICLE', 'PEDESTRIAN', 'CYCLIST'], loss: 1.9114, hm_loss: 0.0000, loc_loss: 0.5478, loc_loss_elem: ['0.1013', '0.0751', '0.0774', '0.0600', '0.0634', '0.0680', '0.0430', '0.0598'], num_positive: 170.8000, roi_reg_loss: 0.5989, roi_cls_loss: 0.2168

2022-05-18 20:50:50,118 - INFO - Epoch [5/6][85/133]	lr: 0.00016, eta: 0:19:04, time: 6.439, data_time: 0.068, transfer_time: 0.073, forward_time: 5.926, loss_parse_time: 0.000 memory: 11739, 
2022-05-18 20:50:50,118 - INFO - task : ['VEHICLE', 'PEDESTRIAN', 'CYCLIST'], loss: 2.0038, hm_loss: 0.0000, loc_loss: 0.5838, loc_loss_elem: ['0.1075', '0.0825', '0.0797', '0.0571', '0.0634', '0.0730', '0.0485', '0.0721'], num_positive: 152.8000, roi_reg_loss: 0.6492, roi_cls_loss: 0.1871

2022-05-18 20:51:22,458 - INFO - Epoch [5/6][90/133]	lr: 0.00015, eta: 0:18:33, time: 6.466, data_time: 0.067, transfer_time: 0.073, forward_time: 5.949, loss_parse_time: 0.000 memory: 11851, 
2022-05-18 20:51:22,458 - INFO - task : ['VEHICLE', 'PEDESTRIAN', 'CYCLIST'], loss: 1.9050, hm_loss: 0.0000, loc_loss: 0.5556, loc_loss_elem: ['0.1009', '0.0755', '0.0799', '0.0519', '0.0583', '0.0612', '0.0543', '0.0735'], num_positive: 132.6000, roi_reg_loss: 0.6280, roi_cls_loss: 0.1658

2022-05-18 20:51:54,266 - INFO - Epoch [5/6][95/133]	lr: 0.00014, eta: 0:18:01, time: 6.362, data_time: 0.063, transfer_time: 0.071, forward_time: 5.908, loss_parse_time: 0.000 memory: 11851, 
2022-05-18 20:51:54,266 - INFO - task : ['VEHICLE', 'PEDESTRIAN', 'CYCLIST'], loss: 1.9338, hm_loss: 0.0000, loc_loss: 0.5696, loc_loss_elem: ['0.1055', '0.0862', '0.0928', '0.0530', '0.0547', '0.0723', '0.0464', '0.0588'], num_positive: 166.2000, roi_reg_loss: 0.5836, roi_cls_loss: 0.2111

2022-05-18 20:52:26,344 - INFO - Epoch [5/6][100/133]	lr: 0.00014, eta: 0:17:30, time: 6.418, data_time: 0.061, transfer_time: 0.074, forward_time: 5.932, loss_parse_time: 0.000 memory: 11851, 
2022-05-18 20:52:26,345 - INFO - task : ['VEHICLE', 'PEDESTRIAN', 'CYCLIST'], loss: 1.9900, hm_loss: 0.0000, loc_loss: 0.5853, loc_loss_elem: ['0.1018', '0.0806', '0.0847', '0.0599', '0.0617', '0.0664', '0.0599', '0.0704'], num_positive: 168.0000, roi_reg_loss: 0.6259, roi_cls_loss: 0.1934

2022-05-18 20:52:58,410 - INFO - Epoch [5/6][105/133]	lr: 0.00013, eta: 0:16:58, time: 6.413, data_time: 0.069, transfer_time: 0.073, forward_time: 5.919, loss_parse_time: 0.000 memory: 11851, 
2022-05-18 20:52:58,411 - INFO - task : ['VEHICLE', 'PEDESTRIAN', 'CYCLIST'], loss: 2.2353, hm_loss: 0.0000, loc_loss: 0.6679, loc_loss_elem: ['0.1104', '0.1043', '0.1130', '0.0559', '0.0561', '0.0827', '0.0672', '0.0784'], num_positive: 152.0000, roi_reg_loss: 0.6842, roi_cls_loss: 0.2153

2022-05-18 20:53:30,435 - INFO - Epoch [5/6][110/133]	lr: 0.00012, eta: 0:16:27, time: 6.403, data_time: 0.062, transfer_time: 0.071, forward_time: 5.916, loss_parse_time: 0.000 memory: 11851, 
2022-05-18 20:53:30,436 - INFO - task : ['VEHICLE', 'PEDESTRIAN', 'CYCLIST'], loss: 1.9604, hm_loss: 0.0000, loc_loss: 0.5633, loc_loss_elem: ['0.1030', '0.0827', '0.0804', '0.0566', '0.0578', '0.0663', '0.0544', '0.0621'], num_positive: 210.8000, roi_reg_loss: 0.5973, roi_cls_loss: 0.2365

2022-05-18 20:54:02,366 - INFO - Epoch [5/6][115/133]	lr: 0.00011, eta: 0:15:55, time: 6.389, data_time: 0.067, transfer_time: 0.073, forward_time: 5.900, loss_parse_time: 0.000 memory: 11851, 
2022-05-18 20:54:02,366 - INFO - task : ['VEHICLE', 'PEDESTRIAN', 'CYCLIST'], loss: 2.0362, hm_loss: 0.0000, loc_loss: 0.6081, loc_loss_elem: ['0.1069', '0.0844', '0.0740', '0.0559', '0.0618', '0.0693', '0.0601', '0.0957'], num_positive: 179.4000, roi_reg_loss: 0.6065, roi_cls_loss: 0.2135

2022-05-18 20:54:34,215 - INFO - Epoch [5/6][120/133]	lr: 0.00011, eta: 0:15:23, time: 6.370, data_time: 0.067, transfer_time: 0.072, forward_time: 5.894, loss_parse_time: 0.000 memory: 11851, 
2022-05-18 20:54:34,215 - INFO - task : ['VEHICLE', 'PEDESTRIAN', 'CYCLIST'], loss: 1.9594, hm_loss: 0.0000, loc_loss: 0.5621, loc_loss_elem: ['0.1040', '0.0817', '0.0808', '0.0541', '0.0591', '0.0637', '0.0564', '0.0624'], num_positive: 197.8000, roi_reg_loss: 0.5913, roi_cls_loss: 0.2439

2022-05-18 20:55:06,269 - INFO - Epoch [5/6][125/133]	lr: 0.00010, eta: 0:14:52, time: 6.408, data_time: 0.059, transfer_time: 0.072, forward_time: 5.922, loss_parse_time: 0.000 memory: 11851, 
2022-05-18 20:55:06,269 - INFO - task : ['VEHICLE', 'PEDESTRIAN', 'CYCLIST'], loss: 2.1355, hm_loss: 0.0000, loc_loss: 0.6364, loc_loss_elem: ['0.0965', '0.0843', '0.0867', '0.0625', '0.0636', '0.0712', '0.0794', '0.0921'], num_positive: 174.2000, roi_reg_loss: 0.6580, roi_cls_loss: 0.2047

2022-05-18 20:55:38,075 - INFO - Epoch [5/6][130/133]	lr: 0.00009, eta: 0:14:20, time: 6.364, data_time: 0.064, transfer_time: 0.071, forward_time: 5.886, loss_parse_time: 0.000 memory: 11851, 
2022-05-18 20:55:38,076 - INFO - task : ['VEHICLE', 'PEDESTRIAN', 'CYCLIST'], loss: 2.0560, hm_loss: 0.0000, loc_loss: 0.6016, loc_loss_elem: ['0.1108', '0.0851', '0.0933', '0.0569', '0.0550', '0.0710', '0.0672', '0.0624'], num_positive: 176.4000, roi_reg_loss: 0.6277, roi_cls_loss: 0.2250

2022-05-18 20:56:34,722 - INFO - Epoch [6/6][5/133]	lr: 0.00008, eta: 0:13:27, time: 7.394, data_time: 1.021, transfer_time: 0.074, forward_time: 5.948, loss_parse_time: 0.000 memory: 11851, 
2022-05-18 20:56:34,722 - INFO - task : ['VEHICLE', 'PEDESTRIAN', 'CYCLIST'], loss: 2.0117, hm_loss: 0.0000, loc_loss: 0.5913, loc_loss_elem: ['0.1083', '0.0930', '0.0863', '0.0540', '0.0516', '0.0781', '0.0559', '0.0642'], num_positive: 150.6000, roi_reg_loss: 0.6351, roi_cls_loss: 0.1939

2022-05-18 20:57:06,587 - INFO - Epoch [6/6][10/133]	lr: 0.00008, eta: 0:12:55, time: 6.373, data_time: 0.071, transfer_time: 0.071, forward_time: 5.883, loss_parse_time: 0.000 memory: 11851, 
2022-05-18 20:57:06,588 - INFO - task : ['VEHICLE', 'PEDESTRIAN', 'CYCLIST'], loss: 1.9118, hm_loss: 0.0000, loc_loss: 0.5638, loc_loss_elem: ['0.1009', '0.0812', '0.0803', '0.0551', '0.0561', '0.0662', '0.0511', '0.0729'], num_positive: 163.2000, roi_reg_loss: 0.5927, roi_cls_loss: 0.1914

2022-05-18 20:57:38,613 - INFO - Epoch [6/6][15/133]	lr: 0.00007, eta: 0:12:24, time: 6.405, data_time: 0.068, transfer_time: 0.074, forward_time: 5.904, loss_parse_time: 0.000 memory: 11851, 
2022-05-18 20:57:38,613 - INFO - task : ['VEHICLE', 'PEDESTRIAN', 'CYCLIST'], loss: 1.9922, hm_loss: 0.0000, loc_loss: 0.6070, loc_loss_elem: ['0.1022', '0.0904', '0.0848', '0.0594', '0.0627', '0.0775', '0.0599', '0.0702'], num_positive: 135.0000, roi_reg_loss: 0.6029, roi_cls_loss: 0.1753

2022-05-18 20:58:10,677 - INFO - Epoch [6/6][20/133]	lr: 0.00007, eta: 0:11:53, time: 6.413, data_time: 0.066, transfer_time: 0.070, forward_time: 5.911, loss_parse_time: 0.000 memory: 11851, 
2022-05-18 20:58:10,677 - INFO - task : ['VEHICLE', 'PEDESTRIAN', 'CYCLIST'], loss: 2.0017, hm_loss: 0.0000, loc_loss: 0.5982, loc_loss_elem: ['0.1073', '0.0894', '0.0946', '0.0569', '0.0623', '0.0775', '0.0492', '0.0609'], num_positive: 149.8000, roi_reg_loss: 0.6233, roi_cls_loss: 0.1820

2022-05-18 20:58:42,817 - INFO - Epoch [6/6][25/133]	lr: 0.00006, eta: 0:11:21, time: 6.428, data_time: 0.063, transfer_time: 0.074, forward_time: 5.909, loss_parse_time: 0.000 memory: 11851, 
2022-05-18 20:58:42,817 - INFO - task : ['VEHICLE', 'PEDESTRIAN', 'CYCLIST'], loss: 2.0507, hm_loss: 0.0000, loc_loss: 0.6281, loc_loss_elem: ['0.1081', '0.0888', '0.0849', '0.0570', '0.0593', '0.0688', '0.0695', '0.0917'], num_positive: 132.2000, roi_reg_loss: 0.6233, roi_cls_loss: 0.1712

2022-05-18 20:59:14,878 - INFO - Epoch [6/6][30/133]	lr: 0.00006, eta: 0:10:50, time: 6.412, data_time: 0.070, transfer_time: 0.070, forward_time: 5.906, loss_parse_time: 0.000 memory: 11851, 
2022-05-18 20:59:14,878 - INFO - task : ['VEHICLE', 'PEDESTRIAN', 'CYCLIST'], loss: 2.1034, hm_loss: 0.0000, loc_loss: 0.6170, loc_loss_elem: ['0.1013', '0.0925', '0.0987', '0.0517', '0.0506', '0.0787', '0.0617', '0.0819'], num_positive: 166.4000, roi_reg_loss: 0.6533, roi_cls_loss: 0.2160

2022-05-18 20:59:46,770 - INFO - Epoch [6/6][35/133]	lr: 0.00005, eta: 0:10:18, time: 6.379, data_time: 0.062, transfer_time: 0.070, forward_time: 5.904, loss_parse_time: 0.000 memory: 11851, 
2022-05-18 20:59:46,770 - INFO - task : ['VEHICLE', 'PEDESTRIAN', 'CYCLIST'], loss: 1.9882, hm_loss: 0.0000, loc_loss: 0.5891, loc_loss_elem: ['0.0959', '0.0812', '0.0934', '0.0583', '0.0638', '0.0650', '0.0586', '0.0730'], num_positive: 175.2000, roi_reg_loss: 0.5918, roi_cls_loss: 0.2182

2022-05-18 21:00:18,387 - INFO - Epoch [6/6][40/133]	lr: 0.00005, eta: 0:09:47, time: 6.322, data_time: 0.061, transfer_time: 0.070, forward_time: 5.864, loss_parse_time: 0.000 memory: 11851, 
2022-05-18 21:00:18,388 - INFO - task : ['VEHICLE', 'PEDESTRIAN', 'CYCLIST'], loss: 2.0913, hm_loss: 0.0000, loc_loss: 0.6274, loc_loss_elem: ['0.0999', '0.0917', '0.0963', '0.0582', '0.0631', '0.0742', '0.0594', '0.0845'], num_positive: 195.0000, roi_reg_loss: 0.5954, roi_cls_loss: 0.2411

2022-05-18 21:00:50,227 - INFO - Epoch [6/6][45/133]	lr: 0.00004, eta: 0:09:15, time: 6.369, data_time: 0.063, transfer_time: 0.072, forward_time: 5.893, loss_parse_time: 0.000 memory: 11851, 
2022-05-18 21:00:50,228 - INFO - task : ['VEHICLE', 'PEDESTRIAN', 'CYCLIST'], loss: 1.8749, hm_loss: 0.0000, loc_loss: 0.5527, loc_loss_elem: ['0.1016', '0.0813', '0.0795', '0.0567', '0.0577', '0.0685', '0.0450', '0.0624'], num_positive: 156.8000, roi_reg_loss: 0.5684, roi_cls_loss: 0.2012

2022-05-18 21:01:22,014 - INFO - Epoch [6/6][50/133]	lr: 0.00004, eta: 0:08:43, time: 6.355, data_time: 0.070, transfer_time: 0.070, forward_time: 5.884, loss_parse_time: 0.000 memory: 11851, 
2022-05-18 21:01:22,014 - INFO - task : ['VEHICLE', 'PEDESTRIAN', 'CYCLIST'], loss: 1.9552, hm_loss: 0.0000, loc_loss: 0.5674, loc_loss_elem: ['0.1016', '0.0823', '0.0812', '0.0561', '0.0565', '0.0696', '0.0531', '0.0669'], num_positive: 171.2000, roi_reg_loss: 0.6146, roi_cls_loss: 0.2058

2022-05-18 21:01:53,874 - INFO - Epoch [6/6][55/133]	lr: 0.00003, eta: 0:08:12, time: 6.374, data_time: 0.065, transfer_time: 0.073, forward_time: 5.895, loss_parse_time: 0.000 memory: 11851, 
2022-05-18 21:01:53,874 - INFO - task : ['VEHICLE', 'PEDESTRIAN', 'CYCLIST'], loss: 2.0555, hm_loss: 0.0000, loc_loss: 0.6087, loc_loss_elem: ['0.1049', '0.0882', '0.0962', '0.0534', '0.0569', '0.0740', '0.0561', '0.0791'], num_positive: 154.8000, roi_reg_loss: 0.6183, roi_cls_loss: 0.2199

2022-05-18 21:02:25,814 - INFO - Epoch [6/6][60/133]	lr: 0.00003, eta: 0:07:40, time: 6.388, data_time: 0.065, transfer_time: 0.070, forward_time: 5.899, loss_parse_time: 0.000 memory: 11851, 
2022-05-18 21:02:25,814 - INFO - task : ['VEHICLE', 'PEDESTRIAN', 'CYCLIST'], loss: 2.0570, hm_loss: 0.0000, loc_loss: 0.5988, loc_loss_elem: ['0.1089', '0.0889', '0.0929', '0.0536', '0.0536', '0.0775', '0.0503', '0.0732'], num_positive: 159.8000, roi_reg_loss: 0.6421, roi_cls_loss: 0.2174

2022-05-18 21:02:57,934 - INFO - Epoch [6/6][65/133]	lr: 0.00003, eta: 0:07:09, time: 6.424, data_time: 0.057, transfer_time: 0.072, forward_time: 5.933, loss_parse_time: 0.000 memory: 11851, 
2022-05-18 21:02:57,934 - INFO - task : ['VEHICLE', 'PEDESTRIAN', 'CYCLIST'], loss: 1.9553, hm_loss: 0.0000, loc_loss: 0.5833, loc_loss_elem: ['0.1079', '0.0831', '0.0812', '0.0581', '0.0640', '0.0632', '0.0516', '0.0742'], num_positive: 191.8000, roi_reg_loss: 0.5768, roi_cls_loss: 0.2119

2022-05-18 21:03:29,763 - INFO - Epoch [6/6][70/133]	lr: 0.00002, eta: 0:06:37, time: 6.366, data_time: 0.062, transfer_time: 0.072, forward_time: 5.886, loss_parse_time: 0.000 memory: 11851, 
2022-05-18 21:03:29,763 - INFO - task : ['VEHICLE', 'PEDESTRIAN', 'CYCLIST'], loss: 2.0263, hm_loss: 0.0000, loc_loss: 0.5945, loc_loss_elem: ['0.1062', '0.0889', '0.0851', '0.0583', '0.0599', '0.0677', '0.0466', '0.0818'], num_positive: 155.8000, roi_reg_loss: 0.6214, roi_cls_loss: 0.2160

2022-05-18 21:04:01,688 - INFO - Epoch [6/6][75/133]	lr: 0.00002, eta: 0:06:06, time: 6.384, data_time: 0.064, transfer_time: 0.070, forward_time: 5.914, loss_parse_time: 0.000 memory: 11851, 
2022-05-18 21:04:01,688 - INFO - task : ['VEHICLE', 'PEDESTRIAN', 'CYCLIST'], loss: 1.8991, hm_loss: 0.0000, loc_loss: 0.5694, loc_loss_elem: ['0.1023', '0.0784', '0.0743', '0.0604', '0.0674', '0.0678', '0.0580', '0.0609'], num_positive: 158.6000, roi_reg_loss: 0.5668, roi_cls_loss: 0.1936

2022-05-18 21:04:33,715 - INFO - Epoch [6/6][80/133]	lr: 0.00002, eta: 0:05:34, time: 6.406, data_time: 0.063, transfer_time: 0.068, forward_time: 5.928, loss_parse_time: 0.000 memory: 11851, 
2022-05-18 21:04:33,715 - INFO - task : ['VEHICLE', 'PEDESTRIAN', 'CYCLIST'], loss: 2.0095, hm_loss: 0.0000, loc_loss: 0.5952, loc_loss_elem: ['0.1100', '0.0902', '0.0908', '0.0516', '0.0552', '0.0768', '0.0475', '0.0731'], num_positive: 148.6000, roi_reg_loss: 0.5912, roi_cls_loss: 0.2280

2022-05-18 21:05:05,538 - INFO - Epoch [6/6][85/133]	lr: 0.00001, eta: 0:05:03, time: 6.364, data_time: 0.067, transfer_time: 0.071, forward_time: 5.886, loss_parse_time: 0.000 memory: 11851, 
2022-05-18 21:05:05,538 - INFO - task : ['VEHICLE', 'PEDESTRIAN', 'CYCLIST'], loss: 1.9386, hm_loss: 0.0000, loc_loss: 0.5755, loc_loss_elem: ['0.1047', '0.0802', '0.0817', '0.0559', '0.0638', '0.0706', '0.0515', '0.0671'], num_positive: 179.8000, roi_reg_loss: 0.5674, roi_cls_loss: 0.2202

2022-05-18 21:05:37,468 - INFO - Epoch [6/6][90/133]	lr: 0.00001, eta: 0:04:31, time: 6.385, data_time: 0.068, transfer_time: 0.072, forward_time: 5.895, loss_parse_time: 0.000 memory: 11851, 
2022-05-18 21:05:37,468 - INFO - task : ['VEHICLE', 'PEDESTRIAN', 'CYCLIST'], loss: 1.8887, hm_loss: 0.0000, loc_loss: 0.5528, loc_loss_elem: ['0.0962', '0.0846', '0.0857', '0.0537', '0.0560', '0.0703', '0.0522', '0.0541'], num_positive: 165.6000, roi_reg_loss: 0.5876, roi_cls_loss: 0.1954

2022-05-18 21:06:09,474 - INFO - Epoch [6/6][95/133]	lr: 0.00001, eta: 0:04:00, time: 6.403, data_time: 0.063, transfer_time: 0.073, forward_time: 5.911, loss_parse_time: 0.000 memory: 11851, 
2022-05-18 21:06:09,475 - INFO - task : ['VEHICLE', 'PEDESTRIAN', 'CYCLIST'], loss: 1.8858, hm_loss: 0.0000, loc_loss: 0.5775, loc_loss_elem: ['0.0944', '0.0802', '0.0906', '0.0564', '0.0638', '0.0709', '0.0669', '0.0543'], num_positive: 116.0000, roi_reg_loss: 0.5769, roi_cls_loss: 0.1538

2022-05-18 21:06:41,191 - INFO - Epoch [6/6][100/133]	lr: 0.00001, eta: 0:03:28, time: 6.344, data_time: 0.060, transfer_time: 0.071, forward_time: 5.883, loss_parse_time: 0.000 memory: 11851, 
2022-05-18 21:06:41,191 - INFO - task : ['VEHICLE', 'PEDESTRIAN', 'CYCLIST'], loss: 2.1220, hm_loss: 0.0000, loc_loss: 0.6275, loc_loss_elem: ['0.1016', '0.0908', '0.1010', '0.0580', '0.0600', '0.0718', '0.0654', '0.0790'], num_positive: 198.0000, roi_reg_loss: 0.6214, roi_cls_loss: 0.2456

2022-05-18 21:07:13,056 - INFO - Epoch [6/6][105/133]	lr: 0.00000, eta: 0:02:56, time: 6.373, data_time: 0.063, transfer_time: 0.074, forward_time: 5.887, loss_parse_time: 0.000 memory: 11851, 
2022-05-18 21:07:13,056 - INFO - task : ['VEHICLE', 'PEDESTRIAN', 'CYCLIST'], loss: 2.0554, hm_loss: 0.0000, loc_loss: 0.6300, loc_loss_elem: ['0.1077', '0.0845', '0.0839', '0.0602', '0.0595', '0.0763', '0.0774', '0.0804'], num_positive: 148.8000, roi_reg_loss: 0.6045, roi_cls_loss: 0.1909

2022-05-18 21:07:44,957 - INFO - Epoch [6/6][110/133]	lr: 0.00000, eta: 0:02:25, time: 6.380, data_time: 0.063, transfer_time: 0.073, forward_time: 5.892, loss_parse_time: 0.000 memory: 11851, 
2022-05-18 21:07:44,957 - INFO - task : ['VEHICLE', 'PEDESTRIAN', 'CYCLIST'], loss: 2.0551, hm_loss: 0.0000, loc_loss: 0.6038, loc_loss_elem: ['0.1021', '0.0897', '0.0897', '0.0582', '0.0585', '0.0746', '0.0559', '0.0753'], num_positive: 194.2000, roi_reg_loss: 0.6220, roi_cls_loss: 0.2254

2022-05-18 21:08:16,921 - INFO - Epoch [6/6][115/133]	lr: 0.00000, eta: 0:01:53, time: 6.392, data_time: 0.059, transfer_time: 0.070, forward_time: 5.906, loss_parse_time: 0.000 memory: 11851, 
2022-05-18 21:08:16,921 - INFO - task : ['VEHICLE', 'PEDESTRIAN', 'CYCLIST'], loss: 1.9486, hm_loss: 0.0000, loc_loss: 0.5760, loc_loss_elem: ['0.1063', '0.0791', '0.0825', '0.0567', '0.0612', '0.0715', '0.0470', '0.0716'], num_positive: 174.4000, roi_reg_loss: 0.5778, roi_cls_loss: 0.2188

2022-05-18 21:08:49,031 - INFO - Epoch [6/6][120/133]	lr: 0.00000, eta: 0:01:22, time: 6.421, data_time: 0.061, transfer_time: 0.073, forward_time: 5.916, loss_parse_time: 0.000 memory: 11851, 
2022-05-18 21:08:49,031 - INFO - task : ['VEHICLE', 'PEDESTRIAN', 'CYCLIST'], loss: 2.0933, hm_loss: 0.0000, loc_loss: 0.6495, loc_loss_elem: ['0.0972', '0.0920', '0.0878', '0.0639', '0.0675', '0.0678', '0.0699', '0.1033'], num_positive: 173.4000, roi_reg_loss: 0.5861, roi_cls_loss: 0.2081

2022-05-18 21:09:20,968 - INFO - Epoch [6/6][125/133]	lr: 0.00000, eta: 0:00:50, time: 6.390, data_time: 0.062, transfer_time: 0.071, forward_time: 5.890, loss_parse_time: 0.000 memory: 11851, 
2022-05-18 21:09:20,968 - INFO - task : ['VEHICLE', 'PEDESTRIAN', 'CYCLIST'], loss: 1.9315, hm_loss: 0.0000, loc_loss: 0.5704, loc_loss_elem: ['0.0994', '0.0796', '0.0929', '0.0568', '0.0612', '0.0702', '0.0475', '0.0629'], num_positive: 167.2000, roi_reg_loss: 0.5928, roi_cls_loss: 0.1978

2022-05-18 21:09:53,049 - INFO - Epoch [6/6][130/133]	lr: 0.00000, eta: 0:00:18, time: 6.417, data_time: 0.070, transfer_time: 0.070, forward_time: 5.897, loss_parse_time: 0.000 memory: 11851, 
2022-05-18 21:09:53,050 - INFO - task : ['VEHICLE', 'PEDESTRIAN', 'CYCLIST'], loss: 2.0111, hm_loss: 0.0000, loc_loss: 0.5756, loc_loss_elem: ['0.1042', '0.0823', '0.0838', '0.0582', '0.0516', '0.0680', '0.0645', '0.0629'], num_positive: 191.4000, roi_reg_loss: 0.6286, roi_cls_loss: 0.2313

