2022-06-03 15:57:29,576 - INFO - Start running, host: root@38c34f86dda2, work_dir: /code/CenterPoint/work_dirs/waymo_centerpoint_voxelnet_two_stage_bev_5point_ft_6epoch_freeze_fusion
2022-06-03 15:57:29,576 - INFO - workflow: [('train', 1)], max: 6 epochs
2022-06-03 15:58:08,066 - INFO - Epoch [1/6][5/133]	lr: 0.00005, eta: 1:41:44, time: 7.697, data_time: 1.155, transfer_time: 0.075, forward_time: 6.108, loss_parse_time: 0.000 memory: 10653, 
2022-06-03 15:58:08,067 - INFO - task : ['VEHICLE', 'PEDESTRIAN', 'CYCLIST'], loss: 3.0334, hm_loss: 0.0000, loc_loss: 0.6066, loc_loss_elem: ['0.1032', '0.0887', '0.0813', '0.0609', '0.0619', '0.0660', '0.0615', '0.0832'], num_positive: 178.8000, roi_reg_loss: 1.0406, roi_cls_loss: 0.7796

2022-06-03 15:58:40,154 - INFO - Epoch [1/6][10/133]	lr: 0.00005, eta: 1:32:40, time: 6.415, data_time: 0.069, transfer_time: 0.077, forward_time: 5.928, loss_parse_time: 0.000 memory: 10653, 
2022-06-03 15:58:40,154 - INFO - task : ['VEHICLE', 'PEDESTRIAN', 'CYCLIST'], loss: 2.9648, hm_loss: 0.0000, loc_loss: 0.6292, loc_loss_elem: ['0.1068', '0.0818', '0.0867', '0.0580', '0.0585', '0.0840', '0.0758', '0.0775'], num_positive: 117.0000, roi_reg_loss: 0.9962, roi_cls_loss: 0.7102

2022-06-03 15:59:12,258 - INFO - Epoch [1/6][15/133]	lr: 0.00005, eta: 1:29:19, time: 6.420, data_time: 0.064, transfer_time: 0.075, forward_time: 5.938, loss_parse_time: 0.000 memory: 10670, 
2022-06-03 15:59:12,258 - INFO - task : ['VEHICLE', 'PEDESTRIAN', 'CYCLIST'], loss: 2.9677, hm_loss: 0.0000, loc_loss: 0.6220, loc_loss_elem: ['0.1044', '0.0873', '0.0824', '0.0600', '0.0600', '0.0765', '0.0759', '0.0755'], num_positive: 180.2000, roi_reg_loss: 1.0163, roi_cls_loss: 0.7074

2022-06-03 15:59:44,361 - INFO - Epoch [1/6][20/133]	lr: 0.00005, eta: 1:27:23, time: 6.423, data_time: 0.068, transfer_time: 0.076, forward_time: 5.934, loss_parse_time: 0.000 memory: 11077, 
2022-06-03 15:59:44,361 - INFO - task : ['VEHICLE', 'PEDESTRIAN', 'CYCLIST'], loss: 3.0306, hm_loss: 0.0000, loc_loss: 0.6375, loc_loss_elem: ['0.1079', '0.0988', '0.0918', '0.0614', '0.0592', '0.0806', '0.0583', '0.0795'], num_positive: 163.0000, roi_reg_loss: 1.0852, roi_cls_loss: 0.6705

2022-06-03 16:00:16,601 - INFO - Epoch [1/6][25/133]	lr: 0.00006, eta: 1:26:04, time: 6.448, data_time: 0.073, transfer_time: 0.073, forward_time: 5.962, loss_parse_time: 0.000 memory: 11077, 
2022-06-03 16:00:16,601 - INFO - task : ['VEHICLE', 'PEDESTRIAN', 'CYCLIST'], loss: 2.9194, hm_loss: 0.0000, loc_loss: 0.5877, loc_loss_elem: ['0.1018', '0.0797', '0.0771', '0.0621', '0.0650', '0.0685', '0.0621', '0.0715'], num_positive: 221.0000, roi_reg_loss: 1.0741, roi_cls_loss: 0.6698

2022-06-03 16:00:48,869 - INFO - Epoch [1/6][30/133]	lr: 0.00006, eta: 1:25:01, time: 6.454, data_time: 0.066, transfer_time: 0.077, forward_time: 5.945, loss_parse_time: 0.000 memory: 11234, 
2022-06-03 16:00:48,869 - INFO - task : ['VEHICLE', 'PEDESTRIAN', 'CYCLIST'], loss: 2.9330, hm_loss: 0.0000, loc_loss: 0.6276, loc_loss_elem: ['0.1078', '0.0876', '0.0904', '0.0577', '0.0624', '0.0776', '0.0659', '0.0782'], num_positive: 188.4000, roi_reg_loss: 1.0414, roi_cls_loss: 0.6364

2022-06-03 16:01:21,106 - INFO - Epoch [1/6][35/133]	lr: 0.00006, eta: 1:24:07, time: 6.445, data_time: 0.068, transfer_time: 0.074, forward_time: 5.949, loss_parse_time: 0.000 memory: 11234, 
2022-06-03 16:01:21,106 - INFO - task : ['VEHICLE', 'PEDESTRIAN', 'CYCLIST'], loss: 2.9998, hm_loss: 0.0000, loc_loss: 0.6832, loc_loss_elem: ['0.1127', '0.0874', '0.0916', '0.0630', '0.0694', '0.0876', '0.0813', '0.0901'], num_positive: 154.2000, roi_reg_loss: 1.0589, roi_cls_loss: 0.5744

2022-06-03 16:01:53,390 - INFO - Epoch [1/6][40/133]	lr: 0.00007, eta: 1:23:19, time: 6.458, data_time: 0.071, transfer_time: 0.075, forward_time: 5.966, loss_parse_time: 0.000 memory: 11234, 
2022-06-03 16:01:53,390 - INFO - task : ['VEHICLE', 'PEDESTRIAN', 'CYCLIST'], loss: 2.8696, hm_loss: 0.0000, loc_loss: 0.6251, loc_loss_elem: ['0.1195', '0.0868', '0.0905', '0.0590', '0.0632', '0.0692', '0.0520', '0.0849'], num_positive: 146.0000, roi_reg_loss: 1.0789, roi_cls_loss: 0.5405

2022-06-03 16:02:25,580 - INFO - Epoch [1/6][45/133]	lr: 0.00007, eta: 1:22:32, time: 6.437, data_time: 0.066, transfer_time: 0.076, forward_time: 5.957, loss_parse_time: 0.000 memory: 11234, 
2022-06-03 16:02:25,580 - INFO - task : ['VEHICLE', 'PEDESTRIAN', 'CYCLIST'], loss: 2.7739, hm_loss: 0.0000, loc_loss: 0.5977, loc_loss_elem: ['0.0991', '0.0795', '0.0951', '0.0568', '0.0607', '0.0714', '0.0601', '0.0750'], num_positive: 150.2000, roi_reg_loss: 1.0541, roi_cls_loss: 0.5244

2022-06-03 16:02:57,867 - INFO - Epoch [1/6][50/133]	lr: 0.00008, eta: 1:21:51, time: 6.460, data_time: 0.070, transfer_time: 0.074, forward_time: 5.960, loss_parse_time: 0.000 memory: 11234, 
2022-06-03 16:02:57,867 - INFO - task : ['VEHICLE', 'PEDESTRIAN', 'CYCLIST'], loss: 2.6500, hm_loss: 0.0000, loc_loss: 0.5586, loc_loss_elem: ['0.1022', '0.0806', '0.0788', '0.0575', '0.0612', '0.0674', '0.0537', '0.0572'], num_positive: 174.8000, roi_reg_loss: 1.0349, roi_cls_loss: 0.4979

2022-06-03 16:03:30,220 - INFO - Epoch [1/6][55/133]	lr: 0.00008, eta: 1:21:11, time: 6.468, data_time: 0.075, transfer_time: 0.076, forward_time: 5.961, loss_parse_time: 0.000 memory: 11313, 
2022-06-03 16:03:30,220 - INFO - task : ['VEHICLE', 'PEDESTRIAN', 'CYCLIST'], loss: 2.7064, hm_loss: 0.0000, loc_loss: 0.6031, loc_loss_elem: ['0.0930', '0.0784', '0.0833', '0.0600', '0.0656', '0.0683', '0.0787', '0.0758'], num_positive: 147.0000, roi_reg_loss: 1.0306, roi_cls_loss: 0.4696

2022-06-03 16:04:02,513 - INFO - Epoch [1/6][60/133]	lr: 0.00009, eta: 1:20:32, time: 6.459, data_time: 0.071, transfer_time: 0.076, forward_time: 5.978, loss_parse_time: 0.000 memory: 11313, 
2022-06-03 16:04:02,513 - INFO - task : ['VEHICLE', 'PEDESTRIAN', 'CYCLIST'], loss: 2.6388, hm_loss: 0.0000, loc_loss: 0.6176, loc_loss_elem: ['0.1115', '0.0883', '0.0974', '0.0545', '0.0550', '0.0742', '0.0550', '0.0818'], num_positive: 149.4000, roi_reg_loss: 0.9844, roi_cls_loss: 0.4193

2022-06-03 16:04:34,837 - INFO - Epoch [1/6][65/133]	lr: 0.00009, eta: 1:19:55, time: 6.465, data_time: 0.074, transfer_time: 0.078, forward_time: 5.957, loss_parse_time: 0.000 memory: 11338, 
2022-06-03 16:04:34,837 - INFO - task : ['VEHICLE', 'PEDESTRIAN', 'CYCLIST'], loss: 2.5161, hm_loss: 0.0000, loc_loss: 0.6122, loc_loss_elem: ['0.1074', '0.0797', '0.0815', '0.0627', '0.0703', '0.0735', '0.0704', '0.0667'], num_positive: 145.0000, roi_reg_loss: 0.8705, roi_cls_loss: 0.4211

2022-06-03 16:05:07,017 - INFO - Epoch [1/6][70/133]	lr: 0.00010, eta: 1:19:17, time: 6.436, data_time: 0.063, transfer_time: 0.073, forward_time: 5.960, loss_parse_time: 0.000 memory: 11338, 
2022-06-03 16:05:07,017 - INFO - task : ['VEHICLE', 'PEDESTRIAN', 'CYCLIST'], loss: 2.4755, hm_loss: 0.0000, loc_loss: 0.5750, loc_loss_elem: ['0.1041', '0.0792', '0.0799', '0.0597', '0.0610', '0.0668', '0.0538', '0.0705'], num_positive: 227.6000, roi_reg_loss: 0.9353, roi_cls_loss: 0.3903

2022-06-03 16:05:39,226 - INFO - Epoch [1/6][75/133]	lr: 0.00011, eta: 1:18:40, time: 6.444, data_time: 0.065, transfer_time: 0.075, forward_time: 5.941, loss_parse_time: 0.000 memory: 11637, 
2022-06-03 16:05:39,226 - INFO - task : ['VEHICLE', 'PEDESTRIAN', 'CYCLIST'], loss: 2.8799, hm_loss: 0.0000, loc_loss: 0.6900, loc_loss_elem: ['0.1055', '0.1015', '0.1079', '0.0602', '0.0582', '0.0871', '0.0759', '0.0937'], num_positive: 150.8000, roi_reg_loss: 1.1224, roi_cls_loss: 0.3775

2022-06-03 16:06:11,466 - INFO - Epoch [1/6][80/133]	lr: 0.00011, eta: 1:18:03, time: 6.446, data_time: 0.069, transfer_time: 0.075, forward_time: 5.966, loss_parse_time: 0.000 memory: 11637, 
2022-06-03 16:06:11,466 - INFO - task : ['VEHICLE', 'PEDESTRIAN', 'CYCLIST'], loss: 2.3841, hm_loss: 0.0000, loc_loss: 0.5807, loc_loss_elem: ['0.1035', '0.0869', '0.0827', '0.0541', '0.0553', '0.0701', '0.0543', '0.0739'], num_positive: 147.2000, roi_reg_loss: 0.8817, roi_cls_loss: 0.3411

2022-06-03 16:06:43,715 - INFO - Epoch [1/6][85/133]	lr: 0.00012, eta: 1:17:28, time: 6.452, data_time: 0.061, transfer_time: 0.072, forward_time: 5.979, loss_parse_time: 0.000 memory: 11637, 
2022-06-03 16:06:43,716 - INFO - task : ['VEHICLE', 'PEDESTRIAN', 'CYCLIST'], loss: 2.4254, hm_loss: 0.0000, loc_loss: 0.6307, loc_loss_elem: ['0.1072', '0.0818', '0.0782', '0.0610', '0.0701', '0.0670', '0.0818', '0.0835'], num_positive: 224.8000, roi_reg_loss: 0.8366, roi_cls_loss: 0.3274

2022-06-03 16:07:15,979 - INFO - Epoch [1/6][90/133]	lr: 0.00013, eta: 1:16:53, time: 6.453, data_time: 0.069, transfer_time: 0.077, forward_time: 5.952, loss_parse_time: 0.000 memory: 11637, 
2022-06-03 16:07:15,979 - INFO - task : ['VEHICLE', 'PEDESTRIAN', 'CYCLIST'], loss: 2.5527, hm_loss: 0.0000, loc_loss: 0.6807, loc_loss_elem: ['0.1069', '0.0852', '0.0911', '0.0610', '0.0661', '0.0811', '0.0803', '0.1089'], num_positive: 192.0000, roi_reg_loss: 0.9010, roi_cls_loss: 0.2903

2022-06-03 16:07:48,310 - INFO - Epoch [1/6][95/133]	lr: 0.00014, eta: 1:16:18, time: 6.464, data_time: 0.071, transfer_time: 0.077, forward_time: 5.966, loss_parse_time: 0.000 memory: 11637, 
2022-06-03 16:07:48,310 - INFO - task : ['VEHICLE', 'PEDESTRIAN', 'CYCLIST'], loss: 2.4397, hm_loss: 0.0000, loc_loss: 0.6145, loc_loss_elem: ['0.1075', '0.0919', '0.0891', '0.0584', '0.0620', '0.0746', '0.0557', '0.0753'], num_positive: 170.4000, roi_reg_loss: 0.9174, roi_cls_loss: 0.2933

2022-06-03 16:08:20,410 - INFO - Epoch [1/6][100/133]	lr: 0.00015, eta: 1:15:42, time: 6.420, data_time: 0.067, transfer_time: 0.077, forward_time: 5.947, loss_parse_time: 0.000 memory: 11637, 
2022-06-03 16:08:20,411 - INFO - task : ['VEHICLE', 'PEDESTRIAN', 'CYCLIST'], loss: 2.5327, hm_loss: 0.0000, loc_loss: 0.6329, loc_loss_elem: ['0.1100', '0.0875', '0.0958', '0.0534', '0.0555', '0.0778', '0.0665', '0.0863'], num_positive: 152.4000, roi_reg_loss: 0.9674, roi_cls_loss: 0.2996

2022-06-03 16:08:52,785 - INFO - Epoch [1/6][105/133]	lr: 0.00016, eta: 1:15:09, time: 6.477, data_time: 0.065, transfer_time: 0.075, forward_time: 5.980, loss_parse_time: 0.000 memory: 11637, 
2022-06-03 16:08:52,786 - INFO - task : ['VEHICLE', 'PEDESTRIAN', 'CYCLIST'], loss: 2.3989, hm_loss: 0.0000, loc_loss: 0.6198, loc_loss_elem: ['0.1028', '0.0859', '0.0836', '0.0590', '0.0630', '0.0760', '0.0687', '0.0808'], num_positive: 162.0000, roi_reg_loss: 0.9045, roi_cls_loss: 0.2547

2022-06-03 16:09:25,027 - INFO - Epoch [1/6][110/133]	lr: 0.00017, eta: 1:14:34, time: 6.449, data_time: 0.065, transfer_time: 0.077, forward_time: 5.956, loss_parse_time: 0.000 memory: 11637, 
2022-06-03 16:09:25,027 - INFO - task : ['VEHICLE', 'PEDESTRIAN', 'CYCLIST'], loss: 2.4689, hm_loss: 0.0000, loc_loss: 0.6476, loc_loss_elem: ['0.0996', '0.0896', '0.0926', '0.0568', '0.0594', '0.0739', '0.0852', '0.0905'], num_positive: 147.4000, roi_reg_loss: 0.9187, roi_cls_loss: 0.2551

2022-06-03 16:09:57,095 - INFO - Epoch [1/6][115/133]	lr: 0.00018, eta: 1:13:59, time: 6.411, data_time: 0.070, transfer_time: 0.077, forward_time: 5.933, loss_parse_time: 0.000 memory: 11637, 
2022-06-03 16:09:57,095 - INFO - task : ['VEHICLE', 'PEDESTRIAN', 'CYCLIST'], loss: 2.2840, hm_loss: 0.0000, loc_loss: 0.5967, loc_loss_elem: ['0.1071', '0.0883', '0.0791', '0.0577', '0.0603', '0.0700', '0.0594', '0.0748'], num_positive: 159.0000, roi_reg_loss: 0.8754, roi_cls_loss: 0.2152

2022-06-03 16:10:29,100 - INFO - Epoch [1/6][120/133]	lr: 0.00019, eta: 1:13:24, time: 6.401, data_time: 0.071, transfer_time: 0.075, forward_time: 5.915, loss_parse_time: 0.000 memory: 11637, 
2022-06-03 16:10:29,100 - INFO - task : ['VEHICLE', 'PEDESTRIAN', 'CYCLIST'], loss: 2.3267, hm_loss: 0.0000, loc_loss: 0.6507, loc_loss_elem: ['0.1014', '0.0884', '0.0917', '0.0619', '0.0652', '0.0758', '0.0786', '0.0877'], num_positive: 178.8000, roi_reg_loss: 0.8043, roi_cls_loss: 0.2209

2022-06-03 16:11:01,288 - INFO - Epoch [1/6][125/133]	lr: 0.00020, eta: 1:12:50, time: 6.440, data_time: 0.072, transfer_time: 0.077, forward_time: 5.938, loss_parse_time: 0.000 memory: 11637, 
2022-06-03 16:11:01,288 - INFO - task : ['VEHICLE', 'PEDESTRIAN', 'CYCLIST'], loss: 2.4546, hm_loss: 0.0000, loc_loss: 0.6815, loc_loss_elem: ['0.1083', '0.0887', '0.0885', '0.0608', '0.0646', '0.0768', '0.0914', '0.1024'], num_positive: 170.0000, roi_reg_loss: 0.8657, roi_cls_loss: 0.2259

2022-06-03 16:11:33,519 - INFO - Epoch [1/6][130/133]	lr: 0.00021, eta: 1:12:16, time: 6.444, data_time: 0.064, transfer_time: 0.075, forward_time: 5.950, loss_parse_time: 0.000 memory: 11637, 
2022-06-03 16:11:33,519 - INFO - task : ['VEHICLE', 'PEDESTRIAN', 'CYCLIST'], loss: 2.2091, hm_loss: 0.0000, loc_loss: 0.6007, loc_loss_elem: ['0.1097', '0.0863', '0.0889', '0.0546', '0.0531', '0.0737', '0.0545', '0.0799'], num_positive: 166.8000, roi_reg_loss: 0.7991, roi_cls_loss: 0.2085

2022-06-03 16:12:30,629 - INFO - Epoch [2/6][5/133]	lr: 0.00023, eta: 1:10:14, time: 7.468, data_time: 1.075, transfer_time: 0.080, forward_time: 5.967, loss_parse_time: 0.000 memory: 11637, 
2022-06-03 16:12:30,630 - INFO - task : ['VEHICLE', 'PEDESTRIAN', 'CYCLIST'], loss: 2.2853, hm_loss: 0.0000, loc_loss: 0.6118, loc_loss_elem: ['0.0950', '0.0874', '0.0866', '0.0569', '0.0597', '0.0749', '0.0646', '0.0867'], num_positive: 170.2000, roi_reg_loss: 0.8430, roi_cls_loss: 0.2187

2022-06-03 16:13:02,773 - INFO - Epoch [2/6][10/133]	lr: 0.00024, eta: 1:09:43, time: 6.429, data_time: 0.069, transfer_time: 0.071, forward_time: 5.939, loss_parse_time: 0.000 memory: 11637, 
2022-06-03 16:13:02,773 - INFO - task : ['VEHICLE', 'PEDESTRIAN', 'CYCLIST'], loss: 2.1825, hm_loss: 0.0000, loc_loss: 0.5882, loc_loss_elem: ['0.1046', '0.0830', '0.0819', '0.0558', '0.0544', '0.0758', '0.0561', '0.0765'], num_positive: 182.2000, roi_reg_loss: 0.8203, roi_cls_loss: 0.1858

2022-06-03 16:13:34,841 - INFO - Epoch [2/6][15/133]	lr: 0.00025, eta: 1:09:12, time: 6.414, data_time: 0.060, transfer_time: 0.073, forward_time: 5.938, loss_parse_time: 0.000 memory: 11637, 
2022-06-03 16:13:34,841 - INFO - task : ['VEHICLE', 'PEDESTRIAN', 'CYCLIST'], loss: 2.2096, hm_loss: 0.0000, loc_loss: 0.6244, loc_loss_elem: ['0.1131', '0.0907', '0.0841', '0.0586', '0.0574', '0.0742', '0.0636', '0.0825'], num_positive: 166.8000, roi_reg_loss: 0.7982, roi_cls_loss: 0.1626

2022-06-03 16:14:06,807 - INFO - Epoch [2/6][20/133]	lr: 0.00026, eta: 1:08:40, time: 6.391, data_time: 0.073, transfer_time: 0.075, forward_time: 5.913, loss_parse_time: 0.000 memory: 11637, 
2022-06-03 16:14:06,807 - INFO - task : ['VEHICLE', 'PEDESTRIAN', 'CYCLIST'], loss: 2.1689, hm_loss: 0.0000, loc_loss: 0.5387, loc_loss_elem: ['0.1068', '0.0812', '0.0754', '0.0542', '0.0524', '0.0664', '0.0448', '0.0576'], num_positive: 167.8000, roi_reg_loss: 0.9056, roi_cls_loss: 0.1859

2022-06-03 16:14:38,895 - INFO - Epoch [2/6][25/133]	lr: 0.00027, eta: 1:08:09, time: 6.420, data_time: 0.068, transfer_time: 0.072, forward_time: 5.934, loss_parse_time: 0.000 memory: 11637, 
2022-06-03 16:14:38,895 - INFO - task : ['VEHICLE', 'PEDESTRIAN', 'CYCLIST'], loss: 2.2415, hm_loss: 0.0000, loc_loss: 0.6008, loc_loss_elem: ['0.1059', '0.0845', '0.0828', '0.0590', '0.0602', '0.0783', '0.0509', '0.0792'], num_positive: 179.8000, roi_reg_loss: 0.8801, roi_cls_loss: 0.1599

2022-06-03 16:15:11,306 - INFO - Epoch [2/6][30/133]	lr: 0.00028, eta: 1:07:39, time: 6.482, data_time: 0.061, transfer_time: 0.074, forward_time: 5.979, loss_parse_time: 0.000 memory: 11637, 
2022-06-03 16:15:11,307 - INFO - task : ['VEHICLE', 'PEDESTRIAN', 'CYCLIST'], loss: 2.0598, hm_loss: 0.0000, loc_loss: 0.5922, loc_loss_elem: ['0.1052', '0.0852', '0.0856', '0.0562', '0.0553', '0.0736', '0.0633', '0.0679'], num_positive: 171.0000, roi_reg_loss: 0.7208, roi_cls_loss: 0.1547

2022-06-03 16:15:43,454 - INFO - Epoch [2/6][35/133]	lr: 0.00029, eta: 1:07:07, time: 6.430, data_time: 0.071, transfer_time: 0.075, forward_time: 5.943, loss_parse_time: 0.000 memory: 11637, 
2022-06-03 16:15:43,455 - INFO - task : ['VEHICLE', 'PEDESTRIAN', 'CYCLIST'], loss: 2.0938, hm_loss: 0.0000, loc_loss: 0.6116, loc_loss_elem: ['0.1136', '0.0922', '0.0938', '0.0558', '0.0555', '0.0736', '0.0489', '0.0783'], num_positive: 173.4000, roi_reg_loss: 0.7163, roi_cls_loss: 0.1542

2022-06-03 16:16:15,474 - INFO - Epoch [2/6][40/133]	lr: 0.00030, eta: 1:06:36, time: 6.404, data_time: 0.062, transfer_time: 0.073, forward_time: 5.927, loss_parse_time: 0.000 memory: 11637, 
2022-06-03 16:16:15,475 - INFO - task : ['VEHICLE', 'PEDESTRIAN', 'CYCLIST'], loss: 2.2001, hm_loss: 0.0000, loc_loss: 0.6109, loc_loss_elem: ['0.1056', '0.0825', '0.0913', '0.0575', '0.0640', '0.0742', '0.0599', '0.0759'], num_positive: 151.6000, roi_reg_loss: 0.8288, roi_cls_loss: 0.1495

2022-06-03 16:16:47,581 - INFO - Epoch [2/6][45/133]	lr: 0.00031, eta: 1:06:04, time: 6.419, data_time: 0.066, transfer_time: 0.077, forward_time: 5.936, loss_parse_time: 0.000 memory: 11637, 
2022-06-03 16:16:47,581 - INFO - task : ['VEHICLE', 'PEDESTRIAN', 'CYCLIST'], loss: 2.2303, hm_loss: 0.0000, loc_loss: 0.6460, loc_loss_elem: ['0.1058', '0.0912', '0.0893', '0.0585', '0.0610', '0.0697', '0.0770', '0.0935'], num_positive: 132.6000, roi_reg_loss: 0.8024, roi_cls_loss: 0.1359

2022-06-03 16:17:19,860 - INFO - Epoch [2/6][50/133]	lr: 0.00032, eta: 1:05:33, time: 6.457, data_time: 0.067, transfer_time: 0.076, forward_time: 5.951, loss_parse_time: 0.000 memory: 11637, 
2022-06-03 16:17:19,860 - INFO - task : ['VEHICLE', 'PEDESTRIAN', 'CYCLIST'], loss: 2.1847, hm_loss: 0.0000, loc_loss: 0.6328, loc_loss_elem: ['0.1088', '0.0856', '0.0840', '0.0633', '0.0687', '0.0755', '0.0717', '0.0752'], num_positive: 130.2000, roi_reg_loss: 0.7711, roi_cls_loss: 0.1481

2022-06-03 16:17:52,223 - INFO - Epoch [2/6][55/133]	lr: 0.00034, eta: 1:05:02, time: 6.472, data_time: 0.059, transfer_time: 0.075, forward_time: 5.978, loss_parse_time: 0.000 memory: 11637, 
2022-06-03 16:17:52,223 - INFO - task : ['VEHICLE', 'PEDESTRIAN', 'CYCLIST'], loss: 2.0845, hm_loss: 0.0000, loc_loss: 0.6029, loc_loss_elem: ['0.0953', '0.0817', '0.0789', '0.0614', '0.0696', '0.0722', '0.0618', '0.0820'], num_positive: 188.4000, roi_reg_loss: 0.7361, roi_cls_loss: 0.1426

2022-06-03 16:18:24,524 - INFO - Epoch [2/6][60/133]	lr: 0.00035, eta: 1:04:31, time: 6.460, data_time: 0.067, transfer_time: 0.072, forward_time: 5.964, loss_parse_time: 0.000 memory: 11637, 
2022-06-03 16:18:24,524 - INFO - task : ['VEHICLE', 'PEDESTRIAN', 'CYCLIST'], loss: 2.0932, hm_loss: 0.0000, loc_loss: 0.6130, loc_loss_elem: ['0.0957', '0.0759', '0.0756', '0.0627', '0.0743', '0.0696', '0.0756', '0.0834'], num_positive: 219.8000, roi_reg_loss: 0.7330, roi_cls_loss: 0.1342

2022-06-03 16:18:56,676 - INFO - Epoch [2/6][65/133]	lr: 0.00036, eta: 1:04:00, time: 6.432, data_time: 0.071, transfer_time: 0.072, forward_time: 5.958, loss_parse_time: 0.000 memory: 11637, 
2022-06-03 16:18:56,676 - INFO - task : ['VEHICLE', 'PEDESTRIAN', 'CYCLIST'], loss: 2.0551, hm_loss: 0.0000, loc_loss: 0.5875, loc_loss_elem: ['0.1014', '0.0862', '0.0817', '0.0576', '0.0611', '0.0654', '0.0592', '0.0749'], num_positive: 216.8000, roi_reg_loss: 0.7522, roi_cls_loss: 0.1279

2022-06-03 16:19:28,938 - INFO - Epoch [2/6][70/133]	lr: 0.00037, eta: 1:03:29, time: 6.453, data_time: 0.060, transfer_time: 0.076, forward_time: 5.967, loss_parse_time: 0.000 memory: 11637, 
2022-06-03 16:19:28,938 - INFO - task : ['VEHICLE', 'PEDESTRIAN', 'CYCLIST'], loss: 2.1123, hm_loss: 0.0000, loc_loss: 0.6136, loc_loss_elem: ['0.0969', '0.0955', '0.0869', '0.0586', '0.0619', '0.0761', '0.0615', '0.0762'], num_positive: 121.8000, roi_reg_loss: 0.7501, roi_cls_loss: 0.1350

2022-06-03 16:20:01,162 - INFO - Epoch [2/6][75/133]	lr: 0.00038, eta: 1:02:57, time: 6.442, data_time: 0.061, transfer_time: 0.074, forward_time: 5.955, loss_parse_time: 0.000 memory: 11637, 
2022-06-03 16:20:01,162 - INFO - task : ['VEHICLE', 'PEDESTRIAN', 'CYCLIST'], loss: 2.1055, hm_loss: 0.0000, loc_loss: 0.6353, loc_loss_elem: ['0.1047', '0.0836', '0.0888', '0.0603', '0.0679', '0.0689', '0.0739', '0.0872'], num_positive: 155.2000, roi_reg_loss: 0.7165, roi_cls_loss: 0.1183

2022-06-03 16:20:33,203 - INFO - Epoch [2/6][80/133]	lr: 0.00039, eta: 1:02:25, time: 6.408, data_time: 0.063, transfer_time: 0.075, forward_time: 5.932, loss_parse_time: 0.000 memory: 11637, 
2022-06-03 16:20:33,203 - INFO - task : ['VEHICLE', 'PEDESTRIAN', 'CYCLIST'], loss: 2.0465, hm_loss: 0.0000, loc_loss: 0.6285, loc_loss_elem: ['0.1033', '0.0814', '0.0836', '0.0623', '0.0675', '0.0717', '0.0725', '0.0862'], num_positive: 198.6000, roi_reg_loss: 0.6778, roi_cls_loss: 0.1118

2022-06-03 16:21:05,552 - INFO - Epoch [2/6][85/133]	lr: 0.00040, eta: 1:01:54, time: 6.470, data_time: 0.068, transfer_time: 0.073, forward_time: 5.953, loss_parse_time: 0.000 memory: 11637, 
2022-06-03 16:21:05,552 - INFO - task : ['VEHICLE', 'PEDESTRIAN', 'CYCLIST'], loss: 1.9740, hm_loss: 0.0000, loc_loss: 0.5781, loc_loss_elem: ['0.1067', '0.0782', '0.0832', '0.0558', '0.0611', '0.0687', '0.0595', '0.0649'], num_positive: 158.4000, roi_reg_loss: 0.7047, roi_cls_loss: 0.1130

2022-06-03 16:21:37,500 - INFO - Epoch [2/6][90/133]	lr: 0.00040, eta: 1:01:22, time: 6.391, data_time: 0.066, transfer_time: 0.073, forward_time: 5.908, loss_parse_time: 0.000 memory: 11637, 
2022-06-03 16:21:37,500 - INFO - task : ['VEHICLE', 'PEDESTRIAN', 'CYCLIST'], loss: 1.9894, hm_loss: 0.0000, loc_loss: 0.5822, loc_loss_elem: ['0.1001', '0.0805', '0.0801', '0.0575', '0.0589', '0.0696', '0.0610', '0.0743'], num_positive: 214.0000, roi_reg_loss: 0.7215, roi_cls_loss: 0.1035

2022-06-03 16:22:09,694 - INFO - Epoch [2/6][95/133]	lr: 0.00041, eta: 1:00:50, time: 6.437, data_time: 0.073, transfer_time: 0.077, forward_time: 5.933, loss_parse_time: 0.000 memory: 11637, 
2022-06-03 16:22:09,695 - INFO - task : ['VEHICLE', 'PEDESTRIAN', 'CYCLIST'], loss: 2.1901, hm_loss: 0.0000, loc_loss: 0.6363, loc_loss_elem: ['0.0974', '0.0937', '0.0912', '0.0563', '0.0589', '0.0770', '0.0731', '0.0888'], num_positive: 169.2000, roi_reg_loss: 0.7883, roi_cls_loss: 0.1292

2022-06-03 16:22:42,048 - INFO - Epoch [2/6][100/133]	lr: 0.00042, eta: 1:00:19, time: 6.471, data_time: 0.070, transfer_time: 0.074, forward_time: 5.983, loss_parse_time: 0.000 memory: 11637, 
2022-06-03 16:22:42,048 - INFO - task : ['VEHICLE', 'PEDESTRIAN', 'CYCLIST'], loss: 1.9833, hm_loss: 0.0000, loc_loss: 0.5848, loc_loss_elem: ['0.1046', '0.0824', '0.0801', '0.0601', '0.0608', '0.0691', '0.0637', '0.0640'], num_positive: 158.4000, roi_reg_loss: 0.7111, roi_cls_loss: 0.1025

2022-06-03 16:23:14,525 - INFO - Epoch [2/6][105/133]	lr: 0.00043, eta: 0:59:48, time: 6.495, data_time: 0.068, transfer_time: 0.076, forward_time: 5.995, loss_parse_time: 0.000 memory: 11637, 
2022-06-03 16:23:14,525 - INFO - task : ['VEHICLE', 'PEDESTRIAN', 'CYCLIST'], loss: 2.1448, hm_loss: 0.0000, loc_loss: 0.6171, loc_loss_elem: ['0.0958', '0.0916', '0.0908', '0.0551', '0.0577', '0.0695', '0.0735', '0.0829'], num_positive: 149.8000, roi_reg_loss: 0.8121, roi_cls_loss: 0.0986

2022-06-03 16:23:48,084 - INFO - Epoch [2/6][110/133]	lr: 0.00044, eta: 0:59:20, time: 6.712, data_time: 0.072, transfer_time: 0.077, forward_time: 6.214, loss_parse_time: 0.000 memory: 11637, 
2022-06-03 16:23:48,084 - INFO - task : ['VEHICLE', 'PEDESTRIAN', 'CYCLIST'], loss: 2.1222, hm_loss: 0.0000, loc_loss: 0.5912, loc_loss_elem: ['0.1128', '0.0951', '0.0773', '0.0555', '0.0584', '0.0660', '0.0468', '0.0792'], num_positive: 136.2000, roi_reg_loss: 0.8364, roi_cls_loss: 0.1034

2022-06-03 16:24:21,244 - INFO - Epoch [2/6][115/133]	lr: 0.00045, eta: 0:58:50, time: 6.632, data_time: 0.073, transfer_time: 0.079, forward_time: 6.123, loss_parse_time: 0.000 memory: 11637, 
2022-06-03 16:24:21,244 - INFO - task : ['VEHICLE', 'PEDESTRIAN', 'CYCLIST'], loss: 1.9773, hm_loss: 0.0000, loc_loss: 0.6107, loc_loss_elem: ['0.1052', '0.0823', '0.0797', '0.0630', '0.0729', '0.0719', '0.0654', '0.0702'], num_positive: 169.6000, roi_reg_loss: 0.6508, roi_cls_loss: 0.1051

2022-06-03 16:24:54,239 - INFO - Epoch [2/6][120/133]	lr: 0.00045, eta: 0:58:20, time: 6.601, data_time: 0.064, transfer_time: 0.073, forward_time: 6.121, loss_parse_time: 0.000 memory: 11637, 
2022-06-03 16:24:54,239 - INFO - task : ['VEHICLE', 'PEDESTRIAN', 'CYCLIST'], loss: 2.0732, hm_loss: 0.0000, loc_loss: 0.6160, loc_loss_elem: ['0.1035', '0.0893', '0.0945', '0.0601', '0.0592', '0.0662', '0.0591', '0.0841'], num_positive: 179.8000, roi_reg_loss: 0.7456, roi_cls_loss: 0.0956

2022-06-03 16:25:27,343 - INFO - Epoch [2/6][125/133]	lr: 0.00046, eta: 0:57:50, time: 6.621, data_time: 0.072, transfer_time: 0.074, forward_time: 6.125, loss_parse_time: 0.000 memory: 11637, 
2022-06-03 16:25:27,343 - INFO - task : ['VEHICLE', 'PEDESTRIAN', 'CYCLIST'], loss: 1.9916, hm_loss: 0.0000, loc_loss: 0.6169, loc_loss_elem: ['0.1062', '0.0876', '0.1018', '0.0555', '0.0606', '0.0750', '0.0428', '0.0874'], num_positive: 142.0000, roi_reg_loss: 0.6595, roi_cls_loss: 0.0984

2022-06-03 16:26:00,268 - INFO - Epoch [2/6][130/133]	lr: 0.00047, eta: 0:57:19, time: 6.584, data_time: 0.077, transfer_time: 0.078, forward_time: 6.060, loss_parse_time: 0.000 memory: 11637, 
2022-06-03 16:26:00,269 - INFO - task : ['VEHICLE', 'PEDESTRIAN', 'CYCLIST'], loss: 2.0448, hm_loss: 0.0000, loc_loss: 0.6391, loc_loss_elem: ['0.1045', '0.0920', '0.1055', '0.0501', '0.0544', '0.0813', '0.0652', '0.0862'], num_positive: 102.8000, roi_reg_loss: 0.6694, roi_cls_loss: 0.0971

2022-06-03 16:26:59,783 - INFO - Epoch [3/6][5/133]	lr: 0.00047, eta: 0:56:04, time: 7.832, data_time: 1.175, transfer_time: 0.088, forward_time: 6.210, loss_parse_time: 0.000 memory: 11637, 
2022-06-03 16:26:59,784 - INFO - task : ['VEHICLE', 'PEDESTRIAN', 'CYCLIST'], loss: 2.1194, hm_loss: 0.0000, loc_loss: 0.6155, loc_loss_elem: ['0.1132', '0.0911', '0.0945', '0.0568', '0.0543', '0.0753', '0.0528', '0.0775'], num_positive: 149.4000, roi_reg_loss: 0.7939, roi_cls_loss: 0.0945

2022-06-03 16:27:33,193 - INFO - Epoch [3/6][10/133]	lr: 0.00048, eta: 0:55:35, time: 6.682, data_time: 0.067, transfer_time: 0.080, forward_time: 6.161, loss_parse_time: 0.000 memory: 11637, 
2022-06-03 16:27:33,193 - INFO - task : ['VEHICLE', 'PEDESTRIAN', 'CYCLIST'], loss: 1.8963, hm_loss: 0.0000, loc_loss: 0.5821, loc_loss_elem: ['0.0982', '0.0781', '0.0869', '0.0567', '0.0613', '0.0654', '0.0640', '0.0714'], num_positive: 153.4000, roi_reg_loss: 0.6464, roi_cls_loss: 0.0857

2022-06-03 16:28:06,297 - INFO - Epoch [3/6][15/133]	lr: 0.00048, eta: 0:55:05, time: 6.620, data_time: 0.071, transfer_time: 0.075, forward_time: 6.125, loss_parse_time: 0.000 memory: 11637, 
2022-06-03 16:28:06,297 - INFO - task : ['VEHICLE', 'PEDESTRIAN', 'CYCLIST'], loss: 1.8484, hm_loss: 0.0000, loc_loss: 0.6127, loc_loss_elem: ['0.1007', '0.0891', '0.0911', '0.0533', '0.0501', '0.0793', '0.0668', '0.0823'], num_positive: 155.6000, roi_reg_loss: 0.5475, roi_cls_loss: 0.0755

2022-06-03 16:28:39,375 - INFO - Epoch [3/6][20/133]	lr: 0.00049, eta: 0:54:35, time: 6.616, data_time: 0.070, transfer_time: 0.073, forward_time: 6.135, loss_parse_time: 0.000 memory: 11637, 
2022-06-03 16:28:39,375 - INFO - task : ['VEHICLE', 'PEDESTRIAN', 'CYCLIST'], loss: 2.1468, hm_loss: 0.0000, loc_loss: 0.6568, loc_loss_elem: ['0.1051', '0.0883', '0.0938', '0.0550', '0.0615', '0.0816', '0.0813', '0.0903'], num_positive: 180.2000, roi_reg_loss: 0.7497, roi_cls_loss: 0.0834

2022-06-03 16:29:12,366 - INFO - Epoch [3/6][25/133]	lr: 0.00049, eta: 0:54:05, time: 6.598, data_time: 0.069, transfer_time: 0.077, forward_time: 6.103, loss_parse_time: 0.000 memory: 11637, 
2022-06-03 16:29:12,366 - INFO - task : ['VEHICLE', 'PEDESTRIAN', 'CYCLIST'], loss: 1.9743, hm_loss: 0.0000, loc_loss: 0.6081, loc_loss_elem: ['0.1058', '0.0875', '0.0857', '0.0592', '0.0621', '0.0708', '0.0582', '0.0788'], num_positive: 167.8000, roi_reg_loss: 0.6875, roi_cls_loss: 0.0706

2022-06-03 16:29:45,318 - INFO - Epoch [3/6][30/133]	lr: 0.00049, eta: 0:53:34, time: 6.588, data_time: 0.065, transfer_time: 0.077, forward_time: 6.099, loss_parse_time: 0.000 memory: 11637, 
2022-06-03 16:29:45,319 - INFO - task : ['VEHICLE', 'PEDESTRIAN', 'CYCLIST'], loss: 1.8468, hm_loss: 0.0000, loc_loss: 0.5711, loc_loss_elem: ['0.0968', '0.0781', '0.0814', '0.0585', '0.0627', '0.0649', '0.0603', '0.0683'], num_positive: 168.8000, roi_reg_loss: 0.6455, roi_cls_loss: 0.0591

2022-06-03 16:30:18,289 - INFO - Epoch [3/6][35/133]	lr: 0.00050, eta: 0:53:04, time: 6.597, data_time: 0.066, transfer_time: 0.074, forward_time: 6.106, loss_parse_time: 0.000 memory: 11637, 
2022-06-03 16:30:18,290 - INFO - task : ['VEHICLE', 'PEDESTRIAN', 'CYCLIST'], loss: 1.9334, hm_loss: 0.0000, loc_loss: 0.5992, loc_loss_elem: ['0.1018', '0.0838', '0.0841', '0.0556', '0.0598', '0.0661', '0.0618', '0.0862'], num_positive: 176.6000, roi_reg_loss: 0.6673, roi_cls_loss: 0.0678

2022-06-03 16:30:51,374 - INFO - Epoch [3/6][40/133]	lr: 0.00050, eta: 0:52:34, time: 6.614, data_time: 0.066, transfer_time: 0.074, forward_time: 6.119, loss_parse_time: 0.000 memory: 11637, 
2022-06-03 16:30:51,374 - INFO - task : ['VEHICLE', 'PEDESTRIAN', 'CYCLIST'], loss: 2.1152, hm_loss: 0.0000, loc_loss: 0.6641, loc_loss_elem: ['0.1061', '0.0913', '0.0952', '0.0572', '0.0613', '0.0781', '0.0791', '0.0959'], num_positive: 162.4000, roi_reg_loss: 0.7121, roi_cls_loss: 0.0748

2022-06-03 16:31:24,334 - INFO - Epoch [3/6][45/133]	lr: 0.00050, eta: 0:52:03, time: 6.592, data_time: 0.064, transfer_time: 0.076, forward_time: 6.099, loss_parse_time: 0.000 memory: 11637, 
2022-06-03 16:31:24,334 - INFO - task : ['VEHICLE', 'PEDESTRIAN', 'CYCLIST'], loss: 1.9165, hm_loss: 0.0000, loc_loss: 0.5999, loc_loss_elem: ['0.1107', '0.0891', '0.0886', '0.0557', '0.0590', '0.0683', '0.0579', '0.0706'], num_positive: 179.4000, roi_reg_loss: 0.6396, roi_cls_loss: 0.0771

2022-06-03 16:31:57,499 - INFO - Epoch [3/6][50/133]	lr: 0.00050, eta: 0:51:32, time: 6.633, data_time: 0.061, transfer_time: 0.074, forward_time: 6.139, loss_parse_time: 0.000 memory: 11637, 
2022-06-03 16:31:57,500 - INFO - task : ['VEHICLE', 'PEDESTRIAN', 'CYCLIST'], loss: 1.9567, hm_loss: 0.0000, loc_loss: 0.5855, loc_loss_elem: ['0.1127', '0.0893', '0.0798', '0.0545', '0.0545', '0.0694', '0.0527', '0.0726'], num_positive: 182.4000, roi_reg_loss: 0.7103, roi_cls_loss: 0.0754

2022-06-03 16:32:30,651 - INFO - Epoch [3/6][55/133]	lr: 0.00050, eta: 0:51:02, time: 6.630, data_time: 0.074, transfer_time: 0.078, forward_time: 6.125, loss_parse_time: 0.000 memory: 11637, 
2022-06-03 16:32:30,651 - INFO - task : ['VEHICLE', 'PEDESTRIAN', 'CYCLIST'], loss: 2.1103, hm_loss: 0.0000, loc_loss: 0.6760, loc_loss_elem: ['0.1075', '0.0945', '0.0985', '0.0644', '0.0669', '0.0736', '0.0696', '0.1009'], num_positive: 162.0000, roi_reg_loss: 0.6926, roi_cls_loss: 0.0658

2022-06-03 16:33:03,918 - INFO - Epoch [3/6][60/133]	lr: 0.00050, eta: 0:50:32, time: 6.656, data_time: 0.073, transfer_time: 0.075, forward_time: 6.155, loss_parse_time: 0.000 memory: 11637, 
2022-06-03 16:33:03,919 - INFO - task : ['VEHICLE', 'PEDESTRIAN', 'CYCLIST'], loss: 1.9069, hm_loss: 0.0000, loc_loss: 0.5797, loc_loss_elem: ['0.1060', '0.0777', '0.0866', '0.0548', '0.0573', '0.0770', '0.0422', '0.0781'], num_positive: 149.2000, roi_reg_loss: 0.6853, roi_cls_loss: 0.0622

2022-06-03 16:33:36,958 - INFO - Epoch [3/6][65/133]	lr: 0.00050, eta: 0:50:01, time: 6.606, data_time: 0.071, transfer_time: 0.076, forward_time: 6.104, loss_parse_time: 0.000 memory: 11637, 
2022-06-03 16:33:36,958 - INFO - task : ['VEHICLE', 'PEDESTRIAN', 'CYCLIST'], loss: 2.0059, hm_loss: 0.0000, loc_loss: 0.5922, loc_loss_elem: ['0.0985', '0.0881', '0.0818', '0.0563', '0.0586', '0.0693', '0.0562', '0.0835'], num_positive: 180.8000, roi_reg_loss: 0.7524, roi_cls_loss: 0.0690

2022-06-03 16:34:10,062 - INFO - Epoch [3/6][70/133]	lr: 0.00050, eta: 0:49:30, time: 6.620, data_time: 0.073, transfer_time: 0.077, forward_time: 6.114, loss_parse_time: 0.000 memory: 11637, 
2022-06-03 16:34:10,062 - INFO - task : ['VEHICLE', 'PEDESTRIAN', 'CYCLIST'], loss: 1.9792, hm_loss: 0.0000, loc_loss: 0.6159, loc_loss_elem: ['0.1020', '0.0903', '0.0891', '0.0562', '0.0548', '0.0722', '0.0653', '0.0862'], num_positive: 189.6000, roi_reg_loss: 0.6892, roi_cls_loss: 0.0581

2022-06-03 16:34:42,989 - INFO - Epoch [3/6][75/133]	lr: 0.00050, eta: 0:48:59, time: 6.586, data_time: 0.077, transfer_time: 0.077, forward_time: 6.096, loss_parse_time: 0.000 memory: 11637, 
2022-06-03 16:34:42,989 - INFO - task : ['VEHICLE', 'PEDESTRIAN', 'CYCLIST'], loss: 1.8932, hm_loss: 0.0000, loc_loss: 0.5911, loc_loss_elem: ['0.1023', '0.0767', '0.0809', '0.0581', '0.0626', '0.0795', '0.0647', '0.0664'], num_positive: 153.0000, roi_reg_loss: 0.6546, roi_cls_loss: 0.0564

2022-06-03 16:35:16,150 - INFO - Epoch [3/6][80/133]	lr: 0.00050, eta: 0:48:28, time: 6.634, data_time: 0.065, transfer_time: 0.079, forward_time: 6.128, loss_parse_time: 0.000 memory: 11637, 
2022-06-03 16:35:16,150 - INFO - task : ['VEHICLE', 'PEDESTRIAN', 'CYCLIST'], loss: 1.8715, hm_loss: 0.0000, loc_loss: 0.6046, loc_loss_elem: ['0.1033', '0.0877', '0.0825', '0.0530', '0.0581', '0.0598', '0.0729', '0.0872'], num_positive: 137.4000, roi_reg_loss: 0.6119, roi_cls_loss: 0.0504

2022-06-03 16:35:49,116 - INFO - Epoch [3/6][85/133]	lr: 0.00049, eta: 0:47:57, time: 6.591, data_time: 0.075, transfer_time: 0.084, forward_time: 6.086, loss_parse_time: 0.000 memory: 11637, 
2022-06-03 16:35:49,116 - INFO - task : ['VEHICLE', 'PEDESTRIAN', 'CYCLIST'], loss: 1.9989, hm_loss: 0.0000, loc_loss: 0.6384, loc_loss_elem: ['0.1141', '0.0864', '0.0919', '0.0611', '0.0648', '0.0757', '0.0635', '0.0807'], num_positive: 155.6000, roi_reg_loss: 0.6655, roi_cls_loss: 0.0567

2022-06-03 16:36:22,071 - INFO - Epoch [3/6][90/133]	lr: 0.00049, eta: 0:47:26, time: 6.591, data_time: 0.073, transfer_time: 0.078, forward_time: 6.094, loss_parse_time: 0.000 memory: 11637, 
2022-06-03 16:36:22,071 - INFO - task : ['VEHICLE', 'PEDESTRIAN', 'CYCLIST'], loss: 2.0856, hm_loss: 0.0000, loc_loss: 0.6688, loc_loss_elem: ['0.1114', '0.0885', '0.0990', '0.0607', '0.0676', '0.0743', '0.0745', '0.0928'], num_positive: 152.2000, roi_reg_loss: 0.6961, roi_cls_loss: 0.0518

2022-06-03 16:36:55,236 - INFO - Epoch [3/6][95/133]	lr: 0.00049, eta: 0:46:55, time: 6.635, data_time: 0.072, transfer_time: 0.079, forward_time: 6.126, loss_parse_time: 0.000 memory: 11637, 
2022-06-03 16:36:55,236 - INFO - task : ['VEHICLE', 'PEDESTRIAN', 'CYCLIST'], loss: 1.9517, hm_loss: 0.0000, loc_loss: 0.6084, loc_loss_elem: ['0.1036', '0.0907', '0.0810', '0.0580', '0.0625', '0.0706', '0.0630', '0.0789'], num_positive: 171.4000, roi_reg_loss: 0.6835, roi_cls_loss: 0.0515

2022-06-03 16:37:28,224 - INFO - Epoch [3/6][100/133]	lr: 0.00049, eta: 0:46:23, time: 6.598, data_time: 0.069, transfer_time: 0.076, forward_time: 6.110, loss_parse_time: 0.000 memory: 11637, 
2022-06-03 16:37:28,225 - INFO - task : ['VEHICLE', 'PEDESTRIAN', 'CYCLIST'], loss: 1.9761, hm_loss: 0.0000, loc_loss: 0.6071, loc_loss_elem: ['0.1064', '0.0803', '0.0825', '0.0571', '0.0650', '0.0716', '0.0663', '0.0779'], num_positive: 177.0000, roi_reg_loss: 0.7065, roi_cls_loss: 0.0555

2022-06-03 16:38:01,111 - INFO - Epoch [3/6][105/133]	lr: 0.00049, eta: 0:45:52, time: 6.575, data_time: 0.067, transfer_time: 0.074, forward_time: 6.093, loss_parse_time: 0.000 memory: 11637, 
2022-06-03 16:38:01,111 - INFO - task : ['VEHICLE', 'PEDESTRIAN', 'CYCLIST'], loss: 1.8967, hm_loss: 0.0000, loc_loss: 0.5887, loc_loss_elem: ['0.1029', '0.0866', '0.0798', '0.0535', '0.0568', '0.0677', '0.0576', '0.0838'], num_positive: 206.4000, roi_reg_loss: 0.6551, roi_cls_loss: 0.0642

2022-06-03 16:38:34,199 - INFO - Epoch [3/6][110/133]	lr: 0.00048, eta: 0:45:21, time: 6.620, data_time: 0.070, transfer_time: 0.077, forward_time: 6.111, loss_parse_time: 0.000 memory: 11637, 
2022-06-03 16:38:34,200 - INFO - task : ['VEHICLE', 'PEDESTRIAN', 'CYCLIST'], loss: 1.9130, hm_loss: 0.0000, loc_loss: 0.5796, loc_loss_elem: ['0.1023', '0.0860', '0.0935', '0.0516', '0.0497', '0.0793', '0.0444', '0.0729'], num_positive: 123.0000, roi_reg_loss: 0.7084, roi_cls_loss: 0.0455

2022-06-03 16:39:07,171 - INFO - Epoch [3/6][115/133]	lr: 0.00048, eta: 0:44:49, time: 6.594, data_time: 0.067, transfer_time: 0.075, forward_time: 6.090, loss_parse_time: 0.000 memory: 11637, 
2022-06-03 16:39:07,172 - INFO - task : ['VEHICLE', 'PEDESTRIAN', 'CYCLIST'], loss: 2.0513, hm_loss: 0.0000, loc_loss: 0.6100, loc_loss_elem: ['0.0960', '0.0875', '0.0845', '0.0589', '0.0628', '0.0702', '0.0715', '0.0785'], num_positive: 200.0000, roi_reg_loss: 0.7711, roi_cls_loss: 0.0602

2022-06-03 16:39:39,965 - INFO - Epoch [3/6][120/133]	lr: 0.00048, eta: 0:44:17, time: 6.557, data_time: 0.076, transfer_time: 0.076, forward_time: 6.059, loss_parse_time: 0.000 memory: 11637, 
2022-06-03 16:39:39,966 - INFO - task : ['VEHICLE', 'PEDESTRIAN', 'CYCLIST'], loss: 1.8669, hm_loss: 0.0000, loc_loss: 0.5986, loc_loss_elem: ['0.1113', '0.0863', '0.0860', '0.0549', '0.0568', '0.0655', '0.0583', '0.0794'], num_positive: 154.6000, roi_reg_loss: 0.6287, roi_cls_loss: 0.0411

2022-06-03 16:40:12,575 - INFO - Epoch [3/6][125/133]	lr: 0.00047, eta: 0:43:46, time: 6.524, data_time: 0.070, transfer_time: 0.077, forward_time: 6.036, loss_parse_time: 0.000 memory: 11637, 
2022-06-03 16:40:12,575 - INFO - task : ['VEHICLE', 'PEDESTRIAN', 'CYCLIST'], loss: 1.9122, hm_loss: 0.0000, loc_loss: 0.5939, loc_loss_elem: ['0.1043', '0.0824', '0.0782', '0.0583', '0.0682', '0.0701', '0.0631', '0.0693'], num_positive: 165.0000, roi_reg_loss: 0.6748, roi_cls_loss: 0.0496

2022-06-03 16:40:45,150 - INFO - Epoch [3/6][130/133]	lr: 0.00047, eta: 0:43:14, time: 6.515, data_time: 0.076, transfer_time: 0.075, forward_time: 6.022, loss_parse_time: 0.000 memory: 11637, 
2022-06-03 16:40:45,150 - INFO - task : ['VEHICLE', 'PEDESTRIAN', 'CYCLIST'], loss: 1.8647, hm_loss: 0.0000, loc_loss: 0.5955, loc_loss_elem: ['0.1029', '0.0965', '0.1087', '0.0495', '0.0504', '0.0724', '0.0462', '0.0689'], num_positive: 130.0000, roi_reg_loss: 0.6353, roi_cls_loss: 0.0384

2022-06-03 16:41:43,564 - INFO - Epoch [4/6][5/133]	lr: 0.00046, eta: 0:42:09, time: 7.689, data_time: 1.145, transfer_time: 0.081, forward_time: 6.122, loss_parse_time: 0.000 memory: 11637, 
2022-06-03 16:41:43,564 - INFO - task : ['VEHICLE', 'PEDESTRIAN', 'CYCLIST'], loss: 1.8747, hm_loss: 0.0000, loc_loss: 0.5965, loc_loss_elem: ['0.1002', '0.0810', '0.0806', '0.0618', '0.0675', '0.0714', '0.0646', '0.0695'], num_positive: 158.4000, roi_reg_loss: 0.6342, roi_cls_loss: 0.0475

2022-06-03 16:42:16,602 - INFO - Epoch [4/6][10/133]	lr: 0.00046, eta: 0:41:38, time: 6.607, data_time: 0.071, transfer_time: 0.077, forward_time: 6.107, loss_parse_time: 0.000 memory: 11637, 
2022-06-03 16:42:16,602 - INFO - task : ['VEHICLE', 'PEDESTRIAN', 'CYCLIST'], loss: 1.8975, hm_loss: 0.0000, loc_loss: 0.5915, loc_loss_elem: ['0.0953', '0.0876', '0.0752', '0.0589', '0.0604', '0.0673', '0.0668', '0.0800'], num_positive: 197.4000, roi_reg_loss: 0.6680, roi_cls_loss: 0.0464

2022-06-03 16:42:49,769 - INFO - Epoch [4/6][15/133]	lr: 0.00045, eta: 0:41:07, time: 6.636, data_time: 0.079, transfer_time: 0.076, forward_time: 6.133, loss_parse_time: 0.000 memory: 11637, 
2022-06-03 16:42:49,769 - INFO - task : ['VEHICLE', 'PEDESTRIAN', 'CYCLIST'], loss: 1.9298, hm_loss: 0.0000, loc_loss: 0.6291, loc_loss_elem: ['0.1100', '0.0858', '0.0936', '0.0559', '0.0595', '0.0776', '0.0630', '0.0836'], num_positive: 138.0000, roi_reg_loss: 0.6318, roi_cls_loss: 0.0399

2022-06-03 16:43:22,796 - INFO - Epoch [4/6][20/133]	lr: 0.00045, eta: 0:40:36, time: 6.603, data_time: 0.066, transfer_time: 0.076, forward_time: 6.117, loss_parse_time: 0.000 memory: 11637, 
2022-06-03 16:43:22,796 - INFO - task : ['VEHICLE', 'PEDESTRIAN', 'CYCLIST'], loss: 1.8942, hm_loss: 0.0000, loc_loss: 0.5929, loc_loss_elem: ['0.1041', '0.0877', '0.0847', '0.0573', '0.0607', '0.0704', '0.0516', '0.0764'], num_positive: 156.4000, roi_reg_loss: 0.6630, roi_cls_loss: 0.0453

2022-06-03 16:43:55,641 - INFO - Epoch [4/6][25/133]	lr: 0.00044, eta: 0:40:04, time: 6.572, data_time: 0.074, transfer_time: 0.077, forward_time: 6.077, loss_parse_time: 0.000 memory: 11637, 
2022-06-03 16:43:55,642 - INFO - task : ['VEHICLE', 'PEDESTRIAN', 'CYCLIST'], loss: 1.8043, hm_loss: 0.0000, loc_loss: 0.5854, loc_loss_elem: ['0.1114', '0.0880', '0.0867', '0.0574', '0.0572', '0.0743', '0.0499', '0.0605'], num_positive: 171.0000, roi_reg_loss: 0.5850, roi_cls_loss: 0.0484

2022-06-03 16:44:28,792 - INFO - Epoch [4/6][30/133]	lr: 0.00044, eta: 0:39:33, time: 6.630, data_time: 0.069, transfer_time: 0.080, forward_time: 6.109, loss_parse_time: 0.000 memory: 11637, 
2022-06-03 16:44:28,792 - INFO - task : ['VEHICLE', 'PEDESTRIAN', 'CYCLIST'], loss: 1.8432, hm_loss: 0.0000, loc_loss: 0.6095, loc_loss_elem: ['0.1011', '0.0852', '0.0871', '0.0569', '0.0610', '0.0761', '0.0553', '0.0868'], num_positive: 139.4000, roi_reg_loss: 0.5814, roi_cls_loss: 0.0428

2022-06-03 16:45:01,742 - INFO - Epoch [4/6][35/133]	lr: 0.00043, eta: 0:39:01, time: 6.588, data_time: 0.077, transfer_time: 0.077, forward_time: 6.086, loss_parse_time: 0.000 memory: 11637, 
2022-06-03 16:45:01,742 - INFO - task : ['VEHICLE', 'PEDESTRIAN', 'CYCLIST'], loss: 1.9018, hm_loss: 0.0000, loc_loss: 0.6439, loc_loss_elem: ['0.0981', '0.0837', '0.0791', '0.0610', '0.0657', '0.0731', '0.0834', '0.0998'], num_positive: 176.8000, roi_reg_loss: 0.5756, roi_cls_loss: 0.0385

2022-06-03 16:45:34,816 - INFO - Epoch [4/6][40/133]	lr: 0.00043, eta: 0:38:30, time: 6.615, data_time: 0.081, transfer_time: 0.075, forward_time: 6.114, loss_parse_time: 0.000 memory: 11637, 
2022-06-03 16:45:34,817 - INFO - task : ['VEHICLE', 'PEDESTRIAN', 'CYCLIST'], loss: 1.8716, hm_loss: 0.0000, loc_loss: 0.6028, loc_loss_elem: ['0.0931', '0.0897', '0.0871', '0.0572', '0.0607', '0.0752', '0.0633', '0.0763'], num_positive: 152.0000, roi_reg_loss: 0.6301, roi_cls_loss: 0.0360

2022-06-03 16:46:07,590 - INFO - Epoch [4/6][45/133]	lr: 0.00042, eta: 0:37:58, time: 6.554, data_time: 0.067, transfer_time: 0.076, forward_time: 6.066, loss_parse_time: 0.000 memory: 11637, 
2022-06-03 16:46:07,590 - INFO - task : ['VEHICLE', 'PEDESTRIAN', 'CYCLIST'], loss: 1.8173, hm_loss: 0.0000, loc_loss: 0.5903, loc_loss_elem: ['0.1019', '0.0857', '0.0835', '0.0547', '0.0581', '0.0629', '0.0758', '0.0676'], num_positive: 150.6000, roi_reg_loss: 0.5854, roi_cls_loss: 0.0514

2022-06-03 16:46:40,479 - INFO - Epoch [4/6][50/133]	lr: 0.00042, eta: 0:37:26, time: 6.578, data_time: 0.081, transfer_time: 0.077, forward_time: 6.074, loss_parse_time: 0.000 memory: 11637, 
2022-06-03 16:46:40,479 - INFO - task : ['VEHICLE', 'PEDESTRIAN', 'CYCLIST'], loss: 1.8794, hm_loss: 0.0000, loc_loss: 0.5951, loc_loss_elem: ['0.1069', '0.0795', '0.0780', '0.0599', '0.0675', '0.0677', '0.0669', '0.0688'], num_positive: 178.8000, roi_reg_loss: 0.6417, roi_cls_loss: 0.0475

2022-06-03 16:47:12,995 - INFO - Epoch [4/6][55/133]	lr: 0.00041, eta: 0:36:55, time: 6.506, data_time: 0.076, transfer_time: 0.076, forward_time: 6.015, loss_parse_time: 0.000 memory: 11637, 
2022-06-03 16:47:12,995 - INFO - task : ['VEHICLE', 'PEDESTRIAN', 'CYCLIST'], loss: 1.8788, hm_loss: 0.0000, loc_loss: 0.6000, loc_loss_elem: ['0.1060', '0.0886', '0.0880', '0.0570', '0.0579', '0.0793', '0.0534', '0.0698'], num_positive: 144.0000, roi_reg_loss: 0.6395, roi_cls_loss: 0.0392

2022-06-03 16:47:45,705 - INFO - Epoch [4/6][60/133]	lr: 0.00040, eta: 0:36:23, time: 6.542, data_time: 0.066, transfer_time: 0.076, forward_time: 6.064, loss_parse_time: 0.000 memory: 11637, 
2022-06-03 16:47:45,706 - INFO - task : ['VEHICLE', 'PEDESTRIAN', 'CYCLIST'], loss: 1.8570, hm_loss: 0.0000, loc_loss: 0.6236, loc_loss_elem: ['0.0983', '0.0894', '0.0893', '0.0591', '0.0676', '0.0794', '0.0605', '0.0801'], num_positive: 146.6000, roi_reg_loss: 0.5735, roi_cls_loss: 0.0362

2022-06-03 16:48:18,756 - INFO - Epoch [4/6][65/133]	lr: 0.00040, eta: 0:35:51, time: 6.608, data_time: 0.073, transfer_time: 0.077, forward_time: 6.090, loss_parse_time: 0.000 memory: 11637, 
2022-06-03 16:48:18,756 - INFO - task : ['VEHICLE', 'PEDESTRIAN', 'CYCLIST'], loss: 1.9081, hm_loss: 0.0000, loc_loss: 0.6137, loc_loss_elem: ['0.0999', '0.0922', '0.0981', '0.0563', '0.0590', '0.0692', '0.0615', '0.0775'], num_positive: 194.2000, roi_reg_loss: 0.6370, roi_cls_loss: 0.0437

2022-06-03 16:48:52,014 - INFO - Epoch [4/6][70/133]	lr: 0.00039, eta: 0:35:20, time: 6.652, data_time: 0.078, transfer_time: 0.077, forward_time: 6.131, loss_parse_time: 0.000 memory: 11637, 
2022-06-03 16:48:52,014 - INFO - task : ['VEHICLE', 'PEDESTRIAN', 'CYCLIST'], loss: 1.8649, hm_loss: 0.0000, loc_loss: 0.5733, loc_loss_elem: ['0.1031', '0.0745', '0.0797', '0.0598', '0.0654', '0.0680', '0.0506', '0.0722'], num_positive: 153.6000, roi_reg_loss: 0.6755, roi_cls_loss: 0.0429

2022-06-03 16:49:24,861 - INFO - Epoch [4/6][75/133]	lr: 0.00038, eta: 0:34:48, time: 6.570, data_time: 0.078, transfer_time: 0.077, forward_time: 6.070, loss_parse_time: 0.000 memory: 11637, 
2022-06-03 16:49:24,862 - INFO - task : ['VEHICLE', 'PEDESTRIAN', 'CYCLIST'], loss: 1.8714, hm_loss: 0.0000, loc_loss: 0.5818, loc_loss_elem: ['0.1044', '0.0850', '0.0876', '0.0570', '0.0636', '0.0641', '0.0548', '0.0652'], num_positive: 156.2000, roi_reg_loss: 0.6705, roi_cls_loss: 0.0374

2022-06-03 16:49:57,722 - INFO - Epoch [4/6][80/133]	lr: 0.00038, eta: 0:34:16, time: 6.574, data_time: 0.071, transfer_time: 0.077, forward_time: 6.085, loss_parse_time: 0.000 memory: 11637, 
2022-06-03 16:49:57,722 - INFO - task : ['VEHICLE', 'PEDESTRIAN', 'CYCLIST'], loss: 1.7115, hm_loss: 0.0000, loc_loss: 0.5683, loc_loss_elem: ['0.1027', '0.0815', '0.0792', '0.0555', '0.0559', '0.0673', '0.0544', '0.0719'], num_positive: 184.8000, roi_reg_loss: 0.5371, roi_cls_loss: 0.0378

2022-06-03 16:50:30,553 - INFO - Epoch [4/6][85/133]	lr: 0.00037, eta: 0:33:44, time: 6.564, data_time: 0.069, transfer_time: 0.078, forward_time: 6.084, loss_parse_time: 0.000 memory: 11637, 
2022-06-03 16:50:30,553 - INFO - task : ['VEHICLE', 'PEDESTRIAN', 'CYCLIST'], loss: 1.9105, hm_loss: 0.0000, loc_loss: 0.6053, loc_loss_elem: ['0.1003', '0.0842', '0.0827', '0.0577', '0.0649', '0.0695', '0.0726', '0.0734'], num_positive: 181.0000, roi_reg_loss: 0.6578, roi_cls_loss: 0.0420

2022-06-03 16:51:03,447 - INFO - Epoch [4/6][90/133]	lr: 0.00036, eta: 0:33:12, time: 6.580, data_time: 0.072, transfer_time: 0.078, forward_time: 6.085, loss_parse_time: 0.000 memory: 11637, 
2022-06-03 16:51:03,448 - INFO - task : ['VEHICLE', 'PEDESTRIAN', 'CYCLIST'], loss: 1.7521, hm_loss: 0.0000, loc_loss: 0.5409, loc_loss_elem: ['0.0960', '0.0824', '0.0803', '0.0561', '0.0619', '0.0716', '0.0392', '0.0533'], num_positive: 169.2000, roi_reg_loss: 0.6292, roi_cls_loss: 0.0411

2022-06-03 16:51:36,277 - INFO - Epoch [4/6][95/133]	lr: 0.00035, eta: 0:32:40, time: 6.566, data_time: 0.071, transfer_time: 0.079, forward_time: 6.081, loss_parse_time: 0.000 memory: 11637, 
2022-06-03 16:51:36,277 - INFO - task : ['VEHICLE', 'PEDESTRIAN', 'CYCLIST'], loss: 1.8352, hm_loss: 0.0000, loc_loss: 0.5836, loc_loss_elem: ['0.1043', '0.0866', '0.0826', '0.0539', '0.0523', '0.0681', '0.0622', '0.0735'], num_positive: 185.8000, roi_reg_loss: 0.6250, roi_cls_loss: 0.0430

2022-06-03 16:52:08,991 - INFO - Epoch [4/6][100/133]	lr: 0.00035, eta: 0:32:09, time: 6.543, data_time: 0.071, transfer_time: 0.076, forward_time: 6.052, loss_parse_time: 0.000 memory: 11637, 
2022-06-03 16:52:08,991 - INFO - task : ['VEHICLE', 'PEDESTRIAN', 'CYCLIST'], loss: 1.8398, hm_loss: 0.0000, loc_loss: 0.6238, loc_loss_elem: ['0.0998', '0.0854', '0.1004', '0.0571', '0.0665', '0.0770', '0.0515', '0.0862'], num_positive: 133.2000, roi_reg_loss: 0.5565, roi_cls_loss: 0.0357

2022-06-03 16:52:41,640 - INFO - Epoch [4/6][105/133]	lr: 0.00034, eta: 0:31:36, time: 6.530, data_time: 0.074, transfer_time: 0.072, forward_time: 6.060, loss_parse_time: 0.000 memory: 11637, 
2022-06-03 16:52:41,641 - INFO - task : ['VEHICLE', 'PEDESTRIAN', 'CYCLIST'], loss: 1.7967, hm_loss: 0.0000, loc_loss: 0.5740, loc_loss_elem: ['0.1024', '0.0824', '0.0788', '0.0560', '0.0613', '0.0690', '0.0573', '0.0669'], num_positive: 205.8000, roi_reg_loss: 0.5959, roi_cls_loss: 0.0528

2022-06-03 16:53:14,592 - INFO - Epoch [4/6][110/133]	lr: 0.00033, eta: 0:31:05, time: 6.588, data_time: 0.071, transfer_time: 0.073, forward_time: 6.094, loss_parse_time: 0.000 memory: 11637, 
2022-06-03 16:53:14,592 - INFO - task : ['VEHICLE', 'PEDESTRIAN', 'CYCLIST'], loss: 1.7685, hm_loss: 0.0000, loc_loss: 0.5854, loc_loss_elem: ['0.0952', '0.0821', '0.0890', '0.0566', '0.0622', '0.0686', '0.0643', '0.0674'], num_positive: 193.2000, roi_reg_loss: 0.5584, roi_cls_loss: 0.0394

2022-06-03 16:53:47,792 - INFO - Epoch [4/6][115/133]	lr: 0.00032, eta: 0:30:33, time: 6.640, data_time: 0.068, transfer_time: 0.076, forward_time: 6.129, loss_parse_time: 0.000 memory: 11637, 
2022-06-03 16:53:47,792 - INFO - task : ['VEHICLE', 'PEDESTRIAN', 'CYCLIST'], loss: 1.9128, hm_loss: 0.0000, loc_loss: 0.6223, loc_loss_elem: ['0.1008', '0.0845', '0.0878', '0.0566', '0.0660', '0.0690', '0.0754', '0.0822'], num_positive: 189.4000, roi_reg_loss: 0.6239, roi_cls_loss: 0.0442

2022-06-03 16:54:20,705 - INFO - Epoch [4/6][120/133]	lr: 0.00032, eta: 0:30:01, time: 6.583, data_time: 0.078, transfer_time: 0.080, forward_time: 6.073, loss_parse_time: 0.000 memory: 11637, 
2022-06-03 16:54:20,705 - INFO - task : ['VEHICLE', 'PEDESTRIAN', 'CYCLIST'], loss: 1.8246, hm_loss: 0.0000, loc_loss: 0.5756, loc_loss_elem: ['0.1041', '0.0798', '0.0801', '0.0597', '0.0715', '0.0692', '0.0511', '0.0601'], num_positive: 139.6000, roi_reg_loss: 0.6398, roi_cls_loss: 0.0335

2022-06-03 16:54:53,630 - INFO - Epoch [4/6][125/133]	lr: 0.00031, eta: 0:29:29, time: 6.587, data_time: 0.079, transfer_time: 0.073, forward_time: 6.069, loss_parse_time: 0.000 memory: 11637, 
2022-06-03 16:54:53,630 - INFO - task : ['VEHICLE', 'PEDESTRIAN', 'CYCLIST'], loss: 1.7866, hm_loss: 0.0000, loc_loss: 0.5878, loc_loss_elem: ['0.0970', '0.0869', '0.0873', '0.0566', '0.0606', '0.0684', '0.0493', '0.0816'], num_positive: 172.0000, roi_reg_loss: 0.5786, roi_cls_loss: 0.0325

2022-06-03 16:55:26,108 - INFO - Epoch [4/6][130/133]	lr: 0.00030, eta: 0:28:57, time: 6.496, data_time: 0.067, transfer_time: 0.074, forward_time: 6.025, loss_parse_time: 0.000 memory: 11637, 
2022-06-03 16:55:26,108 - INFO - task : ['VEHICLE', 'PEDESTRIAN', 'CYCLIST'], loss: 1.8160, hm_loss: 0.0000, loc_loss: 0.5846, loc_loss_elem: ['0.0972', '0.0842', '0.0844', '0.0581', '0.0626', '0.0723', '0.0521', '0.0737'], num_positive: 196.4000, roi_reg_loss: 0.6079, roi_cls_loss: 0.0390

2022-06-03 16:56:24,861 - INFO - Epoch [5/6][5/133]	lr: 0.00029, eta: 0:27:59, time: 7.733, data_time: 1.174, transfer_time: 0.085, forward_time: 6.121, loss_parse_time: 0.000 memory: 11637, 
2022-06-03 16:56:24,862 - INFO - task : ['VEHICLE', 'PEDESTRIAN', 'CYCLIST'], loss: 1.7391, hm_loss: 0.0000, loc_loss: 0.5881, loc_loss_elem: ['0.0999', '0.0847', '0.0791', '0.0630', '0.0670', '0.0694', '0.0579', '0.0671'], num_positive: 169.2000, roi_reg_loss: 0.5234, roi_cls_loss: 0.0396

2022-06-03 16:56:57,831 - INFO - Epoch [5/6][10/133]	lr: 0.00028, eta: 0:27:27, time: 6.594, data_time: 0.067, transfer_time: 0.076, forward_time: 6.106, loss_parse_time: 0.000 memory: 11637, 
2022-06-03 16:56:57,831 - INFO - task : ['VEHICLE', 'PEDESTRIAN', 'CYCLIST'], loss: 1.7660, hm_loss: 0.0000, loc_loss: 0.6245, loc_loss_elem: ['0.1057', '0.0849', '0.0803', '0.0599', '0.0706', '0.0782', '0.0656', '0.0793'], num_positive: 124.6000, roi_reg_loss: 0.4896, roi_cls_loss: 0.0274

2022-06-03 16:57:30,730 - INFO - Epoch [5/6][15/133]	lr: 0.00027, eta: 0:26:55, time: 6.582, data_time: 0.067, transfer_time: 0.080, forward_time: 6.092, loss_parse_time: 0.000 memory: 11637, 
2022-06-03 16:57:30,731 - INFO - task : ['VEHICLE', 'PEDESTRIAN', 'CYCLIST'], loss: 1.8711, hm_loss: 0.0000, loc_loss: 0.6714, loc_loss_elem: ['0.1064', '0.0898', '0.1169', '0.0571', '0.0578', '0.0741', '0.0794', '0.0899'], num_positive: 147.4000, roi_reg_loss: 0.4970, roi_cls_loss: 0.0314

2022-06-03 16:58:03,523 - INFO - Epoch [5/6][20/133]	lr: 0.00026, eta: 0:26:23, time: 6.559, data_time: 0.073, transfer_time: 0.073, forward_time: 6.066, loss_parse_time: 0.000 memory: 11637, 
2022-06-03 16:58:03,523 - INFO - task : ['VEHICLE', 'PEDESTRIAN', 'CYCLIST'], loss: 1.8071, hm_loss: 0.0000, loc_loss: 0.6024, loc_loss_elem: ['0.0970', '0.0892', '0.0917', '0.0566', '0.0562', '0.0735', '0.0622', '0.0761'], num_positive: 203.8000, roi_reg_loss: 0.5621, roi_cls_loss: 0.0402

2022-06-03 16:58:36,412 - INFO - Epoch [5/6][25/133]	lr: 0.00025, eta: 0:25:51, time: 6.575, data_time: 0.067, transfer_time: 0.077, forward_time: 6.081, loss_parse_time: 0.000 memory: 11637, 
2022-06-03 16:58:36,412 - INFO - task : ['VEHICLE', 'PEDESTRIAN', 'CYCLIST'], loss: 1.7937, hm_loss: 0.0000, loc_loss: 0.5734, loc_loss_elem: ['0.1044', '0.0831', '0.0840', '0.0542', '0.0574', '0.0722', '0.0506', '0.0675'], num_positive: 171.8000, roi_reg_loss: 0.6099, roi_cls_loss: 0.0371

2022-06-03 16:59:09,402 - INFO - Epoch [5/6][30/133]	lr: 0.00025, eta: 0:25:19, time: 6.600, data_time: 0.071, transfer_time: 0.075, forward_time: 6.108, loss_parse_time: 0.000 memory: 11637, 
2022-06-03 16:59:09,402 - INFO - task : ['VEHICLE', 'PEDESTRIAN', 'CYCLIST'], loss: 1.7366, hm_loss: 0.0000, loc_loss: 0.5761, loc_loss_elem: ['0.0933', '0.0812', '0.0805', '0.0629', '0.0665', '0.0626', '0.0624', '0.0666'], num_positive: 203.8000, roi_reg_loss: 0.5453, roi_cls_loss: 0.0390

2022-06-03 16:59:42,491 - INFO - Epoch [5/6][35/133]	lr: 0.00024, eta: 0:24:48, time: 6.618, data_time: 0.068, transfer_time: 0.075, forward_time: 6.114, loss_parse_time: 0.000 memory: 11637, 
2022-06-03 16:59:42,491 - INFO - task : ['VEHICLE', 'PEDESTRIAN', 'CYCLIST'], loss: 1.8045, hm_loss: 0.0000, loc_loss: 0.5981, loc_loss_elem: ['0.1098', '0.0848', '0.0980', '0.0547', '0.0592', '0.0773', '0.0518', '0.0625'], num_positive: 160.0000, roi_reg_loss: 0.5707, roi_cls_loss: 0.0376

2022-06-03 17:00:15,063 - INFO - Epoch [5/6][40/133]	lr: 0.00023, eta: 0:24:16, time: 6.513, data_time: 0.071, transfer_time: 0.077, forward_time: 6.023, loss_parse_time: 0.000 memory: 11637, 
2022-06-03 17:00:15,063 - INFO - task : ['VEHICLE', 'PEDESTRIAN', 'CYCLIST'], loss: 1.7821, hm_loss: 0.0000, loc_loss: 0.5777, loc_loss_elem: ['0.0966', '0.0806', '0.0808', '0.0545', '0.0561', '0.0656', '0.0632', '0.0804'], num_positive: 181.6000, roi_reg_loss: 0.5897, roi_cls_loss: 0.0371

2022-06-03 17:00:48,324 - INFO - Epoch [5/6][45/133]	lr: 0.00022, eta: 0:23:44, time: 6.651, data_time: 0.070, transfer_time: 0.076, forward_time: 6.138, loss_parse_time: 0.000 memory: 11743, 
2022-06-03 17:00:48,324 - INFO - task : ['VEHICLE', 'PEDESTRIAN', 'CYCLIST'], loss: 1.9461, hm_loss: 0.0000, loc_loss: 0.6318, loc_loss_elem: ['0.1047', '0.0915', '0.0880', '0.0606', '0.0654', '0.0720', '0.0696', '0.0800'], num_positive: 164.8000, roi_reg_loss: 0.6482, roi_cls_loss: 0.0342

2022-06-03 17:01:21,057 - INFO - Epoch [5/6][50/133]	lr: 0.00021, eta: 0:23:12, time: 6.547, data_time: 0.071, transfer_time: 0.074, forward_time: 6.064, loss_parse_time: 0.000 memory: 11743, 
2022-06-03 17:01:21,057 - INFO - task : ['VEHICLE', 'PEDESTRIAN', 'CYCLIST'], loss: 1.9199, hm_loss: 0.0000, loc_loss: 0.6438, loc_loss_elem: ['0.1058', '0.0927', '0.0973', '0.0614', '0.0639', '0.0777', '0.0622', '0.0828'], num_positive: 116.0000, roi_reg_loss: 0.6029, roi_cls_loss: 0.0295

2022-06-03 17:01:53,902 - INFO - Epoch [5/6][55/133]	lr: 0.00021, eta: 0:22:40, time: 6.572, data_time: 0.066, transfer_time: 0.075, forward_time: 6.088, loss_parse_time: 0.000 memory: 11743, 
2022-06-03 17:01:53,902 - INFO - task : ['VEHICLE', 'PEDESTRIAN', 'CYCLIST'], loss: 1.8840, hm_loss: 0.0000, loc_loss: 0.6067, loc_loss_elem: ['0.1036', '0.0897', '0.0817', '0.0554', '0.0559', '0.0701', '0.0583', '0.0919'], num_positive: 186.4000, roi_reg_loss: 0.6374, roi_cls_loss: 0.0333

2022-06-03 17:02:26,291 - INFO - Epoch [5/6][60/133]	lr: 0.00020, eta: 0:22:08, time: 6.478, data_time: 0.062, transfer_time: 0.074, forward_time: 5.996, loss_parse_time: 0.000 memory: 11743, 
2022-06-03 17:02:26,291 - INFO - task : ['VEHICLE', 'PEDESTRIAN', 'CYCLIST'], loss: 1.7690, hm_loss: 0.0000, loc_loss: 0.6137, loc_loss_elem: ['0.1136', '0.0880', '0.0900', '0.0536', '0.0574', '0.0739', '0.0639', '0.0733'], num_positive: 130.4000, roi_reg_loss: 0.5170, roi_cls_loss: 0.0247

2022-06-03 17:02:59,312 - INFO - Epoch [5/6][65/133]	lr: 0.00019, eta: 0:21:36, time: 6.603, data_time: 0.069, transfer_time: 0.073, forward_time: 6.128, loss_parse_time: 0.000 memory: 11743, 
2022-06-03 17:02:59,312 - INFO - task : ['VEHICLE', 'PEDESTRIAN', 'CYCLIST'], loss: 1.7097, hm_loss: 0.0000, loc_loss: 0.5502, loc_loss_elem: ['0.0977', '0.0792', '0.0730', '0.0566', '0.0583', '0.0693', '0.0482', '0.0678'], num_positive: 198.4000, roi_reg_loss: 0.5680, roi_cls_loss: 0.0413

2022-06-03 17:03:32,143 - INFO - Epoch [5/6][70/133]	lr: 0.00018, eta: 0:21:04, time: 6.565, data_time: 0.071, transfer_time: 0.072, forward_time: 6.075, loss_parse_time: 0.000 memory: 11743, 
2022-06-03 17:03:32,143 - INFO - task : ['VEHICLE', 'PEDESTRIAN', 'CYCLIST'], loss: 1.8540, hm_loss: 0.0000, loc_loss: 0.6100, loc_loss_elem: ['0.1019', '0.0884', '0.0801', '0.0548', '0.0609', '0.0775', '0.0550', '0.0915'], num_positive: 139.8000, roi_reg_loss: 0.6049, roi_cls_loss: 0.0291

2022-06-03 17:04:04,832 - INFO - Epoch [5/6][75/133]	lr: 0.00017, eta: 0:20:31, time: 6.540, data_time: 0.067, transfer_time: 0.076, forward_time: 6.052, loss_parse_time: 0.000 memory: 11743, 
2022-06-03 17:04:04,833 - INFO - task : ['VEHICLE', 'PEDESTRIAN', 'CYCLIST'], loss: 1.7732, hm_loss: 0.0000, loc_loss: 0.5640, loc_loss_elem: ['0.0989', '0.0869', '0.0795', '0.0558', '0.0587', '0.0687', '0.0456', '0.0698'], num_positive: 177.4000, roi_reg_loss: 0.6018, roi_cls_loss: 0.0434

2022-06-03 17:04:37,694 - INFO - Epoch [5/6][80/133]	lr: 0.00017, eta: 0:19:59, time: 6.572, data_time: 0.069, transfer_time: 0.076, forward_time: 6.078, loss_parse_time: 0.000 memory: 11743, 
2022-06-03 17:04:37,694 - INFO - task : ['VEHICLE', 'PEDESTRIAN', 'CYCLIST'], loss: 1.7266, hm_loss: 0.0000, loc_loss: 0.5477, loc_loss_elem: ['0.1011', '0.0751', '0.0774', '0.0600', '0.0634', '0.0679', '0.0428', '0.0600'], num_positive: 170.8000, roi_reg_loss: 0.5886, roi_cls_loss: 0.0426

2022-06-03 17:05:10,449 - INFO - Epoch [5/6][85/133]	lr: 0.00016, eta: 0:19:27, time: 6.551, data_time: 0.065, transfer_time: 0.074, forward_time: 6.041, loss_parse_time: 0.000 memory: 11743, 
2022-06-03 17:05:10,449 - INFO - task : ['VEHICLE', 'PEDESTRIAN', 'CYCLIST'], loss: 1.7508, hm_loss: 0.0000, loc_loss: 0.5846, loc_loss_elem: ['0.1075', '0.0825', '0.0795', '0.0572', '0.0634', '0.0731', '0.0490', '0.0725'], num_positive: 152.8000, roi_reg_loss: 0.5483, roi_cls_loss: 0.0332

2022-06-03 17:05:43,608 - INFO - Epoch [5/6][90/133]	lr: 0.00015, eta: 0:18:55, time: 6.630, data_time: 0.068, transfer_time: 0.076, forward_time: 6.117, loss_parse_time: 0.000 memory: 11852, 
2022-06-03 17:05:43,608 - INFO - task : ['VEHICLE', 'PEDESTRIAN', 'CYCLIST'], loss: 1.7063, hm_loss: 0.0000, loc_loss: 0.5553, loc_loss_elem: ['0.1009', '0.0753', '0.0798', '0.0518', '0.0581', '0.0612', '0.0545', '0.0736'], num_positive: 132.6000, roi_reg_loss: 0.5703, roi_cls_loss: 0.0254

2022-06-03 17:06:16,092 - INFO - Epoch [5/6][95/133]	lr: 0.00014, eta: 0:18:23, time: 6.497, data_time: 0.075, transfer_time: 0.073, forward_time: 6.028, loss_parse_time: 0.000 memory: 11852, 
2022-06-03 17:06:16,092 - INFO - task : ['VEHICLE', 'PEDESTRIAN', 'CYCLIST'], loss: 1.7564, hm_loss: 0.0000, loc_loss: 0.5700, loc_loss_elem: ['0.1055', '0.0862', '0.0929', '0.0531', '0.0548', '0.0722', '0.0468', '0.0586'], num_positive: 166.2000, roi_reg_loss: 0.5806, roi_cls_loss: 0.0357

2022-06-03 17:06:49,233 - INFO - Epoch [5/6][100/133]	lr: 0.00014, eta: 0:17:51, time: 6.628, data_time: 0.069, transfer_time: 0.076, forward_time: 6.136, loss_parse_time: 0.000 memory: 11852, 
2022-06-03 17:06:49,233 - INFO - task : ['VEHICLE', 'PEDESTRIAN', 'CYCLIST'], loss: 1.7480, hm_loss: 0.0000, loc_loss: 0.5856, loc_loss_elem: ['0.1016', '0.0806', '0.0847', '0.0600', '0.0618', '0.0665', '0.0600', '0.0705'], num_positive: 168.0000, roi_reg_loss: 0.5450, roi_cls_loss: 0.0318

2022-06-03 17:07:22,500 - INFO - Epoch [5/6][105/133]	lr: 0.00013, eta: 0:17:19, time: 6.654, data_time: 0.068, transfer_time: 0.073, forward_time: 6.165, loss_parse_time: 0.000 memory: 11852, 
2022-06-03 17:07:22,500 - INFO - task : ['VEHICLE', 'PEDESTRIAN', 'CYCLIST'], loss: 2.0849, hm_loss: 0.0000, loc_loss: 0.6686, loc_loss_elem: ['0.1105', '0.1042', '0.1131', '0.0558', '0.0561', '0.0827', '0.0671', '0.0791'], num_positive: 152.0000, roi_reg_loss: 0.7165, roi_cls_loss: 0.0312

2022-06-03 17:07:55,470 - INFO - Epoch [5/6][110/133]	lr: 0.00012, eta: 0:16:47, time: 6.594, data_time: 0.071, transfer_time: 0.075, forward_time: 6.100, loss_parse_time: 0.000 memory: 11852, 
2022-06-03 17:07:55,470 - INFO - task : ['VEHICLE', 'PEDESTRIAN', 'CYCLIST'], loss: 1.6601, hm_loss: 0.0000, loc_loss: 0.5633, loc_loss_elem: ['0.1029', '0.0826', '0.0806', '0.0567', '0.0579', '0.0663', '0.0540', '0.0622'], num_positive: 210.8000, roi_reg_loss: 0.4904, roi_cls_loss: 0.0432

2022-06-03 17:08:28,170 - INFO - Epoch [5/6][115/133]	lr: 0.00011, eta: 0:16:15, time: 6.542, data_time: 0.069, transfer_time: 0.073, forward_time: 6.051, loss_parse_time: 0.000 memory: 11852, 
2022-06-03 17:08:28,170 - INFO - task : ['VEHICLE', 'PEDESTRIAN', 'CYCLIST'], loss: 1.8069, hm_loss: 0.0000, loc_loss: 0.6087, loc_loss_elem: ['0.1068', '0.0844', '0.0740', '0.0559', '0.0618', '0.0694', '0.0601', '0.0964'], num_positive: 179.4000, roi_reg_loss: 0.5582, roi_cls_loss: 0.0314

2022-06-03 17:09:01,178 - INFO - Epoch [5/6][120/133]	lr: 0.00011, eta: 0:15:43, time: 6.600, data_time: 0.067, transfer_time: 0.074, forward_time: 6.123, loss_parse_time: 0.000 memory: 11852, 
2022-06-03 17:09:01,178 - INFO - task : ['VEHICLE', 'PEDESTRIAN', 'CYCLIST'], loss: 1.6991, hm_loss: 0.0000, loc_loss: 0.5620, loc_loss_elem: ['0.1038', '0.0817', '0.0809', '0.0540', '0.0589', '0.0636', '0.0569', '0.0621'], num_positive: 197.8000, roi_reg_loss: 0.5317, roi_cls_loss: 0.0433

2022-06-03 17:09:33,818 - INFO - Epoch [5/6][125/133]	lr: 0.00010, eta: 0:15:10, time: 6.528, data_time: 0.069, transfer_time: 0.074, forward_time: 6.026, loss_parse_time: 0.000 memory: 11852, 
2022-06-03 17:09:33,818 - INFO - task : ['VEHICLE', 'PEDESTRIAN', 'CYCLIST'], loss: 1.9537, hm_loss: 0.0000, loc_loss: 0.6363, loc_loss_elem: ['0.0965', '0.0844', '0.0867', '0.0625', '0.0636', '0.0713', '0.0797', '0.0916'], num_positive: 174.2000, roi_reg_loss: 0.6513, roi_cls_loss: 0.0298

2022-06-03 17:10:06,423 - INFO - Epoch [5/6][130/133]	lr: 0.00009, eta: 0:14:38, time: 6.523, data_time: 0.075, transfer_time: 0.077, forward_time: 6.029, loss_parse_time: 0.000 memory: 11852, 
2022-06-03 17:10:06,424 - INFO - task : ['VEHICLE', 'PEDESTRIAN', 'CYCLIST'], loss: 1.8160, hm_loss: 0.0000, loc_loss: 0.6007, loc_loss_elem: ['0.1108', '0.0850', '0.0933', '0.0569', '0.0549', '0.0710', '0.0669', '0.0619'], num_positive: 176.4000, roi_reg_loss: 0.5751, roi_cls_loss: 0.0394

2022-06-03 17:11:04,946 - INFO - Epoch [6/6][5/133]	lr: 0.00008, eta: 0:13:44, time: 7.701, data_time: 1.155, transfer_time: 0.077, forward_time: 6.120, loss_parse_time: 0.000 memory: 11852, 
2022-06-03 17:11:04,946 - INFO - task : ['VEHICLE', 'PEDESTRIAN', 'CYCLIST'], loss: 1.8732, hm_loss: 0.0000, loc_loss: 0.5912, loc_loss_elem: ['0.1081', '0.0931', '0.0863', '0.0540', '0.0516', '0.0780', '0.0558', '0.0642'], num_positive: 150.6000, roi_reg_loss: 0.6555, roi_cls_loss: 0.0353

2022-06-03 17:11:37,896 - INFO - Epoch [6/6][10/133]	lr: 0.00008, eta: 0:13:12, time: 6.590, data_time: 0.074, transfer_time: 0.073, forward_time: 6.093, loss_parse_time: 0.000 memory: 11852, 
2022-06-03 17:11:37,896 - INFO - task : ['VEHICLE', 'PEDESTRIAN', 'CYCLIST'], loss: 1.6059, hm_loss: 0.0000, loc_loss: 0.5637, loc_loss_elem: ['0.1009', '0.0813', '0.0802', '0.0551', '0.0559', '0.0662', '0.0514', '0.0726'], num_positive: 163.2000, roi_reg_loss: 0.4506, roi_cls_loss: 0.0280

2022-06-03 17:12:10,884 - INFO - Epoch [6/6][15/133]	lr: 0.00007, eta: 0:12:40, time: 6.594, data_time: 0.072, transfer_time: 0.075, forward_time: 6.091, loss_parse_time: 0.000 memory: 11852, 
2022-06-03 17:12:10,884 - INFO - task : ['VEHICLE', 'PEDESTRIAN', 'CYCLIST'], loss: 1.8105, hm_loss: 0.0000, loc_loss: 0.6071, loc_loss_elem: ['0.1022', '0.0903', '0.0847', '0.0594', '0.0627', '0.0775', '0.0601', '0.0702'], num_positive: 135.0000, roi_reg_loss: 0.5713, roi_cls_loss: 0.0250

2022-06-03 17:12:44,120 - INFO - Epoch [6/6][20/133]	lr: 0.00007, eta: 0:12:08, time: 6.650, data_time: 0.075, transfer_time: 0.074, forward_time: 6.141, loss_parse_time: 0.000 memory: 11852, 
2022-06-03 17:12:44,121 - INFO - task : ['VEHICLE', 'PEDESTRIAN', 'CYCLIST'], loss: 1.7705, hm_loss: 0.0000, loc_loss: 0.5980, loc_loss_elem: ['0.1072', '0.0894', '0.0946', '0.0568', '0.0623', '0.0774', '0.0492', '0.0610'], num_positive: 149.8000, roi_reg_loss: 0.5387, roi_cls_loss: 0.0357

2022-06-03 17:13:17,182 - INFO - Epoch [6/6][25/133]	lr: 0.00006, eta: 0:11:36, time: 6.610, data_time: 0.068, transfer_time: 0.077, forward_time: 6.088, loss_parse_time: 0.000 memory: 11852, 
2022-06-03 17:13:17,182 - INFO - task : ['VEHICLE', 'PEDESTRIAN', 'CYCLIST'], loss: 1.9331, hm_loss: 0.0000, loc_loss: 0.6288, loc_loss_elem: ['0.1080', '0.0889', '0.0851', '0.0570', '0.0592', '0.0688', '0.0700', '0.0920'], num_positive: 132.2000, roi_reg_loss: 0.6511, roi_cls_loss: 0.0243

2022-06-03 17:13:50,343 - INFO - Epoch [6/6][30/133]	lr: 0.00006, eta: 0:11:04, time: 6.633, data_time: 0.072, transfer_time: 0.071, forward_time: 6.130, loss_parse_time: 0.000 memory: 11852, 
2022-06-03 17:13:50,343 - INFO - task : ['VEHICLE', 'PEDESTRIAN', 'CYCLIST'], loss: 1.8009, hm_loss: 0.0000, loc_loss: 0.6171, loc_loss_elem: ['0.1014', '0.0926', '0.0989', '0.0517', '0.0506', '0.0788', '0.0614', '0.0817'], num_positive: 166.4000, roi_reg_loss: 0.5380, roi_cls_loss: 0.0286

2022-06-03 17:14:23,164 - INFO - Epoch [6/6][35/133]	lr: 0.00005, eta: 0:10:31, time: 6.566, data_time: 0.062, transfer_time: 0.074, forward_time: 6.088, loss_parse_time: 0.000 memory: 11852, 
2022-06-03 17:14:23,165 - INFO - task : ['VEHICLE', 'PEDESTRIAN', 'CYCLIST'], loss: 1.7928, hm_loss: 0.0000, loc_loss: 0.5896, loc_loss_elem: ['0.0959', '0.0812', '0.0934', '0.0583', '0.0639', '0.0650', '0.0588', '0.0730'], num_positive: 175.2000, roi_reg_loss: 0.5724, roi_cls_loss: 0.0412

2022-06-03 17:14:55,891 - INFO - Epoch [6/6][40/133]	lr: 0.00005, eta: 0:09:59, time: 6.544, data_time: 0.062, transfer_time: 0.076, forward_time: 6.080, loss_parse_time: 0.000 memory: 11852, 
2022-06-03 17:14:55,891 - INFO - task : ['VEHICLE', 'PEDESTRIAN', 'CYCLIST'], loss: 1.8208, hm_loss: 0.0000, loc_loss: 0.6273, loc_loss_elem: ['0.0999', '0.0918', '0.0959', '0.0582', '0.0630', '0.0742', '0.0594', '0.0848'], num_positive: 195.0000, roi_reg_loss: 0.5309, roi_cls_loss: 0.0354

2022-06-03 17:15:28,565 - INFO - Epoch [6/6][45/133]	lr: 0.00004, eta: 0:09:27, time: 6.534, data_time: 0.071, transfer_time: 0.073, forward_time: 6.047, loss_parse_time: 0.000 memory: 11852, 
2022-06-03 17:15:28,565 - INFO - task : ['VEHICLE', 'PEDESTRIAN', 'CYCLIST'], loss: 1.6243, hm_loss: 0.0000, loc_loss: 0.5522, loc_loss_elem: ['0.1017', '0.0813', '0.0795', '0.0566', '0.0576', '0.0683', '0.0448', '0.0623'], num_positive: 156.8000, roi_reg_loss: 0.4831, roi_cls_loss: 0.0367

2022-06-03 17:16:01,646 - INFO - Epoch [6/6][50/133]	lr: 0.00004, eta: 0:08:55, time: 6.616, data_time: 0.072, transfer_time: 0.073, forward_time: 6.146, loss_parse_time: 0.000 memory: 11852, 
2022-06-03 17:16:01,646 - INFO - task : ['VEHICLE', 'PEDESTRIAN', 'CYCLIST'], loss: 1.6734, hm_loss: 0.0000, loc_loss: 0.5673, loc_loss_elem: ['0.1017', '0.0823', '0.0813', '0.0560', '0.0564', '0.0696', '0.0533', '0.0667'], num_positive: 171.2000, roi_reg_loss: 0.5016, roi_cls_loss: 0.0371

2022-06-03 17:16:34,700 - INFO - Epoch [6/6][55/133]	lr: 0.00003, eta: 0:08:23, time: 6.611, data_time: 0.075, transfer_time: 0.076, forward_time: 6.120, loss_parse_time: 0.000 memory: 11852, 
2022-06-03 17:16:34,700 - INFO - task : ['VEHICLE', 'PEDESTRIAN', 'CYCLIST'], loss: 1.7726, hm_loss: 0.0000, loc_loss: 0.6087, loc_loss_elem: ['0.1048', '0.0882', '0.0963', '0.0533', '0.0569', '0.0740', '0.0558', '0.0793'], num_positive: 154.8000, roi_reg_loss: 0.5237, roi_cls_loss: 0.0316

2022-06-03 17:17:07,649 - INFO - Epoch [6/6][60/133]	lr: 0.00003, eta: 0:07:51, time: 6.591, data_time: 0.074, transfer_time: 0.073, forward_time: 6.098, loss_parse_time: 0.000 memory: 11852, 
2022-06-03 17:17:07,650 - INFO - task : ['VEHICLE', 'PEDESTRIAN', 'CYCLIST'], loss: 1.7563, hm_loss: 0.0000, loc_loss: 0.5997, loc_loss_elem: ['0.1088', '0.0889', '0.0928', '0.0536', '0.0536', '0.0776', '0.0507', '0.0737'], num_positive: 159.8000, roi_reg_loss: 0.5215, roi_cls_loss: 0.0354

2022-06-03 17:17:40,552 - INFO - Epoch [6/6][65/133]	lr: 0.00003, eta: 0:07:18, time: 6.579, data_time: 0.068, transfer_time: 0.075, forward_time: 6.079, loss_parse_time: 0.000 memory: 11852, 
2022-06-03 17:17:40,553 - INFO - task : ['VEHICLE', 'PEDESTRIAN', 'CYCLIST'], loss: 1.7040, hm_loss: 0.0000, loc_loss: 0.5828, loc_loss_elem: ['0.1078', '0.0831', '0.0810', '0.0580', '0.0638', '0.0632', '0.0519', '0.0740'], num_positive: 191.8000, roi_reg_loss: 0.5034, roi_cls_loss: 0.0350

2022-06-03 17:18:13,380 - INFO - Epoch [6/6][70/133]	lr: 0.00002, eta: 0:06:46, time: 6.568, data_time: 0.059, transfer_time: 0.073, forward_time: 6.091, loss_parse_time: 0.000 memory: 11852, 
2022-06-03 17:18:13,380 - INFO - task : ['VEHICLE', 'PEDESTRIAN', 'CYCLIST'], loss: 1.6983, hm_loss: 0.0000, loc_loss: 0.5938, loc_loss_elem: ['0.1061', '0.0888', '0.0852', '0.0582', '0.0598', '0.0677', '0.0461', '0.0819'], num_positive: 155.8000, roi_reg_loss: 0.4799, roi_cls_loss: 0.0308

2022-06-03 17:18:46,005 - INFO - Epoch [6/6][75/133]	lr: 0.00002, eta: 0:06:14, time: 6.525, data_time: 0.072, transfer_time: 0.072, forward_time: 6.049, loss_parse_time: 0.000 memory: 11852, 
2022-06-03 17:18:46,005 - INFO - task : ['VEHICLE', 'PEDESTRIAN', 'CYCLIST'], loss: 1.5989, hm_loss: 0.0000, loc_loss: 0.5689, loc_loss_elem: ['0.1024', '0.0784', '0.0741', '0.0604', '0.0674', '0.0677', '0.0579', '0.0606'], num_positive: 158.6000, roi_reg_loss: 0.4287, roi_cls_loss: 0.0324

2022-06-03 17:19:19,056 - INFO - Epoch [6/6][80/133]	lr: 0.00002, eta: 0:05:42, time: 6.608, data_time: 0.063, transfer_time: 0.073, forward_time: 6.129, loss_parse_time: 0.000 memory: 11852, 
2022-06-03 17:19:19,056 - INFO - task : ['VEHICLE', 'PEDESTRIAN', 'CYCLIST'], loss: 1.7642, hm_loss: 0.0000, loc_loss: 0.5948, loc_loss_elem: ['0.1099', '0.0901', '0.0908', '0.0516', '0.0551', '0.0768', '0.0477', '0.0728'], num_positive: 148.6000, roi_reg_loss: 0.5443, roi_cls_loss: 0.0304

2022-06-03 17:19:51,949 - INFO - Epoch [6/6][85/133]	lr: 0.00001, eta: 0:05:09, time: 6.579, data_time: 0.072, transfer_time: 0.076, forward_time: 6.092, loss_parse_time: 0.000 memory: 11852, 
2022-06-03 17:19:51,949 - INFO - task : ['VEHICLE', 'PEDESTRIAN', 'CYCLIST'], loss: 1.6367, hm_loss: 0.0000, loc_loss: 0.5755, loc_loss_elem: ['0.1047', '0.0801', '0.0818', '0.0560', '0.0639', '0.0705', '0.0516', '0.0669'], num_positive: 179.8000, roi_reg_loss: 0.4563, roi_cls_loss: 0.0295

2022-06-03 17:20:24,835 - INFO - Epoch [6/6][90/133]	lr: 0.00001, eta: 0:04:37, time: 6.579, data_time: 0.063, transfer_time: 0.075, forward_time: 6.094, loss_parse_time: 0.000 memory: 11852, 
2022-06-03 17:20:24,835 - INFO - task : ['VEHICLE', 'PEDESTRIAN', 'CYCLIST'], loss: 1.6520, hm_loss: 0.0000, loc_loss: 0.5531, loc_loss_elem: ['0.0961', '0.0846', '0.0857', '0.0537', '0.0561', '0.0703', '0.0525', '0.0541'], num_positive: 165.6000, roi_reg_loss: 0.5142, roi_cls_loss: 0.0315

2022-06-03 17:20:57,797 - INFO - Epoch [6/6][95/133]	lr: 0.00001, eta: 0:04:05, time: 6.590, data_time: 0.073, transfer_time: 0.077, forward_time: 6.086, loss_parse_time: 0.000 memory: 11852, 
2022-06-03 17:20:57,797 - INFO - task : ['VEHICLE', 'PEDESTRIAN', 'CYCLIST'], loss: 1.7009, hm_loss: 0.0000, loc_loss: 0.5770, loc_loss_elem: ['0.0944', '0.0802', '0.0907', '0.0564', '0.0637', '0.0708', '0.0666', '0.0541'], num_positive: 116.0000, roi_reg_loss: 0.5213, roi_cls_loss: 0.0257

2022-06-03 17:21:30,569 - INFO - Epoch [6/6][100/133]	lr: 0.00001, eta: 0:03:33, time: 6.556, data_time: 0.079, transfer_time: 0.076, forward_time: 6.069, loss_parse_time: 0.000 memory: 11852, 
2022-06-03 17:21:30,569 - INFO - task : ['VEHICLE', 'PEDESTRIAN', 'CYCLIST'], loss: 1.8310, hm_loss: 0.0000, loc_loss: 0.6286, loc_loss_elem: ['0.1016', '0.0909', '0.1010', '0.0580', '0.0600', '0.0717', '0.0661', '0.0793'], num_positive: 198.0000, roi_reg_loss: 0.5358, roi_cls_loss: 0.0380

2022-06-03 17:22:03,434 - INFO - Epoch [6/6][105/133]	lr: 0.00000, eta: 0:03:00, time: 6.571, data_time: 0.072, transfer_time: 0.077, forward_time: 6.077, loss_parse_time: 0.000 memory: 11852, 
2022-06-03 17:22:03,434 - INFO - task : ['VEHICLE', 'PEDESTRIAN', 'CYCLIST'], loss: 1.6765, hm_loss: 0.0000, loc_loss: 0.6292, loc_loss_elem: ['0.1076', '0.0845', '0.0840', '0.0603', '0.0590', '0.0762', '0.0774', '0.0802'], num_positive: 148.8000, roi_reg_loss: 0.3910, roi_cls_loss: 0.0271

2022-06-03 17:22:36,443 - INFO - Epoch [6/6][110/133]	lr: 0.00000, eta: 0:02:28, time: 6.603, data_time: 0.074, transfer_time: 0.078, forward_time: 6.109, loss_parse_time: 0.000 memory: 11852, 
2022-06-03 17:22:36,444 - INFO - task : ['VEHICLE', 'PEDESTRIAN', 'CYCLIST'], loss: 1.7960, hm_loss: 0.0000, loc_loss: 0.6028, loc_loss_elem: ['0.1021', '0.0896', '0.0895', '0.0582', '0.0586', '0.0746', '0.0555', '0.0747'], num_positive: 194.2000, roi_reg_loss: 0.5514, roi_cls_loss: 0.0390

2022-06-03 17:23:09,519 - INFO - Epoch [6/6][115/133]	lr: 0.00000, eta: 0:01:56, time: 6.616, data_time: 0.072, transfer_time: 0.073, forward_time: 6.117, loss_parse_time: 0.000 memory: 11852, 
2022-06-03 17:23:09,519 - INFO - task : ['VEHICLE', 'PEDESTRIAN', 'CYCLIST'], loss: 1.7548, hm_loss: 0.0000, loc_loss: 0.5766, loc_loss_elem: ['0.1064', '0.0792', '0.0826', '0.0567', '0.0611', '0.0715', '0.0476', '0.0716'], num_positive: 174.4000, roi_reg_loss: 0.5652, roi_cls_loss: 0.0364

2022-06-03 17:23:42,634 - INFO - Epoch [6/6][120/133]	lr: 0.00000, eta: 0:01:24, time: 6.623, data_time: 0.073, transfer_time: 0.080, forward_time: 6.098, loss_parse_time: 0.000 memory: 11852, 
2022-06-03 17:23:42,635 - INFO - task : ['VEHICLE', 'PEDESTRIAN', 'CYCLIST'], loss: 1.8609, hm_loss: 0.0000, loc_loss: 0.6492, loc_loss_elem: ['0.0972', '0.0920', '0.0878', '0.0638', '0.0675', '0.0678', '0.0698', '0.1032'], num_positive: 173.4000, roi_reg_loss: 0.5293, roi_cls_loss: 0.0331

2022-06-03 17:24:15,954 - INFO - Epoch [6/6][125/133]	lr: 0.00000, eta: 0:00:51, time: 6.664, data_time: 0.067, transfer_time: 0.078, forward_time: 6.155, loss_parse_time: 0.000 memory: 11852, 
2022-06-03 17:24:15,954 - INFO - task : ['VEHICLE', 'PEDESTRIAN', 'CYCLIST'], loss: 1.6559, hm_loss: 0.0000, loc_loss: 0.5705, loc_loss_elem: ['0.0995', '0.0796', '0.0929', '0.0568', '0.0612', '0.0701', '0.0476', '0.0628'], num_positive: 167.2000, roi_reg_loss: 0.4787, roi_cls_loss: 0.0363

2022-06-03 17:24:49,275 - INFO - Epoch [6/6][130/133]	lr: 0.00000, eta: 0:00:19, time: 6.664, data_time: 0.065, transfer_time: 0.079, forward_time: 6.148, loss_parse_time: 0.000 memory: 11852, 
2022-06-03 17:24:49,275 - INFO - task : ['VEHICLE', 'PEDESTRIAN', 'CYCLIST'], loss: 1.7460, hm_loss: 0.0000, loc_loss: 0.5768, loc_loss_elem: ['0.1043', '0.0823', '0.0838', '0.0582', '0.0516', '0.0681', '0.0651', '0.0633'], num_positive: 191.4000, roi_reg_loss: 0.5546, roi_cls_loss: 0.0377

