2022-06-20 19:10:38,987 - INFO - Start running, host: root@540167a4385b, work_dir: /code/CenterPoint/work_dirs/waymo_centerpoint_voxelnet_two_stage_bev_5point_ft_6epoch_freeze_fusion
2022-06-20 19:10:38,987 - INFO - workflow: [('train', 1)], max: 6 epochs
2022-06-20 19:11:06,726 - INFO - Epoch [1/6][5/8783]	lr: 0.00005, eta: 3 days, 9:11:09, time: 5.547, data_time: 3.902, transfer_time: 0.038, forward_time: 1.524, loss_parse_time: 0.000 memory: 8147, 
2022-06-20 19:11:06,727 - INFO - task : ['VEHICLE', 'PEDESTRIAN', 'CYCLIST'], loss: 2.7693, hm_loss: 0.0000, loc_loss: 0.9900, loc_loss_elem: ['0.1643', '0.1412', '0.1023', '0.1049', '0.1442', '0.0743', '0.1154', '0.1435'], num_positive: 11.8000, roi_reg_loss: 0.0000, roi_cls_loss: 0.7892

2022-06-20 19:11:12,584 - INFO - Epoch [1/6][10/8783]	lr: 0.00005, eta: 2 days, 1:09:49, time: 1.172, data_time: 0.050, transfer_time: 0.044, forward_time: 0.998, loss_parse_time: 0.000 memory: 8147, 
2022-06-20 19:11:12,585 - INFO - task : ['VEHICLE', 'PEDESTRIAN', 'CYCLIST'], loss: 2.7741, hm_loss: 0.0000, loc_loss: 0.9876, loc_loss_elem: ['0.1431', '0.1211', '0.0938', '0.0930', '0.1286', '0.0777', '0.1940', '0.1362'], num_positive: 25.2000, roi_reg_loss: 0.0000, roi_cls_loss: 0.7989

2022-06-20 19:11:18,276 - INFO - Epoch [1/6][15/8783]	lr: 0.00005, eta: 1 day, 14:19:08, time: 1.137, data_time: 0.049, transfer_time: 0.045, forward_time: 0.963, loss_parse_time: 0.000 memory: 8147, 
2022-06-20 19:11:18,277 - INFO - task : ['VEHICLE', 'PEDESTRIAN', 'CYCLIST'], loss: 2.8891, hm_loss: 0.0000, loc_loss: 1.0773, loc_loss_elem: ['0.1340', '0.1373', '0.1052', '0.1250', '0.1574', '0.0870', '0.1854', '0.1460'], num_positive: 20.6000, roi_reg_loss: 0.0000, roi_cls_loss: 0.7345

2022-06-20 19:11:23,982 - INFO - Epoch [1/6][20/8783]	lr: 0.00005, eta: 1 day, 8:54:36, time: 1.141, data_time: 0.060, transfer_time: 0.042, forward_time: 0.962, loss_parse_time: 0.000 memory: 8147, 
2022-06-20 19:11:23,983 - INFO - task : ['VEHICLE', 'PEDESTRIAN', 'CYCLIST'], loss: 3.1991, hm_loss: 0.0000, loc_loss: 1.2153, loc_loss_elem: ['0.1516', '0.1525', '0.1255', '0.1112', '0.1198', '0.0930', '0.2679', '0.1938'], num_positive: 25.8000, roi_reg_loss: 0.0000, roi_cls_loss: 0.7685

2022-06-20 19:11:29,663 - INFO - Epoch [1/6][25/8783]	lr: 0.00005, eta: 1 day, 5:39:25, time: 1.138, data_time: 0.052, transfer_time: 0.044, forward_time: 0.968, loss_parse_time: 0.000 memory: 8147, 
2022-06-20 19:11:29,664 - INFO - task : ['VEHICLE', 'PEDESTRIAN', 'CYCLIST'], loss: 2.2946, hm_loss: 0.0000, loc_loss: 0.7320, loc_loss_elem: ['0.1422', '0.1238', '0.0876', '0.0602', '0.0721', '0.0693', '0.1160', '0.0607'], num_positive: 15.2000, roi_reg_loss: 0.0000, roi_cls_loss: 0.8307

2022-06-20 19:11:35,441 - INFO - Epoch [1/6][30/8783]	lr: 0.00005, eta: 1 day, 3:31:26, time: 1.153, data_time: 0.054, transfer_time: 0.045, forward_time: 0.981, loss_parse_time: 0.000 memory: 8147, 
2022-06-20 19:11:35,441 - INFO - task : ['VEHICLE', 'PEDESTRIAN', 'CYCLIST'], loss: 2.8827, hm_loss: 0.0000, loc_loss: 1.0509, loc_loss_elem: ['0.1494', '0.1151', '0.1353', '0.1043', '0.1674', '0.0874', '0.1771', '0.1149'], num_positive: 20.8000, roi_reg_loss: 0.0000, roi_cls_loss: 0.7808

2022-06-20 19:11:41,164 - INFO - Epoch [1/6][35/8783]	lr: 0.00005, eta: 1 day, 1:59:04, time: 1.146, data_time: 0.060, transfer_time: 0.043, forward_time: 0.966, loss_parse_time: 0.000 memory: 8147, 
2022-06-20 19:11:41,164 - INFO - task : ['VEHICLE', 'PEDESTRIAN', 'CYCLIST'], loss: 3.1759, hm_loss: 0.0000, loc_loss: 1.2092, loc_loss_elem: ['0.1788', '0.1690', '0.1531', '0.0987', '0.1472', '0.1156', '0.1967', '0.1502'], num_positive: 19.2000, roi_reg_loss: 0.0000, roi_cls_loss: 0.7575

2022-06-20 19:11:46,865 - INFO - Epoch [1/6][40/8783]	lr: 0.00005, eta: 1 day, 0:49:13, time: 1.141, data_time: 0.050, transfer_time: 0.044, forward_time: 0.971, loss_parse_time: 0.000 memory: 8147, 
2022-06-20 19:11:46,865 - INFO - task : ['VEHICLE', 'PEDESTRIAN', 'CYCLIST'], loss: 2.6548, hm_loss: 0.0000, loc_loss: 0.9779, loc_loss_elem: ['0.1622', '0.1397', '0.0948', '0.0767', '0.1312', '0.0765', '0.1625', '0.1344'], num_positive: 17.2000, roi_reg_loss: 0.0000, roi_cls_loss: 0.6990

2022-06-20 19:11:52,584 - INFO - Epoch [1/6][45/8783]	lr: 0.00005, eta: 23:55:02, time: 1.143, data_time: 0.053, transfer_time: 0.045, forward_time: 0.967, loss_parse_time: 0.000 memory: 8147, 
2022-06-20 19:11:52,584 - INFO - task : ['VEHICLE', 'PEDESTRIAN', 'CYCLIST'], loss: 2.6229, hm_loss: 0.0000, loc_loss: 0.9543, loc_loss_elem: ['0.1565', '0.1590', '0.1174', '0.0887', '0.1133', '0.0952', '0.1138', '0.1104'], num_positive: 24.0000, roi_reg_loss: 0.0000, roi_cls_loss: 0.7142

2022-06-20 19:11:58,351 - INFO - Epoch [1/6][50/8783]	lr: 0.00005, eta: 23:12:30, time: 1.152, data_time: 0.063, transfer_time: 0.041, forward_time: 0.969, loss_parse_time: 0.000 memory: 8147, 
2022-06-20 19:11:58,351 - INFO - task : ['VEHICLE', 'PEDESTRIAN', 'CYCLIST'], loss: 2.8201, hm_loss: 0.0000, loc_loss: 1.0444, loc_loss_elem: ['0.1432', '0.1386', '0.1186', '0.0830', '0.1346', '0.0829', '0.2226', '0.1209'], num_positive: 26.2000, roi_reg_loss: 0.0000, roi_cls_loss: 0.7313

2022-06-20 19:12:04,108 - INFO - Epoch [1/6][55/8783]	lr: 0.00005, eta: 22:37:49, time: 1.154, data_time: 0.054, transfer_time: 0.045, forward_time: 0.976, loss_parse_time: 0.000 memory: 8147, 
2022-06-20 19:12:04,108 - INFO - task : ['VEHICLE', 'PEDESTRIAN', 'CYCLIST'], loss: 2.8351, hm_loss: 0.0000, loc_loss: 1.0554, loc_loss_elem: ['0.1654', '0.1416', '0.1297', '0.0946', '0.0983', '0.0943', '0.1709', '0.1607'], num_positive: 23.0000, roi_reg_loss: 0.0000, roi_cls_loss: 0.7244

2022-06-20 19:12:09,913 - INFO - Epoch [1/6][60/8783]	lr: 0.00005, eta: 22:09:19, time: 1.159, data_time: 0.052, transfer_time: 0.045, forward_time: 0.987, loss_parse_time: 0.000 memory: 8147, 
2022-06-20 19:12:09,913 - INFO - task : ['VEHICLE', 'PEDESTRIAN', 'CYCLIST'], loss: 2.6815, hm_loss: 0.0000, loc_loss: 0.9667, loc_loss_elem: ['0.1264', '0.1178', '0.1118', '0.0900', '0.1118', '0.0960', '0.2095', '0.1034'], num_positive: 18.6000, roi_reg_loss: 0.0000, roi_cls_loss: 0.7481

