2022-05-21 15:55:22,574 - INFO - Start running, host: root@38c34f86dda2, work_dir: /code/CenterPoint/work_dirs/waymo_centerpoint_voxelnet_two_stage_bev_5point_ft_6epoch_freeze_fusion
2022-05-21 15:55:22,574 - INFO - workflow: [('train', 1)], max: 6 epochs
2022-05-21 15:55:59,390 - INFO - Epoch [1/6][5/133]	lr: 0.00005, eta: 1:37:18, time: 7.363, data_time: 1.071, transfer_time: 0.072, forward_time: 5.859, loss_parse_time: 0.000 memory: 10648, 
2022-05-21 15:55:59,390 - INFO - task : ['VEHICLE', 'PEDESTRIAN', 'CYCLIST'], loss: 2.9115, hm_loss: 0.0000, loc_loss: 0.6066, loc_loss_elem: ['0.1032', '0.0887', '0.0813', '0.0609', '0.0619', '0.0660', '0.0615', '0.0832'], num_positive: 178.8000, roi_reg_loss: 0.9453, roi_cls_loss: 0.7530

2022-05-21 15:56:30,627 - INFO - Epoch [1/6][10/133]	lr: 0.00005, eta: 1:29:21, time: 6.246, data_time: 0.066, transfer_time: 0.071, forward_time: 5.763, loss_parse_time: 0.000 memory: 10648, 
2022-05-21 15:56:30,627 - INFO - task : ['VEHICLE', 'PEDESTRIAN', 'CYCLIST'], loss: 2.8069, hm_loss: 0.0000, loc_loss: 0.6292, loc_loss_elem: ['0.1068', '0.0818', '0.0867', '0.0580', '0.0585', '0.0840', '0.0758', '0.0775'], num_positive: 117.0000, roi_reg_loss: 0.9339, roi_cls_loss: 0.6146

2022-05-21 15:57:01,976 - INFO - Epoch [1/6][15/133]	lr: 0.00005, eta: 1:26:28, time: 6.270, data_time: 0.070, transfer_time: 0.069, forward_time: 5.784, loss_parse_time: 0.000 memory: 10668, 
2022-05-21 15:57:01,976 - INFO - task : ['VEHICLE', 'PEDESTRIAN', 'CYCLIST'], loss: 2.7783, hm_loss: 0.0000, loc_loss: 0.6220, loc_loss_elem: ['0.1044', '0.0873', '0.0824', '0.0600', '0.0600', '0.0765', '0.0759', '0.0755'], num_positive: 180.2000, roi_reg_loss: 0.9008, roi_cls_loss: 0.6335

2022-05-21 15:57:33,193 - INFO - Epoch [1/6][20/133]	lr: 0.00005, eta: 1:24:40, time: 6.245, data_time: 0.065, transfer_time: 0.072, forward_time: 5.764, loss_parse_time: 0.000 memory: 11076, 
2022-05-21 15:57:33,193 - INFO - task : ['VEHICLE', 'PEDESTRIAN', 'CYCLIST'], loss: 2.8076, hm_loss: 0.0000, loc_loss: 0.6375, loc_loss_elem: ['0.1079', '0.0988', '0.0918', '0.0614', '0.0592', '0.0806', '0.0583', '0.0795'], num_positive: 163.0000, roi_reg_loss: 0.9634, roi_cls_loss: 0.5693

2022-05-21 15:58:04,301 - INFO - Epoch [1/6][25/133]	lr: 0.00006, eta: 1:23:20, time: 6.220, data_time: 0.056, transfer_time: 0.073, forward_time: 5.751, loss_parse_time: 0.000 memory: 11076, 
2022-05-21 15:58:04,301 - INFO - task : ['VEHICLE', 'PEDESTRIAN', 'CYCLIST'], loss: 2.6278, hm_loss: 0.0000, loc_loss: 0.5877, loc_loss_elem: ['0.1018', '0.0797', '0.0771', '0.0621', '0.0650', '0.0685', '0.0621', '0.0715'], num_positive: 221.0000, roi_reg_loss: 0.8980, roi_cls_loss: 0.5542

2022-05-21 15:58:35,739 - INFO - Epoch [1/6][30/133]	lr: 0.00006, eta: 1:22:24, time: 6.290, data_time: 0.070, transfer_time: 0.070, forward_time: 5.778, loss_parse_time: 0.000 memory: 11229, 
2022-05-21 15:58:35,739 - INFO - task : ['VEHICLE', 'PEDESTRIAN', 'CYCLIST'], loss: 2.7251, hm_loss: 0.0000, loc_loss: 0.6276, loc_loss_elem: ['0.1078', '0.0876', '0.0904', '0.0577', '0.0624', '0.0776', '0.0659', '0.0782'], num_positive: 188.4000, roi_reg_loss: 0.9412, roi_cls_loss: 0.5287

2022-05-21 15:59:06,985 - INFO - Epoch [1/6][35/133]	lr: 0.00006, eta: 1:21:31, time: 6.247, data_time: 0.062, transfer_time: 0.071, forward_time: 5.766, loss_parse_time: 0.000 memory: 11229, 
2022-05-21 15:59:06,985 - INFO - task : ['VEHICLE', 'PEDESTRIAN', 'CYCLIST'], loss: 2.7947, hm_loss: 0.0000, loc_loss: 0.6832, loc_loss_elem: ['0.1127', '0.0874', '0.0916', '0.0630', '0.0694', '0.0876', '0.0813', '0.0901'], num_positive: 154.2000, roi_reg_loss: 0.9685, roi_cls_loss: 0.4597

2022-05-21 15:59:38,323 - INFO - Epoch [1/6][40/133]	lr: 0.00007, eta: 1:20:46, time: 6.269, data_time: 0.062, transfer_time: 0.073, forward_time: 5.787, loss_parse_time: 0.000 memory: 11229, 
2022-05-21 15:59:38,324 - INFO - task : ['VEHICLE', 'PEDESTRIAN', 'CYCLIST'], loss: 2.6741, hm_loss: 0.0000, loc_loss: 0.6251, loc_loss_elem: ['0.1195', '0.0868', '0.0905', '0.0590', '0.0632', '0.0692', '0.0520', '0.0849'], num_positive: 146.0000, roi_reg_loss: 0.9838, roi_cls_loss: 0.4401

2022-05-21 16:00:09,518 - INFO - Epoch [1/6][45/133]	lr: 0.00007, eta: 1:20:01, time: 6.240, data_time: 0.063, transfer_time: 0.071, forward_time: 5.764, loss_parse_time: 0.000 memory: 11229, 
2022-05-21 16:00:09,518 - INFO - task : ['VEHICLE', 'PEDESTRIAN', 'CYCLIST'], loss: 2.5557, hm_loss: 0.0000, loc_loss: 0.5977, loc_loss_elem: ['0.0991', '0.0795', '0.0951', '0.0568', '0.0607', '0.0714', '0.0601', '0.0750'], num_positive: 150.2000, roi_reg_loss: 0.9517, roi_cls_loss: 0.4087

2022-05-21 16:00:40,859 - INFO - Epoch [1/6][50/133]	lr: 0.00008, eta: 1:19:21, time: 6.267, data_time: 0.062, transfer_time: 0.070, forward_time: 5.776, loss_parse_time: 0.000 memory: 11229, 
2022-05-21 16:00:40,860 - INFO - task : ['VEHICLE', 'PEDESTRIAN', 'CYCLIST'], loss: 2.4119, hm_loss: 0.0000, loc_loss: 0.5586, loc_loss_elem: ['0.1022', '0.0806', '0.0788', '0.0575', '0.0612', '0.0674', '0.0537', '0.0572'], num_positive: 174.8000, roi_reg_loss: 0.8912, roi_cls_loss: 0.4035

2022-05-21 16:01:12,202 - INFO - Epoch [1/6][55/133]	lr: 0.00008, eta: 1:18:43, time: 6.270, data_time: 0.063, transfer_time: 0.073, forward_time: 5.778, loss_parse_time: 0.000 memory: 11309, 
2022-05-21 16:01:12,202 - INFO - task : ['VEHICLE', 'PEDESTRIAN', 'CYCLIST'], loss: 2.4629, hm_loss: 0.0000, loc_loss: 0.6031, loc_loss_elem: ['0.0930', '0.0784', '0.0833', '0.0600', '0.0656', '0.0683', '0.0787', '0.0758'], num_positive: 147.0000, roi_reg_loss: 0.8938, roi_cls_loss: 0.3629

2022-05-21 16:01:43,408 - INFO - Epoch [1/6][60/133]	lr: 0.00009, eta: 1:18:04, time: 6.239, data_time: 0.067, transfer_time: 0.072, forward_time: 5.764, loss_parse_time: 0.000 memory: 11309, 
2022-05-21 16:01:43,408 - INFO - task : ['VEHICLE', 'PEDESTRIAN', 'CYCLIST'], loss: 2.4857, hm_loss: 0.0000, loc_loss: 0.6176, loc_loss_elem: ['0.1115', '0.0883', '0.0974', '0.0545', '0.0550', '0.0742', '0.0550', '0.0818'], num_positive: 149.4000, roi_reg_loss: 0.8951, roi_cls_loss: 0.3555

2022-05-21 16:02:14,848 - INFO - Epoch [1/6][65/133]	lr: 0.00009, eta: 1:17:29, time: 6.289, data_time: 0.069, transfer_time: 0.074, forward_time: 5.786, loss_parse_time: 0.000 memory: 11333, 
2022-05-21 16:02:14,849 - INFO - task : ['VEHICLE', 'PEDESTRIAN', 'CYCLIST'], loss: 2.5297, hm_loss: 0.0000, loc_loss: 0.6122, loc_loss_elem: ['0.1074', '0.0797', '0.0815', '0.0627', '0.0703', '0.0735', '0.0704', '0.0667'], num_positive: 145.0000, roi_reg_loss: 0.9690, roi_cls_loss: 0.3361

2022-05-21 16:02:46,107 - INFO - Epoch [1/6][70/133]	lr: 0.00010, eta: 1:16:52, time: 6.253, data_time: 0.060, transfer_time: 0.071, forward_time: 5.781, loss_parse_time: 0.000 memory: 11333, 
2022-05-21 16:02:46,108 - INFO - task : ['VEHICLE', 'PEDESTRIAN', 'CYCLIST'], loss: 2.4198, hm_loss: 0.0000, loc_loss: 0.5750, loc_loss_elem: ['0.1041', '0.0792', '0.0799', '0.0597', '0.0610', '0.0668', '0.0538', '0.0705'], num_positive: 227.6000, roi_reg_loss: 0.8900, roi_cls_loss: 0.3799

2022-05-21 16:03:17,451 - INFO - Epoch [1/6][75/133]	lr: 0.00011, eta: 1:16:17, time: 6.269, data_time: 0.064, transfer_time: 0.071, forward_time: 5.770, loss_parse_time: 0.000 memory: 11634, 
2022-05-21 16:03:17,451 - INFO - task : ['VEHICLE', 'PEDESTRIAN', 'CYCLIST'], loss: 2.6780, hm_loss: 0.0000, loc_loss: 0.6900, loc_loss_elem: ['0.1055', '0.1015', '0.1079', '0.0602', '0.0582', '0.0871', '0.0758', '0.0937'], num_positive: 150.8000, roi_reg_loss: 0.9653, roi_cls_loss: 0.3326

2022-05-21 16:03:48,712 - INFO - Epoch [1/6][80/133]	lr: 0.00011, eta: 1:15:42, time: 6.251, data_time: 0.064, transfer_time: 0.072, forward_time: 5.780, loss_parse_time: 0.000 memory: 11634, 
2022-05-21 16:03:48,712 - INFO - task : ['VEHICLE', 'PEDESTRIAN', 'CYCLIST'], loss: 2.3144, hm_loss: 0.0000, loc_loss: 0.5807, loc_loss_elem: ['0.1035', '0.0869', '0.0827', '0.0541', '0.0553', '0.0701', '0.0543', '0.0739'], num_positive: 147.2000, roi_reg_loss: 0.8619, roi_cls_loss: 0.2911

2022-05-21 16:04:19,990 - INFO - Epoch [1/6][85/133]	lr: 0.00012, eta: 1:15:07, time: 6.257, data_time: 0.066, transfer_time: 0.071, forward_time: 5.772, loss_parse_time: 0.000 memory: 11634, 
2022-05-21 16:04:19,990 - INFO - task : ['VEHICLE', 'PEDESTRIAN', 'CYCLIST'], loss: 2.5747, hm_loss: 0.0000, loc_loss: 0.6307, loc_loss_elem: ['0.1072', '0.0818', '0.0782', '0.0610', '0.0701', '0.0670', '0.0818', '0.0835'], num_positive: 224.8000, roi_reg_loss: 0.9236, roi_cls_loss: 0.3897

2022-05-21 16:04:51,504 - INFO - Epoch [1/6][90/133]	lr: 0.00013, eta: 1:14:35, time: 6.301, data_time: 0.061, transfer_time: 0.072, forward_time: 5.817, loss_parse_time: 0.000 memory: 11634, 
2022-05-21 16:04:51,504 - INFO - task : ['VEHICLE', 'PEDESTRIAN', 'CYCLIST'], loss: 2.5827, hm_loss: 0.0000, loc_loss: 0.6806, loc_loss_elem: ['0.1069', '0.0852', '0.0911', '0.0610', '0.0661', '0.0811', '0.0803', '0.1088'], num_positive: 192.0000, roi_reg_loss: 0.8861, roi_cls_loss: 0.3354

2022-05-21 16:05:22,950 - INFO - Epoch [1/6][95/133]	lr: 0.00014, eta: 1:14:02, time: 6.291, data_time: 0.073, transfer_time: 0.072, forward_time: 5.792, loss_parse_time: 0.000 memory: 11634, 
2022-05-21 16:05:22,951 - INFO - task : ['VEHICLE', 'PEDESTRIAN', 'CYCLIST'], loss: 2.4895, hm_loss: 0.0000, loc_loss: 0.6145, loc_loss_elem: ['0.1075', '0.0919', '0.0891', '0.0584', '0.0620', '0.0746', '0.0557', '0.0753'], num_positive: 170.4000, roi_reg_loss: 0.9404, roi_cls_loss: 0.3201

2022-05-21 16:05:54,221 - INFO - Epoch [1/6][100/133]	lr: 0.00015, eta: 1:13:28, time: 6.252, data_time: 0.066, transfer_time: 0.072, forward_time: 5.784, loss_parse_time: 0.000 memory: 11634, 
2022-05-21 16:05:54,221 - INFO - task : ['VEHICLE', 'PEDESTRIAN', 'CYCLIST'], loss: 2.4859, hm_loss: 0.0000, loc_loss: 0.6328, loc_loss_elem: ['0.1100', '0.0876', '0.0958', '0.0534', '0.0555', '0.0778', '0.0665', '0.0863'], num_positive: 152.4000, roi_reg_loss: 0.9364, roi_cls_loss: 0.2838

2022-05-21 16:06:25,643 - INFO - Epoch [1/6][105/133]	lr: 0.00016, eta: 1:12:56, time: 6.284, data_time: 0.059, transfer_time: 0.072, forward_time: 5.796, loss_parse_time: 0.000 memory: 11634, 
2022-05-21 16:06:25,643 - INFO - task : ['VEHICLE', 'PEDESTRIAN', 'CYCLIST'], loss: 2.4360, hm_loss: 0.0000, loc_loss: 0.6198, loc_loss_elem: ['0.1028', '0.0859', '0.0836', '0.0590', '0.0630', '0.0760', '0.0687', '0.0808'], num_positive: 162.0000, roi_reg_loss: 0.9014, roi_cls_loss: 0.2950

2022-05-21 16:06:57,049 - INFO - Epoch [1/6][110/133]	lr: 0.00017, eta: 1:12:23, time: 6.282, data_time: 0.066, transfer_time: 0.075, forward_time: 5.798, loss_parse_time: 0.000 memory: 11634, 
2022-05-21 16:06:57,050 - INFO - task : ['VEHICLE', 'PEDESTRIAN', 'CYCLIST'], loss: 2.4794, hm_loss: 0.0000, loc_loss: 0.6476, loc_loss_elem: ['0.0996', '0.0896', '0.0926', '0.0568', '0.0594', '0.0739', '0.0852', '0.0905'], num_positive: 147.4000, roi_reg_loss: 0.8996, roi_cls_loss: 0.2845

2022-05-21 16:07:28,235 - INFO - Epoch [1/6][115/133]	lr: 0.00018, eta: 1:11:49, time: 6.237, data_time: 0.066, transfer_time: 0.073, forward_time: 5.760, loss_parse_time: 0.000 memory: 11634, 
2022-05-21 16:07:28,236 - INFO - task : ['VEHICLE', 'PEDESTRIAN', 'CYCLIST'], loss: 2.3658, hm_loss: 0.0000, loc_loss: 0.5967, loc_loss_elem: ['0.1071', '0.0883', '0.0791', '0.0577', '0.0603', '0.0700', '0.0594', '0.0748'], num_positive: 159.0000, roi_reg_loss: 0.9048, roi_cls_loss: 0.2676

2022-05-21 16:07:59,430 - INFO - Epoch [1/6][120/133]	lr: 0.00019, eta: 1:11:16, time: 6.239, data_time: 0.072, transfer_time: 0.074, forward_time: 5.754, loss_parse_time: 0.000 memory: 11634, 
2022-05-21 16:07:59,430 - INFO - task : ['VEHICLE', 'PEDESTRIAN', 'CYCLIST'], loss: 2.4906, hm_loss: 0.0000, loc_loss: 0.6507, loc_loss_elem: ['0.1014', '0.0884', '0.0917', '0.0619', '0.0652', '0.0758', '0.0786', '0.0877'], num_positive: 178.8000, roi_reg_loss: 0.8977, roi_cls_loss: 0.2915

2022-05-21 16:08:30,809 - INFO - Epoch [1/6][125/133]	lr: 0.00020, eta: 1:10:43, time: 6.277, data_time: 0.075, transfer_time: 0.074, forward_time: 5.770, loss_parse_time: 0.000 memory: 11634, 
2022-05-21 16:08:30,809 - INFO - task : ['VEHICLE', 'PEDESTRIAN', 'CYCLIST'], loss: 2.5947, hm_loss: 0.0000, loc_loss: 0.6815, loc_loss_elem: ['0.1083', '0.0887', '0.0885', '0.0608', '0.0646', '0.0768', '0.0914', '0.1024'], num_positive: 170.0000, roi_reg_loss: 0.9313, roi_cls_loss: 0.3004

2022-05-21 16:09:02,129 - INFO - Epoch [1/6][130/133]	lr: 0.00021, eta: 1:10:11, time: 6.263, data_time: 0.063, transfer_time: 0.071, forward_time: 5.767, loss_parse_time: 0.000 memory: 11634, 
2022-05-21 16:09:02,130 - INFO - task : ['VEHICLE', 'PEDESTRIAN', 'CYCLIST'], loss: 2.3937, hm_loss: 0.0000, loc_loss: 0.6007, loc_loss_elem: ['0.1097', '0.0863', '0.0889', '0.0546', '0.0531', '0.0737', '0.0545', '0.0799'], num_positive: 166.8000, roi_reg_loss: 0.9164, roi_cls_loss: 0.2759

2022-05-21 16:09:58,012 - INFO - Epoch [2/6][5/133]	lr: 0.00023, eta: 1:08:14, time: 7.336, data_time: 1.056, transfer_time: 0.076, forward_time: 5.863, loss_parse_time: 0.000 memory: 11634, 
2022-05-21 16:09:58,012 - INFO - task : ['VEHICLE', 'PEDESTRIAN', 'CYCLIST'], loss: 2.3679, hm_loss: 0.0000, loc_loss: 0.6119, loc_loss_elem: ['0.0950', '0.0874', '0.0866', '0.0569', '0.0597', '0.0749', '0.0648', '0.0866'], num_positive: 170.2000, roi_reg_loss: 0.8685, roi_cls_loss: 0.2756

2022-05-21 16:10:29,259 - INFO - Epoch [2/6][10/133]	lr: 0.00024, eta: 1:07:44, time: 6.249, data_time: 0.061, transfer_time: 0.071, forward_time: 5.772, loss_parse_time: 0.000 memory: 11634, 
2022-05-21 16:10:29,259 - INFO - task : ['VEHICLE', 'PEDESTRIAN', 'CYCLIST'], loss: 2.3149, hm_loss: 0.0000, loc_loss: 0.5883, loc_loss_elem: ['0.1047', '0.0830', '0.0819', '0.0558', '0.0544', '0.0758', '0.0561', '0.0766'], num_positive: 182.2000, roi_reg_loss: 0.8801, roi_cls_loss: 0.2582

2022-05-21 16:11:00,471 - INFO - Epoch [2/6][15/133]	lr: 0.00025, eta: 1:07:14, time: 6.241, data_time: 0.063, transfer_time: 0.070, forward_time: 5.763, loss_parse_time: 0.000 memory: 11634, 
2022-05-21 16:11:00,472 - INFO - task : ['VEHICLE', 'PEDESTRIAN', 'CYCLIST'], loss: 2.4118, hm_loss: 0.0000, loc_loss: 0.6243, loc_loss_elem: ['0.1131', '0.0907', '0.0841', '0.0586', '0.0574', '0.0742', '0.0635', '0.0826'], num_positive: 166.8000, roi_reg_loss: 0.9200, roi_cls_loss: 0.2432

2022-05-21 16:11:31,708 - INFO - Epoch [2/6][20/133]	lr: 0.00026, eta: 1:06:44, time: 6.247, data_time: 0.064, transfer_time: 0.072, forward_time: 5.777, loss_parse_time: 0.000 memory: 11634, 
2022-05-21 16:11:31,708 - INFO - task : ['VEHICLE', 'PEDESTRIAN', 'CYCLIST'], loss: 2.2110, hm_loss: 0.0000, loc_loss: 0.5388, loc_loss_elem: ['0.1068', '0.0812', '0.0754', '0.0542', '0.0524', '0.0664', '0.0448', '0.0576'], num_positive: 167.8000, roi_reg_loss: 0.8791, roi_cls_loss: 0.2543

2022-05-21 16:12:02,999 - INFO - Epoch [2/6][25/133]	lr: 0.00027, eta: 1:06:14, time: 6.260, data_time: 0.059, transfer_time: 0.072, forward_time: 5.784, loss_parse_time: 0.000 memory: 11634, 
2022-05-21 16:12:02,999 - INFO - task : ['VEHICLE', 'PEDESTRIAN', 'CYCLIST'], loss: 2.3902, hm_loss: 0.0000, loc_loss: 0.6006, loc_loss_elem: ['0.1059', '0.0845', '0.0828', '0.0590', '0.0601', '0.0783', '0.0509', '0.0792'], num_positive: 179.8000, roi_reg_loss: 0.9085, roi_cls_loss: 0.2804

2022-05-21 16:12:34,539 - INFO - Epoch [2/6][30/133]	lr: 0.00028, eta: 1:05:45, time: 6.307, data_time: 0.065, transfer_time: 0.072, forward_time: 5.802, loss_parse_time: 0.000 memory: 11634, 
2022-05-21 16:12:34,539 - INFO - task : ['VEHICLE', 'PEDESTRIAN', 'CYCLIST'], loss: 2.3451, hm_loss: 0.0000, loc_loss: 0.5921, loc_loss_elem: ['0.1051', '0.0851', '0.0856', '0.0562', '0.0553', '0.0736', '0.0633', '0.0679'], num_positive: 171.0000, roi_reg_loss: 0.9157, roi_cls_loss: 0.2452

2022-05-21 16:13:05,727 - INFO - Epoch [2/6][35/133]	lr: 0.00029, eta: 1:05:14, time: 6.237, data_time: 0.059, transfer_time: 0.071, forward_time: 5.768, loss_parse_time: 0.000 memory: 11634, 
2022-05-21 16:13:05,727 - INFO - task : ['VEHICLE', 'PEDESTRIAN', 'CYCLIST'], loss: 2.4110, hm_loss: 0.0000, loc_loss: 0.6116, loc_loss_elem: ['0.1137', '0.0921', '0.0938', '0.0558', '0.0555', '0.0736', '0.0488', '0.0784'], num_positive: 173.4000, roi_reg_loss: 0.9125, roi_cls_loss: 0.2752

2022-05-21 16:13:36,903 - INFO - Epoch [2/6][40/133]	lr: 0.00030, eta: 1:04:44, time: 6.236, data_time: 0.064, transfer_time: 0.072, forward_time: 5.766, loss_parse_time: 0.000 memory: 11634, 
2022-05-21 16:13:36,903 - INFO - task : ['VEHICLE', 'PEDESTRIAN', 'CYCLIST'], loss: 2.3601, hm_loss: 0.0000, loc_loss: 0.6107, loc_loss_elem: ['0.1056', '0.0825', '0.0913', '0.0575', '0.0640', '0.0741', '0.0599', '0.0758'], num_positive: 151.6000, roi_reg_loss: 0.8930, roi_cls_loss: 0.2457

2022-05-21 16:14:08,109 - INFO - Epoch [2/6][45/133]	lr: 0.00031, eta: 1:04:13, time: 6.241, data_time: 0.057, transfer_time: 0.072, forward_time: 5.772, loss_parse_time: 0.000 memory: 11634, 
2022-05-21 16:14:08,109 - INFO - task : ['VEHICLE', 'PEDESTRIAN', 'CYCLIST'], loss: 2.4256, hm_loss: 0.0000, loc_loss: 0.6462, loc_loss_elem: ['0.1058', '0.0912', '0.0893', '0.0585', '0.0610', '0.0697', '0.0770', '0.0936'], num_positive: 132.6000, roi_reg_loss: 0.9200, roi_cls_loss: 0.2132

2022-05-21 16:14:39,490 - INFO - Epoch [2/6][50/133]	lr: 0.00032, eta: 1:03:43, time: 6.276, data_time: 0.063, transfer_time: 0.075, forward_time: 5.780, loss_parse_time: 0.000 memory: 11634, 
2022-05-21 16:14:39,490 - INFO - task : ['VEHICLE', 'PEDESTRIAN', 'CYCLIST'], loss: 2.3483, hm_loss: 0.0000, loc_loss: 0.6326, loc_loss_elem: ['0.1088', '0.0856', '0.0840', '0.0633', '0.0687', '0.0755', '0.0716', '0.0753'], num_positive: 130.2000, roi_reg_loss: 0.8686, roi_cls_loss: 0.2144

2022-05-21 16:15:11,061 - INFO - Epoch [2/6][55/133]	lr: 0.00034, eta: 1:03:13, time: 6.312, data_time: 0.063, transfer_time: 0.073, forward_time: 5.812, loss_parse_time: 0.000 memory: 11634, 
2022-05-21 16:15:11,061 - INFO - task : ['VEHICLE', 'PEDESTRIAN', 'CYCLIST'], loss: 2.3052, hm_loss: 0.0000, loc_loss: 0.6028, loc_loss_elem: ['0.0953', '0.0817', '0.0790', '0.0614', '0.0696', '0.0722', '0.0618', '0.0818'], num_positive: 188.4000, roi_reg_loss: 0.8228, roi_cls_loss: 0.2768

2022-05-21 16:15:42,491 - INFO - Epoch [2/6][60/133]	lr: 0.00035, eta: 1:02:43, time: 6.286, data_time: 0.061, transfer_time: 0.070, forward_time: 5.801, loss_parse_time: 0.000 memory: 11634, 
2022-05-21 16:15:42,492 - INFO - task : ['VEHICLE', 'PEDESTRIAN', 'CYCLIST'], loss: 2.3336, hm_loss: 0.0000, loc_loss: 0.6128, loc_loss_elem: ['0.0957', '0.0759', '0.0756', '0.0627', '0.0744', '0.0696', '0.0752', '0.0836'], num_positive: 219.8000, roi_reg_loss: 0.7986, roi_cls_loss: 0.3094

2022-05-21 16:16:13,641 - INFO - Epoch [2/6][65/133]	lr: 0.00036, eta: 1:02:12, time: 6.230, data_time: 0.057, transfer_time: 0.069, forward_time: 5.774, loss_parse_time: 0.000 memory: 11634, 
2022-05-21 16:16:13,642 - INFO - task : ['VEHICLE', 'PEDESTRIAN', 'CYCLIST'], loss: 2.3429, hm_loss: 0.0000, loc_loss: 0.5873, loc_loss_elem: ['0.1014', '0.0862', '0.0817', '0.0576', '0.0611', '0.0654', '0.0591', '0.0748'], num_positive: 216.8000, roi_reg_loss: 0.8653, roi_cls_loss: 0.3031

2022-05-21 16:16:44,865 - INFO - Epoch [2/6][70/133]	lr: 0.00037, eta: 1:01:42, time: 6.247, data_time: 0.062, transfer_time: 0.074, forward_time: 5.764, loss_parse_time: 0.000 memory: 11634, 
2022-05-21 16:16:44,866 - INFO - task : ['VEHICLE', 'PEDESTRIAN', 'CYCLIST'], loss: 2.3057, hm_loss: 0.0000, loc_loss: 0.6138, loc_loss_elem: ['0.0969', '0.0955', '0.0869', '0.0586', '0.0619', '0.0761', '0.0616', '0.0762'], num_positive: 121.8000, roi_reg_loss: 0.8747, roi_cls_loss: 0.2035

2022-05-21 16:17:16,202 - INFO - Epoch [2/6][75/133]	lr: 0.00038, eta: 1:01:11, time: 6.265, data_time: 0.064, transfer_time: 0.072, forward_time: 5.779, loss_parse_time: 0.000 memory: 11634, 
2022-05-21 16:17:16,202 - INFO - task : ['VEHICLE', 'PEDESTRIAN', 'CYCLIST'], loss: 2.2915, hm_loss: 0.0000, loc_loss: 0.6352, loc_loss_elem: ['0.1047', '0.0836', '0.0888', '0.0603', '0.0679', '0.0689', '0.0740', '0.0870'], num_positive: 155.2000, roi_reg_loss: 0.8033, roi_cls_loss: 0.2178

2022-05-21 16:17:47,382 - INFO - Epoch [2/6][80/133]	lr: 0.00039, eta: 1:00:40, time: 6.238, data_time: 0.061, transfer_time: 0.070, forward_time: 5.764, loss_parse_time: 0.000 memory: 11634, 
2022-05-21 16:17:47,382 - INFO - task : ['VEHICLE', 'PEDESTRIAN', 'CYCLIST'], loss: 2.3551, hm_loss: 0.0000, loc_loss: 0.6286, loc_loss_elem: ['0.1033', '0.0814', '0.0836', '0.0623', '0.0674', '0.0716', '0.0725', '0.0863'], num_positive: 198.6000, roi_reg_loss: 0.8166, roi_cls_loss: 0.2813

2022-05-21 16:18:18,820 - INFO - Epoch [2/6][85/133]	lr: 0.00040, eta: 1:00:10, time: 6.288, data_time: 0.061, transfer_time: 0.074, forward_time: 5.781, loss_parse_time: 0.000 memory: 11634, 
2022-05-21 16:18:18,821 - INFO - task : ['VEHICLE', 'PEDESTRIAN', 'CYCLIST'], loss: 2.1449, hm_loss: 0.0000, loc_loss: 0.5780, loc_loss_elem: ['0.1067', '0.0783', '0.0832', '0.0559', '0.0611', '0.0687', '0.0593', '0.0649'], num_positive: 158.4000, roi_reg_loss: 0.7715, roi_cls_loss: 0.2173

2022-05-21 16:18:50,038 - INFO - Epoch [2/6][90/133]	lr: 0.00040, eta: 0:59:39, time: 6.242, data_time: 0.066, transfer_time: 0.070, forward_time: 5.764, loss_parse_time: 0.000 memory: 11634, 
2022-05-21 16:18:50,038 - INFO - task : ['VEHICLE', 'PEDESTRIAN', 'CYCLIST'], loss: 2.2286, hm_loss: 0.0000, loc_loss: 0.5822, loc_loss_elem: ['0.1002', '0.0805', '0.0802', '0.0575', '0.0589', '0.0697', '0.0609', '0.0743'], num_positive: 214.0000, roi_reg_loss: 0.7821, roi_cls_loss: 0.2822

2022-05-21 16:19:21,416 - INFO - Epoch [2/6][95/133]	lr: 0.00041, eta: 0:59:09, time: 6.276, data_time: 0.066, transfer_time: 0.074, forward_time: 5.780, loss_parse_time: 0.000 memory: 11634, 
2022-05-21 16:19:21,416 - INFO - task : ['VEHICLE', 'PEDESTRIAN', 'CYCLIST'], loss: 2.3045, hm_loss: 0.0000, loc_loss: 0.6365, loc_loss_elem: ['0.0973', '0.0937', '0.0913', '0.0562', '0.0589', '0.0769', '0.0733', '0.0889'], num_positive: 169.2000, roi_reg_loss: 0.7815, roi_cls_loss: 0.2499

2022-05-21 16:19:52,636 - INFO - Epoch [2/6][100/133]	lr: 0.00042, eta: 0:58:38, time: 6.243, data_time: 0.059, transfer_time: 0.072, forward_time: 5.765, loss_parse_time: 0.000 memory: 11634, 
2022-05-21 16:19:52,636 - INFO - task : ['VEHICLE', 'PEDESTRIAN', 'CYCLIST'], loss: 2.1584, hm_loss: 0.0000, loc_loss: 0.5854, loc_loss_elem: ['0.1046', '0.0824', '0.0800', '0.0602', '0.0609', '0.0692', '0.0639', '0.0643'], num_positive: 158.4000, roi_reg_loss: 0.7591, roi_cls_loss: 0.2285

2022-05-21 16:20:23,882 - INFO - Epoch [2/6][105/133]	lr: 0.00043, eta: 0:58:07, time: 6.251, data_time: 0.068, transfer_time: 0.074, forward_time: 5.760, loss_parse_time: 0.000 memory: 11634, 
2022-05-21 16:20:23,882 - INFO - task : ['VEHICLE', 'PEDESTRIAN', 'CYCLIST'], loss: 2.2772, hm_loss: 0.0000, loc_loss: 0.6175, loc_loss_elem: ['0.0959', '0.0917', '0.0907', '0.0551', '0.0577', '0.0695', '0.0735', '0.0835'], num_positive: 149.8000, roi_reg_loss: 0.8171, roi_cls_loss: 0.2250

2022-05-21 16:20:55,412 - INFO - Epoch [2/6][110/133]	lr: 0.00044, eta: 0:57:37, time: 6.304, data_time: 0.067, transfer_time: 0.070, forward_time: 5.817, loss_parse_time: 0.000 memory: 11634, 
2022-05-21 16:20:55,412 - INFO - task : ['VEHICLE', 'PEDESTRIAN', 'CYCLIST'], loss: 2.2261, hm_loss: 0.0000, loc_loss: 0.5914, loc_loss_elem: ['0.1127', '0.0951', '0.0774', '0.0556', '0.0584', '0.0660', '0.0467', '0.0797'], num_positive: 136.2000, roi_reg_loss: 0.8149, roi_cls_loss: 0.2283

2022-05-21 16:21:26,914 - INFO - Epoch [2/6][115/133]	lr: 0.00045, eta: 0:57:06, time: 6.302, data_time: 0.070, transfer_time: 0.072, forward_time: 5.807, loss_parse_time: 0.000 memory: 11634, 
2022-05-21 16:21:26,914 - INFO - task : ['VEHICLE', 'PEDESTRIAN', 'CYCLIST'], loss: 2.2357, hm_loss: 0.0000, loc_loss: 0.6109, loc_loss_elem: ['0.1052', '0.0823', '0.0797', '0.0631', '0.0729', '0.0719', '0.0653', '0.0706'], num_positive: 169.6000, roi_reg_loss: 0.7635, roi_cls_loss: 0.2504

2022-05-21 16:21:58,179 - INFO - Epoch [2/6][120/133]	lr: 0.00045, eta: 0:56:35, time: 6.253, data_time: 0.067, transfer_time: 0.071, forward_time: 5.776, loss_parse_time: 0.000 memory: 11634, 
2022-05-21 16:21:58,180 - INFO - task : ['VEHICLE', 'PEDESTRIAN', 'CYCLIST'], loss: 2.2799, hm_loss: 0.0000, loc_loss: 0.6158, loc_loss_elem: ['0.1035', '0.0893', '0.0946', '0.0601', '0.0592', '0.0662', '0.0591', '0.0840'], num_positive: 179.8000, roi_reg_loss: 0.7894, roi_cls_loss: 0.2589

2022-05-21 16:22:29,593 - INFO - Epoch [2/6][125/133]	lr: 0.00046, eta: 0:56:05, time: 6.282, data_time: 0.073, transfer_time: 0.069, forward_time: 5.802, loss_parse_time: 0.000 memory: 11634, 
2022-05-21 16:22:29,593 - INFO - task : ['VEHICLE', 'PEDESTRIAN', 'CYCLIST'], loss: 2.2112, hm_loss: 0.0000, loc_loss: 0.6169, loc_loss_elem: ['0.1063', '0.0876', '0.1018', '0.0554', '0.0606', '0.0750', '0.0427', '0.0875'], num_positive: 142.0000, roi_reg_loss: 0.7703, roi_cls_loss: 0.2071

2022-05-21 16:23:00,921 - INFO - Epoch [2/6][130/133]	lr: 0.00047, eta: 0:55:34, time: 6.265, data_time: 0.058, transfer_time: 0.074, forward_time: 5.766, loss_parse_time: 0.000 memory: 11634, 
2022-05-21 16:23:00,921 - INFO - task : ['VEHICLE', 'PEDESTRIAN', 'CYCLIST'], loss: 2.2997, hm_loss: 0.0000, loc_loss: 0.6396, loc_loss_elem: ['0.1044', '0.0920', '0.1055', '0.0501', '0.0545', '0.0814', '0.0653', '0.0865'], num_positive: 102.8000, roi_reg_loss: 0.8454, roi_cls_loss: 0.1750

2022-05-21 16:23:56,712 - INFO - Epoch [3/6][5/133]	lr: 0.00047, eta: 0:54:19, time: 7.363, data_time: 1.078, transfer_time: 0.070, forward_time: 5.859, loss_parse_time: 0.000 memory: 11634, 
2022-05-21 16:23:56,712 - INFO - task : ['VEHICLE', 'PEDESTRIAN', 'CYCLIST'], loss: 2.2118, hm_loss: 0.0000, loc_loss: 0.6156, loc_loss_elem: ['0.1133', '0.0912', '0.0945', '0.0567', '0.0543', '0.0752', '0.0528', '0.0776'], num_positive: 149.4000, roi_reg_loss: 0.7569, roi_cls_loss: 0.2237

2022-05-21 16:24:28,417 - INFO - Epoch [3/6][10/133]	lr: 0.00048, eta: 0:53:49, time: 6.341, data_time: 0.065, transfer_time: 0.073, forward_time: 5.832, loss_parse_time: 0.000 memory: 11634, 
2022-05-21 16:24:28,417 - INFO - task : ['VEHICLE', 'PEDESTRIAN', 'CYCLIST'], loss: 2.0857, hm_loss: 0.0000, loc_loss: 0.5816, loc_loss_elem: ['0.0981', '0.0781', '0.0868', '0.0567', '0.0612', '0.0653', '0.0639', '0.0715'], num_positive: 153.4000, roi_reg_loss: 0.7253, roi_cls_loss: 0.1972

2022-05-21 16:24:59,652 - INFO - Epoch [3/6][15/133]	lr: 0.00048, eta: 0:53:19, time: 6.247, data_time: 0.059, transfer_time: 0.076, forward_time: 5.765, loss_parse_time: 0.000 memory: 11634, 
2022-05-21 16:24:59,652 - INFO - task : ['VEHICLE', 'PEDESTRIAN', 'CYCLIST'], loss: 2.2241, hm_loss: 0.0000, loc_loss: 0.6130, loc_loss_elem: ['0.1008', '0.0891', '0.0909', '0.0534', '0.0501', '0.0794', '0.0668', '0.0825'], num_positive: 155.6000, roi_reg_loss: 0.7826, roi_cls_loss: 0.2156

2022-05-21 16:25:30,856 - INFO - Epoch [3/6][20/133]	lr: 0.00049, eta: 0:52:48, time: 6.239, data_time: 0.055, transfer_time: 0.071, forward_time: 5.772, loss_parse_time: 0.000 memory: 11634, 
2022-05-21 16:25:30,856 - INFO - task : ['VEHICLE', 'PEDESTRIAN', 'CYCLIST'], loss: 2.3715, hm_loss: 0.0000, loc_loss: 0.6571, loc_loss_elem: ['0.1049', '0.0884', '0.0938', '0.0550', '0.0613', '0.0817', '0.0815', '0.0904'], num_positive: 180.2000, roi_reg_loss: 0.7758, roi_cls_loss: 0.2816

2022-05-21 16:26:02,126 - INFO - Epoch [3/6][25/133]	lr: 0.00049, eta: 0:52:18, time: 6.254, data_time: 0.061, transfer_time: 0.074, forward_time: 5.767, loss_parse_time: 0.000 memory: 11634, 
2022-05-21 16:26:02,126 - INFO - task : ['VEHICLE', 'PEDESTRIAN', 'CYCLIST'], loss: 2.1619, hm_loss: 0.0000, loc_loss: 0.6084, loc_loss_elem: ['0.1058', '0.0875', '0.0856', '0.0593', '0.0621', '0.0707', '0.0587', '0.0786'], num_positive: 167.8000, roi_reg_loss: 0.7310, roi_cls_loss: 0.2142

2022-05-21 16:26:33,469 - INFO - Epoch [3/6][30/133]	lr: 0.00049, eta: 0:51:48, time: 6.268, data_time: 0.067, transfer_time: 0.073, forward_time: 5.784, loss_parse_time: 0.000 memory: 11634, 
2022-05-21 16:26:33,470 - INFO - task : ['VEHICLE', 'PEDESTRIAN', 'CYCLIST'], loss: 2.0745, hm_loss: 0.0000, loc_loss: 0.5713, loc_loss_elem: ['0.0969', '0.0781', '0.0813', '0.0585', '0.0627', '0.0649', '0.0608', '0.0683'], num_positive: 168.8000, roi_reg_loss: 0.7161, roi_cls_loss: 0.2157

2022-05-21 16:27:04,719 - INFO - Epoch [3/6][35/133]	lr: 0.00050, eta: 0:51:17, time: 6.252, data_time: 0.058, transfer_time: 0.071, forward_time: 5.776, loss_parse_time: 0.000 memory: 11634, 
2022-05-21 16:27:04,719 - INFO - task : ['VEHICLE', 'PEDESTRIAN', 'CYCLIST'], loss: 2.1540, hm_loss: 0.0000, loc_loss: 0.5985, loc_loss_elem: ['0.1019', '0.0839', '0.0840', '0.0557', '0.0599', '0.0661', '0.0612', '0.0858'], num_positive: 176.6000, roi_reg_loss: 0.7205, roi_cls_loss: 0.2364

2022-05-21 16:27:36,074 - INFO - Epoch [3/6][40/133]	lr: 0.00050, eta: 0:50:47, time: 6.271, data_time: 0.061, transfer_time: 0.071, forward_time: 5.779, loss_parse_time: 0.000 memory: 11634, 
2022-05-21 16:27:36,075 - INFO - task : ['VEHICLE', 'PEDESTRIAN', 'CYCLIST'], loss: 2.3269, hm_loss: 0.0000, loc_loss: 0.6646, loc_loss_elem: ['0.1061', '0.0913', '0.0952', '0.0573', '0.0612', '0.0780', '0.0792', '0.0964'], num_positive: 162.4000, roi_reg_loss: 0.7470, roi_cls_loss: 0.2507

2022-05-21 16:28:07,415 - INFO - Epoch [3/6][45/133]	lr: 0.00050, eta: 0:50:16, time: 6.267, data_time: 0.063, transfer_time: 0.074, forward_time: 5.777, loss_parse_time: 0.000 memory: 11634, 
2022-05-21 16:28:07,415 - INFO - task : ['VEHICLE', 'PEDESTRIAN', 'CYCLIST'], loss: 2.1785, hm_loss: 0.0000, loc_loss: 0.5991, loc_loss_elem: ['0.1106', '0.0889', '0.0886', '0.0557', '0.0590', '0.0683', '0.0573', '0.0707'], num_positive: 179.4000, roi_reg_loss: 0.7404, roi_cls_loss: 0.2398

2022-05-21 16:28:38,946 - INFO - Epoch [3/6][50/133]	lr: 0.00050, eta: 0:49:46, time: 6.305, data_time: 0.062, transfer_time: 0.072, forward_time: 5.808, loss_parse_time: 0.000 memory: 11634, 
2022-05-21 16:28:38,947 - INFO - task : ['VEHICLE', 'PEDESTRIAN', 'CYCLIST'], loss: 2.1538, hm_loss: 0.0000, loc_loss: 0.5856, loc_loss_elem: ['0.1127', '0.0893', '0.0798', '0.0546', '0.0545', '0.0694', '0.0526', '0.0729'], num_positive: 182.4000, roi_reg_loss: 0.7555, roi_cls_loss: 0.2270

2022-05-21 16:29:10,311 - INFO - Epoch [3/6][55/133]	lr: 0.00050, eta: 0:49:16, time: 6.275, data_time: 0.059, transfer_time: 0.072, forward_time: 5.793, loss_parse_time: 0.000 memory: 11634, 
2022-05-21 16:29:10,311 - INFO - task : ['VEHICLE', 'PEDESTRIAN', 'CYCLIST'], loss: 2.3283, hm_loss: 0.0000, loc_loss: 0.6760, loc_loss_elem: ['0.1075', '0.0945', '0.0985', '0.0644', '0.0670', '0.0736', '0.0694', '0.1012'], num_positive: 162.0000, roi_reg_loss: 0.7421, roi_cls_loss: 0.2342

2022-05-21 16:29:41,575 - INFO - Epoch [3/6][60/133]	lr: 0.00050, eta: 0:48:45, time: 6.251, data_time: 0.065, transfer_time: 0.070, forward_time: 5.768, loss_parse_time: 0.000 memory: 11634, 
2022-05-21 16:29:41,576 - INFO - task : ['VEHICLE', 'PEDESTRIAN', 'CYCLIST'], loss: 2.0655, hm_loss: 0.0000, loc_loss: 0.5796, loc_loss_elem: ['0.1059', '0.0778', '0.0867', '0.0549', '0.0574', '0.0770', '0.0421', '0.0778'], num_positive: 149.2000, roi_reg_loss: 0.6933, roi_cls_loss: 0.2131

2022-05-21 16:30:12,964 - INFO - Epoch [3/6][65/133]	lr: 0.00050, eta: 0:48:15, time: 6.280, data_time: 0.060, transfer_time: 0.072, forward_time: 5.789, loss_parse_time: 0.000 memory: 11634, 
2022-05-21 16:30:12,964 - INFO - task : ['VEHICLE', 'PEDESTRIAN', 'CYCLIST'], loss: 2.1573, hm_loss: 0.0000, loc_loss: 0.5927, loc_loss_elem: ['0.0985', '0.0881', '0.0818', '0.0563', '0.0587', '0.0693', '0.0561', '0.0840'], num_positive: 180.8000, roi_reg_loss: 0.7398, roi_cls_loss: 0.2320

2022-05-21 16:30:44,334 - INFO - Epoch [3/6][70/133]	lr: 0.00050, eta: 0:47:44, time: 6.272, data_time: 0.060, transfer_time: 0.072, forward_time: 5.780, loss_parse_time: 0.000 memory: 11634, 
2022-05-21 16:30:44,334 - INFO - task : ['VEHICLE', 'PEDESTRIAN', 'CYCLIST'], loss: 2.2602, hm_loss: 0.0000, loc_loss: 0.6158, loc_loss_elem: ['0.1019', '0.0904', '0.0889', '0.0562', '0.0548', '0.0721', '0.0652', '0.0863'], num_positive: 189.6000, roi_reg_loss: 0.7646, roi_cls_loss: 0.2640

2022-05-21 16:31:15,610 - INFO - Epoch [3/6][75/133]	lr: 0.00050, eta: 0:47:14, time: 6.257, data_time: 0.063, transfer_time: 0.072, forward_time: 5.783, loss_parse_time: 0.000 memory: 11634, 
2022-05-21 16:31:15,611 - INFO - task : ['VEHICLE', 'PEDESTRIAN', 'CYCLIST'], loss: 2.0993, hm_loss: 0.0000, loc_loss: 0.5913, loc_loss_elem: ['0.1022', '0.0767', '0.0809', '0.0581', '0.0628', '0.0794', '0.0647', '0.0665'], num_positive: 153.0000, roi_reg_loss: 0.6960, roi_cls_loss: 0.2207

2022-05-21 16:31:47,140 - INFO - Epoch [3/6][80/133]	lr: 0.00050, eta: 0:46:43, time: 6.306, data_time: 0.056, transfer_time: 0.074, forward_time: 5.816, loss_parse_time: 0.000 memory: 11634, 
2022-05-21 16:31:47,140 - INFO - task : ['VEHICLE', 'PEDESTRIAN', 'CYCLIST'], loss: 2.1087, hm_loss: 0.0000, loc_loss: 0.6044, loc_loss_elem: ['0.1034', '0.0877', '0.0825', '0.0529', '0.0581', '0.0598', '0.0729', '0.0872'], num_positive: 137.4000, roi_reg_loss: 0.7173, roi_cls_loss: 0.1825

2022-05-21 16:32:18,411 - INFO - Epoch [3/6][85/133]	lr: 0.00049, eta: 0:46:13, time: 6.254, data_time: 0.061, transfer_time: 0.073, forward_time: 5.779, loss_parse_time: 0.000 memory: 11634, 
2022-05-21 16:32:18,411 - INFO - task : ['VEHICLE', 'PEDESTRIAN', 'CYCLIST'], loss: 2.2235, hm_loss: 0.0000, loc_loss: 0.6387, loc_loss_elem: ['0.1142', '0.0864', '0.0921', '0.0610', '0.0648', '0.0756', '0.0638', '0.0808'], num_positive: 155.6000, roi_reg_loss: 0.7301, roi_cls_loss: 0.2161

2022-05-21 16:32:49,674 - INFO - Epoch [3/6][90/133]	lr: 0.00049, eta: 0:45:42, time: 6.253, data_time: 0.063, transfer_time: 0.073, forward_time: 5.771, loss_parse_time: 0.000 memory: 11634, 
2022-05-21 16:32:49,675 - INFO - task : ['VEHICLE', 'PEDESTRIAN', 'CYCLIST'], loss: 2.3185, hm_loss: 0.0000, loc_loss: 0.6686, loc_loss_elem: ['0.1113', '0.0886', '0.0991', '0.0607', '0.0677', '0.0742', '0.0741', '0.0929'], num_positive: 152.2000, roi_reg_loss: 0.7519, roi_cls_loss: 0.2293

2022-05-21 16:33:20,959 - INFO - Epoch [3/6][95/133]	lr: 0.00049, eta: 0:45:11, time: 6.257, data_time: 0.058, transfer_time: 0.073, forward_time: 5.770, loss_parse_time: 0.000 memory: 11634, 
2022-05-21 16:33:20,959 - INFO - task : ['VEHICLE', 'PEDESTRIAN', 'CYCLIST'], loss: 2.1652, hm_loss: 0.0000, loc_loss: 0.6086, loc_loss_elem: ['0.1035', '0.0907', '0.0810', '0.0580', '0.0625', '0.0706', '0.0630', '0.0793'], num_positive: 171.4000, roi_reg_loss: 0.7033, roi_cls_loss: 0.2447

2022-05-21 16:33:52,089 - INFO - Epoch [3/6][100/133]	lr: 0.00049, eta: 0:44:40, time: 6.226, data_time: 0.063, transfer_time: 0.072, forward_time: 5.749, loss_parse_time: 0.000 memory: 11634, 
2022-05-21 16:33:52,089 - INFO - task : ['VEHICLE', 'PEDESTRIAN', 'CYCLIST'], loss: 2.1422, hm_loss: 0.0000, loc_loss: 0.6070, loc_loss_elem: ['0.1064', '0.0804', '0.0826', '0.0571', '0.0650', '0.0717', '0.0663', '0.0777'], num_positive: 177.0000, roi_reg_loss: 0.6856, roi_cls_loss: 0.2426

2022-05-21 16:34:23,187 - INFO - Epoch [3/6][105/133]	lr: 0.00049, eta: 0:44:09, time: 6.219, data_time: 0.060, transfer_time: 0.072, forward_time: 5.747, loss_parse_time: 0.000 memory: 11634, 
2022-05-21 16:34:23,187 - INFO - task : ['VEHICLE', 'PEDESTRIAN', 'CYCLIST'], loss: 2.1581, hm_loss: 0.0000, loc_loss: 0.5883, loc_loss_elem: ['0.1029', '0.0865', '0.0799', '0.0535', '0.0569', '0.0676', '0.0576', '0.0835'], num_positive: 206.4000, roi_reg_loss: 0.7019, roi_cls_loss: 0.2797

2022-05-21 16:34:54,528 - INFO - Epoch [3/6][110/133]	lr: 0.00048, eta: 0:43:39, time: 6.268, data_time: 0.064, transfer_time: 0.073, forward_time: 5.768, loss_parse_time: 0.000 memory: 11634, 
2022-05-21 16:34:54,528 - INFO - task : ['VEHICLE', 'PEDESTRIAN', 'CYCLIST'], loss: 2.0273, hm_loss: 0.0000, loc_loss: 0.5787, loc_loss_elem: ['0.1022', '0.0861', '0.0935', '0.0516', '0.0497', '0.0794', '0.0439', '0.0723'], num_positive: 123.0000, roi_reg_loss: 0.7069, roi_cls_loss: 0.1630

2022-05-21 16:35:25,961 - INFO - Epoch [3/6][115/133]	lr: 0.00048, eta: 0:43:08, time: 6.286, data_time: 0.068, transfer_time: 0.071, forward_time: 5.782, loss_parse_time: 0.000 memory: 11634, 
2022-05-21 16:35:25,961 - INFO - task : ['VEHICLE', 'PEDESTRIAN', 'CYCLIST'], loss: 2.1682, hm_loss: 0.0000, loc_loss: 0.6096, loc_loss_elem: ['0.0961', '0.0874', '0.0845', '0.0589', '0.0628', '0.0701', '0.0709', '0.0788'], num_positive: 200.0000, roi_reg_loss: 0.6955, roi_cls_loss: 0.2536

2022-05-21 16:35:57,154 - INFO - Epoch [3/6][120/133]	lr: 0.00048, eta: 0:42:37, time: 6.239, data_time: 0.063, transfer_time: 0.073, forward_time: 5.757, loss_parse_time: 0.000 memory: 11634, 
2022-05-21 16:35:57,154 - INFO - task : ['VEHICLE', 'PEDESTRIAN', 'CYCLIST'], loss: 2.0638, hm_loss: 0.0000, loc_loss: 0.5988, loc_loss_elem: ['0.1112', '0.0863', '0.0859', '0.0550', '0.0569', '0.0655', '0.0585', '0.0795'], num_positive: 154.6000, roi_reg_loss: 0.6755, roi_cls_loss: 0.1908

2022-05-21 16:36:28,386 - INFO - Epoch [3/6][125/133]	lr: 0.00047, eta: 0:42:06, time: 6.244, data_time: 0.066, transfer_time: 0.073, forward_time: 5.767, loss_parse_time: 0.000 memory: 11634, 
2022-05-21 16:36:28,386 - INFO - task : ['VEHICLE', 'PEDESTRIAN', 'CYCLIST'], loss: 2.0878, hm_loss: 0.0000, loc_loss: 0.5937, loc_loss_elem: ['0.1043', '0.0825', '0.0781', '0.0583', '0.0683', '0.0700', '0.0628', '0.0693'], num_positive: 165.0000, roi_reg_loss: 0.6846, roi_cls_loss: 0.2159

2022-05-21 16:36:59,418 - INFO - Epoch [3/6][130/133]	lr: 0.00047, eta: 0:41:35, time: 6.207, data_time: 0.064, transfer_time: 0.070, forward_time: 5.730, loss_parse_time: 0.000 memory: 11634, 
2022-05-21 16:36:59,419 - INFO - task : ['VEHICLE', 'PEDESTRIAN', 'CYCLIST'], loss: 2.0765, hm_loss: 0.0000, loc_loss: 0.5957, loc_loss_elem: ['0.1028', '0.0964', '0.1087', '0.0495', '0.0504', '0.0725', '0.0467', '0.0686'], num_positive: 130.0000, roi_reg_loss: 0.7022, roi_cls_loss: 0.1829

2022-05-21 16:37:55,116 - INFO - Epoch [4/6][5/133]	lr: 0.00046, eta: 0:40:33, time: 7.308, data_time: 1.068, transfer_time: 0.073, forward_time: 5.827, loss_parse_time: 0.000 memory: 11634, 
2022-05-21 16:37:55,117 - INFO - task : ['VEHICLE', 'PEDESTRIAN', 'CYCLIST'], loss: 2.0642, hm_loss: 0.0000, loc_loss: 0.5973, loc_loss_elem: ['0.1003', '0.0810', '0.0805', '0.0619', '0.0674', '0.0714', '0.0650', '0.0698'], num_positive: 158.4000, roi_reg_loss: 0.6784, roi_cls_loss: 0.1913

2022-05-21 16:38:26,427 - INFO - Epoch [4/6][10/133]	lr: 0.00046, eta: 0:40:02, time: 6.262, data_time: 0.073, transfer_time: 0.071, forward_time: 5.768, loss_parse_time: 0.000 memory: 11634, 
2022-05-21 16:38:26,427 - INFO - task : ['VEHICLE', 'PEDESTRIAN', 'CYCLIST'], loss: 2.0963, hm_loss: 0.0000, loc_loss: 0.5913, loc_loss_elem: ['0.0952', '0.0876', '0.0753', '0.0589', '0.0604', '0.0672', '0.0670', '0.0796'], num_positive: 197.4000, roi_reg_loss: 0.6688, roi_cls_loss: 0.2450

2022-05-21 16:38:57,662 - INFO - Epoch [4/6][15/133]	lr: 0.00045, eta: 0:39:32, time: 6.245, data_time: 0.060, transfer_time: 0.072, forward_time: 5.761, loss_parse_time: 0.000 memory: 11634, 
2022-05-21 16:38:57,662 - INFO - task : ['VEHICLE', 'PEDESTRIAN', 'CYCLIST'], loss: 2.1632, hm_loss: 0.0000, loc_loss: 0.6286, loc_loss_elem: ['0.1099', '0.0858', '0.0934', '0.0559', '0.0593', '0.0776', '0.0625', '0.0842'], num_positive: 138.0000, roi_reg_loss: 0.7166, roi_cls_loss: 0.1895

2022-05-21 16:39:28,925 - INFO - Epoch [4/6][20/133]	lr: 0.00045, eta: 0:39:01, time: 6.255, data_time: 0.065, transfer_time: 0.075, forward_time: 5.772, loss_parse_time: 0.000 memory: 11634, 
2022-05-21 16:39:28,925 - INFO - task : ['VEHICLE', 'PEDESTRIAN', 'CYCLIST'], loss: 2.1051, hm_loss: 0.0000, loc_loss: 0.5931, loc_loss_elem: ['0.1041', '0.0877', '0.0847', '0.0574', '0.0607', '0.0705', '0.0514', '0.0765'], num_positive: 156.4000, roi_reg_loss: 0.7074, roi_cls_loss: 0.2115

2022-05-21 16:40:00,176 - INFO - Epoch [4/6][25/133]	lr: 0.00044, eta: 0:38:31, time: 6.250, data_time: 0.065, transfer_time: 0.071, forward_time: 5.770, loss_parse_time: 0.000 memory: 11634, 
2022-05-21 16:40:00,176 - INFO - task : ['VEHICLE', 'PEDESTRIAN', 'CYCLIST'], loss: 2.0556, hm_loss: 0.0000, loc_loss: 0.5857, loc_loss_elem: ['0.1113', '0.0880', '0.0867', '0.0574', '0.0570', '0.0743', '0.0503', '0.0606'], num_positive: 171.0000, roi_reg_loss: 0.6462, roi_cls_loss: 0.2380

2022-05-21 16:40:31,630 - INFO - Epoch [4/6][30/133]	lr: 0.00044, eta: 0:38:00, time: 6.289, data_time: 0.067, transfer_time: 0.075, forward_time: 5.779, loss_parse_time: 0.000 memory: 11634, 
2022-05-21 16:40:31,630 - INFO - task : ['VEHICLE', 'PEDESTRIAN', 'CYCLIST'], loss: 2.0822, hm_loss: 0.0000, loc_loss: 0.6077, loc_loss_elem: ['0.1010', '0.0852', '0.0869', '0.0569', '0.0610', '0.0761', '0.0550', '0.0856'], num_positive: 139.4000, roi_reg_loss: 0.6789, roi_cls_loss: 0.1880

2022-05-21 16:41:03,004 - INFO - Epoch [4/6][35/133]	lr: 0.00043, eta: 0:37:30, time: 6.275, data_time: 0.069, transfer_time: 0.070, forward_time: 5.789, loss_parse_time: 0.000 memory: 11634, 
2022-05-21 16:41:03,004 - INFO - task : ['VEHICLE', 'PEDESTRIAN', 'CYCLIST'], loss: 2.1762, hm_loss: 0.0000, loc_loss: 0.6438, loc_loss_elem: ['0.0979', '0.0837', '0.0790', '0.0610', '0.0657', '0.0731', '0.0835', '0.0997'], num_positive: 176.8000, roi_reg_loss: 0.6615, roi_cls_loss: 0.2271

2022-05-21 16:41:34,222 - INFO - Epoch [4/6][40/133]	lr: 0.00043, eta: 0:36:59, time: 6.245, data_time: 0.066, transfer_time: 0.072, forward_time: 5.762, loss_parse_time: 0.000 memory: 11634, 
2022-05-21 16:41:34,222 - INFO - task : ['VEHICLE', 'PEDESTRIAN', 'CYCLIST'], loss: 2.0750, hm_loss: 0.0000, loc_loss: 0.6027, loc_loss_elem: ['0.0929', '0.0896', '0.0873', '0.0574', '0.0608', '0.0752', '0.0636', '0.0759'], num_positive: 152.0000, roi_reg_loss: 0.6801, roi_cls_loss: 0.1897

2022-05-21 16:42:05,438 - INFO - Epoch [4/6][45/133]	lr: 0.00042, eta: 0:36:28, time: 6.244, data_time: 0.054, transfer_time: 0.070, forward_time: 5.773, loss_parse_time: 0.000 memory: 11634, 
2022-05-21 16:42:05,439 - INFO - task : ['VEHICLE', 'PEDESTRIAN', 'CYCLIST'], loss: 2.0217, hm_loss: 0.0000, loc_loss: 0.5906, loc_loss_elem: ['0.1017', '0.0856', '0.0835', '0.0547', '0.0581', '0.0629', '0.0766', '0.0676'], num_positive: 150.6000, roi_reg_loss: 0.6484, roi_cls_loss: 0.1921

2022-05-21 16:42:36,664 - INFO - Epoch [4/6][50/133]	lr: 0.00042, eta: 0:35:58, time: 6.245, data_time: 0.060, transfer_time: 0.073, forward_time: 5.767, loss_parse_time: 0.000 memory: 11634, 
2022-05-21 16:42:36,664 - INFO - task : ['VEHICLE', 'PEDESTRIAN', 'CYCLIST'], loss: 2.0920, hm_loss: 0.0000, loc_loss: 0.5947, loc_loss_elem: ['0.1067', '0.0794', '0.0780', '0.0599', '0.0674', '0.0676', '0.0672', '0.0684'], num_positive: 178.8000, roi_reg_loss: 0.6608, roi_cls_loss: 0.2417

2022-05-21 16:43:07,921 - INFO - Epoch [4/6][55/133]	lr: 0.00041, eta: 0:35:27, time: 6.250, data_time: 0.066, transfer_time: 0.071, forward_time: 5.779, loss_parse_time: 0.000 memory: 11634, 
2022-05-21 16:43:07,921 - INFO - task : ['VEHICLE', 'PEDESTRIAN', 'CYCLIST'], loss: 2.0368, hm_loss: 0.0000, loc_loss: 0.6001, loc_loss_elem: ['0.1060', '0.0887', '0.0880', '0.0572', '0.0582', '0.0793', '0.0535', '0.0692'], num_positive: 144.0000, roi_reg_loss: 0.6459, roi_cls_loss: 0.1907

2022-05-21 16:43:39,155 - INFO - Epoch [4/6][60/133]	lr: 0.00040, eta: 0:34:56, time: 6.249, data_time: 0.067, transfer_time: 0.072, forward_time: 5.772, loss_parse_time: 0.000 memory: 11634, 
2022-05-21 16:43:39,155 - INFO - task : ['VEHICLE', 'PEDESTRIAN', 'CYCLIST'], loss: 2.1442, hm_loss: 0.0000, loc_loss: 0.6221, loc_loss_elem: ['0.0981', '0.0893', '0.0894', '0.0591', '0.0673', '0.0793', '0.0596', '0.0798'], num_positive: 146.6000, roi_reg_loss: 0.6981, roi_cls_loss: 0.2019

2022-05-21 16:44:10,601 - INFO - Epoch [4/6][65/133]	lr: 0.00040, eta: 0:34:26, time: 6.289, data_time: 0.063, transfer_time: 0.070, forward_time: 5.787, loss_parse_time: 0.000 memory: 11634, 
2022-05-21 16:44:10,602 - INFO - task : ['VEHICLE', 'PEDESTRIAN', 'CYCLIST'], loss: 2.1971, hm_loss: 0.0000, loc_loss: 0.6138, loc_loss_elem: ['0.0999', '0.0921', '0.0980', '0.0563', '0.0590', '0.0692', '0.0619', '0.0774'], num_positive: 194.2000, roi_reg_loss: 0.7031, roi_cls_loss: 0.2664

2022-05-21 16:44:42,130 - INFO - Epoch [4/6][70/133]	lr: 0.00039, eta: 0:33:55, time: 6.304, data_time: 0.072, transfer_time: 0.071, forward_time: 5.799, loss_parse_time: 0.000 memory: 11634, 
2022-05-21 16:44:42,131 - INFO - task : ['VEHICLE', 'PEDESTRIAN', 'CYCLIST'], loss: 1.9732, hm_loss: 0.0000, loc_loss: 0.5717, loc_loss_elem: ['0.1029', '0.0744', '0.0795', '0.0598', '0.0653', '0.0682', '0.0498', '0.0718'], num_positive: 153.6000, roi_reg_loss: 0.6318, roi_cls_loss: 0.1980

2022-05-21 16:45:13,391 - INFO - Epoch [4/6][75/133]	lr: 0.00038, eta: 0:33:25, time: 6.254, data_time: 0.071, transfer_time: 0.072, forward_time: 5.767, loss_parse_time: 0.000 memory: 11634, 
2022-05-21 16:45:13,391 - INFO - task : ['VEHICLE', 'PEDESTRIAN', 'CYCLIST'], loss: 1.9905, hm_loss: 0.0000, loc_loss: 0.5820, loc_loss_elem: ['0.1043', '0.0851', '0.0874', '0.0571', '0.0635', '0.0642', '0.0544', '0.0659'], num_positive: 156.2000, roi_reg_loss: 0.6319, roi_cls_loss: 0.1945

2022-05-21 16:45:44,624 - INFO - Epoch [4/6][80/133]	lr: 0.00038, eta: 0:32:54, time: 6.244, data_time: 0.065, transfer_time: 0.070, forward_time: 5.767, loss_parse_time: 0.000 memory: 11634, 
2022-05-21 16:45:44,624 - INFO - task : ['VEHICLE', 'PEDESTRIAN', 'CYCLIST'], loss: 2.0045, hm_loss: 0.0000, loc_loss: 0.5692, loc_loss_elem: ['0.1026', '0.0814', '0.0792', '0.0555', '0.0559', '0.0673', '0.0545', '0.0727'], num_positive: 184.8000, roi_reg_loss: 0.6440, roi_cls_loss: 0.2221

2022-05-21 16:46:15,719 - INFO - Epoch [4/6][85/133]	lr: 0.00037, eta: 0:32:23, time: 6.219, data_time: 0.062, transfer_time: 0.073, forward_time: 5.748, loss_parse_time: 0.000 memory: 11634, 
2022-05-21 16:46:15,719 - INFO - task : ['VEHICLE', 'PEDESTRIAN', 'CYCLIST'], loss: 2.1164, hm_loss: 0.0000, loc_loss: 0.6047, loc_loss_elem: ['0.1003', '0.0842', '0.0826', '0.0576', '0.0647', '0.0694', '0.0724', '0.0734'], num_positive: 181.0000, roi_reg_loss: 0.6693, roi_cls_loss: 0.2377

2022-05-21 16:46:46,957 - INFO - Epoch [4/6][90/133]	lr: 0.00036, eta: 0:31:52, time: 6.248, data_time: 0.067, transfer_time: 0.072, forward_time: 5.760, loss_parse_time: 0.000 memory: 11634, 
2022-05-21 16:46:46,958 - INFO - task : ['VEHICLE', 'PEDESTRIAN', 'CYCLIST'], loss: 1.9615, hm_loss: 0.0000, loc_loss: 0.5411, loc_loss_elem: ['0.0959', '0.0827', '0.0801', '0.0563', '0.0621', '0.0715', '0.0390', '0.0534'], num_positive: 169.2000, roi_reg_loss: 0.6573, roi_cls_loss: 0.2221

2022-05-21 16:47:18,102 - INFO - Epoch [4/6][95/133]	lr: 0.00035, eta: 0:31:21, time: 6.229, data_time: 0.065, transfer_time: 0.072, forward_time: 5.757, loss_parse_time: 0.000 memory: 11634, 
2022-05-21 16:47:18,102 - INFO - task : ['VEHICLE', 'PEDESTRIAN', 'CYCLIST'], loss: 2.0864, hm_loss: 0.0000, loc_loss: 0.5832, loc_loss_elem: ['0.1043', '0.0866', '0.0826', '0.0538', '0.0522', '0.0682', '0.0620', '0.0734'], num_positive: 185.8000, roi_reg_loss: 0.6616, roi_cls_loss: 0.2584

2022-05-21 16:47:49,244 - INFO - Epoch [4/6][100/133]	lr: 0.00035, eta: 0:30:51, time: 6.228, data_time: 0.070, transfer_time: 0.073, forward_time: 5.749, loss_parse_time: 0.000 memory: 11634, 
2022-05-21 16:47:49,244 - INFO - task : ['VEHICLE', 'PEDESTRIAN', 'CYCLIST'], loss: 2.1009, hm_loss: 0.0000, loc_loss: 0.6243, loc_loss_elem: ['0.0997', '0.0854', '0.1005', '0.0572', '0.0665', '0.0769', '0.0518', '0.0863'], num_positive: 133.2000, roi_reg_loss: 0.6807, roi_cls_loss: 0.1716

2022-05-21 16:48:20,223 - INFO - Epoch [4/6][105/133]	lr: 0.00034, eta: 0:30:20, time: 6.198, data_time: 0.062, transfer_time: 0.071, forward_time: 5.746, loss_parse_time: 0.000 memory: 11634, 
2022-05-21 16:48:20,223 - INFO - task : ['VEHICLE', 'PEDESTRIAN', 'CYCLIST'], loss: 2.0075, hm_loss: 0.0000, loc_loss: 0.5741, loc_loss_elem: ['0.1025', '0.0823', '0.0788', '0.0560', '0.0613', '0.0689', '0.0575', '0.0669'], num_positive: 205.8000, roi_reg_loss: 0.6134, roi_cls_loss: 0.2458

2022-05-21 16:48:51,538 - INFO - Epoch [4/6][110/133]	lr: 0.00033, eta: 0:29:49, time: 6.261, data_time: 0.060, transfer_time: 0.070, forward_time: 5.784, loss_parse_time: 0.000 memory: 11634, 
2022-05-21 16:48:51,538 - INFO - task : ['VEHICLE', 'PEDESTRIAN', 'CYCLIST'], loss: 2.0323, hm_loss: 0.0000, loc_loss: 0.5855, loc_loss_elem: ['0.0951', '0.0820', '0.0890', '0.0566', '0.0624', '0.0684', '0.0637', '0.0682'], num_positive: 193.2000, roi_reg_loss: 0.6282, roi_cls_loss: 0.2331

2022-05-21 16:49:23,062 - INFO - Epoch [4/6][115/133]	lr: 0.00032, eta: 0:29:18, time: 6.305, data_time: 0.058, transfer_time: 0.072, forward_time: 5.804, loss_parse_time: 0.000 memory: 11634, 
2022-05-21 16:49:23,062 - INFO - task : ['VEHICLE', 'PEDESTRIAN', 'CYCLIST'], loss: 2.1400, hm_loss: 0.0000, loc_loss: 0.6219, loc_loss_elem: ['0.1008', '0.0844', '0.0880', '0.0566', '0.0662', '0.0691', '0.0749', '0.0819'], num_positive: 189.4000, roi_reg_loss: 0.6592, roi_cls_loss: 0.2368

2022-05-21 16:49:54,244 - INFO - Epoch [4/6][120/133]	lr: 0.00032, eta: 0:28:47, time: 6.239, data_time: 0.061, transfer_time: 0.078, forward_time: 5.748, loss_parse_time: 0.000 memory: 11634, 
2022-05-21 16:49:54,244 - INFO - task : ['VEHICLE', 'PEDESTRIAN', 'CYCLIST'], loss: 1.9519, hm_loss: 0.0000, loc_loss: 0.5755, loc_loss_elem: ['0.1042', '0.0798', '0.0803', '0.0598', '0.0716', '0.0692', '0.0508', '0.0599'], num_positive: 139.6000, roi_reg_loss: 0.6245, roi_cls_loss: 0.1764

2022-05-21 16:50:25,498 - INFO - Epoch [4/6][125/133]	lr: 0.00031, eta: 0:28:17, time: 6.251, data_time: 0.064, transfer_time: 0.069, forward_time: 5.758, loss_parse_time: 0.000 memory: 11634, 
2022-05-21 16:50:25,498 - INFO - task : ['VEHICLE', 'PEDESTRIAN', 'CYCLIST'], loss: 2.0194, hm_loss: 0.0000, loc_loss: 0.5871, loc_loss_elem: ['0.0971', '0.0870', '0.0873', '0.0566', '0.0607', '0.0684', '0.0488', '0.0812'], num_positive: 172.0000, roi_reg_loss: 0.6250, roi_cls_loss: 0.2202

2022-05-21 16:50:56,558 - INFO - Epoch [4/6][130/133]	lr: 0.00030, eta: 0:27:46, time: 6.210, data_time: 0.071, transfer_time: 0.075, forward_time: 5.735, loss_parse_time: 0.000 memory: 11634, 
2022-05-21 16:50:56,558 - INFO - task : ['VEHICLE', 'PEDESTRIAN', 'CYCLIST'], loss: 2.0654, hm_loss: 0.0000, loc_loss: 0.5853, loc_loss_elem: ['0.0972', '0.0843', '0.0844', '0.0582', '0.0627', '0.0723', '0.0523', '0.0741'], num_positive: 196.4000, roi_reg_loss: 0.6538, roi_cls_loss: 0.2409

2022-05-21 16:51:52,476 - INFO - Epoch [5/6][5/133]	lr: 0.00029, eta: 0:26:50, time: 7.360, data_time: 1.062, transfer_time: 0.073, forward_time: 5.868, loss_parse_time: 0.000 memory: 11634, 
2022-05-21 16:51:52,476 - INFO - task : ['VEHICLE', 'PEDESTRIAN', 'CYCLIST'], loss: 2.0196, hm_loss: 0.0000, loc_loss: 0.5876, loc_loss_elem: ['0.0998', '0.0848', '0.0791', '0.0630', '0.0671', '0.0693', '0.0576', '0.0670'], num_positive: 169.2000, roi_reg_loss: 0.6233, roi_cls_loss: 0.2212

2022-05-21 16:52:23,826 - INFO - Epoch [5/6][10/133]	lr: 0.00028, eta: 0:26:19, time: 6.268, data_time: 0.058, transfer_time: 0.072, forward_time: 5.794, loss_parse_time: 0.000 memory: 11634, 
2022-05-21 16:52:23,827 - INFO - task : ['VEHICLE', 'PEDESTRIAN', 'CYCLIST'], loss: 2.0437, hm_loss: 0.0000, loc_loss: 0.6246, loc_loss_elem: ['0.1055', '0.0849', '0.0804', '0.0599', '0.0706', '0.0782', '0.0658', '0.0793'], num_positive: 124.6000, roi_reg_loss: 0.6270, roi_cls_loss: 0.1675

2022-05-21 16:52:54,961 - INFO - Epoch [5/6][15/133]	lr: 0.00027, eta: 0:25:49, time: 6.228, data_time: 0.061, transfer_time: 0.074, forward_time: 5.756, loss_parse_time: 0.000 memory: 11634, 
2022-05-21 16:52:54,961 - INFO - task : ['VEHICLE', 'PEDESTRIAN', 'CYCLIST'], loss: 2.1981, hm_loss: 0.0000, loc_loss: 0.6706, loc_loss_elem: ['0.1065', '0.0897', '0.1168', '0.0571', '0.0577', '0.0741', '0.0796', '0.0891'], num_positive: 147.4000, roi_reg_loss: 0.6495, roi_cls_loss: 0.2075

2022-05-21 16:53:26,133 - INFO - Epoch [5/6][20/133]	lr: 0.00026, eta: 0:25:18, time: 6.236, data_time: 0.069, transfer_time: 0.069, forward_time: 5.750, loss_parse_time: 0.000 memory: 11634, 
2022-05-21 16:53:26,133 - INFO - task : ['VEHICLE', 'PEDESTRIAN', 'CYCLIST'], loss: 2.1058, hm_loss: 0.0000, loc_loss: 0.6011, loc_loss_elem: ['0.0970', '0.0890', '0.0916', '0.0565', '0.0562', '0.0735', '0.0611', '0.0762'], num_positive: 203.8000, roi_reg_loss: 0.6372, roi_cls_loss: 0.2665

2022-05-21 16:53:57,487 - INFO - Epoch [5/6][25/133]	lr: 0.00025, eta: 0:24:47, time: 6.271, data_time: 0.066, transfer_time: 0.071, forward_time: 5.774, loss_parse_time: 0.000 memory: 11634, 
2022-05-21 16:53:57,487 - INFO - task : ['VEHICLE', 'PEDESTRIAN', 'CYCLIST'], loss: 1.9845, hm_loss: 0.0000, loc_loss: 0.5736, loc_loss_elem: ['0.1044', '0.0832', '0.0840', '0.0541', '0.0575', '0.0722', '0.0509', '0.0673'], num_positive: 171.8000, roi_reg_loss: 0.6163, roi_cls_loss: 0.2209

2022-05-21 16:54:28,657 - INFO - Epoch [5/6][30/133]	lr: 0.00025, eta: 0:24:16, time: 6.233, data_time: 0.060, transfer_time: 0.074, forward_time: 5.754, loss_parse_time: 0.000 memory: 11634, 
2022-05-21 16:54:28,657 - INFO - task : ['VEHICLE', 'PEDESTRIAN', 'CYCLIST'], loss: 2.0117, hm_loss: 0.0000, loc_loss: 0.5761, loc_loss_elem: ['0.0933', '0.0813', '0.0804', '0.0629', '0.0664', '0.0627', '0.0625', '0.0666'], num_positive: 203.8000, roi_reg_loss: 0.6231, roi_cls_loss: 0.2364

2022-05-21 16:55:00,104 - INFO - Epoch [5/6][35/133]	lr: 0.00024, eta: 0:23:46, time: 6.291, data_time: 0.067, transfer_time: 0.074, forward_time: 5.784, loss_parse_time: 0.000 memory: 11634, 
2022-05-21 16:55:00,104 - INFO - task : ['VEHICLE', 'PEDESTRIAN', 'CYCLIST'], loss: 2.0429, hm_loss: 0.0000, loc_loss: 0.5979, loc_loss_elem: ['0.1098', '0.0844', '0.0978', '0.0547', '0.0594', '0.0774', '0.0519', '0.0625'], num_positive: 160.0000, roi_reg_loss: 0.6342, roi_cls_loss: 0.2129

2022-05-21 16:55:31,343 - INFO - Epoch [5/6][40/133]	lr: 0.00023, eta: 0:23:15, time: 6.245, data_time: 0.063, transfer_time: 0.070, forward_time: 5.773, loss_parse_time: 0.000 memory: 11634, 
2022-05-21 16:55:31,343 - INFO - task : ['VEHICLE', 'PEDESTRIAN', 'CYCLIST'], loss: 1.9978, hm_loss: 0.0000, loc_loss: 0.5776, loc_loss_elem: ['0.0966', '0.0805', '0.0807', '0.0546', '0.0560', '0.0656', '0.0633', '0.0803'], num_positive: 181.6000, roi_reg_loss: 0.6130, roi_cls_loss: 0.2295

2022-05-21 16:56:02,878 - INFO - Epoch [5/6][45/133]	lr: 0.00022, eta: 0:22:44, time: 6.309, data_time: 0.064, transfer_time: 0.072, forward_time: 5.800, loss_parse_time: 0.000 memory: 11739, 
2022-05-21 16:56:02,878 - INFO - task : ['VEHICLE', 'PEDESTRIAN', 'CYCLIST'], loss: 2.1420, hm_loss: 0.0000, loc_loss: 0.6317, loc_loss_elem: ['0.1047', '0.0914', '0.0879', '0.0606', '0.0655', '0.0720', '0.0695', '0.0800'], num_positive: 164.8000, roi_reg_loss: 0.6685, roi_cls_loss: 0.2100

2022-05-21 16:56:34,358 - INFO - Epoch [5/6][50/133]	lr: 0.00021, eta: 0:22:14, time: 6.296, data_time: 0.065, transfer_time: 0.073, forward_time: 5.822, loss_parse_time: 0.000 memory: 11739, 
2022-05-21 16:56:34,358 - INFO - task : ['VEHICLE', 'PEDESTRIAN', 'CYCLIST'], loss: 2.1310, hm_loss: 0.0000, loc_loss: 0.6429, loc_loss_elem: ['0.1057', '0.0925', '0.0975', '0.0614', '0.0639', '0.0776', '0.0614', '0.0828'], num_positive: 116.0000, roi_reg_loss: 0.6559, roi_cls_loss: 0.1893

2022-05-21 16:57:05,592 - INFO - Epoch [5/6][55/133]	lr: 0.00021, eta: 0:21:43, time: 6.244, data_time: 0.060, transfer_time: 0.070, forward_time: 5.775, loss_parse_time: 0.000 memory: 11739, 
2022-05-21 16:57:05,592 - INFO - task : ['VEHICLE', 'PEDESTRIAN', 'CYCLIST'], loss: 2.1036, hm_loss: 0.0000, loc_loss: 0.6058, loc_loss_elem: ['0.1037', '0.0897', '0.0818', '0.0554', '0.0559', '0.0701', '0.0575', '0.0916'], num_positive: 186.4000, roi_reg_loss: 0.6559, roi_cls_loss: 0.2362

2022-05-21 16:57:36,848 - INFO - Epoch [5/6][60/133]	lr: 0.00020, eta: 0:21:12, time: 6.253, data_time: 0.064, transfer_time: 0.071, forward_time: 5.769, loss_parse_time: 0.000 memory: 11739, 
2022-05-21 16:57:36,848 - INFO - task : ['VEHICLE', 'PEDESTRIAN', 'CYCLIST'], loss: 2.0636, hm_loss: 0.0000, loc_loss: 0.6141, loc_loss_elem: ['0.1136', '0.0879', '0.0901', '0.0536', '0.0575', '0.0738', '0.0641', '0.0734'], num_positive: 130.4000, roi_reg_loss: 0.6593, roi_cls_loss: 0.1761

2022-05-21 16:58:07,931 - INFO - Epoch [5/6][65/133]	lr: 0.00019, eta: 0:20:41, time: 6.216, data_time: 0.053, transfer_time: 0.070, forward_time: 5.761, loss_parse_time: 0.000 memory: 11739, 
2022-05-21 16:58:07,931 - INFO - task : ['VEHICLE', 'PEDESTRIAN', 'CYCLIST'], loss: 1.9100, hm_loss: 0.0000, loc_loss: 0.5495, loc_loss_elem: ['0.0978', '0.0790', '0.0729', '0.0566', '0.0583', '0.0693', '0.0481', '0.0675'], num_positive: 198.4000, roi_reg_loss: 0.5844, roi_cls_loss: 0.2266

2022-05-21 16:58:39,043 - INFO - Epoch [5/6][70/133]	lr: 0.00018, eta: 0:20:11, time: 6.223, data_time: 0.068, transfer_time: 0.072, forward_time: 5.738, loss_parse_time: 0.000 memory: 11739, 
2022-05-21 16:58:39,043 - INFO - task : ['VEHICLE', 'PEDESTRIAN', 'CYCLIST'], loss: 2.0275, hm_loss: 0.0000, loc_loss: 0.6090, loc_loss_elem: ['0.1019', '0.0885', '0.0800', '0.0548', '0.0610', '0.0774', '0.0540', '0.0914'], num_positive: 139.8000, roi_reg_loss: 0.6236, roi_cls_loss: 0.1859

2022-05-21 16:59:10,256 - INFO - Epoch [5/6][75/133]	lr: 0.00017, eta: 0:19:40, time: 6.243, data_time: 0.062, transfer_time: 0.072, forward_time: 5.758, loss_parse_time: 0.000 memory: 11739, 
2022-05-21 16:59:10,256 - INFO - task : ['VEHICLE', 'PEDESTRIAN', 'CYCLIST'], loss: 1.9626, hm_loss: 0.0000, loc_loss: 0.5630, loc_loss_elem: ['0.0989', '0.0869', '0.0794', '0.0558', '0.0587', '0.0686', '0.0454', '0.0691'], num_positive: 177.4000, roi_reg_loss: 0.6240, roi_cls_loss: 0.2126

2022-05-21 16:59:41,483 - INFO - Epoch [5/6][80/133]	lr: 0.00017, eta: 0:19:09, time: 6.245, data_time: 0.059, transfer_time: 0.075, forward_time: 5.761, loss_parse_time: 0.000 memory: 11739, 
2022-05-21 16:59:41,483 - INFO - task : ['VEHICLE', 'PEDESTRIAN', 'CYCLIST'], loss: 1.9127, hm_loss: 0.0000, loc_loss: 0.5479, loc_loss_elem: ['0.1013', '0.0751', '0.0774', '0.0600', '0.0634', '0.0679', '0.0429', '0.0599'], num_positive: 170.8000, roi_reg_loss: 0.6067, roi_cls_loss: 0.2103

2022-05-21 17:00:12,884 - INFO - Epoch [5/6][85/133]	lr: 0.00016, eta: 0:18:38, time: 6.280, data_time: 0.066, transfer_time: 0.073, forward_time: 5.771, loss_parse_time: 0.000 memory: 11739, 
2022-05-21 17:00:12,884 - INFO - task : ['VEHICLE', 'PEDESTRIAN', 'CYCLIST'], loss: 2.0150, hm_loss: 0.0000, loc_loss: 0.5838, loc_loss_elem: ['0.1075', '0.0825', '0.0796', '0.0571', '0.0634', '0.0729', '0.0485', '0.0723'], num_positive: 152.8000, roi_reg_loss: 0.6605, roi_cls_loss: 0.1870

2022-05-21 17:00:44,426 - INFO - Epoch [5/6][90/133]	lr: 0.00015, eta: 0:18:08, time: 6.306, data_time: 0.066, transfer_time: 0.074, forward_time: 5.794, loss_parse_time: 0.000 memory: 11851, 
2022-05-21 17:00:44,426 - INFO - task : ['VEHICLE', 'PEDESTRIAN', 'CYCLIST'], loss: 1.8950, hm_loss: 0.0000, loc_loss: 0.5557, loc_loss_elem: ['0.1008', '0.0755', '0.0800', '0.0519', '0.0583', '0.0612', '0.0544', '0.0736'], num_positive: 132.6000, roi_reg_loss: 0.6204, roi_cls_loss: 0.1633

2022-05-21 17:01:15,482 - INFO - Epoch [5/6][95/133]	lr: 0.00014, eta: 0:17:37, time: 6.214, data_time: 0.075, transfer_time: 0.073, forward_time: 5.739, loss_parse_time: 0.000 memory: 11851, 
2022-05-21 17:01:15,482 - INFO - task : ['VEHICLE', 'PEDESTRIAN', 'CYCLIST'], loss: 1.9378, hm_loss: 0.0000, loc_loss: 0.5693, loc_loss_elem: ['0.1054', '0.0862', '0.0928', '0.0530', '0.0547', '0.0722', '0.0463', '0.0588'], num_positive: 166.2000, roi_reg_loss: 0.5850, roi_cls_loss: 0.2143

2022-05-21 17:01:46,861 - INFO - Epoch [5/6][100/133]	lr: 0.00014, eta: 0:17:06, time: 6.276, data_time: 0.060, transfer_time: 0.073, forward_time: 5.790, loss_parse_time: 0.000 memory: 11851, 
2022-05-21 17:01:46,862 - INFO - task : ['VEHICLE', 'PEDESTRIAN', 'CYCLIST'], loss: 1.9765, hm_loss: 0.0000, loc_loss: 0.5852, loc_loss_elem: ['0.1017', '0.0805', '0.0846', '0.0599', '0.0617', '0.0664', '0.0598', '0.0706'], num_positive: 168.0000, roi_reg_loss: 0.6195, roi_cls_loss: 0.1866

2022-05-21 17:02:18,115 - INFO - Epoch [5/6][105/133]	lr: 0.00013, eta: 0:16:35, time: 6.251, data_time: 0.061, transfer_time: 0.073, forward_time: 5.767, loss_parse_time: 0.000 memory: 11851, 
2022-05-21 17:02:18,116 - INFO - task : ['VEHICLE', 'PEDESTRIAN', 'CYCLIST'], loss: 2.2491, hm_loss: 0.0000, loc_loss: 0.6678, loc_loss_elem: ['0.1104', '0.1042', '0.1131', '0.0558', '0.0560', '0.0827', '0.0671', '0.0784'], num_positive: 152.0000, roi_reg_loss: 0.6935, roi_cls_loss: 0.2200

2022-05-21 17:02:49,440 - INFO - Epoch [5/6][110/133]	lr: 0.00012, eta: 0:16:04, time: 6.265, data_time: 0.063, transfer_time: 0.073, forward_time: 5.776, loss_parse_time: 0.000 memory: 11851, 
2022-05-21 17:02:49,440 - INFO - task : ['VEHICLE', 'PEDESTRIAN', 'CYCLIST'], loss: 1.9624, hm_loss: 0.0000, loc_loss: 0.5632, loc_loss_elem: ['0.1030', '0.0826', '0.0804', '0.0567', '0.0579', '0.0663', '0.0544', '0.0619'], num_positive: 210.8000, roi_reg_loss: 0.5982, roi_cls_loss: 0.2377

2022-05-21 17:03:20,651 - INFO - Epoch [5/6][115/133]	lr: 0.00011, eta: 0:15:33, time: 6.239, data_time: 0.058, transfer_time: 0.071, forward_time: 5.764, loss_parse_time: 0.000 memory: 11851, 
2022-05-21 17:03:20,651 - INFO - task : ['VEHICLE', 'PEDESTRIAN', 'CYCLIST'], loss: 2.0389, hm_loss: 0.0000, loc_loss: 0.6078, loc_loss_elem: ['0.1069', '0.0844', '0.0740', '0.0558', '0.0617', '0.0693', '0.0601', '0.0956'], num_positive: 179.4000, roi_reg_loss: 0.6114, roi_cls_loss: 0.2118

2022-05-21 17:03:51,728 - INFO - Epoch [5/6][120/133]	lr: 0.00011, eta: 0:15:03, time: 6.216, data_time: 0.068, transfer_time: 0.072, forward_time: 5.746, loss_parse_time: 0.000 memory: 11851, 
2022-05-21 17:03:51,728 - INFO - task : ['VEHICLE', 'PEDESTRIAN', 'CYCLIST'], loss: 1.9378, hm_loss: 0.0000, loc_loss: 0.5622, loc_loss_elem: ['0.1040', '0.0817', '0.0807', '0.0541', '0.0590', '0.0636', '0.0565', '0.0625'], num_positive: 197.8000, roi_reg_loss: 0.5725, roi_cls_loss: 0.2410

2022-05-21 17:04:22,942 - INFO - Epoch [5/6][125/133]	lr: 0.00010, eta: 0:14:32, time: 6.245, data_time: 0.059, transfer_time: 0.073, forward_time: 5.758, loss_parse_time: 0.000 memory: 11851, 
2022-05-21 17:04:22,942 - INFO - task : ['VEHICLE', 'PEDESTRIAN', 'CYCLIST'], loss: 2.1330, hm_loss: 0.0000, loc_loss: 0.6367, loc_loss_elem: ['0.0965', '0.0843', '0.0866', '0.0625', '0.0636', '0.0712', '0.0795', '0.0924'], num_positive: 174.2000, roi_reg_loss: 0.6529, roi_cls_loss: 0.2066

2022-05-21 17:04:54,053 - INFO - Epoch [5/6][130/133]	lr: 0.00009, eta: 0:14:01, time: 6.222, data_time: 0.064, transfer_time: 0.071, forward_time: 5.748, loss_parse_time: 0.000 memory: 11851, 
2022-05-21 17:04:54,053 - INFO - task : ['VEHICLE', 'PEDESTRIAN', 'CYCLIST'], loss: 2.0580, hm_loss: 0.0000, loc_loss: 0.6018, loc_loss_elem: ['0.1108', '0.0850', '0.0934', '0.0569', '0.0550', '0.0710', '0.0672', '0.0625'], num_positive: 176.4000, roi_reg_loss: 0.6305, roi_cls_loss: 0.2239

2022-05-21 17:05:49,643 - INFO - Epoch [6/6][5/133]	lr: 0.00008, eta: 0:13:09, time: 7.287, data_time: 1.057, transfer_time: 0.075, forward_time: 5.811, loss_parse_time: 0.000 memory: 11851, 
2022-05-21 17:05:49,643 - INFO - task : ['VEHICLE', 'PEDESTRIAN', 'CYCLIST'], loss: 2.0011, hm_loss: 0.0000, loc_loss: 0.5915, loc_loss_elem: ['0.1083', '0.0930', '0.0862', '0.0540', '0.0516', '0.0781', '0.0559', '0.0644'], num_positive: 150.6000, roi_reg_loss: 0.6296, roi_cls_loss: 0.1886

2022-05-21 17:06:20,807 - INFO - Epoch [6/6][10/133]	lr: 0.00008, eta: 0:12:38, time: 6.235, data_time: 0.058, transfer_time: 0.071, forward_time: 5.763, loss_parse_time: 0.000 memory: 11851, 
2022-05-21 17:06:20,807 - INFO - task : ['VEHICLE', 'PEDESTRIAN', 'CYCLIST'], loss: 1.8967, hm_loss: 0.0000, loc_loss: 0.5635, loc_loss_elem: ['0.1009', '0.0812', '0.0803', '0.0552', '0.0560', '0.0662', '0.0509', '0.0728'], num_positive: 163.2000, roi_reg_loss: 0.5822, roi_cls_loss: 0.1875

2022-05-21 17:06:52,268 - INFO - Epoch [6/6][15/133]	lr: 0.00007, eta: 0:12:07, time: 6.290, data_time: 0.061, transfer_time: 0.072, forward_time: 5.798, loss_parse_time: 0.000 memory: 11851, 
2022-05-21 17:06:52,269 - INFO - task : ['VEHICLE', 'PEDESTRIAN', 'CYCLIST'], loss: 1.9908, hm_loss: 0.0000, loc_loss: 0.6073, loc_loss_elem: ['0.1023', '0.0904', '0.0848', '0.0594', '0.0627', '0.0775', '0.0598', '0.0703'], num_positive: 135.0000, roi_reg_loss: 0.5988, roi_cls_loss: 0.1775

2022-05-21 17:07:23,708 - INFO - Epoch [6/6][20/133]	lr: 0.00007, eta: 0:11:37, time: 6.290, data_time: 0.070, transfer_time: 0.071, forward_time: 5.783, loss_parse_time: 0.000 memory: 11851, 
2022-05-21 17:07:23,709 - INFO - task : ['VEHICLE', 'PEDESTRIAN', 'CYCLIST'], loss: 2.0150, hm_loss: 0.0000, loc_loss: 0.5979, loc_loss_elem: ['0.1073', '0.0894', '0.0946', '0.0569', '0.0623', '0.0775', '0.0491', '0.0608'], num_positive: 149.8000, roi_reg_loss: 0.6302, roi_cls_loss: 0.1890

2022-05-21 17:07:55,152 - INFO - Epoch [6/6][25/133]	lr: 0.00006, eta: 0:11:06, time: 6.289, data_time: 0.066, transfer_time: 0.074, forward_time: 5.771, loss_parse_time: 0.000 memory: 11851, 
2022-05-21 17:07:55,152 - INFO - task : ['VEHICLE', 'PEDESTRIAN', 'CYCLIST'], loss: 2.0515, hm_loss: 0.0000, loc_loss: 0.6284, loc_loss_elem: ['0.1081', '0.0888', '0.0850', '0.0570', '0.0593', '0.0688', '0.0696', '0.0919'], num_positive: 132.2000, roi_reg_loss: 0.6234, roi_cls_loss: 0.1714

2022-05-21 17:08:26,523 - INFO - Epoch [6/6][30/133]	lr: 0.00006, eta: 0:10:35, time: 6.273, data_time: 0.068, transfer_time: 0.071, forward_time: 5.772, loss_parse_time: 0.000 memory: 11851, 
2022-05-21 17:08:26,523 - INFO - task : ['VEHICLE', 'PEDESTRIAN', 'CYCLIST'], loss: 2.1207, hm_loss: 0.0000, loc_loss: 0.6170, loc_loss_elem: ['0.1013', '0.0925', '0.0987', '0.0517', '0.0506', '0.0787', '0.0615', '0.0820'], num_positive: 166.4000, roi_reg_loss: 0.6677, roi_cls_loss: 0.2190

2022-05-21 17:08:58,110 - INFO - Epoch [6/6][35/133]	lr: 0.00005, eta: 0:10:04, time: 6.318, data_time: 0.063, transfer_time: 0.069, forward_time: 5.838, loss_parse_time: 0.000 memory: 11851, 
2022-05-21 17:08:58,111 - INFO - task : ['VEHICLE', 'PEDESTRIAN', 'CYCLIST'], loss: 1.9800, hm_loss: 0.0000, loc_loss: 0.5888, loc_loss_elem: ['0.0959', '0.0811', '0.0935', '0.0583', '0.0639', '0.0650', '0.0585', '0.0727'], num_positive: 175.2000, roi_reg_loss: 0.5855, roi_cls_loss: 0.2169

2022-05-21 17:09:29,112 - INFO - Epoch [6/6][40/133]	lr: 0.00005, eta: 0:09:33, time: 6.200, data_time: 0.057, transfer_time: 0.072, forward_time: 5.748, loss_parse_time: 0.000 memory: 11851, 
2022-05-21 17:09:29,112 - INFO - task : ['VEHICLE', 'PEDESTRIAN', 'CYCLIST'], loss: 2.0972, hm_loss: 0.0000, loc_loss: 0.6279, loc_loss_elem: ['0.0998', '0.0917', '0.0962', '0.0583', '0.0631', '0.0742', '0.0597', '0.0848'], num_positive: 195.0000, roi_reg_loss: 0.6021, roi_cls_loss: 0.2392

2022-05-21 17:10:00,344 - INFO - Epoch [6/6][45/133]	lr: 0.00004, eta: 0:09:03, time: 6.244, data_time: 0.069, transfer_time: 0.072, forward_time: 5.758, loss_parse_time: 0.000 memory: 11851, 
2022-05-21 17:10:00,344 - INFO - task : ['VEHICLE', 'PEDESTRIAN', 'CYCLIST'], loss: 1.8585, hm_loss: 0.0000, loc_loss: 0.5528, loc_loss_elem: ['0.1016', '0.0813', '0.0795', '0.0567', '0.0578', '0.0684', '0.0451', '0.0624'], num_positive: 156.8000, roi_reg_loss: 0.5550, roi_cls_loss: 0.1979

2022-05-21 17:10:31,492 - INFO - Epoch [6/6][50/133]	lr: 0.00004, eta: 0:08:32, time: 6.229, data_time: 0.065, transfer_time: 0.071, forward_time: 5.766, loss_parse_time: 0.000 memory: 11851, 
2022-05-21 17:10:31,492 - INFO - task : ['VEHICLE', 'PEDESTRIAN', 'CYCLIST'], loss: 1.9385, hm_loss: 0.0000, loc_loss: 0.5674, loc_loss_elem: ['0.1016', '0.0822', '0.0812', '0.0561', '0.0565', '0.0696', '0.0531', '0.0671'], num_positive: 171.2000, roi_reg_loss: 0.5962, roi_cls_loss: 0.2076

2022-05-21 17:11:02,863 - INFO - Epoch [6/6][55/133]	lr: 0.00003, eta: 0:08:01, time: 6.275, data_time: 0.069, transfer_time: 0.071, forward_time: 5.792, loss_parse_time: 0.000 memory: 11851, 
2022-05-21 17:11:02,863 - INFO - task : ['VEHICLE', 'PEDESTRIAN', 'CYCLIST'], loss: 2.0595, hm_loss: 0.0000, loc_loss: 0.6087, loc_loss_elem: ['0.1050', '0.0882', '0.0961', '0.0534', '0.0570', '0.0740', '0.0561', '0.0790'], num_positive: 154.8000, roi_reg_loss: 0.6237, roi_cls_loss: 0.2184

2022-05-21 17:11:34,008 - INFO - Epoch [6/6][60/133]	lr: 0.00003, eta: 0:07:30, time: 6.229, data_time: 0.056, transfer_time: 0.071, forward_time: 5.755, loss_parse_time: 0.000 memory: 11851, 
2022-05-21 17:11:34,009 - INFO - task : ['VEHICLE', 'PEDESTRIAN', 'CYCLIST'], loss: 2.0533, hm_loss: 0.0000, loc_loss: 0.5985, loc_loss_elem: ['0.1088', '0.0889', '0.0929', '0.0536', '0.0536', '0.0775', '0.0501', '0.0731'], num_positive: 159.8000, roi_reg_loss: 0.6390, roi_cls_loss: 0.2173

2022-05-21 17:12:05,550 - INFO - Epoch [6/6][65/133]	lr: 0.00003, eta: 0:06:59, time: 6.308, data_time: 0.061, transfer_time: 0.072, forward_time: 5.815, loss_parse_time: 0.000 memory: 11851, 
2022-05-21 17:12:05,550 - INFO - task : ['VEHICLE', 'PEDESTRIAN', 'CYCLIST'], loss: 1.9849, hm_loss: 0.0000, loc_loss: 0.5830, loc_loss_elem: ['0.1079', '0.0831', '0.0812', '0.0581', '0.0640', '0.0632', '0.0516', '0.0740'], num_positive: 191.8000, roi_reg_loss: 0.6031, roi_cls_loss: 0.2157

2022-05-21 17:12:36,892 - INFO - Epoch [6/6][70/133]	lr: 0.00002, eta: 0:06:29, time: 6.271, data_time: 0.067, transfer_time: 0.071, forward_time: 5.788, loss_parse_time: 0.000 memory: 11851, 
2022-05-21 17:12:36,892 - INFO - task : ['VEHICLE', 'PEDESTRIAN', 'CYCLIST'], loss: 2.0288, hm_loss: 0.0000, loc_loss: 0.5945, loc_loss_elem: ['0.1061', '0.0888', '0.0852', '0.0583', '0.0598', '0.0677', '0.0467', '0.0817'], num_positive: 155.8000, roi_reg_loss: 0.6230, roi_cls_loss: 0.2168

2022-05-21 17:13:08,139 - INFO - Epoch [6/6][75/133]	lr: 0.00002, eta: 0:05:58, time: 6.249, data_time: 0.069, transfer_time: 0.071, forward_time: 5.774, loss_parse_time: 0.000 memory: 11851, 
2022-05-21 17:13:08,139 - INFO - task : ['VEHICLE', 'PEDESTRIAN', 'CYCLIST'], loss: 1.9168, hm_loss: 0.0000, loc_loss: 0.5695, loc_loss_elem: ['0.1024', '0.0783', '0.0743', '0.0604', '0.0673', '0.0678', '0.0579', '0.0610'], num_positive: 158.6000, roi_reg_loss: 0.5828, roi_cls_loss: 0.1951

2022-05-21 17:13:39,514 - INFO - Epoch [6/6][80/133]	lr: 0.00002, eta: 0:05:27, time: 6.273, data_time: 0.061, transfer_time: 0.070, forward_time: 5.800, loss_parse_time: 0.000 memory: 11851, 
2022-05-21 17:13:39,514 - INFO - task : ['VEHICLE', 'PEDESTRIAN', 'CYCLIST'], loss: 2.0158, hm_loss: 0.0000, loc_loss: 0.5951, loc_loss_elem: ['0.1099', '0.0902', '0.0908', '0.0516', '0.0552', '0.0768', '0.0475', '0.0731'], num_positive: 148.6000, roi_reg_loss: 0.5987, roi_cls_loss: 0.2269

2022-05-21 17:14:10,795 - INFO - Epoch [6/6][85/133]	lr: 0.00001, eta: 0:04:56, time: 6.259, data_time: 0.067, transfer_time: 0.071, forward_time: 5.781, loss_parse_time: 0.000 memory: 11851, 
2022-05-21 17:14:10,795 - INFO - task : ['VEHICLE', 'PEDESTRIAN', 'CYCLIST'], loss: 1.9332, hm_loss: 0.0000, loc_loss: 0.5753, loc_loss_elem: ['0.1047', '0.0802', '0.0817', '0.0559', '0.0638', '0.0706', '0.0514', '0.0669'], num_positive: 179.8000, roi_reg_loss: 0.5678, roi_cls_loss: 0.2149

2022-05-21 17:14:42,348 - INFO - Epoch [6/6][90/133]	lr: 0.00001, eta: 0:04:25, time: 6.311, data_time: 0.072, transfer_time: 0.072, forward_time: 5.817, loss_parse_time: 0.000 memory: 11851, 
2022-05-21 17:14:42,348 - INFO - task : ['VEHICLE', 'PEDESTRIAN', 'CYCLIST'], loss: 1.8836, hm_loss: 0.0000, loc_loss: 0.5529, loc_loss_elem: ['0.0962', '0.0845', '0.0857', '0.0537', '0.0561', '0.0702', '0.0523', '0.0542'], num_positive: 165.6000, roi_reg_loss: 0.5837, roi_cls_loss: 0.1942

2022-05-21 17:15:13,693 - INFO - Epoch [6/6][95/133]	lr: 0.00001, eta: 0:03:54, time: 6.269, data_time: 0.064, transfer_time: 0.074, forward_time: 5.777, loss_parse_time: 0.000 memory: 11851, 
2022-05-21 17:15:13,693 - INFO - task : ['VEHICLE', 'PEDESTRIAN', 'CYCLIST'], loss: 1.8981, hm_loss: 0.0000, loc_loss: 0.5778, loc_loss_elem: ['0.0944', '0.0803', '0.0907', '0.0565', '0.0639', '0.0709', '0.0669', '0.0541'], num_positive: 116.0000, roi_reg_loss: 0.5831, roi_cls_loss: 0.1594

2022-05-21 17:15:45,079 - INFO - Epoch [6/6][100/133]	lr: 0.00001, eta: 0:03:23, time: 6.275, data_time: 0.071, transfer_time: 0.070, forward_time: 5.800, loss_parse_time: 0.000 memory: 11851, 
2022-05-21 17:15:45,080 - INFO - task : ['VEHICLE', 'PEDESTRIAN', 'CYCLIST'], loss: 2.1245, hm_loss: 0.0000, loc_loss: 0.6280, loc_loss_elem: ['0.1016', '0.0908', '0.1010', '0.0581', '0.0600', '0.0717', '0.0658', '0.0790'], num_positive: 198.0000, roi_reg_loss: 0.6223, roi_cls_loss: 0.2463

2022-05-21 17:16:16,470 - INFO - Epoch [6/6][105/133]	lr: 0.00000, eta: 0:02:53, time: 6.280, data_time: 0.074, transfer_time: 0.073, forward_time: 5.782, loss_parse_time: 0.000 memory: 11851, 
2022-05-21 17:16:16,471 - INFO - task : ['VEHICLE', 'PEDESTRIAN', 'CYCLIST'], loss: 2.0580, hm_loss: 0.0000, loc_loss: 0.6300, loc_loss_elem: ['0.1077', '0.0845', '0.0840', '0.0603', '0.0594', '0.0763', '0.0775', '0.0803'], num_positive: 148.8000, roi_reg_loss: 0.6057, roi_cls_loss: 0.1923

2022-05-21 17:16:47,715 - INFO - Epoch [6/6][110/133]	lr: 0.00000, eta: 0:02:22, time: 6.249, data_time: 0.067, transfer_time: 0.071, forward_time: 5.765, loss_parse_time: 0.000 memory: 11851, 
2022-05-21 17:16:47,715 - INFO - task : ['VEHICLE', 'PEDESTRIAN', 'CYCLIST'], loss: 2.0548, hm_loss: 0.0000, loc_loss: 0.6040, loc_loss_elem: ['0.1021', '0.0896', '0.0897', '0.0582', '0.0585', '0.0746', '0.0559', '0.0754'], num_positive: 194.2000, roi_reg_loss: 0.6202, roi_cls_loss: 0.2267

2022-05-21 17:17:19,346 - INFO - Epoch [6/6][115/133]	lr: 0.00000, eta: 0:01:51, time: 6.324, data_time: 0.065, transfer_time: 0.070, forward_time: 5.828, loss_parse_time: 0.000 memory: 11851, 
2022-05-21 17:17:19,346 - INFO - task : ['VEHICLE', 'PEDESTRIAN', 'CYCLIST'], loss: 1.9555, hm_loss: 0.0000, loc_loss: 0.5759, loc_loss_elem: ['0.1063', '0.0790', '0.0826', '0.0567', '0.0611', '0.0715', '0.0471', '0.0716'], num_positive: 174.4000, roi_reg_loss: 0.5784, roi_cls_loss: 0.2253

2022-05-21 17:17:51,054 - INFO - Epoch [6/6][120/133]	lr: 0.00000, eta: 0:01:20, time: 6.343, data_time: 0.066, transfer_time: 0.075, forward_time: 5.829, loss_parse_time: 0.000 memory: 11851, 
2022-05-21 17:17:51,055 - INFO - task : ['VEHICLE', 'PEDESTRIAN', 'CYCLIST'], loss: 2.1022, hm_loss: 0.0000, loc_loss: 0.6495, loc_loss_elem: ['0.0973', '0.0921', '0.0878', '0.0639', '0.0675', '0.0678', '0.0699', '0.1033'], num_positive: 173.4000, roi_reg_loss: 0.5943, roi_cls_loss: 0.2089

2022-05-21 17:18:22,337 - INFO - Epoch [6/6][125/133]	lr: 0.00000, eta: 0:00:49, time: 6.255, data_time: 0.065, transfer_time: 0.070, forward_time: 5.756, loss_parse_time: 0.000 memory: 11851, 
2022-05-21 17:18:22,337 - INFO - task : ['VEHICLE', 'PEDESTRIAN', 'CYCLIST'], loss: 1.9142, hm_loss: 0.0000, loc_loss: 0.5706, loc_loss_elem: ['0.0994', '0.0797', '0.0930', '0.0569', '0.0612', '0.0702', '0.0475', '0.0629'], num_positive: 167.2000, roi_reg_loss: 0.5758, roi_cls_loss: 0.1972

2022-05-21 17:18:53,667 - INFO - Epoch [6/6][130/133]	lr: 0.00000, eta: 0:00:18, time: 6.266, data_time: 0.061, transfer_time: 0.070, forward_time: 5.762, loss_parse_time: 0.000 memory: 11851, 
2022-05-21 17:18:53,667 - INFO - task : ['VEHICLE', 'PEDESTRIAN', 'CYCLIST'], loss: 2.0076, hm_loss: 0.0000, loc_loss: 0.5755, loc_loss_elem: ['0.1043', '0.0824', '0.0838', '0.0582', '0.0516', '0.0680', '0.0644', '0.0629'], num_positive: 191.4000, roi_reg_loss: 0.6236, roi_cls_loss: 0.2330

