2022-06-26 20:05:05,635 - INFO - Start running, host: root@229eb8513f83, work_dir: /code/CenterPoint/work_dirs/waymo_centerpoint_voxelnet_two_stage_bev_5point_ft_6epoch_freeze_fusion
2022-06-26 20:05:05,635 - INFO - workflow: [('train', 1)], max: 6 epochs
2022-06-26 20:05:25,484 - INFO - Epoch [1/6][5/8783]	lr: 0.00005, eta: 2 days, 10:03:39, time: 3.967, data_time: 1.552, transfer_time: 0.050, forward_time: 2.172, loss_parse_time: 0.000 memory: 12161, 
2022-06-26 20:05:25,484 - INFO - task : ['VEHICLE', 'PEDESTRIAN', 'CYCLIST'], loss: 3.1209, hm_loss: 0.0000, loc_loss: 0.7163, loc_loss_elem: ['0.1116', '0.0900', '0.0887', '0.0707', '0.0773', '0.0657', '0.1103', '0.1020'], num_positive: 59.4000, roi_reg_loss: 0.9482, roi_cls_loss: 0.7401

2022-06-26 20:05:37,426 - INFO - Epoch [1/6][10/8783]	lr: 0.00005, eta: 1 day, 22:30:18, time: 2.388, data_time: 0.057, transfer_time: 0.050, forward_time: 2.094, loss_parse_time: 0.000 memory: 12208, 
2022-06-26 20:05:37,427 - INFO - task : ['VEHICLE', 'PEDESTRIAN', 'CYCLIST'], loss: 2.9406, hm_loss: 0.0000, loc_loss: 0.6449, loc_loss_elem: ['0.1099', '0.0894', '0.0848', '0.0749', '0.0686', '0.0754', '0.0633', '0.0786'], num_positive: 50.8000, roi_reg_loss: 0.9230, roi_cls_loss: 0.7279

2022-06-26 20:05:49,502 - INFO - Epoch [1/6][15/8783]	lr: 0.00005, eta: 1 day, 18:47:39, time: 2.418, data_time: 0.057, transfer_time: 0.048, forward_time: 2.121, loss_parse_time: 0.000 memory: 12208, 
2022-06-26 20:05:49,503 - INFO - task : ['VEHICLE', 'PEDESTRIAN', 'CYCLIST'], loss: 3.3004, hm_loss: 0.0000, loc_loss: 0.8402, loc_loss_elem: ['0.1221', '0.0902', '0.0775', '0.0751', '0.0907', '0.0645', '0.1883', '0.1318'], num_positive: 57.4000, roi_reg_loss: 0.9407, roi_cls_loss: 0.6793

2022-06-26 20:06:01,765 - INFO - Epoch [1/6][20/8783]	lr: 0.00005, eta: 1 day, 17:03:49, time: 2.452, data_time: 0.060, transfer_time: 0.048, forward_time: 2.151, loss_parse_time: 0.000 memory: 12285, 
2022-06-26 20:06:01,766 - INFO - task : ['VEHICLE', 'PEDESTRIAN', 'CYCLIST'], loss: 2.8371, hm_loss: 0.0000, loc_loss: 0.6588, loc_loss_elem: ['0.0992', '0.0885', '0.0665', '0.0694', '0.0908', '0.0543', '0.0929', '0.0973'], num_positive: 62.0000, roi_reg_loss: 0.8832, roi_cls_loss: 0.6362

2022-06-26 20:06:13,840 - INFO - Epoch [1/6][25/8783]	lr: 0.00005, eta: 1 day, 15:54:50, time: 2.415, data_time: 0.060, transfer_time: 0.048, forward_time: 2.109, loss_parse_time: 0.000 memory: 12285, 
2022-06-26 20:06:13,840 - INFO - task : ['VEHICLE', 'PEDESTRIAN', 'CYCLIST'], loss: 2.9677, hm_loss: 0.0000, loc_loss: 0.7245, loc_loss_elem: ['0.1148', '0.0854', '0.0755', '0.0707', '0.0843', '0.0648', '0.1214', '0.1075'], num_positive: 82.4000, roi_reg_loss: 0.8958, roi_cls_loss: 0.6229

2022-06-26 20:06:25,766 - INFO - Epoch [1/6][30/8783]	lr: 0.00005, eta: 1 day, 15:04:29, time: 2.385, data_time: 0.059, transfer_time: 0.049, forward_time: 2.086, loss_parse_time: 0.000 memory: 12285, 
2022-06-26 20:06:25,766 - INFO - task : ['VEHICLE', 'PEDESTRIAN', 'CYCLIST'], loss: 2.9679, hm_loss: 0.0000, loc_loss: 0.7392, loc_loss_elem: ['0.1165', '0.0892', '0.0868', '0.0684', '0.0829', '0.0735', '0.1269', '0.0950'], num_positive: 53.4000, roi_reg_loss: 0.9484, roi_cls_loss: 0.5410

2022-06-26 20:06:37,753 - INFO - Epoch [1/6][35/8783]	lr: 0.00005, eta: 1 day, 14:29:43, time: 2.395, data_time: 0.060, transfer_time: 0.050, forward_time: 2.092, loss_parse_time: 0.000 memory: 12285, 
2022-06-26 20:06:37,753 - INFO - task : ['VEHICLE', 'PEDESTRIAN', 'CYCLIST'], loss: 3.1368, hm_loss: 0.0000, loc_loss: 0.8287, loc_loss_elem: ['0.1176', '0.0905', '0.0808', '0.0826', '0.0900', '0.0618', '0.1555', '0.1500'], num_positive: 74.2000, roi_reg_loss: 0.9289, roi_cls_loss: 0.5505

2022-06-26 20:06:49,789 - INFO - Epoch [1/6][40/8783]	lr: 0.00005, eta: 1 day, 14:04:55, time: 2.407, data_time: 0.056, transfer_time: 0.045, forward_time: 2.110, loss_parse_time: 0.000 memory: 12285, 
2022-06-26 20:06:49,790 - INFO - task : ['VEHICLE', 'PEDESTRIAN', 'CYCLIST'], loss: 2.7842, hm_loss: 0.0000, loc_loss: 0.6501, loc_loss_elem: ['0.1179', '0.0904', '0.0842', '0.0673', '0.0753', '0.0654', '0.0790', '0.0707'], num_positive: 52.6000, roi_reg_loss: 0.9664, roi_cls_loss: 0.5175

2022-06-26 20:07:01,688 - INFO - Epoch [1/6][45/8783]	lr: 0.00005, eta: 1 day, 13:43:06, time: 2.382, data_time: 0.058, transfer_time: 0.048, forward_time: 2.082, loss_parse_time: 0.000 memory: 12285, 
2022-06-26 20:07:01,689 - INFO - task : ['VEHICLE', 'PEDESTRIAN', 'CYCLIST'], loss: 2.9404, hm_loss: 0.0000, loc_loss: 0.7233, loc_loss_elem: ['0.1195', '0.1025', '0.0709', '0.0767', '0.0831', '0.0705', '0.0904', '0.1096'], num_positive: 41.2000, roi_reg_loss: 0.9759, roi_cls_loss: 0.5179

2022-06-26 20:07:13,827 - INFO - Epoch [1/6][50/8783]	lr: 0.00005, eta: 1 day, 13:29:35, time: 2.427, data_time: 0.058, transfer_time: 0.048, forward_time: 2.126, loss_parse_time: 0.000 memory: 12285, 
2022-06-26 20:07:13,827 - INFO - task : ['VEHICLE', 'PEDESTRIAN', 'CYCLIST'], loss: 3.1548, hm_loss: 0.0000, loc_loss: 0.8499, loc_loss_elem: ['0.1186', '0.0992', '0.0699', '0.0798', '0.0898', '0.0680', '0.1686', '0.1559'], num_positive: 103.2000, roi_reg_loss: 0.8742, roi_cls_loss: 0.5809

