2022-06-02 23:51:10,297 - INFO - Start running, host: root@38c34f86dda2, work_dir: /code/CenterPoint/work_dirs/waymo_centerpoint_voxelnet_two_stage_bev_5point_ft_6epoch_freeze_fusion
2022-06-02 23:51:10,297 - INFO - workflow: [('train', 1)], max: 6 epochs
2022-06-02 23:51:49,947 - INFO - Epoch [1/6][5/133]	lr: 0.00005, eta: 1:44:46, time: 7.928, data_time: 1.390, transfer_time: 0.083, forward_time: 6.091, loss_parse_time: 0.000 memory: 10652, 
2022-06-02 23:51:49,948 - INFO - task : ['VEHICLE', 'PEDESTRIAN', 'CYCLIST'], loss: 2.9229, hm_loss: 0.0000, loc_loss: 0.6066, loc_loss_elem: ['0.1032', '0.0887', '0.0813', '0.0609', '0.0619', '0.0660', '0.0615', '0.0832'], num_positive: 178.8000, roi_reg_loss: 0.9450, roi_cls_loss: 0.7647

2022-06-02 23:52:21,353 - INFO - Epoch [1/6][10/133]	lr: 0.00005, eta: 1:33:18, time: 6.282, data_time: 0.078, transfer_time: 0.080, forward_time: 5.781, loss_parse_time: 0.000 memory: 10652, 
2022-06-02 23:52:21,354 - INFO - task : ['VEHICLE', 'PEDESTRIAN', 'CYCLIST'], loss: 2.8036, hm_loss: 0.0000, loc_loss: 0.6292, loc_loss_elem: ['0.1068', '0.0818', '0.0867', '0.0580', '0.0585', '0.0840', '0.0758', '0.0775'], num_positive: 117.0000, roi_reg_loss: 0.9342, roi_cls_loss: 0.6111

2022-06-02 23:52:52,894 - INFO - Epoch [1/6][15/133]	lr: 0.00005, eta: 1:29:15, time: 6.308, data_time: 0.075, transfer_time: 0.077, forward_time: 5.811, loss_parse_time: 0.000 memory: 10671, 
2022-06-02 23:52:52,894 - INFO - task : ['VEHICLE', 'PEDESTRIAN', 'CYCLIST'], loss: 2.7727, hm_loss: 0.0000, loc_loss: 0.6220, loc_loss_elem: ['0.1044', '0.0873', '0.0824', '0.0600', '0.0600', '0.0765', '0.0759', '0.0755'], num_positive: 180.2000, roi_reg_loss: 0.8979, roi_cls_loss: 0.6310

2022-06-02 23:53:24,645 - INFO - Epoch [1/6][20/133]	lr: 0.00005, eta: 1:27:05, time: 6.349, data_time: 0.068, transfer_time: 0.075, forward_time: 5.855, loss_parse_time: 0.000 memory: 11080, 
2022-06-02 23:53:24,646 - INFO - task : ['VEHICLE', 'PEDESTRIAN', 'CYCLIST'], loss: 2.8136, hm_loss: 0.0000, loc_loss: 0.6375, loc_loss_elem: ['0.1079', '0.0988', '0.0918', '0.0614', '0.0592', '0.0806', '0.0583', '0.0795'], num_positive: 163.0000, roi_reg_loss: 0.9766, roi_cls_loss: 0.5621

2022-06-02 23:53:56,065 - INFO - Epoch [1/6][25/133]	lr: 0.00006, eta: 1:25:25, time: 6.284, data_time: 0.074, transfer_time: 0.079, forward_time: 5.786, loss_parse_time: 0.000 memory: 11080, 
2022-06-02 23:53:56,065 - INFO - task : ['VEHICLE', 'PEDESTRIAN', 'CYCLIST'], loss: 2.6260, hm_loss: 0.0000, loc_loss: 0.5877, loc_loss_elem: ['0.1018', '0.0797', '0.0771', '0.0621', '0.0650', '0.0685', '0.0621', '0.0715'], num_positive: 221.0000, roi_reg_loss: 0.8973, roi_cls_loss: 0.5532

2022-06-02 23:54:27,789 - INFO - Epoch [1/6][30/133]	lr: 0.00006, eta: 1:24:15, time: 6.346, data_time: 0.076, transfer_time: 0.078, forward_time: 5.817, loss_parse_time: 0.000 memory: 11233, 
2022-06-02 23:54:27,789 - INFO - task : ['VEHICLE', 'PEDESTRIAN', 'CYCLIST'], loss: 2.7266, hm_loss: 0.0000, loc_loss: 0.6276, loc_loss_elem: ['0.1078', '0.0876', '0.0904', '0.0577', '0.0624', '0.0776', '0.0659', '0.0782'], num_positive: 188.4000, roi_reg_loss: 0.9393, roi_cls_loss: 0.5322

2022-06-02 23:54:59,457 - INFO - Epoch [1/6][35/133]	lr: 0.00006, eta: 1:23:15, time: 6.332, data_time: 0.069, transfer_time: 0.073, forward_time: 5.825, loss_parse_time: 0.000 memory: 11233, 
2022-06-02 23:54:59,457 - INFO - task : ['VEHICLE', 'PEDESTRIAN', 'CYCLIST'], loss: 2.7887, hm_loss: 0.0000, loc_loss: 0.6832, loc_loss_elem: ['0.1127', '0.0874', '0.0916', '0.0630', '0.0694', '0.0876', '0.0813', '0.0901'], num_positive: 154.2000, roi_reg_loss: 0.9680, roi_cls_loss: 0.4543

2022-06-02 23:55:30,825 - INFO - Epoch [1/6][40/133]	lr: 0.00007, eta: 1:22:16, time: 6.273, data_time: 0.075, transfer_time: 0.074, forward_time: 5.779, loss_parse_time: 0.000 memory: 11233, 
2022-06-02 23:55:30,825 - INFO - task : ['VEHICLE', 'PEDESTRIAN', 'CYCLIST'], loss: 2.6726, hm_loss: 0.0000, loc_loss: 0.6251, loc_loss_elem: ['0.1195', '0.0868', '0.0905', '0.0590', '0.0632', '0.0692', '0.0520', '0.0849'], num_positive: 146.0000, roi_reg_loss: 0.9833, roi_cls_loss: 0.4391

2022-06-02 23:56:02,534 - INFO - Epoch [1/6][45/133]	lr: 0.00007, eta: 1:21:29, time: 6.342, data_time: 0.076, transfer_time: 0.078, forward_time: 5.838, loss_parse_time: 0.000 memory: 11233, 
2022-06-02 23:56:02,534 - INFO - task : ['VEHICLE', 'PEDESTRIAN', 'CYCLIST'], loss: 2.5658, hm_loss: 0.0000, loc_loss: 0.5977, loc_loss_elem: ['0.0991', '0.0795', '0.0951', '0.0568', '0.0607', '0.0714', '0.0601', '0.0750'], num_positive: 150.2000, roi_reg_loss: 0.9510, roi_cls_loss: 0.4194

2022-06-02 23:56:34,207 - INFO - Epoch [1/6][50/133]	lr: 0.00008, eta: 1:20:45, time: 6.335, data_time: 0.073, transfer_time: 0.074, forward_time: 5.827, loss_parse_time: 0.000 memory: 11233, 
2022-06-02 23:56:34,207 - INFO - task : ['VEHICLE', 'PEDESTRIAN', 'CYCLIST'], loss: 2.3975, hm_loss: 0.0000, loc_loss: 0.5586, loc_loss_elem: ['0.1022', '0.0806', '0.0788', '0.0575', '0.0612', '0.0674', '0.0537', '0.0572'], num_positive: 174.8000, roi_reg_loss: 0.8928, roi_cls_loss: 0.3875

2022-06-02 23:57:05,913 - INFO - Epoch [1/6][55/133]	lr: 0.00008, eta: 1:20:04, time: 6.343, data_time: 0.078, transfer_time: 0.074, forward_time: 5.831, loss_parse_time: 0.000 memory: 11311, 
2022-06-02 23:57:05,913 - INFO - task : ['VEHICLE', 'PEDESTRIAN', 'CYCLIST'], loss: 2.4474, hm_loss: 0.0000, loc_loss: 0.6031, loc_loss_elem: ['0.0930', '0.0784', '0.0833', '0.0600', '0.0656', '0.0683', '0.0787', '0.0758'], num_positive: 147.0000, roi_reg_loss: 0.8864, roi_cls_loss: 0.3548

2022-06-02 23:57:37,362 - INFO - Epoch [1/6][60/133]	lr: 0.00009, eta: 1:19:20, time: 6.290, data_time: 0.075, transfer_time: 0.075, forward_time: 5.794, loss_parse_time: 0.000 memory: 11311, 
2022-06-02 23:57:37,362 - INFO - task : ['VEHICLE', 'PEDESTRIAN', 'CYCLIST'], loss: 2.4892, hm_loss: 0.0000, loc_loss: 0.6176, loc_loss_elem: ['0.1115', '0.0883', '0.0974', '0.0545', '0.0550', '0.0742', '0.0550', '0.0818'], num_positive: 149.4000, roi_reg_loss: 0.9017, roi_cls_loss: 0.3523

2022-06-02 23:58:09,014 - INFO - Epoch [1/6][65/133]	lr: 0.00009, eta: 1:18:41, time: 6.328, data_time: 0.070, transfer_time: 0.079, forward_time: 5.821, loss_parse_time: 0.000 memory: 11337, 
2022-06-02 23:58:09,015 - INFO - task : ['VEHICLE', 'PEDESTRIAN', 'CYCLIST'], loss: 2.5257, hm_loss: 0.0000, loc_loss: 0.6122, loc_loss_elem: ['0.1074', '0.0797', '0.0815', '0.0627', '0.0703', '0.0735', '0.0704', '0.0667'], num_positive: 145.0000, roi_reg_loss: 0.9659, roi_cls_loss: 0.3353

2022-06-02 23:58:40,673 - INFO - Epoch [1/6][70/133]	lr: 0.00010, eta: 1:18:03, time: 6.332, data_time: 0.080, transfer_time: 0.073, forward_time: 5.828, loss_parse_time: 0.000 memory: 11337, 
2022-06-02 23:58:40,673 - INFO - task : ['VEHICLE', 'PEDESTRIAN', 'CYCLIST'], loss: 2.4195, hm_loss: 0.0000, loc_loss: 0.5750, loc_loss_elem: ['0.1041', '0.0792', '0.0799', '0.0597', '0.0610', '0.0668', '0.0538', '0.0705'], num_positive: 227.6000, roi_reg_loss: 0.8864, roi_cls_loss: 0.3831

2022-06-02 23:59:12,281 - INFO - Epoch [1/6][75/133]	lr: 0.00011, eta: 1:17:26, time: 6.323, data_time: 0.066, transfer_time: 0.072, forward_time: 5.815, loss_parse_time: 0.000 memory: 11637, 
2022-06-02 23:59:12,281 - INFO - task : ['VEHICLE', 'PEDESTRIAN', 'CYCLIST'], loss: 2.6825, hm_loss: 0.0000, loc_loss: 0.6900, loc_loss_elem: ['0.1055', '0.1015', '0.1079', '0.0602', '0.0582', '0.0871', '0.0758', '0.0937'], num_positive: 150.8000, roi_reg_loss: 0.9621, roi_cls_loss: 0.3404

2022-06-02 23:59:43,738 - INFO - Epoch [1/6][80/133]	lr: 0.00011, eta: 1:16:48, time: 6.290, data_time: 0.068, transfer_time: 0.075, forward_time: 5.801, loss_parse_time: 0.000 memory: 11637, 
2022-06-02 23:59:43,739 - INFO - task : ['VEHICLE', 'PEDESTRIAN', 'CYCLIST'], loss: 2.3112, hm_loss: 0.0000, loc_loss: 0.5807, loc_loss_elem: ['0.1035', '0.0869', '0.0827', '0.0541', '0.0553', '0.0701', '0.0543', '0.0739'], num_positive: 147.2000, roi_reg_loss: 0.8592, roi_cls_loss: 0.2906

2022-06-03 00:00:15,364 - INFO - Epoch [1/6][85/133]	lr: 0.00012, eta: 1:16:12, time: 6.325, data_time: 0.078, transfer_time: 0.075, forward_time: 5.828, loss_parse_time: 0.000 memory: 11637, 
2022-06-03 00:00:15,364 - INFO - task : ['VEHICLE', 'PEDESTRIAN', 'CYCLIST'], loss: 2.5718, hm_loss: 0.0000, loc_loss: 0.6307, loc_loss_elem: ['0.1072', '0.0818', '0.0782', '0.0610', '0.0701', '0.0670', '0.0818', '0.0835'], num_positive: 224.8000, roi_reg_loss: 0.9213, roi_cls_loss: 0.3891

2022-06-03 00:00:46,911 - INFO - Epoch [1/6][90/133]	lr: 0.00013, eta: 1:15:36, time: 6.311, data_time: 0.073, transfer_time: 0.078, forward_time: 5.804, loss_parse_time: 0.000 memory: 11637, 
2022-06-03 00:00:46,911 - INFO - task : ['VEHICLE', 'PEDESTRIAN', 'CYCLIST'], loss: 2.5884, hm_loss: 0.0000, loc_loss: 0.6806, loc_loss_elem: ['0.1069', '0.0852', '0.0911', '0.0610', '0.0661', '0.0811', '0.0803', '0.1088'], num_positive: 192.0000, roi_reg_loss: 0.8934, roi_cls_loss: 0.3338

2022-06-03 00:01:18,503 - INFO - Epoch [1/6][95/133]	lr: 0.00014, eta: 1:15:00, time: 6.318, data_time: 0.072, transfer_time: 0.074, forward_time: 5.806, loss_parse_time: 0.000 memory: 11637, 
2022-06-03 00:01:18,503 - INFO - task : ['VEHICLE', 'PEDESTRIAN', 'CYCLIST'], loss: 2.5011, hm_loss: 0.0000, loc_loss: 0.6145, loc_loss_elem: ['0.1075', '0.0919', '0.0891', '0.0584', '0.0620', '0.0746', '0.0557', '0.0753'], num_positive: 170.4000, roi_reg_loss: 0.9508, roi_cls_loss: 0.3212

2022-06-03 00:01:49,957 - INFO - Epoch [1/6][100/133]	lr: 0.00015, eta: 1:14:24, time: 6.291, data_time: 0.071, transfer_time: 0.075, forward_time: 5.807, loss_parse_time: 0.000 memory: 11637, 
2022-06-03 00:01:49,957 - INFO - task : ['VEHICLE', 'PEDESTRIAN', 'CYCLIST'], loss: 2.4958, hm_loss: 0.0000, loc_loss: 0.6328, loc_loss_elem: ['0.1100', '0.0876', '0.0958', '0.0534', '0.0555', '0.0778', '0.0665', '0.0863'], num_positive: 152.4000, roi_reg_loss: 0.9441, roi_cls_loss: 0.2860

2022-06-03 00:02:22,061 - INFO - Epoch [1/6][105/133]	lr: 0.00016, eta: 1:13:53, time: 6.421, data_time: 0.078, transfer_time: 0.075, forward_time: 5.892, loss_parse_time: 0.000 memory: 11637, 
2022-06-03 00:02:22,062 - INFO - task : ['VEHICLE', 'PEDESTRIAN', 'CYCLIST'], loss: 2.4310, hm_loss: 0.0000, loc_loss: 0.6198, loc_loss_elem: ['0.1028', '0.0859', '0.0836', '0.0590', '0.0630', '0.0760', '0.0687', '0.0808'], num_positive: 162.0000, roi_reg_loss: 0.8967, roi_cls_loss: 0.2947

2022-06-03 00:02:53,623 - INFO - Epoch [1/6][110/133]	lr: 0.00017, eta: 1:13:18, time: 6.310, data_time: 0.069, transfer_time: 0.077, forward_time: 5.808, loss_parse_time: 0.000 memory: 11637, 
2022-06-03 00:02:53,623 - INFO - task : ['VEHICLE', 'PEDESTRIAN', 'CYCLIST'], loss: 2.4787, hm_loss: 0.0000, loc_loss: 0.6476, loc_loss_elem: ['0.0996', '0.0896', '0.0926', '0.0568', '0.0594', '0.0739', '0.0852', '0.0905'], num_positive: 147.4000, roi_reg_loss: 0.9042, roi_cls_loss: 0.2793

2022-06-03 00:03:25,338 - INFO - Epoch [1/6][115/133]	lr: 0.00018, eta: 1:12:45, time: 6.345, data_time: 0.074, transfer_time: 0.077, forward_time: 5.848, loss_parse_time: 0.000 memory: 11637, 
2022-06-03 00:03:25,338 - INFO - task : ['VEHICLE', 'PEDESTRIAN', 'CYCLIST'], loss: 2.3577, hm_loss: 0.0000, loc_loss: 0.5967, loc_loss_elem: ['0.1071', '0.0883', '0.0791', '0.0577', '0.0603', '0.0700', '0.0594', '0.0748'], num_positive: 159.0000, roi_reg_loss: 0.9000, roi_cls_loss: 0.2642

2022-06-03 00:03:57,014 - INFO - Epoch [1/6][120/133]	lr: 0.00019, eta: 1:12:11, time: 6.334, data_time: 0.071, transfer_time: 0.079, forward_time: 5.837, loss_parse_time: 0.000 memory: 11637, 
2022-06-03 00:03:57,014 - INFO - task : ['VEHICLE', 'PEDESTRIAN', 'CYCLIST'], loss: 2.5008, hm_loss: 0.0000, loc_loss: 0.6507, loc_loss_elem: ['0.1014', '0.0884', '0.0917', '0.0619', '0.0652', '0.0758', '0.0786', '0.0877'], num_positive: 178.8000, roi_reg_loss: 0.9016, roi_cls_loss: 0.2978

2022-06-03 00:04:28,911 - INFO - Epoch [1/6][125/133]	lr: 0.00020, eta: 1:11:39, time: 6.382, data_time: 0.069, transfer_time: 0.076, forward_time: 5.878, loss_parse_time: 0.000 memory: 11637, 
2022-06-03 00:04:28,911 - INFO - task : ['VEHICLE', 'PEDESTRIAN', 'CYCLIST'], loss: 2.6168, hm_loss: 0.0000, loc_loss: 0.6815, loc_loss_elem: ['0.1083', '0.0887', '0.0885', '0.0608', '0.0646', '0.0768', '0.0914', '0.1024'], num_positive: 170.0000, roi_reg_loss: 0.9459, roi_cls_loss: 0.3079

2022-06-03 00:05:00,388 - INFO - Epoch [1/6][130/133]	lr: 0.00021, eta: 1:11:05, time: 6.293, data_time: 0.064, transfer_time: 0.076, forward_time: 5.789, loss_parse_time: 0.000 memory: 11637, 
2022-06-03 00:05:00,388 - INFO - task : ['VEHICLE', 'PEDESTRIAN', 'CYCLIST'], loss: 2.3971, hm_loss: 0.0000, loc_loss: 0.6007, loc_loss_elem: ['0.1097', '0.0863', '0.0889', '0.0546', '0.0531', '0.0737', '0.0545', '0.0799'], num_positive: 166.8000, roi_reg_loss: 0.9160, roi_cls_loss: 0.2796

2022-06-03 00:05:57,163 - INFO - Epoch [2/6][5/133]	lr: 0.00023, eta: 1:09:09, time: 7.500, data_time: 1.156, transfer_time: 0.078, forward_time: 5.912, loss_parse_time: 0.000 memory: 11637, 
2022-06-03 00:05:57,164 - INFO - task : ['VEHICLE', 'PEDESTRIAN', 'CYCLIST'], loss: 2.3720, hm_loss: 0.0000, loc_loss: 0.6120, loc_loss_elem: ['0.0950', '0.0874', '0.0866', '0.0569', '0.0597', '0.0749', '0.0649', '0.0866'], num_positive: 170.2000, roi_reg_loss: 0.8689, roi_cls_loss: 0.2791

2022-06-03 00:06:28,526 - INFO - Epoch [2/6][10/133]	lr: 0.00024, eta: 1:08:37, time: 6.270, data_time: 0.072, transfer_time: 0.074, forward_time: 5.775, loss_parse_time: 0.000 memory: 11637, 
2022-06-03 00:06:28,526 - INFO - task : ['VEHICLE', 'PEDESTRIAN', 'CYCLIST'], loss: 2.3100, hm_loss: 0.0000, loc_loss: 0.5883, loc_loss_elem: ['0.1047', '0.0830', '0.0819', '0.0558', '0.0544', '0.0758', '0.0561', '0.0765'], num_positive: 182.2000, roi_reg_loss: 0.8754, roi_cls_loss: 0.2580

2022-06-03 00:06:59,817 - INFO - Epoch [2/6][15/133]	lr: 0.00025, eta: 1:08:05, time: 6.260, data_time: 0.071, transfer_time: 0.073, forward_time: 5.768, loss_parse_time: 0.000 memory: 11637, 
2022-06-03 00:06:59,817 - INFO - task : ['VEHICLE', 'PEDESTRIAN', 'CYCLIST'], loss: 2.4161, hm_loss: 0.0000, loc_loss: 0.6245, loc_loss_elem: ['0.1131', '0.0908', '0.0841', '0.0586', '0.0574', '0.0742', '0.0636', '0.0826'], num_positive: 166.8000, roi_reg_loss: 0.9265, roi_cls_loss: 0.2406

2022-06-03 00:07:31,348 - INFO - Epoch [2/6][20/133]	lr: 0.00026, eta: 1:07:34, time: 6.306, data_time: 0.079, transfer_time: 0.075, forward_time: 5.804, loss_parse_time: 0.000 memory: 11637, 
2022-06-03 00:07:31,348 - INFO - task : ['VEHICLE', 'PEDESTRIAN', 'CYCLIST'], loss: 2.2144, hm_loss: 0.0000, loc_loss: 0.5387, loc_loss_elem: ['0.1068', '0.0812', '0.0754', '0.0542', '0.0524', '0.0664', '0.0448', '0.0576'], num_positive: 167.8000, roi_reg_loss: 0.8801, roi_cls_loss: 0.2569

2022-06-03 00:08:03,352 - INFO - Epoch [2/6][25/133]	lr: 0.00027, eta: 1:07:05, time: 6.401, data_time: 0.068, transfer_time: 0.074, forward_time: 5.900, loss_parse_time: 0.000 memory: 11637, 
2022-06-03 00:08:03,352 - INFO - task : ['VEHICLE', 'PEDESTRIAN', 'CYCLIST'], loss: 2.3816, hm_loss: 0.0000, loc_loss: 0.6008, loc_loss_elem: ['0.1059', '0.0845', '0.0828', '0.0590', '0.0601', '0.0783', '0.0509', '0.0793'], num_positive: 179.8000, roi_reg_loss: 0.9043, roi_cls_loss: 0.2756

2022-06-03 00:08:35,304 - INFO - Epoch [2/6][30/133]	lr: 0.00028, eta: 1:06:35, time: 6.388, data_time: 0.072, transfer_time: 0.081, forward_time: 5.864, loss_parse_time: 0.000 memory: 11637, 
2022-06-03 00:08:35,304 - INFO - task : ['VEHICLE', 'PEDESTRIAN', 'CYCLIST'], loss: 2.3392, hm_loss: 0.0000, loc_loss: 0.5922, loc_loss_elem: ['0.1052', '0.0851', '0.0856', '0.0562', '0.0553', '0.0736', '0.0633', '0.0679'], num_positive: 171.0000, roi_reg_loss: 0.9096, roi_cls_loss: 0.2453

2022-06-03 00:09:07,100 - INFO - Epoch [2/6][35/133]	lr: 0.00029, eta: 1:06:05, time: 6.359, data_time: 0.079, transfer_time: 0.076, forward_time: 5.857, loss_parse_time: 0.000 memory: 11637, 
2022-06-03 00:09:07,100 - INFO - task : ['VEHICLE', 'PEDESTRIAN', 'CYCLIST'], loss: 2.4060, hm_loss: 0.0000, loc_loss: 0.6116, loc_loss_elem: ['0.1137', '0.0921', '0.0938', '0.0557', '0.0554', '0.0736', '0.0488', '0.0784'], num_positive: 173.4000, roi_reg_loss: 0.9124, roi_cls_loss: 0.2703

2022-06-03 00:09:38,671 - INFO - Epoch [2/6][40/133]	lr: 0.00030, eta: 1:05:34, time: 6.315, data_time: 0.075, transfer_time: 0.075, forward_time: 5.823, loss_parse_time: 0.000 memory: 11637, 
2022-06-03 00:09:38,671 - INFO - task : ['VEHICLE', 'PEDESTRIAN', 'CYCLIST'], loss: 2.3511, hm_loss: 0.0000, loc_loss: 0.6107, loc_loss_elem: ['0.1056', '0.0825', '0.0913', '0.0575', '0.0640', '0.0741', '0.0598', '0.0758'], num_positive: 151.6000, roi_reg_loss: 0.8855, roi_cls_loss: 0.2443

2022-06-03 00:10:10,553 - INFO - Epoch [2/6][45/133]	lr: 0.00031, eta: 1:05:04, time: 6.378, data_time: 0.074, transfer_time: 0.077, forward_time: 5.883, loss_parse_time: 0.000 memory: 11637, 
2022-06-03 00:10:10,553 - INFO - task : ['VEHICLE', 'PEDESTRIAN', 'CYCLIST'], loss: 2.4129, hm_loss: 0.0000, loc_loss: 0.6461, loc_loss_elem: ['0.1058', '0.0912', '0.0893', '0.0585', '0.0610', '0.0697', '0.0770', '0.0936'], num_positive: 132.6000, roi_reg_loss: 0.9096, roi_cls_loss: 0.2111

2022-06-03 00:10:42,236 - INFO - Epoch [2/6][50/133]	lr: 0.00032, eta: 1:04:33, time: 6.337, data_time: 0.071, transfer_time: 0.080, forward_time: 5.823, loss_parse_time: 0.000 memory: 11637, 
2022-06-03 00:10:42,237 - INFO - task : ['VEHICLE', 'PEDESTRIAN', 'CYCLIST'], loss: 2.3349, hm_loss: 0.0000, loc_loss: 0.6327, loc_loss_elem: ['0.1088', '0.0856', '0.0840', '0.0633', '0.0687', '0.0755', '0.0717', '0.0752'], num_positive: 130.2000, roi_reg_loss: 0.8607, roi_cls_loss: 0.2087

2022-06-03 00:11:14,141 - INFO - Epoch [2/6][55/133]	lr: 0.00034, eta: 1:04:03, time: 6.381, data_time: 0.087, transfer_time: 0.075, forward_time: 5.841, loss_parse_time: 0.000 memory: 11637, 
2022-06-03 00:11:14,142 - INFO - task : ['VEHICLE', 'PEDESTRIAN', 'CYCLIST'], loss: 2.2905, hm_loss: 0.0000, loc_loss: 0.6029, loc_loss_elem: ['0.0953', '0.0817', '0.0790', '0.0614', '0.0696', '0.0722', '0.0619', '0.0819'], num_positive: 188.4000, roi_reg_loss: 0.8117, roi_cls_loss: 0.2730

2022-06-03 00:11:45,902 - INFO - Epoch [2/6][60/133]	lr: 0.00035, eta: 1:03:32, time: 6.350, data_time: 0.065, transfer_time: 0.074, forward_time: 5.844, loss_parse_time: 0.000 memory: 11637, 
2022-06-03 00:11:45,902 - INFO - task : ['VEHICLE', 'PEDESTRIAN', 'CYCLIST'], loss: 2.3224, hm_loss: 0.0000, loc_loss: 0.6129, loc_loss_elem: ['0.0957', '0.0759', '0.0756', '0.0627', '0.0744', '0.0696', '0.0756', '0.0834'], num_positive: 219.8000, roi_reg_loss: 0.7900, roi_cls_loss: 0.3065

2022-06-03 00:12:17,521 - INFO - Epoch [2/6][65/133]	lr: 0.00036, eta: 1:03:01, time: 6.326, data_time: 0.080, transfer_time: 0.074, forward_time: 5.829, loss_parse_time: 0.000 memory: 11637, 
2022-06-03 00:12:17,522 - INFO - task : ['VEHICLE', 'PEDESTRIAN', 'CYCLIST'], loss: 2.3503, hm_loss: 0.0000, loc_loss: 0.5874, loc_loss_elem: ['0.1014', '0.0862', '0.0817', '0.0576', '0.0611', '0.0654', '0.0592', '0.0749'], num_positive: 216.8000, roi_reg_loss: 0.8610, roi_cls_loss: 0.3144

2022-06-03 00:12:49,245 - INFO - Epoch [2/6][70/133]	lr: 0.00037, eta: 1:02:30, time: 6.342, data_time: 0.075, transfer_time: 0.080, forward_time: 5.828, loss_parse_time: 0.000 memory: 11637, 
2022-06-03 00:12:49,245 - INFO - task : ['VEHICLE', 'PEDESTRIAN', 'CYCLIST'], loss: 2.2985, hm_loss: 0.0000, loc_loss: 0.6136, loc_loss_elem: ['0.0969', '0.0955', '0.0869', '0.0586', '0.0619', '0.0761', '0.0614', '0.0763'], num_positive: 121.8000, roi_reg_loss: 0.8686, roi_cls_loss: 0.2027

2022-06-03 00:13:20,864 - INFO - Epoch [2/6][75/133]	lr: 0.00038, eta: 1:01:59, time: 6.324, data_time: 0.067, transfer_time: 0.076, forward_time: 5.833, loss_parse_time: 0.000 memory: 11637, 
2022-06-03 00:13:20,864 - INFO - task : ['VEHICLE', 'PEDESTRIAN', 'CYCLIST'], loss: 2.3077, hm_loss: 0.0000, loc_loss: 0.6352, loc_loss_elem: ['0.1048', '0.0836', '0.0888', '0.0603', '0.0680', '0.0689', '0.0740', '0.0869'], num_positive: 155.2000, roi_reg_loss: 0.8127, roi_cls_loss: 0.2247

2022-06-03 00:13:52,426 - INFO - Epoch [2/6][80/133]	lr: 0.00039, eta: 1:01:28, time: 6.315, data_time: 0.077, transfer_time: 0.074, forward_time: 5.812, loss_parse_time: 0.000 memory: 11637, 
2022-06-03 00:13:52,427 - INFO - task : ['VEHICLE', 'PEDESTRIAN', 'CYCLIST'], loss: 2.3528, hm_loss: 0.0000, loc_loss: 0.6286, loc_loss_elem: ['0.1033', '0.0814', '0.0837', '0.0623', '0.0675', '0.0716', '0.0726', '0.0862'], num_positive: 198.6000, roi_reg_loss: 0.8169, roi_cls_loss: 0.2786

2022-06-03 00:14:24,555 - INFO - Epoch [2/6][85/133]	lr: 0.00040, eta: 1:00:58, time: 6.426, data_time: 0.077, transfer_time: 0.073, forward_time: 5.895, loss_parse_time: 0.000 memory: 11637, 
2022-06-03 00:14:24,556 - INFO - task : ['VEHICLE', 'PEDESTRIAN', 'CYCLIST'], loss: 2.1434, hm_loss: 0.0000, loc_loss: 0.5783, loc_loss_elem: ['0.1067', '0.0783', '0.0832', '0.0558', '0.0611', '0.0687', '0.0595', '0.0650'], num_positive: 158.4000, roi_reg_loss: 0.7714, roi_cls_loss: 0.2154

2022-06-03 00:14:55,817 - INFO - Epoch [2/6][90/133]	lr: 0.00040, eta: 1:00:25, time: 6.250, data_time: 0.063, transfer_time: 0.074, forward_time: 5.769, loss_parse_time: 0.000 memory: 11637, 
2022-06-03 00:14:55,818 - INFO - task : ['VEHICLE', 'PEDESTRIAN', 'CYCLIST'], loss: 2.2232, hm_loss: 0.0000, loc_loss: 0.5821, loc_loss_elem: ['0.1001', '0.0805', '0.0802', '0.0575', '0.0589', '0.0696', '0.0610', '0.0742'], num_positive: 214.0000, roi_reg_loss: 0.7738, roi_cls_loss: 0.2852

2022-06-03 00:15:27,185 - INFO - Epoch [2/6][95/133]	lr: 0.00041, eta: 0:59:53, time: 6.273, data_time: 0.073, transfer_time: 0.074, forward_time: 5.770, loss_parse_time: 0.000 memory: 11637, 
2022-06-03 00:15:27,185 - INFO - task : ['VEHICLE', 'PEDESTRIAN', 'CYCLIST'], loss: 2.3084, hm_loss: 0.0000, loc_loss: 0.6365, loc_loss_elem: ['0.0973', '0.0937', '0.0913', '0.0562', '0.0589', '0.0769', '0.0733', '0.0888'], num_positive: 169.2000, roi_reg_loss: 0.7780, roi_cls_loss: 0.2575

2022-06-03 00:15:58,546 - INFO - Epoch [2/6][100/133]	lr: 0.00042, eta: 0:59:22, time: 6.272, data_time: 0.068, transfer_time: 0.076, forward_time: 5.784, loss_parse_time: 0.000 memory: 11637, 
2022-06-03 00:15:58,546 - INFO - task : ['VEHICLE', 'PEDESTRIAN', 'CYCLIST'], loss: 2.1602, hm_loss: 0.0000, loc_loss: 0.5855, loc_loss_elem: ['0.1046', '0.0824', '0.0800', '0.0602', '0.0609', '0.0691', '0.0640', '0.0643'], num_positive: 158.4000, roi_reg_loss: 0.7569, roi_cls_loss: 0.2323

2022-06-03 00:16:29,923 - INFO - Epoch [2/6][105/133]	lr: 0.00043, eta: 0:58:50, time: 6.276, data_time: 0.068, transfer_time: 0.075, forward_time: 5.785, loss_parse_time: 0.000 memory: 11637, 
2022-06-03 00:16:29,923 - INFO - task : ['VEHICLE', 'PEDESTRIAN', 'CYCLIST'], loss: 2.2750, hm_loss: 0.0000, loc_loss: 0.6171, loc_loss_elem: ['0.0959', '0.0916', '0.0908', '0.0551', '0.0578', '0.0694', '0.0730', '0.0835'], num_positive: 149.8000, roi_reg_loss: 0.8179, roi_cls_loss: 0.2229

2022-06-03 00:17:01,106 - INFO - Epoch [2/6][110/133]	lr: 0.00044, eta: 0:58:17, time: 6.237, data_time: 0.067, transfer_time: 0.076, forward_time: 5.749, loss_parse_time: 0.000 memory: 11637, 
2022-06-03 00:17:01,106 - INFO - task : ['VEHICLE', 'PEDESTRIAN', 'CYCLIST'], loss: 2.2422, hm_loss: 0.0000, loc_loss: 0.5915, loc_loss_elem: ['0.1127', '0.0951', '0.0774', '0.0555', '0.0586', '0.0660', '0.0467', '0.0796'], num_positive: 136.2000, roi_reg_loss: 0.8270, roi_cls_loss: 0.2323

2022-06-03 00:17:32,370 - INFO - Epoch [2/6][115/133]	lr: 0.00045, eta: 0:57:45, time: 6.255, data_time: 0.070, transfer_time: 0.076, forward_time: 5.762, loss_parse_time: 0.000 memory: 11637, 
2022-06-03 00:17:32,370 - INFO - task : ['VEHICLE', 'PEDESTRIAN', 'CYCLIST'], loss: 2.2247, hm_loss: 0.0000, loc_loss: 0.6106, loc_loss_elem: ['0.1051', '0.0822', '0.0797', '0.0630', '0.0729', '0.0719', '0.0652', '0.0704'], num_positive: 169.6000, roi_reg_loss: 0.7510, roi_cls_loss: 0.2526

2022-06-03 00:18:03,489 - INFO - Epoch [2/6][120/133]	lr: 0.00045, eta: 0:57:13, time: 6.224, data_time: 0.065, transfer_time: 0.077, forward_time: 5.742, loss_parse_time: 0.000 memory: 11637, 
2022-06-03 00:18:03,490 - INFO - task : ['VEHICLE', 'PEDESTRIAN', 'CYCLIST'], loss: 2.2566, hm_loss: 0.0000, loc_loss: 0.6161, loc_loss_elem: ['0.1034', '0.0893', '0.0945', '0.0601', '0.0594', '0.0662', '0.0593', '0.0839'], num_positive: 179.8000, roi_reg_loss: 0.7697, roi_cls_loss: 0.2547

2022-06-03 00:18:34,694 - INFO - Epoch [2/6][125/133]	lr: 0.00046, eta: 0:56:41, time: 6.241, data_time: 0.064, transfer_time: 0.073, forward_time: 5.765, loss_parse_time: 0.000 memory: 11637, 
2022-06-03 00:18:34,694 - INFO - task : ['VEHICLE', 'PEDESTRIAN', 'CYCLIST'], loss: 2.2173, hm_loss: 0.0000, loc_loss: 0.6163, loc_loss_elem: ['0.1062', '0.0876', '0.1015', '0.0554', '0.0606', '0.0749', '0.0425', '0.0874'], num_positive: 142.0000, roi_reg_loss: 0.7748, roi_cls_loss: 0.2100

2022-06-03 00:19:05,948 - INFO - Epoch [2/6][130/133]	lr: 0.00047, eta: 0:56:09, time: 6.248, data_time: 0.066, transfer_time: 0.078, forward_time: 5.740, loss_parse_time: 0.000 memory: 11637, 
2022-06-03 00:19:05,948 - INFO - task : ['VEHICLE', 'PEDESTRIAN', 'CYCLIST'], loss: 2.3094, hm_loss: 0.0000, loc_loss: 0.6397, loc_loss_elem: ['0.1044', '0.0921', '0.1055', '0.0501', '0.0545', '0.0813', '0.0655', '0.0864'], num_positive: 102.8000, roi_reg_loss: 0.8570, roi_cls_loss: 0.1729

2022-06-03 00:20:02,232 - INFO - Epoch [3/6][5/133]	lr: 0.00047, eta: 0:54:53, time: 7.430, data_time: 1.147, transfer_time: 0.077, forward_time: 5.850, loss_parse_time: 0.000 memory: 11637, 
2022-06-03 00:20:02,232 - INFO - task : ['VEHICLE', 'PEDESTRIAN', 'CYCLIST'], loss: 2.2401, hm_loss: 0.0000, loc_loss: 0.6157, loc_loss_elem: ['0.1133', '0.0911', '0.0944', '0.0568', '0.0544', '0.0752', '0.0529', '0.0776'], num_positive: 149.4000, roi_reg_loss: 0.7775, roi_cls_loss: 0.2312

2022-06-03 00:20:33,815 - INFO - Epoch [3/6][10/133]	lr: 0.00048, eta: 0:54:22, time: 6.315, data_time: 0.070, transfer_time: 0.074, forward_time: 5.795, loss_parse_time: 0.000 memory: 11637, 
2022-06-03 00:20:33,816 - INFO - task : ['VEHICLE', 'PEDESTRIAN', 'CYCLIST'], loss: 2.0843, hm_loss: 0.0000, loc_loss: 0.5821, loc_loss_elem: ['0.0980', '0.0781', '0.0869', '0.0567', '0.0614', '0.0653', '0.0641', '0.0716'], num_positive: 153.4000, roi_reg_loss: 0.7220, roi_cls_loss: 0.1981

2022-06-03 00:21:05,000 - INFO - Epoch [3/6][15/133]	lr: 0.00048, eta: 0:53:51, time: 6.238, data_time: 0.072, transfer_time: 0.072, forward_time: 5.751, loss_parse_time: 0.000 memory: 11637, 
2022-06-03 00:21:05,001 - INFO - task : ['VEHICLE', 'PEDESTRIAN', 'CYCLIST'], loss: 2.2249, hm_loss: 0.0000, loc_loss: 0.6130, loc_loss_elem: ['0.1007', '0.0891', '0.0910', '0.0534', '0.0501', '0.0794', '0.0667', '0.0826'], num_positive: 155.6000, roi_reg_loss: 0.7806, roi_cls_loss: 0.2183

2022-06-03 00:21:36,229 - INFO - Epoch [3/6][20/133]	lr: 0.00049, eta: 0:53:19, time: 6.247, data_time: 0.066, transfer_time: 0.071, forward_time: 5.769, loss_parse_time: 0.000 memory: 11637, 
2022-06-03 00:21:36,229 - INFO - task : ['VEHICLE', 'PEDESTRIAN', 'CYCLIST'], loss: 2.3727, hm_loss: 0.0000, loc_loss: 0.6560, loc_loss_elem: ['0.1050', '0.0882', '0.0938', '0.0550', '0.0616', '0.0817', '0.0809', '0.0898'], num_positive: 180.2000, roi_reg_loss: 0.7747, roi_cls_loss: 0.2859

2022-06-03 00:22:07,572 - INFO - Epoch [3/6][25/133]	lr: 0.00049, eta: 0:52:48, time: 6.269, data_time: 0.066, transfer_time: 0.079, forward_time: 5.769, loss_parse_time: 0.000 memory: 11637, 
2022-06-03 00:22:07,572 - INFO - task : ['VEHICLE', 'PEDESTRIAN', 'CYCLIST'], loss: 2.1543, hm_loss: 0.0000, loc_loss: 0.6083, loc_loss_elem: ['0.1058', '0.0875', '0.0857', '0.0592', '0.0619', '0.0707', '0.0585', '0.0788'], num_positive: 167.8000, roi_reg_loss: 0.7238, roi_cls_loss: 0.2140

2022-06-03 00:22:38,790 - INFO - Epoch [3/6][30/133]	lr: 0.00049, eta: 0:52:17, time: 6.243, data_time: 0.061, transfer_time: 0.074, forward_time: 5.764, loss_parse_time: 0.000 memory: 11637, 
2022-06-03 00:22:38,790 - INFO - task : ['VEHICLE', 'PEDESTRIAN', 'CYCLIST'], loss: 2.0701, hm_loss: 0.0000, loc_loss: 0.5711, loc_loss_elem: ['0.0968', '0.0781', '0.0814', '0.0584', '0.0627', '0.0649', '0.0605', '0.0683'], num_positive: 168.8000, roi_reg_loss: 0.7152, roi_cls_loss: 0.2127

2022-06-03 00:23:09,982 - INFO - Epoch [3/6][35/133]	lr: 0.00050, eta: 0:51:46, time: 6.239, data_time: 0.074, transfer_time: 0.074, forward_time: 5.744, loss_parse_time: 0.000 memory: 11637, 
2022-06-03 00:23:09,982 - INFO - task : ['VEHICLE', 'PEDESTRIAN', 'CYCLIST'], loss: 2.1564, hm_loss: 0.0000, loc_loss: 0.5990, loc_loss_elem: ['0.1018', '0.0839', '0.0841', '0.0556', '0.0597', '0.0662', '0.0617', '0.0861'], num_positive: 176.6000, roi_reg_loss: 0.7217, roi_cls_loss: 0.2366

2022-06-03 00:23:41,329 - INFO - Epoch [3/6][40/133]	lr: 0.00050, eta: 0:51:15, time: 6.267, data_time: 0.065, transfer_time: 0.073, forward_time: 5.773, loss_parse_time: 0.000 memory: 11637, 
2022-06-03 00:23:41,329 - INFO - task : ['VEHICLE', 'PEDESTRIAN', 'CYCLIST'], loss: 2.3232, hm_loss: 0.0000, loc_loss: 0.6643, loc_loss_elem: ['0.1061', '0.0913', '0.0952', '0.0573', '0.0613', '0.0782', '0.0791', '0.0959'], num_positive: 162.4000, roi_reg_loss: 0.7515, roi_cls_loss: 0.2432

2022-06-03 00:24:12,752 - INFO - Epoch [3/6][45/133]	lr: 0.00050, eta: 0:50:44, time: 6.285, data_time: 0.068, transfer_time: 0.073, forward_time: 5.792, loss_parse_time: 0.000 memory: 11637, 
2022-06-03 00:24:12,752 - INFO - task : ['VEHICLE', 'PEDESTRIAN', 'CYCLIST'], loss: 2.1886, hm_loss: 0.0000, loc_loss: 0.5998, loc_loss_elem: ['0.1107', '0.0891', '0.0886', '0.0557', '0.0590', '0.0682', '0.0579', '0.0706'], num_positive: 179.4000, roi_reg_loss: 0.7490, roi_cls_loss: 0.2401

2022-06-03 00:24:44,143 - INFO - Epoch [3/6][50/133]	lr: 0.00050, eta: 0:50:13, time: 6.279, data_time: 0.074, transfer_time: 0.075, forward_time: 5.765, loss_parse_time: 0.000 memory: 11637, 
2022-06-03 00:24:44,143 - INFO - task : ['VEHICLE', 'PEDESTRIAN', 'CYCLIST'], loss: 2.1654, hm_loss: 0.0000, loc_loss: 0.5855, loc_loss_elem: ['0.1127', '0.0893', '0.0799', '0.0546', '0.0545', '0.0693', '0.0527', '0.0726'], num_positive: 182.4000, roi_reg_loss: 0.7540, roi_cls_loss: 0.2404

2022-06-03 00:25:15,591 - INFO - Epoch [3/6][55/133]	lr: 0.00050, eta: 0:49:42, time: 6.291, data_time: 0.075, transfer_time: 0.076, forward_time: 5.785, loss_parse_time: 0.000 memory: 11637, 
2022-06-03 00:25:15,591 - INFO - task : ['VEHICLE', 'PEDESTRIAN', 'CYCLIST'], loss: 2.3207, hm_loss: 0.0000, loc_loss: 0.6765, loc_loss_elem: ['0.1075', '0.0946', '0.0985', '0.0644', '0.0670', '0.0736', '0.0697', '0.1011'], num_positive: 162.0000, roi_reg_loss: 0.7329, roi_cls_loss: 0.2349

2022-06-03 00:25:47,061 - INFO - Epoch [3/6][60/133]	lr: 0.00050, eta: 0:49:11, time: 6.294, data_time: 0.068, transfer_time: 0.073, forward_time: 5.801, loss_parse_time: 0.000 memory: 11637, 
2022-06-03 00:25:47,061 - INFO - task : ['VEHICLE', 'PEDESTRIAN', 'CYCLIST'], loss: 2.0753, hm_loss: 0.0000, loc_loss: 0.5797, loc_loss_elem: ['0.1059', '0.0777', '0.0868', '0.0548', '0.0574', '0.0769', '0.0424', '0.0777'], num_positive: 149.2000, roi_reg_loss: 0.7052, roi_cls_loss: 0.2108

2022-06-03 00:26:18,357 - INFO - Epoch [3/6][65/133]	lr: 0.00050, eta: 0:48:39, time: 6.259, data_time: 0.060, transfer_time: 0.072, forward_time: 5.770, loss_parse_time: 0.000 memory: 11637, 
2022-06-03 00:26:18,357 - INFO - task : ['VEHICLE', 'PEDESTRIAN', 'CYCLIST'], loss: 2.1597, hm_loss: 0.0000, loc_loss: 0.5922, loc_loss_elem: ['0.0985', '0.0881', '0.0818', '0.0563', '0.0587', '0.0693', '0.0562', '0.0832'], num_positive: 180.8000, roi_reg_loss: 0.7396, roi_cls_loss: 0.2357

2022-06-03 00:26:49,835 - INFO - Epoch [3/6][70/133]	lr: 0.00050, eta: 0:48:09, time: 6.293, data_time: 0.066, transfer_time: 0.074, forward_time: 5.798, loss_parse_time: 0.000 memory: 11637, 
2022-06-03 00:26:49,835 - INFO - task : ['VEHICLE', 'PEDESTRIAN', 'CYCLIST'], loss: 2.2386, hm_loss: 0.0000, loc_loss: 0.6157, loc_loss_elem: ['0.1020', '0.0903', '0.0892', '0.0561', '0.0549', '0.0721', '0.0652', '0.0860'], num_positive: 189.6000, roi_reg_loss: 0.7406, roi_cls_loss: 0.2665

2022-06-03 00:27:20,995 - INFO - Epoch [3/6][75/133]	lr: 0.00050, eta: 0:47:37, time: 6.234, data_time: 0.077, transfer_time: 0.076, forward_time: 5.741, loss_parse_time: 0.000 memory: 11637, 
2022-06-03 00:27:20,995 - INFO - task : ['VEHICLE', 'PEDESTRIAN', 'CYCLIST'], loss: 2.1000, hm_loss: 0.0000, loc_loss: 0.5915, loc_loss_elem: ['0.1024', '0.0767', '0.0810', '0.0581', '0.0627', '0.0795', '0.0648', '0.0663'], num_positive: 153.0000, roi_reg_loss: 0.6990, roi_cls_loss: 0.2180

2022-06-03 00:27:52,299 - INFO - Epoch [3/6][80/133]	lr: 0.00050, eta: 0:47:06, time: 6.259, data_time: 0.071, transfer_time: 0.076, forward_time: 5.748, loss_parse_time: 0.000 memory: 11637, 
2022-06-03 00:27:52,299 - INFO - task : ['VEHICLE', 'PEDESTRIAN', 'CYCLIST'], loss: 2.1102, hm_loss: 0.0000, loc_loss: 0.6040, loc_loss_elem: ['0.1033', '0.0876', '0.0823', '0.0530', '0.0579', '0.0598', '0.0730', '0.0871'], num_positive: 137.4000, roi_reg_loss: 0.7230, roi_cls_loss: 0.1793

2022-06-03 00:28:23,599 - INFO - Epoch [3/6][85/133]	lr: 0.00049, eta: 0:46:35, time: 6.262, data_time: 0.064, transfer_time: 0.075, forward_time: 5.780, loss_parse_time: 0.000 memory: 11637, 
2022-06-03 00:28:23,599 - INFO - task : ['VEHICLE', 'PEDESTRIAN', 'CYCLIST'], loss: 2.2279, hm_loss: 0.0000, loc_loss: 0.6378, loc_loss_elem: ['0.1143', '0.0864', '0.0920', '0.0611', '0.0647', '0.0756', '0.0632', '0.0805'], num_positive: 155.6000, roi_reg_loss: 0.7383, roi_cls_loss: 0.2140

2022-06-03 00:28:54,918 - INFO - Epoch [3/6][90/133]	lr: 0.00049, eta: 0:46:03, time: 6.264, data_time: 0.077, transfer_time: 0.075, forward_time: 5.768, loss_parse_time: 0.000 memory: 11637, 
2022-06-03 00:28:54,918 - INFO - task : ['VEHICLE', 'PEDESTRIAN', 'CYCLIST'], loss: 2.3094, hm_loss: 0.0000, loc_loss: 0.6693, loc_loss_elem: ['0.1114', '0.0887', '0.0993', '0.0605', '0.0675', '0.0742', '0.0745', '0.0931'], num_positive: 152.2000, roi_reg_loss: 0.7426, roi_cls_loss: 0.2282

2022-06-03 00:29:26,421 - INFO - Epoch [3/6][95/133]	lr: 0.00049, eta: 0:45:32, time: 6.299, data_time: 0.067, transfer_time: 0.075, forward_time: 5.805, loss_parse_time: 0.000 memory: 11637, 
2022-06-03 00:29:26,421 - INFO - task : ['VEHICLE', 'PEDESTRIAN', 'CYCLIST'], loss: 2.1717, hm_loss: 0.0000, loc_loss: 0.6082, loc_loss_elem: ['0.1037', '0.0908', '0.0811', '0.0579', '0.0623', '0.0706', '0.0630', '0.0790'], num_positive: 171.4000, roi_reg_loss: 0.7076, roi_cls_loss: 0.2476

2022-06-03 00:29:57,488 - INFO - Epoch [3/6][100/133]	lr: 0.00049, eta: 0:45:01, time: 6.215, data_time: 0.073, transfer_time: 0.074, forward_time: 5.726, loss_parse_time: 0.000 memory: 11637, 
2022-06-03 00:29:57,488 - INFO - task : ['VEHICLE', 'PEDESTRIAN', 'CYCLIST'], loss: 2.1660, hm_loss: 0.0000, loc_loss: 0.6069, loc_loss_elem: ['0.1064', '0.0805', '0.0828', '0.0572', '0.0649', '0.0715', '0.0658', '0.0779'], num_positive: 177.0000, roi_reg_loss: 0.6982, roi_cls_loss: 0.2541

2022-06-03 00:30:28,641 - INFO - Epoch [3/6][105/133]	lr: 0.00049, eta: 0:44:30, time: 6.231, data_time: 0.063, transfer_time: 0.073, forward_time: 5.754, loss_parse_time: 0.000 memory: 11637, 
2022-06-03 00:30:28,641 - INFO - task : ['VEHICLE', 'PEDESTRIAN', 'CYCLIST'], loss: 2.1538, hm_loss: 0.0000, loc_loss: 0.5887, loc_loss_elem: ['0.1029', '0.0866', '0.0800', '0.0535', '0.0567', '0.0677', '0.0574', '0.0838'], num_positive: 206.4000, roi_reg_loss: 0.6991, roi_cls_loss: 0.2773

2022-06-03 00:31:00,240 - INFO - Epoch [3/6][110/133]	lr: 0.00048, eta: 0:43:59, time: 6.317, data_time: 0.070, transfer_time: 0.074, forward_time: 5.812, loss_parse_time: 0.000 memory: 11637, 
2022-06-03 00:31:00,240 - INFO - task : ['VEHICLE', 'PEDESTRIAN', 'CYCLIST'], loss: 2.0370, hm_loss: 0.0000, loc_loss: 0.5788, loc_loss_elem: ['0.1023', '0.0862', '0.0936', '0.0517', '0.0497', '0.0793', '0.0440', '0.0721'], num_positive: 123.0000, roi_reg_loss: 0.7202, roi_cls_loss: 0.1592

2022-06-03 00:31:31,719 - INFO - Epoch [3/6][115/133]	lr: 0.00048, eta: 0:43:28, time: 6.298, data_time: 0.068, transfer_time: 0.072, forward_time: 5.794, loss_parse_time: 0.000 memory: 11637, 
2022-06-03 00:31:31,719 - INFO - task : ['VEHICLE', 'PEDESTRIAN', 'CYCLIST'], loss: 2.1771, hm_loss: 0.0000, loc_loss: 0.6105, loc_loss_elem: ['0.0961', '0.0874', '0.0846', '0.0590', '0.0629', '0.0701', '0.0710', '0.0793'], num_positive: 200.0000, roi_reg_loss: 0.6986, roi_cls_loss: 0.2575

2022-06-03 00:32:02,879 - INFO - Epoch [3/6][120/133]	lr: 0.00048, eta: 0:42:56, time: 6.230, data_time: 0.066, transfer_time: 0.075, forward_time: 5.743, loss_parse_time: 0.000 memory: 11637, 
2022-06-03 00:32:02,879 - INFO - task : ['VEHICLE', 'PEDESTRIAN', 'CYCLIST'], loss: 2.0607, hm_loss: 0.0000, loc_loss: 0.5985, loc_loss_elem: ['0.1111', '0.0863', '0.0859', '0.0550', '0.0570', '0.0654', '0.0582', '0.0794'], num_positive: 154.6000, roi_reg_loss: 0.6772, roi_cls_loss: 0.1867

2022-06-03 00:32:34,157 - INFO - Epoch [3/6][125/133]	lr: 0.00047, eta: 0:42:25, time: 6.256, data_time: 0.063, transfer_time: 0.077, forward_time: 5.782, loss_parse_time: 0.000 memory: 11637, 
2022-06-03 00:32:34,157 - INFO - task : ['VEHICLE', 'PEDESTRIAN', 'CYCLIST'], loss: 2.0762, hm_loss: 0.0000, loc_loss: 0.5925, loc_loss_elem: ['0.1043', '0.0823', '0.0779', '0.0583', '0.0682', '0.0701', '0.0624', '0.0689'], num_positive: 165.0000, roi_reg_loss: 0.6792, roi_cls_loss: 0.2121

2022-06-03 00:33:05,170 - INFO - Epoch [3/6][130/133]	lr: 0.00047, eta: 0:41:53, time: 6.204, data_time: 0.071, transfer_time: 0.072, forward_time: 5.721, loss_parse_time: 0.000 memory: 11637, 
2022-06-03 00:33:05,171 - INFO - task : ['VEHICLE', 'PEDESTRIAN', 'CYCLIST'], loss: 2.0741, hm_loss: 0.0000, loc_loss: 0.5961, loc_loss_elem: ['0.1029', '0.0964', '0.1088', '0.0495', '0.0503', '0.0725', '0.0467', '0.0689'], num_positive: 130.0000, roi_reg_loss: 0.6978, roi_cls_loss: 0.1842

2022-06-03 00:34:01,018 - INFO - Epoch [4/6][5/133]	lr: 0.00046, eta: 0:40:51, time: 7.371, data_time: 1.135, transfer_time: 0.076, forward_time: 5.823, loss_parse_time: 0.000 memory: 11637, 
2022-06-03 00:34:01,018 - INFO - task : ['VEHICLE', 'PEDESTRIAN', 'CYCLIST'], loss: 2.0668, hm_loss: 0.0000, loc_loss: 0.5963, loc_loss_elem: ['0.1002', '0.0809', '0.0806', '0.0618', '0.0674', '0.0714', '0.0643', '0.0697'], num_positive: 158.4000, roi_reg_loss: 0.6835, roi_cls_loss: 0.1907

2022-06-03 00:34:32,314 - INFO - Epoch [4/6][10/133]	lr: 0.00046, eta: 0:40:20, time: 6.261, data_time: 0.069, transfer_time: 0.076, forward_time: 5.767, loss_parse_time: 0.000 memory: 11637, 
2022-06-03 00:34:32,314 - INFO - task : ['VEHICLE', 'PEDESTRIAN', 'CYCLIST'], loss: 2.0953, hm_loss: 0.0000, loc_loss: 0.5908, loc_loss_elem: ['0.0953', '0.0876', '0.0754', '0.0590', '0.0604', '0.0673', '0.0662', '0.0796'], num_positive: 197.4000, roi_reg_loss: 0.6718, roi_cls_loss: 0.2418

2022-06-03 00:35:03,588 - INFO - Epoch [4/6][15/133]	lr: 0.00045, eta: 0:39:49, time: 6.255, data_time: 0.067, transfer_time: 0.073, forward_time: 5.767, loss_parse_time: 0.000 memory: 11637, 
2022-06-03 00:35:03,588 - INFO - task : ['VEHICLE', 'PEDESTRIAN', 'CYCLIST'], loss: 2.1696, hm_loss: 0.0000, loc_loss: 0.6272, loc_loss_elem: ['0.1101', '0.0858', '0.0936', '0.0560', '0.0596', '0.0777', '0.0612', '0.0834'], num_positive: 138.0000, roi_reg_loss: 0.7256, roi_cls_loss: 0.1896

2022-06-03 00:35:34,973 - INFO - Epoch [4/6][20/133]	lr: 0.00045, eta: 0:39:18, time: 6.276, data_time: 0.081, transfer_time: 0.075, forward_time: 5.777, loss_parse_time: 0.000 memory: 11637, 
2022-06-03 00:35:34,973 - INFO - task : ['VEHICLE', 'PEDESTRIAN', 'CYCLIST'], loss: 2.0907, hm_loss: 0.0000, loc_loss: 0.5933, loc_loss_elem: ['0.1042', '0.0876', '0.0848', '0.0573', '0.0609', '0.0704', '0.0518', '0.0763'], num_positive: 156.4000, roi_reg_loss: 0.6917, roi_cls_loss: 0.2124

2022-06-03 00:36:06,787 - INFO - Epoch [4/6][25/133]	lr: 0.00044, eta: 0:38:47, time: 6.364, data_time: 0.071, transfer_time: 0.076, forward_time: 5.876, loss_parse_time: 0.000 memory: 11637, 
2022-06-03 00:36:06,787 - INFO - task : ['VEHICLE', 'PEDESTRIAN', 'CYCLIST'], loss: 2.0604, hm_loss: 0.0000, loc_loss: 0.5853, loc_loss_elem: ['0.1115', '0.0880', '0.0867', '0.0575', '0.0572', '0.0744', '0.0498', '0.0602'], num_positive: 171.0000, roi_reg_loss: 0.6525, roi_cls_loss: 0.2373

2022-06-03 00:36:38,277 - INFO - Epoch [4/6][30/133]	lr: 0.00044, eta: 0:38:17, time: 6.296, data_time: 0.072, transfer_time: 0.078, forward_time: 5.776, loss_parse_time: 0.000 memory: 11637, 
2022-06-03 00:36:38,278 - INFO - task : ['VEHICLE', 'PEDESTRIAN', 'CYCLIST'], loss: 2.1002, hm_loss: 0.0000, loc_loss: 0.6087, loc_loss_elem: ['0.1012', '0.0852', '0.0870', '0.0569', '0.0610', '0.0761', '0.0551', '0.0861'], num_positive: 139.4000, roi_reg_loss: 0.6915, roi_cls_loss: 0.1912

2022-06-03 00:37:09,578 - INFO - Epoch [4/6][35/133]	lr: 0.00043, eta: 0:37:46, time: 6.261, data_time: 0.072, transfer_time: 0.074, forward_time: 5.766, loss_parse_time: 0.000 memory: 11637, 
2022-06-03 00:37:09,578 - INFO - task : ['VEHICLE', 'PEDESTRIAN', 'CYCLIST'], loss: 2.1788, hm_loss: 0.0000, loc_loss: 0.6428, loc_loss_elem: ['0.0980', '0.0837', '0.0789', '0.0609', '0.0655', '0.0731', '0.0831', '0.0995'], num_positive: 176.8000, roi_reg_loss: 0.6654, roi_cls_loss: 0.2279

2022-06-03 00:37:40,907 - INFO - Epoch [4/6][40/133]	lr: 0.00043, eta: 0:37:15, time: 6.265, data_time: 0.074, transfer_time: 0.074, forward_time: 5.778, loss_parse_time: 0.000 memory: 11637, 
2022-06-03 00:37:40,908 - INFO - task : ['VEHICLE', 'PEDESTRIAN', 'CYCLIST'], loss: 2.0653, hm_loss: 0.0000, loc_loss: 0.6023, loc_loss_elem: ['0.0931', '0.0897', '0.0874', '0.0573', '0.0607', '0.0751', '0.0631', '0.0759'], num_positive: 152.0000, roi_reg_loss: 0.6770, roi_cls_loss: 0.1837

2022-06-03 00:38:12,110 - INFO - Epoch [4/6][45/133]	lr: 0.00042, eta: 0:36:44, time: 6.242, data_time: 0.078, transfer_time: 0.074, forward_time: 5.740, loss_parse_time: 0.000 memory: 11637, 
2022-06-03 00:38:12,111 - INFO - task : ['VEHICLE', 'PEDESTRIAN', 'CYCLIST'], loss: 2.0136, hm_loss: 0.0000, loc_loss: 0.5901, loc_loss_elem: ['0.1019', '0.0857', '0.0835', '0.0547', '0.0581', '0.0630', '0.0761', '0.0672'], num_positive: 150.6000, roi_reg_loss: 0.6425, roi_cls_loss: 0.1909

2022-06-03 00:38:43,451 - INFO - Epoch [4/6][50/133]	lr: 0.00042, eta: 0:36:13, time: 6.266, data_time: 0.062, transfer_time: 0.076, forward_time: 5.784, loss_parse_time: 0.000 memory: 11637, 
2022-06-03 00:38:43,451 - INFO - task : ['VEHICLE', 'PEDESTRIAN', 'CYCLIST'], loss: 2.0797, hm_loss: 0.0000, loc_loss: 0.5942, loc_loss_elem: ['0.1066', '0.0795', '0.0780', '0.0600', '0.0675', '0.0677', '0.0663', '0.0688'], num_positive: 178.8000, roi_reg_loss: 0.6501, roi_cls_loss: 0.2411

2022-06-03 00:39:14,686 - INFO - Epoch [4/6][55/133]	lr: 0.00041, eta: 0:35:42, time: 6.249, data_time: 0.062, transfer_time: 0.074, forward_time: 5.780, loss_parse_time: 0.000 memory: 11637, 
2022-06-03 00:39:14,686 - INFO - task : ['VEHICLE', 'PEDESTRIAN', 'CYCLIST'], loss: 2.0469, hm_loss: 0.0000, loc_loss: 0.6013, loc_loss_elem: ['0.1059', '0.0888', '0.0885', '0.0572', '0.0580', '0.0793', '0.0540', '0.0697'], num_positive: 144.0000, roi_reg_loss: 0.6525, roi_cls_loss: 0.1917

2022-06-03 00:39:45,845 - INFO - Epoch [4/6][60/133]	lr: 0.00040, eta: 0:35:10, time: 6.230, data_time: 0.061, transfer_time: 0.076, forward_time: 5.758, loss_parse_time: 0.000 memory: 11637, 
2022-06-03 00:39:45,845 - INFO - task : ['VEHICLE', 'PEDESTRIAN', 'CYCLIST'], loss: 2.1350, hm_loss: 0.0000, loc_loss: 0.6236, loc_loss_elem: ['0.0982', '0.0895', '0.0893', '0.0593', '0.0676', '0.0792', '0.0606', '0.0800'], num_positive: 146.6000, roi_reg_loss: 0.6863, roi_cls_loss: 0.2015

2022-06-03 00:40:17,312 - INFO - Epoch [4/6][65/133]	lr: 0.00040, eta: 0:34:40, time: 6.293, data_time: 0.071, transfer_time: 0.076, forward_time: 5.776, loss_parse_time: 0.000 memory: 11637, 
2022-06-03 00:40:17,312 - INFO - task : ['VEHICLE', 'PEDESTRIAN', 'CYCLIST'], loss: 2.2102, hm_loss: 0.0000, loc_loss: 0.6132, loc_loss_elem: ['0.0999', '0.0921', '0.0982', '0.0563', '0.0588', '0.0690', '0.0614', '0.0774'], num_positive: 194.2000, roi_reg_loss: 0.7238, roi_cls_loss: 0.2600

2022-06-03 00:40:48,907 - INFO - Epoch [4/6][70/133]	lr: 0.00039, eta: 0:34:09, time: 6.321, data_time: 0.069, transfer_time: 0.077, forward_time: 5.816, loss_parse_time: 0.000 memory: 11637, 
2022-06-03 00:40:48,907 - INFO - task : ['VEHICLE', 'PEDESTRIAN', 'CYCLIST'], loss: 1.9866, hm_loss: 0.0000, loc_loss: 0.5730, loc_loss_elem: ['0.1030', '0.0746', '0.0796', '0.0598', '0.0653', '0.0682', '0.0506', '0.0718'], num_positive: 153.6000, roi_reg_loss: 0.6352, roi_cls_loss: 0.2054

2022-06-03 00:41:20,329 - INFO - Epoch [4/6][75/133]	lr: 0.00038, eta: 0:33:38, time: 6.284, data_time: 0.075, transfer_time: 0.073, forward_time: 5.789, loss_parse_time: 0.000 memory: 11637, 
2022-06-03 00:41:20,329 - INFO - task : ['VEHICLE', 'PEDESTRIAN', 'CYCLIST'], loss: 1.9958, hm_loss: 0.0000, loc_loss: 0.5828, loc_loss_elem: ['0.1044', '0.0850', '0.0878', '0.0570', '0.0634', '0.0642', '0.0548', '0.0663'], num_positive: 156.2000, roi_reg_loss: 0.6344, roi_cls_loss: 0.1959

2022-06-03 00:41:51,535 - INFO - Epoch [4/6][80/133]	lr: 0.00038, eta: 0:33:07, time: 6.242, data_time: 0.065, transfer_time: 0.073, forward_time: 5.763, loss_parse_time: 0.000 memory: 11637, 
2022-06-03 00:41:51,535 - INFO - task : ['VEHICLE', 'PEDESTRIAN', 'CYCLIST'], loss: 1.9995, hm_loss: 0.0000, loc_loss: 0.5696, loc_loss_elem: ['0.1027', '0.0816', '0.0791', '0.0556', '0.0560', '0.0674', '0.0546', '0.0726'], num_positive: 184.8000, roi_reg_loss: 0.6381, roi_cls_loss: 0.2222

2022-06-03 00:42:22,814 - INFO - Epoch [4/6][85/133]	lr: 0.00037, eta: 0:32:36, time: 6.253, data_time: 0.064, transfer_time: 0.074, forward_time: 5.780, loss_parse_time: 0.000 memory: 11637, 
2022-06-03 00:42:22,814 - INFO - task : ['VEHICLE', 'PEDESTRIAN', 'CYCLIST'], loss: 2.1039, hm_loss: 0.0000, loc_loss: 0.6043, loc_loss_elem: ['0.1004', '0.0840', '0.0829', '0.0574', '0.0645', '0.0694', '0.0722', '0.0734'], num_positive: 181.0000, roi_reg_loss: 0.6636, roi_cls_loss: 0.2317

2022-06-03 00:42:54,142 - INFO - Epoch [4/6][90/133]	lr: 0.00036, eta: 0:32:05, time: 6.268, data_time: 0.077, transfer_time: 0.076, forward_time: 5.766, loss_parse_time: 0.000 memory: 11637, 
2022-06-03 00:42:54,142 - INFO - task : ['VEHICLE', 'PEDESTRIAN', 'CYCLIST'], loss: 1.9786, hm_loss: 0.0000, loc_loss: 0.5418, loc_loss_elem: ['0.0959', '0.0824', '0.0803', '0.0563', '0.0619', '0.0717', '0.0395', '0.0538'], num_positive: 169.2000, roi_reg_loss: 0.6711, roi_cls_loss: 0.2237

2022-06-03 00:43:25,497 - INFO - Epoch [4/6][95/133]	lr: 0.00035, eta: 0:31:34, time: 6.269, data_time: 0.065, transfer_time: 0.075, forward_time: 5.793, loss_parse_time: 0.000 memory: 11637, 
2022-06-03 00:43:25,497 - INFO - task : ['VEHICLE', 'PEDESTRIAN', 'CYCLIST'], loss: 2.0859, hm_loss: 0.0000, loc_loss: 0.5837, loc_loss_elem: ['0.1044', '0.0865', '0.0827', '0.0539', '0.0524', '0.0681', '0.0621', '0.0737'], num_positive: 185.8000, roi_reg_loss: 0.6616, roi_cls_loss: 0.2568

2022-06-03 00:43:56,722 - INFO - Epoch [4/6][100/133]	lr: 0.00035, eta: 0:31:02, time: 6.247, data_time: 0.065, transfer_time: 0.075, forward_time: 5.766, loss_parse_time: 0.000 memory: 11637, 
2022-06-03 00:43:56,722 - INFO - task : ['VEHICLE', 'PEDESTRIAN', 'CYCLIST'], loss: 2.1098, hm_loss: 0.0000, loc_loss: 0.6227, loc_loss_elem: ['0.0995', '0.0853', '0.1003', '0.0572', '0.0664', '0.0770', '0.0512', '0.0858'], num_positive: 133.2000, roi_reg_loss: 0.6935, roi_cls_loss: 0.1709

2022-06-03 00:44:27,795 - INFO - Epoch [4/6][105/133]	lr: 0.00034, eta: 0:30:31, time: 6.215, data_time: 0.070, transfer_time: 0.072, forward_time: 5.752, loss_parse_time: 0.000 memory: 11637, 
2022-06-03 00:44:27,795 - INFO - task : ['VEHICLE', 'PEDESTRIAN', 'CYCLIST'], loss: 2.0197, hm_loss: 0.0000, loc_loss: 0.5749, loc_loss_elem: ['0.1024', '0.0824', '0.0790', '0.0560', '0.0613', '0.0690', '0.0574', '0.0673'], num_positive: 205.8000, roi_reg_loss: 0.6216, roi_cls_loss: 0.2482

2022-06-03 00:44:59,093 - INFO - Epoch [4/6][110/133]	lr: 0.00033, eta: 0:30:00, time: 6.257, data_time: 0.073, transfer_time: 0.073, forward_time: 5.764, loss_parse_time: 0.000 memory: 11637, 
2022-06-03 00:44:59,093 - INFO - task : ['VEHICLE', 'PEDESTRIAN', 'CYCLIST'], loss: 2.0433, hm_loss: 0.0000, loc_loss: 0.5854, loc_loss_elem: ['0.0952', '0.0820', '0.0890', '0.0566', '0.0622', '0.0685', '0.0640', '0.0680'], num_positive: 193.2000, roi_reg_loss: 0.6359, roi_cls_loss: 0.2367

2022-06-03 00:45:30,706 - INFO - Epoch [4/6][115/133]	lr: 0.00032, eta: 0:29:29, time: 6.325, data_time: 0.070, transfer_time: 0.077, forward_time: 5.811, loss_parse_time: 0.000 memory: 11637, 
2022-06-03 00:45:30,707 - INFO - task : ['VEHICLE', 'PEDESTRIAN', 'CYCLIST'], loss: 2.1488, hm_loss: 0.0000, loc_loss: 0.6226, loc_loss_elem: ['0.1008', '0.0846', '0.0880', '0.0566', '0.0659', '0.0691', '0.0751', '0.0825'], num_positive: 189.4000, roi_reg_loss: 0.6572, roi_cls_loss: 0.2465

2022-06-03 00:46:01,882 - INFO - Epoch [4/6][120/133]	lr: 0.00032, eta: 0:28:58, time: 6.235, data_time: 0.073, transfer_time: 0.078, forward_time: 5.736, loss_parse_time: 0.000 memory: 11637, 
2022-06-03 00:46:01,882 - INFO - task : ['VEHICLE', 'PEDESTRIAN', 'CYCLIST'], loss: 1.9472, hm_loss: 0.0000, loc_loss: 0.5760, loc_loss_elem: ['0.1041', '0.0797', '0.0801', '0.0598', '0.0715', '0.0692', '0.0505', '0.0611'], num_positive: 139.6000, roi_reg_loss: 0.6220, roi_cls_loss: 0.1733

2022-06-03 00:46:33,344 - INFO - Epoch [4/6][125/133]	lr: 0.00031, eta: 0:28:27, time: 6.290, data_time: 0.067, transfer_time: 0.071, forward_time: 5.798, loss_parse_time: 0.000 memory: 11637, 
2022-06-03 00:46:33,344 - INFO - task : ['VEHICLE', 'PEDESTRIAN', 'CYCLIST'], loss: 2.0112, hm_loss: 0.0000, loc_loss: 0.5892, loc_loss_elem: ['0.0971', '0.0870', '0.0874', '0.0566', '0.0605', '0.0683', '0.0503', '0.0821'], num_positive: 172.0000, roi_reg_loss: 0.6148, roi_cls_loss: 0.2181

2022-06-03 00:47:04,227 - INFO - Epoch [4/6][130/133]	lr: 0.00030, eta: 0:27:56, time: 6.179, data_time: 0.065, transfer_time: 0.072, forward_time: 5.708, loss_parse_time: 0.000 memory: 11637, 
2022-06-03 00:47:04,227 - INFO - task : ['VEHICLE', 'PEDESTRIAN', 'CYCLIST'], loss: 2.0620, hm_loss: 0.0000, loc_loss: 0.5848, loc_loss_elem: ['0.0972', '0.0842', '0.0844', '0.0582', '0.0626', '0.0722', '0.0521', '0.0739'], num_positive: 196.4000, roi_reg_loss: 0.6509, roi_cls_loss: 0.2415

2022-06-03 00:48:00,386 - INFO - Epoch [5/6][5/133]	lr: 0.00029, eta: 0:27:00, time: 7.409, data_time: 1.149, transfer_time: 0.081, forward_time: 5.828, loss_parse_time: 0.000 memory: 11637, 
2022-06-03 00:48:00,387 - INFO - task : ['VEHICLE', 'PEDESTRIAN', 'CYCLIST'], loss: 2.0194, hm_loss: 0.0000, loc_loss: 0.5869, loc_loss_elem: ['0.0999', '0.0847', '0.0792', '0.0629', '0.0669', '0.0694', '0.0573', '0.0666'], num_positive: 169.2000, roi_reg_loss: 0.6238, roi_cls_loss: 0.2219

2022-06-03 00:48:31,714 - INFO - Epoch [5/6][10/133]	lr: 0.00028, eta: 0:26:29, time: 6.268, data_time: 0.070, transfer_time: 0.075, forward_time: 5.770, loss_parse_time: 0.000 memory: 11637, 
2022-06-03 00:48:31,714 - INFO - task : ['VEHICLE', 'PEDESTRIAN', 'CYCLIST'], loss: 2.0452, hm_loss: 0.0000, loc_loss: 0.6250, loc_loss_elem: ['0.1055', '0.0851', '0.0804', '0.0598', '0.0709', '0.0782', '0.0657', '0.0795'], num_positive: 124.6000, roi_reg_loss: 0.6274, roi_cls_loss: 0.1677

2022-06-03 00:49:03,194 - INFO - Epoch [5/6][15/133]	lr: 0.00027, eta: 0:25:58, time: 6.294, data_time: 0.069, transfer_time: 0.072, forward_time: 5.812, loss_parse_time: 0.000 memory: 11637, 
2022-06-03 00:49:03,194 - INFO - task : ['VEHICLE', 'PEDESTRIAN', 'CYCLIST'], loss: 2.2029, hm_loss: 0.0000, loc_loss: 0.6716, loc_loss_elem: ['0.1065', '0.0899', '0.1170', '0.0569', '0.0577', '0.0742', '0.0795', '0.0899'], num_positive: 147.4000, roi_reg_loss: 0.6541, roi_cls_loss: 0.2057

2022-06-03 00:49:34,351 - INFO - Epoch [5/6][20/133]	lr: 0.00026, eta: 0:25:27, time: 6.234, data_time: 0.069, transfer_time: 0.071, forward_time: 5.747, loss_parse_time: 0.000 memory: 11637, 
2022-06-03 00:49:34,352 - INFO - task : ['VEHICLE', 'PEDESTRIAN', 'CYCLIST'], loss: 2.1133, hm_loss: 0.0000, loc_loss: 0.6025, loc_loss_elem: ['0.0970', '0.0892', '0.0915', '0.0565', '0.0562', '0.0735', '0.0622', '0.0763'], num_positive: 203.8000, roi_reg_loss: 0.6439, roi_cls_loss: 0.2645

2022-06-03 00:50:05,876 - INFO - Epoch [5/6][25/133]	lr: 0.00025, eta: 0:24:56, time: 6.305, data_time: 0.069, transfer_time: 0.075, forward_time: 5.805, loss_parse_time: 0.000 memory: 11637, 
2022-06-03 00:50:05,877 - INFO - task : ['VEHICLE', 'PEDESTRIAN', 'CYCLIST'], loss: 1.9888, hm_loss: 0.0000, loc_loss: 0.5738, loc_loss_elem: ['0.1044', '0.0830', '0.0841', '0.0542', '0.0573', '0.0722', '0.0508', '0.0678'], num_positive: 171.8000, roi_reg_loss: 0.6165, roi_cls_loss: 0.2248

2022-06-03 00:50:37,184 - INFO - Epoch [5/6][30/133]	lr: 0.00025, eta: 0:24:25, time: 6.262, data_time: 0.072, transfer_time: 0.077, forward_time: 5.770, loss_parse_time: 0.000 memory: 11637, 
2022-06-03 00:50:37,184 - INFO - task : ['VEHICLE', 'PEDESTRIAN', 'CYCLIST'], loss: 2.0267, hm_loss: 0.0000, loc_loss: 0.5769, loc_loss_elem: ['0.0932', '0.0812', '0.0805', '0.0630', '0.0665', '0.0626', '0.0627', '0.0671'], num_positive: 203.8000, roi_reg_loss: 0.6302, roi_cls_loss: 0.2427

2022-06-03 00:51:08,655 - INFO - Epoch [5/6][35/133]	lr: 0.00024, eta: 0:23:54, time: 6.292, data_time: 0.069, transfer_time: 0.075, forward_time: 5.790, loss_parse_time: 0.000 memory: 11637, 
2022-06-03 00:51:08,655 - INFO - task : ['VEHICLE', 'PEDESTRIAN', 'CYCLIST'], loss: 2.0239, hm_loss: 0.0000, loc_loss: 0.5983, loc_loss_elem: ['0.1097', '0.0848', '0.0981', '0.0547', '0.0594', '0.0773', '0.0521', '0.0623'], num_positive: 160.0000, roi_reg_loss: 0.6245, roi_cls_loss: 0.2028

2022-06-03 00:51:39,781 - INFO - Epoch [5/6][40/133]	lr: 0.00023, eta: 0:23:23, time: 6.227, data_time: 0.069, transfer_time: 0.073, forward_time: 5.740, loss_parse_time: 0.000 memory: 11637, 
2022-06-03 00:51:39,781 - INFO - task : ['VEHICLE', 'PEDESTRIAN', 'CYCLIST'], loss: 1.9881, hm_loss: 0.0000, loc_loss: 0.5773, loc_loss_elem: ['0.0966', '0.0807', '0.0808', '0.0545', '0.0558', '0.0656', '0.0631', '0.0803'], num_positive: 181.6000, roi_reg_loss: 0.6059, roi_cls_loss: 0.2277

2022-06-03 00:52:11,342 - INFO - Epoch [5/6][45/133]	lr: 0.00022, eta: 0:22:52, time: 6.310, data_time: 0.075, transfer_time: 0.077, forward_time: 5.792, loss_parse_time: 0.000 memory: 11743, 
2022-06-03 00:52:11,342 - INFO - task : ['VEHICLE', 'PEDESTRIAN', 'CYCLIST'], loss: 2.1386, hm_loss: 0.0000, loc_loss: 0.6316, loc_loss_elem: ['0.1047', '0.0915', '0.0880', '0.0607', '0.0654', '0.0720', '0.0693', '0.0800'], num_positive: 164.8000, roi_reg_loss: 0.6598, roi_cls_loss: 0.2156

2022-06-03 00:52:42,601 - INFO - Epoch [5/6][50/133]	lr: 0.00021, eta: 0:22:21, time: 6.252, data_time: 0.077, transfer_time: 0.076, forward_time: 5.766, loss_parse_time: 0.000 memory: 11743, 
2022-06-03 00:52:42,602 - INFO - task : ['VEHICLE', 'PEDESTRIAN', 'CYCLIST'], loss: 2.1294, hm_loss: 0.0000, loc_loss: 0.6433, loc_loss_elem: ['0.1057', '0.0927', '0.0975', '0.0615', '0.0640', '0.0775', '0.0619', '0.0825'], num_positive: 116.0000, roi_reg_loss: 0.6595, roi_cls_loss: 0.1833

2022-06-03 00:53:13,964 - INFO - Epoch [5/6][55/133]	lr: 0.00021, eta: 0:21:50, time: 6.275, data_time: 0.067, transfer_time: 0.073, forward_time: 5.792, loss_parse_time: 0.000 memory: 11743, 
2022-06-03 00:53:13,965 - INFO - task : ['VEHICLE', 'PEDESTRIAN', 'CYCLIST'], loss: 2.0826, hm_loss: 0.0000, loc_loss: 0.6051, loc_loss_elem: ['0.1037', '0.0895', '0.0817', '0.0555', '0.0558', '0.0701', '0.0575', '0.0912'], num_positive: 186.4000, roi_reg_loss: 0.6383, roi_cls_loss: 0.2340

2022-06-03 00:53:45,382 - INFO - Epoch [5/6][60/133]	lr: 0.00020, eta: 0:21:20, time: 6.284, data_time: 0.064, transfer_time: 0.074, forward_time: 5.793, loss_parse_time: 0.000 memory: 11743, 
2022-06-03 00:53:45,383 - INFO - task : ['VEHICLE', 'PEDESTRIAN', 'CYCLIST'], loss: 2.0503, hm_loss: 0.0000, loc_loss: 0.6138, loc_loss_elem: ['0.1135', '0.0882', '0.0899', '0.0536', '0.0574', '0.0737', '0.0641', '0.0735'], num_positive: 130.4000, roi_reg_loss: 0.6457, roi_cls_loss: 0.1770

2022-06-03 00:54:16,654 - INFO - Epoch [5/6][65/133]	lr: 0.00019, eta: 0:20:49, time: 6.254, data_time: 0.063, transfer_time: 0.078, forward_time: 5.776, loss_parse_time: 0.000 memory: 11743, 
2022-06-03 00:54:16,654 - INFO - task : ['VEHICLE', 'PEDESTRIAN', 'CYCLIST'], loss: 1.9053, hm_loss: 0.0000, loc_loss: 0.5502, loc_loss_elem: ['0.0978', '0.0793', '0.0728', '0.0567', '0.0584', '0.0694', '0.0480', '0.0678'], num_positive: 198.4000, roi_reg_loss: 0.5794, roi_cls_loss: 0.2255

2022-06-03 00:54:48,049 - INFO - Epoch [5/6][70/133]	lr: 0.00018, eta: 0:20:18, time: 6.277, data_time: 0.062, transfer_time: 0.076, forward_time: 5.795, loss_parse_time: 0.000 memory: 11743, 
2022-06-03 00:54:48,049 - INFO - task : ['VEHICLE', 'PEDESTRIAN', 'CYCLIST'], loss: 2.0353, hm_loss: 0.0000, loc_loss: 0.6095, loc_loss_elem: ['0.1018', '0.0885', '0.0802', '0.0547', '0.0605', '0.0775', '0.0551', '0.0914'], num_positive: 139.8000, roi_reg_loss: 0.6273, roi_cls_loss: 0.1891

2022-06-03 00:55:19,368 - INFO - Epoch [5/6][75/133]	lr: 0.00017, eta: 0:19:47, time: 6.266, data_time: 0.064, transfer_time: 0.074, forward_time: 5.780, loss_parse_time: 0.000 memory: 11743, 
2022-06-03 00:55:19,368 - INFO - task : ['VEHICLE', 'PEDESTRIAN', 'CYCLIST'], loss: 1.9448, hm_loss: 0.0000, loc_loss: 0.5635, loc_loss_elem: ['0.0990', '0.0870', '0.0797', '0.0558', '0.0586', '0.0686', '0.0453', '0.0695'], num_positive: 177.4000, roi_reg_loss: 0.6042, roi_cls_loss: 0.2136

2022-06-03 00:55:50,646 - INFO - Epoch [5/6][80/133]	lr: 0.00017, eta: 0:19:16, time: 6.253, data_time: 0.073, transfer_time: 0.076, forward_time: 5.754, loss_parse_time: 0.000 memory: 11743, 
2022-06-03 00:55:50,646 - INFO - task : ['VEHICLE', 'PEDESTRIAN', 'CYCLIST'], loss: 1.9031, hm_loss: 0.0000, loc_loss: 0.5473, loc_loss_elem: ['0.1011', '0.0752', '0.0774', '0.0600', '0.0634', '0.0678', '0.0421', '0.0602'], num_positive: 170.8000, roi_reg_loss: 0.5945, roi_cls_loss: 0.2140

2022-06-03 00:56:21,996 - INFO - Epoch [5/6][85/133]	lr: 0.00016, eta: 0:18:45, time: 6.272, data_time: 0.070, transfer_time: 0.076, forward_time: 5.757, loss_parse_time: 0.000 memory: 11743, 
2022-06-03 00:56:21,996 - INFO - task : ['VEHICLE', 'PEDESTRIAN', 'CYCLIST'], loss: 2.0075, hm_loss: 0.0000, loc_loss: 0.5839, loc_loss_elem: ['0.1077', '0.0824', '0.0795', '0.0572', '0.0633', '0.0730', '0.0487', '0.0720'], num_positive: 152.8000, roi_reg_loss: 0.6558, roi_cls_loss: 0.1840

2022-06-03 00:56:53,437 - INFO - Epoch [5/6][90/133]	lr: 0.00015, eta: 0:18:14, time: 6.288, data_time: 0.065, transfer_time: 0.076, forward_time: 5.774, loss_parse_time: 0.000 memory: 11854, 
2022-06-03 00:56:53,437 - INFO - task : ['VEHICLE', 'PEDESTRIAN', 'CYCLIST'], loss: 1.9015, hm_loss: 0.0000, loc_loss: 0.5546, loc_loss_elem: ['0.1007', '0.0754', '0.0800', '0.0518', '0.0580', '0.0613', '0.0542', '0.0732'], num_positive: 132.6000, roi_reg_loss: 0.6263, roi_cls_loss: 0.1660

2022-06-03 00:57:24,691 - INFO - Epoch [5/6][95/133]	lr: 0.00014, eta: 0:17:43, time: 6.251, data_time: 0.063, transfer_time: 0.074, forward_time: 5.789, loss_parse_time: 0.000 memory: 11854, 
2022-06-03 00:57:24,691 - INFO - task : ['VEHICLE', 'PEDESTRIAN', 'CYCLIST'], loss: 1.9538, hm_loss: 0.0000, loc_loss: 0.5698, loc_loss_elem: ['0.1056', '0.0861', '0.0928', '0.0530', '0.0547', '0.0722', '0.0471', '0.0582'], num_positive: 166.2000, roi_reg_loss: 0.5943, roi_cls_loss: 0.2200

2022-06-03 00:57:56,078 - INFO - Epoch [5/6][100/133]	lr: 0.00014, eta: 0:17:12, time: 6.277, data_time: 0.079, transfer_time: 0.077, forward_time: 5.774, loss_parse_time: 0.000 memory: 11854, 
2022-06-03 00:57:56,078 - INFO - task : ['VEHICLE', 'PEDESTRIAN', 'CYCLIST'], loss: 1.9625, hm_loss: 0.0000, loc_loss: 0.5854, loc_loss_elem: ['0.1017', '0.0806', '0.0847', '0.0601', '0.0618', '0.0665', '0.0596', '0.0705'], num_positive: 168.0000, roi_reg_loss: 0.6020, roi_cls_loss: 0.1897

2022-06-03 00:58:27,360 - INFO - Epoch [5/6][105/133]	lr: 0.00013, eta: 0:16:41, time: 6.255, data_time: 0.069, transfer_time: 0.074, forward_time: 5.762, loss_parse_time: 0.000 memory: 11854, 
2022-06-03 00:58:27,360 - INFO - task : ['VEHICLE', 'PEDESTRIAN', 'CYCLIST'], loss: 2.2457, hm_loss: 0.0000, loc_loss: 0.6677, loc_loss_elem: ['0.1107', '0.1042', '0.1132', '0.0557', '0.0558', '0.0828', '0.0671', '0.0782'], num_positive: 152.0000, roi_reg_loss: 0.6880, roi_cls_loss: 0.2223

2022-06-03 00:58:58,825 - INFO - Epoch [5/6][110/133]	lr: 0.00012, eta: 0:16:10, time: 6.292, data_time: 0.066, transfer_time: 0.074, forward_time: 5.802, loss_parse_time: 0.000 memory: 11854, 
2022-06-03 00:58:58,825 - INFO - task : ['VEHICLE', 'PEDESTRIAN', 'CYCLIST'], loss: 1.9533, hm_loss: 0.0000, loc_loss: 0.5632, loc_loss_elem: ['0.1029', '0.0826', '0.0806', '0.0568', '0.0580', '0.0662', '0.0542', '0.0618'], num_positive: 210.8000, roi_reg_loss: 0.5924, roi_cls_loss: 0.2345

2022-06-03 00:59:30,181 - INFO - Epoch [5/6][115/133]	lr: 0.00011, eta: 0:15:38, time: 6.273, data_time: 0.068, transfer_time: 0.073, forward_time: 5.780, loss_parse_time: 0.000 memory: 11854, 
2022-06-03 00:59:30,182 - INFO - task : ['VEHICLE', 'PEDESTRIAN', 'CYCLIST'], loss: 2.0396, hm_loss: 0.0000, loc_loss: 0.6098, loc_loss_elem: ['0.1069', '0.0845', '0.0738', '0.0560', '0.0618', '0.0693', '0.0603', '0.0970'], num_positive: 179.4000, roi_reg_loss: 0.6087, roi_cls_loss: 0.2114

2022-06-03 01:00:01,645 - INFO - Epoch [5/6][120/133]	lr: 0.00011, eta: 0:15:07, time: 6.291, data_time: 0.077, transfer_time: 0.076, forward_time: 5.803, loss_parse_time: 0.000 memory: 11854, 
2022-06-03 01:00:01,645 - INFO - task : ['VEHICLE', 'PEDESTRIAN', 'CYCLIST'], loss: 1.9560, hm_loss: 0.0000, loc_loss: 0.5625, loc_loss_elem: ['0.1041', '0.0816', '0.0809', '0.0542', '0.0589', '0.0636', '0.0569', '0.0623'], num_positive: 197.8000, roi_reg_loss: 0.5905, roi_cls_loss: 0.2405

2022-06-03 01:00:32,781 - INFO - Epoch [5/6][125/133]	lr: 0.00010, eta: 0:14:36, time: 6.227, data_time: 0.070, transfer_time: 0.076, forward_time: 5.727, loss_parse_time: 0.000 memory: 11854, 
2022-06-03 01:00:32,782 - INFO - task : ['VEHICLE', 'PEDESTRIAN', 'CYCLIST'], loss: 2.1359, hm_loss: 0.0000, loc_loss: 0.6361, loc_loss_elem: ['0.0966', '0.0843', '0.0867', '0.0625', '0.0636', '0.0712', '0.0789', '0.0923'], num_positive: 174.2000, roi_reg_loss: 0.6520, roi_cls_loss: 0.2117

2022-06-03 01:01:04,106 - INFO - Epoch [5/6][130/133]	lr: 0.00009, eta: 0:14:05, time: 6.265, data_time: 0.072, transfer_time: 0.074, forward_time: 5.779, loss_parse_time: 0.000 memory: 11854, 
2022-06-03 01:01:04,106 - INFO - task : ['VEHICLE', 'PEDESTRIAN', 'CYCLIST'], loss: 2.0698, hm_loss: 0.0000, loc_loss: 0.6005, loc_loss_elem: ['0.1107', '0.0852', '0.0932', '0.0568', '0.0550', '0.0710', '0.0668', '0.0617'], num_positive: 176.4000, roi_reg_loss: 0.6427, roi_cls_loss: 0.2262

2022-06-03 01:02:00,398 - INFO - Epoch [6/6][5/133]	lr: 0.00008, eta: 0:13:13, time: 7.398, data_time: 1.124, transfer_time: 0.076, forward_time: 5.853, loss_parse_time: 0.000 memory: 11854, 
2022-06-03 01:02:00,399 - INFO - task : ['VEHICLE', 'PEDESTRIAN', 'CYCLIST'], loss: 2.0251, hm_loss: 0.0000, loc_loss: 0.5914, loc_loss_elem: ['0.1081', '0.0932', '0.0863', '0.0539', '0.0515', '0.0780', '0.0562', '0.0641'], num_positive: 150.6000, roi_reg_loss: 0.6514, roi_cls_loss: 0.1908

2022-06-03 01:02:31,583 - INFO - Epoch [6/6][10/133]	lr: 0.00008, eta: 0:12:42, time: 6.237, data_time: 0.069, transfer_time: 0.073, forward_time: 5.754, loss_parse_time: 0.000 memory: 11854, 
2022-06-03 01:02:31,583 - INFO - task : ['VEHICLE', 'PEDESTRIAN', 'CYCLIST'], loss: 1.9029, hm_loss: 0.0000, loc_loss: 0.5630, loc_loss_elem: ['0.1009', '0.0813', '0.0803', '0.0552', '0.0559', '0.0661', '0.0504', '0.0728'], num_positive: 163.2000, roi_reg_loss: 0.5919, roi_cls_loss: 0.1851

2022-06-03 01:03:02,805 - INFO - Epoch [6/6][15/133]	lr: 0.00007, eta: 0:12:11, time: 6.245, data_time: 0.079, transfer_time: 0.074, forward_time: 5.732, loss_parse_time: 0.000 memory: 11854, 
2022-06-03 01:03:02,805 - INFO - task : ['VEHICLE', 'PEDESTRIAN', 'CYCLIST'], loss: 1.9844, hm_loss: 0.0000, loc_loss: 0.6060, loc_loss_elem: ['0.1022', '0.0905', '0.0845', '0.0593', '0.0623', '0.0774', '0.0602', '0.0697'], num_positive: 135.0000, roi_reg_loss: 0.5970, roi_cls_loss: 0.1753

2022-06-03 01:03:34,152 - INFO - Epoch [6/6][20/133]	lr: 0.00007, eta: 0:11:40, time: 6.272, data_time: 0.068, transfer_time: 0.075, forward_time: 5.768, loss_parse_time: 0.000 memory: 11854, 
2022-06-03 01:03:34,153 - INFO - task : ['VEHICLE', 'PEDESTRIAN', 'CYCLIST'], loss: 2.0169, hm_loss: 0.0000, loc_loss: 0.5983, loc_loss_elem: ['0.1073', '0.0892', '0.0948', '0.0569', '0.0622', '0.0775', '0.0493', '0.0611'], num_positive: 149.8000, roi_reg_loss: 0.6353, roi_cls_loss: 0.1850

2022-06-03 01:04:05,601 - INFO - Epoch [6/6][25/133]	lr: 0.00006, eta: 0:11:09, time: 6.287, data_time: 0.072, transfer_time: 0.079, forward_time: 5.759, loss_parse_time: 0.000 memory: 11854, 
2022-06-03 01:04:05,601 - INFO - task : ['VEHICLE', 'PEDESTRIAN', 'CYCLIST'], loss: 2.0373, hm_loss: 0.0000, loc_loss: 0.6280, loc_loss_elem: ['0.1080', '0.0889', '0.0851', '0.0568', '0.0591', '0.0688', '0.0694', '0.0919'], num_positive: 132.2000, roi_reg_loss: 0.6163, roi_cls_loss: 0.1650

2022-06-03 01:04:37,107 - INFO - Epoch [6/6][30/133]	lr: 0.00006, eta: 0:10:38, time: 6.301, data_time: 0.072, transfer_time: 0.075, forward_time: 5.796, loss_parse_time: 0.000 memory: 11854, 
2022-06-03 01:04:37,107 - INFO - task : ['VEHICLE', 'PEDESTRIAN', 'CYCLIST'], loss: 2.0897, hm_loss: 0.0000, loc_loss: 0.6170, loc_loss_elem: ['0.1014', '0.0926', '0.0989', '0.0517', '0.0506', '0.0788', '0.0611', '0.0819'], num_positive: 166.4000, roi_reg_loss: 0.6475, roi_cls_loss: 0.2083

2022-06-03 01:05:08,173 - INFO - Epoch [6/6][35/133]	lr: 0.00005, eta: 0:10:07, time: 6.216, data_time: 0.069, transfer_time: 0.075, forward_time: 5.727, loss_parse_time: 0.000 memory: 11854, 
2022-06-03 01:05:08,174 - INFO - task : ['VEHICLE', 'PEDESTRIAN', 'CYCLIST'], loss: 1.9747, hm_loss: 0.0000, loc_loss: 0.5894, loc_loss_elem: ['0.0960', '0.0812', '0.0935', '0.0586', '0.0640', '0.0650', '0.0581', '0.0731'], num_positive: 175.2000, roi_reg_loss: 0.5844, roi_cls_loss: 0.2115

2022-06-03 01:05:39,263 - INFO - Epoch [6/6][40/133]	lr: 0.00005, eta: 0:09:36, time: 6.216, data_time: 0.070, transfer_time: 0.073, forward_time: 5.748, loss_parse_time: 0.000 memory: 11854, 
2022-06-03 01:05:39,264 - INFO - task : ['VEHICLE', 'PEDESTRIAN', 'CYCLIST'], loss: 2.1030, hm_loss: 0.0000, loc_loss: 0.6274, loc_loss_elem: ['0.0999', '0.0917', '0.0960', '0.0582', '0.0629', '0.0742', '0.0594', '0.0851'], num_positive: 195.0000, roi_reg_loss: 0.6071, roi_cls_loss: 0.2410

2022-06-03 01:06:10,662 - INFO - Epoch [6/6][45/133]	lr: 0.00004, eta: 0:09:05, time: 6.282, data_time: 0.079, transfer_time: 0.078, forward_time: 5.782, loss_parse_time: 0.000 memory: 11854, 
2022-06-03 01:06:10,663 - INFO - task : ['VEHICLE', 'PEDESTRIAN', 'CYCLIST'], loss: 1.8716, hm_loss: 0.0000, loc_loss: 0.5537, loc_loss_elem: ['0.1018', '0.0814', '0.0795', '0.0567', '0.0577', '0.0685', '0.0457', '0.0626'], num_positive: 156.8000, roi_reg_loss: 0.5657, roi_cls_loss: 0.1984

2022-06-03 01:06:41,780 - INFO - Epoch [6/6][50/133]	lr: 0.00004, eta: 0:08:34, time: 6.223, data_time: 0.071, transfer_time: 0.073, forward_time: 5.752, loss_parse_time: 0.000 memory: 11854, 
2022-06-03 01:06:41,780 - INFO - task : ['VEHICLE', 'PEDESTRIAN', 'CYCLIST'], loss: 1.9509, hm_loss: 0.0000, loc_loss: 0.5671, loc_loss_elem: ['0.1017', '0.0822', '0.0812', '0.0560', '0.0564', '0.0696', '0.0530', '0.0671'], num_positive: 171.2000, roi_reg_loss: 0.6116, roi_cls_loss: 0.2050

2022-06-03 01:07:13,074 - INFO - Epoch [6/6][55/133]	lr: 0.00003, eta: 0:08:03, time: 6.257, data_time: 0.065, transfer_time: 0.075, forward_time: 5.775, loss_parse_time: 0.000 memory: 11854, 
2022-06-03 01:07:13,074 - INFO - task : ['VEHICLE', 'PEDESTRIAN', 'CYCLIST'], loss: 2.0509, hm_loss: 0.0000, loc_loss: 0.6089, loc_loss_elem: ['0.1048', '0.0881', '0.0964', '0.0534', '0.0570', '0.0740', '0.0559', '0.0793'], num_positive: 154.8000, roi_reg_loss: 0.6169, roi_cls_loss: 0.2163

2022-06-03 01:07:44,415 - INFO - Epoch [6/6][60/133]	lr: 0.00003, eta: 0:07:32, time: 6.269, data_time: 0.072, transfer_time: 0.074, forward_time: 5.777, loss_parse_time: 0.000 memory: 11854, 
2022-06-03 01:07:44,415 - INFO - task : ['VEHICLE', 'PEDESTRIAN', 'CYCLIST'], loss: 2.0656, hm_loss: 0.0000, loc_loss: 0.5993, loc_loss_elem: ['0.1089', '0.0890', '0.0930', '0.0536', '0.0536', '0.0775', '0.0504', '0.0734'], num_positive: 159.8000, roi_reg_loss: 0.6516, roi_cls_loss: 0.2154

2022-06-03 01:08:15,763 - INFO - Epoch [6/6][65/133]	lr: 0.00003, eta: 0:07:01, time: 6.271, data_time: 0.068, transfer_time: 0.076, forward_time: 5.765, loss_parse_time: 0.000 memory: 11854, 
2022-06-03 01:08:15,764 - INFO - task : ['VEHICLE', 'PEDESTRIAN', 'CYCLIST'], loss: 1.9702, hm_loss: 0.0000, loc_loss: 0.5826, loc_loss_elem: ['0.1079', '0.0831', '0.0811', '0.0580', '0.0638', '0.0633', '0.0514', '0.0739'], num_positive: 191.8000, roi_reg_loss: 0.5914, roi_cls_loss: 0.2137

2022-06-03 01:08:47,055 - INFO - Epoch [6/6][70/133]	lr: 0.00002, eta: 0:06:30, time: 6.259, data_time: 0.068, transfer_time: 0.075, forward_time: 5.772, loss_parse_time: 0.000 memory: 11854, 
2022-06-03 01:08:47,055 - INFO - task : ['VEHICLE', 'PEDESTRIAN', 'CYCLIST'], loss: 2.0217, hm_loss: 0.0000, loc_loss: 0.5939, loc_loss_elem: ['0.1064', '0.0889', '0.0852', '0.0582', '0.0598', '0.0677', '0.0457', '0.0819'], num_positive: 155.8000, roi_reg_loss: 0.6143, roi_cls_loss: 0.2196

2022-06-03 01:09:18,271 - INFO - Epoch [6/6][75/133]	lr: 0.00002, eta: 0:05:59, time: 6.241, data_time: 0.066, transfer_time: 0.074, forward_time: 5.766, loss_parse_time: 0.000 memory: 11854, 
2022-06-03 01:09:18,272 - INFO - task : ['VEHICLE', 'PEDESTRIAN', 'CYCLIST'], loss: 1.9167, hm_loss: 0.0000, loc_loss: 0.5695, loc_loss_elem: ['0.1023', '0.0783', '0.0742', '0.0604', '0.0673', '0.0678', '0.0583', '0.0608'], num_positive: 158.6000, roi_reg_loss: 0.5794, roi_cls_loss: 0.1984

2022-06-03 01:09:49,478 - INFO - Epoch [6/6][80/133]	lr: 0.00002, eta: 0:05:28, time: 6.244, data_time: 0.075, transfer_time: 0.073, forward_time: 5.747, loss_parse_time: 0.000 memory: 11854, 
2022-06-03 01:09:49,478 - INFO - task : ['VEHICLE', 'PEDESTRIAN', 'CYCLIST'], loss: 2.0202, hm_loss: 0.0000, loc_loss: 0.5956, loc_loss_elem: ['0.1100', '0.0902', '0.0908', '0.0517', '0.0552', '0.0768', '0.0480', '0.0729'], num_positive: 148.6000, roi_reg_loss: 0.6015, roi_cls_loss: 0.2276

2022-06-03 01:10:20,745 - INFO - Epoch [6/6][85/133]	lr: 0.00001, eta: 0:04:57, time: 6.253, data_time: 0.070, transfer_time: 0.076, forward_time: 5.767, loss_parse_time: 0.000 memory: 11854, 
2022-06-03 01:10:20,746 - INFO - task : ['VEHICLE', 'PEDESTRIAN', 'CYCLIST'], loss: 1.9268, hm_loss: 0.0000, loc_loss: 0.5760, loc_loss_elem: ['0.1048', '0.0801', '0.0819', '0.0561', '0.0638', '0.0706', '0.0516', '0.0671'], num_positive: 179.8000, roi_reg_loss: 0.5582, roi_cls_loss: 0.2166

2022-06-03 01:10:52,097 - INFO - Epoch [6/6][90/133]	lr: 0.00001, eta: 0:04:26, time: 6.270, data_time: 0.071, transfer_time: 0.075, forward_time: 5.777, loss_parse_time: 0.000 memory: 11854, 
2022-06-03 01:10:52,097 - INFO - task : ['VEHICLE', 'PEDESTRIAN', 'CYCLIST'], loss: 1.8902, hm_loss: 0.0000, loc_loss: 0.5533, loc_loss_elem: ['0.0962', '0.0846', '0.0857', '0.0539', '0.0560', '0.0703', '0.0520', '0.0545'], num_positive: 165.6000, roi_reg_loss: 0.5952, roi_cls_loss: 0.1884

2022-06-03 01:11:23,465 - INFO - Epoch [6/6][95/133]	lr: 0.00001, eta: 0:03:55, time: 6.274, data_time: 0.070, transfer_time: 0.079, forward_time: 5.771, loss_parse_time: 0.000 memory: 11854, 
2022-06-03 01:11:23,466 - INFO - task : ['VEHICLE', 'PEDESTRIAN', 'CYCLIST'], loss: 1.9058, hm_loss: 0.0000, loc_loss: 0.5771, loc_loss_elem: ['0.0945', '0.0801', '0.0909', '0.0564', '0.0636', '0.0710', '0.0667', '0.0540'], num_positive: 116.0000, roi_reg_loss: 0.5905, roi_cls_loss: 0.1612

2022-06-03 01:11:54,957 - INFO - Epoch [6/6][100/133]	lr: 0.00001, eta: 0:03:24, time: 6.298, data_time: 0.067, transfer_time: 0.076, forward_time: 5.826, loss_parse_time: 0.000 memory: 11854, 
2022-06-03 01:11:54,958 - INFO - task : ['VEHICLE', 'PEDESTRIAN', 'CYCLIST'], loss: 2.1194, hm_loss: 0.0000, loc_loss: 0.6287, loc_loss_elem: ['0.1015', '0.0908', '0.1012', '0.0580', '0.0600', '0.0717', '0.0663', '0.0792'], num_positive: 198.0000, roi_reg_loss: 0.6130, roi_cls_loss: 0.2490

2022-06-03 01:12:26,215 - INFO - Epoch [6/6][105/133]	lr: 0.00000, eta: 0:02:53, time: 6.251, data_time: 0.070, transfer_time: 0.081, forward_time: 5.757, loss_parse_time: 0.000 memory: 11854, 
2022-06-03 01:12:26,216 - INFO - task : ['VEHICLE', 'PEDESTRIAN', 'CYCLIST'], loss: 2.0507, hm_loss: 0.0000, loc_loss: 0.6288, loc_loss_elem: ['0.1075', '0.0847', '0.0841', '0.0602', '0.0589', '0.0763', '0.0771', '0.0801'], num_positive: 148.8000, roi_reg_loss: 0.5994, roi_cls_loss: 0.1937

2022-06-03 01:12:57,684 - INFO - Epoch [6/6][110/133]	lr: 0.00000, eta: 0:02:22, time: 6.292, data_time: 0.074, transfer_time: 0.076, forward_time: 5.800, loss_parse_time: 0.000 memory: 11854, 
2022-06-03 01:12:57,684 - INFO - task : ['VEHICLE', 'PEDESTRIAN', 'CYCLIST'], loss: 2.0623, hm_loss: 0.0000, loc_loss: 0.6027, loc_loss_elem: ['0.1021', '0.0896', '0.0896', '0.0582', '0.0585', '0.0745', '0.0555', '0.0747'], num_positive: 194.2000, roi_reg_loss: 0.6268, roi_cls_loss: 0.2302

2022-06-03 01:13:29,067 - INFO - Epoch [6/6][115/133]	lr: 0.00000, eta: 0:01:51, time: 6.279, data_time: 0.074, transfer_time: 0.075, forward_time: 5.770, loss_parse_time: 0.000 memory: 11854, 
2022-06-03 01:13:29,067 - INFO - task : ['VEHICLE', 'PEDESTRIAN', 'CYCLIST'], loss: 1.9386, hm_loss: 0.0000, loc_loss: 0.5758, loc_loss_elem: ['0.1064', '0.0792', '0.0826', '0.0568', '0.0612', '0.0714', '0.0468', '0.0714'], num_positive: 174.4000, roi_reg_loss: 0.5668, roi_cls_loss: 0.2202

2022-06-03 01:14:00,454 - INFO - Epoch [6/6][120/133]	lr: 0.00000, eta: 0:01:20, time: 6.275, data_time: 0.066, transfer_time: 0.081, forward_time: 5.760, loss_parse_time: 0.000 memory: 11854, 
2022-06-03 01:14:00,454 - INFO - task : ['VEHICLE', 'PEDESTRIAN', 'CYCLIST'], loss: 2.0961, hm_loss: 0.0000, loc_loss: 0.6486, loc_loss_elem: ['0.0973', '0.0921', '0.0877', '0.0639', '0.0673', '0.0678', '0.0693', '0.1032'], num_positive: 173.4000, roi_reg_loss: 0.5867, roi_cls_loss: 0.2122

2022-06-03 01:14:32,021 - INFO - Epoch [6/6][125/133]	lr: 0.00000, eta: 0:00:49, time: 6.314, data_time: 0.072, transfer_time: 0.074, forward_time: 5.806, loss_parse_time: 0.000 memory: 11854, 
2022-06-03 01:14:32,021 - INFO - task : ['VEHICLE', 'PEDESTRIAN', 'CYCLIST'], loss: 1.9323, hm_loss: 0.0000, loc_loss: 0.5705, loc_loss_elem: ['0.0995', '0.0796', '0.0930', '0.0567', '0.0612', '0.0701', '0.0475', '0.0627'], num_positive: 167.2000, roi_reg_loss: 0.5859, roi_cls_loss: 0.2055

2022-06-03 01:15:03,491 - INFO - Epoch [6/6][130/133]	lr: 0.00000, eta: 0:00:18, time: 6.295, data_time: 0.064, transfer_time: 0.072, forward_time: 5.783, loss_parse_time: 0.000 memory: 11854, 
2022-06-03 01:15:03,491 - INFO - task : ['VEHICLE', 'PEDESTRIAN', 'CYCLIST'], loss: 2.0134, hm_loss: 0.0000, loc_loss: 0.5768, loc_loss_elem: ['0.1044', '0.0824', '0.0839', '0.0582', '0.0515', '0.0682', '0.0651', '0.0632'], num_positive: 191.4000, roi_reg_loss: 0.6275, roi_cls_loss: 0.2323

