2022-06-27 18:22:57,046 - INFO - Start running, host: root@229eb8513f83, work_dir: /code/CenterPoint/work_dirs/waymo_centerpoint_voxelnet_two_stage_bev_5point_ft_6epoch_freeze_fusion
2022-06-27 18:22:57,046 - INFO - workflow: [('train', 1)], max: 6 epochs
2022-06-27 18:23:16,500 - INFO - Epoch [1/6][5/8783]	lr: 0.00005, eta: 2 days, 8:54:17, time: 3.888, data_time: 1.397, transfer_time: 0.045, forward_time: 2.251, loss_parse_time: 0.000 memory: 12161, 
2022-06-27 18:23:16,501 - INFO - task : ['VEHICLE', 'PEDESTRIAN', 'CYCLIST'], loss: 3.1209, hm_loss: 0.0000, loc_loss: 0.7163, loc_loss_elem: ['0.1116', '0.0900', '0.0887', '0.0707', '0.0773', '0.0657', '0.1103', '0.1020'], num_positive: 59.4000, roi_reg_loss: 0.9482, roi_cls_loss: 0.7401

2022-06-27 18:23:28,734 - INFO - Epoch [1/6][10/8783]	lr: 0.00005, eta: 1 day, 22:21:13, time: 2.447, data_time: 0.058, transfer_time: 0.045, forward_time: 2.146, loss_parse_time: 0.000 memory: 12208, 
2022-06-27 18:23:28,735 - INFO - task : ['VEHICLE', 'PEDESTRIAN', 'CYCLIST'], loss: 2.9406, hm_loss: 0.0000, loc_loss: 0.6449, loc_loss_elem: ['0.1099', '0.0894', '0.0848', '0.0749', '0.0686', '0.0754', '0.0633', '0.0786'], num_positive: 50.8000, roi_reg_loss: 0.9230, roi_cls_loss: 0.7279

2022-06-27 18:23:40,916 - INFO - Epoch [1/6][15/8783]	lr: 0.00005, eta: 1 day, 18:47:48, time: 2.439, data_time: 0.055, transfer_time: 0.042, forward_time: 2.148, loss_parse_time: 0.000 memory: 12208, 
2022-06-27 18:23:40,916 - INFO - task : ['VEHICLE', 'PEDESTRIAN', 'CYCLIST'], loss: 3.3004, hm_loss: 0.0000, loc_loss: 0.8402, loc_loss_elem: ['0.1221', '0.0902', '0.0775', '0.0751', '0.0907', '0.0645', '0.1883', '0.1318'], num_positive: 57.4000, roi_reg_loss: 0.9407, roi_cls_loss: 0.6793

2022-06-27 18:23:53,037 - INFO - Epoch [1/6][20/8783]	lr: 0.00005, eta: 1 day, 16:57:21, time: 2.422, data_time: 0.056, transfer_time: 0.047, forward_time: 2.124, loss_parse_time: 0.000 memory: 12285, 
2022-06-27 18:23:53,037 - INFO - task : ['VEHICLE', 'PEDESTRIAN', 'CYCLIST'], loss: 2.8370, hm_loss: 0.0000, loc_loss: 0.6588, loc_loss_elem: ['0.0992', '0.0885', '0.0665', '0.0694', '0.0908', '0.0543', '0.0929', '0.0973'], num_positive: 62.0000, roi_reg_loss: 0.8832, roi_cls_loss: 0.6362

2022-06-27 18:24:05,354 - INFO - Epoch [1/6][25/8783]	lr: 0.00005, eta: 1 day, 15:58:31, time: 2.465, data_time: 0.064, transfer_time: 0.045, forward_time: 2.159, loss_parse_time: 0.000 memory: 12285, 
2022-06-27 18:24:05,354 - INFO - task : ['VEHICLE', 'PEDESTRIAN', 'CYCLIST'], loss: 2.9677, hm_loss: 0.0000, loc_loss: 0.7245, loc_loss_elem: ['0.1148', '0.0854', '0.0755', '0.0707', '0.0843', '0.0648', '0.1214', '0.1075'], num_positive: 82.4000, roi_reg_loss: 0.8958, roi_cls_loss: 0.6229

2022-06-27 18:24:17,820 - INFO - Epoch [1/6][30/8783]	lr: 0.00005, eta: 1 day, 15:22:58, time: 2.491, data_time: 0.058, transfer_time: 0.045, forward_time: 2.189, loss_parse_time: 0.000 memory: 12285, 
2022-06-27 18:24:17,820 - INFO - task : ['VEHICLE', 'PEDESTRIAN', 'CYCLIST'], loss: 2.9679, hm_loss: 0.0000, loc_loss: 0.7392, loc_loss_elem: ['0.1165', '0.0892', '0.0868', '0.0684', '0.0829', '0.0735', '0.1269', '0.0950'], num_positive: 53.4000, roi_reg_loss: 0.9485, roi_cls_loss: 0.5410

2022-06-27 18:24:30,121 - INFO - Epoch [1/6][35/8783]	lr: 0.00005, eta: 1 day, 14:53:44, time: 2.461, data_time: 0.057, transfer_time: 0.047, forward_time: 2.160, loss_parse_time: 0.000 memory: 12285, 
2022-06-27 18:24:30,121 - INFO - task : ['VEHICLE', 'PEDESTRIAN', 'CYCLIST'], loss: 3.1367, hm_loss: 0.0000, loc_loss: 0.8287, loc_loss_elem: ['0.1176', '0.0905', '0.0808', '0.0826', '0.0900', '0.0618', '0.1555', '0.1500'], num_positive: 74.2000, roi_reg_loss: 0.9288, roi_cls_loss: 0.5504

2022-06-27 18:24:42,603 - INFO - Epoch [1/6][40/8783]	lr: 0.00005, eta: 1 day, 14:35:42, time: 2.497, data_time: 0.058, transfer_time: 0.048, forward_time: 2.191, loss_parse_time: 0.000 memory: 12285, 
2022-06-27 18:24:42,603 - INFO - task : ['VEHICLE', 'PEDESTRIAN', 'CYCLIST'], loss: 2.7842, hm_loss: 0.0000, loc_loss: 0.6501, loc_loss_elem: ['0.1179', '0.0904', '0.0842', '0.0673', '0.0753', '0.0654', '0.0790', '0.0707'], num_positive: 52.6000, roi_reg_loss: 0.9664, roi_cls_loss: 0.5175

2022-06-27 18:24:54,763 - INFO - Epoch [1/6][45/8783]	lr: 0.00005, eta: 1 day, 14:15:16, time: 2.431, data_time: 0.056, transfer_time: 0.045, forward_time: 2.136, loss_parse_time: 0.000 memory: 12285, 
2022-06-27 18:24:54,763 - INFO - task : ['VEHICLE', 'PEDESTRIAN', 'CYCLIST'], loss: 2.9406, hm_loss: 0.0000, loc_loss: 0.7233, loc_loss_elem: ['0.1195', '0.1025', '0.0709', '0.0767', '0.0831', '0.0705', '0.0904', '0.1096'], num_positive: 41.2000, roi_reg_loss: 0.9760, roi_cls_loss: 0.5181

2022-06-27 18:25:07,124 - INFO - Epoch [1/6][50/8783]	lr: 0.00005, eta: 1 day, 14:02:42, time: 2.475, data_time: 0.056, transfer_time: 0.046, forward_time: 2.170, loss_parse_time: 0.000 memory: 12285, 
2022-06-27 18:25:07,125 - INFO - task : ['VEHICLE', 'PEDESTRIAN', 'CYCLIST'], loss: 3.1548, hm_loss: 0.0000, loc_loss: 0.8499, loc_loss_elem: ['0.1186', '0.0992', '0.0699', '0.0798', '0.0898', '0.0680', '0.1686', '0.1559'], num_positive: 103.2000, roi_reg_loss: 0.8742, roi_cls_loss: 0.5809

2022-06-27 18:25:19,335 - INFO - Epoch [1/6][55/8783]	lr: 0.00005, eta: 1 day, 13:49:35, time: 2.440, data_time: 0.051, transfer_time: 0.044, forward_time: 2.150, loss_parse_time: 0.000 memory: 12285, 
2022-06-27 18:25:19,335 - INFO - task : ['VEHICLE', 'PEDESTRIAN', 'CYCLIST'], loss: 2.9513, hm_loss: 0.0000, loc_loss: 0.7719, loc_loss_elem: ['0.1121', '0.0941', '0.0776', '0.0777', '0.0805', '0.0749', '0.1537', '0.1013'], num_positive: 59.6000, roi_reg_loss: 0.9189, roi_cls_loss: 0.4886

2022-06-27 18:25:31,551 - INFO - Epoch [1/6][60/8783]	lr: 0.00005, eta: 1 day, 13:38:52, time: 2.443, data_time: 0.062, transfer_time: 0.050, forward_time: 2.131, loss_parse_time: 0.000 memory: 12285, 
2022-06-27 18:25:31,551 - INFO - task : ['VEHICLE', 'PEDESTRIAN', 'CYCLIST'], loss: 2.9460, hm_loss: 0.0000, loc_loss: 0.7858, loc_loss_elem: ['0.1140', '0.0888', '0.0778', '0.0800', '0.0893', '0.0699', '0.1349', '0.1310'], num_positive: 76.6000, roi_reg_loss: 0.8730, roi_cls_loss: 0.5013

2022-06-27 18:25:43,734 - INFO - Epoch [1/6][65/8783]	lr: 0.00005, eta: 1 day, 13:29:29, time: 2.439, data_time: 0.054, transfer_time: 0.044, forward_time: 2.140, loss_parse_time: 0.000 memory: 12285, 
2022-06-27 18:25:43,734 - INFO - task : ['VEHICLE', 'PEDESTRIAN', 'CYCLIST'], loss: 2.9421, hm_loss: 0.0000, loc_loss: 0.7809, loc_loss_elem: ['0.1259', '0.0961', '0.0895', '0.0749', '0.0844', '0.0735', '0.1356', '0.1010'], num_positive: 68.2000, roi_reg_loss: 0.9219, roi_cls_loss: 0.4583

2022-06-27 18:25:56,059 - INFO - Epoch [1/6][70/8783]	lr: 0.00005, eta: 1 day, 13:22:55, time: 2.463, data_time: 0.059, transfer_time: 0.046, forward_time: 2.163, loss_parse_time: 0.000 memory: 12285, 
2022-06-27 18:25:56,059 - INFO - task : ['VEHICLE', 'PEDESTRIAN', 'CYCLIST'], loss: 2.7702, hm_loss: 0.0000, loc_loss: 0.7055, loc_loss_elem: ['0.1205', '0.1134', '0.0784', '0.0634', '0.0772', '0.0700', '0.0937', '0.0889'], num_positive: 62.0000, roi_reg_loss: 0.9436, roi_cls_loss: 0.4155

