2022-05-19 20:17:39,827 - INFO - Start running, host: root@38c34f86dda2, work_dir: /code/CenterPoint/work_dirs/waymo_centerpoint_voxelnet_two_stage_bev_5point_ft_6epoch_freeze_fusion
2022-05-19 20:17:39,828 - INFO - workflow: [('train', 1)], max: 6 epochs
2022-05-19 20:18:21,049 - INFO - Epoch [1/6][5/133]	lr: 0.00005, eta: 1:48:55, time: 8.241, data_time: 1.331, transfer_time: 0.098, forward_time: 6.440, loss_parse_time: 0.000 memory: 10647, 
2022-05-19 20:18:21,049 - INFO - task : ['VEHICLE', 'PEDESTRIAN', 'CYCLIST'], loss: 2.9319, hm_loss: 0.0000, loc_loss: 0.6066, loc_loss_elem: ['0.1032', '0.0887', '0.0813', '0.0609', '0.0619', '0.0660', '0.0615', '0.0832'], num_positive: 178.8000, roi_reg_loss: 0.9550, roi_cls_loss: 0.7637

2022-05-19 20:18:54,931 - INFO - Epoch [1/6][10/133]	lr: 0.00005, eta: 1:38:36, time: 6.776, data_time: 0.061, transfer_time: 0.100, forward_time: 6.267, loss_parse_time: 0.000 memory: 10647, 
2022-05-19 20:18:54,932 - INFO - task : ['VEHICLE', 'PEDESTRIAN', 'CYCLIST'], loss: 2.8182, hm_loss: 0.0000, loc_loss: 0.6292, loc_loss_elem: ['0.1068', '0.0818', '0.0867', '0.0580', '0.0585', '0.0840', '0.0758', '0.0775'], num_positive: 117.0000, roi_reg_loss: 0.9438, roi_cls_loss: 0.6161

2022-05-19 20:19:28,722 - INFO - Epoch [1/6][15/133]	lr: 0.00005, eta: 1:34:44, time: 6.761, data_time: 0.073, transfer_time: 0.098, forward_time: 6.233, loss_parse_time: 0.000 memory: 10666, 
2022-05-19 20:19:28,723 - INFO - task : ['VEHICLE', 'PEDESTRIAN', 'CYCLIST'], loss: 2.7742, hm_loss: 0.0000, loc_loss: 0.6220, loc_loss_elem: ['0.1044', '0.0873', '0.0824', '0.0600', '0.0600', '0.0765', '0.0759', '0.0755'], num_positive: 180.2000, roi_reg_loss: 0.9144, roi_cls_loss: 0.6158

2022-05-19 20:20:02,620 - INFO - Epoch [1/6][20/133]	lr: 0.00005, eta: 1:32:34, time: 6.779, data_time: 0.066, transfer_time: 0.100, forward_time: 6.253, loss_parse_time: 0.000 memory: 11074, 
2022-05-19 20:20:02,620 - INFO - task : ['VEHICLE', 'PEDESTRIAN', 'CYCLIST'], loss: 2.8181, hm_loss: 0.0000, loc_loss: 0.6375, loc_loss_elem: ['0.1079', '0.0988', '0.0918', '0.0614', '0.0592', '0.0806', '0.0583', '0.0795'], num_positive: 163.0000, roi_reg_loss: 0.9993, roi_cls_loss: 0.5439

2022-05-19 20:20:36,309 - INFO - Epoch [1/6][25/133]	lr: 0.00006, eta: 1:30:56, time: 6.738, data_time: 0.067, transfer_time: 0.099, forward_time: 6.220, loss_parse_time: 0.000 memory: 11074, 
2022-05-19 20:20:36,310 - INFO - task : ['VEHICLE', 'PEDESTRIAN', 'CYCLIST'], loss: 2.6252, hm_loss: 0.0000, loc_loss: 0.5877, loc_loss_elem: ['0.1018', '0.0797', '0.0771', '0.0621', '0.0650', '0.0685', '0.0621', '0.0715'], num_positive: 221.0000, roi_reg_loss: 0.9119, roi_cls_loss: 0.5378

2022-05-19 20:21:10,333 - INFO - Epoch [1/6][30/133]	lr: 0.00006, eta: 1:29:48, time: 6.805, data_time: 0.070, transfer_time: 0.101, forward_time: 6.253, loss_parse_time: 0.000 memory: 11230, 
2022-05-19 20:21:10,333 - INFO - task : ['VEHICLE', 'PEDESTRIAN', 'CYCLIST'], loss: 2.7078, hm_loss: 0.0000, loc_loss: 0.6276, loc_loss_elem: ['0.1078', '0.0876', '0.0904', '0.0577', '0.0624', '0.0776', '0.0659', '0.0782'], num_positive: 188.4000, roi_reg_loss: 0.9436, roi_cls_loss: 0.5091

2022-05-19 20:21:44,580 - INFO - Epoch [1/6][35/133]	lr: 0.00006, eta: 1:28:55, time: 6.850, data_time: 0.076, transfer_time: 0.100, forward_time: 6.302, loss_parse_time: 0.000 memory: 11230, 
2022-05-19 20:21:44,580 - INFO - task : ['VEHICLE', 'PEDESTRIAN', 'CYCLIST'], loss: 2.7986, hm_loss: 0.0000, loc_loss: 0.6832, loc_loss_elem: ['0.1127', '0.0874', '0.0916', '0.0630', '0.0694', '0.0876', '0.0813', '0.0901'], num_positive: 154.2000, roi_reg_loss: 0.9686, roi_cls_loss: 0.4635

2022-05-19 20:22:18,590 - INFO - Epoch [1/6][40/133]	lr: 0.00007, eta: 1:28:02, time: 6.802, data_time: 0.070, transfer_time: 0.103, forward_time: 6.268, loss_parse_time: 0.000 memory: 11230, 
2022-05-19 20:22:18,590 - INFO - task : ['VEHICLE', 'PEDESTRIAN', 'CYCLIST'], loss: 2.6755, hm_loss: 0.0000, loc_loss: 0.6251, loc_loss_elem: ['0.1195', '0.0868', '0.0905', '0.0590', '0.0632', '0.0692', '0.0520', '0.0849'], num_positive: 146.0000, roi_reg_loss: 0.9971, roi_cls_loss: 0.4281

2022-05-19 20:22:52,620 - INFO - Epoch [1/6][45/133]	lr: 0.00007, eta: 1:27:13, time: 6.806, data_time: 0.068, transfer_time: 0.100, forward_time: 6.280, loss_parse_time: 0.000 memory: 11230, 
2022-05-19 20:22:52,620 - INFO - task : ['VEHICLE', 'PEDESTRIAN', 'CYCLIST'], loss: 2.5598, hm_loss: 0.0000, loc_loss: 0.5977, loc_loss_elem: ['0.0991', '0.0795', '0.0951', '0.0568', '0.0607', '0.0714', '0.0601', '0.0750'], num_positive: 150.2000, roi_reg_loss: 0.9621, roi_cls_loss: 0.4024

2022-05-19 20:23:26,727 - INFO - Epoch [1/6][50/133]	lr: 0.00008, eta: 1:26:29, time: 6.822, data_time: 0.072, transfer_time: 0.101, forward_time: 6.276, loss_parse_time: 0.000 memory: 11230, 
2022-05-19 20:23:26,728 - INFO - task : ['VEHICLE', 'PEDESTRIAN', 'CYCLIST'], loss: 2.4412, hm_loss: 0.0000, loc_loss: 0.5586, loc_loss_elem: ['0.1022', '0.0806', '0.0788', '0.0575', '0.0612', '0.0674', '0.0537', '0.0572'], num_positive: 174.8000, roi_reg_loss: 0.9219, roi_cls_loss: 0.4020

2022-05-19 20:24:00,757 - INFO - Epoch [1/6][55/133]	lr: 0.00008, eta: 1:25:45, time: 6.806, data_time: 0.075, transfer_time: 0.105, forward_time: 6.254, loss_parse_time: 0.000 memory: 11308, 
2022-05-19 20:24:00,757 - INFO - task : ['VEHICLE', 'PEDESTRIAN', 'CYCLIST'], loss: 2.4672, hm_loss: 0.0000, loc_loss: 0.6031, loc_loss_elem: ['0.0930', '0.0784', '0.0833', '0.0600', '0.0656', '0.0683', '0.0787', '0.0758'], num_positive: 147.0000, roi_reg_loss: 0.8894, roi_cls_loss: 0.3717

2022-05-19 20:24:34,638 - INFO - Epoch [1/6][60/133]	lr: 0.00009, eta: 1:25:02, time: 6.776, data_time: 0.064, transfer_time: 0.100, forward_time: 6.255, loss_parse_time: 0.000 memory: 11308, 
2022-05-19 20:24:34,638 - INFO - task : ['VEHICLE', 'PEDESTRIAN', 'CYCLIST'], loss: 2.4866, hm_loss: 0.0000, loc_loss: 0.6176, loc_loss_elem: ['0.1115', '0.0883', '0.0974', '0.0545', '0.0550', '0.0742', '0.0550', '0.0818'], num_positive: 149.4000, roi_reg_loss: 0.9056, roi_cls_loss: 0.3458

2022-05-19 20:25:08,504 - INFO - Epoch [1/6][65/133]	lr: 0.00009, eta: 1:24:19, time: 6.773, data_time: 0.067, transfer_time: 0.100, forward_time: 6.234, loss_parse_time: 0.000 memory: 11333, 
2022-05-19 20:25:08,504 - INFO - task : ['VEHICLE', 'PEDESTRIAN', 'CYCLIST'], loss: 2.5092, hm_loss: 0.0000, loc_loss: 0.6122, loc_loss_elem: ['0.1074', '0.0797', '0.0815', '0.0627', '0.0703', '0.0735', '0.0704', '0.0667'], num_positive: 145.0000, roi_reg_loss: 0.9644, roi_cls_loss: 0.3203

2022-05-19 20:25:42,539 - INFO - Epoch [1/6][70/133]	lr: 0.00010, eta: 1:23:40, time: 6.807, data_time: 0.074, transfer_time: 0.100, forward_time: 6.270, loss_parse_time: 0.000 memory: 11333, 
2022-05-19 20:25:42,539 - INFO - task : ['VEHICLE', 'PEDESTRIAN', 'CYCLIST'], loss: 2.4301, hm_loss: 0.0000, loc_loss: 0.5750, loc_loss_elem: ['0.1041', '0.0792', '0.0799', '0.0597', '0.0610', '0.0668', '0.0538', '0.0705'], num_positive: 227.6000, roi_reg_loss: 0.8900, roi_cls_loss: 0.3901

2022-05-19 20:26:16,609 - INFO - Epoch [1/6][75/133]	lr: 0.00011, eta: 1:23:01, time: 6.814, data_time: 0.071, transfer_time: 0.101, forward_time: 6.261, loss_parse_time: 0.000 memory: 11634, 
2022-05-19 20:26:16,610 - INFO - task : ['VEHICLE', 'PEDESTRIAN', 'CYCLIST'], loss: 2.6823, hm_loss: 0.0000, loc_loss: 0.6900, loc_loss_elem: ['0.1055', '0.1015', '0.1079', '0.0602', '0.0582', '0.0871', '0.0758', '0.0937'], num_positive: 150.8000, roi_reg_loss: 0.9663, roi_cls_loss: 0.3360

2022-05-19 20:26:50,383 - INFO - Epoch [1/6][80/133]	lr: 0.00011, eta: 1:22:21, time: 6.755, data_time: 0.071, transfer_time: 0.100, forward_time: 6.228, loss_parse_time: 0.000 memory: 11634, 
2022-05-19 20:26:50,383 - INFO - task : ['VEHICLE', 'PEDESTRIAN', 'CYCLIST'], loss: 2.3410, hm_loss: 0.0000, loc_loss: 0.5807, loc_loss_elem: ['0.1035', '0.0869', '0.0827', '0.0541', '0.0553', '0.0701', '0.0543', '0.0739'], num_positive: 147.2000, roi_reg_loss: 0.8822, roi_cls_loss: 0.2975

2022-05-19 20:27:24,309 - INFO - Epoch [1/6][85/133]	lr: 0.00012, eta: 1:21:42, time: 6.785, data_time: 0.070, transfer_time: 0.100, forward_time: 6.255, loss_parse_time: 0.000 memory: 11634, 
2022-05-19 20:27:24,309 - INFO - task : ['VEHICLE', 'PEDESTRIAN', 'CYCLIST'], loss: 2.6135, hm_loss: 0.0000, loc_loss: 0.6307, loc_loss_elem: ['0.1072', '0.0818', '0.0782', '0.0610', '0.0701', '0.0670', '0.0818', '0.0835'], num_positive: 224.8000, roi_reg_loss: 0.9386, roi_cls_loss: 0.4135

2022-05-19 20:27:58,330 - INFO - Epoch [1/6][90/133]	lr: 0.00013, eta: 1:21:05, time: 6.804, data_time: 0.070, transfer_time: 0.101, forward_time: 6.266, loss_parse_time: 0.000 memory: 11634, 
2022-05-19 20:27:58,330 - INFO - task : ['VEHICLE', 'PEDESTRIAN', 'CYCLIST'], loss: 2.6210, hm_loss: 0.0000, loc_loss: 0.6806, loc_loss_elem: ['0.1069', '0.0852', '0.0911', '0.0610', '0.0661', '0.0811', '0.0803', '0.1088'], num_positive: 192.0000, roi_reg_loss: 0.9127, roi_cls_loss: 0.3471

2022-05-19 20:28:32,311 - INFO - Epoch [1/6][95/133]	lr: 0.00014, eta: 1:20:28, time: 6.794, data_time: 0.071, transfer_time: 0.101, forward_time: 6.252, loss_parse_time: 0.000 memory: 11634, 
2022-05-19 20:28:32,311 - INFO - task : ['VEHICLE', 'PEDESTRIAN', 'CYCLIST'], loss: 2.5206, hm_loss: 0.0000, loc_loss: 0.6145, loc_loss_elem: ['0.1075', '0.0919', '0.0891', '0.0584', '0.0620', '0.0746', '0.0557', '0.0753'], num_positive: 170.4000, roi_reg_loss: 0.9638, roi_cls_loss: 0.3278

2022-05-19 20:29:06,070 - INFO - Epoch [1/6][100/133]	lr: 0.00015, eta: 1:19:49, time: 6.754, data_time: 0.076, transfer_time: 0.101, forward_time: 6.222, loss_parse_time: 0.000 memory: 11634, 
2022-05-19 20:29:06,070 - INFO - task : ['VEHICLE', 'PEDESTRIAN', 'CYCLIST'], loss: 2.5008, hm_loss: 0.0000, loc_loss: 0.6328, loc_loss_elem: ['0.1100', '0.0876', '0.0958', '0.0534', '0.0555', '0.0778', '0.0665', '0.0863'], num_positive: 152.4000, roi_reg_loss: 0.9439, roi_cls_loss: 0.2912

2022-05-19 20:29:39,831 - INFO - Epoch [1/6][105/133]	lr: 0.00016, eta: 1:19:11, time: 6.752, data_time: 0.068, transfer_time: 0.101, forward_time: 6.211, loss_parse_time: 0.000 memory: 11634, 
2022-05-19 20:29:39,831 - INFO - task : ['VEHICLE', 'PEDESTRIAN', 'CYCLIST'], loss: 2.4242, hm_loss: 0.0000, loc_loss: 0.6198, loc_loss_elem: ['0.1028', '0.0859', '0.0836', '0.0590', '0.0630', '0.0760', '0.0687', '0.0808'], num_positive: 162.0000, roi_reg_loss: 0.8961, roi_cls_loss: 0.2885

2022-05-19 20:30:13,933 - INFO - Epoch [1/6][110/133]	lr: 0.00017, eta: 1:18:36, time: 6.820, data_time: 0.074, transfer_time: 0.103, forward_time: 6.274, loss_parse_time: 0.000 memory: 11634, 
2022-05-19 20:30:13,933 - INFO - task : ['VEHICLE', 'PEDESTRIAN', 'CYCLIST'], loss: 2.4971, hm_loss: 0.0000, loc_loss: 0.6476, loc_loss_elem: ['0.0996', '0.0896', '0.0926', '0.0568', '0.0594', '0.0739', '0.0852', '0.0905'], num_positive: 147.4000, roi_reg_loss: 0.9254, roi_cls_loss: 0.2766

2022-05-19 20:30:47,743 - INFO - Epoch [1/6][115/133]	lr: 0.00018, eta: 1:17:59, time: 6.762, data_time: 0.075, transfer_time: 0.101, forward_time: 6.238, loss_parse_time: 0.000 memory: 11634, 
2022-05-19 20:30:47,743 - INFO - task : ['VEHICLE', 'PEDESTRIAN', 'CYCLIST'], loss: 2.3673, hm_loss: 0.0000, loc_loss: 0.5967, loc_loss_elem: ['0.1071', '0.0883', '0.0791', '0.0577', '0.0603', '0.0700', '0.0594', '0.0748'], num_positive: 159.0000, roi_reg_loss: 0.9088, roi_cls_loss: 0.2652

2022-05-19 20:31:21,689 - INFO - Epoch [1/6][120/133]	lr: 0.00019, eta: 1:17:23, time: 6.789, data_time: 0.069, transfer_time: 0.099, forward_time: 6.261, loss_parse_time: 0.000 memory: 11634, 
2022-05-19 20:31:21,689 - INFO - task : ['VEHICLE', 'PEDESTRIAN', 'CYCLIST'], loss: 2.5188, hm_loss: 0.0000, loc_loss: 0.6507, loc_loss_elem: ['0.1014', '0.0884', '0.0917', '0.0619', '0.0652', '0.0758', '0.0786', '0.0877'], num_positive: 178.8000, roi_reg_loss: 0.9143, roi_cls_loss: 0.3031

2022-05-19 20:31:55,598 - INFO - Epoch [1/6][125/133]	lr: 0.00020, eta: 1:16:47, time: 6.782, data_time: 0.069, transfer_time: 0.105, forward_time: 6.241, loss_parse_time: 0.000 memory: 11634, 
2022-05-19 20:31:55,598 - INFO - task : ['VEHICLE', 'PEDESTRIAN', 'CYCLIST'], loss: 2.6225, hm_loss: 0.0000, loc_loss: 0.6815, loc_loss_elem: ['0.1083', '0.0887', '0.0885', '0.0608', '0.0646', '0.0768', '0.0914', '0.1024'], num_positive: 170.0000, roi_reg_loss: 0.9490, roi_cls_loss: 0.3105

2022-05-19 20:32:29,289 - INFO - Epoch [1/6][130/133]	lr: 0.00021, eta: 1:16:10, time: 6.738, data_time: 0.069, transfer_time: 0.099, forward_time: 6.194, loss_parse_time: 0.000 memory: 11634, 
2022-05-19 20:32:29,289 - INFO - task : ['VEHICLE', 'PEDESTRIAN', 'CYCLIST'], loss: 2.4084, hm_loss: 0.0000, loc_loss: 0.6007, loc_loss_elem: ['0.1097', '0.0863', '0.0889', '0.0546', '0.0531', '0.0737', '0.0545', '0.0799'], num_positive: 166.8000, roi_reg_loss: 0.9252, roi_cls_loss: 0.2817

2022-05-19 20:33:30,177 - INFO - Epoch [2/6][5/133]	lr: 0.00023, eta: 1:14:07, time: 8.078, data_time: 1.282, transfer_time: 0.105, forward_time: 6.331, loss_parse_time: 0.000 memory: 11634, 
2022-05-19 20:33:30,177 - INFO - task : ['VEHICLE', 'PEDESTRIAN', 'CYCLIST'], loss: 2.3745, hm_loss: 0.0000, loc_loss: 0.6118, loc_loss_elem: ['0.0950', '0.0874', '0.0866', '0.0569', '0.0597', '0.0749', '0.0647', '0.0867'], num_positive: 170.2000, roi_reg_loss: 0.8684, roi_cls_loss: 0.2825

2022-05-19 20:34:04,218 - INFO - Epoch [2/6][10/133]	lr: 0.00024, eta: 1:13:35, time: 6.811, data_time: 0.069, transfer_time: 0.096, forward_time: 6.275, loss_parse_time: 0.000 memory: 11634, 
2022-05-19 20:34:04,219 - INFO - task : ['VEHICLE', 'PEDESTRIAN', 'CYCLIST'], loss: 2.3349, hm_loss: 0.0000, loc_loss: 0.5883, loc_loss_elem: ['0.1047', '0.0830', '0.0819', '0.0558', '0.0544', '0.0759', '0.0562', '0.0765'], num_positive: 182.2000, roi_reg_loss: 0.8897, roi_cls_loss: 0.2686

2022-05-19 20:34:37,763 - INFO - Epoch [2/6][15/133]	lr: 0.00025, eta: 1:13:00, time: 6.706, data_time: 0.067, transfer_time: 0.100, forward_time: 6.192, loss_parse_time: 0.000 memory: 11634, 
2022-05-19 20:34:37,763 - INFO - task : ['VEHICLE', 'PEDESTRIAN', 'CYCLIST'], loss: 2.4280, hm_loss: 0.0000, loc_loss: 0.6243, loc_loss_elem: ['0.1131', '0.0907', '0.0841', '0.0586', '0.0574', '0.0742', '0.0636', '0.0825'], num_positive: 166.8000, roi_reg_loss: 0.9334, roi_cls_loss: 0.2461

2022-05-19 20:35:11,006 - INFO - Epoch [2/6][20/133]	lr: 0.00026, eta: 1:12:25, time: 6.651, data_time: 0.070, transfer_time: 0.098, forward_time: 6.143, loss_parse_time: 0.000 memory: 11634, 
2022-05-19 20:35:11,006 - INFO - task : ['VEHICLE', 'PEDESTRIAN', 'CYCLIST'], loss: 2.2172, hm_loss: 0.0000, loc_loss: 0.5388, loc_loss_elem: ['0.1068', '0.0812', '0.0754', '0.0542', '0.0524', '0.0664', '0.0448', '0.0576'], num_positive: 167.8000, roi_reg_loss: 0.8807, roi_cls_loss: 0.2588

2022-05-19 20:35:44,454 - INFO - Epoch [2/6][25/133]	lr: 0.00027, eta: 1:11:50, time: 6.690, data_time: 0.072, transfer_time: 0.099, forward_time: 6.163, loss_parse_time: 0.000 memory: 11634, 
2022-05-19 20:35:44,455 - INFO - task : ['VEHICLE', 'PEDESTRIAN', 'CYCLIST'], loss: 2.4179, hm_loss: 0.0000, loc_loss: 0.6008, loc_loss_elem: ['0.1059', '0.0845', '0.0828', '0.0590', '0.0601', '0.0783', '0.0509', '0.0793'], num_positive: 179.8000, roi_reg_loss: 0.9302, roi_cls_loss: 0.2860

2022-05-19 20:36:18,212 - INFO - Epoch [2/6][30/133]	lr: 0.00028, eta: 1:11:17, time: 6.752, data_time: 0.072, transfer_time: 0.100, forward_time: 6.200, loss_parse_time: 0.000 memory: 11634, 
2022-05-19 20:36:18,212 - INFO - task : ['VEHICLE', 'PEDESTRIAN', 'CYCLIST'], loss: 2.3802, hm_loss: 0.0000, loc_loss: 0.5921, loc_loss_elem: ['0.1052', '0.0851', '0.0856', '0.0562', '0.0553', '0.0736', '0.0633', '0.0679'], num_positive: 171.0000, roi_reg_loss: 0.9457, roi_cls_loss: 0.2503

2022-05-19 20:36:51,401 - INFO - Epoch [2/6][35/133]	lr: 0.00029, eta: 1:10:41, time: 6.638, data_time: 0.066, transfer_time: 0.103, forward_time: 6.120, loss_parse_time: 0.000 memory: 11634, 
2022-05-19 20:36:51,401 - INFO - task : ['VEHICLE', 'PEDESTRIAN', 'CYCLIST'], loss: 2.4241, hm_loss: 0.0000, loc_loss: 0.6116, loc_loss_elem: ['0.1136', '0.0921', '0.0938', '0.0558', '0.0555', '0.0736', '0.0487', '0.0784'], num_positive: 173.4000, roi_reg_loss: 0.9315, roi_cls_loss: 0.2694

2022-05-19 20:37:24,567 - INFO - Epoch [2/6][40/133]	lr: 0.00030, eta: 1:10:06, time: 6.633, data_time: 0.064, transfer_time: 0.097, forward_time: 6.125, loss_parse_time: 0.000 memory: 11634, 
2022-05-19 20:37:24,568 - INFO - task : ['VEHICLE', 'PEDESTRIAN', 'CYCLIST'], loss: 2.3643, hm_loss: 0.0000, loc_loss: 0.6107, loc_loss_elem: ['0.1056', '0.0825', '0.0913', '0.0575', '0.0640', '0.0741', '0.0599', '0.0759'], num_positive: 151.6000, roi_reg_loss: 0.9042, roi_cls_loss: 0.2387

2022-05-19 20:37:58,024 - INFO - Epoch [2/6][45/133]	lr: 0.00031, eta: 1:09:31, time: 6.689, data_time: 0.066, transfer_time: 0.100, forward_time: 6.176, loss_parse_time: 0.000 memory: 11634, 
2022-05-19 20:37:58,024 - INFO - task : ['VEHICLE', 'PEDESTRIAN', 'CYCLIST'], loss: 2.4218, hm_loss: 0.0000, loc_loss: 0.6459, loc_loss_elem: ['0.1058', '0.0912', '0.0893', '0.0585', '0.0609', '0.0697', '0.0770', '0.0935'], num_positive: 132.6000, roi_reg_loss: 0.9109, roi_cls_loss: 0.2190

2022-05-19 20:38:31,463 - INFO - Epoch [2/6][50/133]	lr: 0.00032, eta: 1:08:57, time: 6.690, data_time: 0.073, transfer_time: 0.101, forward_time: 6.146, loss_parse_time: 0.000 memory: 11634, 
2022-05-19 20:38:31,463 - INFO - task : ['VEHICLE', 'PEDESTRIAN', 'CYCLIST'], loss: 2.3438, hm_loss: 0.0000, loc_loss: 0.6327, loc_loss_elem: ['0.1088', '0.0856', '0.0840', '0.0633', '0.0687', '0.0755', '0.0717', '0.0752'], num_positive: 130.2000, roi_reg_loss: 0.8696, roi_cls_loss: 0.2089

2022-05-19 20:39:05,050 - INFO - Epoch [2/6][55/133]	lr: 0.00034, eta: 1:08:23, time: 6.717, data_time: 0.073, transfer_time: 0.100, forward_time: 6.170, loss_parse_time: 0.000 memory: 11634, 
2022-05-19 20:39:05,050 - INFO - task : ['VEHICLE', 'PEDESTRIAN', 'CYCLIST'], loss: 2.3153, hm_loss: 0.0000, loc_loss: 0.6029, loc_loss_elem: ['0.0953', '0.0817', '0.0790', '0.0614', '0.0696', '0.0722', '0.0618', '0.0819'], num_positive: 188.4000, roi_reg_loss: 0.8286, roi_cls_loss: 0.2809

2022-05-19 20:39:38,569 - INFO - Epoch [2/6][60/133]	lr: 0.00035, eta: 1:07:49, time: 6.704, data_time: 0.072, transfer_time: 0.098, forward_time: 6.165, loss_parse_time: 0.000 memory: 11634, 
2022-05-19 20:39:38,569 - INFO - task : ['VEHICLE', 'PEDESTRIAN', 'CYCLIST'], loss: 2.3237, hm_loss: 0.0000, loc_loss: 0.6129, loc_loss_elem: ['0.0957', '0.0759', '0.0756', '0.0627', '0.0744', '0.0696', '0.0756', '0.0834'], num_positive: 219.8000, roi_reg_loss: 0.7911, roi_cls_loss: 0.3067

2022-05-19 20:40:11,818 - INFO - Epoch [2/6][65/133]	lr: 0.00036, eta: 1:07:14, time: 6.650, data_time: 0.071, transfer_time: 0.098, forward_time: 6.135, loss_parse_time: 0.000 memory: 11634, 
2022-05-19 20:40:11,818 - INFO - task : ['VEHICLE', 'PEDESTRIAN', 'CYCLIST'], loss: 2.3510, hm_loss: 0.0000, loc_loss: 0.5876, loc_loss_elem: ['0.1013', '0.0862', '0.0817', '0.0576', '0.0611', '0.0654', '0.0592', '0.0750'], num_positive: 216.8000, roi_reg_loss: 0.8582, roi_cls_loss: 0.3176

2022-05-19 20:40:45,337 - INFO - Epoch [2/6][70/133]	lr: 0.00037, eta: 1:06:40, time: 6.704, data_time: 0.072, transfer_time: 0.103, forward_time: 6.168, loss_parse_time: 0.000 memory: 11634, 
2022-05-19 20:40:45,338 - INFO - task : ['VEHICLE', 'PEDESTRIAN', 'CYCLIST'], loss: 2.3199, hm_loss: 0.0000, loc_loss: 0.6136, loc_loss_elem: ['0.0969', '0.0955', '0.0869', '0.0586', '0.0619', '0.0761', '0.0611', '0.0765'], num_positive: 121.8000, roi_reg_loss: 0.8857, roi_cls_loss: 0.2070

2022-05-19 20:41:18,692 - INFO - Epoch [2/6][75/133]	lr: 0.00038, eta: 1:06:06, time: 6.668, data_time: 0.067, transfer_time: 0.097, forward_time: 6.147, loss_parse_time: 0.000 memory: 11634, 
2022-05-19 20:41:18,693 - INFO - task : ['VEHICLE', 'PEDESTRIAN', 'CYCLIST'], loss: 2.3046, hm_loss: 0.0000, loc_loss: 0.6352, loc_loss_elem: ['0.1047', '0.0836', '0.0888', '0.0603', '0.0679', '0.0689', '0.0740', '0.0870'], num_positive: 155.2000, roi_reg_loss: 0.8052, roi_cls_loss: 0.2291

2022-05-19 20:41:52,153 - INFO - Epoch [2/6][80/133]	lr: 0.00039, eta: 1:05:32, time: 6.693, data_time: 0.073, transfer_time: 0.099, forward_time: 6.172, loss_parse_time: 0.000 memory: 11634, 
2022-05-19 20:41:52,153 - INFO - task : ['VEHICLE', 'PEDESTRIAN', 'CYCLIST'], loss: 2.3645, hm_loss: 0.0000, loc_loss: 0.6287, loc_loss_elem: ['0.1033', '0.0814', '0.0836', '0.0623', '0.0675', '0.0716', '0.0725', '0.0864'], num_positive: 198.6000, roi_reg_loss: 0.8174, roi_cls_loss: 0.2899

2022-05-19 20:42:25,830 - INFO - Epoch [2/6][85/133]	lr: 0.00040, eta: 1:04:59, time: 6.738, data_time: 0.072, transfer_time: 0.098, forward_time: 6.186, loss_parse_time: 0.000 memory: 11634, 
2022-05-19 20:42:25,830 - INFO - task : ['VEHICLE', 'PEDESTRIAN', 'CYCLIST'], loss: 2.1424, hm_loss: 0.0000, loc_loss: 0.5781, loc_loss_elem: ['0.1067', '0.0783', '0.0832', '0.0558', '0.0611', '0.0688', '0.0595', '0.0649'], num_positive: 158.4000, roi_reg_loss: 0.7687, roi_cls_loss: 0.2174

2022-05-19 20:42:59,348 - INFO - Epoch [2/6][90/133]	lr: 0.00040, eta: 1:04:25, time: 6.704, data_time: 0.067, transfer_time: 0.099, forward_time: 6.184, loss_parse_time: 0.000 memory: 11634, 
2022-05-19 20:42:59,349 - INFO - task : ['VEHICLE', 'PEDESTRIAN', 'CYCLIST'], loss: 2.2249, hm_loss: 0.0000, loc_loss: 0.5822, loc_loss_elem: ['0.1002', '0.0805', '0.0802', '0.0576', '0.0589', '0.0696', '0.0610', '0.0743'], num_positive: 214.0000, roi_reg_loss: 0.7738, roi_cls_loss: 0.2868

2022-05-19 20:43:32,846 - INFO - Epoch [2/6][95/133]	lr: 0.00041, eta: 1:03:51, time: 6.699, data_time: 0.066, transfer_time: 0.097, forward_time: 6.171, loss_parse_time: 0.000 memory: 11634, 
2022-05-19 20:43:32,846 - INFO - task : ['VEHICLE', 'PEDESTRIAN', 'CYCLIST'], loss: 2.3179, hm_loss: 0.0000, loc_loss: 0.6365, loc_loss_elem: ['0.0973', '0.0937', '0.0912', '0.0562', '0.0588', '0.0769', '0.0733', '0.0890'], num_positive: 169.2000, roi_reg_loss: 0.7766, roi_cls_loss: 0.2683

2022-05-19 20:44:06,264 - INFO - Epoch [2/6][100/133]	lr: 0.00042, eta: 1:03:17, time: 6.684, data_time: 0.071, transfer_time: 0.101, forward_time: 6.156, loss_parse_time: 0.000 memory: 11634, 
2022-05-19 20:44:06,264 - INFO - task : ['VEHICLE', 'PEDESTRIAN', 'CYCLIST'], loss: 2.1648, hm_loss: 0.0000, loc_loss: 0.5853, loc_loss_elem: ['0.1046', '0.0824', '0.0799', '0.0602', '0.0609', '0.0692', '0.0638', '0.0642'], num_positive: 158.4000, roi_reg_loss: 0.7678, roi_cls_loss: 0.2265

2022-05-19 20:44:39,549 - INFO - Epoch [2/6][105/133]	lr: 0.00043, eta: 1:02:42, time: 6.656, data_time: 0.067, transfer_time: 0.098, forward_time: 6.135, loss_parse_time: 0.000 memory: 11634, 
2022-05-19 20:44:39,550 - INFO - task : ['VEHICLE', 'PEDESTRIAN', 'CYCLIST'], loss: 2.2889, hm_loss: 0.0000, loc_loss: 0.6174, loc_loss_elem: ['0.0959', '0.0916', '0.0908', '0.0551', '0.0577', '0.0695', '0.0730', '0.0838'], num_positive: 149.8000, roi_reg_loss: 0.8249, roi_cls_loss: 0.2292

2022-05-19 20:45:12,872 - INFO - Epoch [2/6][110/133]	lr: 0.00044, eta: 1:02:08, time: 6.663, data_time: 0.064, transfer_time: 0.097, forward_time: 6.150, loss_parse_time: 0.000 memory: 11634, 
2022-05-19 20:45:12,873 - INFO - task : ['VEHICLE', 'PEDESTRIAN', 'CYCLIST'], loss: 2.2393, hm_loss: 0.0000, loc_loss: 0.5920, loc_loss_elem: ['0.1127', '0.0950', '0.0774', '0.0555', '0.0585', '0.0659', '0.0470', '0.0799'], num_positive: 136.2000, roi_reg_loss: 0.8286, roi_cls_loss: 0.2268

2022-05-19 20:45:46,378 - INFO - Epoch [2/6][115/133]	lr: 0.00045, eta: 1:01:34, time: 6.703, data_time: 0.069, transfer_time: 0.102, forward_time: 6.172, loss_parse_time: 0.000 memory: 11634, 
2022-05-19 20:45:46,379 - INFO - task : ['VEHICLE', 'PEDESTRIAN', 'CYCLIST'], loss: 2.2390, hm_loss: 0.0000, loc_loss: 0.6104, loc_loss_elem: ['0.1052', '0.0822', '0.0796', '0.0631', '0.0729', '0.0719', '0.0653', '0.0703'], num_positive: 169.6000, roi_reg_loss: 0.7679, roi_cls_loss: 0.2502

2022-05-19 20:46:19,617 - INFO - Epoch [2/6][120/133]	lr: 0.00045, eta: 1:01:00, time: 6.646, data_time: 0.061, transfer_time: 0.097, forward_time: 6.146, loss_parse_time: 0.000 memory: 11634, 
2022-05-19 20:46:19,617 - INFO - task : ['VEHICLE', 'PEDESTRIAN', 'CYCLIST'], loss: 2.2703, hm_loss: 0.0000, loc_loss: 0.6162, loc_loss_elem: ['0.1035', '0.0893', '0.0946', '0.0601', '0.0592', '0.0661', '0.0593', '0.0840'], num_positive: 179.8000, roi_reg_loss: 0.7840, roi_cls_loss: 0.2540

2022-05-19 20:46:52,803 - INFO - Epoch [2/6][125/133]	lr: 0.00046, eta: 1:00:26, time: 6.639, data_time: 0.062, transfer_time: 0.096, forward_time: 6.136, loss_parse_time: 0.000 memory: 11634, 
2022-05-19 20:46:52,803 - INFO - task : ['VEHICLE', 'PEDESTRIAN', 'CYCLIST'], loss: 2.2286, hm_loss: 0.0000, loc_loss: 0.6159, loc_loss_elem: ['0.1063', '0.0876', '0.1016', '0.0555', '0.0606', '0.0749', '0.0422', '0.0872'], num_positive: 142.0000, roi_reg_loss: 0.7838, roi_cls_loss: 0.2130

2022-05-19 20:47:25,849 - INFO - Epoch [2/6][130/133]	lr: 0.00047, eta: 0:59:51, time: 6.609, data_time: 0.069, transfer_time: 0.101, forward_time: 6.062, loss_parse_time: 0.000 memory: 11634, 
2022-05-19 20:47:25,849 - INFO - task : ['VEHICLE', 'PEDESTRIAN', 'CYCLIST'], loss: 2.3162, hm_loss: 0.0000, loc_loss: 0.6394, loc_loss_elem: ['0.1044', '0.0920', '0.1055', '0.0501', '0.0544', '0.0813', '0.0653', '0.0863'], num_positive: 102.8000, roi_reg_loss: 0.8673, roi_cls_loss: 0.1701

2022-05-19 20:48:26,149 - INFO - Epoch [3/6][5/133]	lr: 0.00047, eta: 0:58:31, time: 8.050, data_time: 1.303, transfer_time: 0.105, forward_time: 6.278, loss_parse_time: 0.000 memory: 11634, 
2022-05-19 20:48:26,149 - INFO - task : ['VEHICLE', 'PEDESTRIAN', 'CYCLIST'], loss: 2.2453, hm_loss: 0.0000, loc_loss: 0.6158, loc_loss_elem: ['0.1133', '0.0911', '0.0944', '0.0569', '0.0544', '0.0753', '0.0529', '0.0777'], num_positive: 149.4000, roi_reg_loss: 0.7710, roi_cls_loss: 0.2427

2022-05-19 20:48:59,713 - INFO - Epoch [3/6][10/133]	lr: 0.00048, eta: 0:57:58, time: 6.713, data_time: 0.072, transfer_time: 0.101, forward_time: 6.156, loss_parse_time: 0.000 memory: 11634, 
2022-05-19 20:48:59,714 - INFO - task : ['VEHICLE', 'PEDESTRIAN', 'CYCLIST'], loss: 2.0903, hm_loss: 0.0000, loc_loss: 0.5823, loc_loss_elem: ['0.0981', '0.0781', '0.0869', '0.0567', '0.0614', '0.0654', '0.0642', '0.0716'], num_positive: 153.4000, roi_reg_loss: 0.7330, roi_cls_loss: 0.1926

2022-05-19 20:49:33,197 - INFO - Epoch [3/6][15/133]	lr: 0.00048, eta: 0:57:25, time: 6.694, data_time: 0.065, transfer_time: 0.099, forward_time: 6.178, loss_parse_time: 0.000 memory: 11634, 
2022-05-19 20:49:33,198 - INFO - task : ['VEHICLE', 'PEDESTRIAN', 'CYCLIST'], loss: 2.2215, hm_loss: 0.0000, loc_loss: 0.6129, loc_loss_elem: ['0.1008', '0.0891', '0.0910', '0.0534', '0.0501', '0.0793', '0.0668', '0.0825'], num_positive: 155.6000, roi_reg_loss: 0.7763, roi_cls_loss: 0.2193

2022-05-19 20:50:06,439 - INFO - Epoch [3/6][20/133]	lr: 0.00049, eta: 0:56:52, time: 6.651, data_time: 0.068, transfer_time: 0.096, forward_time: 6.137, loss_parse_time: 0.000 memory: 11634, 
2022-05-19 20:50:06,440 - INFO - task : ['VEHICLE', 'PEDESTRIAN', 'CYCLIST'], loss: 2.3646, hm_loss: 0.0000, loc_loss: 0.6562, loc_loss_elem: ['0.1051', '0.0882', '0.0938', '0.0551', '0.0616', '0.0817', '0.0809', '0.0899'], num_positive: 180.2000, roi_reg_loss: 0.7692, roi_cls_loss: 0.2830

2022-05-19 20:50:39,931 - INFO - Epoch [3/6][25/133]	lr: 0.00049, eta: 0:56:19, time: 6.698, data_time: 0.066, transfer_time: 0.099, forward_time: 6.173, loss_parse_time: 0.000 memory: 11634, 
2022-05-19 20:50:39,931 - INFO - task : ['VEHICLE', 'PEDESTRIAN', 'CYCLIST'], loss: 2.1719, hm_loss: 0.0000, loc_loss: 0.6084, loc_loss_elem: ['0.1058', '0.0875', '0.0856', '0.0593', '0.0622', '0.0707', '0.0584', '0.0787'], num_positive: 167.8000, roi_reg_loss: 0.7325, roi_cls_loss: 0.2226

2022-05-19 20:51:13,246 - INFO - Epoch [3/6][30/133]	lr: 0.00049, eta: 0:55:45, time: 6.663, data_time: 0.069, transfer_time: 0.100, forward_time: 6.135, loss_parse_time: 0.000 memory: 11634, 
2022-05-19 20:51:13,246 - INFO - task : ['VEHICLE', 'PEDESTRIAN', 'CYCLIST'], loss: 2.1003, hm_loss: 0.0000, loc_loss: 0.5712, loc_loss_elem: ['0.0968', '0.0781', '0.0813', '0.0585', '0.0626', '0.0649', '0.0604', '0.0685'], num_positive: 168.8000, roi_reg_loss: 0.7346, roi_cls_loss: 0.2233

2022-05-19 20:51:46,516 - INFO - Epoch [3/6][35/133]	lr: 0.00050, eta: 0:55:12, time: 6.654, data_time: 0.069, transfer_time: 0.099, forward_time: 6.126, loss_parse_time: 0.000 memory: 11634, 
2022-05-19 20:51:46,516 - INFO - task : ['VEHICLE', 'PEDESTRIAN', 'CYCLIST'], loss: 2.1879, hm_loss: 0.0000, loc_loss: 0.5986, loc_loss_elem: ['0.1018', '0.0839', '0.0839', '0.0556', '0.0598', '0.0662', '0.0612', '0.0861'], num_positive: 176.6000, roi_reg_loss: 0.7474, roi_cls_loss: 0.2434

2022-05-19 20:52:19,978 - INFO - Epoch [3/6][40/133]	lr: 0.00050, eta: 0:54:39, time: 6.692, data_time: 0.069, transfer_time: 0.098, forward_time: 6.154, loss_parse_time: 0.000 memory: 11634, 
2022-05-19 20:52:19,979 - INFO - task : ['VEHICLE', 'PEDESTRIAN', 'CYCLIST'], loss: 2.3259, hm_loss: 0.0000, loc_loss: 0.6642, loc_loss_elem: ['0.1061', '0.0914', '0.0952', '0.0572', '0.0613', '0.0781', '0.0786', '0.0962'], num_positive: 162.4000, roi_reg_loss: 0.7435, roi_cls_loss: 0.2540

2022-05-19 20:52:53,485 - INFO - Epoch [3/6][45/133]	lr: 0.00050, eta: 0:54:06, time: 6.701, data_time: 0.066, transfer_time: 0.098, forward_time: 6.173, loss_parse_time: 0.000 memory: 11634, 
2022-05-19 20:52:53,485 - INFO - task : ['VEHICLE', 'PEDESTRIAN', 'CYCLIST'], loss: 2.2137, hm_loss: 0.0000, loc_loss: 0.5998, loc_loss_elem: ['0.1107', '0.0890', '0.0886', '0.0556', '0.0589', '0.0683', '0.0581', '0.0707'], num_positive: 179.4000, roi_reg_loss: 0.7662, roi_cls_loss: 0.2478

2022-05-19 20:53:26,952 - INFO - Epoch [3/6][50/133]	lr: 0.00050, eta: 0:53:33, time: 6.693, data_time: 0.069, transfer_time: 0.098, forward_time: 6.151, loss_parse_time: 0.000 memory: 11634, 
2022-05-19 20:53:26,952 - INFO - task : ['VEHICLE', 'PEDESTRIAN', 'CYCLIST'], loss: 2.1815, hm_loss: 0.0000, loc_loss: 0.5854, loc_loss_elem: ['0.1127', '0.0893', '0.0798', '0.0545', '0.0544', '0.0694', '0.0526', '0.0727'], num_positive: 182.4000, roi_reg_loss: 0.7645, roi_cls_loss: 0.2463

2022-05-19 20:54:00,362 - INFO - Epoch [3/6][55/133]	lr: 0.00050, eta: 0:52:59, time: 6.682, data_time: 0.070, transfer_time: 0.100, forward_time: 6.148, loss_parse_time: 0.000 memory: 11634, 
2022-05-19 20:54:00,362 - INFO - task : ['VEHICLE', 'PEDESTRIAN', 'CYCLIST'], loss: 2.3584, hm_loss: 0.0000, loc_loss: 0.6760, loc_loss_elem: ['0.1075', '0.0946', '0.0985', '0.0643', '0.0669', '0.0737', '0.0697', '0.1009'], num_positive: 162.0000, roi_reg_loss: 0.7595, roi_cls_loss: 0.2469

2022-05-19 20:54:33,802 - INFO - Epoch [3/6][60/133]	lr: 0.00050, eta: 0:52:26, time: 6.686, data_time: 0.071, transfer_time: 0.098, forward_time: 6.160, loss_parse_time: 0.000 memory: 11634, 
2022-05-19 20:54:33,802 - INFO - task : ['VEHICLE', 'PEDESTRIAN', 'CYCLIST'], loss: 2.0819, hm_loss: 0.0000, loc_loss: 0.5798, loc_loss_elem: ['0.1059', '0.0778', '0.0867', '0.0549', '0.0574', '0.0770', '0.0423', '0.0777'], num_positive: 149.2000, roi_reg_loss: 0.7044, roi_cls_loss: 0.2179

2022-05-19 20:55:07,338 - INFO - Epoch [3/6][65/133]	lr: 0.00050, eta: 0:51:53, time: 6.709, data_time: 0.073, transfer_time: 0.099, forward_time: 6.168, loss_parse_time: 0.000 memory: 11634, 
2022-05-19 20:55:07,338 - INFO - task : ['VEHICLE', 'PEDESTRIAN', 'CYCLIST'], loss: 2.1656, hm_loss: 0.0000, loc_loss: 0.5925, loc_loss_elem: ['0.0985', '0.0880', '0.0818', '0.0564', '0.0587', '0.0693', '0.0562', '0.0837'], num_positive: 180.8000, roi_reg_loss: 0.7391, roi_cls_loss: 0.2415

2022-05-19 20:55:40,808 - INFO - Epoch [3/6][70/133]	lr: 0.00050, eta: 0:51:20, time: 6.693, data_time: 0.070, transfer_time: 0.099, forward_time: 6.155, loss_parse_time: 0.000 memory: 11634, 
2022-05-19 20:55:40,808 - INFO - task : ['VEHICLE', 'PEDESTRIAN', 'CYCLIST'], loss: 2.2672, hm_loss: 0.0000, loc_loss: 0.6158, loc_loss_elem: ['0.1019', '0.0903', '0.0890', '0.0561', '0.0549', '0.0721', '0.0650', '0.0863'], num_positive: 189.6000, roi_reg_loss: 0.7604, roi_cls_loss: 0.2753

2022-05-19 20:56:14,079 - INFO - Epoch [3/6][75/133]	lr: 0.00050, eta: 0:50:47, time: 6.655, data_time: 0.066, transfer_time: 0.100, forward_time: 6.141, loss_parse_time: 0.000 memory: 11634, 
2022-05-19 20:56:14,080 - INFO - task : ['VEHICLE', 'PEDESTRIAN', 'CYCLIST'], loss: 2.1098, hm_loss: 0.0000, loc_loss: 0.5919, loc_loss_elem: ['0.1024', '0.0766', '0.0810', '0.0581', '0.0627', '0.0795', '0.0650', '0.0667'], num_positive: 153.0000, roi_reg_loss: 0.7055, roi_cls_loss: 0.2206

2022-05-19 20:56:47,457 - INFO - Epoch [3/6][80/133]	lr: 0.00050, eta: 0:50:13, time: 6.675, data_time: 0.071, transfer_time: 0.101, forward_time: 6.130, loss_parse_time: 0.000 memory: 11634, 
2022-05-19 20:56:47,457 - INFO - task : ['VEHICLE', 'PEDESTRIAN', 'CYCLIST'], loss: 2.1278, hm_loss: 0.0000, loc_loss: 0.6038, loc_loss_elem: ['0.1033', '0.0877', '0.0823', '0.0530', '0.0581', '0.0598', '0.0724', '0.0872'], num_positive: 137.4000, roi_reg_loss: 0.7327, roi_cls_loss: 0.1875

2022-05-19 20:57:20,883 - INFO - Epoch [3/6][85/133]	lr: 0.00049, eta: 0:49:40, time: 6.685, data_time: 0.070, transfer_time: 0.102, forward_time: 6.157, loss_parse_time: 0.000 memory: 11634, 
2022-05-19 20:57:20,883 - INFO - task : ['VEHICLE', 'PEDESTRIAN', 'CYCLIST'], loss: 2.2325, hm_loss: 0.0000, loc_loss: 0.6380, loc_loss_elem: ['0.1142', '0.0863', '0.0920', '0.0610', '0.0647', '0.0757', '0.0638', '0.0803'], num_positive: 155.6000, roi_reg_loss: 0.7374, roi_cls_loss: 0.2191

2022-05-19 20:57:54,438 - INFO - Epoch [3/6][90/133]	lr: 0.00049, eta: 0:49:07, time: 6.711, data_time: 0.063, transfer_time: 0.100, forward_time: 6.195, loss_parse_time: 0.000 memory: 11634, 
2022-05-19 20:57:54,438 - INFO - task : ['VEHICLE', 'PEDESTRIAN', 'CYCLIST'], loss: 2.3237, hm_loss: 0.0000, loc_loss: 0.6693, loc_loss_elem: ['0.1113', '0.0886', '0.0990', '0.0606', '0.0676', '0.0742', '0.0745', '0.0934'], num_positive: 152.2000, roi_reg_loss: 0.7500, roi_cls_loss: 0.2351

2022-05-19 20:58:27,864 - INFO - Epoch [3/6][95/133]	lr: 0.00049, eta: 0:48:34, time: 6.683, data_time: 0.059, transfer_time: 0.097, forward_time: 6.175, loss_parse_time: 0.000 memory: 11634, 
2022-05-19 20:58:27,865 - INFO - task : ['VEHICLE', 'PEDESTRIAN', 'CYCLIST'], loss: 2.1849, hm_loss: 0.0000, loc_loss: 0.6089, loc_loss_elem: ['0.1036', '0.0907', '0.0810', '0.0581', '0.0626', '0.0706', '0.0631', '0.0791'], num_positive: 171.4000, roi_reg_loss: 0.7203, roi_cls_loss: 0.2469

2022-05-19 20:59:01,191 - INFO - Epoch [3/6][100/133]	lr: 0.00049, eta: 0:48:00, time: 6.668, data_time: 0.070, transfer_time: 0.099, forward_time: 6.145, loss_parse_time: 0.000 memory: 11634, 
2022-05-19 20:59:01,191 - INFO - task : ['VEHICLE', 'PEDESTRIAN', 'CYCLIST'], loss: 2.1472, hm_loss: 0.0000, loc_loss: 0.6065, loc_loss_elem: ['0.1063', '0.0803', '0.0826', '0.0571', '0.0649', '0.0717', '0.0659', '0.0777'], num_positive: 177.0000, roi_reg_loss: 0.6932, roi_cls_loss: 0.2410

2022-05-19 20:59:34,456 - INFO - Epoch [3/6][105/133]	lr: 0.00049, eta: 0:47:27, time: 6.653, data_time: 0.071, transfer_time: 0.099, forward_time: 6.132, loss_parse_time: 0.000 memory: 11634, 
2022-05-19 20:59:34,456 - INFO - task : ['VEHICLE', 'PEDESTRIAN', 'CYCLIST'], loss: 2.1749, hm_loss: 0.0000, loc_loss: 0.5889, loc_loss_elem: ['0.1029', '0.0866', '0.0799', '0.0535', '0.0568', '0.0677', '0.0577', '0.0838'], num_positive: 206.4000, roi_reg_loss: 0.7105, roi_cls_loss: 0.2865

2022-05-19 21:00:07,908 - INFO - Epoch [3/6][110/133]	lr: 0.00048, eta: 0:46:54, time: 6.690, data_time: 0.071, transfer_time: 0.102, forward_time: 6.146, loss_parse_time: 0.000 memory: 11634, 
2022-05-19 21:00:07,909 - INFO - task : ['VEHICLE', 'PEDESTRIAN', 'CYCLIST'], loss: 2.0490, hm_loss: 0.0000, loc_loss: 0.5802, loc_loss_elem: ['0.1023', '0.0861', '0.0935', '0.0516', '0.0498', '0.0793', '0.0445', '0.0730'], num_positive: 123.0000, roi_reg_loss: 0.7187, roi_cls_loss: 0.1700

2022-05-19 21:00:41,396 - INFO - Epoch [3/6][115/133]	lr: 0.00048, eta: 0:46:21, time: 6.698, data_time: 0.071, transfer_time: 0.100, forward_time: 6.154, loss_parse_time: 0.000 memory: 11634, 
2022-05-19 21:00:41,396 - INFO - task : ['VEHICLE', 'PEDESTRIAN', 'CYCLIST'], loss: 2.1733, hm_loss: 0.0000, loc_loss: 0.6111, loc_loss_elem: ['0.0960', '0.0875', '0.0846', '0.0590', '0.0628', '0.0702', '0.0716', '0.0795'], num_positive: 200.0000, roi_reg_loss: 0.6846, roi_cls_loss: 0.2664

2022-05-19 21:01:14,681 - INFO - Epoch [3/6][120/133]	lr: 0.00048, eta: 0:45:47, time: 6.655, data_time: 0.063, transfer_time: 0.098, forward_time: 6.149, loss_parse_time: 0.000 memory: 11634, 
2022-05-19 21:01:14,682 - INFO - task : ['VEHICLE', 'PEDESTRIAN', 'CYCLIST'], loss: 2.1116, hm_loss: 0.0000, loc_loss: 0.5984, loc_loss_elem: ['0.1111', '0.0864', '0.0859', '0.0549', '0.0569', '0.0655', '0.0582', '0.0795'], num_positive: 154.6000, roi_reg_loss: 0.7057, roi_cls_loss: 0.2090

2022-05-19 21:01:48,502 - INFO - Epoch [3/6][125/133]	lr: 0.00047, eta: 0:45:14, time: 6.766, data_time: 0.069, transfer_time: 0.099, forward_time: 6.241, loss_parse_time: 0.000 memory: 11634, 
2022-05-19 21:01:48,502 - INFO - task : ['VEHICLE', 'PEDESTRIAN', 'CYCLIST'], loss: 2.0911, hm_loss: 0.0000, loc_loss: 0.5928, loc_loss_elem: ['0.1042', '0.0824', '0.0780', '0.0582', '0.0683', '0.0701', '0.0626', '0.0689'], num_positive: 165.0000, roi_reg_loss: 0.6931, roi_cls_loss: 0.2124

2022-05-19 21:02:21,786 - INFO - Epoch [3/6][130/133]	lr: 0.00047, eta: 0:44:41, time: 6.654, data_time: 0.066, transfer_time: 0.096, forward_time: 6.135, loss_parse_time: 0.000 memory: 11634, 
2022-05-19 21:02:21,786 - INFO - task : ['VEHICLE', 'PEDESTRIAN', 'CYCLIST'], loss: 2.1054, hm_loss: 0.0000, loc_loss: 0.5959, loc_loss_elem: ['0.1028', '0.0966', '0.1089', '0.0495', '0.0504', '0.0725', '0.0463', '0.0689'], num_positive: 130.0000, roi_reg_loss: 0.7245, roi_cls_loss: 0.1891

2022-05-19 21:03:22,671 - INFO - Epoch [4/6][5/133]	lr: 0.00046, eta: 0:43:35, time: 8.090, data_time: 1.287, transfer_time: 0.107, forward_time: 6.342, loss_parse_time: 0.000 memory: 11634, 
2022-05-19 21:03:22,672 - INFO - task : ['VEHICLE', 'PEDESTRIAN', 'CYCLIST'], loss: 2.0622, hm_loss: 0.0000, loc_loss: 0.5971, loc_loss_elem: ['0.1001', '0.0808', '0.0805', '0.0618', '0.0674', '0.0714', '0.0652', '0.0699'], num_positive: 158.4000, roi_reg_loss: 0.6755, roi_cls_loss: 0.1926

2022-05-19 21:03:56,687 - INFO - Epoch [4/6][10/133]	lr: 0.00046, eta: 0:43:03, time: 6.803, data_time: 0.069, transfer_time: 0.101, forward_time: 6.263, loss_parse_time: 0.000 memory: 11634, 
2022-05-19 21:03:56,687 - INFO - task : ['VEHICLE', 'PEDESTRIAN', 'CYCLIST'], loss: 2.1120, hm_loss: 0.0000, loc_loss: 0.5907, loc_loss_elem: ['0.0952', '0.0876', '0.0753', '0.0589', '0.0604', '0.0672', '0.0666', '0.0794'], num_positive: 197.4000, roi_reg_loss: 0.6716, roi_cls_loss: 0.2589

2022-05-19 21:04:30,608 - INFO - Epoch [4/6][15/133]	lr: 0.00045, eta: 0:42:30, time: 6.781, data_time: 0.066, transfer_time: 0.099, forward_time: 6.245, loss_parse_time: 0.000 memory: 11634, 
2022-05-19 21:04:30,608 - INFO - task : ['VEHICLE', 'PEDESTRIAN', 'CYCLIST'], loss: 2.1866, hm_loss: 0.0000, loc_loss: 0.6286, loc_loss_elem: ['0.1099', '0.0858', '0.0935', '0.0559', '0.0594', '0.0776', '0.0624', '0.0840'], num_positive: 138.0000, roi_reg_loss: 0.7401, roi_cls_loss: 0.1892

2022-05-19 21:05:04,279 - INFO - Epoch [4/6][20/133]	lr: 0.00045, eta: 0:41:57, time: 6.737, data_time: 0.071, transfer_time: 0.101, forward_time: 6.202, loss_parse_time: 0.000 memory: 11634, 
2022-05-19 21:05:04,280 - INFO - task : ['VEHICLE', 'PEDESTRIAN', 'CYCLIST'], loss: 2.1057, hm_loss: 0.0000, loc_loss: 0.5928, loc_loss_elem: ['0.1041', '0.0877', '0.0846', '0.0573', '0.0608', '0.0705', '0.0514', '0.0763'], num_positive: 156.4000, roi_reg_loss: 0.7034, roi_cls_loss: 0.2166

2022-05-19 21:05:38,052 - INFO - Epoch [4/6][25/133]	lr: 0.00044, eta: 0:41:25, time: 6.755, data_time: 0.067, transfer_time: 0.101, forward_time: 6.225, loss_parse_time: 0.000 memory: 11634, 
2022-05-19 21:05:38,052 - INFO - task : ['VEHICLE', 'PEDESTRIAN', 'CYCLIST'], loss: 2.0632, hm_loss: 0.0000, loc_loss: 0.5851, loc_loss_elem: ['0.1112', '0.0882', '0.0867', '0.0574', '0.0569', '0.0743', '0.0497', '0.0608'], num_positive: 171.0000, roi_reg_loss: 0.6521, roi_cls_loss: 0.2408

2022-05-19 21:06:12,152 - INFO - Epoch [4/6][30/133]	lr: 0.00044, eta: 0:40:52, time: 6.820, data_time: 0.070, transfer_time: 0.103, forward_time: 6.256, loss_parse_time: 0.000 memory: 11634, 
2022-05-19 21:06:12,152 - INFO - task : ['VEHICLE', 'PEDESTRIAN', 'CYCLIST'], loss: 2.0857, hm_loss: 0.0000, loc_loss: 0.6079, loc_loss_elem: ['0.1011', '0.0851', '0.0871', '0.0569', '0.0610', '0.0761', '0.0551', '0.0855'], num_positive: 139.4000, roi_reg_loss: 0.6774, roi_cls_loss: 0.1924

2022-05-19 21:06:46,044 - INFO - Epoch [4/6][35/133]	lr: 0.00043, eta: 0:40:19, time: 6.778, data_time: 0.071, transfer_time: 0.101, forward_time: 6.239, loss_parse_time: 0.000 memory: 11634, 
2022-05-19 21:06:46,045 - INFO - task : ['VEHICLE', 'PEDESTRIAN', 'CYCLIST'], loss: 2.1819, hm_loss: 0.0000, loc_loss: 0.6432, loc_loss_elem: ['0.0979', '0.0836', '0.0789', '0.0610', '0.0656', '0.0731', '0.0834', '0.0997'], num_positive: 176.8000, roi_reg_loss: 0.6669, roi_cls_loss: 0.2285

2022-05-19 21:07:19,970 - INFO - Epoch [4/6][40/133]	lr: 0.00043, eta: 0:39:47, time: 6.782, data_time: 0.072, transfer_time: 0.100, forward_time: 6.250, loss_parse_time: 0.000 memory: 11634, 
2022-05-19 21:07:19,970 - INFO - task : ['VEHICLE', 'PEDESTRIAN', 'CYCLIST'], loss: 2.0772, hm_loss: 0.0000, loc_loss: 0.6025, loc_loss_elem: ['0.0931', '0.0897', '0.0874', '0.0573', '0.0607', '0.0751', '0.0633', '0.0760'], num_positive: 152.0000, roi_reg_loss: 0.6761, roi_cls_loss: 0.1961

2022-05-19 21:07:53,814 - INFO - Epoch [4/6][45/133]	lr: 0.00042, eta: 0:39:14, time: 6.772, data_time: 0.072, transfer_time: 0.102, forward_time: 6.230, loss_parse_time: 0.000 memory: 11634, 
2022-05-19 21:07:53,814 - INFO - task : ['VEHICLE', 'PEDESTRIAN', 'CYCLIST'], loss: 2.0271, hm_loss: 0.0000, loc_loss: 0.5899, loc_loss_elem: ['0.1017', '0.0855', '0.0835', '0.0548', '0.0583', '0.0629', '0.0762', '0.0670'], num_positive: 150.6000, roi_reg_loss: 0.6574, roi_cls_loss: 0.1898

2022-05-19 21:08:27,674 - INFO - Epoch [4/6][50/133]	lr: 0.00042, eta: 0:38:41, time: 6.772, data_time: 0.070, transfer_time: 0.102, forward_time: 6.236, loss_parse_time: 0.000 memory: 11634, 
2022-05-19 21:08:27,674 - INFO - task : ['VEHICLE', 'PEDESTRIAN', 'CYCLIST'], loss: 2.0821, hm_loss: 0.0000, loc_loss: 0.5938, loc_loss_elem: ['0.1066', '0.0795', '0.0781', '0.0600', '0.0675', '0.0676', '0.0666', '0.0680'], num_positive: 178.8000, roi_reg_loss: 0.6585, roi_cls_loss: 0.2360

2022-05-19 21:09:01,644 - INFO - Epoch [4/6][55/133]	lr: 0.00041, eta: 0:38:08, time: 6.794, data_time: 0.070, transfer_time: 0.102, forward_time: 6.266, loss_parse_time: 0.000 memory: 11634, 
2022-05-19 21:09:01,644 - INFO - task : ['VEHICLE', 'PEDESTRIAN', 'CYCLIST'], loss: 2.0578, hm_loss: 0.0000, loc_loss: 0.6005, loc_loss_elem: ['0.1058', '0.0887', '0.0882', '0.0570', '0.0577', '0.0793', '0.0541', '0.0697'], num_positive: 144.0000, roi_reg_loss: 0.6584, roi_cls_loss: 0.1985

2022-05-19 21:09:35,868 - INFO - Epoch [4/6][60/133]	lr: 0.00040, eta: 0:37:36, time: 6.842, data_time: 0.073, transfer_time: 0.103, forward_time: 6.307, loss_parse_time: 0.000 memory: 11634, 
2022-05-19 21:09:35,868 - INFO - task : ['VEHICLE', 'PEDESTRIAN', 'CYCLIST'], loss: 2.1479, hm_loss: 0.0000, loc_loss: 0.6230, loc_loss_elem: ['0.0981', '0.0894', '0.0893', '0.0592', '0.0676', '0.0794', '0.0599', '0.0801'], num_positive: 146.6000, roi_reg_loss: 0.6936, roi_cls_loss: 0.2084

2022-05-19 21:10:10,027 - INFO - Epoch [4/6][65/133]	lr: 0.00040, eta: 0:37:03, time: 6.834, data_time: 0.077, transfer_time: 0.103, forward_time: 6.260, loss_parse_time: 0.000 memory: 11634, 
2022-05-19 21:10:10,027 - INFO - task : ['VEHICLE', 'PEDESTRIAN', 'CYCLIST'], loss: 2.2041, hm_loss: 0.0000, loc_loss: 0.6136, loc_loss_elem: ['0.0999', '0.0921', '0.0982', '0.0562', '0.0588', '0.0691', '0.0617', '0.0777'], num_positive: 194.2000, roi_reg_loss: 0.7133, roi_cls_loss: 0.2635

2022-05-19 21:10:44,250 - INFO - Epoch [4/6][70/133]	lr: 0.00039, eta: 0:36:31, time: 6.845, data_time: 0.061, transfer_time: 0.098, forward_time: 6.310, loss_parse_time: 0.000 memory: 11634, 
2022-05-19 21:10:44,251 - INFO - task : ['VEHICLE', 'PEDESTRIAN', 'CYCLIST'], loss: 1.9861, hm_loss: 0.0000, loc_loss: 0.5728, loc_loss_elem: ['0.1030', '0.0744', '0.0796', '0.0598', '0.0653', '0.0681', '0.0505', '0.0719'], num_positive: 153.6000, roi_reg_loss: 0.6438, roi_cls_loss: 0.1967

2022-05-19 21:11:18,270 - INFO - Epoch [4/6][75/133]	lr: 0.00038, eta: 0:35:58, time: 6.804, data_time: 0.069, transfer_time: 0.099, forward_time: 6.270, loss_parse_time: 0.000 memory: 11634, 
2022-05-19 21:11:18,271 - INFO - task : ['VEHICLE', 'PEDESTRIAN', 'CYCLIST'], loss: 2.0053, hm_loss: 0.0000, loc_loss: 0.5826, loc_loss_elem: ['0.1044', '0.0851', '0.0877', '0.0570', '0.0634', '0.0642', '0.0546', '0.0660'], num_positive: 156.2000, roi_reg_loss: 0.6428, roi_cls_loss: 0.1974

2022-05-19 21:11:52,148 - INFO - Epoch [4/6][80/133]	lr: 0.00038, eta: 0:35:25, time: 6.775, data_time: 0.064, transfer_time: 0.098, forward_time: 6.261, loss_parse_time: 0.000 memory: 11634, 
2022-05-19 21:11:52,148 - INFO - task : ['VEHICLE', 'PEDESTRIAN', 'CYCLIST'], loss: 2.0022, hm_loss: 0.0000, loc_loss: 0.5695, loc_loss_elem: ['0.1026', '0.0814', '0.0791', '0.0555', '0.0559', '0.0673', '0.0546', '0.0731'], num_positive: 184.8000, roi_reg_loss: 0.6406, roi_cls_loss: 0.2226

2022-05-19 21:12:26,084 - INFO - Epoch [4/6][85/133]	lr: 0.00037, eta: 0:34:52, time: 6.787, data_time: 0.072, transfer_time: 0.101, forward_time: 6.264, loss_parse_time: 0.000 memory: 11634, 
2022-05-19 21:12:26,084 - INFO - task : ['VEHICLE', 'PEDESTRIAN', 'CYCLIST'], loss: 2.1183, hm_loss: 0.0000, loc_loss: 0.6045, loc_loss_elem: ['0.1004', '0.0840', '0.0828', '0.0575', '0.0645', '0.0694', '0.0725', '0.0734'], num_positive: 181.0000, roi_reg_loss: 0.6700, roi_cls_loss: 0.2393

2022-05-19 21:13:00,114 - INFO - Epoch [4/6][90/133]	lr: 0.00036, eta: 0:34:19, time: 6.806, data_time: 0.071, transfer_time: 0.102, forward_time: 6.266, loss_parse_time: 0.000 memory: 11634, 
2022-05-19 21:13:00,114 - INFO - task : ['VEHICLE', 'PEDESTRIAN', 'CYCLIST'], loss: 1.9673, hm_loss: 0.0000, loc_loss: 0.5418, loc_loss_elem: ['0.0960', '0.0825', '0.0802', '0.0562', '0.0618', '0.0715', '0.0398', '0.0536'], num_positive: 169.2000, roi_reg_loss: 0.6564, roi_cls_loss: 0.2274

2022-05-19 21:13:33,859 - INFO - Epoch [4/6][95/133]	lr: 0.00035, eta: 0:33:46, time: 6.749, data_time: 0.068, transfer_time: 0.103, forward_time: 6.231, loss_parse_time: 0.000 memory: 11634, 
2022-05-19 21:13:33,860 - INFO - task : ['VEHICLE', 'PEDESTRIAN', 'CYCLIST'], loss: 2.1218, hm_loss: 0.0000, loc_loss: 0.5833, loc_loss_elem: ['0.1043', '0.0866', '0.0826', '0.0539', '0.0522', '0.0681', '0.0621', '0.0736'], num_positive: 185.8000, roi_reg_loss: 0.6856, roi_cls_loss: 0.2695

2022-05-19 21:14:07,673 - INFO - Epoch [4/6][100/133]	lr: 0.00035, eta: 0:33:13, time: 6.763, data_time: 0.069, transfer_time: 0.101, forward_time: 6.230, loss_parse_time: 0.000 memory: 11634, 
2022-05-19 21:14:07,674 - INFO - task : ['VEHICLE', 'PEDESTRIAN', 'CYCLIST'], loss: 2.1152, hm_loss: 0.0000, loc_loss: 0.6244, loc_loss_elem: ['0.0995', '0.0853', '0.1005', '0.0572', '0.0664', '0.0770', '0.0519', '0.0865'], num_positive: 133.2000, roi_reg_loss: 0.6928, roi_cls_loss: 0.1736

2022-05-19 21:14:41,451 - INFO - Epoch [4/6][105/133]	lr: 0.00034, eta: 0:32:40, time: 6.753, data_time: 0.068, transfer_time: 0.099, forward_time: 6.250, loss_parse_time: 0.000 memory: 11634, 
2022-05-19 21:14:41,451 - INFO - task : ['VEHICLE', 'PEDESTRIAN', 'CYCLIST'], loss: 2.0234, hm_loss: 0.0000, loc_loss: 0.5741, loc_loss_elem: ['0.1023', '0.0823', '0.0788', '0.0560', '0.0611', '0.0689', '0.0574', '0.0673'], num_positive: 205.8000, roi_reg_loss: 0.6210, roi_cls_loss: 0.2542

2022-05-19 21:15:15,264 - INFO - Epoch [4/6][110/133]	lr: 0.00033, eta: 0:32:07, time: 6.765, data_time: 0.069, transfer_time: 0.098, forward_time: 6.231, loss_parse_time: 0.000 memory: 11634, 
2022-05-19 21:15:15,264 - INFO - task : ['VEHICLE', 'PEDESTRIAN', 'CYCLIST'], loss: 2.0442, hm_loss: 0.0000, loc_loss: 0.5852, loc_loss_elem: ['0.0952', '0.0821', '0.0890', '0.0566', '0.0622', '0.0686', '0.0637', '0.0678'], num_positive: 193.2000, roi_reg_loss: 0.6339, roi_cls_loss: 0.2399

2022-05-19 21:15:49,380 - INFO - Epoch [4/6][115/133]	lr: 0.00032, eta: 0:31:34, time: 6.823, data_time: 0.073, transfer_time: 0.102, forward_time: 6.256, loss_parse_time: 0.000 memory: 11634, 
2022-05-19 21:15:49,380 - INFO - task : ['VEHICLE', 'PEDESTRIAN', 'CYCLIST'], loss: 2.1620, hm_loss: 0.0000, loc_loss: 0.6224, loc_loss_elem: ['0.1008', '0.0845', '0.0879', '0.0566', '0.0659', '0.0690', '0.0752', '0.0826'], num_positive: 189.4000, roi_reg_loss: 0.6680, roi_cls_loss: 0.2493

2022-05-19 21:16:23,259 - INFO - Epoch [4/6][120/133]	lr: 0.00032, eta: 0:31:01, time: 6.776, data_time: 0.071, transfer_time: 0.104, forward_time: 6.229, loss_parse_time: 0.000 memory: 11634, 
2022-05-19 21:16:23,260 - INFO - task : ['VEHICLE', 'PEDESTRIAN', 'CYCLIST'], loss: 1.9774, hm_loss: 0.0000, loc_loss: 0.5743, loc_loss_elem: ['0.1041', '0.0796', '0.0803', '0.0598', '0.0715', '0.0692', '0.0502', '0.0598'], num_positive: 139.6000, roi_reg_loss: 0.6432, roi_cls_loss: 0.1856

2022-05-19 21:16:57,163 - INFO - Epoch [4/6][125/133]	lr: 0.00031, eta: 0:30:28, time: 6.781, data_time: 0.070, transfer_time: 0.097, forward_time: 6.235, loss_parse_time: 0.000 memory: 11634, 
2022-05-19 21:16:57,164 - INFO - task : ['VEHICLE', 'PEDESTRIAN', 'CYCLIST'], loss: 2.0304, hm_loss: 0.0000, loc_loss: 0.5882, loc_loss_elem: ['0.0971', '0.0868', '0.0873', '0.0566', '0.0606', '0.0684', '0.0494', '0.0820'], num_positive: 172.0000, roi_reg_loss: 0.6262, roi_cls_loss: 0.2277

2022-05-19 21:17:30,550 - INFO - Epoch [4/6][130/133]	lr: 0.00030, eta: 0:29:54, time: 6.677, data_time: 0.068, transfer_time: 0.099, forward_time: 6.164, loss_parse_time: 0.000 memory: 11634, 
2022-05-19 21:17:30,550 - INFO - task : ['VEHICLE', 'PEDESTRIAN', 'CYCLIST'], loss: 2.0791, hm_loss: 0.0000, loc_loss: 0.5848, loc_loss_elem: ['0.0972', '0.0841', '0.0843', '0.0581', '0.0626', '0.0722', '0.0526', '0.0737'], num_positive: 196.4000, roi_reg_loss: 0.6631, roi_cls_loss: 0.2464

2022-05-19 21:18:31,884 - INFO - Epoch [5/6][5/133]	lr: 0.00029, eta: 0:28:55, time: 8.162, data_time: 1.294, transfer_time: 0.105, forward_time: 6.391, loss_parse_time: 0.000 memory: 11634, 
2022-05-19 21:18:31,884 - INFO - task : ['VEHICLE', 'PEDESTRIAN', 'CYCLIST'], loss: 2.0292, hm_loss: 0.0000, loc_loss: 0.5875, loc_loss_elem: ['0.0998', '0.0846', '0.0792', '0.0630', '0.0670', '0.0693', '0.0578', '0.0667'], num_positive: 169.2000, roi_reg_loss: 0.6323, roi_cls_loss: 0.2218

2022-05-19 21:19:05,819 - INFO - Epoch [5/6][10/133]	lr: 0.00028, eta: 0:28:22, time: 6.787, data_time: 0.066, transfer_time: 0.101, forward_time: 6.255, loss_parse_time: 0.000 memory: 11634, 
2022-05-19 21:19:05,819 - INFO - task : ['VEHICLE', 'PEDESTRIAN', 'CYCLIST'], loss: 2.0555, hm_loss: 0.0000, loc_loss: 0.6242, loc_loss_elem: ['0.1055', '0.0848', '0.0803', '0.0598', '0.0708', '0.0782', '0.0655', '0.0794'], num_positive: 124.6000, roi_reg_loss: 0.6388, roi_cls_loss: 0.1683

2022-05-19 21:19:39,654 - INFO - Epoch [5/6][15/133]	lr: 0.00027, eta: 0:27:49, time: 6.767, data_time: 0.068, transfer_time: 0.100, forward_time: 6.244, loss_parse_time: 0.000 memory: 11634, 
2022-05-19 21:19:39,654 - INFO - task : ['VEHICLE', 'PEDESTRIAN', 'CYCLIST'], loss: 2.2213, hm_loss: 0.0000, loc_loss: 0.6721, loc_loss_elem: ['0.1065', '0.0898', '0.1170', '0.0572', '0.0578', '0.0741', '0.0793', '0.0904'], num_positive: 147.4000, roi_reg_loss: 0.6718, roi_cls_loss: 0.2054

2022-05-19 21:20:13,636 - INFO - Epoch [5/6][20/133]	lr: 0.00026, eta: 0:27:16, time: 6.796, data_time: 0.072, transfer_time: 0.097, forward_time: 6.266, loss_parse_time: 0.000 memory: 11634, 
2022-05-19 21:20:13,636 - INFO - task : ['VEHICLE', 'PEDESTRIAN', 'CYCLIST'], loss: 2.1246, hm_loss: 0.0000, loc_loss: 0.6015, loc_loss_elem: ['0.0969', '0.0891', '0.0916', '0.0564', '0.0562', '0.0735', '0.0619', '0.0759'], num_positive: 203.8000, roi_reg_loss: 0.6446, roi_cls_loss: 0.2769

2022-05-19 21:20:47,721 - INFO - Epoch [5/6][25/133]	lr: 0.00025, eta: 0:26:43, time: 6.817, data_time: 0.068, transfer_time: 0.100, forward_time: 6.281, loss_parse_time: 0.000 memory: 11634, 
2022-05-19 21:20:47,721 - INFO - task : ['VEHICLE', 'PEDESTRIAN', 'CYCLIST'], loss: 1.9922, hm_loss: 0.0000, loc_loss: 0.5737, loc_loss_elem: ['0.1045', '0.0829', '0.0842', '0.0542', '0.0573', '0.0722', '0.0509', '0.0674'], num_positive: 171.8000, roi_reg_loss: 0.6236, roi_cls_loss: 0.2213

2022-05-19 21:21:21,550 - INFO - Epoch [5/6][30/133]	lr: 0.00025, eta: 0:26:10, time: 6.766, data_time: 0.069, transfer_time: 0.101, forward_time: 6.230, loss_parse_time: 0.000 memory: 11634, 
2022-05-19 21:21:21,551 - INFO - task : ['VEHICLE', 'PEDESTRIAN', 'CYCLIST'], loss: 2.0453, hm_loss: 0.0000, loc_loss: 0.5762, loc_loss_elem: ['0.0932', '0.0813', '0.0803', '0.0629', '0.0664', '0.0626', '0.0626', '0.0668'], num_positive: 203.8000, roi_reg_loss: 0.6431, roi_cls_loss: 0.2498

2022-05-19 21:21:55,392 - INFO - Epoch [5/6][35/133]	lr: 0.00024, eta: 0:25:37, time: 6.768, data_time: 0.070, transfer_time: 0.100, forward_time: 6.219, loss_parse_time: 0.000 memory: 11634, 
2022-05-19 21:21:55,393 - INFO - task : ['VEHICLE', 'PEDESTRIAN', 'CYCLIST'], loss: 2.0432, hm_loss: 0.0000, loc_loss: 0.5982, loc_loss_elem: ['0.1098', '0.0847', '0.0979', '0.0546', '0.0596', '0.0774', '0.0521', '0.0621'], num_positive: 160.0000, roi_reg_loss: 0.6326, roi_cls_loss: 0.2142

2022-05-19 21:22:29,156 - INFO - Epoch [5/6][40/133]	lr: 0.00023, eta: 0:25:04, time: 6.753, data_time: 0.069, transfer_time: 0.099, forward_time: 6.226, loss_parse_time: 0.000 memory: 11634, 
2022-05-19 21:22:29,156 - INFO - task : ['VEHICLE', 'PEDESTRIAN', 'CYCLIST'], loss: 1.9934, hm_loss: 0.0000, loc_loss: 0.5772, loc_loss_elem: ['0.0966', '0.0806', '0.0807', '0.0545', '0.0559', '0.0656', '0.0629', '0.0805'], num_positive: 181.6000, roi_reg_loss: 0.6125, roi_cls_loss: 0.2263

2022-05-19 21:23:03,139 - INFO - Epoch [5/6][45/133]	lr: 0.00022, eta: 0:24:31, time: 6.794, data_time: 0.061, transfer_time: 0.098, forward_time: 6.258, loss_parse_time: 0.000 memory: 11739, 
2022-05-19 21:23:03,140 - INFO - task : ['VEHICLE', 'PEDESTRIAN', 'CYCLIST'], loss: 2.1622, hm_loss: 0.0000, loc_loss: 0.6314, loc_loss_elem: ['0.1047', '0.0915', '0.0879', '0.0606', '0.0655', '0.0720', '0.0695', '0.0799'], num_positive: 164.8000, roi_reg_loss: 0.6829, roi_cls_loss: 0.2165

2022-05-19 21:23:36,868 - INFO - Epoch [5/6][50/133]	lr: 0.00021, eta: 0:23:58, time: 6.746, data_time: 0.077, transfer_time: 0.101, forward_time: 6.224, loss_parse_time: 0.000 memory: 11739, 
2022-05-19 21:23:36,868 - INFO - task : ['VEHICLE', 'PEDESTRIAN', 'CYCLIST'], loss: 2.1309, hm_loss: 0.0000, loc_loss: 0.6426, loc_loss_elem: ['0.1056', '0.0926', '0.0973', '0.0614', '0.0639', '0.0776', '0.0620', '0.0822'], num_positive: 116.0000, roi_reg_loss: 0.6560, roi_cls_loss: 0.1896

2022-05-19 21:24:10,700 - INFO - Epoch [5/6][55/133]	lr: 0.00021, eta: 0:23:25, time: 6.769, data_time: 0.069, transfer_time: 0.096, forward_time: 6.247, loss_parse_time: 0.000 memory: 11739, 
2022-05-19 21:24:10,700 - INFO - task : ['VEHICLE', 'PEDESTRIAN', 'CYCLIST'], loss: 2.1042, hm_loss: 0.0000, loc_loss: 0.6057, loc_loss_elem: ['0.1038', '0.0897', '0.0819', '0.0555', '0.0559', '0.0701', '0.0580', '0.0910'], num_positive: 186.4000, roi_reg_loss: 0.6591, roi_cls_loss: 0.2337

2022-05-19 21:24:44,847 - INFO - Epoch [5/6][60/133]	lr: 0.00020, eta: 0:22:52, time: 6.829, data_time: 0.064, transfer_time: 0.100, forward_time: 6.302, loss_parse_time: 0.000 memory: 11739, 
2022-05-19 21:24:44,847 - INFO - task : ['VEHICLE', 'PEDESTRIAN', 'CYCLIST'], loss: 2.0596, hm_loss: 0.0000, loc_loss: 0.6139, loc_loss_elem: ['0.1136', '0.0880', '0.0900', '0.0535', '0.0575', '0.0739', '0.0640', '0.0735'], num_positive: 130.4000, roi_reg_loss: 0.6534, roi_cls_loss: 0.1784

2022-05-19 21:25:18,752 - INFO - Epoch [5/6][65/133]	lr: 0.00019, eta: 0:22:19, time: 6.781, data_time: 0.072, transfer_time: 0.099, forward_time: 6.255, loss_parse_time: 0.000 memory: 11739, 
2022-05-19 21:25:18,752 - INFO - task : ['VEHICLE', 'PEDESTRIAN', 'CYCLIST'], loss: 1.9036, hm_loss: 0.0000, loc_loss: 0.5499, loc_loss_elem: ['0.0977', '0.0792', '0.0729', '0.0566', '0.0583', '0.0694', '0.0482', '0.0677'], num_positive: 198.4000, roi_reg_loss: 0.5821, roi_cls_loss: 0.2216

2022-05-19 21:25:52,721 - INFO - Epoch [5/6][70/133]	lr: 0.00018, eta: 0:21:46, time: 6.794, data_time: 0.073, transfer_time: 0.102, forward_time: 6.251, loss_parse_time: 0.000 memory: 11739, 
2022-05-19 21:25:52,722 - INFO - task : ['VEHICLE', 'PEDESTRIAN', 'CYCLIST'], loss: 2.0412, hm_loss: 0.0000, loc_loss: 0.6088, loc_loss_elem: ['0.1018', '0.0883', '0.0800', '0.0547', '0.0607', '0.0775', '0.0543', '0.0915'], num_positive: 139.8000, roi_reg_loss: 0.6274, roi_cls_loss: 0.1962

2022-05-19 21:26:26,676 - INFO - Epoch [5/6][75/133]	lr: 0.00017, eta: 0:21:12, time: 6.791, data_time: 0.074, transfer_time: 0.099, forward_time: 6.254, loss_parse_time: 0.000 memory: 11739, 
2022-05-19 21:26:26,676 - INFO - task : ['VEHICLE', 'PEDESTRIAN', 'CYCLIST'], loss: 1.9483, hm_loss: 0.0000, loc_loss: 0.5635, loc_loss_elem: ['0.0990', '0.0869', '0.0796', '0.0557', '0.0586', '0.0686', '0.0454', '0.0696'], num_positive: 177.4000, roi_reg_loss: 0.6076, roi_cls_loss: 0.2137

2022-05-19 21:27:00,700 - INFO - Epoch [5/6][80/133]	lr: 0.00017, eta: 0:20:39, time: 6.805, data_time: 0.072, transfer_time: 0.103, forward_time: 6.258, loss_parse_time: 0.000 memory: 11739, 
2022-05-19 21:27:00,701 - INFO - task : ['VEHICLE', 'PEDESTRIAN', 'CYCLIST'], loss: 1.9063, hm_loss: 0.0000, loc_loss: 0.5480, loc_loss_elem: ['0.1012', '0.0751', '0.0774', '0.0600', '0.0633', '0.0679', '0.0426', '0.0605'], num_positive: 170.8000, roi_reg_loss: 0.6015, roi_cls_loss: 0.2087

2022-05-19 21:27:34,868 - INFO - Epoch [5/6][85/133]	lr: 0.00016, eta: 0:20:06, time: 6.834, data_time: 0.070, transfer_time: 0.101, forward_time: 6.274, loss_parse_time: 0.000 memory: 11739, 
2022-05-19 21:27:34,868 - INFO - task : ['VEHICLE', 'PEDESTRIAN', 'CYCLIST'], loss: 2.0298, hm_loss: 0.0000, loc_loss: 0.5837, loc_loss_elem: ['0.1075', '0.0823', '0.0797', '0.0572', '0.0633', '0.0730', '0.0483', '0.0721'], num_positive: 152.8000, roi_reg_loss: 0.6687, roi_cls_loss: 0.1938

2022-05-19 21:28:08,904 - INFO - Epoch [5/6][90/133]	lr: 0.00015, eta: 0:19:33, time: 6.807, data_time: 0.069, transfer_time: 0.101, forward_time: 6.246, loss_parse_time: 0.000 memory: 11850, 
2022-05-19 21:28:08,904 - INFO - task : ['VEHICLE', 'PEDESTRIAN', 'CYCLIST'], loss: 1.8771, hm_loss: 0.0000, loc_loss: 0.5554, loc_loss_elem: ['0.1008', '0.0754', '0.0801', '0.0519', '0.0582', '0.0612', '0.0544', '0.0735'], num_positive: 132.6000, roi_reg_loss: 0.6070, roi_cls_loss: 0.1593

2022-05-19 21:28:42,571 - INFO - Epoch [5/6][95/133]	lr: 0.00014, eta: 0:19:00, time: 6.734, data_time: 0.066, transfer_time: 0.099, forward_time: 6.231, loss_parse_time: 0.000 memory: 11850, 
2022-05-19 21:28:42,572 - INFO - task : ['VEHICLE', 'PEDESTRIAN', 'CYCLIST'], loss: 1.9556, hm_loss: 0.0000, loc_loss: 0.5691, loc_loss_elem: ['0.1055', '0.0861', '0.0928', '0.0529', '0.0545', '0.0721', '0.0466', '0.0586'], num_positive: 166.2000, roi_reg_loss: 0.6022, roi_cls_loss: 0.2151

2022-05-19 21:29:16,744 - INFO - Epoch [5/6][100/133]	lr: 0.00014, eta: 0:18:27, time: 6.834, data_time: 0.070, transfer_time: 0.102, forward_time: 6.296, loss_parse_time: 0.000 memory: 11850, 
2022-05-19 21:29:16,744 - INFO - task : ['VEHICLE', 'PEDESTRIAN', 'CYCLIST'], loss: 1.9752, hm_loss: 0.0000, loc_loss: 0.5850, loc_loss_elem: ['0.1016', '0.0806', '0.0847', '0.0599', '0.0616', '0.0665', '0.0596', '0.0705'], num_positive: 168.0000, roi_reg_loss: 0.6150, roi_cls_loss: 0.1902

2022-05-19 21:29:50,683 - INFO - Epoch [5/6][105/133]	lr: 0.00013, eta: 0:17:54, time: 6.788, data_time: 0.070, transfer_time: 0.100, forward_time: 6.254, loss_parse_time: 0.000 memory: 11850, 
2022-05-19 21:29:50,684 - INFO - task : ['VEHICLE', 'PEDESTRIAN', 'CYCLIST'], loss: 2.2553, hm_loss: 0.0000, loc_loss: 0.6682, loc_loss_elem: ['0.1106', '0.1041', '0.1133', '0.0558', '0.0559', '0.0826', '0.0673', '0.0786'], num_positive: 152.0000, roi_reg_loss: 0.6899, roi_cls_loss: 0.2291

2022-05-19 21:30:24,648 - INFO - Epoch [5/6][110/133]	lr: 0.00012, eta: 0:17:20, time: 6.793, data_time: 0.071, transfer_time: 0.101, forward_time: 6.252, loss_parse_time: 0.000 memory: 11850, 
2022-05-19 21:30:24,648 - INFO - task : ['VEHICLE', 'PEDESTRIAN', 'CYCLIST'], loss: 1.9794, hm_loss: 0.0000, loc_loss: 0.5631, loc_loss_elem: ['0.1029', '0.0826', '0.0806', '0.0568', '0.0580', '0.0662', '0.0543', '0.0617'], num_positive: 210.8000, roi_reg_loss: 0.6092, roi_cls_loss: 0.2439

2022-05-19 21:30:58,659 - INFO - Epoch [5/6][115/133]	lr: 0.00011, eta: 0:16:47, time: 6.800, data_time: 0.063, transfer_time: 0.099, forward_time: 6.282, loss_parse_time: 0.000 memory: 11850, 
2022-05-19 21:30:58,660 - INFO - task : ['VEHICLE', 'PEDESTRIAN', 'CYCLIST'], loss: 2.0519, hm_loss: 0.0000, loc_loss: 0.6099, loc_loss_elem: ['0.1069', '0.0845', '0.0741', '0.0560', '0.0618', '0.0693', '0.0604', '0.0969'], num_positive: 179.4000, roi_reg_loss: 0.6134, roi_cls_loss: 0.2186

2022-05-19 21:31:32,886 - INFO - Epoch [5/6][120/133]	lr: 0.00011, eta: 0:16:14, time: 6.845, data_time: 0.076, transfer_time: 0.101, forward_time: 6.322, loss_parse_time: 0.000 memory: 11850, 
2022-05-19 21:31:32,886 - INFO - task : ['VEHICLE', 'PEDESTRIAN', 'CYCLIST'], loss: 1.9734, hm_loss: 0.0000, loc_loss: 0.5620, loc_loss_elem: ['0.1038', '0.0818', '0.0808', '0.0541', '0.0590', '0.0637', '0.0564', '0.0624'], num_positive: 197.8000, roi_reg_loss: 0.5983, roi_cls_loss: 0.2510

2022-05-19 21:32:06,685 - INFO - Epoch [5/6][125/133]	lr: 0.00010, eta: 0:15:41, time: 6.763, data_time: 0.066, transfer_time: 0.098, forward_time: 6.233, loss_parse_time: 0.000 memory: 11850, 
2022-05-19 21:32:06,686 - INFO - task : ['VEHICLE', 'PEDESTRIAN', 'CYCLIST'], loss: 2.1528, hm_loss: 0.0000, loc_loss: 0.6365, loc_loss_elem: ['0.0966', '0.0843', '0.0865', '0.0625', '0.0635', '0.0711', '0.0797', '0.0922'], num_positive: 174.2000, roi_reg_loss: 0.6726, roi_cls_loss: 0.2074

2022-05-19 21:32:40,089 - INFO - Epoch [5/6][130/133]	lr: 0.00009, eta: 0:15:07, time: 6.681, data_time: 0.065, transfer_time: 0.097, forward_time: 6.157, loss_parse_time: 0.000 memory: 11850, 
2022-05-19 21:32:40,089 - INFO - task : ['VEHICLE', 'PEDESTRIAN', 'CYCLIST'], loss: 2.0672, hm_loss: 0.0000, loc_loss: 0.6020, loc_loss_elem: ['0.1108', '0.0850', '0.0933', '0.0568', '0.0550', '0.0710', '0.0671', '0.0629'], num_positive: 176.4000, roi_reg_loss: 0.6342, roi_cls_loss: 0.2290

2022-05-19 21:33:41,268 - INFO - Epoch [6/6][5/133]	lr: 0.00008, eta: 0:14:11, time: 8.124, data_time: 1.259, transfer_time: 0.106, forward_time: 6.405, loss_parse_time: 0.000 memory: 11850, 
2022-05-19 21:33:41,268 - INFO - task : ['VEHICLE', 'PEDESTRIAN', 'CYCLIST'], loss: 2.0167, hm_loss: 0.0000, loc_loss: 0.5909, loc_loss_elem: ['0.1081', '0.0930', '0.0864', '0.0540', '0.0515', '0.0780', '0.0558', '0.0641'], num_positive: 150.6000, roi_reg_loss: 0.6384, roi_cls_loss: 0.1966

2022-05-19 21:34:14,998 - INFO - Epoch [6/6][10/133]	lr: 0.00008, eta: 0:13:38, time: 6.748, data_time: 0.069, transfer_time: 0.097, forward_time: 6.221, loss_parse_time: 0.000 memory: 11850, 
2022-05-19 21:34:14,998 - INFO - task : ['VEHICLE', 'PEDESTRIAN', 'CYCLIST'], loss: 1.9216, hm_loss: 0.0000, loc_loss: 0.5629, loc_loss_elem: ['0.1008', '0.0812', '0.0802', '0.0552', '0.0559', '0.0662', '0.0507', '0.0728'], num_positive: 163.2000, roi_reg_loss: 0.5990, roi_cls_loss: 0.1967

2022-05-19 21:34:48,939 - INFO - Epoch [6/6][15/133]	lr: 0.00007, eta: 0:13:05, time: 6.788, data_time: 0.072, transfer_time: 0.102, forward_time: 6.237, loss_parse_time: 0.000 memory: 11850, 
2022-05-19 21:34:48,939 - INFO - task : ['VEHICLE', 'PEDESTRIAN', 'CYCLIST'], loss: 1.9935, hm_loss: 0.0000, loc_loss: 0.6057, loc_loss_elem: ['0.1021', '0.0904', '0.0846', '0.0592', '0.0624', '0.0774', '0.0596', '0.0699'], num_positive: 135.0000, roi_reg_loss: 0.6010, roi_cls_loss: 0.1812

2022-05-19 21:35:22,884 - INFO - Epoch [6/6][20/133]	lr: 0.00007, eta: 0:12:32, time: 6.789, data_time: 0.076, transfer_time: 0.099, forward_time: 6.230, loss_parse_time: 0.000 memory: 11850, 
2022-05-19 21:35:22,884 - INFO - task : ['VEHICLE', 'PEDESTRIAN', 'CYCLIST'], loss: 2.0278, hm_loss: 0.0000, loc_loss: 0.5979, loc_loss_elem: ['0.1072', '0.0892', '0.0948', '0.0569', '0.0622', '0.0775', '0.0490', '0.0610'], num_positive: 149.8000, roi_reg_loss: 0.6382, roi_cls_loss: 0.1937

2022-05-19 21:35:57,378 - INFO - Epoch [6/6][25/133]	lr: 0.00006, eta: 0:11:59, time: 6.899, data_time: 0.077, transfer_time: 0.104, forward_time: 6.325, loss_parse_time: 0.000 memory: 11850, 
2022-05-19 21:35:57,379 - INFO - task : ['VEHICLE', 'PEDESTRIAN', 'CYCLIST'], loss: 2.0596, hm_loss: 0.0000, loc_loss: 0.6281, loc_loss_elem: ['0.1079', '0.0888', '0.0851', '0.0569', '0.0592', '0.0688', '0.0696', '0.0918'], num_positive: 132.2000, roi_reg_loss: 0.6341, roi_cls_loss: 0.1694

2022-05-19 21:36:31,465 - INFO - Epoch [6/6][30/133]	lr: 0.00006, eta: 0:11:26, time: 6.817, data_time: 0.072, transfer_time: 0.099, forward_time: 6.261, loss_parse_time: 0.000 memory: 11850, 
2022-05-19 21:36:31,465 - INFO - task : ['VEHICLE', 'PEDESTRIAN', 'CYCLIST'], loss: 2.1216, hm_loss: 0.0000, loc_loss: 0.6175, loc_loss_elem: ['0.1013', '0.0926', '0.0987', '0.0517', '0.0506', '0.0788', '0.0616', '0.0822'], num_positive: 166.4000, roi_reg_loss: 0.6759, roi_cls_loss: 0.2107

2022-05-19 21:37:05,287 - INFO - Epoch [6/6][35/133]	lr: 0.00005, eta: 0:10:52, time: 6.764, data_time: 0.069, transfer_time: 0.098, forward_time: 6.235, loss_parse_time: 0.000 memory: 11850, 
2022-05-19 21:37:05,287 - INFO - task : ['VEHICLE', 'PEDESTRIAN', 'CYCLIST'], loss: 1.9936, hm_loss: 0.0000, loc_loss: 0.5886, loc_loss_elem: ['0.0959', '0.0812', '0.0935', '0.0585', '0.0642', '0.0649', '0.0578', '0.0726'], num_positive: 175.2000, roi_reg_loss: 0.5891, roi_cls_loss: 0.2274

2022-05-19 21:37:39,175 - INFO - Epoch [6/6][40/133]	lr: 0.00005, eta: 0:10:19, time: 6.778, data_time: 0.070, transfer_time: 0.100, forward_time: 6.257, loss_parse_time: 0.000 memory: 11850, 
2022-05-19 21:37:39,176 - INFO - task : ['VEHICLE', 'PEDESTRIAN', 'CYCLIST'], loss: 2.1096, hm_loss: 0.0000, loc_loss: 0.6282, loc_loss_elem: ['0.0998', '0.0916', '0.0963', '0.0583', '0.0629', '0.0742', '0.0599', '0.0852'], num_positive: 195.0000, roi_reg_loss: 0.6121, roi_cls_loss: 0.2412

2022-05-19 21:38:13,132 - INFO - Epoch [6/6][45/133]	lr: 0.00004, eta: 0:09:46, time: 6.791, data_time: 0.070, transfer_time: 0.101, forward_time: 6.261, loss_parse_time: 0.000 memory: 11850, 
2022-05-19 21:38:13,132 - INFO - task : ['VEHICLE', 'PEDESTRIAN', 'CYCLIST'], loss: 1.8669, hm_loss: 0.0000, loc_loss: 0.5525, loc_loss_elem: ['0.1017', '0.0813', '0.0794', '0.0566', '0.0577', '0.0685', '0.0449', '0.0623'], num_positive: 156.8000, roi_reg_loss: 0.5680, roi_cls_loss: 0.1939

2022-05-19 21:38:46,999 - INFO - Epoch [6/6][50/133]	lr: 0.00004, eta: 0:09:13, time: 6.773, data_time: 0.071, transfer_time: 0.099, forward_time: 6.255, loss_parse_time: 0.000 memory: 11850, 
2022-05-19 21:38:46,999 - INFO - task : ['VEHICLE', 'PEDESTRIAN', 'CYCLIST'], loss: 1.9488, hm_loss: 0.0000, loc_loss: 0.5675, loc_loss_elem: ['0.1017', '0.0822', '0.0812', '0.0560', '0.0564', '0.0695', '0.0531', '0.0673'], num_positive: 171.2000, roi_reg_loss: 0.6067, roi_cls_loss: 0.2071

2022-05-19 21:39:20,791 - INFO - Epoch [6/6][55/133]	lr: 0.00003, eta: 0:08:39, time: 6.758, data_time: 0.070, transfer_time: 0.099, forward_time: 6.229, loss_parse_time: 0.000 memory: 11850, 
2022-05-19 21:39:20,791 - INFO - task : ['VEHICLE', 'PEDESTRIAN', 'CYCLIST'], loss: 2.0651, hm_loss: 0.0000, loc_loss: 0.6088, loc_loss_elem: ['0.1048', '0.0882', '0.0963', '0.0533', '0.0569', '0.0740', '0.0558', '0.0795'], num_positive: 154.8000, roi_reg_loss: 0.6288, roi_cls_loss: 0.2186

2022-05-19 21:39:54,842 - INFO - Epoch [6/6][60/133]	lr: 0.00003, eta: 0:08:06, time: 6.810, data_time: 0.074, transfer_time: 0.101, forward_time: 6.267, loss_parse_time: 0.000 memory: 11850, 
2022-05-19 21:39:54,842 - INFO - task : ['VEHICLE', 'PEDESTRIAN', 'CYCLIST'], loss: 2.0672, hm_loss: 0.0000, loc_loss: 0.5989, loc_loss_elem: ['0.1088', '0.0890', '0.0930', '0.0536', '0.0536', '0.0775', '0.0503', '0.0731'], num_positive: 159.8000, roi_reg_loss: 0.6515, roi_cls_loss: 0.2180

2022-05-19 21:40:28,925 - INFO - Epoch [6/6][65/133]	lr: 0.00003, eta: 0:07:33, time: 6.817, data_time: 0.072, transfer_time: 0.099, forward_time: 6.269, loss_parse_time: 0.000 memory: 11850, 
2022-05-19 21:40:28,926 - INFO - task : ['VEHICLE', 'PEDESTRIAN', 'CYCLIST'], loss: 1.9790, hm_loss: 0.0000, loc_loss: 0.5821, loc_loss_elem: ['0.1079', '0.0831', '0.0812', '0.0580', '0.0639', '0.0632', '0.0512', '0.0736'], num_positive: 191.8000, roi_reg_loss: 0.5941, roi_cls_loss: 0.2206

2022-05-19 21:41:02,801 - INFO - Epoch [6/6][70/133]	lr: 0.00002, eta: 0:07:00, time: 6.775, data_time: 0.077, transfer_time: 0.105, forward_time: 6.229, loss_parse_time: 0.000 memory: 11850, 
2022-05-19 21:41:02,801 - INFO - task : ['VEHICLE', 'PEDESTRIAN', 'CYCLIST'], loss: 2.0303, hm_loss: 0.0000, loc_loss: 0.5934, loc_loss_elem: ['0.1061', '0.0889', '0.0852', '0.0581', '0.0597', '0.0676', '0.0461', '0.0817'], num_positive: 155.8000, roi_reg_loss: 0.6173, roi_cls_loss: 0.2262

2022-05-19 21:41:36,679 - INFO - Epoch [6/6][75/133]	lr: 0.00002, eta: 0:06:26, time: 6.773, data_time: 0.069, transfer_time: 0.100, forward_time: 6.253, loss_parse_time: 0.000 memory: 11850, 
2022-05-19 21:41:36,679 - INFO - task : ['VEHICLE', 'PEDESTRIAN', 'CYCLIST'], loss: 1.9189, hm_loss: 0.0000, loc_loss: 0.5693, loc_loss_elem: ['0.1023', '0.0783', '0.0741', '0.0604', '0.0673', '0.0677', '0.0581', '0.0610'], num_positive: 158.6000, roi_reg_loss: 0.5788, roi_cls_loss: 0.2015

2022-05-19 21:42:10,728 - INFO - Epoch [6/6][80/133]	lr: 0.00002, eta: 0:05:53, time: 6.812, data_time: 0.074, transfer_time: 0.097, forward_time: 6.279, loss_parse_time: 0.000 memory: 11850, 
2022-05-19 21:42:10,728 - INFO - task : ['VEHICLE', 'PEDESTRIAN', 'CYCLIST'], loss: 2.0092, hm_loss: 0.0000, loc_loss: 0.5955, loc_loss_elem: ['0.1100', '0.0903', '0.0909', '0.0516', '0.0551', '0.0768', '0.0478', '0.0730'], num_positive: 148.6000, roi_reg_loss: 0.5957, roi_cls_loss: 0.2225

2022-05-19 21:42:44,737 - INFO - Epoch [6/6][85/133]	lr: 0.00001, eta: 0:05:20, time: 6.802, data_time: 0.072, transfer_time: 0.100, forward_time: 6.275, loss_parse_time: 0.000 memory: 11850, 
2022-05-19 21:42:44,738 - INFO - task : ['VEHICLE', 'PEDESTRIAN', 'CYCLIST'], loss: 1.9386, hm_loss: 0.0000, loc_loss: 0.5755, loc_loss_elem: ['0.1046', '0.0801', '0.0820', '0.0560', '0.0637', '0.0705', '0.0516', '0.0670'], num_positive: 179.8000, roi_reg_loss: 0.5700, roi_cls_loss: 0.2176

2022-05-19 21:43:18,683 - INFO - Epoch [6/6][90/133]	lr: 0.00001, eta: 0:04:46, time: 6.789, data_time: 0.072, transfer_time: 0.101, forward_time: 6.250, loss_parse_time: 0.000 memory: 11850, 
2022-05-19 21:43:18,684 - INFO - task : ['VEHICLE', 'PEDESTRIAN', 'CYCLIST'], loss: 1.9063, hm_loss: 0.0000, loc_loss: 0.5529, loc_loss_elem: ['0.0962', '0.0846', '0.0856', '0.0538', '0.0560', '0.0703', '0.0522', '0.0543'], num_positive: 165.6000, roi_reg_loss: 0.5972, roi_cls_loss: 0.2033

2022-05-19 21:43:52,593 - INFO - Epoch [6/6][95/133]	lr: 0.00001, eta: 0:04:13, time: 6.782, data_time: 0.075, transfer_time: 0.102, forward_time: 6.234, loss_parse_time: 0.000 memory: 11850, 
2022-05-19 21:43:52,593 - INFO - task : ['VEHICLE', 'PEDESTRIAN', 'CYCLIST'], loss: 1.9030, hm_loss: 0.0000, loc_loss: 0.5774, loc_loss_elem: ['0.0944', '0.0801', '0.0907', '0.0564', '0.0638', '0.0709', '0.0670', '0.0541'], num_positive: 116.0000, roi_reg_loss: 0.5898, roi_cls_loss: 0.1584

2022-05-19 21:44:26,457 - INFO - Epoch [6/6][100/133]	lr: 0.00001, eta: 0:03:40, time: 6.773, data_time: 0.070, transfer_time: 0.099, forward_time: 6.252, loss_parse_time: 0.000 memory: 11850, 
2022-05-19 21:44:26,457 - INFO - task : ['VEHICLE', 'PEDESTRIAN', 'CYCLIST'], loss: 2.1322, hm_loss: 0.0000, loc_loss: 0.6282, loc_loss_elem: ['0.1015', '0.0908', '0.1011', '0.0580', '0.0599', '0.0717', '0.0661', '0.0791'], num_positive: 198.0000, roi_reg_loss: 0.6298, roi_cls_loss: 0.2459

2022-05-19 21:45:00,247 - INFO - Epoch [6/6][105/133]	lr: 0.00000, eta: 0:03:06, time: 6.756, data_time: 0.070, transfer_time: 0.104, forward_time: 6.221, loss_parse_time: 0.000 memory: 11850, 
2022-05-19 21:45:00,247 - INFO - task : ['VEHICLE', 'PEDESTRIAN', 'CYCLIST'], loss: 2.0619, hm_loss: 0.0000, loc_loss: 0.6283, loc_loss_elem: ['0.1075', '0.0845', '0.0840', '0.0601', '0.0590', '0.0763', '0.0770', '0.0799'], num_positive: 148.8000, roi_reg_loss: 0.6076, roi_cls_loss: 0.1977

2022-05-19 21:45:34,003 - INFO - Epoch [6/6][110/133]	lr: 0.00000, eta: 0:02:33, time: 6.753, data_time: 0.074, transfer_time: 0.105, forward_time: 6.207, loss_parse_time: 0.000 memory: 11850, 
2022-05-19 21:45:34,004 - INFO - task : ['VEHICLE', 'PEDESTRIAN', 'CYCLIST'], loss: 2.0731, hm_loss: 0.0000, loc_loss: 0.6032, loc_loss_elem: ['0.1019', '0.0895', '0.0897', '0.0582', '0.0585', '0.0745', '0.0556', '0.0752'], num_positive: 194.2000, roi_reg_loss: 0.6258, roi_cls_loss: 0.2410

2022-05-19 21:46:07,833 - INFO - Epoch [6/6][115/133]	lr: 0.00000, eta: 0:02:00, time: 6.766, data_time: 0.063, transfer_time: 0.096, forward_time: 6.233, loss_parse_time: 0.000 memory: 11850, 
2022-05-19 21:46:07,833 - INFO - task : ['VEHICLE', 'PEDESTRIAN', 'CYCLIST'], loss: 1.9474, hm_loss: 0.0000, loc_loss: 0.5758, loc_loss_elem: ['0.1063', '0.0791', '0.0825', '0.0567', '0.0611', '0.0713', '0.0469', '0.0718'], num_positive: 174.4000, roi_reg_loss: 0.5747, roi_cls_loss: 0.2212

2022-05-19 21:46:41,858 - INFO - Epoch [6/6][120/133]	lr: 0.00000, eta: 0:01:26, time: 6.805, data_time: 0.072, transfer_time: 0.104, forward_time: 6.237, loss_parse_time: 0.000 memory: 11850, 
2022-05-19 21:46:41,858 - INFO - task : ['VEHICLE', 'PEDESTRIAN', 'CYCLIST'], loss: 2.1219, hm_loss: 0.0000, loc_loss: 0.6492, loc_loss_elem: ['0.0974', '0.0921', '0.0878', '0.0638', '0.0674', '0.0678', '0.0695', '0.1033'], num_positive: 173.4000, roi_reg_loss: 0.6049, roi_cls_loss: 0.2187

2022-05-19 21:47:15,800 - INFO - Epoch [6/6][125/133]	lr: 0.00000, eta: 0:00:53, time: 6.788, data_time: 0.065, transfer_time: 0.098, forward_time: 6.247, loss_parse_time: 0.000 memory: 11850, 
2022-05-19 21:47:15,801 - INFO - task : ['VEHICLE', 'PEDESTRIAN', 'CYCLIST'], loss: 1.9287, hm_loss: 0.0000, loc_loss: 0.5705, loc_loss_elem: ['0.0994', '0.0796', '0.0931', '0.0568', '0.0612', '0.0701', '0.0475', '0.0629'], num_positive: 167.2000, roi_reg_loss: 0.5845, roi_cls_loss: 0.2032

2022-05-19 21:47:49,494 - INFO - Epoch [6/6][130/133]	lr: 0.00000, eta: 0:00:20, time: 6.739, data_time: 0.071, transfer_time: 0.098, forward_time: 6.178, loss_parse_time: 0.000 memory: 11850, 
2022-05-19 21:47:49,494 - INFO - task : ['VEHICLE', 'PEDESTRIAN', 'CYCLIST'], loss: 2.0230, hm_loss: 0.0000, loc_loss: 0.5761, loc_loss_elem: ['0.1042', '0.0824', '0.0838', '0.0581', '0.0516', '0.0681', '0.0647', '0.0632'], num_positive: 191.4000, roi_reg_loss: 0.6287, roi_cls_loss: 0.2421

