2022-04-30 16:04:48,357 - INFO - Start running, host: root@38c34f86dda2, work_dir: /code/CenterPoint/work_dirs/waymo_centerpoint_voxelnet_two_stage_bev_5point_ft_6epoch_freeze_fusion
2022-04-30 16:04:48,357 - INFO - workflow: [('train', 1)], max: 6 epochs
2022-04-30 16:05:44,283 - INFO - Epoch [1/6][5/100]	lr: 0.00005, eta: 1:50:54, time: 11.185, data_time: 1.228, transfer_time: 0.096, forward_time: 9.417, loss_parse_time: 0.000 memory: 12248, 
2022-04-30 16:05:44,284 - INFO - task : ['VEHICLE', 'PEDESTRIAN', 'CYCLIST'], loss: 2.7566, hm_loss: 0.0000, loc_loss: 0.5882, loc_loss_elem: ['0.1038', '0.0824', '0.0797', '0.0571', '0.0626', '0.0653', '0.0605', '0.0768'], num_positive: 270.4000, roi_reg_loss: 0.9117, roi_cls_loss: 0.6685

2022-04-30 16:06:33,761 - INFO - Epoch [1/6][10/100]	lr: 0.00005, eta: 1:43:38, time: 9.896, data_time: 0.084, transfer_time: 0.095, forward_time: 9.300, loss_parse_time: 0.000 memory: 12248, 
2022-04-30 16:06:33,761 - INFO - task : ['VEHICLE', 'PEDESTRIAN', 'CYCLIST'], loss: 2.8084, hm_loss: 0.0000, loc_loss: 0.6557, loc_loss_elem: ['0.1128', '0.0876', '0.0987', '0.0587', '0.0608', '0.0805', '0.0739', '0.0828'], num_positive: 219.8000, roi_reg_loss: 0.9357, roi_cls_loss: 0.5612

2022-04-30 16:07:23,159 - INFO - Epoch [1/6][15/100]	lr: 0.00005, eta: 1:40:36, time: 9.878, data_time: 0.084, transfer_time: 0.092, forward_time: 9.279, loss_parse_time: 0.000 memory: 12248, 
2022-04-30 16:07:23,160 - INFO - task : ['VEHICLE', 'PEDESTRIAN', 'CYCLIST'], loss: 2.7296, hm_loss: 0.0000, loc_loss: 0.6485, loc_loss_elem: ['0.1045', '0.0965', '0.1159', '0.0534', '0.0501', '0.0868', '0.0524', '0.0889'], num_positive: 185.8000, roi_reg_loss: 0.9189, roi_cls_loss: 0.5138

2022-04-30 16:08:12,567 - INFO - Epoch [1/6][20/100]	lr: 0.00006, eta: 1:38:42, time: 9.883, data_time: 0.078, transfer_time: 0.093, forward_time: 9.279, loss_parse_time: 0.000 memory: 12248, 
2022-04-30 16:08:12,568 - INFO - task : ['VEHICLE', 'PEDESTRIAN', 'CYCLIST'], loss: 2.6584, hm_loss: 0.0000, loc_loss: 0.6321, loc_loss_elem: ['0.1050', '0.0862', '0.0879', '0.0578', '0.0602', '0.0776', '0.0669', '0.0904'], num_positive: 227.6000, roi_reg_loss: 0.9132, roi_cls_loss: 0.4810

2022-04-30 16:09:02,319 - INFO - Epoch [1/6][25/100]	lr: 0.00006, eta: 1:37:21, time: 9.950, data_time: 0.080, transfer_time: 0.093, forward_time: 9.332, loss_parse_time: 0.000 memory: 13358, 
2022-04-30 16:09:02,320 - INFO - task : ['VEHICLE', 'PEDESTRIAN', 'CYCLIST'], loss: 2.6594, hm_loss: 0.0000, loc_loss: 0.6434, loc_loss_elem: ['0.0995', '0.0866', '0.0982', '0.0589', '0.0636', '0.0791', '0.0717', '0.0859'], num_positive: 246.2000, roi_reg_loss: 0.9060, roi_cls_loss: 0.4665

2022-04-30 16:09:52,171 - INFO - Epoch [1/6][30/100]	lr: 0.00007, eta: 1:36:12, time: 9.968, data_time: 0.082, transfer_time: 0.095, forward_time: 9.345, loss_parse_time: 0.000 memory: 13358, 
2022-04-30 16:09:52,171 - INFO - task : ['VEHICLE', 'PEDESTRIAN', 'CYCLIST'], loss: 2.5720, hm_loss: 0.0000, loc_loss: 0.6030, loc_loss_elem: ['0.1063', '0.0850', '0.0926', '0.0537', '0.0579', '0.0794', '0.0571', '0.0709'], num_positive: 184.0000, roi_reg_loss: 0.9519, roi_cls_loss: 0.4141

2022-04-30 16:10:42,081 - INFO - Epoch [1/6][35/100]	lr: 0.00007, eta: 1:35:10, time: 9.984, data_time: 0.084, transfer_time: 0.091, forward_time: 9.353, loss_parse_time: 0.000 memory: 13358, 
2022-04-30 16:10:42,081 - INFO - task : ['VEHICLE', 'PEDESTRIAN', 'CYCLIST'], loss: 2.5666, hm_loss: 0.0000, loc_loss: 0.6152, loc_loss_elem: ['0.1066', '0.0872', '0.0964', '0.0587', '0.0616', '0.0766', '0.0588', '0.0693'], num_positive: 222.2000, roi_reg_loss: 0.9133, roi_cls_loss: 0.4230

2022-04-30 16:11:31,716 - INFO - Epoch [1/6][40/100]	lr: 0.00008, eta: 1:34:06, time: 9.927, data_time: 0.094, transfer_time: 0.095, forward_time: 9.278, loss_parse_time: 0.000 memory: 13358, 
2022-04-30 16:11:31,716 - INFO - task : ['VEHICLE', 'PEDESTRIAN', 'CYCLIST'], loss: 2.6664, hm_loss: 0.0000, loc_loss: 0.6573, loc_loss_elem: ['0.1044', '0.0863', '0.0831', '0.0618', '0.0673', '0.0716', '0.0889', '0.0938'], num_positive: 220.6000, roi_reg_loss: 0.9488, roi_cls_loss: 0.4031

2022-04-30 16:12:21,731 - INFO - Epoch [1/6][45/100]	lr: 0.00009, eta: 1:33:11, time: 10.003, data_time: 0.082, transfer_time: 0.095, forward_time: 9.377, loss_parse_time: 0.000 memory: 13358, 
2022-04-30 16:12:21,731 - INFO - task : ['VEHICLE', 'PEDESTRIAN', 'CYCLIST'], loss: 2.5216, hm_loss: 0.0000, loc_loss: 0.6250, loc_loss_elem: ['0.1084', '0.0872', '0.0847', '0.0552', '0.0578', '0.0796', '0.0615', '0.0905'], num_positive: 171.6000, roi_reg_loss: 0.9317, roi_cls_loss: 0.3400

2022-04-30 16:13:11,721 - INFO - Epoch [1/6][50/100]	lr: 0.00009, eta: 1:32:16, time: 9.996, data_time: 0.087, transfer_time: 0.093, forward_time: 9.378, loss_parse_time: 0.000 memory: 13358, 
2022-04-30 16:13:11,721 - INFO - task : ['VEHICLE', 'PEDESTRIAN', 'CYCLIST'], loss: 2.5448, hm_loss: 0.0000, loc_loss: 0.6162, loc_loss_elem: ['0.1128', '0.0899', '0.0888', '0.0563', '0.0588', '0.0769', '0.0591', '0.0736'], num_positive: 224.8000, roi_reg_loss: 0.9451, roi_cls_loss: 0.3673

2022-04-30 16:14:01,542 - INFO - Epoch [1/6][55/100]	lr: 0.00010, eta: 1:31:21, time: 9.967, data_time: 0.095, transfer_time: 0.093, forward_time: 9.305, loss_parse_time: 0.000 memory: 13358, 
2022-04-30 16:14:01,542 - INFO - task : ['VEHICLE', 'PEDESTRIAN', 'CYCLIST'], loss: 2.4770, hm_loss: 0.0000, loc_loss: 0.5955, loc_loss_elem: ['0.1077', '0.0800', '0.0791', '0.0594', '0.0642', '0.0692', '0.0626', '0.0734'], num_positive: 229.2000, roi_reg_loss: 0.9192, roi_cls_loss: 0.3668

2022-04-30 16:14:51,349 - INFO - Epoch [1/6][60/100]	lr: 0.00011, eta: 1:30:26, time: 9.961, data_time: 0.080, transfer_time: 0.092, forward_time: 9.335, loss_parse_time: 0.000 memory: 13358, 
2022-04-30 16:14:51,350 - INFO - task : ['VEHICLE', 'PEDESTRIAN', 'CYCLIST'], loss: 2.5435, hm_loss: 0.0000, loc_loss: 0.6136, loc_loss_elem: ['0.1018', '0.0856', '0.0868', '0.0594', '0.0628', '0.0732', '0.0647', '0.0793'], num_positive: 246.8000, roi_reg_loss: 0.9296, roi_cls_loss: 0.3867

2022-04-30 16:15:41,522 - INFO - Epoch [1/6][65/100]	lr: 0.00012, eta: 1:29:36, time: 10.034, data_time: 0.082, transfer_time: 0.093, forward_time: 9.388, loss_parse_time: 0.000 memory: 13358, 
2022-04-30 16:15:41,522 - INFO - task : ['VEHICLE', 'PEDESTRIAN', 'CYCLIST'], loss: 2.4113, hm_loss: 0.0000, loc_loss: 0.5866, loc_loss_elem: ['0.1043', '0.0806', '0.0819', '0.0567', '0.0601', '0.0671', '0.0589', '0.0769'], num_positive: 239.6000, roi_reg_loss: 0.8846, roi_cls_loss: 0.3535

2022-04-30 16:16:31,296 - INFO - Epoch [1/6][70/100]	lr: 0.00014, eta: 1:28:42, time: 9.955, data_time: 0.090, transfer_time: 0.094, forward_time: 9.326, loss_parse_time: 0.000 memory: 13358, 
2022-04-30 16:16:31,297 - INFO - task : ['VEHICLE', 'PEDESTRIAN', 'CYCLIST'], loss: 2.4787, hm_loss: 0.0000, loc_loss: 0.6137, loc_loss_elem: ['0.1020', '0.0854', '0.0799', '0.0594', '0.0647', '0.0696', '0.0743', '0.0785'], num_positive: 252.0000, roi_reg_loss: 0.9148, roi_cls_loss: 0.3365

2022-04-30 16:17:21,088 - INFO - Epoch [1/6][75/100]	lr: 0.00015, eta: 1:27:49, time: 9.956, data_time: 0.087, transfer_time: 0.094, forward_time: 9.343, loss_parse_time: 0.000 memory: 13358, 
2022-04-30 16:17:21,088 - INFO - task : ['VEHICLE', 'PEDESTRIAN', 'CYCLIST'], loss: 2.4399, hm_loss: 0.0000, loc_loss: 0.6013, loc_loss_elem: ['0.1067', '0.0835', '0.0965', '0.0515', '0.0566', '0.0776', '0.0537', '0.0753'], num_positive: 212.0000, roi_reg_loss: 0.9221, roi_cls_loss: 0.3152

2022-04-30 16:18:10,761 - INFO - Epoch [1/6][80/100]	lr: 0.00016, eta: 1:26:55, time: 9.937, data_time: 0.096, transfer_time: 0.097, forward_time: 9.308, loss_parse_time: 0.000 memory: 13358, 
2022-04-30 16:18:10,761 - INFO - task : ['VEHICLE', 'PEDESTRIAN', 'CYCLIST'], loss: 2.3187, hm_loss: 0.0000, loc_loss: 0.5755, loc_loss_elem: ['0.1012', '0.0806', '0.0859', '0.0569', '0.0584', '0.0723', '0.0510', '0.0690'], num_positive: 201.4000, roi_reg_loss: 0.8842, roi_cls_loss: 0.2836

2022-04-30 16:19:00,430 - INFO - Epoch [1/6][85/100]	lr: 0.00017, eta: 1:26:02, time: 9.933, data_time: 0.088, transfer_time: 0.096, forward_time: 9.285, loss_parse_time: 0.000 memory: 13358, 
2022-04-30 16:19:00,430 - INFO - task : ['VEHICLE', 'PEDESTRIAN', 'CYCLIST'], loss: 2.5407, hm_loss: 0.0000, loc_loss: 0.6595, loc_loss_elem: ['0.1131', '0.0900', '0.0900', '0.0625', '0.0715', '0.0815', '0.0634', '0.0874'], num_positive: 220.0000, roi_reg_loss: 0.9213, roi_cls_loss: 0.3005

2022-04-30 16:19:50,329 - INFO - Epoch [1/6][90/100]	lr: 0.00019, eta: 1:25:11, time: 9.978, data_time: 0.085, transfer_time: 0.093, forward_time: 9.356, loss_parse_time: 0.000 memory: 13358, 
2022-04-30 16:19:50,329 - INFO - task : ['VEHICLE', 'PEDESTRIAN', 'CYCLIST'], loss: 2.3675, hm_loss: 0.0000, loc_loss: 0.5978, loc_loss_elem: ['0.1025', '0.0834', '0.0794', '0.0604', '0.0637', '0.0719', '0.0623', '0.0744'], num_positive: 230.6000, roi_reg_loss: 0.8870, roi_cls_loss: 0.2849

2022-04-30 16:20:40,014 - INFO - Epoch [1/6][95/100]	lr: 0.00020, eta: 1:24:18, time: 9.937, data_time: 0.078, transfer_time: 0.092, forward_time: 9.322, loss_parse_time: 0.000 memory: 13358, 
2022-04-30 16:20:40,015 - INFO - task : ['VEHICLE', 'PEDESTRIAN', 'CYCLIST'], loss: 2.3424, hm_loss: 0.0000, loc_loss: 0.5802, loc_loss_elem: ['0.1095', '0.0833', '0.0786', '0.0563', '0.0607', '0.0696', '0.0489', '0.0734'], num_positive: 213.8000, roi_reg_loss: 0.9067, roi_cls_loss: 0.2754

2022-04-30 16:21:29,883 - INFO - Epoch [1/6][100/100]	lr: 0.00021, eta: 1:23:27, time: 9.974, data_time: 0.076, transfer_time: 0.095, forward_time: 9.323, loss_parse_time: 0.000 memory: 13658, 
2022-04-30 16:21:29,884 - INFO - task : ['VEHICLE', 'PEDESTRIAN', 'CYCLIST'], loss: 2.3921, hm_loss: 0.0000, loc_loss: 0.6182, loc_loss_elem: ['0.1052', '0.0817', '0.0765', '0.0636', '0.0686', '0.0705', '0.0725', '0.0796'], num_positive: 249.0000, roi_reg_loss: 0.8745, roi_cls_loss: 0.2812

2022-04-30 16:22:26,152 - INFO - Epoch [2/6][5/100]	lr: 0.00023, eta: 1:23:04, time: 11.161, data_time: 1.244, transfer_time: 0.101, forward_time: 9.387, loss_parse_time: 0.000 memory: 13658, 
2022-04-30 16:22:26,152 - INFO - task : ['VEHICLE', 'PEDESTRIAN', 'CYCLIST'], loss: 2.3792, hm_loss: 0.0000, loc_loss: 0.6110, loc_loss_elem: ['0.1050', '0.0812', '0.0857', '0.0583', '0.0647', '0.0731', '0.0628', '0.0803'], num_positive: 236.4000, roi_reg_loss: 0.8858, roi_cls_loss: 0.2713

2022-04-30 16:23:15,959 - INFO - Epoch [2/6][10/100]	lr: 0.00024, eta: 1:22:11, time: 9.961, data_time: 0.097, transfer_time: 0.098, forward_time: 9.329, loss_parse_time: 0.000 memory: 13658, 
2022-04-30 16:23:15,959 - INFO - task : ['VEHICLE', 'PEDESTRIAN', 'CYCLIST'], loss: 2.3625, hm_loss: 0.0000, loc_loss: 0.6019, loc_loss_elem: ['0.1187', '0.0865', '0.0949', '0.0526', '0.0541', '0.0719', '0.0527', '0.0706'], num_positive: 183.8000, roi_reg_loss: 0.9274, roi_cls_loss: 0.2313

2022-04-30 16:24:05,915 - INFO - Epoch [2/6][15/100]	lr: 0.00026, eta: 1:21:19, time: 9.993, data_time: 0.083, transfer_time: 0.097, forward_time: 9.379, loss_parse_time: 0.000 memory: 13658, 
2022-04-30 16:24:05,915 - INFO - task : ['VEHICLE', 'PEDESTRIAN', 'CYCLIST'], loss: 2.4104, hm_loss: 0.0000, loc_loss: 0.6080, loc_loss_elem: ['0.1014', '0.0796', '0.0747', '0.0625', '0.0713', '0.0690', '0.0675', '0.0821'], num_positive: 255.6000, roi_reg_loss: 0.8929, roi_cls_loss: 0.3015

2022-04-30 16:24:55,869 - INFO - Epoch [2/6][20/100]	lr: 0.00027, eta: 1:20:28, time: 9.991, data_time: 0.080, transfer_time: 0.099, forward_time: 9.351, loss_parse_time: 0.000 memory: 13658, 
2022-04-30 16:24:55,870 - INFO - task : ['VEHICLE', 'PEDESTRIAN', 'CYCLIST'], loss: 2.3945, hm_loss: 0.0000, loc_loss: 0.6199, loc_loss_elem: ['0.1092', '0.0899', '0.0922', '0.0579', '0.0613', '0.0769', '0.0539', '0.0787'], num_positive: 227.4000, roi_reg_loss: 0.8801, roi_cls_loss: 0.2747

2022-04-30 16:25:45,670 - INFO - Epoch [2/6][25/100]	lr: 0.00029, eta: 1:19:35, time: 9.959, data_time: 0.080, transfer_time: 0.098, forward_time: 9.319, loss_parse_time: 0.000 memory: 13658, 
2022-04-30 16:25:45,671 - INFO - task : ['VEHICLE', 'PEDESTRIAN', 'CYCLIST'], loss: 2.3593, hm_loss: 0.0000, loc_loss: 0.6225, loc_loss_elem: ['0.0993', '0.0804', '0.0746', '0.0641', '0.0699', '0.0698', '0.0783', '0.0861'], num_positive: 261.4000, roi_reg_loss: 0.8367, roi_cls_loss: 0.2777

2022-04-30 16:26:35,543 - INFO - Epoch [2/6][30/100]	lr: 0.00030, eta: 1:18:44, time: 9.975, data_time: 0.095, transfer_time: 0.098, forward_time: 9.333, loss_parse_time: 0.000 memory: 13658, 
2022-04-30 16:26:35,544 - INFO - task : ['VEHICLE', 'PEDESTRIAN', 'CYCLIST'], loss: 2.4558, hm_loss: 0.0000, loc_loss: 0.6693, loc_loss_elem: ['0.1047', '0.0925', '0.0946', '0.0618', '0.0691', '0.0792', '0.0765', '0.0909'], num_positive: 212.6000, roi_reg_loss: 0.8584, roi_cls_loss: 0.2588

2022-04-30 16:27:25,313 - INFO - Epoch [2/6][35/100]	lr: 0.00032, eta: 1:17:52, time: 9.954, data_time: 0.094, transfer_time: 0.098, forward_time: 9.314, loss_parse_time: 0.000 memory: 13658, 
2022-04-30 16:27:25,313 - INFO - task : ['VEHICLE', 'PEDESTRIAN', 'CYCLIST'], loss: 2.3221, hm_loss: 0.0000, loc_loss: 0.6082, loc_loss_elem: ['0.1035', '0.0828', '0.0816', '0.0600', '0.0664', '0.0699', '0.0682', '0.0759'], num_positive: 215.8000, roi_reg_loss: 0.8478, roi_cls_loss: 0.2579

2022-04-30 16:28:14,577 - INFO - Epoch [2/6][40/100]	lr: 0.00033, eta: 1:16:58, time: 9.855, data_time: 0.089, transfer_time: 0.094, forward_time: 9.233, loss_parse_time: 0.000 memory: 13658, 
2022-04-30 16:28:14,577 - INFO - task : ['VEHICLE', 'PEDESTRIAN', 'CYCLIST'], loss: 2.3257, hm_loss: 0.0000, loc_loss: 0.6036, loc_loss_elem: ['0.1019', '0.0831', '0.0828', '0.0579', '0.0574', '0.0667', '0.0637', '0.0901'], num_positive: 240.8000, roi_reg_loss: 0.8499, roi_cls_loss: 0.2688

2022-04-30 16:29:04,763 - INFO - Epoch [2/6][45/100]	lr: 0.00034, eta: 1:16:08, time: 10.035, data_time: 0.090, transfer_time: 0.098, forward_time: 9.386, loss_parse_time: 0.000 memory: 13658, 
2022-04-30 16:29:04,763 - INFO - task : ['VEHICLE', 'PEDESTRIAN', 'CYCLIST'], loss: 2.3168, hm_loss: 0.0000, loc_loss: 0.5782, loc_loss_elem: ['0.0983', '0.0872', '0.0827', '0.0593', '0.0608', '0.0661', '0.0513', '0.0725'], num_positive: 267.2000, roi_reg_loss: 0.8736, roi_cls_loss: 0.2867

2022-04-30 16:29:54,465 - INFO - Epoch [2/6][50/100]	lr: 0.00036, eta: 1:15:16, time: 9.940, data_time: 0.088, transfer_time: 0.096, forward_time: 9.306, loss_parse_time: 0.000 memory: 13658, 
2022-04-30 16:29:54,465 - INFO - task : ['VEHICLE', 'PEDESTRIAN', 'CYCLIST'], loss: 2.3952, hm_loss: 0.0000, loc_loss: 0.6369, loc_loss_elem: ['0.1090', '0.0894', '0.1060', '0.0601', '0.0630', '0.0717', '0.0596', '0.0780'], num_positive: 182.4000, roi_reg_loss: 0.8846, roi_cls_loss: 0.2369

2022-04-30 16:30:44,161 - INFO - Epoch [2/6][55/100]	lr: 0.00037, eta: 1:14:25, time: 9.941, data_time: 0.079, transfer_time: 0.096, forward_time: 9.327, loss_parse_time: 0.000 memory: 13658, 
2022-04-30 16:30:44,162 - INFO - task : ['VEHICLE', 'PEDESTRIAN', 'CYCLIST'], loss: 2.2385, hm_loss: 0.0000, loc_loss: 0.5475, loc_loss_elem: ['0.1118', '0.0812', '0.0714', '0.0566', '0.0542', '0.0628', '0.0412', '0.0683'], num_positive: 252.0000, roi_reg_loss: 0.8745, roi_cls_loss: 0.2690

2022-04-30 16:31:33,972 - INFO - Epoch [2/6][60/100]	lr: 0.00038, eta: 1:13:34, time: 9.962, data_time: 0.086, transfer_time: 0.099, forward_time: 9.343, loss_parse_time: 0.000 memory: 13658, 
2022-04-30 16:31:33,972 - INFO - task : ['VEHICLE', 'PEDESTRIAN', 'CYCLIST'], loss: 2.3589, hm_loss: 0.0000, loc_loss: 0.6329, loc_loss_elem: ['0.1075', '0.0917', '0.0913', '0.0597', '0.0632', '0.0746', '0.0647', '0.0802'], num_positive: 224.2000, roi_reg_loss: 0.8375, roi_cls_loss: 0.2556

2022-04-30 16:32:23,263 - INFO - Epoch [2/6][65/100]	lr: 0.00040, eta: 1:12:41, time: 9.856, data_time: 0.088, transfer_time: 0.097, forward_time: 9.239, loss_parse_time: 0.000 memory: 13658, 
2022-04-30 16:32:23,263 - INFO - task : ['VEHICLE', 'PEDESTRIAN', 'CYCLIST'], loss: 2.3185, hm_loss: 0.0000, loc_loss: 0.6268, loc_loss_elem: ['0.1025', '0.0818', '0.0837', '0.0607', '0.0668', '0.0745', '0.0722', '0.0846'], num_positive: 214.0000, roi_reg_loss: 0.8267, roi_cls_loss: 0.2383

2022-04-30 16:33:13,265 - INFO - Epoch [2/6][70/100]	lr: 0.00041, eta: 1:11:51, time: 10.001, data_time: 0.089, transfer_time: 0.097, forward_time: 9.360, loss_parse_time: 0.000 memory: 13658, 
2022-04-30 16:33:13,266 - INFO - task : ['VEHICLE', 'PEDESTRIAN', 'CYCLIST'], loss: 2.1302, hm_loss: 0.0000, loc_loss: 0.5522, loc_loss_elem: ['0.1092', '0.0801', '0.0763', '0.0513', '0.0506', '0.0755', '0.0531', '0.0559'], num_positive: 171.6000, roi_reg_loss: 0.8222, roi_cls_loss: 0.2037

2022-04-30 16:34:02,998 - INFO - Epoch [2/6][75/100]	lr: 0.00042, eta: 1:11:00, time: 9.947, data_time: 0.086, transfer_time: 0.097, forward_time: 9.321, loss_parse_time: 0.000 memory: 13658, 
2022-04-30 16:34:02,998 - INFO - task : ['VEHICLE', 'PEDESTRIAN', 'CYCLIST'], loss: 2.1595, hm_loss: 0.0000, loc_loss: 0.5610, loc_loss_elem: ['0.0996', '0.0869', '0.0854', '0.0538', '0.0555', '0.0678', '0.0427', '0.0693'], num_positive: 246.0000, roi_reg_loss: 0.7875, roi_cls_loss: 0.2500

2022-04-30 16:34:52,627 - INFO - Epoch [2/6][80/100]	lr: 0.00043, eta: 1:10:08, time: 9.925, data_time: 0.084, transfer_time: 0.094, forward_time: 9.305, loss_parse_time: 0.000 memory: 13658, 
2022-04-30 16:34:52,627 - INFO - task : ['VEHICLE', 'PEDESTRIAN', 'CYCLIST'], loss: 2.1763, hm_loss: 0.0000, loc_loss: 0.5831, loc_loss_elem: ['0.1082', '0.0854', '0.0848', '0.0566', '0.0523', '0.0738', '0.0444', '0.0776'], num_positive: 171.0000, roi_reg_loss: 0.8134, roi_cls_loss: 0.1968

2022-04-30 16:35:42,167 - INFO - Epoch [2/6][85/100]	lr: 0.00044, eta: 1:09:17, time: 9.909, data_time: 0.096, transfer_time: 0.096, forward_time: 9.264, loss_parse_time: 0.000 memory: 13658, 
2022-04-30 16:35:42,167 - INFO - task : ['VEHICLE', 'PEDESTRIAN', 'CYCLIST'], loss: 2.2832, hm_loss: 0.0000, loc_loss: 0.6275, loc_loss_elem: ['0.1048', '0.0879', '0.0927', '0.0573', '0.0575', '0.0727', '0.0746', '0.0801'], num_positive: 206.6000, roi_reg_loss: 0.7933, roi_cls_loss: 0.2348

2022-04-30 16:36:31,542 - INFO - Epoch [2/6][90/100]	lr: 0.00045, eta: 1:08:25, time: 9.876, data_time: 0.090, transfer_time: 0.097, forward_time: 9.259, loss_parse_time: 0.000 memory: 13658, 
2022-04-30 16:36:31,542 - INFO - task : ['VEHICLE', 'PEDESTRIAN', 'CYCLIST'], loss: 2.2708, hm_loss: 0.0000, loc_loss: 0.6254, loc_loss_elem: ['0.1022', '0.0903', '0.1004', '0.0551', '0.0548', '0.0725', '0.0717', '0.0783'], num_positive: 182.6000, roi_reg_loss: 0.7996, roi_cls_loss: 0.2205

2022-04-30 16:37:21,254 - INFO - Epoch [2/6][95/100]	lr: 0.00046, eta: 1:07:35, time: 9.940, data_time: 0.086, transfer_time: 0.098, forward_time: 9.302, loss_parse_time: 0.000 memory: 13658, 
2022-04-30 16:37:21,254 - INFO - task : ['VEHICLE', 'PEDESTRIAN', 'CYCLIST'], loss: 2.3425, hm_loss: 0.0000, loc_loss: 0.6545, loc_loss_elem: ['0.1067', '0.0843', '0.1019', '0.0606', '0.0677', '0.0745', '0.0717', '0.0872'], num_positive: 195.4000, roi_reg_loss: 0.8152, roi_cls_loss: 0.2182

2022-04-30 16:38:10,876 - INFO - Epoch [2/6][100/100]	lr: 0.00047, eta: 1:06:44, time: 9.927, data_time: 0.090, transfer_time: 0.095, forward_time: 9.302, loss_parse_time: 0.000 memory: 13658, 
2022-04-30 16:38:10,877 - INFO - task : ['VEHICLE', 'PEDESTRIAN', 'CYCLIST'], loss: 2.2126, hm_loss: 0.0000, loc_loss: 0.6061, loc_loss_elem: ['0.1030', '0.0883', '0.0855', '0.0595', '0.0605', '0.0703', '0.0685', '0.0706'], num_positive: 207.4000, roi_reg_loss: 0.7833, roi_cls_loss: 0.2171

2022-04-30 16:39:07,487 - INFO - Epoch [3/6][5/100]	lr: 0.00048, eta: 1:06:05, time: 11.231, data_time: 1.250, transfer_time: 0.097, forward_time: 9.444, loss_parse_time: 0.000 memory: 13658, 
2022-04-30 16:39:07,487 - INFO - task : ['VEHICLE', 'PEDESTRIAN', 'CYCLIST'], loss: 2.1048, hm_loss: 0.0000, loc_loss: 0.5592, loc_loss_elem: ['0.1101', '0.0852', '0.0867', '0.0545', '0.0589', '0.0701', '0.0430', '0.0506'], num_positive: 212.0000, roi_reg_loss: 0.7652, roi_cls_loss: 0.2211

2022-04-30 16:39:57,395 - INFO - Epoch [3/6][10/100]	lr: 0.00048, eta: 1:05:15, time: 9.981, data_time: 0.084, transfer_time: 0.096, forward_time: 9.357, loss_parse_time: 0.000 memory: 13658, 
2022-04-30 16:39:57,396 - INFO - task : ['VEHICLE', 'PEDESTRIAN', 'CYCLIST'], loss: 2.1188, hm_loss: 0.0000, loc_loss: 0.5814, loc_loss_elem: ['0.1036', '0.0841', '0.0788', '0.0586', '0.0574', '0.0682', '0.0553', '0.0754'], num_positive: 204.2000, roi_reg_loss: 0.7386, roi_cls_loss: 0.2174

2022-04-30 16:40:47,148 - INFO - Epoch [3/6][15/100]	lr: 0.00049, eta: 1:04:24, time: 9.952, data_time: 0.090, transfer_time: 0.097, forward_time: 9.308, loss_parse_time: 0.000 memory: 13658, 
2022-04-30 16:40:47,148 - INFO - task : ['VEHICLE', 'PEDESTRIAN', 'CYCLIST'], loss: 2.1871, hm_loss: 0.0000, loc_loss: 0.5982, loc_loss_elem: ['0.0980', '0.0817', '0.0848', '0.0595', '0.0658', '0.0678', '0.0618', '0.0787'], num_positive: 259.0000, roi_reg_loss: 0.7265, roi_cls_loss: 0.2643

2022-04-30 16:41:36,656 - INFO - Epoch [3/6][20/100]	lr: 0.00049, eta: 1:03:32, time: 9.899, data_time: 0.087, transfer_time: 0.093, forward_time: 9.279, loss_parse_time: 0.000 memory: 13658, 
2022-04-30 16:41:36,656 - INFO - task : ['VEHICLE', 'PEDESTRIAN', 'CYCLIST'], loss: 2.0917, hm_loss: 0.0000, loc_loss: 0.5637, loc_loss_elem: ['0.1008', '0.0772', '0.0742', '0.0556', '0.0620', '0.0677', '0.0560', '0.0702'], num_positive: 264.4000, roi_reg_loss: 0.7181, roi_cls_loss: 0.2462

2022-04-30 16:42:26,042 - INFO - Epoch [3/6][25/100]	lr: 0.00050, eta: 1:02:41, time: 9.877, data_time: 0.091, transfer_time: 0.100, forward_time: 9.251, loss_parse_time: 0.000 memory: 13658, 
2022-04-30 16:42:26,042 - INFO - task : ['VEHICLE', 'PEDESTRIAN', 'CYCLIST'], loss: 2.2156, hm_loss: 0.0000, loc_loss: 0.6234, loc_loss_elem: ['0.1022', '0.0903', '0.0907', '0.0584', '0.0606', '0.0725', '0.0681', '0.0807'], num_positive: 187.8000, roi_reg_loss: 0.7426, roi_cls_loss: 0.2260

2022-04-30 16:43:15,930 - INFO - Epoch [3/6][30/100]	lr: 0.00050, eta: 1:01:50, time: 9.978, data_time: 0.085, transfer_time: 0.096, forward_time: 9.369, loss_parse_time: 0.000 memory: 13658, 
2022-04-30 16:43:15,930 - INFO - task : ['VEHICLE', 'PEDESTRIAN', 'CYCLIST'], loss: 2.1924, hm_loss: 0.0000, loc_loss: 0.6149, loc_loss_elem: ['0.1031', '0.0777', '0.0935', '0.0620', '0.0702', '0.0723', '0.0675', '0.0686'], num_positive: 217.2000, roi_reg_loss: 0.7506, roi_cls_loss: 0.2121

2022-04-30 16:44:05,734 - INFO - Epoch [3/6][35/100]	lr: 0.00050, eta: 1:01:00, time: 9.963, data_time: 0.093, transfer_time: 0.095, forward_time: 9.327, loss_parse_time: 0.000 memory: 13658, 
2022-04-30 16:44:05,735 - INFO - task : ['VEHICLE', 'PEDESTRIAN', 'CYCLIST'], loss: 2.1919, hm_loss: 0.0000, loc_loss: 0.5866, loc_loss_elem: ['0.0995', '0.0813', '0.0824', '0.0597', '0.0651', '0.0694', '0.0590', '0.0702'], num_positive: 294.0000, roi_reg_loss: 0.7317, roi_cls_loss: 0.2871

2022-04-30 16:44:55,902 - INFO - Epoch [3/6][40/100]	lr: 0.00050, eta: 1:00:09, time: 10.032, data_time: 0.085, transfer_time: 0.099, forward_time: 9.387, loss_parse_time: 0.000 memory: 13658, 
2022-04-30 16:44:55,902 - INFO - task : ['VEHICLE', 'PEDESTRIAN', 'CYCLIST'], loss: 2.1431, hm_loss: 0.0000, loc_loss: 0.5839, loc_loss_elem: ['0.1033', '0.0859', '0.0843', '0.0581', '0.0580', '0.0679', '0.0610', '0.0655'], num_positive: 214.6000, roi_reg_loss: 0.7355, roi_cls_loss: 0.2397

2022-04-30 16:45:45,415 - INFO - Epoch [3/6][45/100]	lr: 0.00050, eta: 0:59:18, time: 9.902, data_time: 0.088, transfer_time: 0.094, forward_time: 9.277, loss_parse_time: 0.000 memory: 13658, 
2022-04-30 16:45:45,415 - INFO - task : ['VEHICLE', 'PEDESTRIAN', 'CYCLIST'], loss: 2.1319, hm_loss: 0.0000, loc_loss: 0.5915, loc_loss_elem: ['0.1027', '0.0843', '0.0843', '0.0572', '0.0557', '0.0731', '0.0566', '0.0776'], num_positive: 204.8000, roi_reg_loss: 0.7252, roi_cls_loss: 0.2237

2022-04-30 16:46:35,036 - INFO - Epoch [3/6][50/100]	lr: 0.00050, eta: 0:58:28, time: 9.927, data_time: 0.083, transfer_time: 0.096, forward_time: 9.278, loss_parse_time: 0.000 memory: 13658, 
2022-04-30 16:46:35,036 - INFO - task : ['VEHICLE', 'PEDESTRIAN', 'CYCLIST'], loss: 2.2352, hm_loss: 0.0000, loc_loss: 0.6226, loc_loss_elem: ['0.1069', '0.0865', '0.0887', '0.0566', '0.0648', '0.0726', '0.0620', '0.0844'], num_positive: 203.4000, roi_reg_loss: 0.7644, roi_cls_loss: 0.2257

2022-04-30 16:47:24,164 - INFO - Epoch [3/6][55/100]	lr: 0.00050, eta: 0:57:36, time: 9.826, data_time: 0.085, transfer_time: 0.096, forward_time: 9.206, loss_parse_time: 0.000 memory: 13658, 
2022-04-30 16:47:24,165 - INFO - task : ['VEHICLE', 'PEDESTRIAN', 'CYCLIST'], loss: 2.2314, hm_loss: 0.0000, loc_loss: 0.6169, loc_loss_elem: ['0.1072', '0.0877', '0.0909', '0.0591', '0.0578', '0.0711', '0.0597', '0.0834'], num_positive: 220.2000, roi_reg_loss: 0.7455, roi_cls_loss: 0.2521

2022-04-30 16:48:13,984 - INFO - Epoch [3/6][60/100]	lr: 0.00050, eta: 0:56:46, time: 9.962, data_time: 0.092, transfer_time: 0.098, forward_time: 9.329, loss_parse_time: 0.000 memory: 13658, 
2022-04-30 16:48:13,984 - INFO - task : ['VEHICLE', 'PEDESTRIAN', 'CYCLIST'], loss: 2.1048, hm_loss: 0.0000, loc_loss: 0.5720, loc_loss_elem: ['0.1017', '0.0788', '0.0760', '0.0586', '0.0578', '0.0632', '0.0592', '0.0769'], num_positive: 251.2000, roi_reg_loss: 0.7195, roi_cls_loss: 0.2412

2022-04-30 16:49:03,926 - INFO - Epoch [3/6][65/100]	lr: 0.00049, eta: 0:55:55, time: 9.991, data_time: 0.078, transfer_time: 0.095, forward_time: 9.382, loss_parse_time: 0.000 memory: 13658, 
2022-04-30 16:49:03,927 - INFO - task : ['VEHICLE', 'PEDESTRIAN', 'CYCLIST'], loss: 2.1681, hm_loss: 0.0000, loc_loss: 0.5790, loc_loss_elem: ['0.1051', '0.0873', '0.0974', '0.0558', '0.0537', '0.0706', '0.0489', '0.0602'], num_positive: 233.8000, roi_reg_loss: 0.7627, roi_cls_loss: 0.2475

2022-04-30 16:49:53,557 - INFO - Epoch [3/6][70/100]	lr: 0.00049, eta: 0:55:05, time: 9.926, data_time: 0.088, transfer_time: 0.097, forward_time: 9.282, loss_parse_time: 0.000 memory: 13658, 
2022-04-30 16:49:53,557 - INFO - task : ['VEHICLE', 'PEDESTRIAN', 'CYCLIST'], loss: 2.1068, hm_loss: 0.0000, loc_loss: 0.5986, loc_loss_elem: ['0.0974', '0.0809', '0.0867', '0.0567', '0.0610', '0.0691', '0.0672', '0.0795'], num_positive: 214.6000, roi_reg_loss: 0.6997, roi_cls_loss: 0.2100

2022-04-30 16:50:42,818 - INFO - Epoch [3/6][75/100]	lr: 0.00049, eta: 0:54:14, time: 9.852, data_time: 0.079, transfer_time: 0.098, forward_time: 9.233, loss_parse_time: 0.000 memory: 13658, 
2022-04-30 16:50:42,819 - INFO - task : ['VEHICLE', 'PEDESTRIAN', 'CYCLIST'], loss: 2.1504, hm_loss: 0.0000, loc_loss: 0.5936, loc_loss_elem: ['0.1026', '0.0875', '0.0860', '0.0578', '0.0558', '0.0671', '0.0623', '0.0746'], num_positive: 250.4000, roi_reg_loss: 0.7218, roi_cls_loss: 0.2413

2022-04-30 16:51:32,089 - INFO - Epoch [3/6][80/100]	lr: 0.00049, eta: 0:53:23, time: 9.852, data_time: 0.081, transfer_time: 0.097, forward_time: 9.232, loss_parse_time: 0.000 memory: 13658, 
2022-04-30 16:51:32,089 - INFO - task : ['VEHICLE', 'PEDESTRIAN', 'CYCLIST'], loss: 2.1722, hm_loss: 0.0000, loc_loss: 0.6146, loc_loss_elem: ['0.1000', '0.0851', '0.0936', '0.0586', '0.0560', '0.0821', '0.0695', '0.0698'], num_positive: 163.2000, roi_reg_loss: 0.7668, roi_cls_loss: 0.1762

2022-04-30 16:52:22,142 - INFO - Epoch [3/6][85/100]	lr: 0.00048, eta: 0:52:33, time: 10.013, data_time: 0.094, transfer_time: 0.098, forward_time: 9.330, loss_parse_time: 0.000 memory: 13658, 
2022-04-30 16:52:22,142 - INFO - task : ['VEHICLE', 'PEDESTRIAN', 'CYCLIST'], loss: 2.1430, hm_loss: 0.0000, loc_loss: 0.5814, loc_loss_elem: ['0.1120', '0.0875', '0.0851', '0.0541', '0.0529', '0.0702', '0.0512', '0.0683'], num_positive: 222.6000, roi_reg_loss: 0.7452, roi_cls_loss: 0.2349

2022-04-30 16:53:12,140 - INFO - Epoch [3/6][90/100]	lr: 0.00048, eta: 0:51:43, time: 9.998, data_time: 0.085, transfer_time: 0.098, forward_time: 9.382, loss_parse_time: 0.000 memory: 13658, 
2022-04-30 16:53:12,140 - INFO - task : ['VEHICLE', 'PEDESTRIAN', 'CYCLIST'], loss: 2.0424, hm_loss: 0.0000, loc_loss: 0.5678, loc_loss_elem: ['0.1041', '0.0813', '0.0757', '0.0589', '0.0624', '0.0672', '0.0551', '0.0630'], num_positive: 262.2000, roi_reg_loss: 0.6671, roi_cls_loss: 0.2397

2022-04-30 16:54:01,641 - INFO - Epoch [3/6][95/100]	lr: 0.00047, eta: 0:50:52, time: 9.900, data_time: 0.084, transfer_time: 0.094, forward_time: 9.289, loss_parse_time: 0.000 memory: 13658, 
2022-04-30 16:54:01,641 - INFO - task : ['VEHICLE', 'PEDESTRIAN', 'CYCLIST'], loss: 2.0990, hm_loss: 0.0000, loc_loss: 0.6024, loc_loss_elem: ['0.1031', '0.0832', '0.0893', '0.0581', '0.0640', '0.0730', '0.0559', '0.0758'], num_positive: 228.2000, roi_reg_loss: 0.6741, roi_cls_loss: 0.2201

2022-04-30 16:54:51,107 - INFO - Epoch [3/6][100/100]	lr: 0.00047, eta: 0:50:01, time: 9.895, data_time: 0.085, transfer_time: 0.094, forward_time: 9.268, loss_parse_time: 0.000 memory: 13658, 
2022-04-30 16:54:51,108 - INFO - task : ['VEHICLE', 'PEDESTRIAN', 'CYCLIST'], loss: 2.2524, hm_loss: 0.0000, loc_loss: 0.6267, loc_loss_elem: ['0.1100', '0.0881', '0.0908', '0.0569', '0.0598', '0.0771', '0.0626', '0.0814'], num_positive: 207.6000, roi_reg_loss: 0.7646, roi_cls_loss: 0.2343

2022-04-30 16:55:47,550 - INFO - Epoch [4/6][5/100]	lr: 0.00046, eta: 0:49:17, time: 11.198, data_time: 1.222, transfer_time: 0.114, forward_time: 9.396, loss_parse_time: 0.000 memory: 13658, 
2022-04-30 16:55:47,550 - INFO - task : ['VEHICLE', 'PEDESTRIAN', 'CYCLIST'], loss: 2.1529, hm_loss: 0.0000, loc_loss: 0.6104, loc_loss_elem: ['0.1004', '0.0867', '0.0874', '0.0578', '0.0602', '0.0753', '0.0620', '0.0807'], num_positive: 227.0000, roi_reg_loss: 0.7011, roi_cls_loss: 0.2311

2022-04-30 16:56:37,805 - INFO - Epoch [4/6][10/100]	lr: 0.00046, eta: 0:48:27, time: 10.051, data_time: 0.082, transfer_time: 0.094, forward_time: 9.418, loss_parse_time: 0.000 memory: 13658, 
2022-04-30 16:56:37,805 - INFO - task : ['VEHICLE', 'PEDESTRIAN', 'CYCLIST'], loss: 2.0560, hm_loss: 0.0000, loc_loss: 0.5812, loc_loss_elem: ['0.1015', '0.0822', '0.0821', '0.0585', '0.0605', '0.0719', '0.0502', '0.0743'], num_positive: 226.2000, roi_reg_loss: 0.6827, roi_cls_loss: 0.2110

2022-04-30 16:57:27,328 - INFO - Epoch [4/6][15/100]	lr: 0.00045, eta: 0:47:36, time: 9.903, data_time: 0.078, transfer_time: 0.092, forward_time: 9.300, loss_parse_time: 0.000 memory: 13658, 
2022-04-30 16:57:27,329 - INFO - task : ['VEHICLE', 'PEDESTRIAN', 'CYCLIST'], loss: 2.2306, hm_loss: 0.0000, loc_loss: 0.6370, loc_loss_elem: ['0.1022', '0.0866', '0.0905', '0.0608', '0.0634', '0.0777', '0.0707', '0.0850'], num_positive: 235.0000, roi_reg_loss: 0.7096, roi_cls_loss: 0.2471

2022-04-30 16:58:17,715 - INFO - Epoch [4/6][20/100]	lr: 0.00044, eta: 0:46:46, time: 10.079, data_time: 0.084, transfer_time: 0.097, forward_time: 9.441, loss_parse_time: 0.000 memory: 13658, 
2022-04-30 16:58:17,716 - INFO - task : ['VEHICLE', 'PEDESTRIAN', 'CYCLIST'], loss: 2.0222, hm_loss: 0.0000, loc_loss: 0.5788, loc_loss_elem: ['0.1029', '0.0805', '0.0782', '0.0554', '0.0616', '0.0659', '0.0580', '0.0764'], num_positive: 221.8000, roi_reg_loss: 0.6490, roi_cls_loss: 0.2156

2022-04-30 16:59:07,234 - INFO - Epoch [4/6][25/100]	lr: 0.00044, eta: 0:45:56, time: 9.902, data_time: 0.081, transfer_time: 0.097, forward_time: 9.289, loss_parse_time: 0.000 memory: 13658, 
2022-04-30 16:59:07,234 - INFO - task : ['VEHICLE', 'PEDESTRIAN', 'CYCLIST'], loss: 2.1022, hm_loss: 0.0000, loc_loss: 0.5937, loc_loss_elem: ['0.1061', '0.0844', '0.0855', '0.0603', '0.0613', '0.0701', '0.0524', '0.0737'], num_positive: 202.8000, roi_reg_loss: 0.6984, roi_cls_loss: 0.2164

2022-04-30 16:59:56,961 - INFO - Epoch [4/6][30/100]	lr: 0.00043, eta: 0:45:05, time: 9.947, data_time: 0.089, transfer_time: 0.094, forward_time: 9.307, loss_parse_time: 0.000 memory: 13658, 
2022-04-30 16:59:56,962 - INFO - task : ['VEHICLE', 'PEDESTRIAN', 'CYCLIST'], loss: 2.0485, hm_loss: 0.0000, loc_loss: 0.5888, loc_loss_elem: ['0.1007', '0.0825', '0.0840', '0.0575', '0.0628', '0.0682', '0.0644', '0.0689'], num_positive: 169.2000, roi_reg_loss: 0.6862, roi_cls_loss: 0.1846

2022-04-30 17:00:46,667 - INFO - Epoch [4/6][35/100]	lr: 0.00042, eta: 0:44:15, time: 9.940, data_time: 0.094, transfer_time: 0.099, forward_time: 9.279, loss_parse_time: 0.000 memory: 13658, 
2022-04-30 17:00:46,667 - INFO - task : ['VEHICLE', 'PEDESTRIAN', 'CYCLIST'], loss: 2.1722, hm_loss: 0.0000, loc_loss: 0.6298, loc_loss_elem: ['0.1054', '0.0878', '0.0875', '0.0590', '0.0667', '0.0707', '0.0744', '0.0783'], num_positive: 197.0000, roi_reg_loss: 0.7196, roi_cls_loss: 0.1931

2022-04-30 17:01:36,097 - INFO - Epoch [4/6][40/100]	lr: 0.00041, eta: 0:43:24, time: 9.888, data_time: 0.086, transfer_time: 0.094, forward_time: 9.252, loss_parse_time: 0.000 memory: 13658, 
2022-04-30 17:01:36,098 - INFO - task : ['VEHICLE', 'PEDESTRIAN', 'CYCLIST'], loss: 2.0531, hm_loss: 0.0000, loc_loss: 0.5756, loc_loss_elem: ['0.1068', '0.0784', '0.0825', '0.0575', '0.0602', '0.0737', '0.0518', '0.0647'], num_positive: 231.6000, roi_reg_loss: 0.6720, roi_cls_loss: 0.2300

2022-04-30 17:02:25,574 - INFO - Epoch [4/6][45/100]	lr: 0.00040, eta: 0:42:34, time: 9.893, data_time: 0.081, transfer_time: 0.095, forward_time: 9.289, loss_parse_time: 0.000 memory: 13658, 
2022-04-30 17:02:25,574 - INFO - task : ['VEHICLE', 'PEDESTRIAN', 'CYCLIST'], loss: 2.1270, hm_loss: 0.0000, loc_loss: 0.5899, loc_loss_elem: ['0.1068', '0.0823', '0.0807', '0.0603', '0.0603', '0.0673', '0.0578', '0.0745'], num_positive: 259.4000, roi_reg_loss: 0.7053, roi_cls_loss: 0.2419

2022-04-30 17:03:15,116 - INFO - Epoch [4/6][50/100]	lr: 0.00040, eta: 0:41:43, time: 9.911, data_time: 0.077, transfer_time: 0.094, forward_time: 9.287, loss_parse_time: 0.000 memory: 13658, 
2022-04-30 17:03:15,116 - INFO - task : ['VEHICLE', 'PEDESTRIAN', 'CYCLIST'], loss: 2.1356, hm_loss: 0.0000, loc_loss: 0.5934, loc_loss_elem: ['0.1046', '0.0849', '0.0818', '0.0606', '0.0621', '0.0659', '0.0511', '0.0822'], num_positive: 236.8000, roi_reg_loss: 0.7038, roi_cls_loss: 0.2450

2022-04-30 17:04:04,299 - INFO - Epoch [4/6][55/100]	lr: 0.00039, eta: 0:40:53, time: 9.837, data_time: 0.077, transfer_time: 0.097, forward_time: 9.227, loss_parse_time: 0.000 memory: 13658, 
2022-04-30 17:04:04,300 - INFO - task : ['VEHICLE', 'PEDESTRIAN', 'CYCLIST'], loss: 2.0112, hm_loss: 0.0000, loc_loss: 0.5813, loc_loss_elem: ['0.1028', '0.0802', '0.0812', '0.0586', '0.0617', '0.0730', '0.0570', '0.0668'], num_positive: 214.0000, roi_reg_loss: 0.6435, roi_cls_loss: 0.2053

2022-04-30 17:04:54,170 - INFO - Epoch [4/6][60/100]	lr: 0.00038, eta: 0:40:02, time: 9.972, data_time: 0.093, transfer_time: 0.095, forward_time: 9.330, loss_parse_time: 0.000 memory: 13658, 
2022-04-30 17:04:54,170 - INFO - task : ['VEHICLE', 'PEDESTRIAN', 'CYCLIST'], loss: 2.0707, hm_loss: 0.0000, loc_loss: 0.5800, loc_loss_elem: ['0.1068', '0.0838', '0.0885', '0.0530', '0.0598', '0.0732', '0.0510', '0.0639'], num_positive: 208.4000, roi_reg_loss: 0.7054, roi_cls_loss: 0.2053

2022-04-30 17:05:43,905 - INFO - Epoch [4/6][65/100]	lr: 0.00037, eta: 0:39:12, time: 9.950, data_time: 0.089, transfer_time: 0.093, forward_time: 9.314, loss_parse_time: 0.000 memory: 13658, 
2022-04-30 17:05:43,906 - INFO - task : ['VEHICLE', 'PEDESTRIAN', 'CYCLIST'], loss: 1.9185, hm_loss: 0.0000, loc_loss: 0.5589, loc_loss_elem: ['0.1031', '0.0745', '0.0836', '0.0541', '0.0560', '0.0693', '0.0595', '0.0589'], num_positive: 183.2000, roi_reg_loss: 0.6242, roi_cls_loss: 0.1764

2022-04-30 17:06:33,388 - INFO - Epoch [4/6][70/100]	lr: 0.00036, eta: 0:38:22, time: 9.897, data_time: 0.085, transfer_time: 0.097, forward_time: 9.275, loss_parse_time: 0.000 memory: 13658, 
2022-04-30 17:06:33,389 - INFO - task : ['VEHICLE', 'PEDESTRIAN', 'CYCLIST'], loss: 1.9259, hm_loss: 0.0000, loc_loss: 0.5470, loc_loss_elem: ['0.0990', '0.0836', '0.0790', '0.0534', '0.0518', '0.0648', '0.0495', '0.0660'], num_positive: 185.2000, roi_reg_loss: 0.6397, roi_cls_loss: 0.1921

2022-04-30 17:07:22,600 - INFO - Epoch [4/6][75/100]	lr: 0.00035, eta: 0:37:31, time: 9.842, data_time: 0.083, transfer_time: 0.095, forward_time: 9.229, loss_parse_time: 0.000 memory: 13658, 
2022-04-30 17:07:22,601 - INFO - task : ['VEHICLE', 'PEDESTRIAN', 'CYCLIST'], loss: 2.0468, hm_loss: 0.0000, loc_loss: 0.5821, loc_loss_elem: ['0.1086', '0.0843', '0.0931', '0.0569', '0.0569', '0.0641', '0.0525', '0.0657'], num_positive: 241.0000, roi_reg_loss: 0.6363, roi_cls_loss: 0.2463

2022-04-30 17:08:11,916 - INFO - Epoch [4/6][80/100]	lr: 0.00034, eta: 0:36:41, time: 9.863, data_time: 0.085, transfer_time: 0.095, forward_time: 9.252, loss_parse_time: 0.000 memory: 13658, 
2022-04-30 17:08:11,916 - INFO - task : ['VEHICLE', 'PEDESTRIAN', 'CYCLIST'], loss: 2.0906, hm_loss: 0.0000, loc_loss: 0.5978, loc_loss_elem: ['0.0981', '0.0837', '0.0840', '0.0596', '0.0633', '0.0730', '0.0540', '0.0821'], num_positive: 241.0000, roi_reg_loss: 0.6604, roi_cls_loss: 0.2345

2022-04-30 17:09:01,521 - INFO - Epoch [4/6][85/100]	lr: 0.00033, eta: 0:35:50, time: 9.921, data_time: 0.081, transfer_time: 0.096, forward_time: 9.303, loss_parse_time: 0.000 memory: 13658, 
2022-04-30 17:09:01,521 - INFO - task : ['VEHICLE', 'PEDESTRIAN', 'CYCLIST'], loss: 1.9248, hm_loss: 0.0000, loc_loss: 0.5539, loc_loss_elem: ['0.1055', '0.0801', '0.0789', '0.0525', '0.0524', '0.0667', '0.0474', '0.0706'], num_positive: 220.4000, roi_reg_loss: 0.6216, roi_cls_loss: 0.1953

2022-04-30 17:09:50,961 - INFO - Epoch [4/6][90/100]	lr: 0.00032, eta: 0:35:00, time: 9.886, data_time: 0.088, transfer_time: 0.095, forward_time: 9.269, loss_parse_time: 0.000 memory: 13658, 
2022-04-30 17:09:50,961 - INFO - task : ['VEHICLE', 'PEDESTRIAN', 'CYCLIST'], loss: 2.0194, hm_loss: 0.0000, loc_loss: 0.5626, loc_loss_elem: ['0.0989', '0.0892', '0.0940', '0.0510', '0.0506', '0.0724', '0.0471', '0.0593'], num_positive: 238.4000, roi_reg_loss: 0.6636, roi_cls_loss: 0.2305

2022-04-30 17:10:40,268 - INFO - Epoch [4/6][95/100]	lr: 0.00031, eta: 0:34:10, time: 9.863, data_time: 0.084, transfer_time: 0.094, forward_time: 9.238, loss_parse_time: 0.000 memory: 13658, 
2022-04-30 17:10:40,269 - INFO - task : ['VEHICLE', 'PEDESTRIAN', 'CYCLIST'], loss: 2.0000, hm_loss: 0.0000, loc_loss: 0.5583, loc_loss_elem: ['0.1032', '0.0847', '0.0794', '0.0548', '0.0563', '0.0672', '0.0501', '0.0627'], num_positive: 254.4000, roi_reg_loss: 0.6316, roi_cls_loss: 0.2518

2022-04-30 17:11:30,137 - INFO - Epoch [4/6][100/100]	lr: 0.00030, eta: 0:33:20, time: 9.975, data_time: 0.084, transfer_time: 0.096, forward_time: 9.347, loss_parse_time: 0.000 memory: 13658, 
2022-04-30 17:11:30,138 - INFO - task : ['VEHICLE', 'PEDESTRIAN', 'CYCLIST'], loss: 2.1802, hm_loss: 0.0000, loc_loss: 0.6481, loc_loss_elem: ['0.1045', '0.0902', '0.0904', '0.0604', '0.0631', '0.0721', '0.0761', '0.0913'], num_positive: 190.6000, roi_reg_loss: 0.6803, roi_cls_loss: 0.2038

2022-04-30 17:12:26,923 - INFO - Epoch [5/6][5/100]	lr: 0.00028, eta: 0:32:33, time: 11.259, data_time: 1.227, transfer_time: 0.093, forward_time: 9.513, loss_parse_time: 0.000 memory: 13658, 
2022-04-30 17:12:26,923 - INFO - task : ['VEHICLE', 'PEDESTRIAN', 'CYCLIST'], loss: 1.9463, hm_loss: 0.0000, loc_loss: 0.5780, loc_loss_elem: ['0.1123', '0.0796', '0.0794', '0.0580', '0.0627', '0.0727', '0.0512', '0.0620'], num_positive: 184.0000, roi_reg_loss: 0.6028, roi_cls_loss: 0.1874

2022-04-30 17:13:16,962 - INFO - Epoch [5/6][10/100]	lr: 0.00027, eta: 0:31:43, time: 10.008, data_time: 0.084, transfer_time: 0.094, forward_time: 9.395, loss_parse_time: 0.000 memory: 13658, 
2022-04-30 17:13:16,962 - INFO - task : ['VEHICLE', 'PEDESTRIAN', 'CYCLIST'], loss: 2.0767, hm_loss: 0.0000, loc_loss: 0.6008, loc_loss_elem: ['0.1045', '0.0851', '0.0844', '0.0621', '0.0674', '0.0714', '0.0578', '0.0681'], num_positive: 237.0000, roi_reg_loss: 0.6381, roi_cls_loss: 0.2370

2022-04-30 17:14:06,833 - INFO - Epoch [5/6][15/100]	lr: 0.00026, eta: 0:30:52, time: 9.974, data_time: 0.090, transfer_time: 0.095, forward_time: 9.336, loss_parse_time: 0.000 memory: 13658, 
2022-04-30 17:14:06,833 - INFO - task : ['VEHICLE', 'PEDESTRIAN', 'CYCLIST'], loss: 2.0525, hm_loss: 0.0000, loc_loss: 0.5908, loc_loss_elem: ['0.0956', '0.0844', '0.0905', '0.0586', '0.0603', '0.0700', '0.0602', '0.0713'], num_positive: 216.4000, roi_reg_loss: 0.6552, roi_cls_loss: 0.2156

2022-04-30 17:14:56,735 - INFO - Epoch [5/6][20/100]	lr: 0.00025, eta: 0:30:02, time: 9.978, data_time: 0.079, transfer_time: 0.097, forward_time: 9.343, loss_parse_time: 0.000 memory: 13658, 
2022-04-30 17:14:56,735 - INFO - task : ['VEHICLE', 'PEDESTRIAN', 'CYCLIST'], loss: 2.0861, hm_loss: 0.0000, loc_loss: 0.6106, loc_loss_elem: ['0.1030', '0.0887', '0.1039', '0.0566', '0.0579', '0.0791', '0.0524', '0.0689'], num_positive: 185.6000, roi_reg_loss: 0.6763, roi_cls_loss: 0.1886

2022-04-30 17:15:46,635 - INFO - Epoch [5/6][25/100]	lr: 0.00024, eta: 0:29:12, time: 9.980, data_time: 0.090, transfer_time: 0.095, forward_time: 9.359, loss_parse_time: 0.000 memory: 13658, 
2022-04-30 17:15:46,635 - INFO - task : ['VEHICLE', 'PEDESTRIAN', 'CYCLIST'], loss: 2.0619, hm_loss: 0.0000, loc_loss: 0.5955, loc_loss_elem: ['0.1000', '0.0766', '0.0768', '0.0627', '0.0668', '0.0629', '0.0678', '0.0819'], num_positive: 278.6000, roi_reg_loss: 0.6283, roi_cls_loss: 0.2426

2022-04-30 17:16:36,525 - INFO - Epoch [5/6][30/100]	lr: 0.00023, eta: 0:28:22, time: 9.978, data_time: 0.090, transfer_time: 0.096, forward_time: 9.335, loss_parse_time: 0.000 memory: 13658, 
2022-04-30 17:16:36,525 - INFO - task : ['VEHICLE', 'PEDESTRIAN', 'CYCLIST'], loss: 2.0745, hm_loss: 0.0000, loc_loss: 0.5977, loc_loss_elem: ['0.0995', '0.0882', '0.0890', '0.0599', '0.0647', '0.0724', '0.0534', '0.0706'], num_positive: 238.8000, roi_reg_loss: 0.6420, roi_cls_loss: 0.2371

2022-04-30 17:17:25,755 - INFO - Epoch [5/6][35/100]	lr: 0.00022, eta: 0:27:32, time: 9.848, data_time: 0.092, transfer_time: 0.094, forward_time: 9.221, loss_parse_time: 0.000 memory: 13658, 
2022-04-30 17:17:25,755 - INFO - task : ['VEHICLE', 'PEDESTRIAN', 'CYCLIST'], loss: 1.9183, hm_loss: 0.0000, loc_loss: 0.5543, loc_loss_elem: ['0.0963', '0.0757', '0.0744', '0.0583', '0.0637', '0.0699', '0.0539', '0.0620'], num_positive: 233.0000, roi_reg_loss: 0.5841, roi_cls_loss: 0.2255

2022-04-30 17:18:15,551 - INFO - Epoch [5/6][40/100]	lr: 0.00021, eta: 0:26:41, time: 9.960, data_time: 0.093, transfer_time: 0.096, forward_time: 9.312, loss_parse_time: 0.000 memory: 13658, 
2022-04-30 17:18:15,551 - INFO - task : ['VEHICLE', 'PEDESTRIAN', 'CYCLIST'], loss: 2.2069, hm_loss: 0.0000, loc_loss: 0.6555, loc_loss_elem: ['0.0994', '0.0930', '0.0934', '0.0636', '0.0685', '0.0733', '0.0750', '0.0892'], num_positive: 210.8000, roi_reg_loss: 0.6603, roi_cls_loss: 0.2356

2022-04-30 17:19:05,386 - INFO - Epoch [5/6][45/100]	lr: 0.00020, eta: 0:25:51, time: 9.967, data_time: 0.089, transfer_time: 0.095, forward_time: 9.324, loss_parse_time: 0.000 memory: 13658, 
2022-04-30 17:19:05,387 - INFO - task : ['VEHICLE', 'PEDESTRIAN', 'CYCLIST'], loss: 2.0188, hm_loss: 0.0000, loc_loss: 0.5905, loc_loss_elem: ['0.1028', '0.0858', '0.0885', '0.0568', '0.0589', '0.0670', '0.0548', '0.0759'], num_positive: 258.4000, roi_reg_loss: 0.5925, roi_cls_loss: 0.2452

2022-04-30 17:19:55,262 - INFO - Epoch [5/6][50/100]	lr: 0.00019, eta: 0:25:01, time: 9.975, data_time: 0.079, transfer_time: 0.095, forward_time: 9.332, loss_parse_time: 0.000 memory: 13658, 
2022-04-30 17:19:55,262 - INFO - task : ['VEHICLE', 'PEDESTRIAN', 'CYCLIST'], loss: 1.9117, hm_loss: 0.0000, loc_loss: 0.5699, loc_loss_elem: ['0.1135', '0.0839', '0.0903', '0.0512', '0.0543', '0.0729', '0.0419', '0.0619'], num_positive: 167.4000, roi_reg_loss: 0.6018, roi_cls_loss: 0.1702

2022-04-30 17:20:45,127 - INFO - Epoch [5/6][55/100]	lr: 0.00018, eta: 0:24:11, time: 9.973, data_time: 0.084, transfer_time: 0.094, forward_time: 9.346, loss_parse_time: 0.000 memory: 13658, 
2022-04-30 17:20:45,128 - INFO - task : ['VEHICLE', 'PEDESTRIAN', 'CYCLIST'], loss: 2.0137, hm_loss: 0.0000, loc_loss: 0.5763, loc_loss_elem: ['0.0996', '0.0807', '0.0827', '0.0570', '0.0597', '0.0678', '0.0574', '0.0716'], num_positive: 229.8000, roi_reg_loss: 0.6456, roi_cls_loss: 0.2155

2022-04-30 17:21:34,699 - INFO - Epoch [5/6][60/100]	lr: 0.00017, eta: 0:23:21, time: 9.914, data_time: 0.081, transfer_time: 0.096, forward_time: 9.271, loss_parse_time: 0.000 memory: 13658, 
2022-04-30 17:21:34,699 - INFO - task : ['VEHICLE', 'PEDESTRIAN', 'CYCLIST'], loss: 1.9714, hm_loss: 0.0000, loc_loss: 0.5857, loc_loss_elem: ['0.1118', '0.0872', '0.0949', '0.0553', '0.0542', '0.0703', '0.0453', '0.0669'], num_positive: 185.0000, roi_reg_loss: 0.6210, roi_cls_loss: 0.1790

2022-04-30 17:22:24,522 - INFO - Epoch [5/6][65/100]	lr: 0.00016, eta: 0:22:31, time: 9.962, data_time: 0.081, transfer_time: 0.095, forward_time: 9.342, loss_parse_time: 0.000 memory: 13658, 
2022-04-30 17:22:24,522 - INFO - task : ['VEHICLE', 'PEDESTRIAN', 'CYCLIST'], loss: 2.0479, hm_loss: 0.0000, loc_loss: 0.6130, loc_loss_elem: ['0.0939', '0.0864', '0.0959', '0.0580', '0.0651', '0.0735', '0.0590', '0.0812'], num_positive: 203.6000, roi_reg_loss: 0.6218, roi_cls_loss: 0.2001

2022-04-30 17:23:14,497 - INFO - Epoch [5/6][70/100]	lr: 0.00015, eta: 0:21:41, time: 9.995, data_time: 0.087, transfer_time: 0.096, forward_time: 9.358, loss_parse_time: 0.000 memory: 13658, 
2022-04-30 17:23:14,497 - INFO - task : ['VEHICLE', 'PEDESTRIAN', 'CYCLIST'], loss: 2.1643, hm_loss: 0.0000, loc_loss: 0.6359, loc_loss_elem: ['0.1039', '0.0871', '0.0899', '0.0611', '0.0675', '0.0713', '0.0686', '0.0866'], num_positive: 262.8000, roi_reg_loss: 0.6447, roi_cls_loss: 0.2478

2022-04-30 17:24:03,782 - INFO - Epoch [5/6][75/100]	lr: 0.00014, eta: 0:20:50, time: 9.857, data_time: 0.086, transfer_time: 0.095, forward_time: 9.230, loss_parse_time: 0.000 memory: 13658, 
2022-04-30 17:24:03,782 - INFO - task : ['VEHICLE', 'PEDESTRIAN', 'CYCLIST'], loss: 2.0579, hm_loss: 0.0000, loc_loss: 0.5865, loc_loss_elem: ['0.1047', '0.0857', '0.0849', '0.0550', '0.0588', '0.0686', '0.0632', '0.0655'], num_positive: 238.8000, roi_reg_loss: 0.6529, roi_cls_loss: 0.2320

2022-04-30 17:24:52,917 - INFO - Epoch [5/6][80/100]	lr: 0.00013, eta: 0:20:00, time: 9.828, data_time: 0.088, transfer_time: 0.096, forward_time: 9.222, loss_parse_time: 0.000 memory: 13658, 
2022-04-30 17:24:52,918 - INFO - task : ['VEHICLE', 'PEDESTRIAN', 'CYCLIST'], loss: 1.9724, hm_loss: 0.0000, loc_loss: 0.5730, loc_loss_elem: ['0.1006', '0.0797', '0.0777', '0.0569', '0.0651', '0.0667', '0.0510', '0.0753'], num_positive: 283.0000, roi_reg_loss: 0.5852, roi_cls_loss: 0.2411

2022-04-30 17:25:42,457 - INFO - Epoch [5/6][85/100]	lr: 0.00012, eta: 0:19:10, time: 9.909, data_time: 0.088, transfer_time: 0.094, forward_time: 9.289, loss_parse_time: 0.000 memory: 13658, 
2022-04-30 17:25:42,457 - INFO - task : ['VEHICLE', 'PEDESTRIAN', 'CYCLIST'], loss: 2.0021, hm_loss: 0.0000, loc_loss: 0.5859, loc_loss_elem: ['0.1087', '0.0832', '0.0887', '0.0543', '0.0570', '0.0716', '0.0451', '0.0774'], num_positive: 175.0000, roi_reg_loss: 0.6504, roi_cls_loss: 0.1799

2022-04-30 17:26:32,279 - INFO - Epoch [5/6][90/100]	lr: 0.00011, eta: 0:18:20, time: 9.964, data_time: 0.083, transfer_time: 0.095, forward_time: 9.342, loss_parse_time: 0.000 memory: 13658, 
2022-04-30 17:26:32,279 - INFO - task : ['VEHICLE', 'PEDESTRIAN', 'CYCLIST'], loss: 2.0839, hm_loss: 0.0000, loc_loss: 0.6014, loc_loss_elem: ['0.1000', '0.0920', '0.0968', '0.0552', '0.0540', '0.0707', '0.0601', '0.0726'], num_positive: 223.0000, roi_reg_loss: 0.6627, roi_cls_loss: 0.2186

2022-04-30 17:27:21,785 - INFO - Epoch [5/6][95/100]	lr: 0.00010, eta: 0:17:30, time: 9.899, data_time: 0.092, transfer_time: 0.094, forward_time: 9.290, loss_parse_time: 0.000 memory: 13658, 
2022-04-30 17:27:21,785 - INFO - task : ['VEHICLE', 'PEDESTRIAN', 'CYCLIST'], loss: 2.0525, hm_loss: 0.0000, loc_loss: 0.6119, loc_loss_elem: ['0.1146', '0.0889', '0.0828', '0.0588', '0.0620', '0.0754', '0.0477', '0.0817'], num_positive: 208.0000, roi_reg_loss: 0.6344, roi_cls_loss: 0.1943

2022-04-30 17:28:11,041 - INFO - Epoch [5/6][100/100]	lr: 0.00009, eta: 0:16:40, time: 9.853, data_time: 0.079, transfer_time: 0.095, forward_time: 9.231, loss_parse_time: 0.000 memory: 13658, 
2022-04-30 17:28:11,041 - INFO - task : ['VEHICLE', 'PEDESTRIAN', 'CYCLIST'], loss: 1.9890, hm_loss: 0.0000, loc_loss: 0.5876, loc_loss_elem: ['0.0961', '0.0796', '0.0797', '0.0557', '0.0639', '0.0650', '0.0629', '0.0846'], num_positive: 230.6000, roi_reg_loss: 0.6023, roi_cls_loss: 0.2115

2022-04-30 17:29:07,104 - INFO - Epoch [6/6][5/100]	lr: 0.00008, eta: 0:15:51, time: 11.122, data_time: 1.227, transfer_time: 0.097, forward_time: 9.349, loss_parse_time: 0.000 memory: 13658, 
2022-04-30 17:29:07,105 - INFO - task : ['VEHICLE', 'PEDESTRIAN', 'CYCLIST'], loss: 2.2113, hm_loss: 0.0000, loc_loss: 0.6604, loc_loss_elem: ['0.1164', '0.0972', '0.0956', '0.0551', '0.0555', '0.0768', '0.0775', '0.0864'], num_positive: 170.0000, roi_reg_loss: 0.6977, roi_cls_loss: 0.1926

2022-04-30 17:29:56,520 - INFO - Epoch [6/6][10/100]	lr: 0.00007, eta: 0:15:01, time: 9.883, data_time: 0.080, transfer_time: 0.098, forward_time: 9.262, loss_parse_time: 0.000 memory: 13658, 
2022-04-30 17:29:56,520 - INFO - task : ['VEHICLE', 'PEDESTRIAN', 'CYCLIST'], loss: 1.9773, hm_loss: 0.0000, loc_loss: 0.5795, loc_loss_elem: ['0.1052', '0.0817', '0.0795', '0.0568', '0.0596', '0.0666', '0.0519', '0.0782'], num_positive: 227.6000, roi_reg_loss: 0.6068, roi_cls_loss: 0.2116

2022-04-30 17:30:46,478 - INFO - Epoch [6/6][15/100]	lr: 0.00007, eta: 0:14:10, time: 9.993, data_time: 0.080, transfer_time: 0.096, forward_time: 9.364, loss_parse_time: 0.000 memory: 13658, 
2022-04-30 17:30:46,478 - INFO - task : ['VEHICLE', 'PEDESTRIAN', 'CYCLIST'], loss: 1.9701, hm_loss: 0.0000, loc_loss: 0.5642, loc_loss_elem: ['0.0994', '0.0867', '0.0845', '0.0560', '0.0594', '0.0715', '0.0490', '0.0576'], num_positive: 211.2000, roi_reg_loss: 0.6380, roi_cls_loss: 0.2037

2022-04-30 17:31:36,224 - INFO - Epoch [6/6][20/100]	lr: 0.00006, eta: 0:13:20, time: 9.949, data_time: 0.082, transfer_time: 0.097, forward_time: 9.308, loss_parse_time: 0.000 memory: 13658, 
2022-04-30 17:31:36,224 - INFO - task : ['VEHICLE', 'PEDESTRIAN', 'CYCLIST'], loss: 2.0769, hm_loss: 0.0000, loc_loss: 0.6245, loc_loss_elem: ['0.1047', '0.0893', '0.0914', '0.0551', '0.0579', '0.0726', '0.0732', '0.0803'], num_positive: 204.2000, roi_reg_loss: 0.6343, roi_cls_loss: 0.1936

2022-04-30 17:32:25,358 - INFO - Epoch [6/6][25/100]	lr: 0.00005, eta: 0:12:30, time: 9.827, data_time: 0.085, transfer_time: 0.094, forward_time: 9.216, loss_parse_time: 0.000 memory: 13658, 
2022-04-30 17:32:25,358 - INFO - task : ['VEHICLE', 'PEDESTRIAN', 'CYCLIST'], loss: 1.9568, hm_loss: 0.0000, loc_loss: 0.5656, loc_loss_elem: ['0.1074', '0.0809', '0.0849', '0.0561', '0.0607', '0.0712', '0.0467', '0.0577'], num_positive: 219.6000, roi_reg_loss: 0.6109, roi_cls_loss: 0.2148

2022-04-30 17:33:15,109 - INFO - Epoch [6/6][30/100]	lr: 0.00005, eta: 0:11:40, time: 9.950, data_time: 0.086, transfer_time: 0.096, forward_time: 9.312, loss_parse_time: 0.000 memory: 13658, 
2022-04-30 17:33:15,109 - INFO - task : ['VEHICLE', 'PEDESTRIAN', 'CYCLIST'], loss: 2.0072, hm_loss: 0.0000, loc_loss: 0.5973, loc_loss_elem: ['0.1020', '0.0794', '0.0857', '0.0601', '0.0656', '0.0707', '0.0621', '0.0716'], num_positive: 219.4000, roi_reg_loss: 0.6043, roi_cls_loss: 0.2083

2022-04-30 17:34:04,316 - INFO - Epoch [6/6][35/100]	lr: 0.00004, eta: 0:10:50, time: 9.841, data_time: 0.087, transfer_time: 0.097, forward_time: 9.226, loss_parse_time: 0.000 memory: 13658, 
2022-04-30 17:34:04,316 - INFO - task : ['VEHICLE', 'PEDESTRIAN', 'CYCLIST'], loss: 1.9551, hm_loss: 0.0000, loc_loss: 0.5633, loc_loss_elem: ['0.1039', '0.0856', '0.0767', '0.0581', '0.0577', '0.0641', '0.0480', '0.0692'], num_positive: 234.0000, roi_reg_loss: 0.6173, roi_cls_loss: 0.2112

2022-04-30 17:34:54,144 - INFO - Epoch [6/6][40/100]	lr: 0.00003, eta: 0:10:00, time: 9.965, data_time: 0.086, transfer_time: 0.095, forward_time: 9.325, loss_parse_time: 0.000 memory: 13658, 
2022-04-30 17:34:54,144 - INFO - task : ['VEHICLE', 'PEDESTRIAN', 'CYCLIST'], loss: 2.0346, hm_loss: 0.0000, loc_loss: 0.6041, loc_loss_elem: ['0.1082', '0.0870', '0.0886', '0.0577', '0.0632', '0.0695', '0.0602', '0.0698'], num_positive: 210.6000, roi_reg_loss: 0.6333, roi_cls_loss: 0.1932

2022-04-30 17:35:43,787 - INFO - Epoch [6/6][45/100]	lr: 0.00003, eta: 0:09:10, time: 9.930, data_time: 0.094, transfer_time: 0.093, forward_time: 9.295, loss_parse_time: 0.000 memory: 13658, 
2022-04-30 17:35:43,788 - INFO - task : ['VEHICLE', 'PEDESTRIAN', 'CYCLIST'], loss: 2.1715, hm_loss: 0.0000, loc_loss: 0.6540, loc_loss_elem: ['0.1068', '0.0858', '0.0898', '0.0623', '0.0671', '0.0736', '0.0738', '0.0947'], num_positive: 222.2000, roi_reg_loss: 0.6480, roi_cls_loss: 0.2155

2022-04-30 17:36:33,177 - INFO - Epoch [6/6][50/100]	lr: 0.00002, eta: 0:08:20, time: 9.878, data_time: 0.081, transfer_time: 0.097, forward_time: 9.259, loss_parse_time: 0.000 memory: 13658, 
2022-04-30 17:36:33,177 - INFO - task : ['VEHICLE', 'PEDESTRIAN', 'CYCLIST'], loss: 2.0582, hm_loss: 0.0000, loc_loss: 0.6072, loc_loss_elem: ['0.1128', '0.0836', '0.0863', '0.0585', '0.0637', '0.0710', '0.0596', '0.0716'], num_positive: 223.8000, roi_reg_loss: 0.6294, roi_cls_loss: 0.2145

2022-04-30 17:37:22,564 - INFO - Epoch [6/6][55/100]	lr: 0.00002, eta: 0:07:30, time: 9.877, data_time: 0.091, transfer_time: 0.096, forward_time: 9.224, loss_parse_time: 0.000 memory: 13658, 
2022-04-30 17:37:22,564 - INFO - task : ['VEHICLE', 'PEDESTRIAN', 'CYCLIST'], loss: 2.1453, hm_loss: 0.0000, loc_loss: 0.6405, loc_loss_elem: ['0.1008', '0.0887', '0.0846', '0.0602', '0.0663', '0.0709', '0.0791', '0.0900'], num_positive: 239.8000, roi_reg_loss: 0.6549, roi_cls_loss: 0.2094

2022-04-30 17:38:12,216 - INFO - Epoch [6/6][60/100]	lr: 0.00002, eta: 0:06:40, time: 9.928, data_time: 0.071, transfer_time: 0.094, forward_time: 9.316, loss_parse_time: 0.000 memory: 13658, 
2022-04-30 17:38:12,216 - INFO - task : ['VEHICLE', 'PEDESTRIAN', 'CYCLIST'], loss: 2.0868, hm_loss: 0.0000, loc_loss: 0.5980, loc_loss_elem: ['0.1016', '0.0902', '0.0941', '0.0546', '0.0533', '0.0771', '0.0550', '0.0721'], num_positive: 190.2000, roi_reg_loss: 0.6794, roi_cls_loss: 0.2113

2022-04-30 17:39:01,912 - INFO - Epoch [6/6][65/100]	lr: 0.00001, eta: 0:05:50, time: 9.939, data_time: 0.091, transfer_time: 0.095, forward_time: 9.314, loss_parse_time: 0.000 memory: 13658, 
2022-04-30 17:39:01,912 - INFO - task : ['VEHICLE', 'PEDESTRIAN', 'CYCLIST'], loss: 2.0106, hm_loss: 0.0000, loc_loss: 0.6000, loc_loss_elem: ['0.1008', '0.0861', '0.0858', '0.0588', '0.0602', '0.0731', '0.0565', '0.0786'], num_positive: 214.6000, roi_reg_loss: 0.6037, roi_cls_loss: 0.2070

2022-04-30 17:39:51,863 - INFO - Epoch [6/6][70/100]	lr: 0.00001, eta: 0:05:00, time: 9.992, data_time: 0.090, transfer_time: 0.093, forward_time: 9.350, loss_parse_time: 0.000 memory: 13658, 
2022-04-30 17:39:51,864 - INFO - task : ['VEHICLE', 'PEDESTRIAN', 'CYCLIST'], loss: 2.1059, hm_loss: 0.0000, loc_loss: 0.6151, loc_loss_elem: ['0.1034', '0.0834', '0.0858', '0.0593', '0.0647', '0.0694', '0.0687', '0.0804'], num_positive: 269.8000, roi_reg_loss: 0.6306, roi_cls_loss: 0.2451

2022-04-30 17:40:41,256 - INFO - Epoch [6/6][75/100]	lr: 0.00001, eta: 0:04:10, time: 9.878, data_time: 0.084, transfer_time: 0.095, forward_time: 9.279, loss_parse_time: 0.000 memory: 13658, 
2022-04-30 17:40:41,256 - INFO - task : ['VEHICLE', 'PEDESTRIAN', 'CYCLIST'], loss: 1.9201, hm_loss: 0.0000, loc_loss: 0.5598, loc_loss_elem: ['0.1013', '0.0811', '0.0760', '0.0558', '0.0605', '0.0628', '0.0538', '0.0684'], num_positive: 240.4000, roi_reg_loss: 0.5754, roi_cls_loss: 0.2252

2022-04-30 17:41:30,712 - INFO - Epoch [6/6][80/100]	lr: 0.00000, eta: 0:03:20, time: 9.892, data_time: 0.093, transfer_time: 0.093, forward_time: 9.278, loss_parse_time: 0.000 memory: 13658, 
2022-04-30 17:41:30,713 - INFO - task : ['VEHICLE', 'PEDESTRIAN', 'CYCLIST'], loss: 2.0102, hm_loss: 0.0000, loc_loss: 0.5859, loc_loss_elem: ['0.0981', '0.0858', '0.0858', '0.0582', '0.0603', '0.0688', '0.0658', '0.0632'], num_positive: 215.4000, roi_reg_loss: 0.6188, roi_cls_loss: 0.2195

2022-04-30 17:42:20,053 - INFO - Epoch [6/6][85/100]	lr: 0.00000, eta: 0:02:29, time: 9.868, data_time: 0.080, transfer_time: 0.093, forward_time: 9.255, loss_parse_time: 0.000 memory: 13658, 
2022-04-30 17:42:20,053 - INFO - task : ['VEHICLE', 'PEDESTRIAN', 'CYCLIST'], loss: 2.1171, hm_loss: 0.0000, loc_loss: 0.6206, loc_loss_elem: ['0.1096', '0.0922', '0.0987', '0.0534', '0.0541', '0.0820', '0.0584', '0.0722'], num_positive: 184.6000, roi_reg_loss: 0.6800, roi_cls_loss: 0.1959

2022-04-30 17:43:09,621 - INFO - Epoch [6/6][90/100]	lr: 0.00000, eta: 0:01:39, time: 9.912, data_time: 0.084, transfer_time: 0.093, forward_time: 9.304, loss_parse_time: 0.000 memory: 13658, 
2022-04-30 17:43:09,622 - INFO - task : ['VEHICLE', 'PEDESTRIAN', 'CYCLIST'], loss: 2.0000, hm_loss: 0.0000, loc_loss: 0.5935, loc_loss_elem: ['0.0981', '0.0855', '0.0904', '0.0561', '0.0616', '0.0692', '0.0552', '0.0774'], num_positive: 224.2000, roi_reg_loss: 0.5988, roi_cls_loss: 0.2141

2022-04-30 17:43:59,293 - INFO - Epoch [6/6][95/100]	lr: 0.00000, eta: 0:00:49, time: 9.936, data_time: 0.084, transfer_time: 0.094, forward_time: 9.315, loss_parse_time: 0.000 memory: 13658, 
2022-04-30 17:43:59,293 - INFO - task : ['VEHICLE', 'PEDESTRIAN', 'CYCLIST'], loss: 2.0123, hm_loss: 0.0000, loc_loss: 0.5952, loc_loss_elem: ['0.1049', '0.0851', '0.0837', '0.0544', '0.0634', '0.0786', '0.0530', '0.0720'], num_positive: 204.4000, roi_reg_loss: 0.6154, roi_cls_loss: 0.2065

2022-04-30 17:44:48,534 - INFO - Epoch [6/6][100/100]	lr: 0.00000, eta: 0:00:00, time: 9.848, data_time: 0.079, transfer_time: 0.095, forward_time: 9.211, loss_parse_time: 0.000 memory: 13658, 
2022-04-30 17:44:48,535 - INFO - task : ['VEHICLE', 'PEDESTRIAN', 'CYCLIST'], loss: 1.9975, hm_loss: 0.0000, loc_loss: 0.6008, loc_loss_elem: ['0.1071', '0.0844', '0.0879', '0.0582', '0.0608', '0.0713', '0.0575', '0.0737'], num_positive: 214.2000, roi_reg_loss: 0.5895, roi_cls_loss: 0.2065

