2022-05-19 23:32:39,261 - INFO - Start running, host: root@38c34f86dda2, work_dir: /code/CenterPoint/work_dirs/waymo_centerpoint_voxelnet_two_stage_bev_5point_ft_6epoch_freeze_fusion
2022-05-19 23:32:39,261 - INFO - workflow: [('train', 1)], max: 6 epochs
2022-05-19 23:33:21,389 - INFO - Epoch [1/6][5/133]	lr: 0.00005, eta: 1:51:19, time: 8.423, data_time: 1.329, transfer_time: 0.101, forward_time: 6.622, loss_parse_time: 0.000 memory: 10648, 
2022-05-19 23:33:21,390 - INFO - task : ['VEHICLE', 'PEDESTRIAN', 'CYCLIST'], loss: 2.8501, hm_loss: 0.0000, loc_loss: 0.6066, loc_loss_elem: ['0.1032', '0.0887', '0.0813', '0.0609', '0.0619', '0.0660', '0.0615', '0.0832'], num_positive: 178.8000, roi_reg_loss: 0.8996, roi_cls_loss: 0.7373

2022-05-19 23:33:56,146 - INFO - Epoch [1/6][10/133]	lr: 0.00005, eta: 1:40:58, time: 6.954, data_time: 0.072, transfer_time: 0.102, forward_time: 6.427, loss_parse_time: 0.000 memory: 10648, 
2022-05-19 23:33:56,146 - INFO - task : ['VEHICLE', 'PEDESTRIAN', 'CYCLIST'], loss: 2.7537, hm_loss: 0.0000, loc_loss: 0.6292, loc_loss_elem: ['0.1068', '0.0818', '0.0867', '0.0580', '0.0585', '0.0840', '0.0758', '0.0775'], num_positive: 117.0000, roi_reg_loss: 0.8964, roi_cls_loss: 0.5990

2022-05-19 23:34:31,473 - INFO - Epoch [1/6][15/133]	lr: 0.00005, eta: 1:37:37, time: 7.065, data_time: 0.074, transfer_time: 0.102, forward_time: 6.529, loss_parse_time: 0.000 memory: 10667, 
2022-05-19 23:34:31,474 - INFO - task : ['VEHICLE', 'PEDESTRIAN', 'CYCLIST'], loss: 2.7016, hm_loss: 0.0000, loc_loss: 0.6220, loc_loss_elem: ['0.1044', '0.0873', '0.0824', '0.0600', '0.0600', '0.0765', '0.0759', '0.0755'], num_positive: 180.2000, roi_reg_loss: 0.8648, roi_cls_loss: 0.5928

2022-05-19 23:35:07,230 - INFO - Epoch [1/6][20/133]	lr: 0.00005, eta: 1:35:55, time: 7.151, data_time: 0.069, transfer_time: 0.101, forward_time: 6.617, loss_parse_time: 0.000 memory: 11075, 
2022-05-19 23:35:07,230 - INFO - task : ['VEHICLE', 'PEDESTRIAN', 'CYCLIST'], loss: 2.7030, hm_loss: 0.0000, loc_loss: 0.6375, loc_loss_elem: ['0.1079', '0.0988', '0.0918', '0.0614', '0.0592', '0.0806', '0.0583', '0.0795'], num_positive: 163.0000, roi_reg_loss: 0.9131, roi_cls_loss: 0.5149

2022-05-19 23:35:42,335 - INFO - Epoch [1/6][25/133]	lr: 0.00006, eta: 1:34:20, time: 7.021, data_time: 0.073, transfer_time: 0.098, forward_time: 6.498, loss_parse_time: 0.000 memory: 11075, 
2022-05-19 23:35:42,335 - INFO - task : ['VEHICLE', 'PEDESTRIAN', 'CYCLIST'], loss: 2.5418, hm_loss: 0.0000, loc_loss: 0.5877, loc_loss_elem: ['0.1018', '0.0797', '0.0771', '0.0621', '0.0650', '0.0685', '0.0621', '0.0715'], num_positive: 221.0000, roi_reg_loss: 0.8550, roi_cls_loss: 0.5114

2022-05-19 23:36:17,381 - INFO - Epoch [1/6][30/133]	lr: 0.00006, eta: 1:33:03, time: 7.009, data_time: 0.072, transfer_time: 0.101, forward_time: 6.455, loss_parse_time: 0.000 memory: 11229, 
2022-05-19 23:36:17,381 - INFO - task : ['VEHICLE', 'PEDESTRIAN', 'CYCLIST'], loss: 2.6672, hm_loss: 0.0000, loc_loss: 0.6276, loc_loss_elem: ['0.1078', '0.0876', '0.0904', '0.0577', '0.0624', '0.0776', '0.0659', '0.0782'], num_positive: 188.4000, roi_reg_loss: 0.9135, roi_cls_loss: 0.4985

2022-05-19 23:36:52,030 - INFO - Epoch [1/6][35/133]	lr: 0.00006, eta: 1:31:50, time: 6.930, data_time: 0.070, transfer_time: 0.102, forward_time: 6.388, loss_parse_time: 0.000 memory: 11229, 
2022-05-19 23:36:52,030 - INFO - task : ['VEHICLE', 'PEDESTRIAN', 'CYCLIST'], loss: 2.7016, hm_loss: 0.0000, loc_loss: 0.6832, loc_loss_elem: ['0.1127', '0.0874', '0.0916', '0.0630', '0.0694', '0.0876', '0.0813', '0.0901'], num_positive: 154.2000, roi_reg_loss: 0.9136, roi_cls_loss: 0.4215

2022-05-19 23:37:26,695 - INFO - Epoch [1/6][40/133]	lr: 0.00007, eta: 1:30:46, time: 6.933, data_time: 0.070, transfer_time: 0.102, forward_time: 6.402, loss_parse_time: 0.000 memory: 11229, 
2022-05-19 23:37:26,696 - INFO - task : ['VEHICLE', 'PEDESTRIAN', 'CYCLIST'], loss: 2.6185, hm_loss: 0.0000, loc_loss: 0.6251, loc_loss_elem: ['0.1195', '0.0868', '0.0905', '0.0590', '0.0632', '0.0692', '0.0520', '0.0849'], num_positive: 146.0000, roi_reg_loss: 0.9623, roi_cls_loss: 0.4059

2022-05-19 23:38:01,498 - INFO - Epoch [1/6][45/133]	lr: 0.00007, eta: 1:29:52, time: 6.960, data_time: 0.074, transfer_time: 0.104, forward_time: 6.423, loss_parse_time: 0.000 memory: 11229, 
2022-05-19 23:38:01,498 - INFO - task : ['VEHICLE', 'PEDESTRIAN', 'CYCLIST'], loss: 2.5044, hm_loss: 0.0000, loc_loss: 0.5977, loc_loss_elem: ['0.0991', '0.0795', '0.0951', '0.0568', '0.0607', '0.0714', '0.0601', '0.0750'], num_positive: 150.2000, roi_reg_loss: 0.9329, roi_cls_loss: 0.3761

2022-05-19 23:38:36,206 - INFO - Epoch [1/6][50/133]	lr: 0.00008, eta: 1:28:59, time: 6.942, data_time: 0.073, transfer_time: 0.102, forward_time: 6.393, loss_parse_time: 0.000 memory: 11229, 
2022-05-19 23:38:36,206 - INFO - task : ['VEHICLE', 'PEDESTRIAN', 'CYCLIST'], loss: 2.3184, hm_loss: 0.0000, loc_loss: 0.5586, loc_loss_elem: ['0.1022', '0.0806', '0.0788', '0.0575', '0.0612', '0.0674', '0.0537', '0.0572'], num_positive: 174.8000, roi_reg_loss: 0.8497, roi_cls_loss: 0.3515

2022-05-19 23:39:11,005 - INFO - Epoch [1/6][55/133]	lr: 0.00008, eta: 1:28:12, time: 6.960, data_time: 0.064, transfer_time: 0.102, forward_time: 6.429, loss_parse_time: 0.000 memory: 11309, 
2022-05-19 23:39:11,006 - INFO - task : ['VEHICLE', 'PEDESTRIAN', 'CYCLIST'], loss: 2.3656, hm_loss: 0.0000, loc_loss: 0.6031, loc_loss_elem: ['0.0930', '0.0784', '0.0833', '0.0600', '0.0656', '0.0683', '0.0787', '0.0758'], num_positive: 147.0000, roi_reg_loss: 0.8323, roi_cls_loss: 0.3272

2022-05-19 23:39:45,612 - INFO - Epoch [1/6][60/133]	lr: 0.00009, eta: 1:27:24, time: 6.921, data_time: 0.072, transfer_time: 0.104, forward_time: 6.384, loss_parse_time: 0.000 memory: 11309, 
2022-05-19 23:39:45,613 - INFO - task : ['VEHICLE', 'PEDESTRIAN', 'CYCLIST'], loss: 2.4442, hm_loss: 0.0000, loc_loss: 0.6176, loc_loss_elem: ['0.1115', '0.0883', '0.0974', '0.0545', '0.0550', '0.0742', '0.0550', '0.0818'], num_positive: 149.4000, roi_reg_loss: 0.8833, roi_cls_loss: 0.3258

2022-05-19 23:40:20,441 - INFO - Epoch [1/6][65/133]	lr: 0.00009, eta: 1:26:40, time: 6.966, data_time: 0.069, transfer_time: 0.103, forward_time: 6.424, loss_parse_time: 0.000 memory: 11333, 
2022-05-19 23:40:20,441 - INFO - task : ['VEHICLE', 'PEDESTRIAN', 'CYCLIST'], loss: 2.4676, hm_loss: 0.0000, loc_loss: 0.6122, loc_loss_elem: ['0.1074', '0.0797', '0.0815', '0.0627', '0.0703', '0.0735', '0.0704', '0.0667'], num_positive: 145.0000, roi_reg_loss: 0.9410, roi_cls_loss: 0.3021

2022-05-19 23:40:55,483 - INFO - Epoch [1/6][70/133]	lr: 0.00010, eta: 1:26:00, time: 7.008, data_time: 0.069, transfer_time: 0.099, forward_time: 6.480, loss_parse_time: 0.000 memory: 11333, 
2022-05-19 23:40:55,483 - INFO - task : ['VEHICLE', 'PEDESTRIAN', 'CYCLIST'], loss: 2.3295, hm_loss: 0.0000, loc_loss: 0.5750, loc_loss_elem: ['0.1041', '0.0792', '0.0799', '0.0597', '0.0610', '0.0668', '0.0538', '0.0705'], num_positive: 227.6000, roi_reg_loss: 0.8339, roi_cls_loss: 0.3457

2022-05-19 23:41:30,446 - INFO - Epoch [1/6][75/133]	lr: 0.00011, eta: 1:25:20, time: 6.993, data_time: 0.071, transfer_time: 0.099, forward_time: 6.439, loss_parse_time: 0.000 memory: 11634, 
2022-05-19 23:41:30,446 - INFO - task : ['VEHICLE', 'PEDESTRIAN', 'CYCLIST'], loss: 2.6158, hm_loss: 0.0000, loc_loss: 0.6900, loc_loss_elem: ['0.1055', '0.1015', '0.1079', '0.0602', '0.0582', '0.0871', '0.0758', '0.0937'], num_positive: 150.8000, roi_reg_loss: 0.9319, roi_cls_loss: 0.3039

2022-05-19 23:42:05,034 - INFO - Epoch [1/6][80/133]	lr: 0.00011, eta: 1:24:37, time: 6.915, data_time: 0.070, transfer_time: 0.101, forward_time: 6.393, loss_parse_time: 0.000 memory: 11634, 
2022-05-19 23:42:05,034 - INFO - task : ['VEHICLE', 'PEDESTRIAN', 'CYCLIST'], loss: 2.2207, hm_loss: 0.0000, loc_loss: 0.5807, loc_loss_elem: ['0.1035', '0.0869', '0.0827', '0.0541', '0.0553', '0.0701', '0.0543', '0.0739'], num_positive: 147.2000, roi_reg_loss: 0.8103, roi_cls_loss: 0.2491

2022-05-19 23:42:39,606 - INFO - Epoch [1/6][85/133]	lr: 0.00012, eta: 1:23:55, time: 6.917, data_time: 0.067, transfer_time: 0.098, forward_time: 6.403, loss_parse_time: 0.000 memory: 11634, 
2022-05-19 23:42:39,606 - INFO - task : ['VEHICLE', 'PEDESTRIAN', 'CYCLIST'], loss: 2.4597, hm_loss: 0.0000, loc_loss: 0.6307, loc_loss_elem: ['0.1072', '0.0818', '0.0782', '0.0610', '0.0701', '0.0670', '0.0818', '0.0835'], num_positive: 224.8000, roi_reg_loss: 0.8619, roi_cls_loss: 0.3363

2022-05-19 23:43:14,366 - INFO - Epoch [1/6][90/133]	lr: 0.00013, eta: 1:23:16, time: 6.952, data_time: 0.073, transfer_time: 0.104, forward_time: 6.409, loss_parse_time: 0.000 memory: 11634, 
2022-05-19 23:43:14,366 - INFO - task : ['VEHICLE', 'PEDESTRIAN', 'CYCLIST'], loss: 2.5374, hm_loss: 0.0000, loc_loss: 0.6806, loc_loss_elem: ['0.1069', '0.0852', '0.0911', '0.0610', '0.0661', '0.0811', '0.0803', '0.1088'], num_positive: 192.0000, roi_reg_loss: 0.8744, roi_cls_loss: 0.3018

2022-05-19 23:43:49,141 - INFO - Epoch [1/6][95/133]	lr: 0.00014, eta: 1:22:37, time: 6.955, data_time: 0.069, transfer_time: 0.103, forward_time: 6.413, loss_parse_time: 0.000 memory: 11634, 
2022-05-19 23:43:49,142 - INFO - task : ['VEHICLE', 'PEDESTRIAN', 'CYCLIST'], loss: 2.4079, hm_loss: 0.0000, loc_loss: 0.6145, loc_loss_elem: ['0.1075', '0.0919', '0.0891', '0.0584', '0.0620', '0.0746', '0.0557', '0.0753'], num_positive: 170.4000, roi_reg_loss: 0.8951, roi_cls_loss: 0.2838

2022-05-19 23:44:23,762 - INFO - Epoch [1/6][100/133]	lr: 0.00015, eta: 1:21:57, time: 6.924, data_time: 0.072, transfer_time: 0.104, forward_time: 6.396, loss_parse_time: 0.000 memory: 11634, 
2022-05-19 23:44:23,762 - INFO - task : ['VEHICLE', 'PEDESTRIAN', 'CYCLIST'], loss: 2.4314, hm_loss: 0.0000, loc_loss: 0.6328, loc_loss_elem: ['0.1100', '0.0876', '0.0958', '0.0534', '0.0555', '0.0778', '0.0665', '0.0863'], num_positive: 152.4000, roi_reg_loss: 0.9170, roi_cls_loss: 0.2487

2022-05-19 23:44:58,509 - INFO - Epoch [1/6][105/133]	lr: 0.00016, eta: 1:21:19, time: 6.950, data_time: 0.072, transfer_time: 0.102, forward_time: 6.399, loss_parse_time: 0.000 memory: 11634, 
2022-05-19 23:44:58,510 - INFO - task : ['VEHICLE', 'PEDESTRIAN', 'CYCLIST'], loss: 2.3903, hm_loss: 0.0000, loc_loss: 0.6198, loc_loss_elem: ['0.1028', '0.0859', '0.0836', '0.0590', '0.0630', '0.0760', '0.0687', '0.0808'], num_positive: 162.0000, roi_reg_loss: 0.8872, roi_cls_loss: 0.2634

2022-05-19 23:45:33,316 - INFO - Epoch [1/6][110/133]	lr: 0.00017, eta: 1:20:41, time: 6.961, data_time: 0.073, transfer_time: 0.105, forward_time: 6.414, loss_parse_time: 0.000 memory: 11634, 
2022-05-19 23:45:33,317 - INFO - task : ['VEHICLE', 'PEDESTRIAN', 'CYCLIST'], loss: 2.4135, hm_loss: 0.0000, loc_loss: 0.6476, loc_loss_elem: ['0.0996', '0.0896', '0.0926', '0.0568', '0.0594', '0.0739', '0.0852', '0.0905'], num_positive: 147.4000, roi_reg_loss: 0.8751, roi_cls_loss: 0.2432

2022-05-19 23:46:07,991 - INFO - Epoch [1/6][115/133]	lr: 0.00018, eta: 1:20:03, time: 6.933, data_time: 0.071, transfer_time: 0.103, forward_time: 6.409, loss_parse_time: 0.000 memory: 11634, 
2022-05-19 23:46:07,991 - INFO - task : ['VEHICLE', 'PEDESTRIAN', 'CYCLIST'], loss: 2.2990, hm_loss: 0.0000, loc_loss: 0.5967, loc_loss_elem: ['0.1071', '0.0883', '0.0791', '0.0577', '0.0603', '0.0700', '0.0594', '0.0748'], num_positive: 159.0000, roi_reg_loss: 0.8714, roi_cls_loss: 0.2343

2022-05-19 23:46:42,553 - INFO - Epoch [1/6][120/133]	lr: 0.00019, eta: 1:19:24, time: 6.915, data_time: 0.073, transfer_time: 0.099, forward_time: 6.385, loss_parse_time: 0.000 memory: 11634, 
2022-05-19 23:46:42,553 - INFO - task : ['VEHICLE', 'PEDESTRIAN', 'CYCLIST'], loss: 2.4188, hm_loss: 0.0000, loc_loss: 0.6507, loc_loss_elem: ['0.1014', '0.0884', '0.0917', '0.0619', '0.0652', '0.0758', '0.0786', '0.0877'], num_positive: 178.8000, roi_reg_loss: 0.8524, roi_cls_loss: 0.2650

2022-05-19 23:47:17,074 - INFO - Epoch [1/6][125/133]	lr: 0.00020, eta: 1:18:46, time: 6.904, data_time: 0.072, transfer_time: 0.104, forward_time: 6.358, loss_parse_time: 0.000 memory: 11634, 
2022-05-19 23:47:17,074 - INFO - task : ['VEHICLE', 'PEDESTRIAN', 'CYCLIST'], loss: 2.5618, hm_loss: 0.0000, loc_loss: 0.6815, loc_loss_elem: ['0.1083', '0.0887', '0.0885', '0.0608', '0.0646', '0.0768', '0.0914', '0.1024'], num_positive: 170.0000, roi_reg_loss: 0.9251, roi_cls_loss: 0.2737

2022-05-19 23:47:51,440 - INFO - Epoch [1/6][130/133]	lr: 0.00021, eta: 1:18:07, time: 6.873, data_time: 0.071, transfer_time: 0.100, forward_time: 6.329, loss_parse_time: 0.000 memory: 11634, 
2022-05-19 23:47:51,441 - INFO - task : ['VEHICLE', 'PEDESTRIAN', 'CYCLIST'], loss: 2.3281, hm_loss: 0.0000, loc_loss: 0.6007, loc_loss_elem: ['0.1097', '0.0863', '0.0889', '0.0546', '0.0531', '0.0737', '0.0545', '0.0799'], num_positive: 166.8000, roi_reg_loss: 0.8778, roi_cls_loss: 0.2488

2022-05-19 23:48:53,705 - INFO - Epoch [2/6][5/133]	lr: 0.00023, eta: 1:15:59, time: 8.233, data_time: 1.298, transfer_time: 0.105, forward_time: 6.471, loss_parse_time: 0.000 memory: 11634, 
2022-05-19 23:48:53,705 - INFO - task : ['VEHICLE', 'PEDESTRIAN', 'CYCLIST'], loss: 2.2992, hm_loss: 0.0000, loc_loss: 0.6119, loc_loss_elem: ['0.0950', '0.0874', '0.0866', '0.0569', '0.0597', '0.0749', '0.0648', '0.0866'], num_positive: 170.2000, roi_reg_loss: 0.8262, roi_cls_loss: 0.2493

2022-05-19 23:49:28,403 - INFO - Epoch [2/6][10/133]	lr: 0.00024, eta: 1:15:25, time: 6.942, data_time: 0.068, transfer_time: 0.096, forward_time: 6.410, loss_parse_time: 0.000 memory: 11634, 
2022-05-19 23:49:28,404 - INFO - task : ['VEHICLE', 'PEDESTRIAN', 'CYCLIST'], loss: 2.2534, hm_loss: 0.0000, loc_loss: 0.5883, loc_loss_elem: ['0.1047', '0.0830', '0.0819', '0.0558', '0.0543', '0.0759', '0.0561', '0.0765'], num_positive: 182.2000, roi_reg_loss: 0.8414, roi_cls_loss: 0.2356

2022-05-19 23:50:03,207 - INFO - Epoch [2/6][15/133]	lr: 0.00025, eta: 1:14:52, time: 6.961, data_time: 0.071, transfer_time: 0.098, forward_time: 6.429, loss_parse_time: 0.000 memory: 11634, 
2022-05-19 23:50:03,208 - INFO - task : ['VEHICLE', 'PEDESTRIAN', 'CYCLIST'], loss: 2.3330, hm_loss: 0.0000, loc_loss: 0.6244, loc_loss_elem: ['0.1131', '0.0908', '0.0841', '0.0586', '0.0575', '0.0742', '0.0635', '0.0826'], num_positive: 166.8000, roi_reg_loss: 0.8675, roi_cls_loss: 0.2167

2022-05-19 23:50:37,760 - INFO - Epoch [2/6][20/133]	lr: 0.00026, eta: 1:14:17, time: 6.911, data_time: 0.072, transfer_time: 0.100, forward_time: 6.386, loss_parse_time: 0.000 memory: 11634, 
2022-05-19 23:50:37,761 - INFO - task : ['VEHICLE', 'PEDESTRIAN', 'CYCLIST'], loss: 2.1417, hm_loss: 0.0000, loc_loss: 0.5387, loc_loss_elem: ['0.1068', '0.0812', '0.0754', '0.0542', '0.0524', '0.0664', '0.0447', '0.0576'], num_positive: 167.8000, roi_reg_loss: 0.8376, roi_cls_loss: 0.2267

2022-05-19 23:51:12,251 - INFO - Epoch [2/6][25/133]	lr: 0.00027, eta: 1:13:42, time: 6.898, data_time: 0.069, transfer_time: 0.100, forward_time: 6.370, loss_parse_time: 0.000 memory: 11634, 
2022-05-19 23:51:12,251 - INFO - task : ['VEHICLE', 'PEDESTRIAN', 'CYCLIST'], loss: 2.3244, hm_loss: 0.0000, loc_loss: 0.6008, loc_loss_elem: ['0.1059', '0.0845', '0.0828', '0.0590', '0.0601', '0.0783', '0.0509', '0.0793'], num_positive: 179.8000, roi_reg_loss: 0.8783, roi_cls_loss: 0.2445

2022-05-19 23:51:46,869 - INFO - Epoch [2/6][30/133]	lr: 0.00028, eta: 1:13:08, time: 6.924, data_time: 0.070, transfer_time: 0.101, forward_time: 6.371, loss_parse_time: 0.000 memory: 11634, 
2022-05-19 23:51:46,869 - INFO - task : ['VEHICLE', 'PEDESTRIAN', 'CYCLIST'], loss: 2.2582, hm_loss: 0.0000, loc_loss: 0.5921, loc_loss_elem: ['0.1052', '0.0851', '0.0856', '0.0562', '0.0553', '0.0736', '0.0633', '0.0679'], num_positive: 171.0000, roi_reg_loss: 0.8600, roi_cls_loss: 0.2140

2022-05-19 23:52:21,421 - INFO - Epoch [2/6][35/133]	lr: 0.00029, eta: 1:12:33, time: 6.910, data_time: 0.072, transfer_time: 0.100, forward_time: 6.382, loss_parse_time: 0.000 memory: 11634, 
2022-05-19 23:52:21,421 - INFO - task : ['VEHICLE', 'PEDESTRIAN', 'CYCLIST'], loss: 2.3478, hm_loss: 0.0000, loc_loss: 0.6116, loc_loss_elem: ['0.1136', '0.0922', '0.0938', '0.0557', '0.0555', '0.0736', '0.0488', '0.0784'], num_positive: 173.4000, roi_reg_loss: 0.8744, roi_cls_loss: 0.2503

2022-05-19 23:52:55,885 - INFO - Epoch [2/6][40/133]	lr: 0.00030, eta: 1:11:59, time: 6.893, data_time: 0.071, transfer_time: 0.100, forward_time: 6.367, loss_parse_time: 0.000 memory: 11634, 
2022-05-19 23:52:55,885 - INFO - task : ['VEHICLE', 'PEDESTRIAN', 'CYCLIST'], loss: 2.2890, hm_loss: 0.0000, loc_loss: 0.6108, loc_loss_elem: ['0.1056', '0.0826', '0.0913', '0.0575', '0.0640', '0.0741', '0.0598', '0.0759'], num_positive: 151.6000, roi_reg_loss: 0.8571, roi_cls_loss: 0.2104

2022-05-19 23:53:30,542 - INFO - Epoch [2/6][45/133]	lr: 0.00031, eta: 1:11:24, time: 6.931, data_time: 0.070, transfer_time: 0.103, forward_time: 6.401, loss_parse_time: 0.000 memory: 11634, 
2022-05-19 23:53:30,543 - INFO - task : ['VEHICLE', 'PEDESTRIAN', 'CYCLIST'], loss: 2.3667, hm_loss: 0.0000, loc_loss: 0.6461, loc_loss_elem: ['0.1058', '0.0912', '0.0892', '0.0585', '0.0610', '0.0697', '0.0771', '0.0935'], num_positive: 132.6000, roi_reg_loss: 0.8939, roi_cls_loss: 0.1805

2022-05-19 23:54:05,256 - INFO - Epoch [2/6][50/133]	lr: 0.00032, eta: 1:10:50, time: 6.940, data_time: 0.071, transfer_time: 0.103, forward_time: 6.392, loss_parse_time: 0.000 memory: 11634, 
2022-05-19 23:54:05,256 - INFO - task : ['VEHICLE', 'PEDESTRIAN', 'CYCLIST'], loss: 2.3162, hm_loss: 0.0000, loc_loss: 0.6327, loc_loss_elem: ['0.1087', '0.0856', '0.0840', '0.0633', '0.0687', '0.0755', '0.0717', '0.0753'], num_positive: 130.2000, roi_reg_loss: 0.8588, roi_cls_loss: 0.1921

2022-05-19 23:54:39,985 - INFO - Epoch [2/6][55/133]	lr: 0.00034, eta: 1:10:16, time: 6.946, data_time: 0.066, transfer_time: 0.098, forward_time: 6.396, loss_parse_time: 0.000 memory: 11634, 
2022-05-19 23:54:39,985 - INFO - task : ['VEHICLE', 'PEDESTRIAN', 'CYCLIST'], loss: 2.2219, hm_loss: 0.0000, loc_loss: 0.6029, loc_loss_elem: ['0.0953', '0.0817', '0.0789', '0.0614', '0.0696', '0.0722', '0.0618', '0.0820'], num_positive: 188.4000, roi_reg_loss: 0.7764, roi_cls_loss: 0.2397

2022-05-19 23:55:14,626 - INFO - Epoch [2/6][60/133]	lr: 0.00035, eta: 1:09:42, time: 6.930, data_time: 0.075, transfer_time: 0.097, forward_time: 6.389, loss_parse_time: 0.000 memory: 11634, 
2022-05-19 23:55:14,626 - INFO - task : ['VEHICLE', 'PEDESTRIAN', 'CYCLIST'], loss: 2.2441, hm_loss: 0.0000, loc_loss: 0.6132, loc_loss_elem: ['0.0957', '0.0759', '0.0756', '0.0627', '0.0744', '0.0696', '0.0758', '0.0835'], num_positive: 219.8000, roi_reg_loss: 0.7534, roi_cls_loss: 0.2643

2022-05-19 23:55:49,123 - INFO - Epoch [2/6][65/133]	lr: 0.00036, eta: 1:09:07, time: 6.899, data_time: 0.073, transfer_time: 0.100, forward_time: 6.374, loss_parse_time: 0.000 memory: 11634, 
2022-05-19 23:55:49,124 - INFO - task : ['VEHICLE', 'PEDESTRIAN', 'CYCLIST'], loss: 2.2528, hm_loss: 0.0000, loc_loss: 0.5876, loc_loss_elem: ['0.1014', '0.0862', '0.0817', '0.0576', '0.0611', '0.0654', '0.0592', '0.0750'], num_positive: 216.8000, roi_reg_loss: 0.8145, roi_cls_loss: 0.2633

2022-05-19 23:56:24,113 - INFO - Epoch [2/6][70/133]	lr: 0.00037, eta: 1:08:34, time: 6.998, data_time: 0.072, transfer_time: 0.105, forward_time: 6.450, loss_parse_time: 0.000 memory: 11634, 
2022-05-19 23:56:24,113 - INFO - task : ['VEHICLE', 'PEDESTRIAN', 'CYCLIST'], loss: 2.2364, hm_loss: 0.0000, loc_loss: 0.6134, loc_loss_elem: ['0.0969', '0.0955', '0.0869', '0.0586', '0.0619', '0.0761', '0.0613', '0.0762'], num_positive: 121.8000, roi_reg_loss: 0.8472, roi_cls_loss: 0.1624

2022-05-19 23:56:58,898 - INFO - Epoch [2/6][75/133]	lr: 0.00038, eta: 1:08:00, time: 6.957, data_time: 0.073, transfer_time: 0.103, forward_time: 6.417, loss_parse_time: 0.000 memory: 11634, 
2022-05-19 23:56:58,899 - INFO - task : ['VEHICLE', 'PEDESTRIAN', 'CYCLIST'], loss: 2.2521, hm_loss: 0.0000, loc_loss: 0.6352, loc_loss_elem: ['0.1047', '0.0836', '0.0887', '0.0603', '0.0679', '0.0689', '0.0741', '0.0870'], num_positive: 155.2000, roi_reg_loss: 0.7924, roi_cls_loss: 0.1894

2022-05-19 23:57:33,662 - INFO - Epoch [2/6][80/133]	lr: 0.00039, eta: 1:07:26, time: 6.953, data_time: 0.070, transfer_time: 0.100, forward_time: 6.421, loss_parse_time: 0.000 memory: 11634, 
2022-05-19 23:57:33,663 - INFO - task : ['VEHICLE', 'PEDESTRIAN', 'CYCLIST'], loss: 2.3193, hm_loss: 0.0000, loc_loss: 0.6287, loc_loss_elem: ['0.1033', '0.0814', '0.0837', '0.0623', '0.0675', '0.0716', '0.0726', '0.0863'], num_positive: 198.6000, roi_reg_loss: 0.8082, roi_cls_loss: 0.2538

2022-05-19 23:58:08,636 - INFO - Epoch [2/6][85/133]	lr: 0.00040, eta: 1:06:52, time: 6.995, data_time: 0.066, transfer_time: 0.098, forward_time: 6.437, loss_parse_time: 0.000 memory: 11634, 
2022-05-19 23:58:08,637 - INFO - task : ['VEHICLE', 'PEDESTRIAN', 'CYCLIST'], loss: 2.0934, hm_loss: 0.0000, loc_loss: 0.5784, loc_loss_elem: ['0.1066', '0.0782', '0.0832', '0.0558', '0.0611', '0.0687', '0.0597', '0.0650'], num_positive: 158.4000, roi_reg_loss: 0.7613, roi_cls_loss: 0.1753

2022-05-19 23:58:43,334 - INFO - Epoch [2/6][90/133]	lr: 0.00040, eta: 1:06:18, time: 6.939, data_time: 0.067, transfer_time: 0.101, forward_time: 6.406, loss_parse_time: 0.000 memory: 11634, 
2022-05-19 23:58:43,334 - INFO - task : ['VEHICLE', 'PEDESTRIAN', 'CYCLIST'], loss: 2.1646, hm_loss: 0.0000, loc_loss: 0.5824, loc_loss_elem: ['0.1002', '0.0805', '0.0802', '0.0575', '0.0590', '0.0696', '0.0610', '0.0744'], num_positive: 214.0000, roi_reg_loss: 0.7596, roi_cls_loss: 0.2402

2022-05-19 23:59:18,145 - INFO - Epoch [2/6][95/133]	lr: 0.00041, eta: 1:05:44, time: 6.962, data_time: 0.075, transfer_time: 0.101, forward_time: 6.414, loss_parse_time: 0.000 memory: 11634, 
2022-05-19 23:59:18,145 - INFO - task : ['VEHICLE', 'PEDESTRIAN', 'CYCLIST'], loss: 2.2471, hm_loss: 0.0000, loc_loss: 0.6364, loc_loss_elem: ['0.0973', '0.0937', '0.0912', '0.0562', '0.0589', '0.0769', '0.0732', '0.0890'], num_positive: 169.2000, roi_reg_loss: 0.7680, roi_cls_loss: 0.2063

2022-05-19 23:59:52,708 - INFO - Epoch [2/6][100/133]	lr: 0.00042, eta: 1:05:09, time: 6.910, data_time: 0.076, transfer_time: 0.100, forward_time: 6.372, loss_parse_time: 0.000 memory: 11634, 
2022-05-19 23:59:52,708 - INFO - task : ['VEHICLE', 'PEDESTRIAN', 'CYCLIST'], loss: 2.1155, hm_loss: 0.0000, loc_loss: 0.5856, loc_loss_elem: ['0.1046', '0.0824', '0.0800', '0.0602', '0.0608', '0.0691', '0.0640', '0.0644'], num_positive: 158.4000, roi_reg_loss: 0.7461, roi_cls_loss: 0.1983

2022-05-20 00:00:27,354 - INFO - Epoch [2/6][105/133]	lr: 0.00043, eta: 1:04:35, time: 6.929, data_time: 0.076, transfer_time: 0.099, forward_time: 6.394, loss_parse_time: 0.000 memory: 11634, 
2022-05-20 00:00:27,355 - INFO - task : ['VEHICLE', 'PEDESTRIAN', 'CYCLIST'], loss: 2.2056, hm_loss: 0.0000, loc_loss: 0.6173, loc_loss_elem: ['0.0959', '0.0916', '0.0908', '0.0551', '0.0578', '0.0695', '0.0729', '0.0837'], num_positive: 149.8000, roi_reg_loss: 0.7935, roi_cls_loss: 0.1776

2022-05-20 00:01:01,919 - INFO - Epoch [2/6][110/133]	lr: 0.00044, eta: 1:04:00, time: 6.913, data_time: 0.070, transfer_time: 0.101, forward_time: 6.379, loss_parse_time: 0.000 memory: 11634, 
2022-05-20 00:01:01,919 - INFO - task : ['VEHICLE', 'PEDESTRIAN', 'CYCLIST'], loss: 2.1740, hm_loss: 0.0000, loc_loss: 0.5915, loc_loss_elem: ['0.1127', '0.0951', '0.0774', '0.0555', '0.0586', '0.0660', '0.0465', '0.0797'], num_positive: 136.2000, roi_reg_loss: 0.7913, roi_cls_loss: 0.1997

2022-05-20 00:01:36,440 - INFO - Epoch [2/6][115/133]	lr: 0.00045, eta: 1:03:25, time: 6.907, data_time: 0.069, transfer_time: 0.102, forward_time: 6.367, loss_parse_time: 0.000 memory: 11634, 
2022-05-20 00:01:36,441 - INFO - task : ['VEHICLE', 'PEDESTRIAN', 'CYCLIST'], loss: 2.1973, hm_loss: 0.0000, loc_loss: 0.6108, loc_loss_elem: ['0.1052', '0.0823', '0.0797', '0.0631', '0.0729', '0.0720', '0.0653', '0.0704'], num_positive: 169.6000, roi_reg_loss: 0.7564, roi_cls_loss: 0.2194

2022-05-20 00:02:10,881 - INFO - Epoch [2/6][120/133]	lr: 0.00045, eta: 1:02:50, time: 6.888, data_time: 0.068, transfer_time: 0.097, forward_time: 6.377, loss_parse_time: 0.000 memory: 11634, 
2022-05-20 00:02:10,882 - INFO - task : ['VEHICLE', 'PEDESTRIAN', 'CYCLIST'], loss: 2.1993, hm_loss: 0.0000, loc_loss: 0.6163, loc_loss_elem: ['0.1035', '0.0893', '0.0946', '0.0601', '0.0593', '0.0662', '0.0593', '0.0840'], num_positive: 179.8000, roi_reg_loss: 0.7534, roi_cls_loss: 0.2133

2022-05-20 00:02:45,491 - INFO - Epoch [2/6][125/133]	lr: 0.00046, eta: 1:02:16, time: 6.922, data_time: 0.066, transfer_time: 0.098, forward_time: 6.399, loss_parse_time: 0.000 memory: 11634, 
2022-05-20 00:02:45,491 - INFO - task : ['VEHICLE', 'PEDESTRIAN', 'CYCLIST'], loss: 2.1913, hm_loss: 0.0000, loc_loss: 0.6162, loc_loss_elem: ['0.1063', '0.0876', '0.1015', '0.0554', '0.0605', '0.0751', '0.0428', '0.0871'], num_positive: 142.0000, roi_reg_loss: 0.7675, roi_cls_loss: 0.1914

2022-05-20 00:03:20,010 - INFO - Epoch [2/6][130/133]	lr: 0.00047, eta: 1:01:41, time: 6.904, data_time: 0.071, transfer_time: 0.102, forward_time: 6.345, loss_parse_time: 0.000 memory: 11634, 
2022-05-20 00:03:20,010 - INFO - task : ['VEHICLE', 'PEDESTRIAN', 'CYCLIST'], loss: 2.2536, hm_loss: 0.0000, loc_loss: 0.6391, loc_loss_elem: ['0.1045', '0.0920', '0.1056', '0.0501', '0.0545', '0.0813', '0.0652', '0.0860'], num_positive: 102.8000, roi_reg_loss: 0.8393, roi_cls_loss: 0.1362

2022-05-20 00:04:22,309 - INFO - Epoch [3/6][5/133]	lr: 0.00047, eta: 1:00:19, time: 8.309, data_time: 1.311, transfer_time: 0.095, forward_time: 6.533, loss_parse_time: 0.000 memory: 11634, 
2022-05-20 00:04:22,309 - INFO - task : ['VEHICLE', 'PEDESTRIAN', 'CYCLIST'], loss: 2.1769, hm_loss: 0.0000, loc_loss: 0.6161, loc_loss_elem: ['0.1132', '0.0912', '0.0945', '0.0568', '0.0544', '0.0752', '0.0529', '0.0778'], num_positive: 149.4000, roi_reg_loss: 0.7566, roi_cls_loss: 0.1882

2022-05-20 00:04:57,182 - INFO - Epoch [3/6][10/133]	lr: 0.00048, eta: 0:59:46, time: 6.975, data_time: 0.068, transfer_time: 0.101, forward_time: 6.415, loss_parse_time: 0.000 memory: 11634, 
2022-05-20 00:04:57,183 - INFO - task : ['VEHICLE', 'PEDESTRIAN', 'CYCLIST'], loss: 2.0533, hm_loss: 0.0000, loc_loss: 0.5830, loc_loss_elem: ['0.0981', '0.0781', '0.0870', '0.0568', '0.0614', '0.0654', '0.0645', '0.0717'], num_positive: 153.4000, roi_reg_loss: 0.7199, roi_cls_loss: 0.1674

2022-05-20 00:05:31,860 - INFO - Epoch [3/6][15/133]	lr: 0.00048, eta: 0:59:12, time: 6.935, data_time: 0.071, transfer_time: 0.100, forward_time: 6.404, loss_parse_time: 0.000 memory: 11634, 
2022-05-20 00:05:31,861 - INFO - task : ['VEHICLE', 'PEDESTRIAN', 'CYCLIST'], loss: 2.1798, hm_loss: 0.0000, loc_loss: 0.6127, loc_loss_elem: ['0.1008', '0.0892', '0.0911', '0.0533', '0.0501', '0.0793', '0.0665', '0.0825'], num_positive: 155.6000, roi_reg_loss: 0.7618, roi_cls_loss: 0.1926

2022-05-20 00:06:06,672 - INFO - Epoch [3/6][20/133]	lr: 0.00049, eta: 0:58:38, time: 6.962, data_time: 0.069, transfer_time: 0.098, forward_time: 6.439, loss_parse_time: 0.000 memory: 11634, 
2022-05-20 00:06:06,672 - INFO - task : ['VEHICLE', 'PEDESTRIAN', 'CYCLIST'], loss: 2.3261, hm_loss: 0.0000, loc_loss: 0.6564, loc_loss_elem: ['0.1050', '0.0882', '0.0939', '0.0550', '0.0616', '0.0816', '0.0810', '0.0900'], num_positive: 180.2000, roi_reg_loss: 0.7644, roi_cls_loss: 0.2489

2022-05-20 00:06:41,441 - INFO - Epoch [3/6][25/133]	lr: 0.00049, eta: 0:58:05, time: 6.954, data_time: 0.067, transfer_time: 0.102, forward_time: 6.418, loss_parse_time: 0.000 memory: 11634, 
2022-05-20 00:06:41,441 - INFO - task : ['VEHICLE', 'PEDESTRIAN', 'CYCLIST'], loss: 2.1392, hm_loss: 0.0000, loc_loss: 0.6078, loc_loss_elem: ['0.1059', '0.0875', '0.0856', '0.0592', '0.0619', '0.0708', '0.0583', '0.0787'], num_positive: 167.8000, roi_reg_loss: 0.7314, roi_cls_loss: 0.1922

2022-05-20 00:07:16,115 - INFO - Epoch [3/6][30/133]	lr: 0.00049, eta: 0:57:31, time: 6.934, data_time: 0.069, transfer_time: 0.101, forward_time: 6.400, loss_parse_time: 0.000 memory: 11634, 
2022-05-20 00:07:16,116 - INFO - task : ['VEHICLE', 'PEDESTRIAN', 'CYCLIST'], loss: 2.0069, hm_loss: 0.0000, loc_loss: 0.5713, loc_loss_elem: ['0.0969', '0.0781', '0.0813', '0.0583', '0.0628', '0.0649', '0.0606', '0.0684'], num_positive: 168.8000, roi_reg_loss: 0.6848, roi_cls_loss: 0.1796

2022-05-20 00:07:50,723 - INFO - Epoch [3/6][35/133]	lr: 0.00050, eta: 0:56:57, time: 6.923, data_time: 0.072, transfer_time: 0.099, forward_time: 6.385, loss_parse_time: 0.000 memory: 11634, 
2022-05-20 00:07:50,724 - INFO - task : ['VEHICLE', 'PEDESTRIAN', 'CYCLIST'], loss: 2.1158, hm_loss: 0.0000, loc_loss: 0.5988, loc_loss_elem: ['0.1018', '0.0838', '0.0840', '0.0556', '0.0597', '0.0661', '0.0615', '0.0861'], num_positive: 176.6000, roi_reg_loss: 0.7146, roi_cls_loss: 0.2037

2022-05-20 00:08:25,475 - INFO - Epoch [3/6][40/133]	lr: 0.00050, eta: 0:56:23, time: 6.948, data_time: 0.069, transfer_time: 0.100, forward_time: 6.404, loss_parse_time: 0.000 memory: 11634, 
2022-05-20 00:08:25,476 - INFO - task : ['VEHICLE', 'PEDESTRIAN', 'CYCLIST'], loss: 2.2582, hm_loss: 0.0000, loc_loss: 0.6643, loc_loss_elem: ['0.1062', '0.0913', '0.0951', '0.0572', '0.0612', '0.0781', '0.0793', '0.0958'], num_positive: 162.4000, roi_reg_loss: 0.7128, roi_cls_loss: 0.2167

2022-05-20 00:09:00,158 - INFO - Epoch [3/6][45/133]	lr: 0.00050, eta: 0:55:49, time: 6.936, data_time: 0.072, transfer_time: 0.103, forward_time: 6.391, loss_parse_time: 0.000 memory: 11634, 
2022-05-20 00:09:00,158 - INFO - task : ['VEHICLE', 'PEDESTRIAN', 'CYCLIST'], loss: 2.1528, hm_loss: 0.0000, loc_loss: 0.5993, loc_loss_elem: ['0.1107', '0.0889', '0.0885', '0.0557', '0.0591', '0.0683', '0.0574', '0.0706'], num_positive: 179.4000, roi_reg_loss: 0.7435, roi_cls_loss: 0.2107

2022-05-20 00:09:34,925 - INFO - Epoch [3/6][50/133]	lr: 0.00050, eta: 0:55:15, time: 6.954, data_time: 0.076, transfer_time: 0.097, forward_time: 6.399, loss_parse_time: 0.000 memory: 11634, 
2022-05-20 00:09:34,925 - INFO - task : ['VEHICLE', 'PEDESTRIAN', 'CYCLIST'], loss: 2.0954, hm_loss: 0.0000, loc_loss: 0.5857, loc_loss_elem: ['0.1128', '0.0891', '0.0799', '0.0546', '0.0546', '0.0694', '0.0527', '0.0727'], num_positive: 182.4000, roi_reg_loss: 0.7281, roi_cls_loss: 0.1960

2022-05-20 00:10:09,604 - INFO - Epoch [3/6][55/133]	lr: 0.00050, eta: 0:54:41, time: 6.938, data_time: 0.076, transfer_time: 0.101, forward_time: 6.384, loss_parse_time: 0.000 memory: 11634, 
2022-05-20 00:10:09,605 - INFO - task : ['VEHICLE', 'PEDESTRIAN', 'CYCLIST'], loss: 2.2721, hm_loss: 0.0000, loc_loss: 0.6760, loc_loss_elem: ['0.1074', '0.0944', '0.0986', '0.0643', '0.0669', '0.0736', '0.0699', '0.1009'], num_positive: 162.0000, roi_reg_loss: 0.7186, roi_cls_loss: 0.2015

2022-05-20 00:10:44,212 - INFO - Epoch [3/6][60/133]	lr: 0.00050, eta: 0:54:07, time: 6.922, data_time: 0.068, transfer_time: 0.096, forward_time: 6.398, loss_parse_time: 0.000 memory: 11634, 
2022-05-20 00:10:44,212 - INFO - task : ['VEHICLE', 'PEDESTRIAN', 'CYCLIST'], loss: 2.0321, hm_loss: 0.0000, loc_loss: 0.5792, loc_loss_elem: ['0.1059', '0.0778', '0.0867', '0.0548', '0.0575', '0.0769', '0.0423', '0.0774'], num_positive: 149.2000, roi_reg_loss: 0.6953, roi_cls_loss: 0.1785

2022-05-20 00:11:18,869 - INFO - Epoch [3/6][65/133]	lr: 0.00050, eta: 0:53:33, time: 6.929, data_time: 0.074, transfer_time: 0.100, forward_time: 6.378, loss_parse_time: 0.000 memory: 11634, 
2022-05-20 00:11:18,870 - INFO - task : ['VEHICLE', 'PEDESTRIAN', 'CYCLIST'], loss: 2.1154, hm_loss: 0.0000, loc_loss: 0.5930, loc_loss_elem: ['0.0985', '0.0881', '0.0818', '0.0563', '0.0587', '0.0693', '0.0564', '0.0840'], num_positive: 180.8000, roi_reg_loss: 0.7265, roi_cls_loss: 0.2030

2022-05-20 00:11:53,762 - INFO - Epoch [3/6][70/133]	lr: 0.00050, eta: 0:52:59, time: 6.981, data_time: 0.072, transfer_time: 0.099, forward_time: 6.432, loss_parse_time: 0.000 memory: 11634, 
2022-05-20 00:11:53,762 - INFO - task : ['VEHICLE', 'PEDESTRIAN', 'CYCLIST'], loss: 2.1970, hm_loss: 0.0000, loc_loss: 0.6160, loc_loss_elem: ['0.1019', '0.0904', '0.0892', '0.0561', '0.0549', '0.0721', '0.0653', '0.0861'], num_positive: 189.6000, roi_reg_loss: 0.7277, roi_cls_loss: 0.2372

2022-05-20 00:12:28,506 - INFO - Epoch [3/6][75/133]	lr: 0.00050, eta: 0:52:25, time: 6.949, data_time: 0.071, transfer_time: 0.099, forward_time: 6.427, loss_parse_time: 0.000 memory: 11634, 
2022-05-20 00:12:28,507 - INFO - task : ['VEHICLE', 'PEDESTRIAN', 'CYCLIST'], loss: 2.0699, hm_loss: 0.0000, loc_loss: 0.5912, loc_loss_elem: ['0.1024', '0.0767', '0.0810', '0.0580', '0.0627', '0.0795', '0.0645', '0.0664'], num_positive: 153.0000, roi_reg_loss: 0.6896, roi_cls_loss: 0.1980

2022-05-20 00:13:03,178 - INFO - Epoch [3/6][80/133]	lr: 0.00050, eta: 0:51:51, time: 6.934, data_time: 0.074, transfer_time: 0.102, forward_time: 6.375, loss_parse_time: 0.000 memory: 11634, 
2022-05-20 00:13:03,178 - INFO - task : ['VEHICLE', 'PEDESTRIAN', 'CYCLIST'], loss: 2.0609, hm_loss: 0.0000, loc_loss: 0.6035, loc_loss_elem: ['0.1032', '0.0876', '0.0825', '0.0529', '0.0579', '0.0599', '0.0722', '0.0872'], num_positive: 137.4000, roi_reg_loss: 0.7005, roi_cls_loss: 0.1534

2022-05-20 00:13:38,069 - INFO - Epoch [3/6][85/133]	lr: 0.00049, eta: 0:51:17, time: 6.976, data_time: 0.074, transfer_time: 0.101, forward_time: 6.443, loss_parse_time: 0.000 memory: 11634, 
2022-05-20 00:13:38,069 - INFO - task : ['VEHICLE', 'PEDESTRIAN', 'CYCLIST'], loss: 2.1735, hm_loss: 0.0000, loc_loss: 0.6380, loc_loss_elem: ['0.1141', '0.0864', '0.0921', '0.0610', '0.0650', '0.0757', '0.0634', '0.0803'], num_positive: 155.6000, roi_reg_loss: 0.7176, roi_cls_loss: 0.1799

2022-05-20 00:14:12,866 - INFO - Epoch [3/6][90/133]	lr: 0.00049, eta: 0:50:44, time: 6.962, data_time: 0.069, transfer_time: 0.100, forward_time: 6.437, loss_parse_time: 0.000 memory: 11634, 
2022-05-20 00:14:12,867 - INFO - task : ['VEHICLE', 'PEDESTRIAN', 'CYCLIST'], loss: 2.2793, hm_loss: 0.0000, loc_loss: 0.6688, loc_loss_elem: ['0.1115', '0.0886', '0.0988', '0.0606', '0.0677', '0.0743', '0.0742', '0.0932'], num_positive: 152.2000, roi_reg_loss: 0.7298, roi_cls_loss: 0.2118

2022-05-20 00:14:47,655 - INFO - Epoch [3/6][95/133]	lr: 0.00049, eta: 0:50:10, time: 6.958, data_time: 0.068, transfer_time: 0.101, forward_time: 6.421, loss_parse_time: 0.000 memory: 11634, 
2022-05-20 00:14:47,655 - INFO - task : ['VEHICLE', 'PEDESTRIAN', 'CYCLIST'], loss: 2.1025, hm_loss: 0.0000, loc_loss: 0.6095, loc_loss_elem: ['0.1037', '0.0907', '0.0810', '0.0580', '0.0626', '0.0707', '0.0635', '0.0793'], num_positive: 171.4000, roi_reg_loss: 0.6892, roi_cls_loss: 0.1942

2022-05-20 00:15:22,309 - INFO - Epoch [3/6][100/133]	lr: 0.00049, eta: 0:49:35, time: 6.931, data_time: 0.065, transfer_time: 0.099, forward_time: 6.410, loss_parse_time: 0.000 memory: 11634, 
2022-05-20 00:15:22,310 - INFO - task : ['VEHICLE', 'PEDESTRIAN', 'CYCLIST'], loss: 2.1063, hm_loss: 0.0000, loc_loss: 0.6064, loc_loss_elem: ['0.1065', '0.0804', '0.0827', '0.0571', '0.0649', '0.0716', '0.0658', '0.0775'], num_positive: 177.0000, roi_reg_loss: 0.6782, roi_cls_loss: 0.2153

2022-05-20 00:15:57,174 - INFO - Epoch [3/6][105/133]	lr: 0.00049, eta: 0:49:01, time: 6.971, data_time: 0.076, transfer_time: 0.101, forward_time: 6.435, loss_parse_time: 0.000 memory: 11634, 
2022-05-20 00:15:57,175 - INFO - task : ['VEHICLE', 'PEDESTRIAN', 'CYCLIST'], loss: 2.0908, hm_loss: 0.0000, loc_loss: 0.5881, loc_loss_elem: ['0.1029', '0.0866', '0.0798', '0.0535', '0.0568', '0.0677', '0.0574', '0.0833'], num_positive: 206.4000, roi_reg_loss: 0.6752, roi_cls_loss: 0.2394

2022-05-20 00:16:32,151 - INFO - Epoch [3/6][110/133]	lr: 0.00048, eta: 0:48:28, time: 6.995, data_time: 0.064, transfer_time: 0.102, forward_time: 6.457, loss_parse_time: 0.000 memory: 11634, 
2022-05-20 00:16:32,151 - INFO - task : ['VEHICLE', 'PEDESTRIAN', 'CYCLIST'], loss: 1.9886, hm_loss: 0.0000, loc_loss: 0.5808, loc_loss_elem: ['0.1025', '0.0862', '0.0937', '0.0517', '0.0498', '0.0796', '0.0442', '0.0731'], num_positive: 123.0000, roi_reg_loss: 0.6970, roi_cls_loss: 0.1300

2022-05-20 00:17:06,784 - INFO - Epoch [3/6][115/133]	lr: 0.00048, eta: 0:47:53, time: 6.929, data_time: 0.068, transfer_time: 0.098, forward_time: 6.386, loss_parse_time: 0.000 memory: 11634, 
2022-05-20 00:17:06,784 - INFO - task : ['VEHICLE', 'PEDESTRIAN', 'CYCLIST'], loss: 2.1133, hm_loss: 0.0000, loc_loss: 0.6098, loc_loss_elem: ['0.0961', '0.0874', '0.0845', '0.0589', '0.0629', '0.0702', '0.0708', '0.0791'], num_positive: 200.0000, roi_reg_loss: 0.6684, roi_cls_loss: 0.2253

2022-05-20 00:17:41,347 - INFO - Epoch [3/6][120/133]	lr: 0.00048, eta: 0:47:19, time: 6.912, data_time: 0.066, transfer_time: 0.101, forward_time: 6.391, loss_parse_time: 0.000 memory: 11634, 
2022-05-20 00:17:41,347 - INFO - task : ['VEHICLE', 'PEDESTRIAN', 'CYCLIST'], loss: 2.0118, hm_loss: 0.0000, loc_loss: 0.5984, loc_loss_elem: ['0.1112', '0.0863', '0.0860', '0.0549', '0.0569', '0.0655', '0.0579', '0.0796'], num_positive: 154.6000, roi_reg_loss: 0.6525, roi_cls_loss: 0.1625

2022-05-20 00:18:16,046 - INFO - Epoch [3/6][125/133]	lr: 0.00047, eta: 0:46:45, time: 6.940, data_time: 0.069, transfer_time: 0.100, forward_time: 6.415, loss_parse_time: 0.000 memory: 11634, 
2022-05-20 00:18:16,046 - INFO - task : ['VEHICLE', 'PEDESTRIAN', 'CYCLIST'], loss: 2.0130, hm_loss: 0.0000, loc_loss: 0.5929, loc_loss_elem: ['0.1044', '0.0823', '0.0780', '0.0583', '0.0684', '0.0702', '0.0623', '0.0691'], num_positive: 165.0000, roi_reg_loss: 0.6561, roi_cls_loss: 0.1710

2022-05-20 00:18:50,211 - INFO - Epoch [3/6][130/133]	lr: 0.00047, eta: 0:46:10, time: 6.833, data_time: 0.070, transfer_time: 0.097, forward_time: 6.305, loss_parse_time: 0.000 memory: 11634, 
2022-05-20 00:18:50,212 - INFO - task : ['VEHICLE', 'PEDESTRIAN', 'CYCLIST'], loss: 2.0243, hm_loss: 0.0000, loc_loss: 0.5961, loc_loss_elem: ['0.1028', '0.0962', '0.1084', '0.0495', '0.0503', '0.0726', '0.0465', '0.0697'], num_positive: 130.0000, roi_reg_loss: 0.6813, roi_cls_loss: 0.1508

2022-05-20 00:19:52,464 - INFO - Epoch [4/6][5/133]	lr: 0.00046, eta: 0:45:01, time: 8.263, data_time: 1.275, transfer_time: 0.102, forward_time: 6.527, loss_parse_time: 0.000 memory: 11634, 
2022-05-20 00:19:52,464 - INFO - task : ['VEHICLE', 'PEDESTRIAN', 'CYCLIST'], loss: 2.0262, hm_loss: 0.0000, loc_loss: 0.5964, loc_loss_elem: ['0.1002', '0.0808', '0.0807', '0.0617', '0.0673', '0.0714', '0.0645', '0.0698'], num_positive: 158.4000, roi_reg_loss: 0.6636, roi_cls_loss: 0.1698

2022-05-20 00:20:27,090 - INFO - Epoch [4/6][10/133]	lr: 0.00046, eta: 0:44:27, time: 6.923, data_time: 0.067, transfer_time: 0.100, forward_time: 6.391, loss_parse_time: 0.000 memory: 11634, 
2022-05-20 00:20:27,091 - INFO - task : ['VEHICLE', 'PEDESTRIAN', 'CYCLIST'], loss: 2.0326, hm_loss: 0.0000, loc_loss: 0.5913, loc_loss_elem: ['0.0953', '0.0876', '0.0754', '0.0589', '0.0605', '0.0673', '0.0662', '0.0799'], num_positive: 197.4000, roi_reg_loss: 0.6464, roi_cls_loss: 0.2037

2022-05-20 00:21:01,681 - INFO - Epoch [4/6][15/133]	lr: 0.00045, eta: 0:43:53, time: 6.920, data_time: 0.075, transfer_time: 0.101, forward_time: 6.367, loss_parse_time: 0.000 memory: 11634, 
2022-05-20 00:21:01,681 - INFO - task : ['VEHICLE', 'PEDESTRIAN', 'CYCLIST'], loss: 2.1244, hm_loss: 0.0000, loc_loss: 0.6271, loc_loss_elem: ['0.1102', '0.0858', '0.0937', '0.0560', '0.0594', '0.0777', '0.0614', '0.0829'], num_positive: 138.0000, roi_reg_loss: 0.7034, roi_cls_loss: 0.1668

2022-05-20 00:21:36,475 - INFO - Epoch [4/6][20/133]	lr: 0.00045, eta: 0:43:20, time: 6.959, data_time: 0.074, transfer_time: 0.102, forward_time: 6.418, loss_parse_time: 0.000 memory: 11634, 
2022-05-20 00:21:36,475 - INFO - task : ['VEHICLE', 'PEDESTRIAN', 'CYCLIST'], loss: 2.0647, hm_loss: 0.0000, loc_loss: 0.5940, loc_loss_elem: ['0.1044', '0.0878', '0.0849', '0.0573', '0.0608', '0.0704', '0.0518', '0.0767'], num_positive: 156.4000, roi_reg_loss: 0.6924, roi_cls_loss: 0.1843

2022-05-20 00:22:11,178 - INFO - Epoch [4/6][25/133]	lr: 0.00044, eta: 0:42:46, time: 6.941, data_time: 0.065, transfer_time: 0.099, forward_time: 6.411, loss_parse_time: 0.000 memory: 11634, 
2022-05-20 00:22:11,178 - INFO - task : ['VEHICLE', 'PEDESTRIAN', 'CYCLIST'], loss: 2.0066, hm_loss: 0.0000, loc_loss: 0.5856, loc_loss_elem: ['0.1114', '0.0881', '0.0867', '0.0574', '0.0571', '0.0744', '0.0501', '0.0605'], num_positive: 171.0000, roi_reg_loss: 0.6457, roi_cls_loss: 0.1896

2022-05-20 00:22:45,912 - INFO - Epoch [4/6][30/133]	lr: 0.00044, eta: 0:42:12, time: 6.947, data_time: 0.068, transfer_time: 0.101, forward_time: 6.388, loss_parse_time: 0.000 memory: 11634, 
2022-05-20 00:22:45,912 - INFO - task : ['VEHICLE', 'PEDESTRIAN', 'CYCLIST'], loss: 2.0406, hm_loss: 0.0000, loc_loss: 0.6082, loc_loss_elem: ['0.1012', '0.0853', '0.0869', '0.0568', '0.0609', '0.0760', '0.0550', '0.0861'], num_positive: 139.4000, roi_reg_loss: 0.6585, roi_cls_loss: 0.1658

2022-05-20 00:23:20,800 - INFO - Epoch [4/6][35/133]	lr: 0.00043, eta: 0:41:38, time: 6.978, data_time: 0.066, transfer_time: 0.098, forward_time: 6.449, loss_parse_time: 0.000 memory: 11634, 
2022-05-20 00:23:20,800 - INFO - task : ['VEHICLE', 'PEDESTRIAN', 'CYCLIST'], loss: 2.1348, hm_loss: 0.0000, loc_loss: 0.6434, loc_loss_elem: ['0.0980', '0.0838', '0.0789', '0.0611', '0.0656', '0.0731', '0.0833', '0.0996'], num_positive: 176.8000, roi_reg_loss: 0.6536, roi_cls_loss: 0.1944

2022-05-20 00:23:55,422 - INFO - Epoch [4/6][40/133]	lr: 0.00043, eta: 0:41:04, time: 6.924, data_time: 0.070, transfer_time: 0.101, forward_time: 6.391, loss_parse_time: 0.000 memory: 11634, 
2022-05-20 00:23:55,422 - INFO - task : ['VEHICLE', 'PEDESTRIAN', 'CYCLIST'], loss: 2.0323, hm_loss: 0.0000, loc_loss: 0.6026, loc_loss_elem: ['0.0932', '0.0897', '0.0872', '0.0573', '0.0607', '0.0751', '0.0631', '0.0762'], num_positive: 152.0000, roi_reg_loss: 0.6677, roi_cls_loss: 0.1595

2022-05-20 00:24:30,164 - INFO - Epoch [4/6][45/133]	lr: 0.00042, eta: 0:40:30, time: 6.948, data_time: 0.069, transfer_time: 0.099, forward_time: 6.410, loss_parse_time: 0.000 memory: 11634, 
2022-05-20 00:24:30,164 - INFO - task : ['VEHICLE', 'PEDESTRIAN', 'CYCLIST'], loss: 1.9752, hm_loss: 0.0000, loc_loss: 0.5900, loc_loss_elem: ['0.1018', '0.0858', '0.0836', '0.0548', '0.0583', '0.0630', '0.0759', '0.0669'], num_positive: 150.6000, roi_reg_loss: 0.6337, roi_cls_loss: 0.1615

2022-05-20 00:25:04,871 - INFO - Epoch [4/6][50/133]	lr: 0.00042, eta: 0:39:56, time: 6.940, data_time: 0.069, transfer_time: 0.101, forward_time: 6.408, loss_parse_time: 0.000 memory: 11634, 
2022-05-20 00:25:04,871 - INFO - task : ['VEHICLE', 'PEDESTRIAN', 'CYCLIST'], loss: 2.0456, hm_loss: 0.0000, loc_loss: 0.5941, loc_loss_elem: ['0.1067', '0.0794', '0.0782', '0.0598', '0.0674', '0.0677', '0.0666', '0.0682'], num_positive: 178.8000, roi_reg_loss: 0.6503, roi_cls_loss: 0.2072

2022-05-20 00:25:39,437 - INFO - Epoch [4/6][55/133]	lr: 0.00041, eta: 0:39:22, time: 6.915, data_time: 0.067, transfer_time: 0.099, forward_time: 6.398, loss_parse_time: 0.000 memory: 11634, 
2022-05-20 00:25:39,437 - INFO - task : ['VEHICLE', 'PEDESTRIAN', 'CYCLIST'], loss: 2.0119, hm_loss: 0.0000, loc_loss: 0.6013, loc_loss_elem: ['0.1059', '0.0888', '0.0887', '0.0572', '0.0579', '0.0793', '0.0538', '0.0696'], num_positive: 144.0000, roi_reg_loss: 0.6456, roi_cls_loss: 0.1638

2022-05-20 00:26:14,160 - INFO - Epoch [4/6][60/133]	lr: 0.00040, eta: 0:38:48, time: 6.945, data_time: 0.070, transfer_time: 0.101, forward_time: 6.418, loss_parse_time: 0.000 memory: 11634, 
2022-05-20 00:26:14,161 - INFO - task : ['VEHICLE', 'PEDESTRIAN', 'CYCLIST'], loss: 2.0985, hm_loss: 0.0000, loc_loss: 0.6228, loc_loss_elem: ['0.0982', '0.0894', '0.0893', '0.0592', '0.0676', '0.0793', '0.0597', '0.0802'], num_positive: 146.6000, roi_reg_loss: 0.6845, roi_cls_loss: 0.1684

2022-05-20 00:26:49,107 - INFO - Epoch [4/6][65/133]	lr: 0.00040, eta: 0:38:14, time: 6.989, data_time: 0.074, transfer_time: 0.100, forward_time: 6.421, loss_parse_time: 0.000 memory: 11634, 
2022-05-20 00:26:49,107 - INFO - task : ['VEHICLE', 'PEDESTRIAN', 'CYCLIST'], loss: 2.1516, hm_loss: 0.0000, loc_loss: 0.6141, loc_loss_elem: ['0.1000', '0.0921', '0.0981', '0.0563', '0.0587', '0.0691', '0.0616', '0.0781'], num_positive: 194.2000, roi_reg_loss: 0.7018, roi_cls_loss: 0.2216

2022-05-20 00:27:23,781 - INFO - Epoch [4/6][70/133]	lr: 0.00039, eta: 0:37:40, time: 6.935, data_time: 0.073, transfer_time: 0.102, forward_time: 6.379, loss_parse_time: 0.000 memory: 11634, 
2022-05-20 00:27:23,781 - INFO - task : ['VEHICLE', 'PEDESTRIAN', 'CYCLIST'], loss: 1.9620, hm_loss: 0.0000, loc_loss: 0.5733, loc_loss_elem: ['0.1030', '0.0744', '0.0797', '0.0597', '0.0653', '0.0681', '0.0512', '0.0718'], num_positive: 153.6000, roi_reg_loss: 0.6389, roi_cls_loss: 0.1766

2022-05-20 00:27:58,349 - INFO - Epoch [4/6][75/133]	lr: 0.00038, eta: 0:37:05, time: 6.911, data_time: 0.070, transfer_time: 0.098, forward_time: 6.383, loss_parse_time: 0.000 memory: 11634, 
2022-05-20 00:27:58,350 - INFO - task : ['VEHICLE', 'PEDESTRIAN', 'CYCLIST'], loss: 1.9527, hm_loss: 0.0000, loc_loss: 0.5823, loc_loss_elem: ['0.1044', '0.0850', '0.0875', '0.0569', '0.0634', '0.0642', '0.0549', '0.0659'], num_positive: 156.2000, roi_reg_loss: 0.6161, roi_cls_loss: 0.1722

2022-05-20 00:28:32,904 - INFO - Epoch [4/6][80/133]	lr: 0.00038, eta: 0:36:31, time: 6.913, data_time: 0.069, transfer_time: 0.096, forward_time: 6.396, loss_parse_time: 0.000 memory: 11634, 
2022-05-20 00:28:32,904 - INFO - task : ['VEHICLE', 'PEDESTRIAN', 'CYCLIST'], loss: 1.9392, hm_loss: 0.0000, loc_loss: 0.5684, loc_loss_elem: ['0.1025', '0.0816', '0.0791', '0.0556', '0.0560', '0.0673', '0.0545', '0.0718'], num_positive: 184.8000, roi_reg_loss: 0.6177, roi_cls_loss: 0.1846

2022-05-20 00:29:07,459 - INFO - Epoch [4/6][85/133]	lr: 0.00037, eta: 0:35:57, time: 6.911, data_time: 0.067, transfer_time: 0.098, forward_time: 6.400, loss_parse_time: 0.000 memory: 11634, 
2022-05-20 00:29:07,459 - INFO - task : ['VEHICLE', 'PEDESTRIAN', 'CYCLIST'], loss: 2.0612, hm_loss: 0.0000, loc_loss: 0.6040, loc_loss_elem: ['0.1002', '0.0841', '0.0830', '0.0576', '0.0645', '0.0695', '0.0718', '0.0733'], num_positive: 181.0000, roi_reg_loss: 0.6521, roi_cls_loss: 0.2011

2022-05-20 00:29:42,194 - INFO - Epoch [4/6][90/133]	lr: 0.00036, eta: 0:35:23, time: 6.947, data_time: 0.075, transfer_time: 0.099, forward_time: 6.406, loss_parse_time: 0.000 memory: 11634, 
2022-05-20 00:29:42,194 - INFO - task : ['VEHICLE', 'PEDESTRIAN', 'CYCLIST'], loss: 1.9001, hm_loss: 0.0000, loc_loss: 0.5416, loc_loss_elem: ['0.0961', '0.0824', '0.0802', '0.0562', '0.0620', '0.0716', '0.0395', '0.0537'], num_positive: 169.2000, roi_reg_loss: 0.6350, roi_cls_loss: 0.1817

2022-05-20 00:30:16,838 - INFO - Epoch [4/6][95/133]	lr: 0.00035, eta: 0:34:49, time: 6.929, data_time: 0.073, transfer_time: 0.100, forward_time: 6.408, loss_parse_time: 0.000 memory: 11634, 
2022-05-20 00:30:16,838 - INFO - task : ['VEHICLE', 'PEDESTRIAN', 'CYCLIST'], loss: 2.0515, hm_loss: 0.0000, loc_loss: 0.5835, loc_loss_elem: ['0.1044', '0.0866', '0.0827', '0.0539', '0.0523', '0.0682', '0.0620', '0.0734'], num_positive: 185.8000, roi_reg_loss: 0.6681, roi_cls_loss: 0.2165

2022-05-20 00:30:51,268 - INFO - Epoch [4/6][100/133]	lr: 0.00035, eta: 0:34:14, time: 6.886, data_time: 0.069, transfer_time: 0.100, forward_time: 6.360, loss_parse_time: 0.000 memory: 11634, 
2022-05-20 00:30:51,268 - INFO - task : ['VEHICLE', 'PEDESTRIAN', 'CYCLIST'], loss: 2.0802, hm_loss: 0.0000, loc_loss: 0.6232, loc_loss_elem: ['0.0996', '0.0853', '0.1005', '0.0572', '0.0664', '0.0770', '0.0514', '0.0858'], num_positive: 133.2000, roi_reg_loss: 0.6816, roi_cls_loss: 0.1522

2022-05-20 00:31:25,736 - INFO - Epoch [4/6][105/133]	lr: 0.00034, eta: 0:33:40, time: 6.894, data_time: 0.072, transfer_time: 0.099, forward_time: 6.382, loss_parse_time: 0.000 memory: 11634, 
2022-05-20 00:31:25,736 - INFO - task : ['VEHICLE', 'PEDESTRIAN', 'CYCLIST'], loss: 1.9652, hm_loss: 0.0000, loc_loss: 0.5740, loc_loss_elem: ['0.1025', '0.0823', '0.0787', '0.0561', '0.0612', '0.0690', '0.0576', '0.0667'], num_positive: 205.8000, roi_reg_loss: 0.5990, roi_cls_loss: 0.2181

2022-05-20 00:32:00,432 - INFO - Epoch [4/6][110/133]	lr: 0.00033, eta: 0:33:06, time: 6.939, data_time: 0.071, transfer_time: 0.096, forward_time: 6.404, loss_parse_time: 0.000 memory: 11634, 
2022-05-20 00:32:00,432 - INFO - task : ['VEHICLE', 'PEDESTRIAN', 'CYCLIST'], loss: 1.9882, hm_loss: 0.0000, loc_loss: 0.5855, loc_loss_elem: ['0.0954', '0.0821', '0.0891', '0.0566', '0.0623', '0.0685', '0.0640', '0.0675'], num_positive: 193.2000, roi_reg_loss: 0.6201, roi_cls_loss: 0.1971

2022-05-20 00:32:35,040 - INFO - Epoch [4/6][115/133]	lr: 0.00032, eta: 0:32:32, time: 6.919, data_time: 0.068, transfer_time: 0.100, forward_time: 6.370, loss_parse_time: 0.000 memory: 11634, 
2022-05-20 00:32:35,040 - INFO - task : ['VEHICLE', 'PEDESTRIAN', 'CYCLIST'], loss: 2.1105, hm_loss: 0.0000, loc_loss: 0.6231, loc_loss_elem: ['0.1008', '0.0844', '0.0881', '0.0566', '0.0659', '0.0690', '0.0754', '0.0828'], num_positive: 189.4000, roi_reg_loss: 0.6558, roi_cls_loss: 0.2085

2022-05-20 00:33:09,721 - INFO - Epoch [4/6][120/133]	lr: 0.00032, eta: 0:31:57, time: 6.939, data_time: 0.073, transfer_time: 0.103, forward_time: 6.393, loss_parse_time: 0.000 memory: 11634, 
2022-05-20 00:33:09,722 - INFO - task : ['VEHICLE', 'PEDESTRIAN', 'CYCLIST'], loss: 1.9171, hm_loss: 0.0000, loc_loss: 0.5753, loc_loss_elem: ['0.1041', '0.0797', '0.0802', '0.0598', '0.0714', '0.0691', '0.0505', '0.0605'], num_positive: 139.6000, roi_reg_loss: 0.6167, roi_cls_loss: 0.1498

2022-05-20 00:33:44,355 - INFO - Epoch [4/6][125/133]	lr: 0.00031, eta: 0:31:23, time: 6.927, data_time: 0.071, transfer_time: 0.098, forward_time: 6.381, loss_parse_time: 0.000 memory: 11634, 
2022-05-20 00:33:44,356 - INFO - task : ['VEHICLE', 'PEDESTRIAN', 'CYCLIST'], loss: 1.9777, hm_loss: 0.0000, loc_loss: 0.5876, loc_loss_elem: ['0.0971', '0.0868', '0.0874', '0.0566', '0.0606', '0.0683', '0.0491', '0.0816'], num_positive: 172.0000, roi_reg_loss: 0.6154, roi_cls_loss: 0.1871

2022-05-20 00:34:18,397 - INFO - Epoch [4/6][130/133]	lr: 0.00030, eta: 0:30:49, time: 6.808, data_time: 0.067, transfer_time: 0.096, forward_time: 6.300, loss_parse_time: 0.000 memory: 11634, 
2022-05-20 00:34:18,397 - INFO - task : ['VEHICLE', 'PEDESTRIAN', 'CYCLIST'], loss: 2.0053, hm_loss: 0.0000, loc_loss: 0.5848, loc_loss_elem: ['0.0973', '0.0842', '0.0845', '0.0581', '0.0626', '0.0723', '0.0521', '0.0739'], num_positive: 196.4000, roi_reg_loss: 0.6255, roi_cls_loss: 0.2100

2022-05-20 00:35:20,570 - INFO - Epoch [5/6][5/133]	lr: 0.00029, eta: 0:29:47, time: 8.235, data_time: 1.281, transfer_time: 0.110, forward_time: 6.480, loss_parse_time: 0.000 memory: 11634, 
2022-05-20 00:35:20,570 - INFO - task : ['VEHICLE', 'PEDESTRIAN', 'CYCLIST'], loss: 1.9682, hm_loss: 0.0000, loc_loss: 0.5874, loc_loss_elem: ['0.1000', '0.0847', '0.0791', '0.0630', '0.0669', '0.0694', '0.0575', '0.0668'], num_positive: 169.2000, roi_reg_loss: 0.6109, roi_cls_loss: 0.1824

2022-05-20 00:35:55,155 - INFO - Epoch [5/6][10/133]	lr: 0.00028, eta: 0:29:13, time: 6.919, data_time: 0.067, transfer_time: 0.099, forward_time: 6.389, loss_parse_time: 0.000 memory: 11634, 
2022-05-20 00:35:55,155 - INFO - task : ['VEHICLE', 'PEDESTRIAN', 'CYCLIST'], loss: 2.0234, hm_loss: 0.0000, loc_loss: 0.6255, loc_loss_elem: ['0.1056', '0.0851', '0.0805', '0.0599', '0.0708', '0.0782', '0.0663', '0.0793'], num_positive: 124.6000, roi_reg_loss: 0.6284, roi_cls_loss: 0.1439

2022-05-20 00:36:29,579 - INFO - Epoch [5/6][15/133]	lr: 0.00027, eta: 0:28:39, time: 6.885, data_time: 0.071, transfer_time: 0.096, forward_time: 6.364, loss_parse_time: 0.000 memory: 11634, 
2022-05-20 00:36:29,580 - INFO - task : ['VEHICLE', 'PEDESTRIAN', 'CYCLIST'], loss: 2.1728, hm_loss: 0.0000, loc_loss: 0.6727, loc_loss_elem: ['0.1065', '0.0899', '0.1172', '0.0571', '0.0576', '0.0741', '0.0796', '0.0906'], num_positive: 147.4000, roi_reg_loss: 0.6407, roi_cls_loss: 0.1867

2022-05-20 00:37:04,213 - INFO - Epoch [5/6][20/133]	lr: 0.00026, eta: 0:28:05, time: 6.927, data_time: 0.071, transfer_time: 0.096, forward_time: 6.402, loss_parse_time: 0.000 memory: 11634, 
2022-05-20 00:37:04,214 - INFO - task : ['VEHICLE', 'PEDESTRIAN', 'CYCLIST'], loss: 2.0548, hm_loss: 0.0000, loc_loss: 0.6021, loc_loss_elem: ['0.0970', '0.0892', '0.0918', '0.0565', '0.0561', '0.0735', '0.0619', '0.0760'], num_positive: 203.8000, roi_reg_loss: 0.6207, roi_cls_loss: 0.2300

2022-05-20 00:37:39,034 - INFO - Epoch [5/6][25/133]	lr: 0.00025, eta: 0:27:31, time: 6.963, data_time: 0.068, transfer_time: 0.100, forward_time: 6.426, loss_parse_time: 0.000 memory: 11634, 
2022-05-20 00:37:39,034 - INFO - task : ['VEHICLE', 'PEDESTRIAN', 'CYCLIST'], loss: 1.9292, hm_loss: 0.0000, loc_loss: 0.5729, loc_loss_elem: ['0.1044', '0.0829', '0.0842', '0.0542', '0.0573', '0.0723', '0.0505', '0.0672'], num_positive: 171.8000, roi_reg_loss: 0.6046, roi_cls_loss: 0.1789

2022-05-20 00:38:13,580 - INFO - Epoch [5/6][30/133]	lr: 0.00025, eta: 0:26:56, time: 6.910, data_time: 0.065, transfer_time: 0.100, forward_time: 6.385, loss_parse_time: 0.000 memory: 11634, 
2022-05-20 00:38:13,580 - INFO - task : ['VEHICLE', 'PEDESTRIAN', 'CYCLIST'], loss: 1.9557, hm_loss: 0.0000, loc_loss: 0.5767, loc_loss_elem: ['0.0933', '0.0812', '0.0808', '0.0630', '0.0665', '0.0627', '0.0625', '0.0667'], num_positive: 203.8000, roi_reg_loss: 0.6060, roi_cls_loss: 0.1963

2022-05-20 00:38:48,346 - INFO - Epoch [5/6][35/133]	lr: 0.00024, eta: 0:26:22, time: 6.951, data_time: 0.067, transfer_time: 0.098, forward_time: 6.411, loss_parse_time: 0.000 memory: 11634, 
2022-05-20 00:38:48,346 - INFO - task : ['VEHICLE', 'PEDESTRIAN', 'CYCLIST'], loss: 1.9719, hm_loss: 0.0000, loc_loss: 0.5983, loc_loss_elem: ['0.1099', '0.0846', '0.0981', '0.0547', '0.0596', '0.0774', '0.0519', '0.0622'], num_positive: 160.0000, roi_reg_loss: 0.6010, roi_cls_loss: 0.1744

2022-05-20 00:39:22,998 - INFO - Epoch [5/6][40/133]	lr: 0.00023, eta: 0:25:48, time: 6.933, data_time: 0.070, transfer_time: 0.099, forward_time: 6.408, loss_parse_time: 0.000 memory: 11634, 
2022-05-20 00:39:22,998 - INFO - task : ['VEHICLE', 'PEDESTRIAN', 'CYCLIST'], loss: 1.9433, hm_loss: 0.0000, loc_loss: 0.5777, loc_loss_elem: ['0.0967', '0.0807', '0.0809', '0.0544', '0.0560', '0.0656', '0.0632', '0.0802'], num_positive: 181.6000, roi_reg_loss: 0.5963, roi_cls_loss: 0.1916

2022-05-20 00:39:57,779 - INFO - Epoch [5/6][45/133]	lr: 0.00022, eta: 0:25:14, time: 6.956, data_time: 0.069, transfer_time: 0.099, forward_time: 6.403, loss_parse_time: 0.000 memory: 11738, 
2022-05-20 00:39:57,779 - INFO - task : ['VEHICLE', 'PEDESTRIAN', 'CYCLIST'], loss: 2.1106, hm_loss: 0.0000, loc_loss: 0.6313, loc_loss_elem: ['0.1048', '0.0914', '0.0879', '0.0607', '0.0654', '0.0720', '0.0694', '0.0796'], num_positive: 164.8000, roi_reg_loss: 0.6671, roi_cls_loss: 0.1809

2022-05-20 00:40:32,373 - INFO - Epoch [5/6][50/133]	lr: 0.00021, eta: 0:24:40, time: 6.919, data_time: 0.073, transfer_time: 0.101, forward_time: 6.393, loss_parse_time: 0.000 memory: 11738, 
2022-05-20 00:40:32,374 - INFO - task : ['VEHICLE', 'PEDESTRIAN', 'CYCLIST'], loss: 2.0915, hm_loss: 0.0000, loc_loss: 0.6432, loc_loss_elem: ['0.1056', '0.0928', '0.0977', '0.0615', '0.0641', '0.0777', '0.0613', '0.0824'], num_positive: 116.0000, roi_reg_loss: 0.6441, roi_cls_loss: 0.1611

2022-05-20 00:41:06,825 - INFO - Epoch [5/6][55/133]	lr: 0.00021, eta: 0:24:06, time: 6.890, data_time: 0.071, transfer_time: 0.100, forward_time: 6.359, loss_parse_time: 0.000 memory: 11738, 
2022-05-20 00:41:06,826 - INFO - task : ['VEHICLE', 'PEDESTRIAN', 'CYCLIST'], loss: 2.0523, hm_loss: 0.0000, loc_loss: 0.6062, loc_loss_elem: ['0.1036', '0.0896', '0.0815', '0.0556', '0.0558', '0.0702', '0.0581', '0.0918'], num_positive: 186.4000, roi_reg_loss: 0.6295, roi_cls_loss: 0.2105

2022-05-20 00:41:41,324 - INFO - Epoch [5/6][60/133]	lr: 0.00020, eta: 0:23:32, time: 6.900, data_time: 0.072, transfer_time: 0.100, forward_time: 6.361, loss_parse_time: 0.000 memory: 11738, 
2022-05-20 00:41:41,324 - INFO - task : ['VEHICLE', 'PEDESTRIAN', 'CYCLIST'], loss: 2.0414, hm_loss: 0.0000, loc_loss: 0.6133, loc_loss_elem: ['0.1135', '0.0880', '0.0899', '0.0535', '0.0574', '0.0737', '0.0641', '0.0733'], num_positive: 130.4000, roi_reg_loss: 0.6544, roi_cls_loss: 0.1603

2022-05-20 00:42:15,928 - INFO - Epoch [5/6][65/133]	lr: 0.00019, eta: 0:22:58, time: 6.921, data_time: 0.071, transfer_time: 0.099, forward_time: 6.396, loss_parse_time: 0.000 memory: 11738, 
2022-05-20 00:42:15,928 - INFO - task : ['VEHICLE', 'PEDESTRIAN', 'CYCLIST'], loss: 1.8545, hm_loss: 0.0000, loc_loss: 0.5501, loc_loss_elem: ['0.0979', '0.0792', '0.0729', '0.0567', '0.0584', '0.0693', '0.0482', '0.0675'], num_positive: 198.4000, roi_reg_loss: 0.5623, roi_cls_loss: 0.1920

2022-05-20 00:42:50,435 - INFO - Epoch [5/6][70/133]	lr: 0.00018, eta: 0:22:23, time: 6.901, data_time: 0.069, transfer_time: 0.100, forward_time: 6.365, loss_parse_time: 0.000 memory: 11738, 
2022-05-20 00:42:50,436 - INFO - task : ['VEHICLE', 'PEDESTRIAN', 'CYCLIST'], loss: 1.9868, hm_loss: 0.0000, loc_loss: 0.6092, loc_loss_elem: ['0.1017', '0.0884', '0.0801', '0.0548', '0.0608', '0.0775', '0.0550', '0.0909'], num_positive: 139.8000, roi_reg_loss: 0.6100, roi_cls_loss: 0.1584

2022-05-20 00:43:25,157 - INFO - Epoch [5/6][75/133]	lr: 0.00017, eta: 0:21:49, time: 6.944, data_time: 0.074, transfer_time: 0.100, forward_time: 6.408, loss_parse_time: 0.000 memory: 11738, 
2022-05-20 00:43:25,157 - INFO - task : ['VEHICLE', 'PEDESTRIAN', 'CYCLIST'], loss: 1.9033, hm_loss: 0.0000, loc_loss: 0.5631, loc_loss_elem: ['0.0990', '0.0869', '0.0795', '0.0558', '0.0586', '0.0686', '0.0453', '0.0695'], num_positive: 177.4000, roi_reg_loss: 0.5914, roi_cls_loss: 0.1857

2022-05-20 00:43:59,860 - INFO - Epoch [5/6][80/133]	lr: 0.00017, eta: 0:21:15, time: 6.941, data_time: 0.075, transfer_time: 0.103, forward_time: 6.396, loss_parse_time: 0.000 memory: 11738, 
2022-05-20 00:43:59,861 - INFO - task : ['VEHICLE', 'PEDESTRIAN', 'CYCLIST'], loss: 1.8638, hm_loss: 0.0000, loc_loss: 0.5474, loc_loss_elem: ['0.1013', '0.0751', '0.0772', '0.0601', '0.0635', '0.0678', '0.0425', '0.0598'], num_positive: 170.8000, roi_reg_loss: 0.5819, roi_cls_loss: 0.1872

2022-05-20 00:44:34,835 - INFO - Epoch [5/6][85/133]	lr: 0.00016, eta: 0:20:41, time: 6.995, data_time: 0.072, transfer_time: 0.102, forward_time: 6.430, loss_parse_time: 0.000 memory: 11738, 
2022-05-20 00:44:34,836 - INFO - task : ['VEHICLE', 'PEDESTRIAN', 'CYCLIST'], loss: 1.9618, hm_loss: 0.0000, loc_loss: 0.5839, loc_loss_elem: ['0.1078', '0.0824', '0.0795', '0.0572', '0.0634', '0.0731', '0.0484', '0.0720'], num_positive: 152.8000, roi_reg_loss: 0.6414, roi_cls_loss: 0.1526

2022-05-20 00:45:09,694 - INFO - Epoch [5/6][90/133]	lr: 0.00015, eta: 0:20:07, time: 6.972, data_time: 0.063, transfer_time: 0.098, forward_time: 6.425, loss_parse_time: 0.000 memory: 11849, 
2022-05-20 00:45:09,694 - INFO - task : ['VEHICLE', 'PEDESTRIAN', 'CYCLIST'], loss: 1.8578, hm_loss: 0.0000, loc_loss: 0.5553, loc_loss_elem: ['0.1008', '0.0753', '0.0800', '0.0519', '0.0582', '0.0613', '0.0540', '0.0738'], num_positive: 132.6000, roi_reg_loss: 0.6032, roi_cls_loss: 0.1441

2022-05-20 00:45:44,322 - INFO - Epoch [5/6][95/133]	lr: 0.00014, eta: 0:19:33, time: 6.926, data_time: 0.074, transfer_time: 0.098, forward_time: 6.413, loss_parse_time: 0.000 memory: 11849, 
2022-05-20 00:45:44,322 - INFO - task : ['VEHICLE', 'PEDESTRIAN', 'CYCLIST'], loss: 1.9023, hm_loss: 0.0000, loc_loss: 0.5700, loc_loss_elem: ['0.1056', '0.0860', '0.0929', '0.0529', '0.0546', '0.0722', '0.0472', '0.0586'], num_positive: 166.2000, roi_reg_loss: 0.5811, roi_cls_loss: 0.1812

2022-05-20 00:46:19,141 - INFO - Epoch [5/6][100/133]	lr: 0.00014, eta: 0:18:58, time: 6.964, data_time: 0.070, transfer_time: 0.101, forward_time: 6.426, loss_parse_time: 0.000 memory: 11849, 
2022-05-20 00:46:19,141 - INFO - task : ['VEHICLE', 'PEDESTRIAN', 'CYCLIST'], loss: 1.9344, hm_loss: 0.0000, loc_loss: 0.5851, loc_loss_elem: ['0.1017', '0.0805', '0.0847', '0.0600', '0.0616', '0.0665', '0.0598', '0.0703'], num_positive: 168.0000, roi_reg_loss: 0.6029, roi_cls_loss: 0.1614

2022-05-20 00:46:53,764 - INFO - Epoch [5/6][105/133]	lr: 0.00013, eta: 0:18:24, time: 6.925, data_time: 0.071, transfer_time: 0.101, forward_time: 6.389, loss_parse_time: 0.000 memory: 11849, 
2022-05-20 00:46:53,764 - INFO - task : ['VEHICLE', 'PEDESTRIAN', 'CYCLIST'], loss: 2.2047, hm_loss: 0.0000, loc_loss: 0.6676, loc_loss_elem: ['0.1105', '0.1043', '0.1131', '0.0559', '0.0559', '0.0828', '0.0672', '0.0780'], num_positive: 152.0000, roi_reg_loss: 0.6745, roi_cls_loss: 0.1949

2022-05-20 00:47:28,488 - INFO - Epoch [5/6][110/133]	lr: 0.00012, eta: 0:17:50, time: 6.945, data_time: 0.074, transfer_time: 0.101, forward_time: 6.402, loss_parse_time: 0.000 memory: 11849, 
2022-05-20 00:47:28,488 - INFO - task : ['VEHICLE', 'PEDESTRIAN', 'CYCLIST'], loss: 1.9224, hm_loss: 0.0000, loc_loss: 0.5633, loc_loss_elem: ['0.1030', '0.0826', '0.0806', '0.0568', '0.0580', '0.0662', '0.0543', '0.0618'], num_positive: 210.8000, roi_reg_loss: 0.5932, roi_cls_loss: 0.2026

2022-05-20 00:48:03,248 - INFO - Epoch [5/6][115/133]	lr: 0.00011, eta: 0:17:16, time: 6.952, data_time: 0.070, transfer_time: 0.101, forward_time: 6.413, loss_parse_time: 0.000 memory: 11849, 
2022-05-20 00:48:03,249 - INFO - task : ['VEHICLE', 'PEDESTRIAN', 'CYCLIST'], loss: 1.9902, hm_loss: 0.0000, loc_loss: 0.6096, loc_loss_elem: ['0.1070', '0.0844', '0.0739', '0.0559', '0.0617', '0.0693', '0.0602', '0.0972'], num_positive: 179.4000, roi_reg_loss: 0.5898, roi_cls_loss: 0.1812

2022-05-20 00:48:37,822 - INFO - Epoch [5/6][120/133]	lr: 0.00011, eta: 0:16:42, time: 6.915, data_time: 0.073, transfer_time: 0.101, forward_time: 6.387, loss_parse_time: 0.000 memory: 11849, 
2022-05-20 00:48:37,822 - INFO - task : ['VEHICLE', 'PEDESTRIAN', 'CYCLIST'], loss: 1.9059, hm_loss: 0.0000, loc_loss: 0.5618, loc_loss_elem: ['0.1039', '0.0817', '0.0811', '0.0541', '0.0589', '0.0637', '0.0562', '0.0621'], num_positive: 197.8000, roi_reg_loss: 0.5729, roi_cls_loss: 0.2094

2022-05-20 00:49:12,472 - INFO - Epoch [5/6][125/133]	lr: 0.00010, eta: 0:16:07, time: 6.930, data_time: 0.073, transfer_time: 0.101, forward_time: 6.384, loss_parse_time: 0.000 memory: 11849, 
2022-05-20 00:49:12,472 - INFO - task : ['VEHICLE', 'PEDESTRIAN', 'CYCLIST'], loss: 2.0809, hm_loss: 0.0000, loc_loss: 0.6365, loc_loss_elem: ['0.0966', '0.0843', '0.0866', '0.0625', '0.0635', '0.0712', '0.0793', '0.0923'], num_positive: 174.2000, roi_reg_loss: 0.6287, roi_cls_loss: 0.1792

2022-05-20 00:49:46,554 - INFO - Epoch [5/6][130/133]	lr: 0.00009, eta: 0:15:33, time: 6.816, data_time: 0.070, transfer_time: 0.099, forward_time: 6.287, loss_parse_time: 0.000 memory: 11849, 
2022-05-20 00:49:46,554 - INFO - task : ['VEHICLE', 'PEDESTRIAN', 'CYCLIST'], loss: 1.9965, hm_loss: 0.0000, loc_loss: 0.6011, loc_loss_elem: ['0.1108', '0.0851', '0.0935', '0.0568', '0.0551', '0.0712', '0.0666', '0.0620'], num_positive: 176.4000, roi_reg_loss: 0.6112, roi_cls_loss: 0.1831

2022-05-20 00:50:48,600 - INFO - Epoch [6/6][5/133]	lr: 0.00008, eta: 0:14:35, time: 8.216, data_time: 1.298, transfer_time: 0.105, forward_time: 6.448, loss_parse_time: 0.000 memory: 11849, 
2022-05-20 00:50:48,601 - INFO - task : ['VEHICLE', 'PEDESTRIAN', 'CYCLIST'], loss: 1.9812, hm_loss: 0.0000, loc_loss: 0.5916, loc_loss_elem: ['0.1080', '0.0931', '0.0864', '0.0539', '0.0515', '0.0781', '0.0561', '0.0644'], num_positive: 150.6000, roi_reg_loss: 0.6341, roi_cls_loss: 0.1639

2022-05-20 00:51:23,279 - INFO - Epoch [6/6][10/133]	lr: 0.00008, eta: 0:14:01, time: 6.936, data_time: 0.065, transfer_time: 0.098, forward_time: 6.412, loss_parse_time: 0.000 memory: 11849, 
2022-05-20 00:51:23,279 - INFO - task : ['VEHICLE', 'PEDESTRIAN', 'CYCLIST'], loss: 1.8694, hm_loss: 0.0000, loc_loss: 0.5633, loc_loss_elem: ['0.1010', '0.0812', '0.0804', '0.0552', '0.0559', '0.0663', '0.0505', '0.0729'], num_positive: 163.2000, roi_reg_loss: 0.5790, roi_cls_loss: 0.1637

2022-05-20 00:51:58,239 - INFO - Epoch [6/6][15/133]	lr: 0.00007, eta: 0:13:27, time: 6.992, data_time: 0.073, transfer_time: 0.104, forward_time: 6.438, loss_parse_time: 0.000 memory: 11849, 
2022-05-20 00:51:58,239 - INFO - task : ['VEHICLE', 'PEDESTRIAN', 'CYCLIST'], loss: 1.9575, hm_loss: 0.0000, loc_loss: 0.6064, loc_loss_elem: ['0.1022', '0.0904', '0.0847', '0.0592', '0.0625', '0.0775', '0.0601', '0.0697'], num_positive: 135.0000, roi_reg_loss: 0.5946, roi_cls_loss: 0.1502

2022-05-20 00:52:33,019 - INFO - Epoch [6/6][20/133]	lr: 0.00007, eta: 0:12:53, time: 6.956, data_time: 0.074, transfer_time: 0.102, forward_time: 6.395, loss_parse_time: 0.000 memory: 11849, 
2022-05-20 00:52:33,019 - INFO - task : ['VEHICLE', 'PEDESTRIAN', 'CYCLIST'], loss: 1.9787, hm_loss: 0.0000, loc_loss: 0.5982, loc_loss_elem: ['0.1072', '0.0891', '0.0948', '0.0570', '0.0622', '0.0775', '0.0494', '0.0610'], num_positive: 149.8000, roi_reg_loss: 0.6177, roi_cls_loss: 0.1646

2022-05-20 00:53:07,874 - INFO - Epoch [6/6][25/133]	lr: 0.00006, eta: 0:12:19, time: 6.969, data_time: 0.074, transfer_time: 0.107, forward_time: 6.398, loss_parse_time: 0.000 memory: 11849, 
2022-05-20 00:53:07,875 - INFO - task : ['VEHICLE', 'PEDESTRIAN', 'CYCLIST'], loss: 2.0180, hm_loss: 0.0000, loc_loss: 0.6284, loc_loss_elem: ['0.1081', '0.0888', '0.0851', '0.0569', '0.0592', '0.0689', '0.0698', '0.0917'], num_positive: 132.2000, roi_reg_loss: 0.6141, roi_cls_loss: 0.1471

2022-05-20 00:53:42,740 - INFO - Epoch [6/6][30/133]	lr: 0.00006, eta: 0:11:45, time: 6.976, data_time: 0.070, transfer_time: 0.099, forward_time: 6.426, loss_parse_time: 0.000 memory: 11849, 
2022-05-20 00:53:42,741 - INFO - task : ['VEHICLE', 'PEDESTRIAN', 'CYCLIST'], loss: 2.0496, hm_loss: 0.0000, loc_loss: 0.6173, loc_loss_elem: ['0.1015', '0.0924', '0.0988', '0.0517', '0.0506', '0.0788', '0.0614', '0.0821'], num_positive: 166.4000, roi_reg_loss: 0.6356, roi_cls_loss: 0.1793

2022-05-20 00:54:17,458 - INFO - Epoch [6/6][35/133]	lr: 0.00005, eta: 0:11:11, time: 6.944, data_time: 0.068, transfer_time: 0.096, forward_time: 6.419, loss_parse_time: 0.000 memory: 11849, 
2022-05-20 00:54:17,458 - INFO - task : ['VEHICLE', 'PEDESTRIAN', 'CYCLIST'], loss: 1.9267, hm_loss: 0.0000, loc_loss: 0.5897, loc_loss_elem: ['0.0959', '0.0813', '0.0934', '0.0587', '0.0642', '0.0650', '0.0578', '0.0733'], num_positive: 175.2000, roi_reg_loss: 0.5720, roi_cls_loss: 0.1754

2022-05-20 00:54:52,027 - INFO - Epoch [6/6][40/133]	lr: 0.00005, eta: 0:10:36, time: 6.914, data_time: 0.067, transfer_time: 0.098, forward_time: 6.399, loss_parse_time: 0.000 memory: 11849, 
2022-05-20 00:54:52,027 - INFO - task : ['VEHICLE', 'PEDESTRIAN', 'CYCLIST'], loss: 2.0603, hm_loss: 0.0000, loc_loss: 0.6269, loc_loss_elem: ['0.1000', '0.0917', '0.0960', '0.0582', '0.0629', '0.0741', '0.0593', '0.0847'], num_positive: 195.0000, roi_reg_loss: 0.5913, roi_cls_loss: 0.2151

2022-05-20 00:55:26,411 - INFO - Epoch [6/6][45/133]	lr: 0.00004, eta: 0:10:02, time: 6.877, data_time: 0.070, transfer_time: 0.099, forward_time: 6.352, loss_parse_time: 0.000 memory: 11849, 
2022-05-20 00:55:26,411 - INFO - task : ['VEHICLE', 'PEDESTRIAN', 'CYCLIST'], loss: 1.8202, hm_loss: 0.0000, loc_loss: 0.5534, loc_loss_elem: ['0.1018', '0.0812', '0.0794', '0.0566', '0.0577', '0.0684', '0.0456', '0.0625'], num_positive: 156.8000, roi_reg_loss: 0.5500, roi_cls_loss: 0.1634

2022-05-20 00:56:00,857 - INFO - Epoch [6/6][50/133]	lr: 0.00004, eta: 0:09:28, time: 6.889, data_time: 0.070, transfer_time: 0.098, forward_time: 6.377, loss_parse_time: 0.000 memory: 11849, 
2022-05-20 00:56:00,857 - INFO - task : ['VEHICLE', 'PEDESTRIAN', 'CYCLIST'], loss: 1.8973, hm_loss: 0.0000, loc_loss: 0.5673, loc_loss_elem: ['0.1017', '0.0821', '0.0813', '0.0560', '0.0564', '0.0695', '0.0531', '0.0672'], num_positive: 171.2000, roi_reg_loss: 0.5916, roi_cls_loss: 0.1712

2022-05-20 00:56:35,545 - INFO - Epoch [6/6][55/133]	lr: 0.00003, eta: 0:08:54, time: 6.938, data_time: 0.069, transfer_time: 0.101, forward_time: 6.408, loss_parse_time: 0.000 memory: 11849, 
2022-05-20 00:56:35,546 - INFO - task : ['VEHICLE', 'PEDESTRIAN', 'CYCLIST'], loss: 2.0210, hm_loss: 0.0000, loc_loss: 0.6093, loc_loss_elem: ['0.1050', '0.0881', '0.0965', '0.0534', '0.0569', '0.0741', '0.0563', '0.0790'], num_positive: 154.8000, roi_reg_loss: 0.6158, roi_cls_loss: 0.1865

2022-05-20 00:57:10,381 - INFO - Epoch [6/6][60/133]	lr: 0.00003, eta: 0:08:20, time: 6.967, data_time: 0.071, transfer_time: 0.101, forward_time: 6.429, loss_parse_time: 0.000 memory: 11849, 
2022-05-20 00:57:10,381 - INFO - task : ['VEHICLE', 'PEDESTRIAN', 'CYCLIST'], loss: 1.9909, hm_loss: 0.0000, loc_loss: 0.5990, loc_loss_elem: ['0.1089', '0.0888', '0.0932', '0.0536', '0.0535', '0.0776', '0.0503', '0.0732'], num_positive: 159.8000, roi_reg_loss: 0.6070, roi_cls_loss: 0.1859

2022-05-20 00:57:45,304 - INFO - Epoch [6/6][65/133]	lr: 0.00003, eta: 0:07:45, time: 6.985, data_time: 0.073, transfer_time: 0.101, forward_time: 6.433, loss_parse_time: 0.000 memory: 11849, 
2022-05-20 00:57:45,304 - INFO - task : ['VEHICLE', 'PEDESTRIAN', 'CYCLIST'], loss: 1.9357, hm_loss: 0.0000, loc_loss: 0.5829, loc_loss_elem: ['0.1079', '0.0831', '0.0810', '0.0580', '0.0638', '0.0633', '0.0516', '0.0742'], num_positive: 191.8000, roi_reg_loss: 0.5703, roi_cls_loss: 0.1996

2022-05-20 00:58:19,903 - INFO - Epoch [6/6][70/133]	lr: 0.00002, eta: 0:07:11, time: 6.920, data_time: 0.071, transfer_time: 0.101, forward_time: 6.388, loss_parse_time: 0.000 memory: 11849, 
2022-05-20 00:58:19,904 - INFO - task : ['VEHICLE', 'PEDESTRIAN', 'CYCLIST'], loss: 1.9831, hm_loss: 0.0000, loc_loss: 0.5939, loc_loss_elem: ['0.1064', '0.0888', '0.0852', '0.0582', '0.0597', '0.0678', '0.0463', '0.0815'], num_positive: 155.8000, roi_reg_loss: 0.6010, roi_cls_loss: 0.1944

2022-05-20 00:58:54,428 - INFO - Epoch [6/6][75/133]	lr: 0.00002, eta: 0:06:37, time: 6.905, data_time: 0.069, transfer_time: 0.098, forward_time: 6.384, loss_parse_time: 0.000 memory: 11849, 
2022-05-20 00:58:54,428 - INFO - task : ['VEHICLE', 'PEDESTRIAN', 'CYCLIST'], loss: 1.8804, hm_loss: 0.0000, loc_loss: 0.5692, loc_loss_elem: ['0.1024', '0.0784', '0.0742', '0.0605', '0.0675', '0.0677', '0.0578', '0.0607'], num_positive: 158.6000, roi_reg_loss: 0.5656, roi_cls_loss: 0.1764

2022-05-20 00:59:29,015 - INFO - Epoch [6/6][80/133]	lr: 0.00002, eta: 0:06:03, time: 6.917, data_time: 0.070, transfer_time: 0.098, forward_time: 6.393, loss_parse_time: 0.000 memory: 11849, 
2022-05-20 00:59:29,015 - INFO - task : ['VEHICLE', 'PEDESTRIAN', 'CYCLIST'], loss: 1.9707, hm_loss: 0.0000, loc_loss: 0.5952, loc_loss_elem: ['0.1100', '0.0901', '0.0907', '0.0516', '0.0552', '0.0769', '0.0478', '0.0728'], num_positive: 148.6000, roi_reg_loss: 0.5820, roi_cls_loss: 0.1983

2022-05-20 01:00:03,525 - INFO - Epoch [6/6][85/133]	lr: 0.00001, eta: 0:05:28, time: 6.902, data_time: 0.071, transfer_time: 0.098, forward_time: 6.381, loss_parse_time: 0.000 memory: 11849, 
2022-05-20 01:00:03,526 - INFO - task : ['VEHICLE', 'PEDESTRIAN', 'CYCLIST'], loss: 1.8782, hm_loss: 0.0000, loc_loss: 0.5746, loc_loss_elem: ['0.1048', '0.0802', '0.0820', '0.0559', '0.0636', '0.0706', '0.0513', '0.0661'], num_positive: 179.8000, roi_reg_loss: 0.5495, roi_cls_loss: 0.1796

2022-05-20 01:00:38,222 - INFO - Epoch [6/6][90/133]	lr: 0.00001, eta: 0:04:54, time: 6.939, data_time: 0.070, transfer_time: 0.097, forward_time: 6.408, loss_parse_time: 0.000 memory: 11849, 
2022-05-20 01:00:38,222 - INFO - task : ['VEHICLE', 'PEDESTRIAN', 'CYCLIST'], loss: 1.8372, hm_loss: 0.0000, loc_loss: 0.5528, loc_loss_elem: ['0.0963', '0.0846', '0.0858', '0.0539', '0.0560', '0.0705', '0.0519', '0.0540'], num_positive: 165.6000, roi_reg_loss: 0.5745, roi_cls_loss: 0.1571

2022-05-20 01:01:12,814 - INFO - Epoch [6/6][95/133]	lr: 0.00001, eta: 0:04:20, time: 6.918, data_time: 0.072, transfer_time: 0.102, forward_time: 6.371, loss_parse_time: 0.000 memory: 11849, 
2022-05-20 01:01:12,815 - INFO - task : ['VEHICLE', 'PEDESTRIAN', 'CYCLIST'], loss: 1.8513, hm_loss: 0.0000, loc_loss: 0.5768, loc_loss_elem: ['0.0944', '0.0798', '0.0910', '0.0564', '0.0637', '0.0708', '0.0666', '0.0540'], num_positive: 116.0000, roi_reg_loss: 0.5685, roi_cls_loss: 0.1292

2022-05-20 01:01:47,397 - INFO - Epoch [6/6][100/133]	lr: 0.00001, eta: 0:03:46, time: 6.917, data_time: 0.075, transfer_time: 0.102, forward_time: 6.387, loss_parse_time: 0.000 memory: 11849, 
2022-05-20 01:01:47,397 - INFO - task : ['VEHICLE', 'PEDESTRIAN', 'CYCLIST'], loss: 2.0856, hm_loss: 0.0000, loc_loss: 0.6293, loc_loss_elem: ['0.1017', '0.0909', '0.1009', '0.0581', '0.0601', '0.0718', '0.0665', '0.0793'], num_positive: 198.0000, roi_reg_loss: 0.6145, roi_cls_loss: 0.2126

2022-05-20 01:02:22,193 - INFO - Epoch [6/6][105/133]	lr: 0.00000, eta: 0:03:11, time: 6.959, data_time: 0.070, transfer_time: 0.102, forward_time: 6.424, loss_parse_time: 0.000 memory: 11849, 
2022-05-20 01:02:22,194 - INFO - task : ['VEHICLE', 'PEDESTRIAN', 'CYCLIST'], loss: 2.0063, hm_loss: 0.0000, loc_loss: 0.6285, loc_loss_elem: ['0.1075', '0.0845', '0.0842', '0.0601', '0.0590', '0.0763', '0.0769', '0.0800'], num_positive: 148.8000, roi_reg_loss: 0.5857, roi_cls_loss: 0.1637

2022-05-20 01:02:56,826 - INFO - Epoch [6/6][110/133]	lr: 0.00000, eta: 0:02:37, time: 6.926, data_time: 0.074, transfer_time: 0.099, forward_time: 6.386, loss_parse_time: 0.000 memory: 11849, 
2022-05-20 01:02:56,826 - INFO - task : ['VEHICLE', 'PEDESTRIAN', 'CYCLIST'], loss: 2.0049, hm_loss: 0.0000, loc_loss: 0.6029, loc_loss_elem: ['0.1021', '0.0895', '0.0897', '0.0583', '0.0587', '0.0745', '0.0558', '0.0742'], num_positive: 194.2000, roi_reg_loss: 0.6090, roi_cls_loss: 0.1900

2022-05-20 01:03:31,533 - INFO - Epoch [6/6][115/133]	lr: 0.00000, eta: 0:02:03, time: 6.942, data_time: 0.073, transfer_time: 0.099, forward_time: 6.395, loss_parse_time: 0.000 memory: 11849, 
2022-05-20 01:03:31,534 - INFO - task : ['VEHICLE', 'PEDESTRIAN', 'CYCLIST'], loss: 1.9007, hm_loss: 0.0000, loc_loss: 0.5757, loc_loss_elem: ['0.1063', '0.0791', '0.0824', '0.0567', '0.0611', '0.0715', '0.0471', '0.0714'], num_positive: 174.4000, roi_reg_loss: 0.5654, roi_cls_loss: 0.1839

2022-05-20 01:04:06,416 - INFO - Epoch [6/6][120/133]	lr: 0.00000, eta: 0:01:29, time: 6.976, data_time: 0.069, transfer_time: 0.102, forward_time: 6.418, loss_parse_time: 0.000 memory: 11849, 
2022-05-20 01:04:06,416 - INFO - task : ['VEHICLE', 'PEDESTRIAN', 'CYCLIST'], loss: 2.0580, hm_loss: 0.0000, loc_loss: 0.6496, loc_loss_elem: ['0.0973', '0.0921', '0.0877', '0.0638', '0.0674', '0.0678', '0.0697', '0.1038'], num_positive: 173.4000, roi_reg_loss: 0.5877, roi_cls_loss: 0.1711

2022-05-20 01:04:40,991 - INFO - Epoch [6/6][125/133]	lr: 0.00000, eta: 0:00:54, time: 6.915, data_time: 0.076, transfer_time: 0.101, forward_time: 6.360, loss_parse_time: 0.000 memory: 11849, 
2022-05-20 01:04:40,992 - INFO - task : ['VEHICLE', 'PEDESTRIAN', 'CYCLIST'], loss: 1.8617, hm_loss: 0.0000, loc_loss: 0.5702, loc_loss_elem: ['0.0997', '0.0796', '0.0927', '0.0567', '0.0612', '0.0701', '0.0477', '0.0624'], num_positive: 167.2000, roi_reg_loss: 0.5646, roi_cls_loss: 0.1567

2022-05-20 01:05:15,320 - INFO - Epoch [6/6][130/133]	lr: 0.00000, eta: 0:00:20, time: 6.866, data_time: 0.075, transfer_time: 0.097, forward_time: 6.303, loss_parse_time: 0.000 memory: 11849, 
2022-05-20 01:05:15,320 - INFO - task : ['VEHICLE', 'PEDESTRIAN', 'CYCLIST'], loss: 1.9646, hm_loss: 0.0000, loc_loss: 0.5764, loc_loss_elem: ['0.1043', '0.0824', '0.0839', '0.0583', '0.0516', '0.0682', '0.0645', '0.0632'], num_positive: 191.4000, roi_reg_loss: 0.6080, roi_cls_loss: 0.2038

