2022-04-29 16:45:44,966 - INFO - Start running, host: root@38c34f86dda2, work_dir: /code/CenterPoint/work_dirs/waymo_centerpoint_voxelnet_two_stage_bev_5point_ft_6epoch_freeze_fusion
2022-04-29 16:45:44,966 - INFO - workflow: [('train', 1)], max: 6 epochs
2022-04-29 16:46:40,147 - INFO - Epoch [1/6][5/100]	lr: 0.00005, eta: 1:49:26, time: 11.035, data_time: 1.315, transfer_time: 0.096, forward_time: 9.179, loss_parse_time: 0.000 memory: 12242, 
2022-04-29 16:46:40,147 - INFO - task : ['VEHICLE', 'PEDESTRIAN', 'CYCLIST'], loss: 2.7681, hm_loss: 0.0000, loc_loss: 0.5882, loc_loss_elem: ['0.1038', '0.0824', '0.0797', '0.0571', '0.0626', '0.0653', '0.0605', '0.0768'], num_positive: 270.4000, roi_reg_loss: 0.9259, roi_cls_loss: 0.6658

2022-04-29 16:47:28,604 - INFO - Epoch [1/6][10/100]	lr: 0.00005, eta: 1:41:54, time: 9.690, data_time: 0.090, transfer_time: 0.101, forward_time: 9.078, loss_parse_time: 0.000 memory: 12242, 
2022-04-29 16:47:28,604 - INFO - task : ['VEHICLE', 'PEDESTRIAN', 'CYCLIST'], loss: 2.8038, hm_loss: 0.0000, loc_loss: 0.6557, loc_loss_elem: ['0.1128', '0.0876', '0.0987', '0.0587', '0.0608', '0.0805', '0.0739', '0.0828'], num_positive: 219.8000, roi_reg_loss: 0.9439, roi_cls_loss: 0.5485

2022-04-29 16:48:17,225 - INFO - Epoch [1/6][15/100]	lr: 0.00005, eta: 1:38:57, time: 9.724, data_time: 0.085, transfer_time: 0.098, forward_time: 9.115, loss_parse_time: 0.000 memory: 12242, 
2022-04-29 16:48:17,225 - INFO - task : ['VEHICLE', 'PEDESTRIAN', 'CYCLIST'], loss: 2.7242, hm_loss: 0.0000, loc_loss: 0.6485, loc_loss_elem: ['0.1045', '0.0965', '0.1159', '0.0534', '0.0501', '0.0868', '0.0524', '0.0889'], num_positive: 185.8000, roi_reg_loss: 0.9279, roi_cls_loss: 0.4993

2022-04-29 16:49:05,739 - INFO - Epoch [1/6][20/100]	lr: 0.00006, eta: 1:37:02, time: 9.704, data_time: 0.094, transfer_time: 0.101, forward_time: 9.072, loss_parse_time: 0.000 memory: 12242, 
2022-04-29 16:49:05,740 - INFO - task : ['VEHICLE', 'PEDESTRIAN', 'CYCLIST'], loss: 2.6760, hm_loss: 0.0000, loc_loss: 0.6321, loc_loss_elem: ['0.1050', '0.0862', '0.0879', '0.0578', '0.0602', '0.0776', '0.0669', '0.0904'], num_positive: 227.6000, roi_reg_loss: 0.9369, roi_cls_loss: 0.4749

2022-04-29 16:49:54,661 - INFO - Epoch [1/6][25/100]	lr: 0.00006, eta: 1:35:42, time: 9.782, data_time: 0.084, transfer_time: 0.098, forward_time: 9.161, loss_parse_time: 0.000 memory: 13352, 
2022-04-29 16:49:54,661 - INFO - task : ['VEHICLE', 'PEDESTRIAN', 'CYCLIST'], loss: 2.6552, hm_loss: 0.0000, loc_loss: 0.6434, loc_loss_elem: ['0.0995', '0.0866', '0.0982', '0.0589', '0.0636', '0.0791', '0.0717', '0.0859'], num_positive: 246.2000, roi_reg_loss: 0.9105, roi_cls_loss: 0.4578

2022-04-29 16:50:43,419 - INFO - Epoch [1/6][30/100]	lr: 0.00007, eta: 1:34:30, time: 9.752, data_time: 0.090, transfer_time: 0.103, forward_time: 9.109, loss_parse_time: 0.000 memory: 13352, 
2022-04-29 16:50:43,420 - INFO - task : ['VEHICLE', 'PEDESTRIAN', 'CYCLIST'], loss: 2.5599, hm_loss: 0.0000, loc_loss: 0.6030, loc_loss_elem: ['0.1063', '0.0850', '0.0926', '0.0537', '0.0579', '0.0794', '0.0571', '0.0709'], num_positive: 184.0000, roi_reg_loss: 0.9504, roi_cls_loss: 0.4035

2022-04-29 16:51:32,230 - INFO - Epoch [1/6][35/100]	lr: 0.00007, eta: 1:33:25, time: 9.763, data_time: 0.083, transfer_time: 0.099, forward_time: 9.123, loss_parse_time: 0.000 memory: 13352, 
2022-04-29 16:51:32,230 - INFO - task : ['VEHICLE', 'PEDESTRIAN', 'CYCLIST'], loss: 2.5658, hm_loss: 0.0000, loc_loss: 0.6152, loc_loss_elem: ['0.1066', '0.0872', '0.0964', '0.0587', '0.0616', '0.0766', '0.0588', '0.0693'], num_positive: 222.2000, roi_reg_loss: 0.9242, roi_cls_loss: 0.4112

2022-04-29 16:52:20,984 - INFO - Epoch [1/6][40/100]	lr: 0.00008, eta: 1:32:24, time: 9.752, data_time: 0.082, transfer_time: 0.100, forward_time: 9.106, loss_parse_time: 0.000 memory: 13352, 
2022-04-29 16:52:20,984 - INFO - task : ['VEHICLE', 'PEDESTRIAN', 'CYCLIST'], loss: 2.6859, hm_loss: 0.0000, loc_loss: 0.6573, loc_loss_elem: ['0.1044', '0.0863', '0.0831', '0.0618', '0.0673', '0.0716', '0.0889', '0.0938'], num_positive: 220.6000, roi_reg_loss: 0.9661, roi_cls_loss: 0.4052

2022-04-29 16:53:09,828 - INFO - Epoch [1/6][45/100]	lr: 0.00009, eta: 1:31:26, time: 9.767, data_time: 0.084, transfer_time: 0.099, forward_time: 9.137, loss_parse_time: 0.000 memory: 13352, 
2022-04-29 16:53:09,829 - INFO - task : ['VEHICLE', 'PEDESTRIAN', 'CYCLIST'], loss: 2.5169, hm_loss: 0.0000, loc_loss: 0.6250, loc_loss_elem: ['0.1084', '0.0872', '0.0847', '0.0552', '0.0578', '0.0796', '0.0615', '0.0905'], num_positive: 171.6000, roi_reg_loss: 0.9334, roi_cls_loss: 0.3335

2022-04-29 16:53:58,597 - INFO - Epoch [1/6][50/100]	lr: 0.00009, eta: 1:30:29, time: 9.756, data_time: 0.088, transfer_time: 0.102, forward_time: 9.127, loss_parse_time: 0.000 memory: 13352, 
2022-04-29 16:53:58,597 - INFO - task : ['VEHICLE', 'PEDESTRIAN', 'CYCLIST'], loss: 2.5404, hm_loss: 0.0000, loc_loss: 0.6162, loc_loss_elem: ['0.1128', '0.0899', '0.0888', '0.0563', '0.0588', '0.0769', '0.0591', '0.0736'], num_positive: 224.8000, roi_reg_loss: 0.9540, roi_cls_loss: 0.3541

2022-04-29 16:54:47,834 - INFO - Epoch [1/6][55/100]	lr: 0.00010, eta: 1:29:39, time: 9.845, data_time: 0.086, transfer_time: 0.102, forward_time: 9.185, loss_parse_time: 0.000 memory: 13352, 
2022-04-29 16:54:47,834 - INFO - task : ['VEHICLE', 'PEDESTRIAN', 'CYCLIST'], loss: 2.4900, hm_loss: 0.0000, loc_loss: 0.5955, loc_loss_elem: ['0.1077', '0.0800', '0.0791', '0.0594', '0.0642', '0.0692', '0.0626', '0.0734'], num_positive: 229.2000, roi_reg_loss: 0.9358, roi_cls_loss: 0.3632

2022-04-29 16:55:36,626 - INFO - Epoch [1/6][60/100]	lr: 0.00011, eta: 1:28:44, time: 9.759, data_time: 0.093, transfer_time: 0.099, forward_time: 9.116, loss_parse_time: 0.000 memory: 13352, 
2022-04-29 16:55:36,626 - INFO - task : ['VEHICLE', 'PEDESTRIAN', 'CYCLIST'], loss: 2.5297, hm_loss: 0.0000, loc_loss: 0.6136, loc_loss_elem: ['0.1018', '0.0856', '0.0868', '0.0594', '0.0628', '0.0732', '0.0647', '0.0793'], num_positive: 246.8000, roi_reg_loss: 0.9350, roi_cls_loss: 0.3674

2022-04-29 16:56:25,747 - INFO - Epoch [1/6][65/100]	lr: 0.00012, eta: 1:27:54, time: 9.825, data_time: 0.094, transfer_time: 0.099, forward_time: 9.153, loss_parse_time: 0.000 memory: 13352, 
2022-04-29 16:56:25,748 - INFO - task : ['VEHICLE', 'PEDESTRIAN', 'CYCLIST'], loss: 2.4243, hm_loss: 0.0000, loc_loss: 0.5866, loc_loss_elem: ['0.1043', '0.0806', '0.0819', '0.0567', '0.0601', '0.0671', '0.0589', '0.0769'], num_positive: 239.6000, roi_reg_loss: 0.8968, roi_cls_loss: 0.3543

2022-04-29 16:57:14,880 - INFO - Epoch [1/6][70/100]	lr: 0.00014, eta: 1:27:03, time: 9.827, data_time: 0.090, transfer_time: 0.101, forward_time: 9.189, loss_parse_time: 0.000 memory: 13352, 
2022-04-29 16:57:14,880 - INFO - task : ['VEHICLE', 'PEDESTRIAN', 'CYCLIST'], loss: 2.4886, hm_loss: 0.0000, loc_loss: 0.6137, loc_loss_elem: ['0.1020', '0.0854', '0.0799', '0.0594', '0.0647', '0.0696', '0.0743', '0.0785'], num_positive: 252.0000, roi_reg_loss: 0.9232, roi_cls_loss: 0.3379

2022-04-29 16:58:04,092 - INFO - Epoch [1/6][75/100]	lr: 0.00015, eta: 1:26:13, time: 9.841, data_time: 0.079, transfer_time: 0.098, forward_time: 9.231, loss_parse_time: 0.000 memory: 13352, 
2022-04-29 16:58:04,093 - INFO - task : ['VEHICLE', 'PEDESTRIAN', 'CYCLIST'], loss: 2.4356, hm_loss: 0.0000, loc_loss: 0.6013, loc_loss_elem: ['0.1067', '0.0835', '0.0965', '0.0515', '0.0566', '0.0776', '0.0537', '0.0753'], num_positive: 212.0000, roi_reg_loss: 0.9261, roi_cls_loss: 0.3069

2022-04-29 16:58:53,106 - INFO - Epoch [1/6][80/100]	lr: 0.00016, eta: 1:25:22, time: 9.804, data_time: 0.083, transfer_time: 0.104, forward_time: 9.177, loss_parse_time: 0.000 memory: 13352, 
2022-04-29 16:58:53,106 - INFO - task : ['VEHICLE', 'PEDESTRIAN', 'CYCLIST'], loss: 2.2992, hm_loss: 0.0000, loc_loss: 0.5755, loc_loss_elem: ['0.1012', '0.0806', '0.0859', '0.0569', '0.0584', '0.0723', '0.0510', '0.0690'], num_positive: 201.4000, roi_reg_loss: 0.8789, roi_cls_loss: 0.2693

2022-04-29 16:59:42,279 - INFO - Epoch [1/6][85/100]	lr: 0.00017, eta: 1:24:33, time: 9.835, data_time: 0.089, transfer_time: 0.103, forward_time: 9.178, loss_parse_time: 0.000 memory: 13352, 
2022-04-29 16:59:42,279 - INFO - task : ['VEHICLE', 'PEDESTRIAN', 'CYCLIST'], loss: 2.5650, hm_loss: 0.0000, loc_loss: 0.6595, loc_loss_elem: ['0.1131', '0.0900', '0.0900', '0.0625', '0.0715', '0.0815', '0.0634', '0.0874'], num_positive: 220.0000, roi_reg_loss: 0.9409, roi_cls_loss: 0.3052

2022-04-29 17:00:30,844 - INFO - Epoch [1/6][90/100]	lr: 0.00019, eta: 1:23:39, time: 9.711, data_time: 0.084, transfer_time: 0.099, forward_time: 9.082, loss_parse_time: 0.000 memory: 13352, 
2022-04-29 17:00:30,844 - INFO - task : ['VEHICLE', 'PEDESTRIAN', 'CYCLIST'], loss: 2.3902, hm_loss: 0.0000, loc_loss: 0.5978, loc_loss_elem: ['0.1025', '0.0834', '0.0794', '0.0604', '0.0637', '0.0719', '0.0623', '0.0744'], num_positive: 230.6000, roi_reg_loss: 0.9085, roi_cls_loss: 0.2862

2022-04-29 17:01:19,767 - INFO - Epoch [1/6][95/100]	lr: 0.00020, eta: 1:22:49, time: 9.787, data_time: 0.084, transfer_time: 0.101, forward_time: 9.152, loss_parse_time: 0.000 memory: 13352, 
2022-04-29 17:01:19,767 - INFO - task : ['VEHICLE', 'PEDESTRIAN', 'CYCLIST'], loss: 2.3719, hm_loss: 0.0000, loc_loss: 0.5802, loc_loss_elem: ['0.1095', '0.0833', '0.0786', '0.0563', '0.0607', '0.0696', '0.0489', '0.0734'], num_positive: 213.8000, roi_reg_loss: 0.9329, roi_cls_loss: 0.2787

2022-04-29 17:02:08,536 - INFO - Epoch [1/6][100/100]	lr: 0.00021, eta: 1:21:57, time: 9.752, data_time: 0.078, transfer_time: 0.099, forward_time: 9.100, loss_parse_time: 0.000 memory: 13652, 
2022-04-29 17:02:08,537 - INFO - task : ['VEHICLE', 'PEDESTRIAN', 'CYCLIST'], loss: 2.4262, hm_loss: 0.0000, loc_loss: 0.6182, loc_loss_elem: ['0.1052', '0.0817', '0.0765', '0.0636', '0.0686', '0.0705', '0.0725', '0.0796'], num_positive: 249.0000, roi_reg_loss: 0.8933, roi_cls_loss: 0.2966

2022-04-29 17:03:04,492 - INFO - Epoch [2/6][5/100]	lr: 0.00023, eta: 1:21:37, time: 11.082, data_time: 1.278, transfer_time: 0.099, forward_time: 9.270, loss_parse_time: 0.000 memory: 13652, 
2022-04-29 17:03:04,493 - INFO - task : ['VEHICLE', 'PEDESTRIAN', 'CYCLIST'], loss: 2.3893, hm_loss: 0.0000, loc_loss: 0.6110, loc_loss_elem: ['0.1050', '0.0812', '0.0857', '0.0583', '0.0647', '0.0731', '0.0628', '0.0802'], num_positive: 236.4000, roi_reg_loss: 0.8929, roi_cls_loss: 0.2743

2022-04-29 17:03:53,427 - INFO - Epoch [2/6][10/100]	lr: 0.00024, eta: 1:20:46, time: 9.787, data_time: 0.078, transfer_time: 0.097, forward_time: 9.172, loss_parse_time: 0.000 memory: 13652, 
2022-04-29 17:03:53,427 - INFO - task : ['VEHICLE', 'PEDESTRIAN', 'CYCLIST'], loss: 2.3862, hm_loss: 0.0000, loc_loss: 0.6021, loc_loss_elem: ['0.1186', '0.0865', '0.0949', '0.0526', '0.0541', '0.0719', '0.0528', '0.0707'], num_positive: 183.8000, roi_reg_loss: 0.9524, roi_cls_loss: 0.2297

2022-04-29 17:04:42,431 - INFO - Epoch [2/6][15/100]	lr: 0.00026, eta: 1:19:54, time: 9.799, data_time: 0.080, transfer_time: 0.097, forward_time: 9.188, loss_parse_time: 0.000 memory: 13652, 
2022-04-29 17:04:42,431 - INFO - task : ['VEHICLE', 'PEDESTRIAN', 'CYCLIST'], loss: 2.4119, hm_loss: 0.0000, loc_loss: 0.6079, loc_loss_elem: ['0.1014', '0.0796', '0.0746', '0.0625', '0.0713', '0.0690', '0.0675', '0.0820'], num_positive: 255.6000, roi_reg_loss: 0.8953, roi_cls_loss: 0.3009

2022-04-29 17:05:31,593 - INFO - Epoch [2/6][20/100]	lr: 0.00027, eta: 1:19:04, time: 9.832, data_time: 0.084, transfer_time: 0.097, forward_time: 9.200, loss_parse_time: 0.000 memory: 13652, 
2022-04-29 17:05:31,593 - INFO - task : ['VEHICLE', 'PEDESTRIAN', 'CYCLIST'], loss: 2.4181, hm_loss: 0.0000, loc_loss: 0.6199, loc_loss_elem: ['0.1092', '0.0898', '0.0922', '0.0579', '0.0613', '0.0769', '0.0539', '0.0786'], num_positive: 227.4000, roi_reg_loss: 0.8958, roi_cls_loss: 0.2826

2022-04-29 17:06:20,734 - INFO - Epoch [2/6][25/100]	lr: 0.00029, eta: 1:18:13, time: 9.830, data_time: 0.083, transfer_time: 0.098, forward_time: 9.192, loss_parse_time: 0.000 memory: 13652, 
2022-04-29 17:06:20,734 - INFO - task : ['VEHICLE', 'PEDESTRIAN', 'CYCLIST'], loss: 2.3895, hm_loss: 0.0000, loc_loss: 0.6225, loc_loss_elem: ['0.0993', '0.0804', '0.0746', '0.0641', '0.0699', '0.0698', '0.0783', '0.0861'], num_positive: 261.4000, roi_reg_loss: 0.8582, roi_cls_loss: 0.2862

2022-04-29 17:07:09,621 - INFO - Epoch [2/6][30/100]	lr: 0.00030, eta: 1:17:22, time: 9.776, data_time: 0.087, transfer_time: 0.097, forward_time: 9.142, loss_parse_time: 0.000 memory: 13652, 
2022-04-29 17:07:09,621 - INFO - task : ['VEHICLE', 'PEDESTRIAN', 'CYCLIST'], loss: 2.4496, hm_loss: 0.0000, loc_loss: 0.6694, loc_loss_elem: ['0.1047', '0.0925', '0.0946', '0.0618', '0.0691', '0.0792', '0.0765', '0.0910'], num_positive: 212.6000, roi_reg_loss: 0.8541, roi_cls_loss: 0.2568

2022-04-29 17:07:58,598 - INFO - Epoch [2/6][35/100]	lr: 0.00032, eta: 1:16:31, time: 9.796, data_time: 0.080, transfer_time: 0.100, forward_time: 9.171, loss_parse_time: 0.000 memory: 13652, 
2022-04-29 17:07:58,598 - INFO - task : ['VEHICLE', 'PEDESTRIAN', 'CYCLIST'], loss: 2.3269, hm_loss: 0.0000, loc_loss: 0.6081, loc_loss_elem: ['0.1035', '0.0827', '0.0816', '0.0600', '0.0664', '0.0699', '0.0682', '0.0758'], num_positive: 215.8000, roi_reg_loss: 0.8502, roi_cls_loss: 0.2604

2022-04-29 17:08:47,163 - INFO - Epoch [2/6][40/100]	lr: 0.00033, eta: 1:15:39, time: 9.711, data_time: 0.087, transfer_time: 0.099, forward_time: 9.087, loss_parse_time: 0.000 memory: 13652, 
2022-04-29 17:08:47,163 - INFO - task : ['VEHICLE', 'PEDESTRIAN', 'CYCLIST'], loss: 2.3447, hm_loss: 0.0000, loc_loss: 0.6036, loc_loss_elem: ['0.1018', '0.0831', '0.0829', '0.0578', '0.0574', '0.0667', '0.0638', '0.0901'], num_positive: 240.8000, roi_reg_loss: 0.8619, roi_cls_loss: 0.2757

2022-04-29 17:09:36,314 - INFO - Epoch [2/6][45/100]	lr: 0.00034, eta: 1:14:49, time: 9.830, data_time: 0.087, transfer_time: 0.097, forward_time: 9.184, loss_parse_time: 0.000 memory: 13652, 
2022-04-29 17:09:36,314 - INFO - task : ['VEHICLE', 'PEDESTRIAN', 'CYCLIST'], loss: 2.3152, hm_loss: 0.0000, loc_loss: 0.5782, loc_loss_elem: ['0.0983', '0.0872', '0.0827', '0.0593', '0.0608', '0.0660', '0.0513', '0.0724'], num_positive: 267.2000, roi_reg_loss: 0.8685, roi_cls_loss: 0.2903

2022-04-29 17:10:25,471 - INFO - Epoch [2/6][50/100]	lr: 0.00036, eta: 1:13:59, time: 9.834, data_time: 0.084, transfer_time: 0.096, forward_time: 9.205, loss_parse_time: 0.000 memory: 13652, 
2022-04-29 17:10:25,471 - INFO - task : ['VEHICLE', 'PEDESTRIAN', 'CYCLIST'], loss: 2.3926, hm_loss: 0.0000, loc_loss: 0.6370, loc_loss_elem: ['0.1091', '0.0895', '0.1061', '0.0601', '0.0630', '0.0717', '0.0596', '0.0780'], num_positive: 182.4000, roi_reg_loss: 0.8785, roi_cls_loss: 0.2400

2022-04-29 17:11:14,603 - INFO - Epoch [2/6][55/100]	lr: 0.00037, eta: 1:13:09, time: 9.826, data_time: 0.089, transfer_time: 0.098, forward_time: 9.197, loss_parse_time: 0.000 memory: 13652, 
2022-04-29 17:11:14,604 - INFO - task : ['VEHICLE', 'PEDESTRIAN', 'CYCLIST'], loss: 2.2318, hm_loss: 0.0000, loc_loss: 0.5476, loc_loss_elem: ['0.1118', '0.0812', '0.0714', '0.0567', '0.0542', '0.0628', '0.0412', '0.0683'], num_positive: 252.0000, roi_reg_loss: 0.8634, roi_cls_loss: 0.2732

2022-04-29 17:12:03,502 - INFO - Epoch [2/6][60/100]	lr: 0.00038, eta: 1:12:19, time: 9.778, data_time: 0.084, transfer_time: 0.094, forward_time: 9.168, loss_parse_time: 0.000 memory: 13652, 
2022-04-29 17:12:03,502 - INFO - task : ['VEHICLE', 'PEDESTRIAN', 'CYCLIST'], loss: 2.3645, hm_loss: 0.0000, loc_loss: 0.6330, loc_loss_elem: ['0.1075', '0.0917', '0.0913', '0.0597', '0.0632', '0.0746', '0.0647', '0.0802'], num_positive: 224.2000, roi_reg_loss: 0.8432, roi_cls_loss: 0.2554

2022-04-29 17:12:52,325 - INFO - Epoch [2/6][65/100]	lr: 0.00040, eta: 1:11:28, time: 9.767, data_time: 0.090, transfer_time: 0.101, forward_time: 9.137, loss_parse_time: 0.000 memory: 13652, 
2022-04-29 17:12:52,325 - INFO - task : ['VEHICLE', 'PEDESTRIAN', 'CYCLIST'], loss: 2.3266, hm_loss: 0.0000, loc_loss: 0.6268, loc_loss_elem: ['0.1025', '0.0818', '0.0837', '0.0607', '0.0668', '0.0744', '0.0722', '0.0846'], num_positive: 214.0000, roi_reg_loss: 0.8323, roi_cls_loss: 0.2408

2022-04-29 17:13:41,595 - INFO - Epoch [2/6][70/100]	lr: 0.00041, eta: 1:10:39, time: 9.854, data_time: 0.086, transfer_time: 0.099, forward_time: 9.214, loss_parse_time: 0.000 memory: 13652, 
2022-04-29 17:13:41,595 - INFO - task : ['VEHICLE', 'PEDESTRIAN', 'CYCLIST'], loss: 2.1341, hm_loss: 0.0000, loc_loss: 0.5522, loc_loss_elem: ['0.1092', '0.0801', '0.0763', '0.0513', '0.0506', '0.0755', '0.0531', '0.0560'], num_positive: 171.6000, roi_reg_loss: 0.8226, roi_cls_loss: 0.2071

2022-04-29 17:14:30,497 - INFO - Epoch [2/6][75/100]	lr: 0.00042, eta: 1:09:49, time: 9.780, data_time: 0.085, transfer_time: 0.097, forward_time: 9.151, loss_parse_time: 0.000 memory: 13652, 
2022-04-29 17:14:30,497 - INFO - task : ['VEHICLE', 'PEDESTRIAN', 'CYCLIST'], loss: 2.1731, hm_loss: 0.0000, loc_loss: 0.5608, loc_loss_elem: ['0.0996', '0.0869', '0.0854', '0.0538', '0.0555', '0.0678', '0.0427', '0.0692'], num_positive: 246.0000, roi_reg_loss: 0.7902, roi_cls_loss: 0.2612

2022-04-29 17:15:19,488 - INFO - Epoch [2/6][80/100]	lr: 0.00043, eta: 1:08:59, time: 9.798, data_time: 0.088, transfer_time: 0.096, forward_time: 9.174, loss_parse_time: 0.000 memory: 13652, 
2022-04-29 17:15:19,488 - INFO - task : ['VEHICLE', 'PEDESTRIAN', 'CYCLIST'], loss: 2.1803, hm_loss: 0.0000, loc_loss: 0.5826, loc_loss_elem: ['0.1082', '0.0854', '0.0848', '0.0565', '0.0523', '0.0738', '0.0442', '0.0774'], num_positive: 171.0000, roi_reg_loss: 0.8190, roi_cls_loss: 0.1962

2022-04-29 17:16:08,166 - INFO - Epoch [2/6][85/100]	lr: 0.00044, eta: 1:08:08, time: 9.735, data_time: 0.077, transfer_time: 0.100, forward_time: 9.105, loss_parse_time: 0.000 memory: 13652, 
2022-04-29 17:16:08,167 - INFO - task : ['VEHICLE', 'PEDESTRIAN', 'CYCLIST'], loss: 2.2755, hm_loss: 0.0000, loc_loss: 0.6278, loc_loss_elem: ['0.1048', '0.0879', '0.0927', '0.0573', '0.0576', '0.0727', '0.0747', '0.0803'], num_positive: 206.6000, roi_reg_loss: 0.7906, roi_cls_loss: 0.2293

2022-04-29 17:16:56,678 - INFO - Epoch [2/6][90/100]	lr: 0.00045, eta: 1:07:17, time: 9.703, data_time: 0.090, transfer_time: 0.097, forward_time: 9.081, loss_parse_time: 0.000 memory: 13652, 
2022-04-29 17:16:56,679 - INFO - task : ['VEHICLE', 'PEDESTRIAN', 'CYCLIST'], loss: 2.2746, hm_loss: 0.0000, loc_loss: 0.6253, loc_loss_elem: ['0.1023', '0.0903', '0.1004', '0.0552', '0.0548', '0.0725', '0.0717', '0.0782'], num_positive: 182.6000, roi_reg_loss: 0.7991, roi_cls_loss: 0.2248

2022-04-29 17:17:45,464 - INFO - Epoch [2/6][95/100]	lr: 0.00046, eta: 1:06:27, time: 9.755, data_time: 0.083, transfer_time: 0.101, forward_time: 9.118, loss_parse_time: 0.000 memory: 13652, 
2022-04-29 17:17:45,465 - INFO - task : ['VEHICLE', 'PEDESTRIAN', 'CYCLIST'], loss: 2.3378, hm_loss: 0.0000, loc_loss: 0.6536, loc_loss_elem: ['0.1068', '0.0843', '0.1018', '0.0606', '0.0677', '0.0745', '0.0713', '0.0868'], num_positive: 195.4000, roi_reg_loss: 0.8082, roi_cls_loss: 0.2223

2022-04-29 17:18:34,019 - INFO - Epoch [2/6][100/100]	lr: 0.00047, eta: 1:05:36, time: 9.713, data_time: 0.084, transfer_time: 0.097, forward_time: 9.088, loss_parse_time: 0.000 memory: 13652, 
2022-04-29 17:18:34,019 - INFO - task : ['VEHICLE', 'PEDESTRIAN', 'CYCLIST'], loss: 2.2117, hm_loss: 0.0000, loc_loss: 0.6061, loc_loss_elem: ['0.1030', '0.0882', '0.0854', '0.0595', '0.0606', '0.0704', '0.0683', '0.0707'], num_positive: 207.4000, roi_reg_loss: 0.7877, roi_cls_loss: 0.2118

2022-04-29 17:19:30,155 - INFO - Epoch [3/6][5/100]	lr: 0.00048, eta: 1:05:00, time: 11.120, data_time: 1.268, transfer_time: 0.098, forward_time: 9.313, loss_parse_time: 0.000 memory: 13652, 
2022-04-29 17:19:30,155 - INFO - task : ['VEHICLE', 'PEDESTRIAN', 'CYCLIST'], loss: 2.1085, hm_loss: 0.0000, loc_loss: 0.5594, loc_loss_elem: ['0.1101', '0.0852', '0.0867', '0.0545', '0.0590', '0.0701', '0.0431', '0.0507'], num_positive: 212.0000, roi_reg_loss: 0.7705, roi_cls_loss: 0.2191

2022-04-29 17:20:19,164 - INFO - Epoch [3/6][10/100]	lr: 0.00048, eta: 1:04:10, time: 9.800, data_time: 0.085, transfer_time: 0.099, forward_time: 9.172, loss_parse_time: 0.000 memory: 13652, 
2022-04-29 17:20:19,164 - INFO - task : ['VEHICLE', 'PEDESTRIAN', 'CYCLIST'], loss: 2.1259, hm_loss: 0.0000, loc_loss: 0.5810, loc_loss_elem: ['0.1035', '0.0841', '0.0787', '0.0585', '0.0574', '0.0682', '0.0550', '0.0755'], num_positive: 204.2000, roi_reg_loss: 0.7407, roi_cls_loss: 0.2232

2022-04-29 17:21:07,810 - INFO - Epoch [3/6][15/100]	lr: 0.00049, eta: 1:03:19, time: 9.731, data_time: 0.079, transfer_time: 0.097, forward_time: 9.107, loss_parse_time: 0.000 memory: 13652, 
2022-04-29 17:21:07,810 - INFO - task : ['VEHICLE', 'PEDESTRIAN', 'CYCLIST'], loss: 2.2032, hm_loss: 0.0000, loc_loss: 0.5980, loc_loss_elem: ['0.0980', '0.0818', '0.0848', '0.0595', '0.0658', '0.0679', '0.0615', '0.0788'], num_positive: 259.0000, roi_reg_loss: 0.7365, roi_cls_loss: 0.2707

2022-04-29 17:21:56,982 - INFO - Epoch [3/6][20/100]	lr: 0.00049, eta: 1:02:29, time: 9.832, data_time: 0.086, transfer_time: 0.094, forward_time: 9.208, loss_parse_time: 0.000 memory: 13652, 
2022-04-29 17:21:56,982 - INFO - task : ['VEHICLE', 'PEDESTRIAN', 'CYCLIST'], loss: 2.1027, hm_loss: 0.0000, loc_loss: 0.5640, loc_loss_elem: ['0.1008', '0.0772', '0.0742', '0.0556', '0.0620', '0.0678', '0.0560', '0.0704'], num_positive: 264.4000, roi_reg_loss: 0.7243, roi_cls_loss: 0.2503

2022-04-29 17:22:45,769 - INFO - Epoch [3/6][25/100]	lr: 0.00050, eta: 1:01:39, time: 9.760, data_time: 0.094, transfer_time: 0.097, forward_time: 9.132, loss_parse_time: 0.000 memory: 13652, 
2022-04-29 17:22:45,769 - INFO - task : ['VEHICLE', 'PEDESTRIAN', 'CYCLIST'], loss: 2.2256, hm_loss: 0.0000, loc_loss: 0.6235, loc_loss_elem: ['0.1021', '0.0903', '0.0907', '0.0584', '0.0606', '0.0725', '0.0682', '0.0808'], num_positive: 187.8000, roi_reg_loss: 0.7578, roi_cls_loss: 0.2207

2022-04-29 17:23:34,990 - INFO - Epoch [3/6][30/100]	lr: 0.00050, eta: 1:00:50, time: 9.844, data_time: 0.080, transfer_time: 0.099, forward_time: 9.230, loss_parse_time: 0.000 memory: 13652, 
2022-04-29 17:23:34,990 - INFO - task : ['VEHICLE', 'PEDESTRIAN', 'CYCLIST'], loss: 2.2130, hm_loss: 0.0000, loc_loss: 0.6149, loc_loss_elem: ['0.1031', '0.0776', '0.0934', '0.0620', '0.0701', '0.0723', '0.0675', '0.0688'], num_positive: 217.2000, roi_reg_loss: 0.7671, roi_cls_loss: 0.2161

2022-04-29 17:24:23,614 - INFO - Epoch [3/6][35/100]	lr: 0.00050, eta: 0:59:59, time: 9.725, data_time: 0.084, transfer_time: 0.097, forward_time: 9.096, loss_parse_time: 0.000 memory: 13652, 
2022-04-29 17:24:23,614 - INFO - task : ['VEHICLE', 'PEDESTRIAN', 'CYCLIST'], loss: 2.1928, hm_loss: 0.0000, loc_loss: 0.5869, loc_loss_elem: ['0.0995', '0.0813', '0.0825', '0.0598', '0.0651', '0.0694', '0.0591', '0.0702'], num_positive: 294.0000, roi_reg_loss: 0.7361, roi_cls_loss: 0.2829

2022-04-29 17:25:12,135 - INFO - Epoch [3/6][40/100]	lr: 0.00050, eta: 0:59:09, time: 9.704, data_time: 0.082, transfer_time: 0.103, forward_time: 9.058, loss_parse_time: 0.000 memory: 13652, 
2022-04-29 17:25:12,136 - INFO - task : ['VEHICLE', 'PEDESTRIAN', 'CYCLIST'], loss: 2.1441, hm_loss: 0.0000, loc_loss: 0.5842, loc_loss_elem: ['0.1033', '0.0860', '0.0843', '0.0580', '0.0581', '0.0679', '0.0612', '0.0654'], num_positive: 214.6000, roi_reg_loss: 0.7400, roi_cls_loss: 0.2357

2022-04-29 17:26:01,139 - INFO - Epoch [3/6][45/100]	lr: 0.00050, eta: 0:58:19, time: 9.801, data_time: 0.089, transfer_time: 0.098, forward_time: 9.170, loss_parse_time: 0.000 memory: 13652, 
2022-04-29 17:26:01,139 - INFO - task : ['VEHICLE', 'PEDESTRIAN', 'CYCLIST'], loss: 2.1257, hm_loss: 0.0000, loc_loss: 0.5916, loc_loss_elem: ['0.1027', '0.0843', '0.0843', '0.0572', '0.0557', '0.0732', '0.0565', '0.0776'], num_positive: 204.8000, roi_reg_loss: 0.7260, roi_cls_loss: 0.2166

2022-04-29 17:26:50,282 - INFO - Epoch [3/6][50/100]	lr: 0.00050, eta: 0:57:29, time: 9.828, data_time: 0.083, transfer_time: 0.098, forward_time: 9.179, loss_parse_time: 0.000 memory: 13652, 
2022-04-29 17:26:50,282 - INFO - task : ['VEHICLE', 'PEDESTRIAN', 'CYCLIST'], loss: 2.2417, hm_loss: 0.0000, loc_loss: 0.6231, loc_loss_elem: ['0.1069', '0.0865', '0.0887', '0.0566', '0.0649', '0.0726', '0.0623', '0.0846'], num_positive: 203.4000, roi_reg_loss: 0.7693, roi_cls_loss: 0.2261

2022-04-29 17:27:39,142 - INFO - Epoch [3/6][55/100]	lr: 0.00050, eta: 0:56:40, time: 9.772, data_time: 0.087, transfer_time: 0.097, forward_time: 9.151, loss_parse_time: 0.000 memory: 13652, 
2022-04-29 17:27:39,143 - INFO - task : ['VEHICLE', 'PEDESTRIAN', 'CYCLIST'], loss: 2.2518, hm_loss: 0.0000, loc_loss: 0.6178, loc_loss_elem: ['0.1072', '0.0877', '0.0909', '0.0591', '0.0579', '0.0712', '0.0602', '0.0835'], num_positive: 220.2000, roi_reg_loss: 0.7615, roi_cls_loss: 0.2547

2022-04-29 17:28:27,925 - INFO - Epoch [3/6][60/100]	lr: 0.00050, eta: 0:55:50, time: 9.756, data_time: 0.086, transfer_time: 0.098, forward_time: 9.123, loss_parse_time: 0.000 memory: 13652, 
2022-04-29 17:28:27,925 - INFO - task : ['VEHICLE', 'PEDESTRIAN', 'CYCLIST'], loss: 2.1139, hm_loss: 0.0000, loc_loss: 0.5723, loc_loss_elem: ['0.1016', '0.0788', '0.0759', '0.0586', '0.0577', '0.0633', '0.0592', '0.0772'], num_positive: 251.2000, roi_reg_loss: 0.7250, roi_cls_loss: 0.2443

2022-04-29 17:29:16,543 - INFO - Epoch [3/6][65/100]	lr: 0.00049, eta: 0:55:00, time: 9.724, data_time: 0.077, transfer_time: 0.097, forward_time: 9.112, loss_parse_time: 0.000 memory: 13652, 
2022-04-29 17:29:16,543 - INFO - task : ['VEHICLE', 'PEDESTRIAN', 'CYCLIST'], loss: 2.1622, hm_loss: 0.0000, loc_loss: 0.5790, loc_loss_elem: ['0.1051', '0.0873', '0.0975', '0.0557', '0.0537', '0.0707', '0.0490', '0.0601'], num_positive: 233.8000, roi_reg_loss: 0.7564, roi_cls_loss: 0.2478

2022-04-29 17:30:05,412 - INFO - Epoch [3/6][70/100]	lr: 0.00049, eta: 0:54:10, time: 9.774, data_time: 0.084, transfer_time: 0.096, forward_time: 9.134, loss_parse_time: 0.000 memory: 13652, 
2022-04-29 17:30:05,413 - INFO - task : ['VEHICLE', 'PEDESTRIAN', 'CYCLIST'], loss: 2.1179, hm_loss: 0.0000, loc_loss: 0.5986, loc_loss_elem: ['0.0974', '0.0809', '0.0867', '0.0567', '0.0611', '0.0692', '0.0671', '0.0795'], num_positive: 214.6000, roi_reg_loss: 0.7112, roi_cls_loss: 0.2094

2022-04-29 17:30:54,239 - INFO - Epoch [3/6][75/100]	lr: 0.00049, eta: 0:53:20, time: 9.765, data_time: 0.080, transfer_time: 0.100, forward_time: 9.143, loss_parse_time: 0.000 memory: 13652, 
2022-04-29 17:30:54,239 - INFO - task : ['VEHICLE', 'PEDESTRIAN', 'CYCLIST'], loss: 2.1668, hm_loss: 0.0000, loc_loss: 0.5932, loc_loss_elem: ['0.1025', '0.0875', '0.0860', '0.0578', '0.0558', '0.0671', '0.0622', '0.0743'], num_positive: 250.4000, roi_reg_loss: 0.7397, roi_cls_loss: 0.2407

2022-04-29 17:31:42,977 - INFO - Epoch [3/6][80/100]	lr: 0.00049, eta: 0:52:30, time: 9.747, data_time: 0.089, transfer_time: 0.097, forward_time: 9.119, loss_parse_time: 0.000 memory: 13652, 
2022-04-29 17:31:42,978 - INFO - task : ['VEHICLE', 'PEDESTRIAN', 'CYCLIST'], loss: 2.1746, hm_loss: 0.0000, loc_loss: 0.6150, loc_loss_elem: ['0.1000', '0.0850', '0.0936', '0.0586', '0.0559', '0.0821', '0.0695', '0.0702'], num_positive: 163.2000, roi_reg_loss: 0.7672, roi_cls_loss: 0.1774

2022-04-29 17:32:32,424 - INFO - Epoch [3/6][85/100]	lr: 0.00048, eta: 0:51:41, time: 9.890, data_time: 0.093, transfer_time: 0.099, forward_time: 9.207, loss_parse_time: 0.000 memory: 13652, 
2022-04-29 17:32:32,424 - INFO - task : ['VEHICLE', 'PEDESTRIAN', 'CYCLIST'], loss: 2.1279, hm_loss: 0.0000, loc_loss: 0.5814, loc_loss_elem: ['0.1121', '0.0875', '0.0851', '0.0541', '0.0530', '0.0702', '0.0512', '0.0682'], num_positive: 222.6000, roi_reg_loss: 0.7371, roi_cls_loss: 0.2280

2022-04-29 17:33:21,055 - INFO - Epoch [3/6][90/100]	lr: 0.00048, eta: 0:50:51, time: 9.725, data_time: 0.079, transfer_time: 0.101, forward_time: 9.112, loss_parse_time: 0.000 memory: 13652, 
2022-04-29 17:33:21,055 - INFO - task : ['VEHICLE', 'PEDESTRIAN', 'CYCLIST'], loss: 2.0480, hm_loss: 0.0000, loc_loss: 0.5680, loc_loss_elem: ['0.1041', '0.0813', '0.0757', '0.0590', '0.0624', '0.0672', '0.0554', '0.0630'], num_positive: 262.2000, roi_reg_loss: 0.6748, roi_cls_loss: 0.2372

2022-04-29 17:34:09,540 - INFO - Epoch [3/6][95/100]	lr: 0.00047, eta: 0:50:01, time: 9.698, data_time: 0.084, transfer_time: 0.096, forward_time: 9.085, loss_parse_time: 0.000 memory: 13652, 
2022-04-29 17:34:09,540 - INFO - task : ['VEHICLE', 'PEDESTRIAN', 'CYCLIST'], loss: 2.1056, hm_loss: 0.0000, loc_loss: 0.6028, loc_loss_elem: ['0.1031', '0.0832', '0.0893', '0.0581', '0.0640', '0.0730', '0.0560', '0.0759'], num_positive: 228.2000, roi_reg_loss: 0.6799, roi_cls_loss: 0.2202

2022-04-29 17:34:57,668 - INFO - Epoch [3/6][100/100]	lr: 0.00047, eta: 0:49:11, time: 9.625, data_time: 0.079, transfer_time: 0.095, forward_time: 9.004, loss_parse_time: 0.000 memory: 13652, 
2022-04-29 17:34:57,669 - INFO - task : ['VEHICLE', 'PEDESTRIAN', 'CYCLIST'], loss: 2.2533, hm_loss: 0.0000, loc_loss: 0.6271, loc_loss_elem: ['0.1100', '0.0882', '0.0907', '0.0568', '0.0597', '0.0771', '0.0630', '0.0815'], num_positive: 207.6000, roi_reg_loss: 0.7627, roi_cls_loss: 0.2366

2022-04-29 17:35:53,636 - INFO - Epoch [4/6][5/100]	lr: 0.00046, eta: 0:48:28, time: 11.077, data_time: 1.260, transfer_time: 0.098, forward_time: 9.250, loss_parse_time: 0.000 memory: 13652, 
2022-04-29 17:35:53,637 - INFO - task : ['VEHICLE', 'PEDESTRIAN', 'CYCLIST'], loss: 2.1407, hm_loss: 0.0000, loc_loss: 0.6103, loc_loss_elem: ['0.1003', '0.0867', '0.0874', '0.0577', '0.0601', '0.0753', '0.0620', '0.0808'], num_positive: 227.0000, roi_reg_loss: 0.6936, roi_cls_loss: 0.2264

2022-04-29 17:36:42,657 - INFO - Epoch [4/6][10/100]	lr: 0.00046, eta: 0:47:38, time: 9.804, data_time: 0.088, transfer_time: 0.096, forward_time: 9.167, loss_parse_time: 0.000 memory: 13652, 
2022-04-29 17:36:42,657 - INFO - task : ['VEHICLE', 'PEDESTRIAN', 'CYCLIST'], loss: 2.0780, hm_loss: 0.0000, loc_loss: 0.5815, loc_loss_elem: ['0.1015', '0.0821', '0.0821', '0.0585', '0.0605', '0.0720', '0.0503', '0.0746'], num_positive: 226.2000, roi_reg_loss: 0.7008, roi_cls_loss: 0.2141

2022-04-29 17:37:31,425 - INFO - Epoch [4/6][15/100]	lr: 0.00045, eta: 0:46:49, time: 9.754, data_time: 0.088, transfer_time: 0.095, forward_time: 9.131, loss_parse_time: 0.000 memory: 13652, 
2022-04-29 17:37:31,425 - INFO - task : ['VEHICLE', 'PEDESTRIAN', 'CYCLIST'], loss: 2.2332, hm_loss: 0.0000, loc_loss: 0.6372, loc_loss_elem: ['0.1023', '0.0866', '0.0905', '0.0609', '0.0634', '0.0778', '0.0704', '0.0853'], num_positive: 235.0000, roi_reg_loss: 0.7113, roi_cls_loss: 0.2475

2022-04-29 17:38:20,385 - INFO - Epoch [4/6][20/100]	lr: 0.00044, eta: 0:45:59, time: 9.792, data_time: 0.089, transfer_time: 0.098, forward_time: 9.145, loss_parse_time: 0.000 memory: 13652, 
2022-04-29 17:38:20,385 - INFO - task : ['VEHICLE', 'PEDESTRIAN', 'CYCLIST'], loss: 2.0281, hm_loss: 0.0000, loc_loss: 0.5787, loc_loss_elem: ['0.1029', '0.0805', '0.0782', '0.0554', '0.0616', '0.0659', '0.0578', '0.0763'], num_positive: 221.8000, roi_reg_loss: 0.6508, roi_cls_loss: 0.2199

2022-04-29 17:39:09,409 - INFO - Epoch [4/6][25/100]	lr: 0.00044, eta: 0:45:10, time: 9.805, data_time: 0.084, transfer_time: 0.098, forward_time: 9.185, loss_parse_time: 0.000 memory: 13652, 
2022-04-29 17:39:09,409 - INFO - task : ['VEHICLE', 'PEDESTRIAN', 'CYCLIST'], loss: 2.0940, hm_loss: 0.0000, loc_loss: 0.5933, loc_loss_elem: ['0.1061', '0.0845', '0.0854', '0.0603', '0.0612', '0.0701', '0.0521', '0.0736'], num_positive: 202.8000, roi_reg_loss: 0.6934, roi_cls_loss: 0.2140

2022-04-29 17:39:57,998 - INFO - Epoch [4/6][30/100]	lr: 0.00043, eta: 0:44:20, time: 9.716, data_time: 0.084, transfer_time: 0.097, forward_time: 9.073, loss_parse_time: 0.000 memory: 13652, 
2022-04-29 17:39:57,998 - INFO - task : ['VEHICLE', 'PEDESTRIAN', 'CYCLIST'], loss: 2.0527, hm_loss: 0.0000, loc_loss: 0.5891, loc_loss_elem: ['0.1008', '0.0825', '0.0839', '0.0574', '0.0628', '0.0682', '0.0645', '0.0690'], num_positive: 169.2000, roi_reg_loss: 0.6827, roi_cls_loss: 0.1919

2022-04-29 17:40:46,662 - INFO - Epoch [4/6][35/100]	lr: 0.00042, eta: 0:43:30, time: 9.735, data_time: 0.083, transfer_time: 0.099, forward_time: 9.086, loss_parse_time: 0.000 memory: 13652, 
2022-04-29 17:40:46,663 - INFO - task : ['VEHICLE', 'PEDESTRIAN', 'CYCLIST'], loss: 2.1751, hm_loss: 0.0000, loc_loss: 0.6304, loc_loss_elem: ['0.1054', '0.0878', '0.0875', '0.0591', '0.0668', '0.0707', '0.0745', '0.0786'], num_positive: 197.0000, roi_reg_loss: 0.7149, roi_cls_loss: 0.1994

2022-04-29 17:41:35,530 - INFO - Epoch [4/6][40/100]	lr: 0.00041, eta: 0:42:40, time: 9.771, data_time: 0.082, transfer_time: 0.096, forward_time: 9.139, loss_parse_time: 0.000 memory: 13652, 
2022-04-29 17:41:35,530 - INFO - task : ['VEHICLE', 'PEDESTRIAN', 'CYCLIST'], loss: 2.0534, hm_loss: 0.0000, loc_loss: 0.5755, loc_loss_elem: ['0.1069', '0.0784', '0.0825', '0.0575', '0.0602', '0.0737', '0.0517', '0.0645'], num_positive: 231.6000, roi_reg_loss: 0.6711, roi_cls_loss: 0.2313

2022-04-29 17:42:24,362 - INFO - Epoch [4/6][45/100]	lr: 0.00040, eta: 0:41:51, time: 9.769, data_time: 0.083, transfer_time: 0.098, forward_time: 9.160, loss_parse_time: 0.000 memory: 13652, 
2022-04-29 17:42:24,363 - INFO - task : ['VEHICLE', 'PEDESTRIAN', 'CYCLIST'], loss: 2.1246, hm_loss: 0.0000, loc_loss: 0.5898, loc_loss_elem: ['0.1068', '0.0822', '0.0807', '0.0603', '0.0603', '0.0673', '0.0578', '0.0743'], num_positive: 259.4000, roi_reg_loss: 0.7027, roi_cls_loss: 0.2424

2022-04-29 17:43:13,035 - INFO - Epoch [4/6][50/100]	lr: 0.00040, eta: 0:41:01, time: 9.734, data_time: 0.080, transfer_time: 0.097, forward_time: 9.103, loss_parse_time: 0.000 memory: 13652, 
2022-04-29 17:43:13,036 - INFO - task : ['VEHICLE', 'PEDESTRIAN', 'CYCLIST'], loss: 2.1417, hm_loss: 0.0000, loc_loss: 0.5932, loc_loss_elem: ['0.1047', '0.0849', '0.0818', '0.0607', '0.0621', '0.0659', '0.0510', '0.0821'], num_positive: 236.8000, roi_reg_loss: 0.7044, roi_cls_loss: 0.2508

2022-04-29 17:44:01,693 - INFO - Epoch [4/6][55/100]	lr: 0.00039, eta: 0:40:12, time: 9.731, data_time: 0.077, transfer_time: 0.099, forward_time: 9.126, loss_parse_time: 0.000 memory: 13652, 
2022-04-29 17:44:01,694 - INFO - task : ['VEHICLE', 'PEDESTRIAN', 'CYCLIST'], loss: 2.0154, hm_loss: 0.0000, loc_loss: 0.5809, loc_loss_elem: ['0.1027', '0.0803', '0.0812', '0.0586', '0.0617', '0.0730', '0.0568', '0.0666'], num_positive: 214.0000, roi_reg_loss: 0.6526, roi_cls_loss: 0.2009

2022-04-29 17:44:50,214 - INFO - Epoch [4/6][60/100]	lr: 0.00038, eta: 0:39:22, time: 9.704, data_time: 0.084, transfer_time: 0.099, forward_time: 9.065, loss_parse_time: 0.000 memory: 13652, 
2022-04-29 17:44:50,214 - INFO - task : ['VEHICLE', 'PEDESTRIAN', 'CYCLIST'], loss: 2.0860, hm_loss: 0.0000, loc_loss: 0.5803, loc_loss_elem: ['0.1069', '0.0839', '0.0886', '0.0530', '0.0598', '0.0733', '0.0510', '0.0640'], num_positive: 208.4000, roi_reg_loss: 0.7164, roi_cls_loss: 0.2090

2022-04-29 17:45:38,900 - INFO - Epoch [4/6][65/100]	lr: 0.00037, eta: 0:38:32, time: 9.735, data_time: 0.082, transfer_time: 0.098, forward_time: 9.105, loss_parse_time: 0.000 memory: 13652, 
2022-04-29 17:45:38,900 - INFO - task : ['VEHICLE', 'PEDESTRIAN', 'CYCLIST'], loss: 1.9316, hm_loss: 0.0000, loc_loss: 0.5593, loc_loss_elem: ['0.1030', '0.0746', '0.0836', '0.0542', '0.0560', '0.0693', '0.0596', '0.0590'], num_positive: 183.2000, roi_reg_loss: 0.6371, roi_cls_loss: 0.1760

2022-04-29 17:46:27,410 - INFO - Epoch [4/6][70/100]	lr: 0.00036, eta: 0:37:43, time: 9.704, data_time: 0.084, transfer_time: 0.099, forward_time: 9.079, loss_parse_time: 0.000 memory: 13652, 
2022-04-29 17:46:27,410 - INFO - task : ['VEHICLE', 'PEDESTRIAN', 'CYCLIST'], loss: 1.9348, hm_loss: 0.0000, loc_loss: 0.5466, loc_loss_elem: ['0.0990', '0.0835', '0.0790', '0.0534', '0.0518', '0.0648', '0.0491', '0.0659'], num_positive: 185.2000, roi_reg_loss: 0.6551, roi_cls_loss: 0.1866

2022-04-29 17:47:16,273 - INFO - Epoch [4/6][75/100]	lr: 0.00035, eta: 0:36:53, time: 9.772, data_time: 0.081, transfer_time: 0.098, forward_time: 9.154, loss_parse_time: 0.000 memory: 13652, 
2022-04-29 17:47:16,274 - INFO - task : ['VEHICLE', 'PEDESTRIAN', 'CYCLIST'], loss: 2.0702, hm_loss: 0.0000, loc_loss: 0.5820, loc_loss_elem: ['0.1086', '0.0843', '0.0931', '0.0569', '0.0569', '0.0640', '0.0525', '0.0656'], num_positive: 241.0000, roi_reg_loss: 0.6529, roi_cls_loss: 0.2534

2022-04-29 17:48:05,229 - INFO - Epoch [4/6][80/100]	lr: 0.00034, eta: 0:36:04, time: 9.789, data_time: 0.080, transfer_time: 0.096, forward_time: 9.182, loss_parse_time: 0.000 memory: 13652, 
2022-04-29 17:48:05,229 - INFO - task : ['VEHICLE', 'PEDESTRIAN', 'CYCLIST'], loss: 2.0949, hm_loss: 0.0000, loc_loss: 0.5982, loc_loss_elem: ['0.0982', '0.0837', '0.0840', '0.0597', '0.0634', '0.0731', '0.0540', '0.0821'], num_positive: 241.0000, roi_reg_loss: 0.6592, roi_cls_loss: 0.2393

2022-04-29 17:48:53,836 - INFO - Epoch [4/6][85/100]	lr: 0.00033, eta: 0:35:14, time: 9.722, data_time: 0.083, transfer_time: 0.099, forward_time: 9.103, loss_parse_time: 0.000 memory: 13652, 
2022-04-29 17:48:53,836 - INFO - task : ['VEHICLE', 'PEDESTRIAN', 'CYCLIST'], loss: 1.9194, hm_loss: 0.0000, loc_loss: 0.5540, loc_loss_elem: ['0.1056', '0.0801', '0.0788', '0.0525', '0.0524', '0.0667', '0.0474', '0.0705'], num_positive: 220.4000, roi_reg_loss: 0.6157, roi_cls_loss: 0.1959

2022-04-29 17:49:42,729 - INFO - Epoch [4/6][90/100]	lr: 0.00032, eta: 0:34:25, time: 9.781, data_time: 0.084, transfer_time: 0.099, forward_time: 9.166, loss_parse_time: 0.000 memory: 13652, 
2022-04-29 17:49:42,730 - INFO - task : ['VEHICLE', 'PEDESTRIAN', 'CYCLIST'], loss: 2.0311, hm_loss: 0.0000, loc_loss: 0.5628, loc_loss_elem: ['0.0989', '0.0893', '0.0940', '0.0510', '0.0506', '0.0724', '0.0471', '0.0594'], num_positive: 238.4000, roi_reg_loss: 0.6687, roi_cls_loss: 0.2369

2022-04-29 17:50:31,530 - INFO - Epoch [4/6][95/100]	lr: 0.00031, eta: 0:33:36, time: 9.760, data_time: 0.086, transfer_time: 0.096, forward_time: 9.125, loss_parse_time: 0.000 memory: 13652, 
2022-04-29 17:50:31,530 - INFO - task : ['VEHICLE', 'PEDESTRIAN', 'CYCLIST'], loss: 2.0250, hm_loss: 0.0000, loc_loss: 0.5586, loc_loss_elem: ['0.1031', '0.0846', '0.0795', '0.0548', '0.0563', '0.0671', '0.0506', '0.0626'], num_positive: 254.4000, roi_reg_loss: 0.6520, roi_cls_loss: 0.2557

2022-04-29 17:51:20,292 - INFO - Epoch [4/6][100/100]	lr: 0.00030, eta: 0:32:46, time: 9.752, data_time: 0.083, transfer_time: 0.099, forward_time: 9.114, loss_parse_time: 0.000 memory: 13652, 
2022-04-29 17:51:20,293 - INFO - task : ['VEHICLE', 'PEDESTRIAN', 'CYCLIST'], loss: 2.1865, hm_loss: 0.0000, loc_loss: 0.6485, loc_loss_elem: ['0.1045', '0.0903', '0.0905', '0.0605', '0.0633', '0.0721', '0.0760', '0.0914'], num_positive: 190.6000, roi_reg_loss: 0.6818, roi_cls_loss: 0.2077

2022-04-29 17:52:16,297 - INFO - Epoch [5/6][5/100]	lr: 0.00028, eta: 0:32:00, time: 11.097, data_time: 1.325, transfer_time: 0.102, forward_time: 9.245, loss_parse_time: 0.000 memory: 13652, 
2022-04-29 17:52:16,297 - INFO - task : ['VEHICLE', 'PEDESTRIAN', 'CYCLIST'], loss: 1.9413, hm_loss: 0.0000, loc_loss: 0.5777, loc_loss_elem: ['0.1123', '0.0796', '0.0795', '0.0581', '0.0628', '0.0727', '0.0508', '0.0620'], num_positive: 184.0000, roi_reg_loss: 0.5980, roi_cls_loss: 0.1880

2022-04-29 17:53:05,611 - INFO - Epoch [5/6][10/100]	lr: 0.00027, eta: 0:31:11, time: 9.864, data_time: 0.073, transfer_time: 0.095, forward_time: 9.263, loss_parse_time: 0.000 memory: 13652, 
2022-04-29 17:53:05,611 - INFO - task : ['VEHICLE', 'PEDESTRIAN', 'CYCLIST'], loss: 2.0827, hm_loss: 0.0000, loc_loss: 0.6011, loc_loss_elem: ['0.1045', '0.0851', '0.0844', '0.0622', '0.0674', '0.0714', '0.0578', '0.0683'], num_positive: 237.0000, roi_reg_loss: 0.6448, roi_cls_loss: 0.2358

2022-04-29 17:53:54,611 - INFO - Epoch [5/6][15/100]	lr: 0.00026, eta: 0:30:22, time: 9.801, data_time: 0.088, transfer_time: 0.097, forward_time: 9.162, loss_parse_time: 0.000 memory: 13652, 
2022-04-29 17:53:54,611 - INFO - task : ['VEHICLE', 'PEDESTRIAN', 'CYCLIST'], loss: 2.0594, hm_loss: 0.0000, loc_loss: 0.5907, loc_loss_elem: ['0.0955', '0.0844', '0.0906', '0.0586', '0.0602', '0.0700', '0.0600', '0.0712'], num_positive: 216.4000, roi_reg_loss: 0.6621, roi_cls_loss: 0.2160

2022-04-29 17:54:43,373 - INFO - Epoch [5/6][20/100]	lr: 0.00025, eta: 0:29:32, time: 9.750, data_time: 0.084, transfer_time: 0.099, forward_time: 9.105, loss_parse_time: 0.000 memory: 13652, 
2022-04-29 17:54:43,373 - INFO - task : ['VEHICLE', 'PEDESTRIAN', 'CYCLIST'], loss: 2.0968, hm_loss: 0.0000, loc_loss: 0.6113, loc_loss_elem: ['0.1031', '0.0887', '0.1039', '0.0567', '0.0580', '0.0791', '0.0527', '0.0691'], num_positive: 185.6000, roi_reg_loss: 0.6808, roi_cls_loss: 0.1933

2022-04-29 17:55:31,766 - INFO - Epoch [5/6][25/100]	lr: 0.00024, eta: 0:28:43, time: 9.680, data_time: 0.089, transfer_time: 0.096, forward_time: 9.055, loss_parse_time: 0.000 memory: 13652, 
2022-04-29 17:55:31,766 - INFO - task : ['VEHICLE', 'PEDESTRIAN', 'CYCLIST'], loss: 2.0744, hm_loss: 0.0000, loc_loss: 0.5950, loc_loss_elem: ['0.1000', '0.0766', '0.0768', '0.0627', '0.0669', '0.0629', '0.0673', '0.0820'], num_positive: 278.6000, roi_reg_loss: 0.6349, roi_cls_loss: 0.2494

2022-04-29 17:56:20,627 - INFO - Epoch [5/6][30/100]	lr: 0.00023, eta: 0:27:53, time: 9.772, data_time: 0.085, transfer_time: 0.096, forward_time: 9.130, loss_parse_time: 0.000 memory: 13652, 
2022-04-29 17:56:20,628 - INFO - task : ['VEHICLE', 'PEDESTRIAN', 'CYCLIST'], loss: 2.0852, hm_loss: 0.0000, loc_loss: 0.5980, loc_loss_elem: ['0.0995', '0.0881', '0.0890', '0.0599', '0.0647', '0.0724', '0.0534', '0.0711'], num_positive: 238.8000, roi_reg_loss: 0.6559, roi_cls_loss: 0.2333

2022-04-29 17:57:09,150 - INFO - Epoch [5/6][35/100]	lr: 0.00022, eta: 0:27:04, time: 9.705, data_time: 0.086, transfer_time: 0.093, forward_time: 9.077, loss_parse_time: 0.000 memory: 13652, 
2022-04-29 17:57:09,150 - INFO - task : ['VEHICLE', 'PEDESTRIAN', 'CYCLIST'], loss: 1.9416, hm_loss: 0.0000, loc_loss: 0.5540, loc_loss_elem: ['0.0963', '0.0758', '0.0743', '0.0583', '0.0638', '0.0699', '0.0537', '0.0619'], num_positive: 233.0000, roi_reg_loss: 0.6089, roi_cls_loss: 0.2247

2022-04-29 17:57:58,046 - INFO - Epoch [5/6][40/100]	lr: 0.00021, eta: 0:26:14, time: 9.777, data_time: 0.086, transfer_time: 0.098, forward_time: 9.137, loss_parse_time: 0.000 memory: 13652, 
2022-04-29 17:57:58,046 - INFO - task : ['VEHICLE', 'PEDESTRIAN', 'CYCLIST'], loss: 2.2010, hm_loss: 0.0000, loc_loss: 0.6551, loc_loss_elem: ['0.0993', '0.0931', '0.0934', '0.0636', '0.0685', '0.0733', '0.0750', '0.0888'], num_positive: 210.8000, roi_reg_loss: 0.6586, roi_cls_loss: 0.2323

2022-04-29 17:58:46,742 - INFO - Epoch [5/6][45/100]	lr: 0.00020, eta: 0:25:25, time: 9.741, data_time: 0.091, transfer_time: 0.097, forward_time: 9.094, loss_parse_time: 0.000 memory: 13652, 
2022-04-29 17:58:46,742 - INFO - task : ['VEHICLE', 'PEDESTRIAN', 'CYCLIST'], loss: 2.0397, hm_loss: 0.0000, loc_loss: 0.5901, loc_loss_elem: ['0.1027', '0.0858', '0.0884', '0.0568', '0.0589', '0.0670', '0.0548', '0.0757'], num_positive: 258.4000, roi_reg_loss: 0.6080, roi_cls_loss: 0.2514

2022-04-29 17:59:35,844 - INFO - Epoch [5/6][50/100]	lr: 0.00019, eta: 0:24:36, time: 9.820, data_time: 0.076, transfer_time: 0.095, forward_time: 9.179, loss_parse_time: 0.000 memory: 13652, 
2022-04-29 17:59:35,844 - INFO - task : ['VEHICLE', 'PEDESTRIAN', 'CYCLIST'], loss: 1.9238, hm_loss: 0.0000, loc_loss: 0.5707, loc_loss_elem: ['0.1135', '0.0839', '0.0903', '0.0512', '0.0543', '0.0729', '0.0420', '0.0625'], num_positive: 167.4000, roi_reg_loss: 0.6111, roi_cls_loss: 0.1714

2022-04-29 18:00:24,441 - INFO - Epoch [5/6][55/100]	lr: 0.00018, eta: 0:23:46, time: 9.720, data_time: 0.084, transfer_time: 0.097, forward_time: 9.095, loss_parse_time: 0.000 memory: 13652, 
2022-04-29 18:00:24,442 - INFO - task : ['VEHICLE', 'PEDESTRIAN', 'CYCLIST'], loss: 2.0186, hm_loss: 0.0000, loc_loss: 0.5767, loc_loss_elem: ['0.0995', '0.0807', '0.0827', '0.0571', '0.0597', '0.0677', '0.0576', '0.0717'], num_positive: 229.8000, roi_reg_loss: 0.6516, roi_cls_loss: 0.2135

2022-04-29 18:01:13,317 - INFO - Epoch [5/6][60/100]	lr: 0.00017, eta: 0:22:57, time: 9.775, data_time: 0.081, transfer_time: 0.098, forward_time: 9.127, loss_parse_time: 0.000 memory: 13652, 
2022-04-29 18:01:13,317 - INFO - task : ['VEHICLE', 'PEDESTRIAN', 'CYCLIST'], loss: 1.9896, hm_loss: 0.0000, loc_loss: 0.5857, loc_loss_elem: ['0.1117', '0.0871', '0.0950', '0.0553', '0.0542', '0.0702', '0.0451', '0.0671'], num_positive: 185.0000, roi_reg_loss: 0.6363, roi_cls_loss: 0.1819

2022-04-29 18:02:02,205 - INFO - Epoch [5/6][65/100]	lr: 0.00016, eta: 0:22:08, time: 9.778, data_time: 0.088, transfer_time: 0.096, forward_time: 9.139, loss_parse_time: 0.000 memory: 13652, 
2022-04-29 18:02:02,205 - INFO - task : ['VEHICLE', 'PEDESTRIAN', 'CYCLIST'], loss: 2.0340, hm_loss: 0.0000, loc_loss: 0.6123, loc_loss_elem: ['0.0938', '0.0864', '0.0959', '0.0580', '0.0651', '0.0735', '0.0590', '0.0806'], num_positive: 203.6000, roi_reg_loss: 0.6084, roi_cls_loss: 0.2009

2022-04-29 18:02:50,746 - INFO - Epoch [5/6][70/100]	lr: 0.00015, eta: 0:21:18, time: 9.708, data_time: 0.083, transfer_time: 0.097, forward_time: 9.074, loss_parse_time: 0.000 memory: 13652, 
2022-04-29 18:02:50,746 - INFO - task : ['VEHICLE', 'PEDESTRIAN', 'CYCLIST'], loss: 2.1821, hm_loss: 0.0000, loc_loss: 0.6365, loc_loss_elem: ['0.1039', '0.0871', '0.0899', '0.0611', '0.0674', '0.0713', '0.0688', '0.0869'], num_positive: 262.8000, roi_reg_loss: 0.6550, roi_cls_loss: 0.2542

2022-04-29 18:03:39,420 - INFO - Epoch [5/6][75/100]	lr: 0.00014, eta: 0:20:29, time: 9.735, data_time: 0.085, transfer_time: 0.097, forward_time: 9.099, loss_parse_time: 0.000 memory: 13652, 
2022-04-29 18:03:39,420 - INFO - task : ['VEHICLE', 'PEDESTRIAN', 'CYCLIST'], loss: 2.0623, hm_loss: 0.0000, loc_loss: 0.5867, loc_loss_elem: ['0.1047', '0.0855', '0.0850', '0.0550', '0.0589', '0.0686', '0.0633', '0.0656'], num_positive: 238.8000, roi_reg_loss: 0.6587, roi_cls_loss: 0.2302

2022-04-29 18:04:28,403 - INFO - Epoch [5/6][80/100]	lr: 0.00013, eta: 0:19:40, time: 9.795, data_time: 0.081, transfer_time: 0.098, forward_time: 9.195, loss_parse_time: 0.000 memory: 13652, 
2022-04-29 18:04:28,403 - INFO - task : ['VEHICLE', 'PEDESTRIAN', 'CYCLIST'], loss: 1.9789, hm_loss: 0.0000, loc_loss: 0.5731, loc_loss_elem: ['0.1005', '0.0797', '0.0776', '0.0569', '0.0651', '0.0668', '0.0508', '0.0756'], num_positive: 283.0000, roi_reg_loss: 0.5911, roi_cls_loss: 0.2417

2022-04-29 18:05:16,998 - INFO - Epoch [5/6][85/100]	lr: 0.00012, eta: 0:18:50, time: 9.720, data_time: 0.084, transfer_time: 0.098, forward_time: 9.104, loss_parse_time: 0.000 memory: 13652, 
2022-04-29 18:05:16,998 - INFO - task : ['VEHICLE', 'PEDESTRIAN', 'CYCLIST'], loss: 2.0054, hm_loss: 0.0000, loc_loss: 0.5863, loc_loss_elem: ['0.1087', '0.0832', '0.0888', '0.0543', '0.0571', '0.0716', '0.0452', '0.0775'], num_positive: 175.0000, roi_reg_loss: 0.6536, roi_cls_loss: 0.1792

2022-04-29 18:06:05,806 - INFO - Epoch [5/6][90/100]	lr: 0.00011, eta: 0:18:01, time: 9.761, data_time: 0.082, transfer_time: 0.095, forward_time: 9.139, loss_parse_time: 0.000 memory: 13652, 
2022-04-29 18:06:05,806 - INFO - task : ['VEHICLE', 'PEDESTRIAN', 'CYCLIST'], loss: 2.0841, hm_loss: 0.0000, loc_loss: 0.6014, loc_loss_elem: ['0.1000', '0.0919', '0.0969', '0.0552', '0.0541', '0.0707', '0.0601', '0.0725'], num_positive: 223.0000, roi_reg_loss: 0.6633, roi_cls_loss: 0.2181

2022-04-29 18:06:54,550 - INFO - Epoch [5/6][95/100]	lr: 0.00010, eta: 0:17:12, time: 9.749, data_time: 0.079, transfer_time: 0.097, forward_time: 9.147, loss_parse_time: 0.000 memory: 13652, 
2022-04-29 18:06:54,550 - INFO - task : ['VEHICLE', 'PEDESTRIAN', 'CYCLIST'], loss: 2.0600, hm_loss: 0.0000, loc_loss: 0.6113, loc_loss_elem: ['0.1146', '0.0889', '0.0827', '0.0588', '0.0620', '0.0754', '0.0472', '0.0816'], num_positive: 208.0000, roi_reg_loss: 0.6413, roi_cls_loss: 0.1962

2022-04-29 18:07:43,358 - INFO - Epoch [5/6][100/100]	lr: 0.00009, eta: 0:16:23, time: 9.759, data_time: 0.084, transfer_time: 0.097, forward_time: 9.136, loss_parse_time: 0.000 memory: 13652, 
2022-04-29 18:07:43,358 - INFO - task : ['VEHICLE', 'PEDESTRIAN', 'CYCLIST'], loss: 1.9902, hm_loss: 0.0000, loc_loss: 0.5872, loc_loss_elem: ['0.0962', '0.0796', '0.0796', '0.0558', '0.0640', '0.0650', '0.0625', '0.0845'], num_positive: 230.6000, roi_reg_loss: 0.6005, roi_cls_loss: 0.2153

2022-04-29 18:08:39,399 - INFO - Epoch [6/6][5/100]	lr: 0.00008, eta: 0:15:35, time: 11.095, data_time: 1.270, transfer_time: 0.102, forward_time: 9.271, loss_parse_time: 0.000 memory: 13652, 
2022-04-29 18:08:39,400 - INFO - task : ['VEHICLE', 'PEDESTRIAN', 'CYCLIST'], loss: 2.2001, hm_loss: 0.0000, loc_loss: 0.6595, loc_loss_elem: ['0.1163', '0.0974', '0.0957', '0.0550', '0.0553', '0.0768', '0.0769', '0.0862'], num_positive: 170.0000, roi_reg_loss: 0.6904, roi_cls_loss: 0.1907

2022-04-29 18:09:28,402 - INFO - Epoch [6/6][10/100]	lr: 0.00007, eta: 0:14:45, time: 9.801, data_time: 0.077, transfer_time: 0.098, forward_time: 9.179, loss_parse_time: 0.000 memory: 13652, 
2022-04-29 18:09:28,402 - INFO - task : ['VEHICLE', 'PEDESTRIAN', 'CYCLIST'], loss: 1.9831, hm_loss: 0.0000, loc_loss: 0.5795, loc_loss_elem: ['0.1052', '0.0817', '0.0794', '0.0568', '0.0597', '0.0666', '0.0517', '0.0783'], num_positive: 227.6000, roi_reg_loss: 0.6086, roi_cls_loss: 0.2155

2022-04-29 18:10:17,732 - INFO - Epoch [6/6][15/100]	lr: 0.00007, eta: 0:13:56, time: 9.866, data_time: 0.085, transfer_time: 0.096, forward_time: 9.224, loss_parse_time: 0.000 memory: 13652, 
2022-04-29 18:10:17,732 - INFO - task : ['VEHICLE', 'PEDESTRIAN', 'CYCLIST'], loss: 1.9756, hm_loss: 0.0000, loc_loss: 0.5640, loc_loss_elem: ['0.0994', '0.0866', '0.0845', '0.0560', '0.0593', '0.0716', '0.0492', '0.0575'], num_positive: 211.2000, roi_reg_loss: 0.6428, roi_cls_loss: 0.2047

2022-04-29 18:11:07,158 - INFO - Epoch [6/6][20/100]	lr: 0.00006, eta: 0:13:07, time: 9.883, data_time: 0.082, transfer_time: 0.096, forward_time: 9.241, loss_parse_time: 0.000 memory: 13652, 
2022-04-29 18:11:07,158 - INFO - task : ['VEHICLE', 'PEDESTRIAN', 'CYCLIST'], loss: 2.0863, hm_loss: 0.0000, loc_loss: 0.6242, loc_loss_elem: ['0.1047', '0.0892', '0.0913', '0.0551', '0.0579', '0.0726', '0.0731', '0.0802'], num_positive: 204.2000, roi_reg_loss: 0.6461, roi_cls_loss: 0.1917

2022-04-29 18:11:55,782 - INFO - Epoch [6/6][25/100]	lr: 0.00005, eta: 0:12:18, time: 9.727, data_time: 0.082, transfer_time: 0.094, forward_time: 9.113, loss_parse_time: 0.000 memory: 13652, 
2022-04-29 18:11:55,782 - INFO - task : ['VEHICLE', 'PEDESTRIAN', 'CYCLIST'], loss: 1.9353, hm_loss: 0.0000, loc_loss: 0.5658, loc_loss_elem: ['0.1075', '0.0808', '0.0850', '0.0562', '0.0607', '0.0712', '0.0467', '0.0578'], num_positive: 219.6000, roi_reg_loss: 0.5996, roi_cls_loss: 0.2041

2022-04-29 18:12:45,195 - INFO - Epoch [6/6][30/100]	lr: 0.00005, eta: 0:11:29, time: 9.881, data_time: 0.086, transfer_time: 0.099, forward_time: 9.243, loss_parse_time: 0.000 memory: 13652, 
2022-04-29 18:12:45,195 - INFO - task : ['VEHICLE', 'PEDESTRIAN', 'CYCLIST'], loss: 2.0255, hm_loss: 0.0000, loc_loss: 0.5977, loc_loss_elem: ['0.1020', '0.0793', '0.0858', '0.0601', '0.0657', '0.0707', '0.0622', '0.0720'], num_positive: 219.4000, roi_reg_loss: 0.6192, roi_cls_loss: 0.2107

2022-04-29 18:13:34,179 - INFO - Epoch [6/6][35/100]	lr: 0.00004, eta: 0:10:39, time: 9.798, data_time: 0.089, transfer_time: 0.098, forward_time: 9.171, loss_parse_time: 0.000 memory: 13652, 
2022-04-29 18:13:34,179 - INFO - task : ['VEHICLE', 'PEDESTRIAN', 'CYCLIST'], loss: 1.9746, hm_loss: 0.0000, loc_loss: 0.5632, loc_loss_elem: ['0.1039', '0.0856', '0.0767', '0.0581', '0.0578', '0.0641', '0.0478', '0.0692'], num_positive: 234.0000, roi_reg_loss: 0.6287, roi_cls_loss: 0.2194

2022-04-29 18:14:23,021 - INFO - Epoch [6/6][40/100]	lr: 0.00003, eta: 0:09:50, time: 9.769, data_time: 0.090, transfer_time: 0.099, forward_time: 9.121, loss_parse_time: 0.000 memory: 13652, 
2022-04-29 18:14:23,021 - INFO - task : ['VEHICLE', 'PEDESTRIAN', 'CYCLIST'], loss: 2.0405, hm_loss: 0.0000, loc_loss: 0.6046, loc_loss_elem: ['0.1081', '0.0870', '0.0888', '0.0577', '0.0633', '0.0695', '0.0603', '0.0699'], num_positive: 210.6000, roi_reg_loss: 0.6368, roi_cls_loss: 0.1946

2022-04-29 18:15:11,721 - INFO - Epoch [6/6][45/100]	lr: 0.00003, eta: 0:09:01, time: 9.740, data_time: 0.081, transfer_time: 0.096, forward_time: 9.120, loss_parse_time: 0.000 memory: 13652, 
2022-04-29 18:15:11,721 - INFO - task : ['VEHICLE', 'PEDESTRIAN', 'CYCLIST'], loss: 2.1805, hm_loss: 0.0000, loc_loss: 0.6542, loc_loss_elem: ['0.1068', '0.0858', '0.0899', '0.0623', '0.0671', '0.0736', '0.0741', '0.0946'], num_positive: 222.2000, roi_reg_loss: 0.6500, roi_cls_loss: 0.2221

2022-04-29 18:16:00,907 - INFO - Epoch [6/6][50/100]	lr: 0.00002, eta: 0:08:12, time: 9.837, data_time: 0.083, transfer_time: 0.098, forward_time: 9.208, loss_parse_time: 0.000 memory: 13652, 
2022-04-29 18:16:00,907 - INFO - task : ['VEHICLE', 'PEDESTRIAN', 'CYCLIST'], loss: 2.0670, hm_loss: 0.0000, loc_loss: 0.6076, loc_loss_elem: ['0.1128', '0.0836', '0.0865', '0.0585', '0.0637', '0.0711', '0.0597', '0.0717'], num_positive: 223.8000, roi_reg_loss: 0.6372, roi_cls_loss: 0.2146

2022-04-29 18:16:50,060 - INFO - Epoch [6/6][55/100]	lr: 0.00002, eta: 0:07:22, time: 9.831, data_time: 0.084, transfer_time: 0.096, forward_time: 9.182, loss_parse_time: 0.000 memory: 13652, 
2022-04-29 18:16:50,061 - INFO - task : ['VEHICLE', 'PEDESTRIAN', 'CYCLIST'], loss: 2.1542, hm_loss: 0.0000, loc_loss: 0.6410, loc_loss_elem: ['0.1008', '0.0887', '0.0847', '0.0603', '0.0664', '0.0709', '0.0791', '0.0901'], num_positive: 239.8000, roi_reg_loss: 0.6557, roi_cls_loss: 0.2166

2022-04-29 18:17:39,242 - INFO - Epoch [6/6][60/100]	lr: 0.00002, eta: 0:06:33, time: 9.836, data_time: 0.080, transfer_time: 0.098, forward_time: 9.210, loss_parse_time: 0.000 memory: 13652, 
2022-04-29 18:17:39,243 - INFO - task : ['VEHICLE', 'PEDESTRIAN', 'CYCLIST'], loss: 2.0919, hm_loss: 0.0000, loc_loss: 0.5982, loc_loss_elem: ['0.1016', '0.0901', '0.0941', '0.0546', '0.0533', '0.0771', '0.0551', '0.0722'], num_positive: 190.2000, roi_reg_loss: 0.6889, roi_cls_loss: 0.2066

2022-04-29 18:18:28,288 - INFO - Epoch [6/6][65/100]	lr: 0.00001, eta: 0:05:44, time: 9.809, data_time: 0.080, transfer_time: 0.098, forward_time: 9.188, loss_parse_time: 0.000 memory: 13652, 
2022-04-29 18:18:28,288 - INFO - task : ['VEHICLE', 'PEDESTRIAN', 'CYCLIST'], loss: 2.0004, hm_loss: 0.0000, loc_loss: 0.5996, loc_loss_elem: ['0.1008', '0.0860', '0.0858', '0.0588', '0.0602', '0.0731', '0.0563', '0.0784'], num_positive: 214.6000, roi_reg_loss: 0.6033, roi_cls_loss: 0.1980

2022-04-29 18:19:17,078 - INFO - Epoch [6/6][70/100]	lr: 0.00001, eta: 0:04:55, time: 9.758, data_time: 0.088, transfer_time: 0.096, forward_time: 9.114, loss_parse_time: 0.000 memory: 13652, 
2022-04-29 18:19:17,078 - INFO - task : ['VEHICLE', 'PEDESTRIAN', 'CYCLIST'], loss: 2.1185, hm_loss: 0.0000, loc_loss: 0.6154, loc_loss_elem: ['0.1034', '0.0834', '0.0858', '0.0593', '0.0648', '0.0694', '0.0688', '0.0804'], num_positive: 269.8000, roi_reg_loss: 0.6364, roi_cls_loss: 0.2513

2022-04-29 18:20:05,695 - INFO - Epoch [6/6][75/100]	lr: 0.00001, eta: 0:04:05, time: 9.723, data_time: 0.084, transfer_time: 0.097, forward_time: 9.124, loss_parse_time: 0.000 memory: 13652, 
2022-04-29 18:20:05,695 - INFO - task : ['VEHICLE', 'PEDESTRIAN', 'CYCLIST'], loss: 1.9173, hm_loss: 0.0000, loc_loss: 0.5599, loc_loss_elem: ['0.1013', '0.0810', '0.0761', '0.0558', '0.0605', '0.0629', '0.0538', '0.0685'], num_positive: 240.4000, roi_reg_loss: 0.5743, roi_cls_loss: 0.2232

2022-04-29 18:20:54,432 - INFO - Epoch [6/6][80/100]	lr: 0.00000, eta: 0:03:16, time: 9.745, data_time: 0.084, transfer_time: 0.096, forward_time: 9.131, loss_parse_time: 0.000 memory: 13652, 
2022-04-29 18:20:54,433 - INFO - task : ['VEHICLE', 'PEDESTRIAN', 'CYCLIST'], loss: 2.0106, hm_loss: 0.0000, loc_loss: 0.5862, loc_loss_elem: ['0.0981', '0.0858', '0.0857', '0.0582', '0.0603', '0.0687', '0.0661', '0.0632'], num_positive: 215.4000, roi_reg_loss: 0.6217, roi_cls_loss: 0.2165

2022-04-29 18:21:43,206 - INFO - Epoch [6/6][85/100]	lr: 0.00000, eta: 0:02:27, time: 9.754, data_time: 0.083, transfer_time: 0.101, forward_time: 9.126, loss_parse_time: 0.000 memory: 13652, 
2022-04-29 18:21:43,206 - INFO - task : ['VEHICLE', 'PEDESTRIAN', 'CYCLIST'], loss: 2.1234, hm_loss: 0.0000, loc_loss: 0.6212, loc_loss_elem: ['0.1096', '0.0922', '0.0987', '0.0534', '0.0541', '0.0820', '0.0585', '0.0726'], num_positive: 184.6000, roi_reg_loss: 0.6889, roi_cls_loss: 0.1921

2022-04-29 18:22:31,907 - INFO - Epoch [6/6][90/100]	lr: 0.00000, eta: 0:01:38, time: 9.743, data_time: 0.082, transfer_time: 0.095, forward_time: 9.143, loss_parse_time: 0.000 memory: 13652, 
2022-04-29 18:22:31,907 - INFO - task : ['VEHICLE', 'PEDESTRIAN', 'CYCLIST'], loss: 2.0058, hm_loss: 0.0000, loc_loss: 0.5938, loc_loss_elem: ['0.0981', '0.0855', '0.0905', '0.0561', '0.0616', '0.0692', '0.0553', '0.0774'], num_positive: 224.2000, roi_reg_loss: 0.6040, roi_cls_loss: 0.2143

2022-04-29 18:23:20,592 - INFO - Epoch [6/6][95/100]	lr: 0.00000, eta: 0:00:49, time: 9.735, data_time: 0.083, transfer_time: 0.097, forward_time: 9.114, loss_parse_time: 0.000 memory: 13652, 
2022-04-29 18:23:20,593 - INFO - task : ['VEHICLE', 'PEDESTRIAN', 'CYCLIST'], loss: 2.0129, hm_loss: 0.0000, loc_loss: 0.5956, loc_loss_elem: ['0.1050', '0.0851', '0.0838', '0.0545', '0.0634', '0.0786', '0.0532', '0.0721'], num_positive: 204.4000, roi_reg_loss: 0.6123, roi_cls_loss: 0.2093

2022-04-29 18:24:09,400 - INFO - Epoch [6/6][100/100]	lr: 0.00000, eta: 0:00:00, time: 9.764, data_time: 0.092, transfer_time: 0.096, forward_time: 9.111, loss_parse_time: 0.000 memory: 13652, 
2022-04-29 18:24:09,401 - INFO - task : ['VEHICLE', 'PEDESTRIAN', 'CYCLIST'], loss: 1.9811, hm_loss: 0.0000, loc_loss: 0.6005, loc_loss_elem: ['0.1071', '0.0844', '0.0878', '0.0582', '0.0608', '0.0713', '0.0573', '0.0737'], num_positive: 214.2000, roi_reg_loss: 0.5763, roi_cls_loss: 0.2037

