2022-04-28 16:43:08,665 - INFO - Start running, host: root@38c34f86dda2, work_dir: /code/CenterPoint/work_dirs/waymo_centerpoint_voxelnet_two_stage_bev_5point_ft_6epoch_freeze_fusion
2022-04-28 16:43:08,665 - INFO - workflow: [('train', 1)], max: 6 epochs
2022-04-28 16:44:05,716 - INFO - Epoch [1/6][5/100]	lr: 0.00005, eta: 1:53:07, time: 11.408, data_time: 1.341, transfer_time: 0.101, forward_time: 9.497, loss_parse_time: 0.000 memory: 12242, 
2022-04-28 16:44:05,717 - INFO - task : ['VEHICLE', 'PEDESTRIAN', 'CYCLIST'], loss: 2.7724, hm_loss: 0.0000, loc_loss: 0.5882, loc_loss_elem: ['0.1038', '0.0824', '0.0797', '0.0571', '0.0626', '0.0653', '0.0605', '0.0768'], num_positive: 270.4000, roi_reg_loss: 0.9256, roi_cls_loss: 0.6704

2022-04-28 16:44:55,565 - INFO - Epoch [1/6][10/100]	lr: 0.00005, eta: 1:45:06, time: 9.972, data_time: 0.092, transfer_time: 0.102, forward_time: 9.336, loss_parse_time: 0.000 memory: 12242, 
2022-04-28 16:44:55,566 - INFO - task : ['VEHICLE', 'PEDESTRIAN', 'CYCLIST'], loss: 2.8161, hm_loss: 0.0000, loc_loss: 0.6557, loc_loss_elem: ['0.1128', '0.0876', '0.0987', '0.0587', '0.0608', '0.0805', '0.0739', '0.0828'], num_positive: 219.8000, roi_reg_loss: 0.9598, roi_cls_loss: 0.5449

2022-04-28 16:45:45,646 - INFO - Epoch [1/6][15/100]	lr: 0.00005, eta: 1:42:02, time: 10.016, data_time: 0.097, transfer_time: 0.100, forward_time: 9.361, loss_parse_time: 0.000 memory: 12242, 
2022-04-28 16:45:45,647 - INFO - task : ['VEHICLE', 'PEDESTRIAN', 'CYCLIST'], loss: 2.7204, hm_loss: 0.0000, loc_loss: 0.6485, loc_loss_elem: ['0.1045', '0.0965', '0.1159', '0.0534', '0.0501', '0.0868', '0.0524', '0.0889'], num_positive: 185.8000, roi_reg_loss: 0.9256, roi_cls_loss: 0.4979

2022-04-28 16:46:35,198 - INFO - Epoch [1/6][20/100]	lr: 0.00006, eta: 1:39:49, time: 9.911, data_time: 0.090, transfer_time: 0.100, forward_time: 9.263, loss_parse_time: 0.000 memory: 12242, 
2022-04-28 16:46:35,198 - INFO - task : ['VEHICLE', 'PEDESTRIAN', 'CYCLIST'], loss: 2.6829, hm_loss: 0.0000, loc_loss: 0.6321, loc_loss_elem: ['0.1050', '0.0862', '0.0879', '0.0578', '0.0602', '0.0776', '0.0669', '0.0904'], num_positive: 227.6000, roi_reg_loss: 0.9469, roi_cls_loss: 0.4719

2022-04-28 16:47:24,432 - INFO - Epoch [1/6][25/100]	lr: 0.00006, eta: 1:38:02, time: 9.845, data_time: 0.086, transfer_time: 0.098, forward_time: 9.193, loss_parse_time: 0.000 memory: 13350, 
2022-04-28 16:47:24,432 - INFO - task : ['VEHICLE', 'PEDESTRIAN', 'CYCLIST'], loss: 2.6632, hm_loss: 0.0000, loc_loss: 0.6434, loc_loss_elem: ['0.0995', '0.0866', '0.0982', '0.0589', '0.0636', '0.0791', '0.0717', '0.0859'], num_positive: 246.2000, roi_reg_loss: 0.9195, roi_cls_loss: 0.4568

2022-04-28 16:48:14,652 - INFO - Epoch [1/6][30/100]	lr: 0.00007, eta: 1:36:53, time: 10.045, data_time: 0.098, transfer_time: 0.104, forward_time: 9.363, loss_parse_time: 0.000 memory: 13350, 
2022-04-28 16:48:14,652 - INFO - task : ['VEHICLE', 'PEDESTRIAN', 'CYCLIST'], loss: 2.5604, hm_loss: 0.0000, loc_loss: 0.6030, loc_loss_elem: ['0.1063', '0.0850', '0.0926', '0.0537', '0.0579', '0.0794', '0.0571', '0.0709'], num_positive: 184.0000, roi_reg_loss: 0.9591, roi_cls_loss: 0.3954

2022-04-28 16:49:04,257 - INFO - Epoch [1/6][35/100]	lr: 0.00007, eta: 1:35:40, time: 9.920, data_time: 0.081, transfer_time: 0.100, forward_time: 9.249, loss_parse_time: 0.000 memory: 13350, 
2022-04-28 16:49:04,257 - INFO - task : ['VEHICLE', 'PEDESTRIAN', 'CYCLIST'], loss: 2.5593, hm_loss: 0.0000, loc_loss: 0.6152, loc_loss_elem: ['0.1066', '0.0872', '0.0964', '0.0587', '0.0616', '0.0766', '0.0588', '0.0693'], num_positive: 222.2000, roi_reg_loss: 0.9184, roi_cls_loss: 0.4106

2022-04-28 16:49:54,347 - INFO - Epoch [1/6][40/100]	lr: 0.00008, eta: 1:34:39, time: 10.020, data_time: 0.086, transfer_time: 0.102, forward_time: 9.340, loss_parse_time: 0.000 memory: 13350, 
2022-04-28 16:49:54,348 - INFO - task : ['VEHICLE', 'PEDESTRIAN', 'CYCLIST'], loss: 2.6734, hm_loss: 0.0000, loc_loss: 0.6573, loc_loss_elem: ['0.1044', '0.0863', '0.0831', '0.0618', '0.0673', '0.0716', '0.0889', '0.0938'], num_positive: 220.6000, roi_reg_loss: 0.9552, roi_cls_loss: 0.4037

2022-04-28 16:50:44,049 - INFO - Epoch [1/6][45/100]	lr: 0.00009, eta: 1:33:36, time: 9.939, data_time: 0.085, transfer_time: 0.099, forward_time: 9.276, loss_parse_time: 0.000 memory: 13350, 
2022-04-28 16:50:44,049 - INFO - task : ['VEHICLE', 'PEDESTRIAN', 'CYCLIST'], loss: 2.5143, hm_loss: 0.0000, loc_loss: 0.6250, loc_loss_elem: ['0.1084', '0.0872', '0.0847', '0.0552', '0.0578', '0.0796', '0.0615', '0.0905'], num_positive: 171.6000, roi_reg_loss: 0.9357, roi_cls_loss: 0.3286

2022-04-28 16:51:33,623 - INFO - Epoch [1/6][50/100]	lr: 0.00009, eta: 1:32:34, time: 9.916, data_time: 0.087, transfer_time: 0.100, forward_time: 9.267, loss_parse_time: 0.000 memory: 13350, 
2022-04-28 16:51:33,623 - INFO - task : ['VEHICLE', 'PEDESTRIAN', 'CYCLIST'], loss: 2.5316, hm_loss: 0.0000, loc_loss: 0.6162, loc_loss_elem: ['0.1128', '0.0899', '0.0888', '0.0563', '0.0588', '0.0769', '0.0591', '0.0736'], num_positive: 224.8000, roi_reg_loss: 0.9467, roi_cls_loss: 0.3525

2022-04-28 16:52:23,368 - INFO - Epoch [1/6][55/100]	lr: 0.00010, eta: 1:31:36, time: 9.949, data_time: 0.081, transfer_time: 0.101, forward_time: 9.261, loss_parse_time: 0.000 memory: 13350, 
2022-04-28 16:52:23,368 - INFO - task : ['VEHICLE', 'PEDESTRIAN', 'CYCLIST'], loss: 2.4837, hm_loss: 0.0000, loc_loss: 0.5955, loc_loss_elem: ['0.1077', '0.0800', '0.0791', '0.0594', '0.0642', '0.0692', '0.0626', '0.0734'], num_positive: 229.2000, roi_reg_loss: 0.9360, roi_cls_loss: 0.3567

2022-04-28 16:53:13,437 - INFO - Epoch [1/6][60/100]	lr: 0.00011, eta: 1:30:42, time: 10.012, data_time: 0.093, transfer_time: 0.100, forward_time: 9.344, loss_parse_time: 0.000 memory: 13350, 
2022-04-28 16:53:13,437 - INFO - task : ['VEHICLE', 'PEDESTRIAN', 'CYCLIST'], loss: 2.5172, hm_loss: 0.0000, loc_loss: 0.6136, loc_loss_elem: ['0.1018', '0.0856', '0.0868', '0.0594', '0.0628', '0.0732', '0.0647', '0.0793'], num_positive: 246.8000, roi_reg_loss: 0.9285, roi_cls_loss: 0.3614

2022-04-28 16:54:03,543 - INFO - Epoch [1/6][65/100]	lr: 0.00012, eta: 1:29:50, time: 10.021, data_time: 0.088, transfer_time: 0.099, forward_time: 9.341, loss_parse_time: 0.000 memory: 13350, 
2022-04-28 16:54:03,543 - INFO - task : ['VEHICLE', 'PEDESTRIAN', 'CYCLIST'], loss: 2.4240, hm_loss: 0.0000, loc_loss: 0.5866, loc_loss_elem: ['0.1043', '0.0806', '0.0819', '0.0567', '0.0601', '0.0671', '0.0589', '0.0769'], num_positive: 239.6000, roi_reg_loss: 0.8956, roi_cls_loss: 0.3553

2022-04-28 16:54:52,946 - INFO - Epoch [1/6][70/100]	lr: 0.00014, eta: 1:28:52, time: 9.883, data_time: 0.089, transfer_time: 0.104, forward_time: 9.212, loss_parse_time: 0.000 memory: 13350, 
2022-04-28 16:54:52,946 - INFO - task : ['VEHICLE', 'PEDESTRIAN', 'CYCLIST'], loss: 2.4812, hm_loss: 0.0000, loc_loss: 0.6137, loc_loss_elem: ['0.1020', '0.0854', '0.0799', '0.0594', '0.0647', '0.0696', '0.0743', '0.0785'], num_positive: 252.0000, roi_reg_loss: 0.9227, roi_cls_loss: 0.3311

2022-04-28 16:55:42,246 - INFO - Epoch [1/6][75/100]	lr: 0.00015, eta: 1:27:54, time: 9.858, data_time: 0.089, transfer_time: 0.098, forward_time: 9.204, loss_parse_time: 0.000 memory: 13350, 
2022-04-28 16:55:42,246 - INFO - task : ['VEHICLE', 'PEDESTRIAN', 'CYCLIST'], loss: 2.4399, hm_loss: 0.0000, loc_loss: 0.6013, loc_loss_elem: ['0.1067', '0.0835', '0.0965', '0.0515', '0.0566', '0.0776', '0.0537', '0.0753'], num_positive: 212.0000, roi_reg_loss: 0.9291, roi_cls_loss: 0.3081

2022-04-28 16:56:31,607 - INFO - Epoch [1/6][80/100]	lr: 0.00016, eta: 1:26:59, time: 9.874, data_time: 0.088, transfer_time: 0.101, forward_time: 9.228, loss_parse_time: 0.000 memory: 13350, 
2022-04-28 16:56:31,607 - INFO - task : ['VEHICLE', 'PEDESTRIAN', 'CYCLIST'], loss: 2.3088, hm_loss: 0.0000, loc_loss: 0.5755, loc_loss_elem: ['0.1012', '0.0806', '0.0859', '0.0569', '0.0584', '0.0723', '0.0510', '0.0690'], num_positive: 201.4000, roi_reg_loss: 0.8803, roi_cls_loss: 0.2776

2022-04-28 16:57:21,725 - INFO - Epoch [1/6][85/100]	lr: 0.00017, eta: 1:26:08, time: 10.024, data_time: 0.092, transfer_time: 0.102, forward_time: 9.340, loss_parse_time: 0.000 memory: 13350, 
2022-04-28 16:57:21,725 - INFO - task : ['VEHICLE', 'PEDESTRIAN', 'CYCLIST'], loss: 2.5651, hm_loss: 0.0000, loc_loss: 0.6595, loc_loss_elem: ['0.1131', '0.0900', '0.0900', '0.0625', '0.0715', '0.0815', '0.0634', '0.0874'], num_positive: 220.0000, roi_reg_loss: 0.9359, roi_cls_loss: 0.3103

2022-04-28 16:58:11,919 - INFO - Epoch [1/6][90/100]	lr: 0.00019, eta: 1:25:18, time: 10.038, data_time: 0.088, transfer_time: 0.100, forward_time: 9.376, loss_parse_time: 0.000 memory: 13350, 
2022-04-28 16:58:11,919 - INFO - task : ['VEHICLE', 'PEDESTRIAN', 'CYCLIST'], loss: 2.3959, hm_loss: 0.0000, loc_loss: 0.5978, loc_loss_elem: ['0.1025', '0.0834', '0.0794', '0.0604', '0.0637', '0.0719', '0.0623', '0.0744'], num_positive: 230.6000, roi_reg_loss: 0.9078, roi_cls_loss: 0.2924

2022-04-28 16:59:01,465 - INFO - Epoch [1/6][95/100]	lr: 0.00020, eta: 1:24:24, time: 9.908, data_time: 0.088, transfer_time: 0.099, forward_time: 9.239, loss_parse_time: 0.000 memory: 13350, 
2022-04-28 16:59:01,466 - INFO - task : ['VEHICLE', 'PEDESTRIAN', 'CYCLIST'], loss: 2.3727, hm_loss: 0.0000, loc_loss: 0.5802, loc_loss_elem: ['0.1095', '0.0833', '0.0786', '0.0563', '0.0607', '0.0696', '0.0489', '0.0734'], num_positive: 213.8000, roi_reg_loss: 0.9306, roi_cls_loss: 0.2817

2022-04-28 16:59:51,171 - INFO - Epoch [1/6][100/100]	lr: 0.00021, eta: 1:23:32, time: 9.943, data_time: 0.088, transfer_time: 0.101, forward_time: 9.244, loss_parse_time: 0.000 memory: 13651, 
2022-04-28 16:59:51,171 - INFO - task : ['VEHICLE', 'PEDESTRIAN', 'CYCLIST'], loss: 2.4181, hm_loss: 0.0000, loc_loss: 0.6182, loc_loss_elem: ['0.1052', '0.0817', '0.0765', '0.0636', '0.0686', '0.0705', '0.0725', '0.0796'], num_positive: 249.0000, roi_reg_loss: 0.8887, roi_cls_loss: 0.2929

2022-04-28 17:00:47,984 - INFO - Epoch [2/6][5/100]	lr: 0.00023, eta: 1:23:11, time: 11.251, data_time: 1.312, transfer_time: 0.102, forward_time: 9.372, loss_parse_time: 0.000 memory: 13651, 
2022-04-28 17:00:47,984 - INFO - task : ['VEHICLE', 'PEDESTRIAN', 'CYCLIST'], loss: 2.3946, hm_loss: 0.0000, loc_loss: 0.6109, loc_loss_elem: ['0.1050', '0.0812', '0.0856', '0.0583', '0.0647', '0.0731', '0.0628', '0.0802'], num_positive: 236.4000, roi_reg_loss: 0.8979, roi_cls_loss: 0.2748

2022-04-28 17:01:37,493 - INFO - Epoch [2/6][10/100]	lr: 0.00024, eta: 1:22:16, time: 9.902, data_time: 0.083, transfer_time: 0.099, forward_time: 9.264, loss_parse_time: 0.000 memory: 13651, 
2022-04-28 17:01:37,493 - INFO - task : ['VEHICLE', 'PEDESTRIAN', 'CYCLIST'], loss: 2.3808, hm_loss: 0.0000, loc_loss: 0.6019, loc_loss_elem: ['0.1186', '0.0865', '0.0949', '0.0526', '0.0541', '0.0719', '0.0527', '0.0706'], num_positive: 183.8000, roi_reg_loss: 0.9422, roi_cls_loss: 0.2348

2022-04-28 17:02:27,203 - INFO - Epoch [2/6][15/100]	lr: 0.00026, eta: 1:21:23, time: 9.942, data_time: 0.081, transfer_time: 0.100, forward_time: 9.297, loss_parse_time: 0.000 memory: 13651, 
2022-04-28 17:02:27,204 - INFO - task : ['VEHICLE', 'PEDESTRIAN', 'CYCLIST'], loss: 2.4271, hm_loss: 0.0000, loc_loss: 0.6080, loc_loss_elem: ['0.1014', '0.0796', '0.0747', '0.0625', '0.0712', '0.0690', '0.0675', '0.0821'], num_positive: 255.6000, roi_reg_loss: 0.9022, roi_cls_loss: 0.3089

2022-04-28 17:03:16,913 - INFO - Epoch [2/6][20/100]	lr: 0.00027, eta: 1:20:30, time: 9.944, data_time: 0.095, transfer_time: 0.102, forward_time: 9.245, loss_parse_time: 0.000 memory: 13651, 
2022-04-28 17:03:16,914 - INFO - task : ['VEHICLE', 'PEDESTRIAN', 'CYCLIST'], loss: 2.4220, hm_loss: 0.0000, loc_loss: 0.6198, loc_loss_elem: ['0.1092', '0.0898', '0.0922', '0.0579', '0.0613', '0.0769', '0.0539', '0.0787'], num_positive: 227.4000, roi_reg_loss: 0.9019, roi_cls_loss: 0.2804

2022-04-28 17:04:06,633 - INFO - Epoch [2/6][25/100]	lr: 0.00029, eta: 1:19:38, time: 9.944, data_time: 0.090, transfer_time: 0.101, forward_time: 9.264, loss_parse_time: 0.000 memory: 13651, 
2022-04-28 17:04:06,634 - INFO - task : ['VEHICLE', 'PEDESTRIAN', 'CYCLIST'], loss: 2.3942, hm_loss: 0.0000, loc_loss: 0.6225, loc_loss_elem: ['0.0993', '0.0804', '0.0746', '0.0641', '0.0699', '0.0698', '0.0783', '0.0861'], num_positive: 261.4000, roi_reg_loss: 0.8665, roi_cls_loss: 0.2828

2022-04-28 17:04:56,311 - INFO - Epoch [2/6][30/100]	lr: 0.00030, eta: 1:18:45, time: 9.936, data_time: 0.090, transfer_time: 0.100, forward_time: 9.258, loss_parse_time: 0.000 memory: 13651, 
2022-04-28 17:04:56,312 - INFO - task : ['VEHICLE', 'PEDESTRIAN', 'CYCLIST'], loss: 2.4656, hm_loss: 0.0000, loc_loss: 0.6694, loc_loss_elem: ['0.1047', '0.0925', '0.0946', '0.0618', '0.0691', '0.0792', '0.0765', '0.0910'], num_positive: 212.6000, roi_reg_loss: 0.8678, roi_cls_loss: 0.2590

2022-04-28 17:05:46,045 - INFO - Epoch [2/6][35/100]	lr: 0.00032, eta: 1:17:53, time: 9.946, data_time: 0.087, transfer_time: 0.102, forward_time: 9.278, loss_parse_time: 0.000 memory: 13651, 
2022-04-28 17:05:46,045 - INFO - task : ['VEHICLE', 'PEDESTRIAN', 'CYCLIST'], loss: 2.3319, hm_loss: 0.0000, loc_loss: 0.6082, loc_loss_elem: ['0.1035', '0.0827', '0.0816', '0.0599', '0.0664', '0.0699', '0.0683', '0.0759'], num_positive: 215.8000, roi_reg_loss: 0.8535, roi_cls_loss: 0.2619

2022-04-28 17:06:35,406 - INFO - Epoch [2/6][40/100]	lr: 0.00033, eta: 1:17:00, time: 9.871, data_time: 0.089, transfer_time: 0.106, forward_time: 9.220, loss_parse_time: 0.000 memory: 13651, 
2022-04-28 17:06:35,406 - INFO - task : ['VEHICLE', 'PEDESTRIAN', 'CYCLIST'], loss: 2.3505, hm_loss: 0.0000, loc_loss: 0.6035, loc_loss_elem: ['0.1018', '0.0831', '0.0829', '0.0579', '0.0574', '0.0667', '0.0637', '0.0900'], num_positive: 240.8000, roi_reg_loss: 0.8702, roi_cls_loss: 0.2733

2022-04-28 17:07:25,146 - INFO - Epoch [2/6][45/100]	lr: 0.00034, eta: 1:16:08, time: 9.950, data_time: 0.093, transfer_time: 0.101, forward_time: 9.276, loss_parse_time: 0.000 memory: 13651, 
2022-04-28 17:07:25,147 - INFO - task : ['VEHICLE', 'PEDESTRIAN', 'CYCLIST'], loss: 2.3248, hm_loss: 0.0000, loc_loss: 0.5781, loc_loss_elem: ['0.0983', '0.0872', '0.0828', '0.0593', '0.0608', '0.0660', '0.0512', '0.0725'], num_positive: 267.2000, roi_reg_loss: 0.8764, roi_cls_loss: 0.2921

2022-04-28 17:08:15,073 - INFO - Epoch [2/6][50/100]	lr: 0.00036, eta: 1:15:17, time: 9.985, data_time: 0.088, transfer_time: 0.102, forward_time: 9.321, loss_parse_time: 0.000 memory: 13651, 
2022-04-28 17:08:15,073 - INFO - task : ['VEHICLE', 'PEDESTRIAN', 'CYCLIST'], loss: 2.3936, hm_loss: 0.0000, loc_loss: 0.6369, loc_loss_elem: ['0.1090', '0.0894', '0.1060', '0.0601', '0.0630', '0.0717', '0.0595', '0.0781'], num_positive: 182.4000, roi_reg_loss: 0.8768, roi_cls_loss: 0.2429

2022-04-28 17:09:04,663 - INFO - Epoch [2/6][55/100]	lr: 0.00037, eta: 1:14:25, time: 9.916, data_time: 0.094, transfer_time: 0.102, forward_time: 9.260, loss_parse_time: 0.000 memory: 13651, 
2022-04-28 17:09:04,663 - INFO - task : ['VEHICLE', 'PEDESTRIAN', 'CYCLIST'], loss: 2.2434, hm_loss: 0.0000, loc_loss: 0.5476, loc_loss_elem: ['0.1118', '0.0812', '0.0714', '0.0567', '0.0542', '0.0628', '0.0412', '0.0684'], num_positive: 252.0000, roi_reg_loss: 0.8702, roi_cls_loss: 0.2780

2022-04-28 17:09:54,393 - INFO - Epoch [2/6][60/100]	lr: 0.00038, eta: 1:13:34, time: 9.948, data_time: 0.090, transfer_time: 0.100, forward_time: 9.299, loss_parse_time: 0.000 memory: 13651, 
2022-04-28 17:09:54,393 - INFO - task : ['VEHICLE', 'PEDESTRIAN', 'CYCLIST'], loss: 2.3663, hm_loss: 0.0000, loc_loss: 0.6328, loc_loss_elem: ['0.1075', '0.0917', '0.0913', '0.0597', '0.0632', '0.0746', '0.0647', '0.0801'], num_positive: 224.2000, roi_reg_loss: 0.8458, roi_cls_loss: 0.2549

2022-04-28 17:10:43,934 - INFO - Epoch [2/6][65/100]	lr: 0.00040, eta: 1:12:42, time: 9.906, data_time: 0.090, transfer_time: 0.101, forward_time: 9.257, loss_parse_time: 0.000 memory: 13651, 
2022-04-28 17:10:43,934 - INFO - task : ['VEHICLE', 'PEDESTRIAN', 'CYCLIST'], loss: 2.3203, hm_loss: 0.0000, loc_loss: 0.6268, loc_loss_elem: ['0.1025', '0.0818', '0.0837', '0.0607', '0.0668', '0.0744', '0.0723', '0.0846'], num_positive: 214.0000, roi_reg_loss: 0.8280, roi_cls_loss: 0.2388

2022-04-28 17:11:33,725 - INFO - Epoch [2/6][70/100]	lr: 0.00041, eta: 1:11:51, time: 9.960, data_time: 0.082, transfer_time: 0.101, forward_time: 9.292, loss_parse_time: 0.000 memory: 13651, 
2022-04-28 17:11:33,725 - INFO - task : ['VEHICLE', 'PEDESTRIAN', 'CYCLIST'], loss: 2.1232, hm_loss: 0.0000, loc_loss: 0.5522, loc_loss_elem: ['0.1092', '0.0802', '0.0763', '0.0513', '0.0506', '0.0756', '0.0530', '0.0560'], num_positive: 171.6000, roi_reg_loss: 0.8132, roi_cls_loss: 0.2055

2022-04-28 17:12:23,408 - INFO - Epoch [2/6][75/100]	lr: 0.00042, eta: 1:11:00, time: 9.937, data_time: 0.095, transfer_time: 0.100, forward_time: 9.257, loss_parse_time: 0.000 memory: 13651, 
2022-04-28 17:12:23,409 - INFO - task : ['VEHICLE', 'PEDESTRIAN', 'CYCLIST'], loss: 2.1619, hm_loss: 0.0000, loc_loss: 0.5609, loc_loss_elem: ['0.0997', '0.0868', '0.0854', '0.0538', '0.0555', '0.0678', '0.0427', '0.0692'], num_positive: 246.0000, roi_reg_loss: 0.7836, roi_cls_loss: 0.2565

2022-04-28 17:13:13,026 - INFO - Epoch [2/6][80/100]	lr: 0.00043, eta: 1:10:08, time: 9.923, data_time: 0.087, transfer_time: 0.100, forward_time: 9.275, loss_parse_time: 0.000 memory: 13651, 
2022-04-28 17:13:13,026 - INFO - task : ['VEHICLE', 'PEDESTRIAN', 'CYCLIST'], loss: 2.1850, hm_loss: 0.0000, loc_loss: 0.5830, loc_loss_elem: ['0.1083', '0.0854', '0.0849', '0.0566', '0.0523', '0.0737', '0.0444', '0.0774'], num_positive: 171.0000, roi_reg_loss: 0.8252, roi_cls_loss: 0.1937

2022-04-28 17:14:02,819 - INFO - Epoch [2/6][85/100]	lr: 0.00044, eta: 1:09:18, time: 9.959, data_time: 0.092, transfer_time: 0.101, forward_time: 9.286, loss_parse_time: 0.000 memory: 13651, 
2022-04-28 17:14:02,819 - INFO - task : ['VEHICLE', 'PEDESTRIAN', 'CYCLIST'], loss: 2.2880, hm_loss: 0.0000, loc_loss: 0.6278, loc_loss_elem: ['0.1048', '0.0879', '0.0927', '0.0573', '0.0576', '0.0727', '0.0746', '0.0803'], num_positive: 206.6000, roi_reg_loss: 0.7951, roi_cls_loss: 0.2373

2022-04-28 17:14:52,526 - INFO - Epoch [2/6][90/100]	lr: 0.00045, eta: 1:08:27, time: 9.940, data_time: 0.088, transfer_time: 0.102, forward_time: 9.288, loss_parse_time: 0.000 memory: 13651, 
2022-04-28 17:14:52,526 - INFO - task : ['VEHICLE', 'PEDESTRIAN', 'CYCLIST'], loss: 2.2639, hm_loss: 0.0000, loc_loss: 0.6251, loc_loss_elem: ['0.1022', '0.0903', '0.1004', '0.0551', '0.0548', '0.0725', '0.0717', '0.0781'], num_positive: 182.6000, roi_reg_loss: 0.7910, roi_cls_loss: 0.2226

2022-04-28 17:15:41,828 - INFO - Epoch [2/6][95/100]	lr: 0.00046, eta: 1:07:35, time: 9.862, data_time: 0.084, transfer_time: 0.099, forward_time: 9.197, loss_parse_time: 0.000 memory: 13651, 
2022-04-28 17:15:41,828 - INFO - task : ['VEHICLE', 'PEDESTRIAN', 'CYCLIST'], loss: 2.3564, hm_loss: 0.0000, loc_loss: 0.6540, loc_loss_elem: ['0.1067', '0.0842', '0.1018', '0.0606', '0.0677', '0.0745', '0.0714', '0.0870'], num_positive: 195.4000, roi_reg_loss: 0.8242, roi_cls_loss: 0.2242

2022-04-28 17:16:31,280 - INFO - Epoch [2/6][100/100]	lr: 0.00047, eta: 1:06:44, time: 9.888, data_time: 0.087, transfer_time: 0.100, forward_time: 9.237, loss_parse_time: 0.000 memory: 13651, 
2022-04-28 17:16:31,281 - INFO - task : ['VEHICLE', 'PEDESTRIAN', 'CYCLIST'], loss: 2.2019, hm_loss: 0.0000, loc_loss: 0.6063, loc_loss_elem: ['0.1031', '0.0883', '0.0855', '0.0595', '0.0606', '0.0704', '0.0685', '0.0707'], num_positive: 207.4000, roi_reg_loss: 0.7764, roi_cls_loss: 0.2128

2022-04-28 17:17:28,496 - INFO - Epoch [3/6][5/100]	lr: 0.00048, eta: 1:06:06, time: 11.327, data_time: 1.332, transfer_time: 0.104, forward_time: 9.439, loss_parse_time: 0.000 memory: 13651, 
2022-04-28 17:17:28,496 - INFO - task : ['VEHICLE', 'PEDESTRIAN', 'CYCLIST'], loss: 2.1040, hm_loss: 0.0000, loc_loss: 0.5591, loc_loss_elem: ['0.1102', '0.0852', '0.0867', '0.0546', '0.0589', '0.0701', '0.0430', '0.0505'], num_positive: 212.0000, roi_reg_loss: 0.7649, roi_cls_loss: 0.2208

2022-04-28 17:18:18,244 - INFO - Epoch [3/6][10/100]	lr: 0.00048, eta: 1:05:15, time: 9.948, data_time: 0.091, transfer_time: 0.100, forward_time: 9.293, loss_parse_time: 0.000 memory: 13651, 
2022-04-28 17:18:18,244 - INFO - task : ['VEHICLE', 'PEDESTRIAN', 'CYCLIST'], loss: 2.1204, hm_loss: 0.0000, loc_loss: 0.5810, loc_loss_elem: ['0.1035', '0.0841', '0.0788', '0.0585', '0.0573', '0.0682', '0.0550', '0.0755'], num_positive: 204.2000, roi_reg_loss: 0.7376, roi_cls_loss: 0.2208

2022-04-28 17:19:07,715 - INFO - Epoch [3/6][15/100]	lr: 0.00049, eta: 1:04:24, time: 9.896, data_time: 0.096, transfer_time: 0.099, forward_time: 9.211, loss_parse_time: 0.000 memory: 13651, 
2022-04-28 17:19:07,715 - INFO - task : ['VEHICLE', 'PEDESTRIAN', 'CYCLIST'], loss: 2.1856, hm_loss: 0.0000, loc_loss: 0.5979, loc_loss_elem: ['0.0980', '0.0817', '0.0848', '0.0595', '0.0658', '0.0679', '0.0614', '0.0788'], num_positive: 259.0000, roi_reg_loss: 0.7272, roi_cls_loss: 0.2625

2022-04-28 17:19:57,084 - INFO - Epoch [3/6][20/100]	lr: 0.00049, eta: 1:03:32, time: 9.874, data_time: 0.086, transfer_time: 0.101, forward_time: 9.204, loss_parse_time: 0.000 memory: 13651, 
2022-04-28 17:19:57,085 - INFO - task : ['VEHICLE', 'PEDESTRIAN', 'CYCLIST'], loss: 2.0860, hm_loss: 0.0000, loc_loss: 0.5643, loc_loss_elem: ['0.1009', '0.0772', '0.0742', '0.0555', '0.0619', '0.0677', '0.0560', '0.0708'], num_positive: 264.4000, roi_reg_loss: 0.7112, roi_cls_loss: 0.2461

2022-04-28 17:20:46,668 - INFO - Epoch [3/6][25/100]	lr: 0.00050, eta: 1:02:41, time: 9.915, data_time: 0.090, transfer_time: 0.102, forward_time: 9.266, loss_parse_time: 0.000 memory: 13651, 
2022-04-28 17:20:46,668 - INFO - task : ['VEHICLE', 'PEDESTRIAN', 'CYCLIST'], loss: 2.2227, hm_loss: 0.0000, loc_loss: 0.6235, loc_loss_elem: ['0.1022', '0.0904', '0.0907', '0.0584', '0.0606', '0.0726', '0.0680', '0.0806'], num_positive: 187.8000, roi_reg_loss: 0.7517, roi_cls_loss: 0.2239

2022-04-28 17:21:36,374 - INFO - Epoch [3/6][30/100]	lr: 0.00050, eta: 1:01:50, time: 9.943, data_time: 0.095, transfer_time: 0.099, forward_time: 9.284, loss_parse_time: 0.000 memory: 13651, 
2022-04-28 17:21:36,375 - INFO - task : ['VEHICLE', 'PEDESTRIAN', 'CYCLIST'], loss: 2.2143, hm_loss: 0.0000, loc_loss: 0.6154, loc_loss_elem: ['0.1031', '0.0776', '0.0935', '0.0620', '0.0701', '0.0724', '0.0678', '0.0690'], num_positive: 217.2000, roi_reg_loss: 0.7681, roi_cls_loss: 0.2154

2022-04-28 17:22:26,011 - INFO - Epoch [3/6][35/100]	lr: 0.00050, eta: 1:00:59, time: 9.927, data_time: 0.087, transfer_time: 0.100, forward_time: 9.253, loss_parse_time: 0.000 memory: 13651, 
2022-04-28 17:22:26,011 - INFO - task : ['VEHICLE', 'PEDESTRIAN', 'CYCLIST'], loss: 2.1942, hm_loss: 0.0000, loc_loss: 0.5867, loc_loss_elem: ['0.0996', '0.0813', '0.0824', '0.0598', '0.0651', '0.0695', '0.0590', '0.0701'], num_positive: 294.0000, roi_reg_loss: 0.7314, roi_cls_loss: 0.2895

2022-04-28 17:23:15,736 - INFO - Epoch [3/6][40/100]	lr: 0.00050, eta: 1:00:08, time: 9.945, data_time: 0.087, transfer_time: 0.104, forward_time: 9.268, loss_parse_time: 0.000 memory: 13651, 
2022-04-28 17:23:15,736 - INFO - task : ['VEHICLE', 'PEDESTRIAN', 'CYCLIST'], loss: 2.1364, hm_loss: 0.0000, loc_loss: 0.5835, loc_loss_elem: ['0.1032', '0.0861', '0.0843', '0.0580', '0.0580', '0.0678', '0.0607', '0.0653'], num_positive: 214.6000, roi_reg_loss: 0.7309, roi_cls_loss: 0.2386

2022-04-28 17:24:05,327 - INFO - Epoch [3/6][45/100]	lr: 0.00050, eta: 0:59:18, time: 9.918, data_time: 0.092, transfer_time: 0.105, forward_time: 9.255, loss_parse_time: 0.000 memory: 13651, 
2022-04-28 17:24:05,328 - INFO - task : ['VEHICLE', 'PEDESTRIAN', 'CYCLIST'], loss: 2.1260, hm_loss: 0.0000, loc_loss: 0.5920, loc_loss_elem: ['0.1027', '0.0843', '0.0843', '0.0572', '0.0557', '0.0731', '0.0567', '0.0778'], num_positive: 204.8000, roi_reg_loss: 0.7205, roi_cls_loss: 0.2216

2022-04-28 17:24:54,839 - INFO - Epoch [3/6][50/100]	lr: 0.00050, eta: 0:58:27, time: 9.902, data_time: 0.092, transfer_time: 0.103, forward_time: 9.227, loss_parse_time: 0.000 memory: 13651, 
2022-04-28 17:24:54,839 - INFO - task : ['VEHICLE', 'PEDESTRIAN', 'CYCLIST'], loss: 2.2264, hm_loss: 0.0000, loc_loss: 0.6231, loc_loss_elem: ['0.1069', '0.0866', '0.0887', '0.0566', '0.0649', '0.0726', '0.0621', '0.0847'], num_positive: 203.4000, roi_reg_loss: 0.7611, roi_cls_loss: 0.2192

2022-04-28 17:25:44,613 - INFO - Epoch [3/6][55/100]	lr: 0.00050, eta: 0:57:36, time: 9.953, data_time: 0.087, transfer_time: 0.102, forward_time: 9.294, loss_parse_time: 0.000 memory: 13651, 
2022-04-28 17:25:44,613 - INFO - task : ['VEHICLE', 'PEDESTRIAN', 'CYCLIST'], loss: 2.2454, hm_loss: 0.0000, loc_loss: 0.6176, loc_loss_elem: ['0.1072', '0.0877', '0.0910', '0.0591', '0.0579', '0.0711', '0.0601', '0.0835'], num_positive: 220.2000, roi_reg_loss: 0.7591, roi_cls_loss: 0.2510

2022-04-28 17:26:33,840 - INFO - Epoch [3/6][60/100]	lr: 0.00050, eta: 0:56:45, time: 9.848, data_time: 0.087, transfer_time: 0.102, forward_time: 9.195, loss_parse_time: 0.000 memory: 13651, 
2022-04-28 17:26:33,841 - INFO - task : ['VEHICLE', 'PEDESTRIAN', 'CYCLIST'], loss: 2.1184, hm_loss: 0.0000, loc_loss: 0.5722, loc_loss_elem: ['0.1017', '0.0788', '0.0760', '0.0585', '0.0577', '0.0633', '0.0593', '0.0769'], num_positive: 251.2000, roi_reg_loss: 0.7299, roi_cls_loss: 0.2443

2022-04-28 17:27:23,541 - INFO - Epoch [3/6][65/100]	lr: 0.00049, eta: 0:55:54, time: 9.940, data_time: 0.098, transfer_time: 0.100, forward_time: 9.274, loss_parse_time: 0.000 memory: 13651, 
2022-04-28 17:27:23,541 - INFO - task : ['VEHICLE', 'PEDESTRIAN', 'CYCLIST'], loss: 2.1765, hm_loss: 0.0000, loc_loss: 0.5793, loc_loss_elem: ['0.1051', '0.0872', '0.0974', '0.0557', '0.0538', '0.0706', '0.0489', '0.0604'], num_positive: 233.8000, roi_reg_loss: 0.7682, roi_cls_loss: 0.2497

2022-04-28 17:28:12,904 - INFO - Epoch [3/6][70/100]	lr: 0.00049, eta: 0:55:03, time: 9.873, data_time: 0.089, transfer_time: 0.101, forward_time: 9.194, loss_parse_time: 0.000 memory: 13651, 
2022-04-28 17:28:12,904 - INFO - task : ['VEHICLE', 'PEDESTRIAN', 'CYCLIST'], loss: 2.1158, hm_loss: 0.0000, loc_loss: 0.5988, loc_loss_elem: ['0.0974', '0.0809', '0.0868', '0.0567', '0.0610', '0.0691', '0.0671', '0.0796'], num_positive: 214.6000, roi_reg_loss: 0.7088, roi_cls_loss: 0.2095

2022-04-28 17:29:02,406 - INFO - Epoch [3/6][75/100]	lr: 0.00049, eta: 0:54:13, time: 9.899, data_time: 0.092, transfer_time: 0.101, forward_time: 9.244, loss_parse_time: 0.000 memory: 13651, 
2022-04-28 17:29:02,407 - INFO - task : ['VEHICLE', 'PEDESTRIAN', 'CYCLIST'], loss: 2.1784, hm_loss: 0.0000, loc_loss: 0.5935, loc_loss_elem: ['0.1026', '0.0875', '0.0860', '0.0578', '0.0559', '0.0671', '0.0622', '0.0744'], num_positive: 250.4000, roi_reg_loss: 0.7404, roi_cls_loss: 0.2510

2022-04-28 17:29:52,502 - INFO - Epoch [3/6][80/100]	lr: 0.00049, eta: 0:53:23, time: 10.021, data_time: 0.090, transfer_time: 0.101, forward_time: 9.347, loss_parse_time: 0.000 memory: 13651, 
2022-04-28 17:29:52,503 - INFO - task : ['VEHICLE', 'PEDESTRIAN', 'CYCLIST'], loss: 2.1644, hm_loss: 0.0000, loc_loss: 0.6149, loc_loss_elem: ['0.0999', '0.0851', '0.0936', '0.0586', '0.0560', '0.0821', '0.0697', '0.0698'], num_positive: 163.2000, roi_reg_loss: 0.7631, roi_cls_loss: 0.1715

2022-04-28 17:30:42,891 - INFO - Epoch [3/6][85/100]	lr: 0.00048, eta: 0:52:33, time: 10.075, data_time: 0.090, transfer_time: 0.101, forward_time: 9.368, loss_parse_time: 0.000 memory: 13651, 
2022-04-28 17:30:42,891 - INFO - task : ['VEHICLE', 'PEDESTRIAN', 'CYCLIST'], loss: 2.1420, hm_loss: 0.0000, loc_loss: 0.5808, loc_loss_elem: ['0.1120', '0.0875', '0.0851', '0.0541', '0.0530', '0.0701', '0.0508', '0.0681'], num_positive: 222.6000, roi_reg_loss: 0.7407, roi_cls_loss: 0.2396

2022-04-28 17:31:32,853 - INFO - Epoch [3/6][90/100]	lr: 0.00048, eta: 0:51:43, time: 9.995, data_time: 0.094, transfer_time: 0.099, forward_time: 9.338, loss_parse_time: 0.000 memory: 13651, 
2022-04-28 17:31:32,853 - INFO - task : ['VEHICLE', 'PEDESTRIAN', 'CYCLIST'], loss: 2.0569, hm_loss: 0.0000, loc_loss: 0.5676, loc_loss_elem: ['0.1041', '0.0813', '0.0757', '0.0589', '0.0624', '0.0672', '0.0552', '0.0628'], num_positive: 262.2000, roi_reg_loss: 0.6816, roi_cls_loss: 0.2401

2022-04-28 17:32:22,406 - INFO - Epoch [3/6][95/100]	lr: 0.00047, eta: 0:50:52, time: 9.911, data_time: 0.082, transfer_time: 0.098, forward_time: 9.274, loss_parse_time: 0.000 memory: 13651, 
2022-04-28 17:32:22,407 - INFO - task : ['VEHICLE', 'PEDESTRIAN', 'CYCLIST'], loss: 2.1092, hm_loss: 0.0000, loc_loss: 0.6025, loc_loss_elem: ['0.1031', '0.0832', '0.0894', '0.0581', '0.0640', '0.0730', '0.0561', '0.0756'], num_positive: 228.2000, roi_reg_loss: 0.6802, roi_cls_loss: 0.2241

2022-04-28 17:33:11,905 - INFO - Epoch [3/6][100/100]	lr: 0.00047, eta: 0:50:02, time: 9.898, data_time: 0.094, transfer_time: 0.103, forward_time: 9.227, loss_parse_time: 0.000 memory: 13651, 
2022-04-28 17:33:11,906 - INFO - task : ['VEHICLE', 'PEDESTRIAN', 'CYCLIST'], loss: 2.2610, hm_loss: 0.0000, loc_loss: 0.6262, loc_loss_elem: ['0.1099', '0.0881', '0.0906', '0.0568', '0.0598', '0.0772', '0.0627', '0.0811'], num_positive: 207.6000, roi_reg_loss: 0.7755, roi_cls_loss: 0.2331

2022-04-28 17:34:09,438 - INFO - Epoch [4/6][5/100]	lr: 0.00046, eta: 0:49:18, time: 11.392, data_time: 1.323, transfer_time: 0.100, forward_time: 9.468, loss_parse_time: 0.000 memory: 13651, 
2022-04-28 17:34:09,438 - INFO - task : ['VEHICLE', 'PEDESTRIAN', 'CYCLIST'], loss: 2.1422, hm_loss: 0.0000, loc_loss: 0.6101, loc_loss_elem: ['0.1003', '0.0867', '0.0874', '0.0577', '0.0601', '0.0752', '0.0620', '0.0807'], num_positive: 227.0000, roi_reg_loss: 0.6921, roi_cls_loss: 0.2298

2022-04-28 17:34:59,316 - INFO - Epoch [4/6][10/100]	lr: 0.00046, eta: 0:48:28, time: 9.974, data_time: 0.089, transfer_time: 0.098, forward_time: 9.299, loss_parse_time: 0.000 memory: 13651, 
2022-04-28 17:34:59,316 - INFO - task : ['VEHICLE', 'PEDESTRIAN', 'CYCLIST'], loss: 2.0597, hm_loss: 0.0000, loc_loss: 0.5810, loc_loss_elem: ['0.1014', '0.0821', '0.0820', '0.0584', '0.0604', '0.0719', '0.0501', '0.0746'], num_positive: 226.2000, roi_reg_loss: 0.6833, roi_cls_loss: 0.2144

2022-04-28 17:35:48,875 - INFO - Epoch [4/6][15/100]	lr: 0.00045, eta: 0:47:37, time: 9.912, data_time: 0.095, transfer_time: 0.098, forward_time: 9.252, loss_parse_time: 0.000 memory: 13651, 
2022-04-28 17:35:48,875 - INFO - task : ['VEHICLE', 'PEDESTRIAN', 'CYCLIST'], loss: 2.2427, hm_loss: 0.0000, loc_loss: 0.6373, loc_loss_elem: ['0.1023', '0.0865', '0.0905', '0.0609', '0.0633', '0.0778', '0.0707', '0.0853'], num_positive: 235.0000, roi_reg_loss: 0.7121, roi_cls_loss: 0.2561

2022-04-28 17:36:38,533 - INFO - Epoch [4/6][20/100]	lr: 0.00044, eta: 0:46:47, time: 9.933, data_time: 0.086, transfer_time: 0.101, forward_time: 9.269, loss_parse_time: 0.000 memory: 13651, 
2022-04-28 17:36:38,534 - INFO - task : ['VEHICLE', 'PEDESTRIAN', 'CYCLIST'], loss: 2.0256, hm_loss: 0.0000, loc_loss: 0.5787, loc_loss_elem: ['0.1028', '0.0804', '0.0781', '0.0554', '0.0616', '0.0659', '0.0579', '0.0765'], num_positive: 221.8000, roi_reg_loss: 0.6464, roi_cls_loss: 0.2219

2022-04-28 17:37:28,047 - INFO - Epoch [4/6][25/100]	lr: 0.00044, eta: 0:45:56, time: 9.903, data_time: 0.087, transfer_time: 0.099, forward_time: 9.255, loss_parse_time: 0.000 memory: 13651, 
2022-04-28 17:37:28,047 - INFO - task : ['VEHICLE', 'PEDESTRIAN', 'CYCLIST'], loss: 2.1036, hm_loss: 0.0000, loc_loss: 0.5944, loc_loss_elem: ['0.1062', '0.0845', '0.0855', '0.0603', '0.0612', '0.0701', '0.0530', '0.0737'], num_positive: 202.8000, roi_reg_loss: 0.6984, roi_cls_loss: 0.2163

2022-04-28 17:38:17,535 - INFO - Epoch [4/6][30/100]	lr: 0.00043, eta: 0:45:05, time: 9.898, data_time: 0.088, transfer_time: 0.101, forward_time: 9.225, loss_parse_time: 0.000 memory: 13651, 
2022-04-28 17:38:17,535 - INFO - task : ['VEHICLE', 'PEDESTRIAN', 'CYCLIST'], loss: 2.0447, hm_loss: 0.0000, loc_loss: 0.5894, loc_loss_elem: ['0.1007', '0.0825', '0.0840', '0.0576', '0.0632', '0.0682', '0.0644', '0.0689'], num_positive: 169.2000, roi_reg_loss: 0.6741, roi_cls_loss: 0.1917

2022-04-28 17:39:07,267 - INFO - Epoch [4/6][35/100]	lr: 0.00042, eta: 0:44:15, time: 9.946, data_time: 0.095, transfer_time: 0.104, forward_time: 9.256, loss_parse_time: 0.000 memory: 13651, 
2022-04-28 17:39:07,267 - INFO - task : ['VEHICLE', 'PEDESTRIAN', 'CYCLIST'], loss: 2.1757, hm_loss: 0.0000, loc_loss: 0.6298, loc_loss_elem: ['0.1053', '0.0877', '0.0875', '0.0590', '0.0666', '0.0707', '0.0743', '0.0786'], num_positive: 197.0000, roi_reg_loss: 0.7182, roi_cls_loss: 0.1979

2022-04-28 17:39:56,800 - INFO - Epoch [4/6][40/100]	lr: 0.00041, eta: 0:43:24, time: 9.905, data_time: 0.085, transfer_time: 0.101, forward_time: 9.246, loss_parse_time: 0.000 memory: 13651, 
2022-04-28 17:39:56,800 - INFO - task : ['VEHICLE', 'PEDESTRIAN', 'CYCLIST'], loss: 2.0480, hm_loss: 0.0000, loc_loss: 0.5753, loc_loss_elem: ['0.1068', '0.0785', '0.0824', '0.0575', '0.0601', '0.0737', '0.0517', '0.0646'], num_positive: 231.6000, roi_reg_loss: 0.6644, roi_cls_loss: 0.2331

2022-04-28 17:40:46,246 - INFO - Epoch [4/6][45/100]	lr: 0.00040, eta: 0:42:34, time: 9.888, data_time: 0.090, transfer_time: 0.100, forward_time: 9.236, loss_parse_time: 0.000 memory: 13651, 
2022-04-28 17:40:46,246 - INFO - task : ['VEHICLE', 'PEDESTRIAN', 'CYCLIST'], loss: 2.1428, hm_loss: 0.0000, loc_loss: 0.5898, loc_loss_elem: ['0.1068', '0.0823', '0.0806', '0.0603', '0.0603', '0.0673', '0.0577', '0.0745'], num_positive: 259.4000, roi_reg_loss: 0.7114, roi_cls_loss: 0.2517

2022-04-28 17:41:36,101 - INFO - Epoch [4/6][50/100]	lr: 0.00040, eta: 0:41:44, time: 9.973, data_time: 0.088, transfer_time: 0.098, forward_time: 9.302, loss_parse_time: 0.000 memory: 13651, 
2022-04-28 17:41:36,101 - INFO - task : ['VEHICLE', 'PEDESTRIAN', 'CYCLIST'], loss: 2.1535, hm_loss: 0.0000, loc_loss: 0.5934, loc_loss_elem: ['0.1047', '0.0849', '0.0819', '0.0607', '0.0622', '0.0659', '0.0509', '0.0822'], num_positive: 236.8000, roi_reg_loss: 0.7175, roi_cls_loss: 0.2491

2022-04-28 17:42:25,602 - INFO - Epoch [4/6][55/100]	lr: 0.00039, eta: 0:40:53, time: 9.898, data_time: 0.090, transfer_time: 0.104, forward_time: 9.230, loss_parse_time: 0.000 memory: 13651, 
2022-04-28 17:42:25,602 - INFO - task : ['VEHICLE', 'PEDESTRIAN', 'CYCLIST'], loss: 2.0235, hm_loss: 0.0000, loc_loss: 0.5817, loc_loss_elem: ['0.1027', '0.0802', '0.0812', '0.0587', '0.0618', '0.0730', '0.0572', '0.0670'], num_positive: 214.0000, roi_reg_loss: 0.6574, roi_cls_loss: 0.2027

2022-04-28 17:43:15,155 - INFO - Epoch [4/6][60/100]	lr: 0.00038, eta: 0:40:03, time: 9.913, data_time: 0.094, transfer_time: 0.100, forward_time: 9.230, loss_parse_time: 0.000 memory: 13651, 
2022-04-28 17:43:15,155 - INFO - task : ['VEHICLE', 'PEDESTRIAN', 'CYCLIST'], loss: 2.0930, hm_loss: 0.0000, loc_loss: 0.5802, loc_loss_elem: ['0.1068', '0.0838', '0.0884', '0.0530', '0.0599', '0.0732', '0.0512', '0.0639'], num_positive: 208.4000, roi_reg_loss: 0.7197, roi_cls_loss: 0.2128

2022-04-28 17:44:04,314 - INFO - Epoch [4/6][65/100]	lr: 0.00037, eta: 0:39:12, time: 9.831, data_time: 0.086, transfer_time: 0.096, forward_time: 9.174, loss_parse_time: 0.000 memory: 13651, 
2022-04-28 17:44:04,315 - INFO - task : ['VEHICLE', 'PEDESTRIAN', 'CYCLIST'], loss: 1.9222, hm_loss: 0.0000, loc_loss: 0.5588, loc_loss_elem: ['0.1030', '0.0745', '0.0835', '0.0541', '0.0560', '0.0693', '0.0596', '0.0588'], num_positive: 183.2000, roi_reg_loss: 0.6268, roi_cls_loss: 0.1777

2022-04-28 17:44:54,440 - INFO - Epoch [4/6][70/100]	lr: 0.00036, eta: 0:38:22, time: 10.026, data_time: 0.088, transfer_time: 0.103, forward_time: 9.363, loss_parse_time: 0.000 memory: 13651, 
2022-04-28 17:44:54,440 - INFO - task : ['VEHICLE', 'PEDESTRIAN', 'CYCLIST'], loss: 1.9218, hm_loss: 0.0000, loc_loss: 0.5468, loc_loss_elem: ['0.0991', '0.0835', '0.0790', '0.0534', '0.0517', '0.0648', '0.0493', '0.0659'], num_positive: 185.2000, roi_reg_loss: 0.6451, roi_cls_loss: 0.1831

2022-04-28 17:45:44,569 - INFO - Epoch [4/6][75/100]	lr: 0.00035, eta: 0:37:32, time: 10.026, data_time: 0.086, transfer_time: 0.103, forward_time: 9.377, loss_parse_time: 0.000 memory: 13651, 
2022-04-28 17:45:44,569 - INFO - task : ['VEHICLE', 'PEDESTRIAN', 'CYCLIST'], loss: 2.0689, hm_loss: 0.0000, loc_loss: 0.5822, loc_loss_elem: ['0.1086', '0.0842', '0.0931', '0.0570', '0.0569', '0.0640', '0.0524', '0.0659'], num_positive: 241.0000, roi_reg_loss: 0.6459, roi_cls_loss: 0.2587

2022-04-28 17:46:34,485 - INFO - Epoch [4/6][80/100]	lr: 0.00034, eta: 0:36:42, time: 9.981, data_time: 0.084, transfer_time: 0.101, forward_time: 9.342, loss_parse_time: 0.000 memory: 13651, 
2022-04-28 17:46:34,486 - INFO - task : ['VEHICLE', 'PEDESTRIAN', 'CYCLIST'], loss: 2.1076, hm_loss: 0.0000, loc_loss: 0.5978, loc_loss_elem: ['0.0981', '0.0837', '0.0840', '0.0596', '0.0633', '0.0731', '0.0542', '0.0819'], num_positive: 241.0000, roi_reg_loss: 0.6730, roi_cls_loss: 0.2389

2022-04-28 17:47:24,119 - INFO - Epoch [4/6][85/100]	lr: 0.00033, eta: 0:35:52, time: 9.928, data_time: 0.094, transfer_time: 0.100, forward_time: 9.268, loss_parse_time: 0.000 memory: 13651, 
2022-04-28 17:47:24,119 - INFO - task : ['VEHICLE', 'PEDESTRIAN', 'CYCLIST'], loss: 1.9279, hm_loss: 0.0000, loc_loss: 0.5537, loc_loss_elem: ['0.1055', '0.0800', '0.0788', '0.0525', '0.0524', '0.0667', '0.0474', '0.0704'], num_positive: 220.4000, roi_reg_loss: 0.6193, roi_cls_loss: 0.2013

2022-04-28 17:48:14,212 - INFO - Epoch [4/6][90/100]	lr: 0.00032, eta: 0:35:02, time: 10.019, data_time: 0.092, transfer_time: 0.101, forward_time: 9.369, loss_parse_time: 0.000 memory: 13651, 
2022-04-28 17:48:14,213 - INFO - task : ['VEHICLE', 'PEDESTRIAN', 'CYCLIST'], loss: 2.0219, hm_loss: 0.0000, loc_loss: 0.5627, loc_loss_elem: ['0.0989', '0.0893', '0.0941', '0.0510', '0.0506', '0.0724', '0.0470', '0.0595'], num_positive: 238.4000, roi_reg_loss: 0.6663, roi_cls_loss: 0.2302

2022-04-28 17:49:04,129 - INFO - Epoch [4/6][95/100]	lr: 0.00031, eta: 0:34:11, time: 9.983, data_time: 0.094, transfer_time: 0.100, forward_time: 9.325, loss_parse_time: 0.000 memory: 13651, 
2022-04-28 17:49:04,129 - INFO - task : ['VEHICLE', 'PEDESTRIAN', 'CYCLIST'], loss: 2.0101, hm_loss: 0.0000, loc_loss: 0.5585, loc_loss_elem: ['0.1031', '0.0847', '0.0795', '0.0548', '0.0563', '0.0672', '0.0501', '0.0628'], num_positive: 254.4000, roi_reg_loss: 0.6438, roi_cls_loss: 0.2494

2022-04-28 17:49:53,645 - INFO - Epoch [4/6][100/100]	lr: 0.00030, eta: 0:33:21, time: 9.901, data_time: 0.092, transfer_time: 0.101, forward_time: 9.223, loss_parse_time: 0.000 memory: 13651, 
2022-04-28 17:49:53,646 - INFO - task : ['VEHICLE', 'PEDESTRIAN', 'CYCLIST'], loss: 2.1935, hm_loss: 0.0000, loc_loss: 0.6482, loc_loss_elem: ['0.1044', '0.0902', '0.0904', '0.0604', '0.0632', '0.0721', '0.0761', '0.0915'], num_positive: 190.6000, roi_reg_loss: 0.6884, roi_cls_loss: 0.2087

2022-04-28 17:50:50,558 - INFO - Epoch [5/6][5/100]	lr: 0.00028, eta: 0:32:34, time: 11.272, data_time: 1.360, transfer_time: 0.102, forward_time: 9.365, loss_parse_time: 0.000 memory: 13651, 
2022-04-28 17:50:50,559 - INFO - task : ['VEHICLE', 'PEDESTRIAN', 'CYCLIST'], loss: 1.9470, hm_loss: 0.0000, loc_loss: 0.5775, loc_loss_elem: ['0.1123', '0.0795', '0.0794', '0.0580', '0.0627', '0.0727', '0.0510', '0.0619'], num_positive: 184.0000, roi_reg_loss: 0.5998, roi_cls_loss: 0.1922

2022-04-28 17:51:40,299 - INFO - Epoch [5/6][10/100]	lr: 0.00027, eta: 0:31:44, time: 9.948, data_time: 0.085, transfer_time: 0.098, forward_time: 9.297, loss_parse_time: 0.000 memory: 13651, 
2022-04-28 17:51:40,299 - INFO - task : ['VEHICLE', 'PEDESTRIAN', 'CYCLIST'], loss: 2.0776, hm_loss: 0.0000, loc_loss: 0.6012, loc_loss_elem: ['0.1045', '0.0850', '0.0844', '0.0622', '0.0675', '0.0714', '0.0580', '0.0683'], num_positive: 237.0000, roi_reg_loss: 0.6422, roi_cls_loss: 0.2329

2022-04-28 17:52:30,306 - INFO - Epoch [5/6][15/100]	lr: 0.00026, eta: 0:30:54, time: 10.001, data_time: 0.086, transfer_time: 0.102, forward_time: 9.345, loss_parse_time: 0.000 memory: 13651, 
2022-04-28 17:52:30,306 - INFO - task : ['VEHICLE', 'PEDESTRIAN', 'CYCLIST'], loss: 2.0624, hm_loss: 0.0000, loc_loss: 0.5913, loc_loss_elem: ['0.0955', '0.0845', '0.0908', '0.0586', '0.0602', '0.0700', '0.0602', '0.0714'], num_positive: 216.4000, roi_reg_loss: 0.6625, roi_cls_loss: 0.2174

2022-04-28 17:53:20,394 - INFO - Epoch [5/6][20/100]	lr: 0.00025, eta: 0:30:04, time: 10.015, data_time: 0.082, transfer_time: 0.105, forward_time: 9.345, loss_parse_time: 0.000 memory: 13651, 
2022-04-28 17:53:20,394 - INFO - task : ['VEHICLE', 'PEDESTRIAN', 'CYCLIST'], loss: 2.0931, hm_loss: 0.0000, loc_loss: 0.6107, loc_loss_elem: ['0.1030', '0.0888', '0.1038', '0.0566', '0.0580', '0.0791', '0.0523', '0.0690'], num_positive: 185.6000, roi_reg_loss: 0.6780, roi_cls_loss: 0.1937

2022-04-28 17:54:10,072 - INFO - Epoch [5/6][25/100]	lr: 0.00024, eta: 0:29:13, time: 9.935, data_time: 0.095, transfer_time: 0.104, forward_time: 9.277, loss_parse_time: 0.000 memory: 13651, 
2022-04-28 17:54:10,072 - INFO - task : ['VEHICLE', 'PEDESTRIAN', 'CYCLIST'], loss: 2.0596, hm_loss: 0.0000, loc_loss: 0.5952, loc_loss_elem: ['0.1000', '0.0766', '0.0768', '0.0627', '0.0668', '0.0629', '0.0676', '0.0818'], num_positive: 278.6000, roi_reg_loss: 0.6215, roi_cls_loss: 0.2477

2022-04-28 17:55:00,002 - INFO - Epoch [5/6][30/100]	lr: 0.00023, eta: 0:28:23, time: 9.988, data_time: 0.095, transfer_time: 0.100, forward_time: 9.298, loss_parse_time: 0.000 memory: 13651, 
2022-04-28 17:55:00,002 - INFO - task : ['VEHICLE', 'PEDESTRIAN', 'CYCLIST'], loss: 2.0728, hm_loss: 0.0000, loc_loss: 0.5978, loc_loss_elem: ['0.0995', '0.0881', '0.0891', '0.0599', '0.0647', '0.0724', '0.0536', '0.0704'], num_positive: 238.8000, roi_reg_loss: 0.6451, roi_cls_loss: 0.2321

2022-04-28 17:55:49,694 - INFO - Epoch [5/6][35/100]	lr: 0.00022, eta: 0:27:33, time: 9.936, data_time: 0.092, transfer_time: 0.099, forward_time: 9.264, loss_parse_time: 0.000 memory: 13651, 
2022-04-28 17:55:49,694 - INFO - task : ['VEHICLE', 'PEDESTRIAN', 'CYCLIST'], loss: 1.9375, hm_loss: 0.0000, loc_loss: 0.5540, loc_loss_elem: ['0.0964', '0.0757', '0.0743', '0.0583', '0.0637', '0.0699', '0.0537', '0.0619'], num_positive: 233.0000, roi_reg_loss: 0.6011, roi_cls_loss: 0.2284

2022-04-28 17:56:39,709 - INFO - Epoch [5/6][40/100]	lr: 0.00021, eta: 0:26:43, time: 10.005, data_time: 0.087, transfer_time: 0.102, forward_time: 9.326, loss_parse_time: 0.000 memory: 13651, 
2022-04-28 17:56:39,710 - INFO - task : ['VEHICLE', 'PEDESTRIAN', 'CYCLIST'], loss: 2.1998, hm_loss: 0.0000, loc_loss: 0.6552, loc_loss_elem: ['0.0993', '0.0931', '0.0934', '0.0636', '0.0685', '0.0734', '0.0749', '0.0891'], num_positive: 210.8000, roi_reg_loss: 0.6590, roi_cls_loss: 0.2303

2022-04-28 17:57:29,625 - INFO - Epoch [5/6][45/100]	lr: 0.00020, eta: 0:25:53, time: 9.981, data_time: 0.093, transfer_time: 0.102, forward_time: 9.297, loss_parse_time: 0.000 memory: 13651, 
2022-04-28 17:57:29,625 - INFO - task : ['VEHICLE', 'PEDESTRIAN', 'CYCLIST'], loss: 2.0370, hm_loss: 0.0000, loc_loss: 0.5900, loc_loss_elem: ['0.1027', '0.0857', '0.0884', '0.0569', '0.0589', '0.0671', '0.0548', '0.0755'], num_positive: 258.4000, roi_reg_loss: 0.6017, roi_cls_loss: 0.2554

2022-04-28 17:58:19,847 - INFO - Epoch [5/6][50/100]	lr: 0.00019, eta: 0:25:02, time: 10.047, data_time: 0.092, transfer_time: 0.101, forward_time: 9.361, loss_parse_time: 0.000 memory: 13651, 
2022-04-28 17:58:19,848 - INFO - task : ['VEHICLE', 'PEDESTRIAN', 'CYCLIST'], loss: 1.9274, hm_loss: 0.0000, loc_loss: 0.5695, loc_loss_elem: ['0.1135', '0.0838', '0.0902', '0.0512', '0.0542', '0.0729', '0.0418', '0.0619'], num_positive: 167.4000, roi_reg_loss: 0.6112, roi_cls_loss: 0.1771

2022-04-28 17:59:09,744 - INFO - Epoch [5/6][55/100]	lr: 0.00018, eta: 0:24:12, time: 9.980, data_time: 0.095, transfer_time: 0.107, forward_time: 9.307, loss_parse_time: 0.000 memory: 13651, 
2022-04-28 17:59:09,745 - INFO - task : ['VEHICLE', 'PEDESTRIAN', 'CYCLIST'], loss: 2.0150, hm_loss: 0.0000, loc_loss: 0.5753, loc_loss_elem: ['0.0996', '0.0806', '0.0827', '0.0571', '0.0598', '0.0677', '0.0572', '0.0706'], num_positive: 229.8000, roi_reg_loss: 0.6514, roi_cls_loss: 0.2130

2022-04-28 17:59:59,771 - INFO - Epoch [5/6][60/100]	lr: 0.00017, eta: 0:23:22, time: 10.005, data_time: 0.087, transfer_time: 0.107, forward_time: 9.314, loss_parse_time: 0.000 memory: 13651, 
2022-04-28 17:59:59,771 - INFO - task : ['VEHICLE', 'PEDESTRIAN', 'CYCLIST'], loss: 1.9868, hm_loss: 0.0000, loc_loss: 0.5859, loc_loss_elem: ['0.1118', '0.0872', '0.0950', '0.0553', '0.0543', '0.0703', '0.0451', '0.0669'], num_positive: 185.0000, roi_reg_loss: 0.6279, roi_cls_loss: 0.1870

2022-04-28 18:00:49,990 - INFO - Epoch [5/6][65/100]	lr: 0.00016, eta: 0:22:32, time: 10.043, data_time: 0.085, transfer_time: 0.101, forward_time: 9.393, loss_parse_time: 0.000 memory: 13651, 
2022-04-28 18:00:49,990 - INFO - task : ['VEHICLE', 'PEDESTRIAN', 'CYCLIST'], loss: 2.0488, hm_loss: 0.0000, loc_loss: 0.6121, loc_loss_elem: ['0.0939', '0.0864', '0.0959', '0.0579', '0.0651', '0.0735', '0.0587', '0.0806'], num_positive: 203.6000, roi_reg_loss: 0.6205, roi_cls_loss: 0.2040

2022-04-28 18:01:39,998 - INFO - Epoch [5/6][70/100]	lr: 0.00015, eta: 0:21:42, time: 10.002, data_time: 0.097, transfer_time: 0.098, forward_time: 9.331, loss_parse_time: 0.000 memory: 13651, 
2022-04-28 18:01:39,998 - INFO - task : ['VEHICLE', 'PEDESTRIAN', 'CYCLIST'], loss: 2.1736, hm_loss: 0.0000, loc_loss: 0.6361, loc_loss_elem: ['0.1039', '0.0871', '0.0900', '0.0610', '0.0674', '0.0713', '0.0688', '0.0867'], num_positive: 262.8000, roi_reg_loss: 0.6510, roi_cls_loss: 0.2504

2022-04-28 18:02:30,089 - INFO - Epoch [5/6][75/100]	lr: 0.00014, eta: 0:20:52, time: 10.018, data_time: 0.091, transfer_time: 0.102, forward_time: 9.359, loss_parse_time: 0.000 memory: 13651, 
2022-04-28 18:02:30,089 - INFO - task : ['VEHICLE', 'PEDESTRIAN', 'CYCLIST'], loss: 2.0732, hm_loss: 0.0000, loc_loss: 0.5866, loc_loss_elem: ['0.1049', '0.0856', '0.0849', '0.0550', '0.0589', '0.0686', '0.0631', '0.0655'], num_positive: 238.8000, roi_reg_loss: 0.6625, roi_cls_loss: 0.2376

2022-04-28 18:03:19,695 - INFO - Epoch [5/6][80/100]	lr: 0.00013, eta: 0:20:02, time: 9.921, data_time: 0.081, transfer_time: 0.102, forward_time: 9.288, loss_parse_time: 0.000 memory: 13651, 
2022-04-28 18:03:19,695 - INFO - task : ['VEHICLE', 'PEDESTRIAN', 'CYCLIST'], loss: 1.9776, hm_loss: 0.0000, loc_loss: 0.5733, loc_loss_elem: ['0.1005', '0.0797', '0.0775', '0.0569', '0.0651', '0.0667', '0.0512', '0.0758'], num_positive: 283.0000, roi_reg_loss: 0.5891, roi_cls_loss: 0.2418

2022-04-28 18:04:08,983 - INFO - Epoch [5/6][85/100]	lr: 0.00012, eta: 0:19:11, time: 9.858, data_time: 0.092, transfer_time: 0.099, forward_time: 9.190, loss_parse_time: 0.000 memory: 13651, 
2022-04-28 18:04:08,984 - INFO - task : ['VEHICLE', 'PEDESTRIAN', 'CYCLIST'], loss: 2.0024, hm_loss: 0.0000, loc_loss: 0.5859, loc_loss_elem: ['0.1087', '0.0831', '0.0887', '0.0543', '0.0572', '0.0716', '0.0450', '0.0774'], num_positive: 175.0000, roi_reg_loss: 0.6515, roi_cls_loss: 0.1790

2022-04-28 18:04:58,174 - INFO - Epoch [5/6][90/100]	lr: 0.00011, eta: 0:18:21, time: 9.838, data_time: 0.084, transfer_time: 0.099, forward_time: 9.173, loss_parse_time: 0.000 memory: 13651, 
2022-04-28 18:04:58,175 - INFO - task : ['VEHICLE', 'PEDESTRIAN', 'CYCLIST'], loss: 2.1000, hm_loss: 0.0000, loc_loss: 0.6010, loc_loss_elem: ['0.1001', '0.0919', '0.0968', '0.0552', '0.0541', '0.0706', '0.0600', '0.0724'], num_positive: 223.0000, roi_reg_loss: 0.6772, roi_cls_loss: 0.2207

2022-04-28 18:05:47,585 - INFO - Epoch [5/6][95/100]	lr: 0.00010, eta: 0:17:31, time: 9.882, data_time: 0.090, transfer_time: 0.100, forward_time: 9.228, loss_parse_time: 0.000 memory: 13651, 
2022-04-28 18:05:47,586 - INFO - task : ['VEHICLE', 'PEDESTRIAN', 'CYCLIST'], loss: 2.0724, hm_loss: 0.0000, loc_loss: 0.6114, loc_loss_elem: ['0.1146', '0.0888', '0.0828', '0.0588', '0.0620', '0.0754', '0.0473', '0.0815'], num_positive: 208.0000, roi_reg_loss: 0.6500, roi_cls_loss: 0.1997

2022-04-28 18:06:36,603 - INFO - Epoch [5/6][100/100]	lr: 0.00009, eta: 0:16:41, time: 9.804, data_time: 0.089, transfer_time: 0.098, forward_time: 9.163, loss_parse_time: 0.000 memory: 13651, 
2022-04-28 18:06:36,604 - INFO - task : ['VEHICLE', 'PEDESTRIAN', 'CYCLIST'], loss: 1.9903, hm_loss: 0.0000, loc_loss: 0.5863, loc_loss_elem: ['0.0961', '0.0795', '0.0796', '0.0557', '0.0639', '0.0650', '0.0618', '0.0846'], num_positive: 230.6000, roi_reg_loss: 0.5994, roi_cls_loss: 0.2182

2022-04-28 18:07:33,669 - INFO - Epoch [6/6][5/100]	lr: 0.00008, eta: 0:15:52, time: 11.307, data_time: 1.314, transfer_time: 0.103, forward_time: 9.413, loss_parse_time: 0.000 memory: 13651, 
2022-04-28 18:07:33,669 - INFO - task : ['VEHICLE', 'PEDESTRIAN', 'CYCLIST'], loss: 2.2121, hm_loss: 0.0000, loc_loss: 0.6604, loc_loss_elem: ['0.1164', '0.0973', '0.0955', '0.0551', '0.0554', '0.0767', '0.0771', '0.0868'], num_positive: 170.0000, roi_reg_loss: 0.6959, roi_cls_loss: 0.1955

2022-04-28 18:08:23,463 - INFO - Epoch [6/6][10/100]	lr: 0.00007, eta: 0:15:02, time: 9.961, data_time: 0.091, transfer_time: 0.101, forward_time: 9.291, loss_parse_time: 0.000 memory: 13651, 
2022-04-28 18:08:23,463 - INFO - task : ['VEHICLE', 'PEDESTRIAN', 'CYCLIST'], loss: 1.9999, hm_loss: 0.0000, loc_loss: 0.5795, loc_loss_elem: ['0.1052', '0.0817', '0.0795', '0.0568', '0.0596', '0.0666', '0.0517', '0.0784'], num_positive: 227.6000, roi_reg_loss: 0.6191, roi_cls_loss: 0.2216

2022-04-28 18:09:13,289 - INFO - Epoch [6/6][15/100]	lr: 0.00007, eta: 0:14:11, time: 9.965, data_time: 0.087, transfer_time: 0.103, forward_time: 9.277, loss_parse_time: 0.000 memory: 13651, 
2022-04-28 18:09:13,289 - INFO - task : ['VEHICLE', 'PEDESTRIAN', 'CYCLIST'], loss: 1.9704, hm_loss: 0.0000, loc_loss: 0.5643, loc_loss_elem: ['0.0994', '0.0866', '0.0846', '0.0561', '0.0594', '0.0715', '0.0492', '0.0574'], num_positive: 211.2000, roi_reg_loss: 0.6377, roi_cls_loss: 0.2042

2022-04-28 18:10:02,990 - INFO - Epoch [6/6][20/100]	lr: 0.00006, eta: 0:13:21, time: 9.940, data_time: 0.087, transfer_time: 0.100, forward_time: 9.262, loss_parse_time: 0.000 memory: 13651, 
2022-04-28 18:10:02,990 - INFO - task : ['VEHICLE', 'PEDESTRIAN', 'CYCLIST'], loss: 2.0755, hm_loss: 0.0000, loc_loss: 0.6246, loc_loss_elem: ['0.1047', '0.0892', '0.0913', '0.0551', '0.0578', '0.0726', '0.0733', '0.0806'], num_positive: 204.2000, roi_reg_loss: 0.6323, roi_cls_loss: 0.1941

2022-04-28 18:10:52,651 - INFO - Epoch [6/6][25/100]	lr: 0.00005, eta: 0:12:31, time: 9.930, data_time: 0.092, transfer_time: 0.098, forward_time: 9.284, loss_parse_time: 0.000 memory: 13651, 
2022-04-28 18:10:52,651 - INFO - task : ['VEHICLE', 'PEDESTRIAN', 'CYCLIST'], loss: 1.9408, hm_loss: 0.0000, loc_loss: 0.5657, loc_loss_elem: ['0.1075', '0.0808', '0.0850', '0.0562', '0.0606', '0.0712', '0.0466', '0.0578'], num_positive: 219.6000, roi_reg_loss: 0.6027, roi_cls_loss: 0.2066

2022-04-28 18:11:42,412 - INFO - Epoch [6/6][30/100]	lr: 0.00005, eta: 0:11:41, time: 9.954, data_time: 0.091, transfer_time: 0.104, forward_time: 9.282, loss_parse_time: 0.000 memory: 13651, 
2022-04-28 18:11:42,412 - INFO - task : ['VEHICLE', 'PEDESTRIAN', 'CYCLIST'], loss: 2.0190, hm_loss: 0.0000, loc_loss: 0.5976, loc_loss_elem: ['0.1020', '0.0794', '0.0858', '0.0601', '0.0657', '0.0706', '0.0621', '0.0719'], num_positive: 219.4000, roi_reg_loss: 0.6144, roi_cls_loss: 0.2094

2022-04-28 18:12:31,999 - INFO - Epoch [6/6][35/100]	lr: 0.00004, eta: 0:10:51, time: 9.917, data_time: 0.084, transfer_time: 0.101, forward_time: 9.272, loss_parse_time: 0.000 memory: 13651, 
2022-04-28 18:12:31,999 - INFO - task : ['VEHICLE', 'PEDESTRIAN', 'CYCLIST'], loss: 1.9758, hm_loss: 0.0000, loc_loss: 0.5634, loc_loss_elem: ['0.1039', '0.0856', '0.0766', '0.0581', '0.0576', '0.0641', '0.0481', '0.0694'], num_positive: 234.0000, roi_reg_loss: 0.6237, roi_cls_loss: 0.2253

2022-04-28 18:13:21,529 - INFO - Epoch [6/6][40/100]	lr: 0.00003, eta: 0:10:01, time: 9.904, data_time: 0.096, transfer_time: 0.105, forward_time: 9.207, loss_parse_time: 0.000 memory: 13651, 
2022-04-28 18:13:21,529 - INFO - task : ['VEHICLE', 'PEDESTRIAN', 'CYCLIST'], loss: 2.0407, hm_loss: 0.0000, loc_loss: 0.6037, loc_loss_elem: ['0.1081', '0.0869', '0.0888', '0.0577', '0.0632', '0.0695', '0.0596', '0.0699'], num_positive: 210.6000, roi_reg_loss: 0.6364, roi_cls_loss: 0.1971

2022-04-28 18:14:11,036 - INFO - Epoch [6/6][45/100]	lr: 0.00003, eta: 0:09:10, time: 9.903, data_time: 0.083, transfer_time: 0.100, forward_time: 9.260, loss_parse_time: 0.000 memory: 13651, 
2022-04-28 18:14:11,036 - INFO - task : ['VEHICLE', 'PEDESTRIAN', 'CYCLIST'], loss: 2.1781, hm_loss: 0.0000, loc_loss: 0.6541, loc_loss_elem: ['0.1069', '0.0859', '0.0899', '0.0623', '0.0669', '0.0737', '0.0739', '0.0946'], num_positive: 222.2000, roi_reg_loss: 0.6455, roi_cls_loss: 0.2244

2022-04-28 18:15:00,538 - INFO - Epoch [6/6][50/100]	lr: 0.00002, eta: 0:08:20, time: 9.900, data_time: 0.085, transfer_time: 0.101, forward_time: 9.250, loss_parse_time: 0.000 memory: 13651, 
2022-04-28 18:15:00,538 - INFO - task : ['VEHICLE', 'PEDESTRIAN', 'CYCLIST'], loss: 2.0654, hm_loss: 0.0000, loc_loss: 0.6070, loc_loss_elem: ['0.1128', '0.0835', '0.0863', '0.0585', '0.0637', '0.0711', '0.0595', '0.0717'], num_positive: 223.8000, roi_reg_loss: 0.6299, roi_cls_loss: 0.2216

2022-04-28 18:15:50,161 - INFO - Epoch [6/6][55/100]	lr: 0.00002, eta: 0:07:30, time: 9.922, data_time: 0.078, transfer_time: 0.098, forward_time: 9.261, loss_parse_time: 0.000 memory: 13651, 
2022-04-28 18:15:50,161 - INFO - task : ['VEHICLE', 'PEDESTRIAN', 'CYCLIST'], loss: 2.1560, hm_loss: 0.0000, loc_loss: 0.6411, loc_loss_elem: ['0.1008', '0.0886', '0.0847', '0.0602', '0.0664', '0.0708', '0.0793', '0.0901'], num_positive: 239.8000, roi_reg_loss: 0.6552, roi_cls_loss: 0.2187

2022-04-28 18:16:39,897 - INFO - Epoch [6/6][60/100]	lr: 0.00002, eta: 0:06:40, time: 9.947, data_time: 0.094, transfer_time: 0.099, forward_time: 9.298, loss_parse_time: 0.000 memory: 13651, 
2022-04-28 18:16:39,897 - INFO - task : ['VEHICLE', 'PEDESTRIAN', 'CYCLIST'], loss: 2.0810, hm_loss: 0.0000, loc_loss: 0.5982, loc_loss_elem: ['0.1016', '0.0902', '0.0940', '0.0546', '0.0532', '0.0771', '0.0554', '0.0722'], num_positive: 190.2000, roi_reg_loss: 0.6782, roi_cls_loss: 0.2065

2022-04-28 18:17:29,788 - INFO - Epoch [6/6][65/100]	lr: 0.00001, eta: 0:05:50, time: 9.980, data_time: 0.092, transfer_time: 0.101, forward_time: 9.309, loss_parse_time: 0.000 memory: 13651, 
2022-04-28 18:17:29,788 - INFO - task : ['VEHICLE', 'PEDESTRIAN', 'CYCLIST'], loss: 2.0105, hm_loss: 0.0000, loc_loss: 0.5999, loc_loss_elem: ['0.1009', '0.0861', '0.0859', '0.0588', '0.0602', '0.0731', '0.0565', '0.0785'], num_positive: 214.6000, roi_reg_loss: 0.6041, roi_cls_loss: 0.2067

2022-04-28 18:18:19,722 - INFO - Epoch [6/6][70/100]	lr: 0.00001, eta: 0:05:00, time: 9.985, data_time: 0.090, transfer_time: 0.101, forward_time: 9.287, loss_parse_time: 0.000 memory: 13651, 
2022-04-28 18:18:19,723 - INFO - task : ['VEHICLE', 'PEDESTRIAN', 'CYCLIST'], loss: 2.1082, hm_loss: 0.0000, loc_loss: 0.6153, loc_loss_elem: ['0.1033', '0.0834', '0.0857', '0.0593', '0.0647', '0.0694', '0.0689', '0.0805'], num_positive: 269.8000, roi_reg_loss: 0.6258, roi_cls_loss: 0.2519

2022-04-28 18:19:09,383 - INFO - Epoch [6/6][75/100]	lr: 0.00001, eta: 0:04:10, time: 9.934, data_time: 0.081, transfer_time: 0.100, forward_time: 9.301, loss_parse_time: 0.000 memory: 13651, 
2022-04-28 18:19:09,383 - INFO - task : ['VEHICLE', 'PEDESTRIAN', 'CYCLIST'], loss: 1.9156, hm_loss: 0.0000, loc_loss: 0.5600, loc_loss_elem: ['0.1013', '0.0810', '0.0762', '0.0558', '0.0606', '0.0629', '0.0536', '0.0685'], num_positive: 240.4000, roi_reg_loss: 0.5715, roi_cls_loss: 0.2242

2022-04-28 18:19:59,229 - INFO - Epoch [6/6][80/100]	lr: 0.00000, eta: 0:03:20, time: 9.969, data_time: 0.086, transfer_time: 0.102, forward_time: 9.307, loss_parse_time: 0.000 memory: 13651, 
2022-04-28 18:19:59,229 - INFO - task : ['VEHICLE', 'PEDESTRIAN', 'CYCLIST'], loss: 2.0020, hm_loss: 0.0000, loc_loss: 0.5861, loc_loss_elem: ['0.0982', '0.0858', '0.0857', '0.0582', '0.0602', '0.0688', '0.0662', '0.0630'], num_positive: 215.4000, roi_reg_loss: 0.6107, roi_cls_loss: 0.2190

2022-04-28 18:20:49,418 - INFO - Epoch [6/6][85/100]	lr: 0.00000, eta: 0:02:30, time: 10.037, data_time: 0.091, transfer_time: 0.099, forward_time: 9.386, loss_parse_time: 0.000 memory: 13651, 
2022-04-28 18:20:49,418 - INFO - task : ['VEHICLE', 'PEDESTRIAN', 'CYCLIST'], loss: 2.1229, hm_loss: 0.0000, loc_loss: 0.6206, loc_loss_elem: ['0.1096', '0.0923', '0.0988', '0.0534', '0.0541', '0.0820', '0.0584', '0.0720'], num_positive: 184.6000, roi_reg_loss: 0.6845, roi_cls_loss: 0.1972

2022-04-28 18:21:39,251 - INFO - Epoch [6/6][90/100]	lr: 0.00000, eta: 0:01:40, time: 9.968, data_time: 0.087, transfer_time: 0.098, forward_time: 9.316, loss_parse_time: 0.000 memory: 13651, 
2022-04-28 18:21:39,251 - INFO - task : ['VEHICLE', 'PEDESTRIAN', 'CYCLIST'], loss: 2.0095, hm_loss: 0.0000, loc_loss: 0.5935, loc_loss_elem: ['0.0981', '0.0855', '0.0906', '0.0561', '0.0616', '0.0692', '0.0553', '0.0771'], num_positive: 224.2000, roi_reg_loss: 0.6049, roi_cls_loss: 0.2176

2022-04-28 18:22:29,374 - INFO - Epoch [6/6][95/100]	lr: 0.00000, eta: 0:00:50, time: 10.023, data_time: 0.080, transfer_time: 0.101, forward_time: 9.363, loss_parse_time: 0.000 memory: 13651, 
2022-04-28 18:22:29,374 - INFO - task : ['VEHICLE', 'PEDESTRIAN', 'CYCLIST'], loss: 2.0286, hm_loss: 0.0000, loc_loss: 0.5954, loc_loss_elem: ['0.1049', '0.0851', '0.0838', '0.0545', '0.0634', '0.0786', '0.0531', '0.0720'], num_positive: 204.4000, roi_reg_loss: 0.6216, roi_cls_loss: 0.2162

2022-04-28 18:23:19,273 - INFO - Epoch [6/6][100/100]	lr: 0.00000, eta: 0:00:00, time: 9.982, data_time: 0.085, transfer_time: 0.100, forward_time: 9.289, loss_parse_time: 0.000 memory: 13651, 
2022-04-28 18:23:19,273 - INFO - task : ['VEHICLE', 'PEDESTRIAN', 'CYCLIST'], loss: 2.0090, hm_loss: 0.0000, loc_loss: 0.6000, loc_loss_elem: ['0.1071', '0.0843', '0.0878', '0.0582', '0.0608', '0.0713', '0.0569', '0.0735'], num_positive: 214.2000, roi_reg_loss: 0.5958, roi_cls_loss: 0.2133

