2022-06-03 20:10:06,970 - INFO - Start running, host: root@38c34f86dda2, work_dir: /code/CenterPoint/work_dirs/waymo_centernet_dla34_v1
2022-06-03 20:10:06,970 - INFO - workflow: [('train', 1)], max: 6 epochs
2022-06-03 20:10:35,304 - INFO - Epoch [1/6][5/133]	lr: 0.00005, eta: 1:14:53, time: 5.667, data_time: 2.368, transfer_time: 0.091, forward_time: 0.792, loss_parse_time: 0.000 memory: 26225, 
2022-06-03 20:10:35,304 - INFO - task : ['VEHICLE', 'PEDESTRIAN', 'CYCLIST'], loss: 28.1942, hm_loss: 22.2021, dep_loss: 5.9922, num_positive: 114.6000

2022-06-03 20:10:52,116 - INFO - Epoch [1/6][10/133]	lr: 0.00005, eta: 0:59:17, time: 3.362, data_time: 0.066, transfer_time: 0.082, forward_time: 0.774, loss_parse_time: 0.000 memory: 26227, 
2022-06-03 20:10:52,117 - INFO - task : ['VEHICLE', 'PEDESTRIAN', 'CYCLIST'], loss: 25.8260, hm_loss: 19.2548, dep_loss: 6.5712, num_positive: 83.0000

2022-06-03 20:11:08,985 - INFO - Epoch [1/6][15/133]	lr: 0.00005, eta: 0:53:57, time: 3.373, data_time: 0.075, transfer_time: 0.081, forward_time: 0.756, loss_parse_time: 0.000 memory: 26227, 
2022-06-03 20:11:08,985 - INFO - task : ['VEHICLE', 'PEDESTRIAN', 'CYCLIST'], loss: 14.5530, hm_loss: 8.5079, dep_loss: 6.0451, num_positive: 117.8000

2022-06-03 20:11:26,034 - INFO - Epoch [1/6][20/133]	lr: 0.00005, eta: 0:51:15, time: 3.410, data_time: 0.076, transfer_time: 0.084, forward_time: 0.767, loss_parse_time: 0.000 memory: 26228, 
2022-06-03 20:11:26,034 - INFO - task : ['VEHICLE', 'PEDESTRIAN', 'CYCLIST'], loss: 11.9231, hm_loss: 5.4118, dep_loss: 6.5113, num_positive: 120.2000

2022-06-03 20:11:43,087 - INFO - Epoch [1/6][25/133]	lr: 0.00005, eta: 0:49:31, time: 3.410, data_time: 0.077, transfer_time: 0.083, forward_time: 0.759, loss_parse_time: 0.000 memory: 26228, 
2022-06-03 20:11:43,088 - INFO - task : ['VEHICLE', 'PEDESTRIAN', 'CYCLIST'], loss: 8.5174, hm_loss: 2.6701, dep_loss: 5.8474, num_positive: 175.8000

2022-06-03 20:12:00,158 - INFO - Epoch [1/6][30/133]	lr: 0.00005, eta: 0:48:17, time: 3.415, data_time: 0.070, transfer_time: 0.081, forward_time: 0.768, loss_parse_time: 0.000 memory: 26228, 
2022-06-03 20:12:00,158 - INFO - task : ['VEHICLE', 'PEDESTRIAN', 'CYCLIST'], loss: 8.0960, hm_loss: 2.3591, dep_loss: 5.7369, num_positive: 129.6000

2022-06-03 20:12:17,315 - INFO - Epoch [1/6][35/133]	lr: 0.00005, eta: 0:47:21, time: 3.430, data_time: 0.078, transfer_time: 0.081, forward_time: 0.770, loss_parse_time: 0.000 memory: 26229, 
2022-06-03 20:12:17,315 - INFO - task : ['VEHICLE', 'PEDESTRIAN', 'CYCLIST'], loss: 8.0162, hm_loss: 2.4488, dep_loss: 5.5674, num_positive: 112.4000

2022-06-03 20:12:34,495 - INFO - Epoch [1/6][40/133]	lr: 0.00005, eta: 0:46:35, time: 3.437, data_time: 0.075, transfer_time: 0.081, forward_time: 0.774, loss_parse_time: 0.000 memory: 26229, 
2022-06-03 20:12:34,495 - INFO - task : ['VEHICLE', 'PEDESTRIAN', 'CYCLIST'], loss: 7.7384, hm_loss: 1.5595, dep_loss: 6.1789, num_positive: 127.2000

2022-06-03 20:12:51,716 - INFO - Epoch [1/6][45/133]	lr: 0.00005, eta: 0:45:56, time: 3.444, data_time: 0.073, transfer_time: 0.081, forward_time: 0.779, loss_parse_time: 0.000 memory: 26229, 
2022-06-03 20:12:51,716 - INFO - task : ['VEHICLE', 'PEDESTRIAN', 'CYCLIST'], loss: 7.1462, hm_loss: 1.5021, dep_loss: 5.6441, num_positive: 121.4000

2022-06-03 20:13:08,970 - INFO - Epoch [1/6][50/133]	lr: 0.00005, eta: 0:45:22, time: 3.450, data_time: 0.080, transfer_time: 0.081, forward_time: 0.771, loss_parse_time: 0.000 memory: 26229, 
2022-06-03 20:13:08,971 - INFO - task : ['VEHICLE', 'PEDESTRIAN', 'CYCLIST'], loss: 6.3782, hm_loss: 1.3019, dep_loss: 5.0763, num_positive: 149.6000

2022-06-03 20:13:26,255 - INFO - Epoch [1/6][55/133]	lr: 0.00005, eta: 0:44:52, time: 3.458, data_time: 0.073, transfer_time: 0.084, forward_time: 0.777, loss_parse_time: 0.000 memory: 26229, 
2022-06-03 20:13:26,255 - INFO - task : ['VEHICLE', 'PEDESTRIAN', 'CYCLIST'], loss: 6.1771, hm_loss: 1.6861, dep_loss: 4.4910, num_positive: 101.8000

2022-06-03 20:13:44,104 - INFO - Epoch [1/6][60/133]	lr: 0.00005, eta: 0:44:30, time: 3.570, data_time: 0.078, transfer_time: 0.082, forward_time: 0.795, loss_parse_time: 0.000 memory: 26229, 
2022-06-03 20:13:44,104 - INFO - task : ['VEHICLE', 'PEDESTRIAN', 'CYCLIST'], loss: 5.8093, hm_loss: 1.4797, dep_loss: 4.3296, num_positive: 101.4000

2022-06-03 20:14:01,521 - INFO - Epoch [1/6][65/133]	lr: 0.00005, eta: 0:44:04, time: 3.482, data_time: 0.074, transfer_time: 0.087, forward_time: 0.774, loss_parse_time: 0.000 memory: 26229, 
2022-06-03 20:14:01,521 - INFO - task : ['VEHICLE', 'PEDESTRIAN', 'CYCLIST'], loss: 4.4396, hm_loss: 1.3566, dep_loss: 3.0830, num_positive: 99.0000

2022-06-03 20:14:18,769 - INFO - Epoch [1/6][70/133]	lr: 0.00005, eta: 0:43:38, time: 3.451, data_time: 0.081, transfer_time: 0.078, forward_time: 0.771, loss_parse_time: 0.000 memory: 26229, 
2022-06-03 20:14:18,770 - INFO - task : ['VEHICLE', 'PEDESTRIAN', 'CYCLIST'], loss: 4.1193, hm_loss: 1.0834, dep_loss: 3.0359, num_positive: 166.4000

2022-06-03 20:14:36,014 - INFO - Epoch [1/6][75/133]	lr: 0.00005, eta: 0:43:13, time: 3.449, data_time: 0.078, transfer_time: 0.080, forward_time: 0.771, loss_parse_time: 0.000 memory: 26229, 
2022-06-03 20:14:36,014 - INFO - task : ['VEHICLE', 'PEDESTRIAN', 'CYCLIST'], loss: 4.0518, hm_loss: 1.1216, dep_loss: 2.9302, num_positive: 119.2000

2022-06-03 20:14:53,252 - INFO - Epoch [1/6][80/133]	lr: 0.00005, eta: 0:42:49, time: 3.448, data_time: 0.072, transfer_time: 0.081, forward_time: 0.775, loss_parse_time: 0.000 memory: 26229, 
2022-06-03 20:14:53,252 - INFO - task : ['VEHICLE', 'PEDESTRIAN', 'CYCLIST'], loss: 3.2278, hm_loss: 1.0964, dep_loss: 2.1314, num_positive: 99.6000

2022-06-03 20:15:10,572 - INFO - Epoch [1/6][85/133]	lr: 0.00005, eta: 0:42:26, time: 3.464, data_time: 0.073, transfer_time: 0.081, forward_time: 0.781, loss_parse_time: 0.000 memory: 26229, 
2022-06-03 20:15:10,572 - INFO - task : ['VEHICLE', 'PEDESTRIAN', 'CYCLIST'], loss: 3.6217, hm_loss: 1.1002, dep_loss: 2.5215, num_positive: 184.4000

2022-06-03 20:15:27,852 - INFO - Epoch [1/6][90/133]	lr: 0.00005, eta: 0:42:04, time: 3.455, data_time: 0.079, transfer_time: 0.082, forward_time: 0.771, loss_parse_time: 0.000 memory: 26229, 
2022-06-03 20:15:27,852 - INFO - task : ['VEHICLE', 'PEDESTRIAN', 'CYCLIST'], loss: 3.1853, hm_loss: 1.0819, dep_loss: 2.1035, num_positive: 132.4000

2022-06-03 20:15:45,057 - INFO - Epoch [1/6][95/133]	lr: 0.00005, eta: 0:41:41, time: 3.441, data_time: 0.075, transfer_time: 0.080, forward_time: 0.771, loss_parse_time: 0.000 memory: 26229, 
2022-06-03 20:15:45,057 - INFO - task : ['VEHICLE', 'PEDESTRIAN', 'CYCLIST'], loss: 3.0472, hm_loss: 0.9079, dep_loss: 2.1393, num_positive: 133.8000

2022-06-03 20:16:02,328 - INFO - Epoch [1/6][100/133]	lr: 0.00005, eta: 0:41:20, time: 3.455, data_time: 0.084, transfer_time: 0.083, forward_time: 0.771, loss_parse_time: 0.000 memory: 26229, 
2022-06-03 20:16:02,328 - INFO - task : ['VEHICLE', 'PEDESTRIAN', 'CYCLIST'], loss: 3.1136, hm_loss: 0.9432, dep_loss: 2.1704, num_positive: 112.4000

2022-06-03 20:16:19,537 - INFO - Epoch [1/6][105/133]	lr: 0.00005, eta: 0:40:58, time: 3.442, data_time: 0.075, transfer_time: 0.082, forward_time: 0.766, loss_parse_time: 0.000 memory: 26229, 
2022-06-03 20:16:19,537 - INFO - task : ['VEHICLE', 'PEDESTRIAN', 'CYCLIST'], loss: 2.5936, hm_loss: 0.8885, dep_loss: 1.7052, num_positive: 118.6000

2022-06-03 20:16:36,833 - INFO - Epoch [1/6][110/133]	lr: 0.00005, eta: 0:40:38, time: 3.459, data_time: 0.084, transfer_time: 0.086, forward_time: 0.774, loss_parse_time: 0.000 memory: 26229, 
2022-06-03 20:16:36,833 - INFO - task : ['VEHICLE', 'PEDESTRIAN', 'CYCLIST'], loss: 2.6115, hm_loss: 0.9173, dep_loss: 1.6942, num_positive: 109.8000

2022-06-03 20:16:54,055 - INFO - Epoch [1/6][115/133]	lr: 0.00005, eta: 0:40:17, time: 3.445, data_time: 0.070, transfer_time: 0.080, forward_time: 0.778, loss_parse_time: 0.000 memory: 26229, 
2022-06-03 20:16:54,056 - INFO - task : ['VEHICLE', 'PEDESTRIAN', 'CYCLIST'], loss: 2.6112, hm_loss: 0.7966, dep_loss: 1.8146, num_positive: 123.2000

2022-06-03 20:17:11,311 - INFO - Epoch [1/6][120/133]	lr: 0.00005, eta: 0:39:57, time: 3.451, data_time: 0.074, transfer_time: 0.082, forward_time: 0.776, loss_parse_time: 0.000 memory: 26229, 
2022-06-03 20:17:11,311 - INFO - task : ['VEHICLE', 'PEDESTRIAN', 'CYCLIST'], loss: 2.7422, hm_loss: 0.9580, dep_loss: 1.7841, num_positive: 115.6000

2022-06-03 20:17:28,533 - INFO - Epoch [1/6][125/133]	lr: 0.00005, eta: 0:39:37, time: 3.443, data_time: 0.077, transfer_time: 0.083, forward_time: 0.768, loss_parse_time: 0.000 memory: 26229, 
2022-06-03 20:17:28,533 - INFO - task : ['VEHICLE', 'PEDESTRIAN', 'CYCLIST'], loss: 2.6548, hm_loss: 0.8482, dep_loss: 1.8065, num_positive: 139.6000

2022-06-03 20:17:45,706 - INFO - Epoch [1/6][130/133]	lr: 0.00005, eta: 0:39:17, time: 3.433, data_time: 0.074, transfer_time: 0.079, forward_time: 0.773, loss_parse_time: 0.000 memory: 26231, 
2022-06-03 20:17:45,706 - INFO - task : ['VEHICLE', 'PEDESTRIAN', 'CYCLIST'], loss: 2.0611, hm_loss: 0.6000, dep_loss: 1.4611, num_positive: 124.8000

2022-06-03 20:18:23,494 - INFO - Epoch [2/6][5/133]	lr: 0.00005, eta: 0:38:41, time: 5.345, data_time: 1.994, transfer_time: 0.093, forward_time: 0.764, loss_parse_time: 0.000 memory: 26231, 
2022-06-03 20:18:23,494 - INFO - task : ['VEHICLE', 'PEDESTRIAN', 'CYCLIST'], loss: 2.7407, hm_loss: 0.8968, dep_loss: 1.8439, num_positive: 121.8000

2022-06-03 20:18:40,540 - INFO - Epoch [2/6][10/133]	lr: 0.00005, eta: 0:38:21, time: 3.410, data_time: 0.069, transfer_time: 0.077, forward_time: 0.766, loss_parse_time: 0.000 memory: 26231, 
2022-06-03 20:18:40,541 - INFO - task : ['VEHICLE', 'PEDESTRIAN', 'CYCLIST'], loss: 2.1396, hm_loss: 0.6260, dep_loss: 1.5137, num_positive: 143.0000

2022-06-03 20:18:57,686 - INFO - Epoch [2/6][15/133]	lr: 0.00005, eta: 0:38:02, time: 3.428, data_time: 0.081, transfer_time: 0.078, forward_time: 0.766, loss_parse_time: 0.000 memory: 26231, 
2022-06-03 20:18:57,686 - INFO - task : ['VEHICLE', 'PEDESTRIAN', 'CYCLIST'], loss: 1.9307, hm_loss: 0.5445, dep_loss: 1.3862, num_positive: 136.4000

2022-06-03 20:19:14,870 - INFO - Epoch [2/6][20/133]	lr: 0.00005, eta: 0:37:43, time: 3.437, data_time: 0.074, transfer_time: 0.082, forward_time: 0.771, loss_parse_time: 0.000 memory: 26231, 
2022-06-03 20:19:14,870 - INFO - task : ['VEHICLE', 'PEDESTRIAN', 'CYCLIST'], loss: 1.7856, hm_loss: 0.5386, dep_loss: 1.2471, num_positive: 124.8000

2022-06-03 20:19:32,093 - INFO - Epoch [2/6][25/133]	lr: 0.00005, eta: 0:37:24, time: 3.445, data_time: 0.067, transfer_time: 0.083, forward_time: 0.781, loss_parse_time: 0.000 memory: 26231, 
2022-06-03 20:19:32,094 - INFO - task : ['VEHICLE', 'PEDESTRIAN', 'CYCLIST'], loss: 1.8915, hm_loss: 0.5264, dep_loss: 1.3651, num_positive: 135.2000

2022-06-03 20:19:49,331 - INFO - Epoch [2/6][30/133]	lr: 0.00005, eta: 0:37:05, time: 3.446, data_time: 0.076, transfer_time: 0.079, forward_time: 0.774, loss_parse_time: 0.000 memory: 26231, 
2022-06-03 20:19:49,331 - INFO - task : ['VEHICLE', 'PEDESTRIAN', 'CYCLIST'], loss: 1.8079, hm_loss: 0.4788, dep_loss: 1.3292, num_positive: 130.8000

2022-06-03 20:20:06,542 - INFO - Epoch [2/6][35/133]	lr: 0.00005, eta: 0:36:46, time: 3.444, data_time: 0.073, transfer_time: 0.080, forward_time: 0.770, loss_parse_time: 0.000 memory: 26231, 
2022-06-03 20:20:06,542 - INFO - task : ['VEHICLE', 'PEDESTRIAN', 'CYCLIST'], loss: 1.6273, hm_loss: 0.4458, dep_loss: 1.1815, num_positive: 153.4000

2022-06-03 20:20:23,920 - INFO - Epoch [2/6][40/133]	lr: 0.00005, eta: 0:36:28, time: 3.475, data_time: 0.072, transfer_time: 0.080, forward_time: 0.789, loss_parse_time: 0.000 memory: 26231, 
2022-06-03 20:20:23,920 - INFO - task : ['VEHICLE', 'PEDESTRIAN', 'CYCLIST'], loss: 1.5212, hm_loss: 0.4537, dep_loss: 1.0674, num_positive: 120.0000

2022-06-03 20:20:41,251 - INFO - Epoch [2/6][45/133]	lr: 0.00005, eta: 0:36:10, time: 3.464, data_time: 0.076, transfer_time: 0.078, forward_time: 0.781, loss_parse_time: 0.000 memory: 26231, 
2022-06-03 20:20:41,251 - INFO - task : ['VEHICLE', 'PEDESTRIAN', 'CYCLIST'], loss: 1.5165, hm_loss: 0.4516, dep_loss: 1.0649, num_positive: 117.2000

2022-06-03 20:20:58,518 - INFO - Epoch [2/6][50/133]	lr: 0.00005, eta: 0:35:52, time: 3.454, data_time: 0.073, transfer_time: 0.080, forward_time: 0.780, loss_parse_time: 0.000 memory: 26231, 
2022-06-03 20:20:58,519 - INFO - task : ['VEHICLE', 'PEDESTRIAN', 'CYCLIST'], loss: 1.4811, hm_loss: 0.4975, dep_loss: 0.9837, num_positive: 94.0000

2022-06-03 20:21:15,786 - INFO - Epoch [2/6][55/133]	lr: 0.00005, eta: 0:35:34, time: 3.455, data_time: 0.073, transfer_time: 0.079, forward_time: 0.780, loss_parse_time: 0.000 memory: 26231, 
2022-06-03 20:21:15,786 - INFO - task : ['VEHICLE', 'PEDESTRIAN', 'CYCLIST'], loss: 1.4100, hm_loss: 0.5057, dep_loss: 0.9042, num_positive: 126.6000

2022-06-03 20:21:33,022 - INFO - Epoch [2/6][60/133]	lr: 0.00005, eta: 0:35:15, time: 3.446, data_time: 0.080, transfer_time: 0.079, forward_time: 0.772, loss_parse_time: 0.000 memory: 26231, 
2022-06-03 20:21:33,022 - INFO - task : ['VEHICLE', 'PEDESTRIAN', 'CYCLIST'], loss: 1.4714, hm_loss: 0.4676, dep_loss: 1.0038, num_positive: 138.2000

2022-06-03 20:21:50,263 - INFO - Epoch [2/6][65/133]	lr: 0.00005, eta: 0:34:57, time: 3.449, data_time: 0.073, transfer_time: 0.075, forward_time: 0.783, loss_parse_time: 0.000 memory: 26231, 
2022-06-03 20:21:50,263 - INFO - task : ['VEHICLE', 'PEDESTRIAN', 'CYCLIST'], loss: 1.1974, hm_loss: 0.3204, dep_loss: 0.8770, num_positive: 173.4000

2022-06-03 20:22:07,713 - INFO - Epoch [2/6][70/133]	lr: 0.00005, eta: 0:34:40, time: 3.490, data_time: 0.073, transfer_time: 0.083, forward_time: 0.795, loss_parse_time: 0.000 memory: 26235, 
2022-06-03 20:22:07,713 - INFO - task : ['VEHICLE', 'PEDESTRIAN', 'CYCLIST'], loss: 1.3379, hm_loss: 0.4088, dep_loss: 0.9292, num_positive: 78.2000

2022-06-03 20:22:25,379 - INFO - Epoch [2/6][75/133]	lr: 0.00005, eta: 0:34:23, time: 3.533, data_time: 0.075, transfer_time: 0.079, forward_time: 0.793, loss_parse_time: 0.000 memory: 26235, 
2022-06-03 20:22:25,380 - INFO - task : ['VEHICLE', 'PEDESTRIAN', 'CYCLIST'], loss: 1.1088, hm_loss: 0.3699, dep_loss: 0.7389, num_positive: 109.0000

2022-06-03 20:22:42,944 - INFO - Epoch [2/6][80/133]	lr: 0.00005, eta: 0:34:05, time: 3.513, data_time: 0.075, transfer_time: 0.079, forward_time: 0.794, loss_parse_time: 0.000 memory: 26235, 
2022-06-03 20:22:42,945 - INFO - task : ['VEHICLE', 'PEDESTRIAN', 'CYCLIST'], loss: 1.1625, hm_loss: 0.3453, dep_loss: 0.8172, num_positive: 143.8000

2022-06-03 20:23:00,263 - INFO - Epoch [2/6][85/133]	lr: 0.00005, eta: 0:33:47, time: 3.464, data_time: 0.075, transfer_time: 0.078, forward_time: 0.788, loss_parse_time: 0.000 memory: 26235, 
2022-06-03 20:23:00,263 - INFO - task : ['VEHICLE', 'PEDESTRIAN', 'CYCLIST'], loss: 1.1715, hm_loss: 0.3135, dep_loss: 0.8580, num_positive: 120.0000

2022-06-03 20:23:17,520 - INFO - Epoch [2/6][90/133]	lr: 0.00005, eta: 0:33:29, time: 3.451, data_time: 0.076, transfer_time: 0.078, forward_time: 0.774, loss_parse_time: 0.000 memory: 26235, 
2022-06-03 20:23:17,520 - INFO - task : ['VEHICLE', 'PEDESTRIAN', 'CYCLIST'], loss: 1.2271, hm_loss: 0.3644, dep_loss: 0.8627, num_positive: 162.6000

2022-06-03 20:23:34,758 - INFO - Epoch [2/6][95/133]	lr: 0.00005, eta: 0:33:11, time: 3.446, data_time: 0.074, transfer_time: 0.078, forward_time: 0.772, loss_parse_time: 0.000 memory: 26235, 
2022-06-03 20:23:34,758 - INFO - task : ['VEHICLE', 'PEDESTRIAN', 'CYCLIST'], loss: 1.3287, hm_loss: 0.3596, dep_loss: 0.9691, num_positive: 94.0000

2022-06-03 20:23:52,002 - INFO - Epoch [2/6][100/133]	lr: 0.00005, eta: 0:32:53, time: 3.451, data_time: 0.071, transfer_time: 0.078, forward_time: 0.777, loss_parse_time: 0.000 memory: 26235, 
2022-06-03 20:23:52,002 - INFO - task : ['VEHICLE', 'PEDESTRIAN', 'CYCLIST'], loss: 1.3666, hm_loss: 0.4162, dep_loss: 0.9504, num_positive: 131.8000

2022-06-03 20:24:09,284 - INFO - Epoch [2/6][105/133]	lr: 0.00005, eta: 0:32:35, time: 3.454, data_time: 0.082, transfer_time: 0.079, forward_time: 0.772, loss_parse_time: 0.000 memory: 26235, 
2022-06-03 20:24:09,284 - INFO - task : ['VEHICLE', 'PEDESTRIAN', 'CYCLIST'], loss: 1.3986, hm_loss: 0.4587, dep_loss: 0.9399, num_positive: 120.0000

2022-06-03 20:24:26,481 - INFO - Epoch [2/6][110/133]	lr: 0.00005, eta: 0:32:17, time: 3.441, data_time: 0.075, transfer_time: 0.078, forward_time: 0.774, loss_parse_time: 0.000 memory: 26235, 
2022-06-03 20:24:26,482 - INFO - task : ['VEHICLE', 'PEDESTRIAN', 'CYCLIST'], loss: 1.1504, hm_loss: 0.4026, dep_loss: 0.7479, num_positive: 102.2000

2022-06-03 20:24:43,680 - INFO - Epoch [2/6][115/133]	lr: 0.00005, eta: 0:31:59, time: 3.440, data_time: 0.072, transfer_time: 0.082, forward_time: 0.774, loss_parse_time: 0.000 memory: 26235, 
2022-06-03 20:24:43,680 - INFO - task : ['VEHICLE', 'PEDESTRIAN', 'CYCLIST'], loss: 1.2618, hm_loss: 0.4192, dep_loss: 0.8426, num_positive: 110.0000

2022-06-03 20:25:00,920 - INFO - Epoch [2/6][120/133]	lr: 0.00005, eta: 0:31:41, time: 3.449, data_time: 0.082, transfer_time: 0.077, forward_time: 0.771, loss_parse_time: 0.000 memory: 26235, 
2022-06-03 20:25:00,920 - INFO - task : ['VEHICLE', 'PEDESTRIAN', 'CYCLIST'], loss: 1.4449, hm_loss: 0.4490, dep_loss: 0.9959, num_positive: 125.6000

2022-06-03 20:25:18,126 - INFO - Epoch [2/6][125/133]	lr: 0.00005, eta: 0:31:23, time: 3.441, data_time: 0.072, transfer_time: 0.075, forward_time: 0.778, loss_parse_time: 0.000 memory: 26235, 
2022-06-03 20:25:18,126 - INFO - task : ['VEHICLE', 'PEDESTRIAN', 'CYCLIST'], loss: 0.9472, hm_loss: 0.3221, dep_loss: 0.6251, num_positive: 112.0000

2022-06-03 20:25:35,320 - INFO - Epoch [2/6][130/133]	lr: 0.00005, eta: 0:31:05, time: 3.436, data_time: 0.073, transfer_time: 0.078, forward_time: 0.777, loss_parse_time: 0.000 memory: 26235, 
2022-06-03 20:25:35,321 - INFO - task : ['VEHICLE', 'PEDESTRIAN', 'CYCLIST'], loss: 1.3024, hm_loss: 0.4287, dep_loss: 0.8736, num_positive: 78.6000

2022-06-03 20:26:13,151 - INFO - Epoch [3/6][5/133]	lr: 0.00005, eta: 0:30:35, time: 5.360, data_time: 2.006, transfer_time: 0.091, forward_time: 0.769, loss_parse_time: 0.000 memory: 26235, 
2022-06-03 20:26:13,151 - INFO - task : ['VEHICLE', 'PEDESTRIAN', 'CYCLIST'], loss: 1.1064, hm_loss: 0.3183, dep_loss: 0.7881, num_positive: 102.0000

2022-06-03 20:26:30,295 - INFO - Epoch [3/6][10/133]	lr: 0.00005, eta: 0:30:17, time: 3.429, data_time: 0.072, transfer_time: 0.082, forward_time: 0.772, loss_parse_time: 0.000 memory: 26235, 
2022-06-03 20:26:30,295 - INFO - task : ['VEHICLE', 'PEDESTRIAN', 'CYCLIST'], loss: 1.1587, hm_loss: 0.3493, dep_loss: 0.8094, num_positive: 126.2000

2022-06-03 20:26:47,451 - INFO - Epoch [3/6][15/133]	lr: 0.00005, eta: 0:30:00, time: 3.431, data_time: 0.086, transfer_time: 0.080, forward_time: 0.759, loss_parse_time: 0.000 memory: 26235, 
2022-06-03 20:26:47,451 - INFO - task : ['VEHICLE', 'PEDESTRIAN', 'CYCLIST'], loss: 0.9474, hm_loss: 0.2749, dep_loss: 0.6725, num_positive: 95.8000

2022-06-03 20:27:04,693 - INFO - Epoch [3/6][20/133]	lr: 0.00005, eta: 0:29:42, time: 3.448, data_time: 0.074, transfer_time: 0.082, forward_time: 0.777, loss_parse_time: 0.000 memory: 26235, 
2022-06-03 20:27:04,693 - INFO - task : ['VEHICLE', 'PEDESTRIAN', 'CYCLIST'], loss: 1.1224, hm_loss: 0.2746, dep_loss: 0.8478, num_positive: 114.2000

2022-06-03 20:27:21,993 - INFO - Epoch [3/6][25/133]	lr: 0.00005, eta: 0:29:24, time: 3.459, data_time: 0.078, transfer_time: 0.082, forward_time: 0.777, loss_parse_time: 0.000 memory: 26235, 
2022-06-03 20:27:21,993 - INFO - task : ['VEHICLE', 'PEDESTRIAN', 'CYCLIST'], loss: 0.9707, hm_loss: 0.2607, dep_loss: 0.7099, num_positive: 107.4000

2022-06-03 20:27:39,248 - INFO - Epoch [3/6][30/133]	lr: 0.00005, eta: 0:29:07, time: 3.451, data_time: 0.071, transfer_time: 0.079, forward_time: 0.778, loss_parse_time: 0.000 memory: 26235, 
2022-06-03 20:27:39,248 - INFO - task : ['VEHICLE', 'PEDESTRIAN', 'CYCLIST'], loss: 0.9270, hm_loss: 0.2742, dep_loss: 0.6528, num_positive: 133.0000

2022-06-03 20:27:56,617 - INFO - Epoch [3/6][35/133]	lr: 0.00005, eta: 0:28:49, time: 3.474, data_time: 0.074, transfer_time: 0.078, forward_time: 0.781, loss_parse_time: 0.000 memory: 26235, 
2022-06-03 20:27:56,617 - INFO - task : ['VEHICLE', 'PEDESTRIAN', 'CYCLIST'], loss: 1.1195, hm_loss: 0.2846, dep_loss: 0.8349, num_positive: 139.8000

2022-06-03 20:28:14,042 - INFO - Epoch [3/6][40/133]	lr: 0.00005, eta: 0:28:32, time: 3.485, data_time: 0.077, transfer_time: 0.078, forward_time: 0.789, loss_parse_time: 0.000 memory: 26235, 
2022-06-03 20:28:14,042 - INFO - task : ['VEHICLE', 'PEDESTRIAN', 'CYCLIST'], loss: 0.9603, hm_loss: 0.2845, dep_loss: 0.6758, num_positive: 100.0000

2022-06-03 20:28:31,369 - INFO - Epoch [3/6][45/133]	lr: 0.00005, eta: 0:28:14, time: 3.466, data_time: 0.075, transfer_time: 0.078, forward_time: 0.781, loss_parse_time: 0.000 memory: 26235, 
2022-06-03 20:28:31,369 - INFO - task : ['VEHICLE', 'PEDESTRIAN', 'CYCLIST'], loss: 0.8539, hm_loss: 0.2355, dep_loss: 0.6184, num_positive: 153.0000

2022-06-03 20:28:48,679 - INFO - Epoch [3/6][50/133]	lr: 0.00005, eta: 0:27:57, time: 3.462, data_time: 0.071, transfer_time: 0.079, forward_time: 0.783, loss_parse_time: 0.000 memory: 26235, 
2022-06-03 20:28:48,679 - INFO - task : ['VEHICLE', 'PEDESTRIAN', 'CYCLIST'], loss: 0.9816, hm_loss: 0.1914, dep_loss: 0.7902, num_positive: 163.0000

2022-06-03 20:29:06,195 - INFO - Epoch [3/6][55/133]	lr: 0.00005, eta: 0:27:39, time: 3.504, data_time: 0.077, transfer_time: 0.079, forward_time: 0.786, loss_parse_time: 0.000 memory: 26235, 
2022-06-03 20:29:06,195 - INFO - task : ['VEHICLE', 'PEDESTRIAN', 'CYCLIST'], loss: 0.9060, hm_loss: 0.3239, dep_loss: 0.5821, num_positive: 103.6000

2022-06-03 20:29:23,492 - INFO - Epoch [3/6][60/133]	lr: 0.00005, eta: 0:27:22, time: 3.459, data_time: 0.082, transfer_time: 0.075, forward_time: 0.776, loss_parse_time: 0.000 memory: 26235, 
2022-06-03 20:29:23,492 - INFO - task : ['VEHICLE', 'PEDESTRIAN', 'CYCLIST'], loss: 1.0012, hm_loss: 0.2778, dep_loss: 0.7234, num_positive: 105.8000

2022-06-03 20:29:40,771 - INFO - Epoch [3/6][65/133]	lr: 0.00005, eta: 0:27:04, time: 3.456, data_time: 0.077, transfer_time: 0.079, forward_time: 0.779, loss_parse_time: 0.000 memory: 26235, 
2022-06-03 20:29:40,771 - INFO - task : ['VEHICLE', 'PEDESTRIAN', 'CYCLIST'], loss: 0.8020, hm_loss: 0.2240, dep_loss: 0.5780, num_positive: 118.4000

2022-06-03 20:29:58,007 - INFO - Epoch [3/6][70/133]	lr: 0.00005, eta: 0:26:47, time: 3.444, data_time: 0.075, transfer_time: 0.078, forward_time: 0.771, loss_parse_time: 0.000 memory: 26235, 
2022-06-03 20:29:58,007 - INFO - task : ['VEHICLE', 'PEDESTRIAN', 'CYCLIST'], loss: 0.8235, hm_loss: 0.2652, dep_loss: 0.5583, num_positive: 119.6000

2022-06-03 20:30:15,289 - INFO - Epoch [3/6][75/133]	lr: 0.00005, eta: 0:26:29, time: 3.458, data_time: 0.084, transfer_time: 0.078, forward_time: 0.778, loss_parse_time: 0.000 memory: 26235, 
2022-06-03 20:30:15,290 - INFO - task : ['VEHICLE', 'PEDESTRIAN', 'CYCLIST'], loss: 0.8466, hm_loss: 0.2030, dep_loss: 0.6436, num_positive: 115.6000

2022-06-03 20:30:32,516 - INFO - Epoch [3/6][80/133]	lr: 0.00005, eta: 0:26:12, time: 3.447, data_time: 0.079, transfer_time: 0.079, forward_time: 0.769, loss_parse_time: 0.000 memory: 26235, 
2022-06-03 20:30:32,516 - INFO - task : ['VEHICLE', 'PEDESTRIAN', 'CYCLIST'], loss: 0.8225, hm_loss: 0.2548, dep_loss: 0.5677, num_positive: 125.0000

2022-06-03 20:30:49,806 - INFO - Epoch [3/6][85/133]	lr: 0.00005, eta: 0:25:54, time: 3.457, data_time: 0.081, transfer_time: 0.083, forward_time: 0.774, loss_parse_time: 0.000 memory: 26235, 
2022-06-03 20:30:49,806 - INFO - task : ['VEHICLE', 'PEDESTRIAN', 'CYCLIST'], loss: 0.8764, hm_loss: 0.2198, dep_loss: 0.6566, num_positive: 117.0000

2022-06-03 20:31:07,071 - INFO - Epoch [3/6][90/133]	lr: 0.00005, eta: 0:25:37, time: 3.452, data_time: 0.076, transfer_time: 0.080, forward_time: 0.771, loss_parse_time: 0.000 memory: 26235, 
2022-06-03 20:31:07,071 - INFO - task : ['VEHICLE', 'PEDESTRIAN', 'CYCLIST'], loss: 0.9668, hm_loss: 0.2677, dep_loss: 0.6991, num_positive: 102.2000

2022-06-03 20:31:24,289 - INFO - Epoch [3/6][95/133]	lr: 0.00005, eta: 0:25:19, time: 3.446, data_time: 0.080, transfer_time: 0.080, forward_time: 0.768, loss_parse_time: 0.000 memory: 26235, 
2022-06-03 20:31:24,289 - INFO - task : ['VEHICLE', 'PEDESTRIAN', 'CYCLIST'], loss: 0.8161, hm_loss: 0.2093, dep_loss: 0.6068, num_positive: 122.2000

2022-06-03 20:31:41,552 - INFO - Epoch [3/6][100/133]	lr: 0.00005, eta: 0:25:01, time: 3.450, data_time: 0.075, transfer_time: 0.077, forward_time: 0.781, loss_parse_time: 0.000 memory: 26235, 
2022-06-03 20:31:41,552 - INFO - task : ['VEHICLE', 'PEDESTRIAN', 'CYCLIST'], loss: 0.9940, hm_loss: 0.2902, dep_loss: 0.7038, num_positive: 113.0000

2022-06-03 20:31:58,740 - INFO - Epoch [3/6][105/133]	lr: 0.00005, eta: 0:24:44, time: 3.441, data_time: 0.080, transfer_time: 0.076, forward_time: 0.767, loss_parse_time: 0.000 memory: 26235, 
2022-06-03 20:31:58,740 - INFO - task : ['VEHICLE', 'PEDESTRIAN', 'CYCLIST'], loss: 0.9714, hm_loss: 0.2743, dep_loss: 0.6971, num_positive: 139.2000

2022-06-03 20:32:15,951 - INFO - Epoch [3/6][110/133]	lr: 0.00005, eta: 0:24:26, time: 3.442, data_time: 0.070, transfer_time: 0.079, forward_time: 0.777, loss_parse_time: 0.000 memory: 26235, 
2022-06-03 20:32:15,952 - INFO - task : ['VEHICLE', 'PEDESTRIAN', 'CYCLIST'], loss: 0.8929, hm_loss: 0.2732, dep_loss: 0.6197, num_positive: 90.8000

2022-06-03 20:32:33,158 - INFO - Epoch [3/6][115/133]	lr: 0.00005, eta: 0:24:09, time: 3.441, data_time: 0.074, transfer_time: 0.078, forward_time: 0.778, loss_parse_time: 0.000 memory: 26235, 
2022-06-03 20:32:33,158 - INFO - task : ['VEHICLE', 'PEDESTRIAN', 'CYCLIST'], loss: 0.9451, hm_loss: 0.2438, dep_loss: 0.7014, num_positive: 140.2000

2022-06-03 20:32:50,376 - INFO - Epoch [3/6][120/133]	lr: 0.00005, eta: 0:23:51, time: 3.443, data_time: 0.081, transfer_time: 0.080, forward_time: 0.769, loss_parse_time: 0.000 memory: 26235, 
2022-06-03 20:32:50,376 - INFO - task : ['VEHICLE', 'PEDESTRIAN', 'CYCLIST'], loss: 0.7820, hm_loss: 0.1762, dep_loss: 0.6058, num_positive: 119.8000

2022-06-03 20:33:07,599 - INFO - Epoch [3/6][125/133]	lr: 0.00005, eta: 0:23:34, time: 3.443, data_time: 0.076, transfer_time: 0.080, forward_time: 0.767, loss_parse_time: 0.000 memory: 26235, 
2022-06-03 20:33:07,599 - INFO - task : ['VEHICLE', 'PEDESTRIAN', 'CYCLIST'], loss: 0.8019, hm_loss: 0.2148, dep_loss: 0.5872, num_positive: 119.4000

2022-06-03 20:33:24,770 - INFO - Epoch [3/6][130/133]	lr: 0.00005, eta: 0:23:16, time: 3.435, data_time: 0.075, transfer_time: 0.075, forward_time: 0.776, loss_parse_time: 0.000 memory: 26235, 
2022-06-03 20:33:24,770 - INFO - task : ['VEHICLE', 'PEDESTRIAN', 'CYCLIST'], loss: 0.9429, hm_loss: 0.2976, dep_loss: 0.6453, num_positive: 87.4000

2022-06-03 20:34:02,504 - INFO - Epoch [4/6][5/133]	lr: 0.00005, eta: 0:22:47, time: 5.329, data_time: 1.942, transfer_time: 0.095, forward_time: 0.770, loss_parse_time: 0.000 memory: 26235, 
2022-06-03 20:34:02,504 - INFO - task : ['VEHICLE', 'PEDESTRIAN', 'CYCLIST'], loss: 0.6723, hm_loss: 0.2002, dep_loss: 0.4720, num_positive: 112.0000

2022-06-03 20:34:19,311 - INFO - Epoch [4/6][10/133]	lr: 0.00005, eta: 0:22:29, time: 3.361, data_time: 0.077, transfer_time: 0.081, forward_time: 0.756, loss_parse_time: 0.000 memory: 26235, 
2022-06-03 20:34:19,312 - INFO - task : ['VEHICLE', 'PEDESTRIAN', 'CYCLIST'], loss: 0.8391, hm_loss: 0.2455, dep_loss: 0.5936, num_positive: 144.4000

2022-06-03 20:34:36,055 - INFO - Epoch [4/6][15/133]	lr: 0.00005, eta: 0:22:11, time: 3.349, data_time: 0.073, transfer_time: 0.079, forward_time: 0.755, loss_parse_time: 0.000 memory: 26235, 
2022-06-03 20:34:36,055 - INFO - task : ['VEHICLE', 'PEDESTRIAN', 'CYCLIST'], loss: 0.7812, hm_loss: 0.2079, dep_loss: 0.5732, num_positive: 108.4000

2022-06-03 20:34:52,949 - INFO - Epoch [4/6][20/133]	lr: 0.00005, eta: 0:21:54, time: 3.378, data_time: 0.076, transfer_time: 0.079, forward_time: 0.761, loss_parse_time: 0.000 memory: 26235, 
2022-06-03 20:34:52,949 - INFO - task : ['VEHICLE', 'PEDESTRIAN', 'CYCLIST'], loss: 0.6976, hm_loss: 0.1852, dep_loss: 0.5124, num_positive: 115.4000

2022-06-03 20:35:09,873 - INFO - Epoch [4/6][25/133]	lr: 0.00005, eta: 0:21:36, time: 3.386, data_time: 0.080, transfer_time: 0.078, forward_time: 0.754, loss_parse_time: 0.000 memory: 26235, 
2022-06-03 20:35:09,873 - INFO - task : ['VEHICLE', 'PEDESTRIAN', 'CYCLIST'], loss: 0.7891, hm_loss: 0.1439, dep_loss: 0.6452, num_positive: 121.8000

2022-06-03 20:35:26,850 - INFO - Epoch [4/6][30/133]	lr: 0.00005, eta: 0:21:18, time: 3.395, data_time: 0.072, transfer_time: 0.083, forward_time: 0.757, loss_parse_time: 0.000 memory: 26235, 
2022-06-03 20:35:26,851 - INFO - task : ['VEHICLE', 'PEDESTRIAN', 'CYCLIST'], loss: 0.7014, hm_loss: 0.1923, dep_loss: 0.5091, num_positive: 106.2000

2022-06-03 20:35:43,836 - INFO - Epoch [4/6][35/133]	lr: 0.00005, eta: 0:21:01, time: 3.397, data_time: 0.079, transfer_time: 0.077, forward_time: 0.759, loss_parse_time: 0.000 memory: 26235, 
2022-06-03 20:35:43,836 - INFO - task : ['VEHICLE', 'PEDESTRIAN', 'CYCLIST'], loss: 0.8061, hm_loss: 0.2532, dep_loss: 0.5529, num_positive: 129.0000

2022-06-03 20:36:00,852 - INFO - Epoch [4/6][40/133]	lr: 0.00005, eta: 0:20:43, time: 3.403, data_time: 0.070, transfer_time: 0.080, forward_time: 0.766, loss_parse_time: 0.000 memory: 26235, 
2022-06-03 20:36:00,852 - INFO - task : ['VEHICLE', 'PEDESTRIAN', 'CYCLIST'], loss: 0.7700, hm_loss: 0.2339, dep_loss: 0.5361, num_positive: 103.4000

2022-06-03 20:36:17,894 - INFO - Epoch [4/6][45/133]	lr: 0.00005, eta: 0:20:26, time: 3.409, data_time: 0.079, transfer_time: 0.078, forward_time: 0.764, loss_parse_time: 0.000 memory: 26235, 
2022-06-03 20:36:17,894 - INFO - task : ['VEHICLE', 'PEDESTRIAN', 'CYCLIST'], loss: 0.7194, hm_loss: 0.2010, dep_loss: 0.5184, num_positive: 145.6000

2022-06-03 20:36:34,879 - INFO - Epoch [4/6][50/133]	lr: 0.00005, eta: 0:20:08, time: 3.396, data_time: 0.069, transfer_time: 0.078, forward_time: 0.760, loss_parse_time: 0.000 memory: 26235, 
2022-06-03 20:36:34,879 - INFO - task : ['VEHICLE', 'PEDESTRIAN', 'CYCLIST'], loss: 0.6675, hm_loss: 0.1732, dep_loss: 0.4943, num_positive: 132.2000

2022-06-03 20:36:51,910 - INFO - Epoch [4/6][55/133]	lr: 0.00005, eta: 0:19:50, time: 3.407, data_time: 0.075, transfer_time: 0.078, forward_time: 0.763, loss_parse_time: 0.000 memory: 26235, 
2022-06-03 20:36:51,910 - INFO - task : ['VEHICLE', 'PEDESTRIAN', 'CYCLIST'], loss: 0.7303, hm_loss: 0.1769, dep_loss: 0.5534, num_positive: 97.8000

2022-06-03 20:37:08,937 - INFO - Epoch [4/6][60/133]	lr: 0.00005, eta: 0:19:33, time: 3.406, data_time: 0.077, transfer_time: 0.080, forward_time: 0.759, loss_parse_time: 0.000 memory: 26235, 
2022-06-03 20:37:08,937 - INFO - task : ['VEHICLE', 'PEDESTRIAN', 'CYCLIST'], loss: 0.7460, hm_loss: 0.2122, dep_loss: 0.5338, num_positive: 94.2000

2022-06-03 20:37:25,964 - INFO - Epoch [4/6][65/133]	lr: 0.00005, eta: 0:19:15, time: 3.405, data_time: 0.081, transfer_time: 0.078, forward_time: 0.759, loss_parse_time: 0.000 memory: 26235, 
2022-06-03 20:37:25,964 - INFO - task : ['VEHICLE', 'PEDESTRIAN', 'CYCLIST'], loss: 0.8574, hm_loss: 0.2041, dep_loss: 0.6533, num_positive: 129.8000

2022-06-03 20:37:42,964 - INFO - Epoch [4/6][70/133]	lr: 0.00005, eta: 0:18:58, time: 3.400, data_time: 0.071, transfer_time: 0.078, forward_time: 0.762, loss_parse_time: 0.000 memory: 26235, 
2022-06-03 20:37:42,964 - INFO - task : ['VEHICLE', 'PEDESTRIAN', 'CYCLIST'], loss: 0.7856, hm_loss: 0.2049, dep_loss: 0.5807, num_positive: 124.0000

2022-06-03 20:37:59,951 - INFO - Epoch [4/6][75/133]	lr: 0.00005, eta: 0:18:40, time: 3.397, data_time: 0.069, transfer_time: 0.079, forward_time: 0.764, loss_parse_time: 0.000 memory: 26235, 
2022-06-03 20:37:59,952 - INFO - task : ['VEHICLE', 'PEDESTRIAN', 'CYCLIST'], loss: 0.8423, hm_loss: 0.1914, dep_loss: 0.6508, num_positive: 107.6000

2022-06-03 20:38:16,948 - INFO - Epoch [4/6][80/133]	lr: 0.00005, eta: 0:18:23, time: 3.399, data_time: 0.081, transfer_time: 0.076, forward_time: 0.759, loss_parse_time: 0.000 memory: 26235, 
2022-06-03 20:38:16,948 - INFO - task : ['VEHICLE', 'PEDESTRIAN', 'CYCLIST'], loss: 0.6916, hm_loss: 0.1469, dep_loss: 0.5447, num_positive: 140.2000

2022-06-03 20:38:33,938 - INFO - Epoch [4/6][85/133]	lr: 0.00005, eta: 0:18:05, time: 3.399, data_time: 0.081, transfer_time: 0.076, forward_time: 0.758, loss_parse_time: 0.000 memory: 26235, 
2022-06-03 20:38:33,938 - INFO - task : ['VEHICLE', 'PEDESTRIAN', 'CYCLIST'], loss: 0.7010, hm_loss: 0.1875, dep_loss: 0.5135, num_positive: 133.2000

2022-06-03 20:38:50,889 - INFO - Epoch [4/6][90/133]	lr: 0.00005, eta: 0:17:48, time: 3.389, data_time: 0.064, transfer_time: 0.078, forward_time: 0.763, loss_parse_time: 0.000 memory: 26235, 
2022-06-03 20:38:50,890 - INFO - task : ['VEHICLE', 'PEDESTRIAN', 'CYCLIST'], loss: 0.6465, hm_loss: 0.1685, dep_loss: 0.4780, num_positive: 123.0000

2022-06-03 20:39:07,848 - INFO - Epoch [4/6][95/133]	lr: 0.00005, eta: 0:17:30, time: 3.393, data_time: 0.069, transfer_time: 0.078, forward_time: 0.763, loss_parse_time: 0.000 memory: 26235, 
2022-06-03 20:39:07,848 - INFO - task : ['VEHICLE', 'PEDESTRIAN', 'CYCLIST'], loss: 0.8592, hm_loss: 0.2086, dep_loss: 0.6506, num_positive: 96.6000

2022-06-03 20:39:24,831 - INFO - Epoch [4/6][100/133]	lr: 0.00005, eta: 0:17:13, time: 3.397, data_time: 0.082, transfer_time: 0.078, forward_time: 0.759, loss_parse_time: 0.000 memory: 26235, 
2022-06-03 20:39:24,832 - INFO - task : ['VEHICLE', 'PEDESTRIAN', 'CYCLIST'], loss: 0.7518, hm_loss: 0.1589, dep_loss: 0.5929, num_positive: 110.2000

2022-06-03 20:39:41,768 - INFO - Epoch [4/6][105/133]	lr: 0.00005, eta: 0:16:55, time: 3.387, data_time: 0.072, transfer_time: 0.076, forward_time: 0.760, loss_parse_time: 0.000 memory: 26235, 
2022-06-03 20:39:41,769 - INFO - task : ['VEHICLE', 'PEDESTRIAN', 'CYCLIST'], loss: 0.7390, hm_loss: 0.1407, dep_loss: 0.5983, num_positive: 157.8000

2022-06-03 20:39:58,710 - INFO - Epoch [4/6][110/133]	lr: 0.00005, eta: 0:16:38, time: 3.387, data_time: 0.072, transfer_time: 0.076, forward_time: 0.761, loss_parse_time: 0.000 memory: 26235, 
2022-06-03 20:39:58,711 - INFO - task : ['VEHICLE', 'PEDESTRIAN', 'CYCLIST'], loss: 0.6908, hm_loss: 0.1515, dep_loss: 0.5394, num_positive: 141.0000

2022-06-03 20:40:15,665 - INFO - Epoch [4/6][115/133]	lr: 0.00005, eta: 0:16:21, time: 3.391, data_time: 0.077, transfer_time: 0.078, forward_time: 0.762, loss_parse_time: 0.000 memory: 26235, 
2022-06-03 20:40:15,665 - INFO - task : ['VEHICLE', 'PEDESTRIAN', 'CYCLIST'], loss: 0.7166, hm_loss: 0.2129, dep_loss: 0.5037, num_positive: 131.8000

2022-06-03 20:40:32,587 - INFO - Epoch [4/6][120/133]	lr: 0.00005, eta: 0:16:03, time: 3.385, data_time: 0.081, transfer_time: 0.078, forward_time: 0.755, loss_parse_time: 0.000 memory: 26235, 
2022-06-03 20:40:32,587 - INFO - task : ['VEHICLE', 'PEDESTRIAN', 'CYCLIST'], loss: 0.7616, hm_loss: 0.1534, dep_loss: 0.6083, num_positive: 123.2000

2022-06-03 20:40:49,471 - INFO - Epoch [4/6][125/133]	lr: 0.00005, eta: 0:15:46, time: 3.377, data_time: 0.072, transfer_time: 0.075, forward_time: 0.758, loss_parse_time: 0.000 memory: 26235, 
2022-06-03 20:40:49,471 - INFO - task : ['VEHICLE', 'PEDESTRIAN', 'CYCLIST'], loss: 0.7047, hm_loss: 0.1842, dep_loss: 0.5205, num_positive: 110.4000

2022-06-03 20:41:06,325 - INFO - Epoch [4/6][130/133]	lr: 0.00005, eta: 0:15:28, time: 3.371, data_time: 0.071, transfer_time: 0.074, forward_time: 0.761, loss_parse_time: 0.000 memory: 26235, 
2022-06-03 20:41:06,326 - INFO - task : ['VEHICLE', 'PEDESTRIAN', 'CYCLIST'], loss: 0.6941, hm_loss: 0.1766, dep_loss: 0.5175, num_positive: 145.0000

2022-06-03 20:41:43,482 - INFO - Epoch [5/6][5/133]	lr: 0.00005, eta: 0:15:00, time: 5.252, data_time: 1.995, transfer_time: 0.082, forward_time: 0.748, loss_parse_time: 0.000 memory: 26235, 
2022-06-03 20:41:43,482 - INFO - task : ['VEHICLE', 'PEDESTRIAN', 'CYCLIST'], loss: 0.6421, hm_loss: 0.1357, dep_loss: 0.5064, num_positive: 137.4000

2022-06-03 20:42:00,537 - INFO - Epoch [5/6][10/133]	lr: 0.00005, eta: 0:14:42, time: 3.412, data_time: 0.061, transfer_time: 0.078, forward_time: 0.771, loss_parse_time: 0.000 memory: 26235, 
2022-06-03 20:42:00,538 - INFO - task : ['VEHICLE', 'PEDESTRIAN', 'CYCLIST'], loss: 0.5850, hm_loss: 0.1315, dep_loss: 0.4536, num_positive: 103.4000

2022-06-03 20:42:17,848 - INFO - Epoch [5/6][15/133]	lr: 0.00005, eta: 0:14:25, time: 3.460, data_time: 0.070, transfer_time: 0.079, forward_time: 0.780, loss_parse_time: 0.000 memory: 26235, 
2022-06-03 20:42:17,848 - INFO - task : ['VEHICLE', 'PEDESTRIAN', 'CYCLIST'], loss: 0.6531, hm_loss: 0.1769, dep_loss: 0.4762, num_positive: 120.0000

2022-06-03 20:42:34,989 - INFO - Epoch [5/6][20/133]	lr: 0.00005, eta: 0:14:08, time: 3.429, data_time: 0.075, transfer_time: 0.077, forward_time: 0.771, loss_parse_time: 0.000 memory: 26235, 
2022-06-03 20:42:34,989 - INFO - task : ['VEHICLE', 'PEDESTRIAN', 'CYCLIST'], loss: 0.5997, hm_loss: 0.1260, dep_loss: 0.4737, num_positive: 116.6000

2022-06-03 20:42:52,207 - INFO - Epoch [5/6][25/133]	lr: 0.00005, eta: 0:13:51, time: 3.444, data_time: 0.072, transfer_time: 0.079, forward_time: 0.780, loss_parse_time: 0.000 memory: 26235, 
2022-06-03 20:42:52,207 - INFO - task : ['VEHICLE', 'PEDESTRIAN', 'CYCLIST'], loss: 0.5736, hm_loss: 0.1728, dep_loss: 0.4008, num_positive: 111.2000

2022-06-03 20:43:09,448 - INFO - Epoch [5/6][30/133]	lr: 0.00005, eta: 0:13:33, time: 3.448, data_time: 0.075, transfer_time: 0.079, forward_time: 0.775, loss_parse_time: 0.000 memory: 26235, 
2022-06-03 20:43:09,448 - INFO - task : ['VEHICLE', 'PEDESTRIAN', 'CYCLIST'], loss: 0.7195, hm_loss: 0.1555, dep_loss: 0.5640, num_positive: 143.6000

2022-06-03 20:43:26,733 - INFO - Epoch [5/6][35/133]	lr: 0.00005, eta: 0:13:16, time: 3.458, data_time: 0.075, transfer_time: 0.076, forward_time: 0.782, loss_parse_time: 0.000 memory: 26235, 
2022-06-03 20:43:26,733 - INFO - task : ['VEHICLE', 'PEDESTRIAN', 'CYCLIST'], loss: 0.6832, hm_loss: 0.1459, dep_loss: 0.5373, num_positive: 123.4000

2022-06-03 20:43:44,017 - INFO - Epoch [5/6][40/133]	lr: 0.00005, eta: 0:12:59, time: 3.457, data_time: 0.075, transfer_time: 0.077, forward_time: 0.781, loss_parse_time: 0.000 memory: 26235, 
2022-06-03 20:43:44,017 - INFO - task : ['VEHICLE', 'PEDESTRIAN', 'CYCLIST'], loss: 0.6247, hm_loss: 0.1355, dep_loss: 0.4892, num_positive: 124.6000

2022-06-03 20:44:01,288 - INFO - Epoch [5/6][45/133]	lr: 0.00005, eta: 0:12:42, time: 3.454, data_time: 0.078, transfer_time: 0.077, forward_time: 0.776, loss_parse_time: 0.000 memory: 26235, 
2022-06-03 20:44:01,288 - INFO - task : ['VEHICLE', 'PEDESTRIAN', 'CYCLIST'], loss: 0.8838, hm_loss: 0.2724, dep_loss: 0.6115, num_positive: 102.4000

2022-06-03 20:44:18,547 - INFO - Epoch [5/6][50/133]	lr: 0.00005, eta: 0:12:25, time: 3.451, data_time: 0.065, transfer_time: 0.079, forward_time: 0.782, loss_parse_time: 0.000 memory: 26235, 
2022-06-03 20:44:18,548 - INFO - task : ['VEHICLE', 'PEDESTRIAN', 'CYCLIST'], loss: 0.7051, hm_loss: 0.1505, dep_loss: 0.5546, num_positive: 76.8000

2022-06-03 20:44:35,744 - INFO - Epoch [5/6][55/133]	lr: 0.00005, eta: 0:12:07, time: 3.440, data_time: 0.069, transfer_time: 0.076, forward_time: 0.777, loss_parse_time: 0.000 memory: 26235, 
2022-06-03 20:44:35,744 - INFO - task : ['VEHICLE', 'PEDESTRIAN', 'CYCLIST'], loss: 0.6347, hm_loss: 0.1492, dep_loss: 0.4856, num_positive: 133.8000

2022-06-03 20:44:53,008 - INFO - Epoch [5/6][60/133]	lr: 0.00005, eta: 0:11:50, time: 3.453, data_time: 0.073, transfer_time: 0.076, forward_time: 0.783, loss_parse_time: 0.000 memory: 26235, 
2022-06-03 20:44:53,009 - INFO - task : ['VEHICLE', 'PEDESTRIAN', 'CYCLIST'], loss: 0.5977, hm_loss: 0.1248, dep_loss: 0.4729, num_positive: 105.0000

2022-06-03 20:45:10,253 - INFO - Epoch [5/6][65/133]	lr: 0.00005, eta: 0:11:33, time: 3.449, data_time: 0.078, transfer_time: 0.077, forward_time: 0.771, loss_parse_time: 0.000 memory: 26235, 
2022-06-03 20:45:10,253 - INFO - task : ['VEHICLE', 'PEDESTRIAN', 'CYCLIST'], loss: 0.5810, hm_loss: 0.1337, dep_loss: 0.4473, num_positive: 139.0000

2022-06-03 20:45:27,513 - INFO - Epoch [5/6][70/133]	lr: 0.00005, eta: 0:11:16, time: 3.450, data_time: 0.074, transfer_time: 0.080, forward_time: 0.778, loss_parse_time: 0.000 memory: 26235, 
2022-06-03 20:45:27,513 - INFO - task : ['VEHICLE', 'PEDESTRIAN', 'CYCLIST'], loss: 0.6163, hm_loss: 0.1492, dep_loss: 0.4672, num_positive: 89.6000

2022-06-03 20:45:44,734 - INFO - Epoch [5/6][75/133]	lr: 0.00005, eta: 0:10:58, time: 3.446, data_time: 0.074, transfer_time: 0.077, forward_time: 0.775, loss_parse_time: 0.000 memory: 26235, 
2022-06-03 20:45:44,734 - INFO - task : ['VEHICLE', 'PEDESTRIAN', 'CYCLIST'], loss: 0.6129, hm_loss: 0.1512, dep_loss: 0.4618, num_positive: 142.8000

2022-06-03 20:46:01,980 - INFO - Epoch [5/6][80/133]	lr: 0.00005, eta: 0:10:41, time: 3.449, data_time: 0.084, transfer_time: 0.080, forward_time: 0.767, loss_parse_time: 0.000 memory: 26235, 
2022-06-03 20:46:01,980 - INFO - task : ['VEHICLE', 'PEDESTRIAN', 'CYCLIST'], loss: 0.5778, hm_loss: 0.1436, dep_loss: 0.4343, num_positive: 125.0000

2022-06-03 20:46:19,239 - INFO - Epoch [5/6][85/133]	lr: 0.00005, eta: 0:10:24, time: 3.452, data_time: 0.086, transfer_time: 0.077, forward_time: 0.772, loss_parse_time: 0.000 memory: 26235, 
2022-06-03 20:46:19,239 - INFO - task : ['VEHICLE', 'PEDESTRIAN', 'CYCLIST'], loss: 0.6583, hm_loss: 0.1503, dep_loss: 0.5081, num_positive: 122.4000

2022-06-03 20:46:36,472 - INFO - Epoch [5/6][90/133]	lr: 0.00005, eta: 0:10:07, time: 3.446, data_time: 0.081, transfer_time: 0.082, forward_time: 0.770, loss_parse_time: 0.000 memory: 26235, 
2022-06-03 20:46:36,472 - INFO - task : ['VEHICLE', 'PEDESTRIAN', 'CYCLIST'], loss: 0.6022, hm_loss: 0.1415, dep_loss: 0.4607, num_positive: 126.2000

2022-06-03 20:46:53,666 - INFO - Epoch [5/6][95/133]	lr: 0.00005, eta: 0:09:49, time: 3.438, data_time: 0.077, transfer_time: 0.076, forward_time: 0.771, loss_parse_time: 0.000 memory: 26235, 
2022-06-03 20:46:53,666 - INFO - task : ['VEHICLE', 'PEDESTRIAN', 'CYCLIST'], loss: 0.6527, hm_loss: 0.1864, dep_loss: 0.4663, num_positive: 106.4000

2022-06-03 20:47:10,921 - INFO - Epoch [5/6][100/133]	lr: 0.00005, eta: 0:09:32, time: 3.453, data_time: 0.081, transfer_time: 0.080, forward_time: 0.770, loss_parse_time: 0.000 memory: 26235, 
2022-06-03 20:47:10,921 - INFO - task : ['VEHICLE', 'PEDESTRIAN', 'CYCLIST'], loss: 0.5454, hm_loss: 0.1122, dep_loss: 0.4332, num_positive: 155.6000

2022-06-03 20:47:28,082 - INFO - Epoch [5/6][105/133]	lr: 0.00005, eta: 0:09:15, time: 3.432, data_time: 0.080, transfer_time: 0.078, forward_time: 0.766, loss_parse_time: 0.000 memory: 26235, 
2022-06-03 20:47:28,082 - INFO - task : ['VEHICLE', 'PEDESTRIAN', 'CYCLIST'], loss: 0.5631, hm_loss: 0.1429, dep_loss: 0.4202, num_positive: 89.8000

2022-06-03 20:47:45,040 - INFO - Epoch [5/6][110/133]	lr: 0.00005, eta: 0:08:57, time: 3.390, data_time: 0.075, transfer_time: 0.077, forward_time: 0.759, loss_parse_time: 0.000 memory: 26235, 
2022-06-03 20:47:45,040 - INFO - task : ['VEHICLE', 'PEDESTRIAN', 'CYCLIST'], loss: 0.5729, hm_loss: 0.1679, dep_loss: 0.4050, num_positive: 173.0000

2022-06-03 20:48:02,008 - INFO - Epoch [5/6][115/133]	lr: 0.00005, eta: 0:08:40, time: 3.395, data_time: 0.084, transfer_time: 0.080, forward_time: 0.753, loss_parse_time: 0.000 memory: 26235, 
2022-06-03 20:48:02,008 - INFO - task : ['VEHICLE', 'PEDESTRIAN', 'CYCLIST'], loss: 0.5757, hm_loss: 0.1332, dep_loss: 0.4425, num_positive: 126.8000

2022-06-03 20:48:18,952 - INFO - Epoch [5/6][120/133]	lr: 0.00005, eta: 0:08:23, time: 3.390, data_time: 0.074, transfer_time: 0.078, forward_time: 0.763, loss_parse_time: 0.000 memory: 26235, 
2022-06-03 20:48:18,953 - INFO - task : ['VEHICLE', 'PEDESTRIAN', 'CYCLIST'], loss: 0.5594, hm_loss: 0.1480, dep_loss: 0.4114, num_positive: 147.6000

2022-06-03 20:48:35,888 - INFO - Epoch [5/6][125/133]	lr: 0.00005, eta: 0:08:06, time: 3.387, data_time: 0.074, transfer_time: 0.077, forward_time: 0.760, loss_parse_time: 0.000 memory: 26235, 
2022-06-03 20:48:35,888 - INFO - task : ['VEHICLE', 'PEDESTRIAN', 'CYCLIST'], loss: 0.6406, hm_loss: 0.1468, dep_loss: 0.4938, num_positive: 137.8000

2022-06-03 20:48:52,786 - INFO - Epoch [5/6][130/133]	lr: 0.00005, eta: 0:07:48, time: 3.379, data_time: 0.076, transfer_time: 0.074, forward_time: 0.753, loss_parse_time: 0.000 memory: 26235, 
2022-06-03 20:48:52,786 - INFO - task : ['VEHICLE', 'PEDESTRIAN', 'CYCLIST'], loss: 0.6476, hm_loss: 0.1486, dep_loss: 0.4990, num_positive: 123.2000

2022-06-03 20:49:29,809 - INFO - Epoch [6/6][5/133]	lr: 0.00005, eta: 0:07:20, time: 5.216, data_time: 1.962, transfer_time: 0.087, forward_time: 0.742, loss_parse_time: 0.000 memory: 26235, 
2022-06-03 20:49:29,809 - INFO - task : ['VEHICLE', 'PEDESTRIAN', 'CYCLIST'], loss: 0.5586, hm_loss: 0.1100, dep_loss: 0.4486, num_positive: 107.8000

2022-06-03 20:49:46,424 - INFO - Epoch [6/6][10/133]	lr: 0.00005, eta: 0:07:03, time: 3.325, data_time: 0.061, transfer_time: 0.076, forward_time: 0.759, loss_parse_time: 0.000 memory: 26235, 
2022-06-03 20:49:46,424 - INFO - task : ['VEHICLE', 'PEDESTRIAN', 'CYCLIST'], loss: 0.5175, hm_loss: 0.1406, dep_loss: 0.3769, num_positive: 126.0000

2022-06-03 20:50:03,185 - INFO - Epoch [6/6][15/133]	lr: 0.00005, eta: 0:06:46, time: 3.352, data_time: 0.072, transfer_time: 0.078, forward_time: 0.759, loss_parse_time: 0.000 memory: 26235, 
2022-06-03 20:50:03,185 - INFO - task : ['VEHICLE', 'PEDESTRIAN', 'CYCLIST'], loss: 0.5850, hm_loss: 0.1199, dep_loss: 0.4650, num_positive: 91.2000

2022-06-03 20:50:20,037 - INFO - Epoch [6/6][20/133]	lr: 0.00005, eta: 0:06:28, time: 3.371, data_time: 0.079, transfer_time: 0.075, forward_time: 0.753, loss_parse_time: 0.000 memory: 26235, 
2022-06-03 20:50:20,038 - INFO - task : ['VEHICLE', 'PEDESTRIAN', 'CYCLIST'], loss: 0.5204, hm_loss: 0.1424, dep_loss: 0.3780, num_positive: 128.2000

2022-06-03 20:50:36,954 - INFO - Epoch [6/6][25/133]	lr: 0.00005, eta: 0:06:11, time: 3.383, data_time: 0.065, transfer_time: 0.079, forward_time: 0.761, loss_parse_time: 0.000 memory: 26235, 
2022-06-03 20:50:36,955 - INFO - task : ['VEHICLE', 'PEDESTRIAN', 'CYCLIST'], loss: 0.6104, hm_loss: 0.1437, dep_loss: 0.4667, num_positive: 119.2000

2022-06-03 20:50:53,950 - INFO - Epoch [6/6][30/133]	lr: 0.00005, eta: 0:05:54, time: 3.399, data_time: 0.073, transfer_time: 0.074, forward_time: 0.770, loss_parse_time: 0.000 memory: 26235, 
2022-06-03 20:50:53,950 - INFO - task : ['VEHICLE', 'PEDESTRIAN', 'CYCLIST'], loss: 0.5795, hm_loss: 0.1594, dep_loss: 0.4201, num_positive: 99.4000

2022-06-03 20:51:10,926 - INFO - Epoch [6/6][35/133]	lr: 0.00005, eta: 0:05:37, time: 3.395, data_time: 0.070, transfer_time: 0.076, forward_time: 0.758, loss_parse_time: 0.000 memory: 26235, 
2022-06-03 20:51:10,926 - INFO - task : ['VEHICLE', 'PEDESTRIAN', 'CYCLIST'], loss: 0.5537, hm_loss: 0.1327, dep_loss: 0.4209, num_positive: 121.2000

2022-06-03 20:51:28,200 - INFO - Epoch [6/6][40/133]	lr: 0.00005, eta: 0:05:20, time: 3.455, data_time: 0.077, transfer_time: 0.077, forward_time: 0.769, loss_parse_time: 0.000 memory: 26235, 
2022-06-03 20:51:28,200 - INFO - task : ['VEHICLE', 'PEDESTRIAN', 'CYCLIST'], loss: 0.5713, hm_loss: 0.1147, dep_loss: 0.4566, num_positive: 133.0000

2022-06-03 20:51:45,432 - INFO - Epoch [6/6][45/133]	lr: 0.00005, eta: 0:05:02, time: 3.445, data_time: 0.074, transfer_time: 0.078, forward_time: 0.770, loss_parse_time: 0.000 memory: 26235, 
2022-06-03 20:51:45,432 - INFO - task : ['VEHICLE', 'PEDESTRIAN', 'CYCLIST'], loss: 0.5626, hm_loss: 0.1437, dep_loss: 0.4189, num_positive: 117.0000

2022-06-03 20:52:02,692 - INFO - Epoch [6/6][50/133]	lr: 0.00005, eta: 0:04:45, time: 3.453, data_time: 0.069, transfer_time: 0.077, forward_time: 0.785, loss_parse_time: 0.000 memory: 26235, 
2022-06-03 20:52:02,692 - INFO - task : ['VEHICLE', 'PEDESTRIAN', 'CYCLIST'], loss: 0.5811, hm_loss: 0.1130, dep_loss: 0.4681, num_positive: 131.6000

2022-06-03 20:52:19,926 - INFO - Epoch [6/6][55/133]	lr: 0.00005, eta: 0:04:28, time: 3.446, data_time: 0.076, transfer_time: 0.077, forward_time: 0.768, loss_parse_time: 0.000 memory: 26235, 
2022-06-03 20:52:19,926 - INFO - task : ['VEHICLE', 'PEDESTRIAN', 'CYCLIST'], loss: 0.5970, hm_loss: 0.1209, dep_loss: 0.4761, num_positive: 112.6000

2022-06-03 20:52:37,184 - INFO - Epoch [6/6][60/133]	lr: 0.00005, eta: 0:04:11, time: 3.453, data_time: 0.073, transfer_time: 0.079, forward_time: 0.779, loss_parse_time: 0.000 memory: 26235, 
2022-06-03 20:52:37,184 - INFO - task : ['VEHICLE', 'PEDESTRIAN', 'CYCLIST'], loss: 0.6319, hm_loss: 0.1074, dep_loss: 0.5246, num_positive: 118.4000

2022-06-03 20:52:54,407 - INFO - Epoch [6/6][65/133]	lr: 0.00005, eta: 0:03:54, time: 3.444, data_time: 0.065, transfer_time: 0.075, forward_time: 0.782, loss_parse_time: 0.000 memory: 26235, 
2022-06-03 20:52:54,407 - INFO - task : ['VEHICLE', 'PEDESTRIAN', 'CYCLIST'], loss: 0.5402, hm_loss: 0.1170, dep_loss: 0.4233, num_positive: 148.2000

2022-06-03 20:53:11,647 - INFO - Epoch [6/6][70/133]	lr: 0.00005, eta: 0:03:36, time: 3.448, data_time: 0.080, transfer_time: 0.076, forward_time: 0.769, loss_parse_time: 0.000 memory: 26235, 
2022-06-03 20:53:11,647 - INFO - task : ['VEHICLE', 'PEDESTRIAN', 'CYCLIST'], loss: 0.5769, hm_loss: 0.0979, dep_loss: 0.4791, num_positive: 110.4000

2022-06-03 20:53:28,873 - INFO - Epoch [6/6][75/133]	lr: 0.00005, eta: 0:03:19, time: 3.445, data_time: 0.070, transfer_time: 0.075, forward_time: 0.775, loss_parse_time: 0.000 memory: 26235, 
2022-06-03 20:53:28,873 - INFO - task : ['VEHICLE', 'PEDESTRIAN', 'CYCLIST'], loss: 0.6552, hm_loss: 0.1368, dep_loss: 0.5184, num_positive: 130.6000

2022-06-03 20:53:46,106 - INFO - Epoch [6/6][80/133]	lr: 0.00005, eta: 0:03:02, time: 3.446, data_time: 0.073, transfer_time: 0.073, forward_time: 0.781, loss_parse_time: 0.000 memory: 26235, 
2022-06-03 20:53:46,106 - INFO - task : ['VEHICLE', 'PEDESTRIAN', 'CYCLIST'], loss: 0.5274, hm_loss: 0.0822, dep_loss: 0.4452, num_positive: 104.4000

2022-06-03 20:54:03,319 - INFO - Epoch [6/6][85/133]	lr: 0.00005, eta: 0:02:45, time: 3.442, data_time: 0.071, transfer_time: 0.076, forward_time: 0.775, loss_parse_time: 0.000 memory: 26235, 
2022-06-03 20:54:03,319 - INFO - task : ['VEHICLE', 'PEDESTRIAN', 'CYCLIST'], loss: 0.5487, hm_loss: 0.1147, dep_loss: 0.4340, num_positive: 116.2000

2022-06-03 20:54:20,514 - INFO - Epoch [6/6][90/133]	lr: 0.00005, eta: 0:02:27, time: 3.440, data_time: 0.075, transfer_time: 0.076, forward_time: 0.769, loss_parse_time: 0.000 memory: 26235, 
2022-06-03 20:54:20,514 - INFO - task : ['VEHICLE', 'PEDESTRIAN', 'CYCLIST'], loss: 0.5150, hm_loss: 0.0960, dep_loss: 0.4191, num_positive: 108.0000

2022-06-03 20:54:37,745 - INFO - Epoch [6/6][95/133]	lr: 0.00005, eta: 0:02:10, time: 3.445, data_time: 0.071, transfer_time: 0.080, forward_time: 0.770, loss_parse_time: 0.000 memory: 26235, 
2022-06-03 20:54:37,745 - INFO - task : ['VEHICLE', 'PEDESTRIAN', 'CYCLIST'], loss: 0.5341, hm_loss: 0.1577, dep_loss: 0.3764, num_positive: 81.4000

2022-06-03 20:54:54,918 - INFO - Epoch [6/6][100/133]	lr: 0.00005, eta: 0:01:53, time: 3.436, data_time: 0.074, transfer_time: 0.076, forward_time: 0.771, loss_parse_time: 0.000 memory: 26235, 
2022-06-03 20:54:54,918 - INFO - task : ['VEHICLE', 'PEDESTRIAN', 'CYCLIST'], loss: 0.5190, hm_loss: 0.1077, dep_loss: 0.4113, num_positive: 123.2000

2022-06-03 20:55:12,128 - INFO - Epoch [6/6][105/133]	lr: 0.00005, eta: 0:01:36, time: 3.442, data_time: 0.067, transfer_time: 0.080, forward_time: 0.776, loss_parse_time: 0.000 memory: 26235, 
2022-06-03 20:55:12,128 - INFO - task : ['VEHICLE', 'PEDESTRIAN', 'CYCLIST'], loss: 0.4615, hm_loss: 0.0909, dep_loss: 0.3705, num_positive: 105.4000

2022-06-03 20:55:29,303 - INFO - Epoch [6/6][110/133]	lr: 0.00005, eta: 0:01:19, time: 3.435, data_time: 0.068, transfer_time: 0.075, forward_time: 0.776, loss_parse_time: 0.000 memory: 26235, 
2022-06-03 20:55:29,303 - INFO - task : ['VEHICLE', 'PEDESTRIAN', 'CYCLIST'], loss: 0.4712, hm_loss: 0.1101, dep_loss: 0.3612, num_positive: 146.2000

2022-06-03 20:55:46,521 - INFO - Epoch [6/6][115/133]	lr: 0.00005, eta: 0:01:01, time: 3.443, data_time: 0.079, transfer_time: 0.076, forward_time: 0.774, loss_parse_time: 0.000 memory: 26235, 
2022-06-03 20:55:46,521 - INFO - task : ['VEHICLE', 'PEDESTRIAN', 'CYCLIST'], loss: 0.4683, hm_loss: 0.1002, dep_loss: 0.3681, num_positive: 120.0000

2022-06-03 20:56:03,729 - INFO - Epoch [6/6][120/133]	lr: 0.00005, eta: 0:00:44, time: 3.441, data_time: 0.068, transfer_time: 0.079, forward_time: 0.779, loss_parse_time: 0.000 memory: 26235, 
2022-06-03 20:56:03,729 - INFO - task : ['VEHICLE', 'PEDESTRIAN', 'CYCLIST'], loss: 0.5003, hm_loss: 0.1054, dep_loss: 0.3949, num_positive: 127.0000

2022-06-03 20:56:20,999 - INFO - Epoch [6/6][125/133]	lr: 0.00005, eta: 0:00:27, time: 3.454, data_time: 0.072, transfer_time: 0.075, forward_time: 0.778, loss_parse_time: 0.000 memory: 26235, 
2022-06-03 20:56:20,999 - INFO - task : ['VEHICLE', 'PEDESTRIAN', 'CYCLIST'], loss: 0.5173, hm_loss: 0.1373, dep_loss: 0.3801, num_positive: 119.4000

2022-06-03 20:56:38,308 - INFO - Epoch [6/6][130/133]	lr: 0.00005, eta: 0:00:10, time: 3.463, data_time: 0.078, transfer_time: 0.070, forward_time: 0.787, loss_parse_time: 0.000 memory: 26235, 
2022-06-03 20:56:38,309 - INFO - task : ['VEHICLE', 'PEDESTRIAN', 'CYCLIST'], loss: 0.5960, hm_loss: 0.1089, dep_loss: 0.4871, num_positive: 161.2000

