2022-04-22 05:08:54,096 - INFO - load checkpoint from work_dirs/waymo_centernet_dla34/epoch_2.pth
2022-04-22 05:08:54,306 - INFO - Start running, host: root@56c00c0c5623, work_dir: /code/CenterPoint/work_dirs/waymo_centernet_dla34_constant_lr
2022-04-22 05:08:54,307 - INFO - workflow: [('train', 1)], max: 6 epochs
2022-04-22 05:09:25,037 - INFO - Epoch [1/6][5/8783]	lr: 0.00005, eta: 3 days, 17:56:14, time: 6.145, data_time: 2.575, transfer_time: 0.097, forward_time: 0.864, loss_parse_time: 0.000 memory: 26223, 
2022-04-22 05:09:25,037 - INFO - task : ['VEHICLE', 'PEDESTRIAN', 'CYCLIST'], loss: 15.0214, hm_loss: 11.2065, dep_loss: 3.8149, num_positive: 135.8000

2022-04-22 05:09:42,840 - INFO - Epoch [1/6][10/8783]	lr: 0.00005, eta: 2 days, 23:01:22, time: 3.561, data_time: 0.067, transfer_time: 0.084, forward_time: 0.792, loss_parse_time: 0.000 memory: 26223, 
2022-04-22 05:09:42,841 - INFO - task : ['VEHICLE', 'PEDESTRIAN', 'CYCLIST'], loss: 5.1801, hm_loss: 1.3723, dep_loss: 3.8078, num_positive: 137.4000

2022-04-22 05:10:00,856 - INFO - Epoch [1/6][15/8783]	lr: 0.00005, eta: 2 days, 16:55:09, time: 3.603, data_time: 0.070, transfer_time: 0.079, forward_time: 0.803, loss_parse_time: 0.000 memory: 26226, 
2022-04-22 05:10:00,856 - INFO - task : ['VEHICLE', 'PEDESTRIAN', 'CYCLIST'], loss: 3.6765, hm_loss: 0.7701, dep_loss: 2.9064, num_positive: 129.4000

2022-04-22 05:10:19,043 - INFO - Epoch [1/6][20/8783]	lr: 0.00005, eta: 2 days, 13:59:42, time: 3.638, data_time: 0.081, transfer_time: 0.082, forward_time: 0.801, loss_parse_time: 0.000 memory: 26226, 
2022-04-22 05:10:19,044 - INFO - task : ['VEHICLE', 'PEDESTRIAN', 'CYCLIST'], loss: 2.2321, hm_loss: 0.5676, dep_loss: 1.6645, num_positive: 125.0000

2022-04-22 05:10:37,282 - INFO - Epoch [1/6][25/8783]	lr: 0.00005, eta: 2 days, 12:15:46, time: 3.647, data_time: 0.071, transfer_time: 0.082, forward_time: 0.808, loss_parse_time: 0.000 memory: 26226, 
2022-04-22 05:10:37,282 - INFO - task : ['VEHICLE', 'PEDESTRIAN', 'CYCLIST'], loss: 1.5570, hm_loss: 0.4819, dep_loss: 1.0751, num_positive: 150.2000

2022-04-22 05:10:55,583 - INFO - Epoch [1/6][30/8783]	lr: 0.00005, eta: 2 days, 11:08:21, time: 3.660, data_time: 0.075, transfer_time: 0.077, forward_time: 0.812, loss_parse_time: 0.000 memory: 26226, 
2022-04-22 05:10:55,583 - INFO - task : ['VEHICLE', 'PEDESTRIAN', 'CYCLIST'], loss: 1.6116, hm_loss: 0.6325, dep_loss: 0.9791, num_positive: 109.2000

2022-04-22 05:11:13,919 - INFO - Epoch [1/6][35/8783]	lr: 0.00005, eta: 2 days, 10:21:04, time: 3.668, data_time: 0.072, transfer_time: 0.079, forward_time: 0.812, loss_parse_time: 0.000 memory: 26226, 
2022-04-22 05:11:13,919 - INFO - task : ['VEHICLE', 'PEDESTRIAN', 'CYCLIST'], loss: 1.2658, hm_loss: 0.4381, dep_loss: 0.8276, num_positive: 148.0000

2022-04-22 05:11:32,313 - INFO - Epoch [1/6][40/8783]	lr: 0.00005, eta: 2 days, 9:46:44, time: 3.679, data_time: 0.066, transfer_time: 0.080, forward_time: 0.822, loss_parse_time: 0.000 memory: 26226, 
2022-04-22 05:11:32,313 - INFO - task : ['VEHICLE', 'PEDESTRIAN', 'CYCLIST'], loss: 1.1847, hm_loss: 0.4007, dep_loss: 0.7840, num_positive: 146.4000

2022-04-22 05:11:50,712 - INFO - Epoch [1/6][45/8783]	lr: 0.00005, eta: 2 days, 9:19:59, time: 3.679, data_time: 0.072, transfer_time: 0.079, forward_time: 0.816, loss_parse_time: 0.000 memory: 26226, 
2022-04-22 05:11:50,712 - INFO - task : ['VEHICLE', 'PEDESTRIAN', 'CYCLIST'], loss: 1.1473, hm_loss: 0.4066, dep_loss: 0.7407, num_positive: 105.4000

2022-04-22 05:12:09,088 - INFO - Epoch [1/6][50/8783]	lr: 0.00005, eta: 2 days, 8:58:12, time: 3.675, data_time: 0.071, transfer_time: 0.077, forward_time: 0.816, loss_parse_time: 0.000 memory: 26226, 
2022-04-22 05:12:09,088 - INFO - task : ['VEHICLE', 'PEDESTRIAN', 'CYCLIST'], loss: 1.1325, hm_loss: 0.4125, dep_loss: 0.7200, num_positive: 182.6000

2022-04-22 05:12:27,499 - INFO - Epoch [1/6][55/8783]	lr: 0.00005, eta: 2 days, 8:40:54, time: 3.683, data_time: 0.069, transfer_time: 0.082, forward_time: 0.816, loss_parse_time: 0.000 memory: 26226, 
2022-04-22 05:12:27,500 - INFO - task : ['VEHICLE', 'PEDESTRIAN', 'CYCLIST'], loss: 1.1576, hm_loss: 0.4125, dep_loss: 0.7451, num_positive: 142.6000

2022-04-22 05:12:45,925 - INFO - Epoch [1/6][60/8783]	lr: 0.00005, eta: 2 days, 8:26:33, time: 3.684, data_time: 0.074, transfer_time: 0.080, forward_time: 0.815, loss_parse_time: 0.000 memory: 26226, 
2022-04-22 05:12:45,925 - INFO - task : ['VEHICLE', 'PEDESTRIAN', 'CYCLIST'], loss: 1.0091, hm_loss: 0.3417, dep_loss: 0.6674, num_positive: 162.6000

