2022-06-21 18:12:16,597 - INFO - Start running, host: root@540167a4385b, work_dir: /code/CenterPoint/work_dirs/waymo_centerpoint_voxelnet_two_stage_bev_5point_ft_6epoch_freeze_yiyang
2022-06-21 18:12:16,598 - INFO - workflow: [('train', 1)], max: 6 epochs
2022-06-21 18:12:27,068 - INFO - Epoch [1/6][5/8783]	lr: 0.00030, eta: 1 day, 6:36:09, time: 2.091, data_time: 1.524, transfer_time: 0.050, forward_time: 0.383, loss_parse_time: 0.000 memory: 4690, 
2022-06-21 18:12:27,069 - INFO - task : ['VEHICLE', 'PEDESTRIAN', 'CYCLIST'], loss: 3.1366, hm_loss: 0.0000, loc_loss: 0.6948, loc_loss_elem: ['0.1404', '0.0918', '0.0917', '0.0669', '0.0905', '0.0767', '0.0720', '0.0649'], num_positive: 23.0000, roi_reg_loss: 1.1482, roi_cls_loss: 0.5988

2022-06-21 18:12:31,935 - INFO - Epoch [1/6][10/8783]	lr: 0.00030, eta: 22:25:24, time: 0.973, data_time: 0.395, transfer_time: 0.058, forward_time: 0.388, loss_parse_time: 0.000 memory: 4716, 
2022-06-21 18:12:31,936 - INFO - task : ['VEHICLE', 'PEDESTRIAN', 'CYCLIST'], loss: 3.0700, hm_loss: 0.0000, loc_loss: 0.8209, loc_loss_elem: ['0.1219', '0.0906', '0.0755', '0.0789', '0.0953', '0.0628', '0.1749', '0.1211'], num_positive: 52.4000, roi_reg_loss: 0.9663, roi_cls_loss: 0.4619

2022-06-21 18:12:35,616 - INFO - Epoch [1/6][15/8783]	lr: 0.00030, eta: 18:33:07, time: 0.739, data_time: 0.205, transfer_time: 0.067, forward_time: 0.331, loss_parse_time: 0.000 memory: 4716, 
2022-06-21 18:12:35,616 - INFO - task : ['VEHICLE', 'PEDESTRIAN', 'CYCLIST'], loss: 2.8053, hm_loss: 0.0000, loc_loss: 0.7529, loc_loss_elem: ['0.1015', '0.1013', '0.0862', '0.0823', '0.0861', '0.0705', '0.1097', '0.1153'], num_positive: 35.0000, roi_reg_loss: 0.9283, roi_cls_loss: 0.3712

2022-06-21 18:12:41,265 - INFO - Epoch [1/6][20/8783]	lr: 0.00030, eta: 18:02:20, time: 1.128, data_time: 0.335, transfer_time: 0.053, forward_time: 0.608, loss_parse_time: 0.000 memory: 4716, 
2022-06-21 18:12:41,265 - INFO - task : ['VEHICLE', 'PEDESTRIAN', 'CYCLIST'], loss: 3.0577, hm_loss: 0.0000, loc_loss: 0.8665, loc_loss_elem: ['0.1120', '0.0890', '0.0852', '0.0919', '0.0855', '0.0677', '0.1958', '0.1394'], num_positive: 53.0000, roi_reg_loss: 0.9912, roi_cls_loss: 0.3336

2022-06-21 18:12:46,044 - INFO - Epoch [1/6][25/8783]	lr: 0.00030, eta: 17:13:32, time: 0.955, data_time: 0.064, transfer_time: 0.057, forward_time: 0.702, loss_parse_time: 0.000 memory: 4716, 
2022-06-21 18:12:46,044 - INFO - task : ['VEHICLE', 'PEDESTRIAN', 'CYCLIST'], loss: 2.2624, hm_loss: 0.0000, loc_loss: 0.5352, loc_loss_elem: ['0.1218', '0.0781', '0.0715', '0.0568', '0.0562', '0.0596', '0.0356', '0.0554'], num_positive: 24.0000, roi_reg_loss: 0.9647, roi_cls_loss: 0.2273

2022-06-21 18:12:49,726 - INFO - Epoch [1/6][30/8783]	lr: 0.00030, eta: 16:08:55, time: 0.736, data_time: 0.061, transfer_time: 0.062, forward_time: 0.483, loss_parse_time: 0.000 memory: 4716, 
2022-06-21 18:12:49,726 - INFO - task : ['VEHICLE', 'PEDESTRIAN', 'CYCLIST'], loss: 2.8974, hm_loss: 0.0000, loc_loss: 0.8273, loc_loss_elem: ['0.1176', '0.0918', '0.0948', '0.0709', '0.0926', '0.0724', '0.1564', '0.1307'], num_positive: 42.2000, roi_reg_loss: 1.0140, roi_cls_loss: 0.2288

2022-06-21 18:12:54,482 - INFO - Epoch [1/6][35/8783]	lr: 0.00030, eta: 15:49:41, time: 0.951, data_time: 0.066, transfer_time: 0.053, forward_time: 0.700, loss_parse_time: 0.000 memory: 4716, 
2022-06-21 18:12:54,482 - INFO - task : ['VEHICLE', 'PEDESTRIAN', 'CYCLIST'], loss: 2.8459, hm_loss: 0.0000, loc_loss: 0.7521, loc_loss_elem: ['0.1412', '0.0966', '0.0818', '0.0820', '0.0998', '0.0625', '0.0962', '0.0920'], num_positive: 33.2000, roi_reg_loss: 1.1299, roi_cls_loss: 0.2117

2022-06-21 18:12:59,117 - INFO - Epoch [1/6][40/8783]	lr: 0.00030, eta: 15:32:49, time: 0.929, data_time: 0.063, transfer_time: 0.059, forward_time: 0.671, loss_parse_time: 0.000 memory: 4735, 
2022-06-21 18:12:59,117 - INFO - task : ['VEHICLE', 'PEDESTRIAN', 'CYCLIST'], loss: 2.7068, hm_loss: 0.0000, loc_loss: 0.8094, loc_loss_elem: ['0.1263', '0.0959', '0.0856', '0.0699', '0.0909', '0.0765', '0.1376', '0.1267'], num_positive: 37.6000, roi_reg_loss: 0.9237, roi_cls_loss: 0.1642

2022-06-21 18:13:02,723 - INFO - Epoch [1/6][45/8783]	lr: 0.00030, eta: 14:59:16, time: 0.720, data_time: 0.064, transfer_time: 0.060, forward_time: 0.464, loss_parse_time: 0.000 memory: 4735, 
2022-06-21 18:13:02,724 - INFO - task : ['VEHICLE', 'PEDESTRIAN', 'CYCLIST'], loss: 2.6311, hm_loss: 0.0000, loc_loss: 0.7439, loc_loss_elem: ['0.1238', '0.0830', '0.0812', '0.0745', '0.0740', '0.0742', '0.1015', '0.1315'], num_positive: 45.2000, roi_reg_loss: 0.9640, roi_cls_loss: 0.1794

2022-06-21 18:13:07,434 - INFO - Epoch [1/6][50/8783]	lr: 0.00030, eta: 14:51:50, time: 0.941, data_time: 0.072, transfer_time: 0.056, forward_time: 0.677, loss_parse_time: 0.000 memory: 4735, 
2022-06-21 18:13:07,434 - INFO - task : ['VEHICLE', 'PEDESTRIAN', 'CYCLIST'], loss: 2.8674, hm_loss: 0.0000, loc_loss: 0.8749, loc_loss_elem: ['0.1228', '0.0990', '0.0965', '0.0750', '0.1056', '0.0704', '0.1766', '0.1289'], num_positive: 41.6000, roi_reg_loss: 0.9595, roi_cls_loss: 0.1582

2022-06-21 18:13:12,020 - INFO - Epoch [1/6][55/8783]	lr: 0.00030, eta: 14:44:04, time: 0.920, data_time: 0.063, transfer_time: 0.057, forward_time: 0.667, loss_parse_time: 0.000 memory: 4735, 
2022-06-21 18:13:12,020 - INFO - task : ['VEHICLE', 'PEDESTRIAN', 'CYCLIST'], loss: 2.7862, hm_loss: 0.0000, loc_loss: 0.8171, loc_loss_elem: ['0.1414', '0.1011', '0.0825', '0.0815', '0.0830', '0.0699', '0.1274', '0.1302'], num_positive: 48.4000, roi_reg_loss: 0.9676, roi_cls_loss: 0.1844

2022-06-21 18:13:15,476 - INFO - Epoch [1/6][60/8783]	lr: 0.00030, eta: 14:20:50, time: 0.691, data_time: 0.063, transfer_time: 0.056, forward_time: 0.440, loss_parse_time: 0.000 memory: 4735, 
2022-06-21 18:13:15,476 - INFO - task : ['VEHICLE', 'PEDESTRIAN', 'CYCLIST'], loss: 2.5341, hm_loss: 0.0000, loc_loss: 0.7327, loc_loss_elem: ['0.1138', '0.0868', '0.0689', '0.0715', '0.0831', '0.0631', '0.1517', '0.0938'], num_positive: 41.4000, roi_reg_loss: 0.9231, roi_cls_loss: 0.1456

2022-06-21 18:13:20,070 - INFO - Epoch [1/6][65/8783]	lr: 0.00030, eta: 14:16:33, time: 0.919, data_time: 0.113, transfer_time: 0.056, forward_time: 0.606, loss_parse_time: 0.000 memory: 4735, 
2022-06-21 18:13:20,071 - INFO - task : ['VEHICLE', 'PEDESTRIAN', 'CYCLIST'], loss: 2.6127, hm_loss: 0.0000, loc_loss: 0.7202, loc_loss_elem: ['0.1202', '0.0940', '0.0835', '0.0687', '0.0845', '0.0678', '0.1102', '0.0914'], num_positive: 45.2000, roi_reg_loss: 1.0280, roi_cls_loss: 0.1442

2022-06-21 18:13:24,972 - INFO - Epoch [1/6][70/8783]	lr: 0.00030, eta: 14:16:43, time: 0.980, data_time: 0.133, transfer_time: 0.055, forward_time: 0.658, loss_parse_time: 0.000 memory: 4735, 
2022-06-21 18:13:24,972 - INFO - task : ['VEHICLE', 'PEDESTRIAN', 'CYCLIST'], loss: 2.5161, hm_loss: 0.0000, loc_loss: 0.6979, loc_loss_elem: ['0.1245', '0.0824', '0.0836', '0.0623', '0.0827', '0.0673', '0.1234', '0.0718'], num_positive: 34.4000, roi_reg_loss: 0.9916, roi_cls_loss: 0.1286

2022-06-21 18:13:28,663 - INFO - Epoch [1/6][75/8783]	lr: 0.00030, eta: 14:02:41, time: 0.738, data_time: 0.098, transfer_time: 0.066, forward_time: 0.441, loss_parse_time: 0.000 memory: 4735, 
2022-06-21 18:13:28,664 - INFO - task : ['VEHICLE', 'PEDESTRIAN', 'CYCLIST'], loss: 2.5157, hm_loss: 0.0000, loc_loss: 0.7098, loc_loss_elem: ['0.1217', '0.0990', '0.1029', '0.0724', '0.0679', '0.0742', '0.0906', '0.0811'], num_positive: 41.2000, roi_reg_loss: 0.9651, roi_cls_loss: 0.1309

2022-06-21 18:13:33,538 - INFO - Epoch [1/6][80/8783]	lr: 0.00030, eta: 14:03:15, time: 0.973, data_time: 0.085, transfer_time: 0.060, forward_time: 0.700, loss_parse_time: 0.000 memory: 4735, 
2022-06-21 18:13:33,538 - INFO - task : ['VEHICLE', 'PEDESTRIAN', 'CYCLIST'], loss: 2.3068, hm_loss: 0.0000, loc_loss: 0.6326, loc_loss_elem: ['0.1179', '0.0923', '0.0929', '0.0638', '0.0767', '0.0699', '0.0597', '0.0594'], num_positive: 27.4000, roi_reg_loss: 0.9451, roi_cls_loss: 0.0964

2022-06-21 18:13:38,614 - INFO - Epoch [1/6][85/8783]	lr: 0.00030, eta: 14:06:03, time: 1.017, data_time: 0.139, transfer_time: 0.062, forward_time: 0.683, loss_parse_time: 0.000 memory: 4735, 
2022-06-21 18:13:38,614 - INFO - task : ['VEHICLE', 'PEDESTRIAN', 'CYCLIST'], loss: 2.5534, hm_loss: 0.0000, loc_loss: 0.7506, loc_loss_elem: ['0.1328', '0.0840', '0.0811', '0.0664', '0.0804', '0.0675', '0.1300', '0.1085'], num_positive: 35.6000, roi_reg_loss: 0.9486, roi_cls_loss: 0.1036

2022-06-21 18:13:52,045 - INFO - Epoch [1/6][90/8783]	lr: 0.00030, eta: 15:29:50, time: 2.686, data_time: 2.099, transfer_time: 0.047, forward_time: 0.421, loss_parse_time: 0.000 memory: 4735, 
2022-06-21 18:13:52,046 - INFO - task : ['VEHICLE', 'PEDESTRIAN', 'CYCLIST'], loss: 2.3400, hm_loss: 0.0000, loc_loss: 0.6427, loc_loss_elem: ['0.1082', '0.0972', '0.0821', '0.0640', '0.0648', '0.0726', '0.0785', '0.0752'], num_positive: 34.2000, roi_reg_loss: 0.9501, roi_cls_loss: 0.1046

2022-06-21 18:14:49,906 - INFO - Epoch [1/6][95/8783]	lr: 0.00030, eta: 23:34:47, time: 11.572, data_time: 10.469, transfer_time: 0.046, forward_time: 0.936, loss_parse_time: 0.000 memory: 4735, 
2022-06-21 18:14:49,906 - INFO - task : ['VEHICLE', 'PEDESTRIAN', 'CYCLIST'], loss: 2.4411, hm_loss: 0.0000, loc_loss: 0.7262, loc_loss_elem: ['0.1145', '0.0935', '0.0749', '0.0832', '0.0719', '0.0714', '0.1316', '0.0851'], num_positive: 42.0000, roi_reg_loss: 0.8750, roi_cls_loss: 0.1138

2022-06-21 18:15:34,251 - INFO - Epoch [1/6][100/8783]	lr: 0.00030, eta: 1 day, 4:52:34, time: 8.867, data_time: 8.235, transfer_time: 0.043, forward_time: 0.467, loss_parse_time: 0.000 memory: 4735, 
2022-06-21 18:15:34,251 - INFO - task : ['VEHICLE', 'PEDESTRIAN', 'CYCLIST'], loss: 2.8273, hm_loss: 0.0000, loc_loss: 0.8036, loc_loss_elem: ['0.1268', '0.0875', '0.0866', '0.0751', '0.0837', '0.0767', '0.1601', '0.1070'], num_positive: 32.2000, roi_reg_loss: 1.1133, roi_cls_loss: 0.1068

2022-06-21 18:16:07,077 - INFO - Epoch [1/6][105/8783]	lr: 0.00030, eta: 1 day, 8:03:56, time: 6.565, data_time: 5.489, transfer_time: 0.039, forward_time: 0.919, loss_parse_time: 0.000 memory: 4735, 
2022-06-21 18:16:07,077 - INFO - task : ['VEHICLE', 'PEDESTRIAN', 'CYCLIST'], loss: 2.7233, hm_loss: 0.0000, loc_loss: 0.8018, loc_loss_elem: ['0.1283', '0.1083', '0.1016', '0.0720', '0.0759', '0.0747', '0.1370', '0.1039'], num_positive: 44.0000, roi_reg_loss: 0.9864, roi_cls_loss: 0.1332

2022-06-21 18:16:59,417 - INFO - Epoch [1/6][110/8783]	lr: 0.00030, eta: 1 day, 13:33:26, time: 10.470, data_time: 7.874, transfer_time: 0.038, forward_time: 2.433, loss_parse_time: 0.000 memory: 4735, 
2022-06-21 18:16:59,417 - INFO - task : ['VEHICLE', 'PEDESTRIAN', 'CYCLIST'], loss: 2.2212, hm_loss: 0.0000, loc_loss: 0.5923, loc_loss_elem: ['0.1096', '0.0915', '0.0709', '0.0624', '0.0693', '0.0683', '0.0593', '0.0610'], num_positive: 28.4000, roi_reg_loss: 0.9630, roi_cls_loss: 0.0735

2022-06-21 18:17:39,268 - INFO - Epoch [1/6][115/8783]	lr: 0.00030, eta: 1 day, 16:58:56, time: 7.970, data_time: 6.552, transfer_time: 0.039, forward_time: 1.256, loss_parse_time: 0.000 memory: 4735, 
2022-06-21 18:17:39,268 - INFO - task : ['VEHICLE', 'PEDESTRIAN', 'CYCLIST'], loss: 2.3840, hm_loss: 0.0000, loc_loss: 0.6726, loc_loss_elem: ['0.1260', '0.0795', '0.0775', '0.0676', '0.0722', '0.0814', '0.0747', '0.0937'], num_positive: 34.0000, roi_reg_loss: 0.9422, roi_cls_loss: 0.0966

2022-06-21 18:18:33,994 - INFO - Epoch [1/6][120/8783]	lr: 0.00030, eta: 1 day, 21:55:50, time: 10.944, data_time: 10.334, transfer_time: 0.043, forward_time: 0.444, loss_parse_time: 0.000 memory: 4735, 
2022-06-21 18:18:33,994 - INFO - task : ['VEHICLE', 'PEDESTRIAN', 'CYCLIST'], loss: 2.3294, hm_loss: 0.0000, loc_loss: 0.6435, loc_loss_elem: ['0.1058', '0.0737', '0.0928', '0.0654', '0.0628', '0.0700', '0.1132', '0.0597'], num_positive: 30.8000, roi_reg_loss: 0.9636, roi_cls_loss: 0.0790

2022-06-21 18:19:27,885 - INFO - Epoch [1/6][125/8783]	lr: 0.00030, eta: 2 days, 2:23:08, time: 10.779, data_time: 10.249, transfer_time: 0.052, forward_time: 0.355, loss_parse_time: 0.000 memory: 4735, 
2022-06-21 18:19:27,885 - INFO - task : ['VEHICLE', 'PEDESTRIAN', 'CYCLIST'], loss: 2.2670, hm_loss: 0.0000, loc_loss: 0.6862, loc_loss_elem: ['0.1106', '0.0990', '0.0750', '0.0642', '0.0639', '0.0572', '0.1296', '0.0867'], num_positive: 27.6000, roi_reg_loss: 0.8180, roi_cls_loss: 0.0765

2022-06-21 18:20:07,884 - INFO - Epoch [1/6][130/8783]	lr: 0.00030, eta: 2 days, 4:56:12, time: 8.001, data_time: 4.792, transfer_time: 0.042, forward_time: 3.041, loss_parse_time: 0.000 memory: 4735, 
2022-06-21 18:20:07,884 - INFO - task : ['VEHICLE', 'PEDESTRIAN', 'CYCLIST'], loss: 2.2746, hm_loss: 0.0000, loc_loss: 0.6447, loc_loss_elem: ['0.1184', '0.0769', '0.0797', '0.0598', '0.0678', '0.0675', '0.1006', '0.0739'], num_positive: 36.6000, roi_reg_loss: 0.8952, roi_cls_loss: 0.0900

