2022-06-21 18:03:24,958 - INFO - Start running, host: root@540167a4385b, work_dir: /code/CenterPoint/work_dirs/waymo_centerpoint_voxelnet_two_stage_bev_5point_ft_6epoch_freeze_yiyang
2022-06-21 18:03:24,958 - INFO - workflow: [('train', 1)], max: 6 epochs
2022-06-21 18:03:35,510 - INFO - Epoch [1/6][5/8783]	lr: 0.00030, eta: 1 day, 6:52:37, time: 2.110, data_time: 1.622, transfer_time: 0.044, forward_time: 0.307, loss_parse_time: 0.000 memory: 4690, 
2022-06-21 18:03:35,510 - INFO - task : ['VEHICLE', 'PEDESTRIAN', 'CYCLIST'], loss: 3.1366, hm_loss: 0.0000, loc_loss: 0.6948, loc_loss_elem: ['0.1404', '0.0918', '0.0917', '0.0669', '0.0905', '0.0767', '0.0720', '0.0649'], num_positive: 23.0000, roi_reg_loss: 1.1482, roi_cls_loss: 0.5988

2022-06-21 18:03:43,856 - INFO - Epoch [1/6][10/8783]	lr: 0.00030, eta: 1 day, 3:39:15, time: 1.670, data_time: 1.166, transfer_time: 0.052, forward_time: 0.324, loss_parse_time: 0.000 memory: 4716, 
2022-06-21 18:03:43,856 - INFO - task : ['VEHICLE', 'PEDESTRIAN', 'CYCLIST'], loss: 3.0700, hm_loss: 0.0000, loc_loss: 0.8209, loc_loss_elem: ['0.1219', '0.0906', '0.0755', '0.0789', '0.0953', '0.0628', '0.1749', '0.1211'], num_positive: 52.4000, roi_reg_loss: 0.9663, roi_cls_loss: 0.4619

2022-06-21 18:03:47,824 - INFO - Epoch [1/6][15/8783]	lr: 0.00030, eta: 22:17:39, time: 0.791, data_time: 0.174, transfer_time: 0.056, forward_time: 0.435, loss_parse_time: 0.000 memory: 4716, 
2022-06-21 18:03:47,824 - INFO - task : ['VEHICLE', 'PEDESTRIAN', 'CYCLIST'], loss: 2.8053, hm_loss: 0.0000, loc_loss: 0.7529, loc_loss_elem: ['0.1015', '0.1013', '0.0862', '0.0823', '0.0861', '0.0705', '0.1097', '0.1153'], num_positive: 35.0000, roi_reg_loss: 0.9283, roi_cls_loss: 0.3711

2022-06-21 18:04:21,407 - INFO - Epoch [1/6][20/8783]	lr: 0.00030, eta: 1 day, 17:17:27, time: 6.717, data_time: 1.931, transfer_time: 0.040, forward_time: 4.625, loss_parse_time: 0.000 memory: 4716, 
2022-06-21 18:04:21,407 - INFO - task : ['VEHICLE', 'PEDESTRIAN', 'CYCLIST'], loss: 3.0579, hm_loss: 0.0000, loc_loss: 0.8665, loc_loss_elem: ['0.1120', '0.0890', '0.0852', '0.0919', '0.0855', '0.0677', '0.1958', '0.1394'], num_positive: 53.0000, roi_reg_loss: 0.9913, roi_cls_loss: 0.3337

2022-06-21 18:04:47,704 - INFO - Epoch [1/6][25/8783]	lr: 0.00030, eta: 2 days, 0:25:10, time: 5.259, data_time: 2.005, transfer_time: 0.039, forward_time: 3.096, loss_parse_time: 0.000 memory: 4716, 
2022-06-21 18:04:47,705 - INFO - task : ['VEHICLE', 'PEDESTRIAN', 'CYCLIST'], loss: 2.2626, hm_loss: 0.0000, loc_loss: 0.5352, loc_loss_elem: ['0.1218', '0.0781', '0.0715', '0.0568', '0.0562', '0.0596', '0.0356', '0.0554'], num_positive: 24.0000, roi_reg_loss: 0.9649, roi_cls_loss: 0.2273

2022-06-21 18:05:18,171 - INFO - Epoch [1/6][30/8783]	lr: 0.00030, eta: 2 days, 7:12:32, time: 6.096, data_time: 1.122, transfer_time: 0.040, forward_time: 4.809, loss_parse_time: 0.000 memory: 4716, 
2022-06-21 18:05:18,171 - INFO - task : ['VEHICLE', 'PEDESTRIAN', 'CYCLIST'], loss: 2.8972, hm_loss: 0.0000, loc_loss: 0.8273, loc_loss_elem: ['0.1176', '0.0918', '0.0948', '0.0709', '0.0926', '0.0724', '0.1564', '0.1307'], num_positive: 42.2000, roi_reg_loss: 1.0138, roi_cls_loss: 0.2289

2022-06-21 18:05:57,404 - INFO - Epoch [1/6][35/8783]	lr: 0.00030, eta: 2 days, 15:42:53, time: 7.846, data_time: 4.099, transfer_time: 0.040, forward_time: 3.587, loss_parse_time: 0.000 memory: 4716, 
2022-06-21 18:05:57,404 - INFO - task : ['VEHICLE', 'PEDESTRIAN', 'CYCLIST'], loss: 2.8440, hm_loss: 0.0000, loc_loss: 0.7521, loc_loss_elem: ['0.1412', '0.0966', '0.0818', '0.0820', '0.0998', '0.0625', '0.0962', '0.0920'], num_positive: 33.2000, roi_reg_loss: 1.1280, roi_cls_loss: 0.2117

2022-06-21 18:06:18,622 - INFO - Epoch [1/6][40/8783]	lr: 0.00030, eta: 2 days, 15:30:12, time: 4.243, data_time: 2.259, transfer_time: 0.040, forward_time: 1.819, loss_parse_time: 0.000 memory: 4735, 
2022-06-21 18:06:18,622 - INFO - task : ['VEHICLE', 'PEDESTRIAN', 'CYCLIST'], loss: 2.7076, hm_loss: 0.0000, loc_loss: 0.8094, loc_loss_elem: ['0.1263', '0.0959', '0.0856', '0.0699', '0.0909', '0.0765', '0.1376', '0.1267'], num_positive: 37.6000, roi_reg_loss: 0.9245, roi_cls_loss: 0.1643

2022-06-21 18:06:54,173 - INFO - Epoch [1/6][45/8783]	lr: 0.00030, eta: 2 days, 19:59:39, time: 7.109, data_time: 3.836, transfer_time: 0.038, forward_time: 3.117, loss_parse_time: 0.000 memory: 4735, 
2022-06-21 18:06:54,173 - INFO - task : ['VEHICLE', 'PEDESTRIAN', 'CYCLIST'], loss: 2.6314, hm_loss: 0.0000, loc_loss: 0.7439, loc_loss_elem: ['0.1238', '0.0830', '0.0812', '0.0745', '0.0740', '0.0742', '0.1015', '0.1315'], num_positive: 45.2000, roi_reg_loss: 0.9649, roi_cls_loss: 0.1788

2022-06-21 18:07:42,831 - INFO - Epoch [1/6][50/8783]	lr: 0.00030, eta: 3 days, 3:25:14, time: 9.732, data_time: 6.756, transfer_time: 0.037, forward_time: 2.817, loss_parse_time: 0.000 memory: 4735, 
2022-06-21 18:07:42,831 - INFO - task : ['VEHICLE', 'PEDESTRIAN', 'CYCLIST'], loss: 2.8672, hm_loss: 0.0000, loc_loss: 0.8749, loc_loss_elem: ['0.1228', '0.0990', '0.0965', '0.0750', '0.1056', '0.0704', '0.1766', '0.1289'], num_positive: 41.6000, roi_reg_loss: 0.9592, roi_cls_loss: 0.1584

2022-06-21 18:08:06,778 - INFO - Epoch [1/6][55/8783]	lr: 0.00030, eta: 3 days, 2:55:35, time: 4.791, data_time: 3.650, transfer_time: 0.038, forward_time: 0.983, loss_parse_time: 0.000 memory: 4735, 
2022-06-21 18:08:06,778 - INFO - task : ['VEHICLE', 'PEDESTRIAN', 'CYCLIST'], loss: 2.7858, hm_loss: 0.0000, loc_loss: 0.8171, loc_loss_elem: ['0.1414', '0.1011', '0.0825', '0.0815', '0.0830', '0.0699', '0.1274', '0.1302'], num_positive: 48.4000, roi_reg_loss: 0.9670, roi_cls_loss: 0.1846

2022-06-21 18:08:48,405 - INFO - Epoch [1/6][60/8783]	lr: 0.00030, eta: 3 days, 6:49:15, time: 8.326, data_time: 5.270, transfer_time: 0.039, forward_time: 2.890, loss_parse_time: 0.000 memory: 4735, 
2022-06-21 18:08:48,405 - INFO - task : ['VEHICLE', 'PEDESTRIAN', 'CYCLIST'], loss: 2.5366, hm_loss: 0.0000, loc_loss: 0.7327, loc_loss_elem: ['0.1138', '0.0868', '0.0689', '0.0715', '0.0831', '0.0631', '0.1517', '0.0938'], num_positive: 41.4000, roi_reg_loss: 0.9251, roi_cls_loss: 0.1462

2022-06-21 18:09:25,106 - INFO - Epoch [1/6][65/8783]	lr: 0.00030, eta: 3 days, 9:00:14, time: 7.339, data_time: 2.536, transfer_time: 0.038, forward_time: 4.641, loss_parse_time: 0.000 memory: 4735, 
2022-06-21 18:09:25,106 - INFO - task : ['VEHICLE', 'PEDESTRIAN', 'CYCLIST'], loss: 2.6144, hm_loss: 0.0000, loc_loss: 0.7202, loc_loss_elem: ['0.1202', '0.0940', '0.0835', '0.0687', '0.0845', '0.0678', '0.1102', '0.0914'], num_positive: 45.2000, roi_reg_loss: 1.0294, roi_cls_loss: 0.1445

2022-06-21 18:09:44,511 - INFO - Epoch [1/6][70/8783]	lr: 0.00030, eta: 3 days, 7:15:56, time: 3.883, data_time: 2.395, transfer_time: 0.040, forward_time: 1.324, loss_parse_time: 0.000 memory: 4735, 
2022-06-21 18:09:44,512 - INFO - task : ['VEHICLE', 'PEDESTRIAN', 'CYCLIST'], loss: 2.5179, hm_loss: 0.0000, loc_loss: 0.6979, loc_loss_elem: ['0.1245', '0.0824', '0.0836', '0.0623', '0.0827', '0.0673', '0.1234', '0.0718'], num_positive: 34.4000, roi_reg_loss: 0.9930, roi_cls_loss: 0.1291

2022-06-21 18:10:06,079 - INFO - Epoch [1/6][75/8783]	lr: 0.00030, eta: 3 days, 6:10:40, time: 4.314, data_time: 2.593, transfer_time: 0.037, forward_time: 1.557, loss_parse_time: 0.000 memory: 4735, 
2022-06-21 18:10:06,080 - INFO - task : ['VEHICLE', 'PEDESTRIAN', 'CYCLIST'], loss: 2.5152, hm_loss: 0.0000, loc_loss: 0.7098, loc_loss_elem: ['0.1217', '0.0990', '0.1029', '0.0724', '0.0679', '0.0742', '0.0906', '0.0811'], num_positive: 41.2000, roi_reg_loss: 0.9642, roi_cls_loss: 0.1313

2022-06-21 18:10:31,386 - INFO - Epoch [1/6][80/8783]	lr: 0.00030, eta: 3 days, 5:54:26, time: 5.060, data_time: 4.627, transfer_time: 0.035, forward_time: 0.279, loss_parse_time: 0.000 memory: 4735, 
2022-06-21 18:10:31,386 - INFO - task : ['VEHICLE', 'PEDESTRIAN', 'CYCLIST'], loss: 2.3090, hm_loss: 0.0000, loc_loss: 0.6326, loc_loss_elem: ['0.1179', '0.0923', '0.0929', '0.0638', '0.0767', '0.0699', '0.0597', '0.0594'], num_positive: 27.4000, roi_reg_loss: 0.9471, roi_cls_loss: 0.0966

2022-06-21 18:11:14,091 - INFO - Epoch [1/6][85/8783]	lr: 0.00030, eta: 3 days, 8:39:40, time: 8.542, data_time: 8.160, transfer_time: 0.040, forward_time: 0.216, loss_parse_time: 0.000 memory: 4735, 
2022-06-21 18:11:14,091 - INFO - task : ['VEHICLE', 'PEDESTRIAN', 'CYCLIST'], loss: 2.5558, hm_loss: 0.0000, loc_loss: 0.7506, loc_loss_elem: ['0.1328', '0.0840', '0.0811', '0.0664', '0.0804', '0.0675', '0.1300', '0.1085'], num_positive: 35.6000, roi_reg_loss: 0.9505, roi_cls_loss: 0.1039

